
Fri Oct 18 2024 00:53:32:623 GMT+0530 (India Standard Time) -- [SUCCESS] You can now access your local server(s) in our remote browser

Fri Oct 18 2024 00:53:32:777 GMT+0530 (India Standard Time) -- Press Ctrl-C to exit


Fri Oct 18 2024 00:53:34:271 GMT+0530 (India Standard Time) -- Starting configuration console on http://localhost:45454

Fri Oct 18 2024 01:06:06:285 GMT+0530 (India Standard Time) -- [SUCCESS] You can now access your local server(s) in our remote browser

Fri Oct 18 2024 01:06:06:455 GMT+0530 (India Standard Time) -- Press Ctrl-C to exit


Fri Oct 18 2024 01:06:07:978 GMT+0530 (India Standard Time) -- Starting configuration console on http://localhost:45454

Fri Oct 18 2024 01:10:40:114 GMT+0530 (India Standard Time) -- [SUCCESS] You can now access your local server(s) in our remote browser

Fri Oct 18 2024 01:10:40:276 GMT+0530 (India Standard Time) -- Press Ctrl-C to exit


Fri Oct 18 2024 01:10:41:684 GMT+0530 (India Standard Time) -- Starting configuration console on http://localhost:45454

Fri Oct 25 2024 12:46:05:914 GMT+0530 (India Standard Time) -- [SUCCESS] You can now access your local server(s) in our remote browser

Fri Oct 25 2024 12:46:06:128 GMT+0530 (India Standard Time) -- Press Ctrl-C to exit


Fri Oct 25 2024 12:46:07:626 GMT+0530 (India Standard Time) -- Starting configuration console on http://localhost:45454

Fri Oct 25 2024 13:33:21:95 GMT+0530 (India Standard Time) -- [SUCCESS] You can now access your local server(s) in our remote browser

Fri Oct 25 2024 13:33:21:277 GMT+0530 (India Standard Time) -- Press Ctrl-C to exit


Fri Oct 25 2024 13:33:22:817 GMT+0530 (India Standard Time) -- Starting configuration console on http://localhost:45454

Fri Oct 25 2024 13:36:25:963 GMT+0530 (India Standard Time) -- [SUCCESS] You can now access your local server(s) in our remote browser

Fri Oct 25 2024 13:36:26:127 GMT+0530 (India Standard Time) -- Press Ctrl-C to exit


Fri Oct 25 2024 13:36:27:714 GMT+0530 (India Standard Time) -- Starting configuration console on http://localhost:45454

Fri Oct 25 2024 13:54:56:994 GMT+0530 (India Standard Time) -- [SUCCESS] You can now access your local server(s) in our remote browser

Fri Oct 25 2024 13:54:57:250 GMT+0530 (India Standard Time) -- Press Ctrl-C to exit


Fri Oct 25 2024 13:54:58:681 GMT+0530 (India Standard Time) -- Starting configuration console on http://localhost:45454

Fri Oct 25 2024 14:01:39:941 GMT+0530 (India Standard Time) -- [SUCCESS] You can now access your local server(s) in our remote browser

Fri Oct 25 2024 14:01:40:419 GMT+0530 (India Standard Time) -- Press Ctrl-C to exit


Fri Oct 25 2024 14:01:41:655 GMT+0530 (India Standard Time) -- Starting configuration console on http://localhost:45454

Fri Oct 25 2024 14:07:07:366 GMT+0530 (India Standard Time) -- [SUCCESS] You can now access your local server(s) in our remote browser

Fri Oct 25 2024 14:07:07:588 GMT+0530 (India Standard Time) -- Press Ctrl-C to exit


Fri Oct 25 2024 14:07:09:40 GMT+0530 (India Standard Time) -- Starting configuration console on http://localhost:45454

Fri Oct 25 2024 14:10:05:203 GMT+0530 (India Standard Time) -- [SUCCESS] You can now access your local server(s) in our remote browser

Fri Oct 25 2024 14:10:05:493 GMT+0530 (India Standard Time) -- Press Ctrl-C to exit


Fri Oct 25 2024 14:10:06:901 GMT+0530 (India Standard Time) -- Starting configuration console on http://localhost:45454

Fri Oct 25 2024 14:14:58:859 GMT+0530 (India Standard Time) -- [SUCCESS] You can now access your local server(s) in our remote browser

Fri Oct 25 2024 14:14:59:78 GMT+0530 (India Standard Time) -- Press Ctrl-C to exit


Fri Oct 25 2024 14:15:00:501 GMT+0530 (India Standard Time) -- Starting configuration console on http://localhost:45454

Fri Oct 25 2024 14:24:47:16 GMT+0530 (India Standard Time) -- [SUCCESS] You can now access your local server(s) in our remote browser

Fri Oct 25 2024 14:24:47:206 GMT+0530 (India Standard Time) -- Press Ctrl-C to exit


Fri Oct 25 2024 14:24:48:707 GMT+0530 (India Standard Time) -- Starting configuration console on http://localhost:45454

Fri Oct 25 2024 14:26:39:567 GMT+0530 (India Standard Time) -- [SUCCESS] You can now access your local server(s) in our remote browser

Fri Oct 25 2024 14:26:39:794 GMT+0530 (India Standard Time) -- Press Ctrl-C to exit


Fri Oct 25 2024 14:26:41:248 GMT+0530 (India Standard Time) -- Starting configuration console on http://localhost:45454

Fri Oct 25 2024 14:33:59:656 GMT+0530 (India Standard Time) -- [SUCCESS] You can now access your local server(s) in our remote browser

Fri Oct 25 2024 14:33:59:857 GMT+0530 (India Standard Time) -- Press Ctrl-C to exit


Fri Oct 25 2024 14:34:01:354 GMT+0530 (India Standard Time) -- Starting configuration console on http://localhost:45454

Fri Oct 25 2024 17:05:07:589 GMT+0530 (India Standard Time) -- [SUCCESS] You can now access your local server(s) in our remote browser

Fri Oct 25 2024 17:05:07:888 GMT+0530 (India Standard Time) -- Press Ctrl-C to exit


Fri Oct 25 2024 17:05:09:208 GMT+0530 (India Standard Time) -- Starting configuration console on http://localhost:45454

Tue Oct 29 2024 14:05:01:465 GMT+0530 (India Standard Time) -- [SUCCESS] You can now access your local server(s) in our remote browser

Tue Oct 29 2024 14:05:02:808 GMT+0530 (India Standard Time) -- Starting configuration console on http://localhost:45454
Tue Oct 29 2024 14:05:03:856 GMT+0530 (India Standard Time) -- Press Ctrl-C to exit



Tue Oct 29 2024 18:30:26:233 GMT+0530 (India Standard Time) -- [SUCCESS] You can now access your local server(s) in our remote browser

Tue Oct 29 2024 18:30:27:571 GMT+0530 (India Standard Time) -- Starting configuration console on http://localhost:45454
Tue Oct 29 2024 18:30:28:545 GMT+0530 (India Standard Time) -- Press Ctrl-C to exit


