
13:39:54 [browserstack_sdk.__init__][INFO] - Project and debug logs are captured by default. To disable, set disableAutoCaptureLogs: true in config.

13:39:55 [browserstack_sdk.__init__][INFO] - Setting up for Browserstack, using framework: robot
==============================================================================
Userservices-Qa-Automation                                                    
==============================================================================
Userservices-Qa-Automation.Panda-Qa                                           
==============================================================================
Userservices-Qa-Automation.Panda-Qa.Tests                                     
==============================================================================
Userservices-Qa-Automation.Panda-Qa.Tests.FollowWidget                        
==============================================================================
Userservices-Qa-Automation.Panda-Qa.Tests.FollowWidget.Regression             
==============================================================================
Userservices-Qa-Automation.Panda-Qa.Tests.FollowWidget.Regression.WSJ Regre...
==============================================================================
Validate the multiple authors follow button from articles page :: ... 
13:39:57 [browserstack_sdk.__init__][INFO] - Completed setup!
| FAIL |
JavascriptException: Message: javascript error: Cannot read properties of null (reading 'shadowRoot')
  (Session info: chrome=132.0.6834.84)
Stacktrace:
	GetHandleVerifier [0x00007FF75D82FBE5+28741]
	(No symbol) [0x00007FF75D797890]
	(No symbol) [0x00007FF75D634FDA]
	(No symbol) [0x00007FF75D63BC22]
	(No symbol) [0x00007FF75D63ECD8]
	(No symbol) [0x00007FF75D6D1390]
	(No symbol) [0x00007FF75D6AFF0A]
	(No symbol) [0x00007FF75D6D00B4]
	(No symbol) [0x00007FF75D6AFCB3]
	(No symbol) [0x00007FF75D679FB3]
	(No symbol) [0x00007FF75D67B331]
	GetHandleVerifier [0x00007FF75DB6A73D+3414941]
	GetHandleVerifier [0x00007FF75DB7E64A+3496618]
	GetHandleVerifier [0x00007FF75DB7413D+3454365]
	GetHandleVerifier [0x00007FF75D8F848B+850155]
	(No symbol) [0x00007FF75D7A37FF]
	(No symbol) [0x00007FF75D79F0C4]
	(No symbol) [0x00007FF75D79F25D]
	(No symbol) [0x00007FF75D78E079]
	BaseThreadInitThunk [0x00007FF8CCD77034+20]
	RtlUserThreadStart [0x00007FF8CEBC2651+33]
------------------------------------------------------------------------------
Validate the WSJ Preference Center page Subscribe color :: This te... 
13:40:15 [browserstack_sdk.__init__][INFO] - Completed setup!

13:40:28 [browserstack_sdk.__init__][INFO] - Completed setup!

13:41:50 [browserstack_sdk.__init__][INFO] - Completed setup!
| FAIL |
WebDriverException: Message: Session not started or terminated
------------------------------------------------------------------------------
Validate the WSJ Follow Function :: This test case validates the W... 
13:43:22 [browserstack_sdk.__init__][INFO] - Completed setup!

13:44:28 [browserstack_sdk.__init__][INFO] - Completed setup!
| FAIL |
WebDriverException: Message: Session not started or terminated
------------------------------------------------------------------------------
Validate the WSJ Preference Center page :: This test case validate... 
13:45:30 [browserstack_sdk.__init__][INFO] - Completed setup!

13:46:21 [browserstack_sdk.__init__][INFO] - Completed setup!
| FAIL |
Element with locator '//*[@id="__next"]/div[1]/header/div/button' not found.
------------------------------------------------------------------------------
Validate the WSJ Preference Center page :: This test case validate... 
13:46:59 [browserstack_sdk.__init__][INFO] - Completed setup!

13:47:17 [browserstack_sdk.__init__][INFO] - Completed setup!
| FAIL |
WebDriverException: Message: Session not started or terminated
------------------------------------------------------------------------------
Validate Authors for WSJ Article page without byline :: This test ... 
13:47:45 [browserstack_sdk.__init__][INFO] - Completed setup!

13:48:48 [browserstack_sdk.__init__][INFO] - Completed setup!
| FAIL |
Element '//*[@id="__next"]/div/div[2]/div[2]/div/div/header[1]/div[1]/div/div[1]/a[2]' not visible after 5 seconds.
------------------------------------------------------------------------------
Validate the follow button for Letters breadcrumb from articles pa... 
13:49:54 [browserstack_sdk.__init__][INFO] - Completed setup!

13:50:18 [browserstack_sdk.__init__][INFO] - Completed setup!

13:50:27 [browserstack_sdk.__init__][INFO] - Completed setup!
| FAIL |
Element '//*[@id="__next"]/div/div[2]/div[2]/div/div/header[1]/div[1]/div/div[1]/a[2]' not visible after 5 seconds.
------------------------------------------------------------------------------
Validate the WSJ Preference Center page for Letters breadcrumb :: ... 
13:52:24 [browserstack_sdk.__init__][INFO] - Completed setup!
| FAIL |
WebDriverException: Message: Session not started or terminated
------------------------------------------------------------------------------
Validate the follow button for Editorials breadcrumb from articles... 
13:53:37 [browserstack_sdk.__init__][INFO] - Completed setup!

13:53:51 [browserstack_sdk.__init__][INFO] - Completed setup!

13:54:01 [browserstack_sdk.__init__][INFO] - Completed setup!
| FAIL |
Element '//*[@id="__next"]/div/div[2]/div[2]/div/div/header[1]/div[1]/div/div[1]/a[2]' not visible after 5 seconds.
------------------------------------------------------------------------------
Validate the follow button for Commentary breadcrumb from articles... 
13:54:27 [browserstack_sdk.__init__][INFO] - Completed setup!

13:54:48 [browserstack_sdk.__init__][INFO] - Completed setup!

13:55:30 [browserstack_sdk.__init__][INFO] - Completed setup!
| FAIL |
WebDriverException: Message: Session not started or terminated
------------------------------------------------------------------------------
Validate the WSJ Preference Center page for Commentary breadcrumb ... 
13:55:50 [browserstack_sdk.__init__][INFO] - Completed setup!

13:56:10 [browserstack_sdk.__init__][INFO] - Completed setup!
| FAIL |
WebDriverException: Message: Session not started or terminated
------------------------------------------------------------------------------
Validate the follow button for Commentary breadcrumb from Commenta... 
13:56:36 [browserstack_sdk.__init__][INFO] - Completed setup!

13:56:51 [browserstack_sdk.__init__][INFO] - Completed setup!

13:57:04 [browserstack_sdk.__init__][INFO] - Completed setup!
| FAIL |
Element '//*[@id="__next"]/div/div[2]/div[2]/div/div/header[1]/div[1]/div/div[1]/a[2]' not visible after 5 seconds.
------------------------------------------------------------------------------
Validate the follow button for Editorials breadcrumb from Editoria... 
13:57:46 [browserstack_sdk.__init__][INFO] - Completed setup!

13:57:57 [browserstack_sdk.__init__][INFO] - Completed setup!
| FAIL |
Element '//*[@id="__next"]/div/div[2]/div[2]/div/div/header[1]/div[1]/div/div[1]/a[2]' not visible after 5 seconds.
------------------------------------------------------------------------------
Validate the follow button for Letters breadcrumb from Letters pag... 
13:58:24 [browserstack_sdk.__init__][INFO] - Completed setup!

13:58:35 [browserstack_sdk.__init__][INFO] - Completed setup!
| FAIL |
WebDriverException: Message: Session not started or terminated
------------------------------------------------------------------------------
Validate the follow button for Elections breadcrumb from Elections... 
13:58:52 [browserstack_sdk.__init__][INFO] - Completed setup!

13:59:07 [browserstack_sdk.__init__][INFO] - Completed setup!
| FAIL |
Element '//*[@id="__next"]/div/div[2]/div[2]/div/div/header[1]/div[1]/div/div[1]/a[2]' not visible after 5 seconds.
------------------------------------------------------------------------------
Validate the WSJ Preference Center page for Elections breadcrumb :... 
13:59:41 [browserstack_sdk.__init__][INFO] - Completed setup!
| FAIL |
Element '//*[@id="emailOrUsername"]' not visible after 5 seconds.
------------------------------------------------------------------------------
Validate the follow button for Elections breadcrumb from articles ... 
14:00:08 [browserstack_sdk.__init__][INFO] - Completed setup!

14:00:19 [browserstack_sdk.__init__][INFO] - Completed setup!
| FAIL |
JavascriptException: Message: javascript error: Cannot read properties of null (reading 'shadowRoot')
  (Session info: chrome=132.0.6834.84)
Stacktrace:
	GetHandleVerifier [0x00007FF6A58CFBE5+28741]
	(No symbol) [0x00007FF6A5837890]
	(No symbol) [0x00007FF6A56D4FDA]
	(No symbol) [0x00007FF6A56DBC22]
	(No symbol) [0x00007FF6A56DECD8]
	(No symbol) [0x00007FF6A5771390]
	(No symbol) [0x00007FF6A574FF0A]
	(No symbol) [0x00007FF6A57700B4]
	(No symbol) [0x00007FF6A574FCB3]
	(No symbol) [0x00007FF6A5719FB3]
	(No symbol) [0x00007FF6A571B331]
	GetHandleVerifier [0x00007FF6A5C0A73D+3414941]
	GetHandleVerifier [0x00007FF6A5C1E64A+3496618]
	GetHandleVerifier [0x00007FF6A5C1413D+3454365]
	GetHandleVerifier [0x00007FF6A599848B+850155]
	(No symbol) [0x00007FF6A58437FF]
	(No symbol) [0x00007FF6A583F0C4]
	(No symbol) [0x00007FF6A583F25D]
	(No symbol) [0x00007FF6A582E079]
	BaseThreadInitThunk [0x00007FFBF22C7034+20]
	RtlUserThreadStart [0x00007FFBF30A2651+33]
------------------------------------------------------------------------------
Validate the Watchlist widget from Watchlist page :: This test cas... 
14:00:37 [browserstack_sdk.__init__][INFO] - Completed setup!
| FAIL |
Element '//*[@id="emailOrUsername"]' not visible after 5 seconds.
------------------------------------------------------------------------------
Validate the WSJ digest notification :: This test case validates t... 
14:01:05 [browserstack_sdk.__init__][INFO] - Completed setup!
| PASS |
------------------------------------------------------------------------------
Validate WSJ Legacy company Amazon to be added to New Preference C... 
14:02:50 [browserstack_sdk.__init__][INFO] - Completed setup!
| FAIL |
Element '//*[@id="__next"]/div/div[1]/div[3]/header[1]/div[1]/div/div[1]/a[2]' not visible after 5 seconds.
------------------------------------------------------------------------------
Validate WSJ Legacy company Tesla to be added to New Preference Ce... 
14:03:16 [browserstack_sdk.__init__][INFO] - Completed setup!

14:03:26 [browserstack_sdk.__init__][INFO] - Completed setup!
| FAIL |
WebDriverException: Message: Session not started or terminated
------------------------------------------------------------------------------
Validate WSJ Legacy company Goldman Sachs to be added to New Prefe... 
14:04:28 [browserstack_sdk.__init__][INFO] - Completed setup!

14:05:02 [browserstack_sdk.__init__][INFO] - Completed setup!
| FAIL |
WebDriverException: Message: Session not started or terminated
------------------------------------------------------------------------------
Validate WSJ Legacy company Facebook to be added to New Preference... 
14:05:49 [browserstack_sdk.__init__][INFO] - Completed setup!

14:06:01 [browserstack_sdk.__init__][INFO] - Completed setup!
| FAIL |
WebDriverException: Message: Session not started or terminated
------------------------------------------------------------------------------
Validate WSJ Legacy company Tesla to be added to New Preference Ce... 
14:06:46 [browserstack_sdk.__init__][INFO] - Completed setup!

14:06:57 [browserstack_sdk.__init__][INFO] - Completed setup!
| FAIL |
WebDriverException: Message: Session not started or terminated
------------------------------------------------------------------------------
Validate the WSJ real-time author notification :: This test case v... 
14:07:51 [browserstack_sdk.__init__][INFO] - Completed setup!
| PASS |
------------------------------------------------------------------------------
Validate the WSJ real-time company notification :: This test case ... 
14:09:37 [browserstack_sdk.__init__][INFO] - Completed setup!
| PASS |
------------------------------------------------------------------------------
Validate the WSJ real-time custom topic notification :: This test ... 
14:11:30 [browserstack_sdk.__init__][INFO] - Completed setup!
| FAIL |
Element '//*[text()="Sign in"]' not visible after 5 seconds.
------------------------------------------------------------------------------
Validate the WSJ real-time custom topic video notification :: This... 
14:12:23 [browserstack_sdk.__init__][INFO] - Completed setup!
| FAIL |
Page should have contained element '//div[text()="Latest on Evan Gershkovich"]' but did not.
------------------------------------------------------------------------------
Validate the WSJ real-time author video notification :: This test ... 
14:14:30 [browserstack_sdk.__init__][INFO] - Completed setup!
| FAIL |
Page should have contained element '//a[text()=" Watch "]' but did not.
------------------------------------------------------------------------------
Validate the WSJ real-time campaign notification :: This test case... 
14:16:46 [browserstack_sdk.__init__][INFO] - Completed setup!
| FAIL |
Page should have contained element '//span[text()="Elections"]' but did not.
------------------------------------------------------------------------------
Validate the alert button for Education :: This test case validate... 
14:22:36 [browserstack_sdk.__init__][INFO] - Completed setup!

14:22:49 [browserstack_sdk.__init__][INFO] - Completed setup!
| FAIL |
JavascriptException: Message: javascript error: Cannot read properties of null (reading 'shadowRoot')
  (Session info: chrome=132.0.6834.84)
Stacktrace:
	GetHandleVerifier [0x00007FF79E74FBE5+28741]
	(No symbol) [0x00007FF79E6B7890]
	(No symbol) [0x00007FF79E554FDA]
	(No symbol) [0x00007FF79E55BC22]
	(No symbol) [0x00007FF79E55ECD8]
	(No symbol) [0x00007FF79E5F1390]
	(No symbol) [0x00007FF79E5CFF0A]
	(No symbol) [0x00007FF79E5F00B4]
	(No symbol) [0x00007FF79E5CFCB3]
	(No symbol) [0x00007FF79E599FB3]
	(No symbol) [0x00007FF79E59B331]
	GetHandleVerifier [0x00007FF79EA8A73D+3414941]
	GetHandleVerifier [0x00007FF79EA9E64A+3496618]
	GetHandleVerifier [0x00007FF79EA9413D+3454365]
	GetHandleVerifier [0x00007FF79E81848B+850155]
	(No symbol) [0x00007FF79E6C37FF]
	(No symbol) [0x00007FF79E6BF0C4]
	(No symbol) [0x00007FF79E6BF25D]
	(No symbol) [0x00007FF79E6AE079]
	BaseThreadInitThunk [0x00007FFD6E027034+20]
	RtlUserThreadStart [0x00007FFD6FB22651+33]
------------------------------------------------------------------------------
Validate the alert button for heard on the street :: This test cas... 
14:23:06 [browserstack_sdk.__init__][INFO] - Completed setup!

14:23:17 [browserstack_sdk.__init__][INFO] - Completed setup!
| FAIL |
WebDriverException: Message: Session not started or terminated
------------------------------------------------------------------------------
Validate the alert button for On Wine :: This test case validates ... 
14:23:39 [browserstack_sdk.__init__][INFO] - Completed setup!

14:23:52 [browserstack_sdk.__init__][INFO] - Completed setup!
| FAIL |
WebDriverException: Message: Session not started or terminated
------------------------------------------------------------------------------
Validate the alert button for Personal Finance :: This test case v... 
14:24:14 [browserstack_sdk.__init__][INFO] - Completed setup!

14:24:26 [browserstack_sdk.__init__][INFO] - Completed setup!
| FAIL |
WebDriverException: Message: Session not started or terminated
------------------------------------------------------------------------------
Validate the alert button for Personal Technology :: This test cas... 
14:27:03 [browserstack_sdk.__init__][INFO] - Completed setup!

14:27:13 [browserstack_sdk.__init__][INFO] - Completed setup!
| FAIL |
WebDriverException: Message: Session not started or terminated
------------------------------------------------------------------------------
Validate the alert button for Puzzles :: This test case validates ... 
14:27:35 [browserstack_sdk.__init__][INFO] - Completed setup!

14:27:46 [browserstack_sdk.__init__][INFO] - Completed setup!
| FAIL |
WebDriverException: Message: Session not started or terminated
------------------------------------------------------------------------------
Validate the alert button for Energy :: This test case validates t... 
14:28:09 [browserstack_sdk.__init__][INFO] - Completed setup!

14:28:23 [browserstack_sdk.__init__][INFO] - Completed setup!
| FAIL |
WebDriverException: Message: Session not started or terminated
------------------------------------------------------------------------------
Validate Postback on Preference Center :: This test case validates... 
14:28:42 [browserstack_sdk.__init__][INFO] - Completed setup!
| FAIL |
Element '//*[@id="emailOrUsername"]' not visible after 5 seconds.
------------------------------------------------------------------------------
Userservices-Qa-Automation.Panda-Qa.Tests.FollowWidget.Regression.... | FAIL |
38 tests, 3 passed, 35 failed
==============================================================================
Userservices-Qa-Automation.Panda-Qa.Tests.FollowWidget.Regression     | FAIL |
38 tests, 3 passed, 35 failed
==============================================================================
Userservices-Qa-Automation.Panda-Qa.Tests.FollowWidget                | FAIL |
38 tests, 3 passed, 35 failed
==============================================================================
Userservices-Qa-Automation.Panda-Qa.Tests                             | FAIL |
38 tests, 3 passed, 35 failed
==============================================================================
Userservices-Qa-Automation.Panda-Qa                                   | FAIL |
38 tests, 3 passed, 35 failed
==============================================================================
Userservices-Qa-Automation                                            | FAIL |
38 tests, 3 passed, 35 failed
==============================================================================
Output:  D:\Users\sasikumarj\PycharmProjects\userservices-qa-automation\resultspabot\pabot_results\12\output.xml

14:29:14 [browserstack_sdk.__init__][INFO] - Handling session close

14:29:45 [browserstack_sdk.__init__][INFO] - All done!
