
20:31:11 [browserstack_sdk.__init__][INFO] - Project and debug logs are captured by default. To disable, set disableAutoCaptureLogs: true in config.

20:31:12 [browserstack_sdk.__init__][INFO] - Setting up for Browserstack, using framework: robot
==============================================================================
Userservices-Qa-Automation                                                    
==============================================================================
Userservices-Qa-Automation.Panda-Qa                                           
==============================================================================
Userservices-Qa-Automation.Panda-Qa.Tests                                     
==============================================================================
Userservices-Qa-Automation.Panda-Qa.Tests.FollowWidget                        
==============================================================================
Userservices-Qa-Automation.Panda-Qa.Tests.FollowWidget.Regression             
==============================================================================
Userservices-Qa-Automation.Panda-Qa.Tests.FollowWidget.Regression.MarketWat...
==============================================================================
Validate the Market Watch Preference Center page :: This test case... 
20:31:15 [browserstack_sdk.__init__][INFO] - Completed setup!
| FAIL |
Button with locator '//*[@id="emailOrUsername"]' not found.
------------------------------------------------------------------------------
Validate Authors for MarketWatch Article page without byline :: Th... 
20:32:21 [browserstack_sdk.__init__][INFO] - Completed setup!

20:32:54 [browserstack_sdk.__init__][INFO] - Completed setup!
| FAIL |
TimeoutException: Message: A script did not complete before its timeout expired.
------------------------------------------------------------------------------
Validate the Watchlist widget from Watchlist page :: This test cas... 
20:33:37 [browserstack_sdk.__init__][INFO] - Completed setup!
| FAIL |
Setup failed:
TimeoutException: Message: A script did not complete before its timeout expired.
------------------------------------------------------------------------------
Validate the MarketWatch price and volume on the alerts page :: Th... 
20:34:27 [browserstack_sdk.__init__][INFO] - Completed setup!
| FAIL |
Element '//*[@id="__next"]/div[2]/div/div/div/div/a/span' not visible after 5 seconds.
------------------------------------------------------------------------------
Validate the MarketWatch price and volume alert in Quote page :: T... 
20:35:23 [browserstack_sdk.__init__][INFO] - Completed setup!
| FAIL |
Element '//*[@id="__next"]/div[2]/div/div/div/div/a/span' not visible after 5 seconds.
------------------------------------------------------------------------------
Validate the MarketWatch price and volume alert deletion on Quote ... 
20:36:21 [browserstack_sdk.__init__][INFO] - Completed setup!
| FAIL |
Element '//*[@id="__next"]/div[2]/div/div/div/div/a/span' not visible after 5 seconds.
------------------------------------------------------------------------------
Validate the MW digest notification :: This test case validates th... 
20:37:10 [browserstack_sdk.__init__][INFO] - Completed setup!
| FAIL |
Element '//*[@id="acceptButton"]' not visible after 5 seconds.
------------------------------------------------------------------------------
Validate the MarketWatch Newsletter :: This test case validates th... 
20:38:40 [browserstack_sdk.__init__][INFO] - Completed setup!

20:39:17 [browserstack_sdk.__init__][INFO] - Completed setup!
| FAIL |
WebDriverException: Message: Session not started or terminated
------------------------------------------------------------------------------
Validate the MarketWatch Newsletter MwTheMoneyist :: This test cas... 
20:39:37 [browserstack_sdk.__init__][INFO] - Completed setup!
| FAIL |
Setup failed:
TimeoutException: Message: A script did not complete before its timeout expired.
------------------------------------------------------------------------------
Validate the MarketWatch Newsletter :: This test case validates th... 
20:40:20 [browserstack_sdk.__init__][INFO] - Completed setup!

20:41:17 [browserstack_sdk.__init__][INFO] - Completed setup!
| FAIL |
WebDriverException: Message: Session not started or terminated
------------------------------------------------------------------------------
Validate the MarketWatch Newsletter :: This test case validates th... 
20:42:33 [browserstack_sdk.__init__][INFO] - Completed setup!

20:43:16 [browserstack_sdk.__init__][INFO] - Completed setup!
| FAIL |
WebDriverException: Message: Session not started or terminated
------------------------------------------------------------------------------
Validate the MarketWatch Newsletter :: This test case validates th... 
20:43:35 [browserstack_sdk.__init__][INFO] - Completed setup!

20:44:03 [browserstack_sdk.__init__][INFO] - Completed setup!
| FAIL |
WebDriverException: Message: Session not started or terminated
------------------------------------------------------------------------------
Validate the MarketWatch Newsletter :: This test case validates th... 
20:44:23 [browserstack_sdk.__init__][INFO] - Completed setup!

20:44:59 [browserstack_sdk.__init__][INFO] - Completed setup!
| FAIL |
WebDriverException: Message: Session not started or terminated
------------------------------------------------------------------------------
Validate the MarketWatch Newsletter :: This test case validates th... 
20:45:18 [browserstack_sdk.__init__][INFO] - Completed setup!

20:46:32 [browserstack_sdk.__init__][INFO] - Completed setup!
| FAIL |
WebDriverException: Message: Session not started or terminated
------------------------------------------------------------------------------
Validate the MW real-time author notification :: This test case va... 
20:46:55 [browserstack_sdk.__init__][INFO] - Completed setup!
| FAIL |
Element '//*[@id="acceptButton"]' not visible after 5 seconds.
------------------------------------------------------------------------------
Validate the MW real-time company notification :: This test case v... 
20:48:00 [browserstack_sdk.__init__][INFO] - Completed setup!
| FAIL |
Element '//*[@id="acceptButton"]' not visible after 5 seconds.
------------------------------------------------------------------------------
Validate Postback on Preference Center :: This test case validates... 
20:49:07 [browserstack_sdk.__init__][INFO] - Completed setup!
