
21:54:34 [browserstack_sdk.__init__][INFO] - Project and debug logs are captured by default. To disable, set disableAutoCaptureLogs: true in config.

21:54:35 [browserstack_sdk.__init__][INFO] - Setting up for Browserstack, using framework: robot
==============================================================================
Userservices-Qa-Automation                                                    
==============================================================================
Userservices-Qa-Automation.Panda-Qa                                           
==============================================================================
Userservices-Qa-Automation.Panda-Qa.Tests                                     
==============================================================================
Userservices-Qa-Automation.Panda-Qa.Tests.FollowWidget                        
==============================================================================
Userservices-Qa-Automation.Panda-Qa.Tests.FollowWidget.Regression             
==============================================================================
Userservices-Qa-Automation.Panda-Qa.Tests.FollowWidget.Regression.MarketWat...
==============================================================================
Validate the Market Watch Preference Center page :: This test case... 
21:54:41 [browserstack_sdk.__init__][INFO] - Completed setup!
| PASS |
------------------------------------------------------------------------------
Validate Authors for MarketWatch Article page without byline :: Th... 
21:55:46 [browserstack_sdk.__init__][INFO] - Completed setup!

21:56:13 [browserstack_sdk.__init__][INFO] - Completed setup!
  
  Traceback (most recent call last):
    ~~~~~~~~~~~~~~~~~~~~~~~~~~~~~~~~~~~~~~~~~~~~~~~~~~~~~~~~~~~~~~~~~~~~~~~~~~
    File  D:\Users\sasikumarj\PycharmProjects\userservices-qa-automation\panda-qa\Tests\FollowWidget\Regression\MarketWatch_Regression.robot:42
    T:  Validate Authors for MarketWatch Article page without byline    
    ~~~~~~~~~~~~~~~~~~~~~~~~~~~~~~~~~~~~~~~~~~~~~~~~~~~~~~~~~~~~~~~~~~~~~~~~~~
    File  D:\Users\sasikumarj\PycharmProjects\userservices-qa-automation\panda-qa\Tests\FollowWidget\Regression\MarketWatch_Regression.robot:47
      Validate author without byline    
    ~~~~~~~~~~~~~~~~~~~~~~~~~~~~~~~~~~~~~~~~~~~~~~~~~~~~~~~~~~~~~~~~~~~~~~~~~~
    File  D:\Users\sasikumarj\PycharmProjects\userservices-qa-automation\panda-qa\Resources\PageObjects\MarketWatchArticlePage.robot:100
      Page Should Contain Element    //div[1]/div[1]/div[1]/div/header/h1[contains(., 'Catey Hill')]
______________________________________________________________________________
| FAIL |
Page should have contained element '//div[1]/div[1]/div[1]/div/header/h1[contains(., 'Catey Hill')]' but did not.
------------------------------------------------------------------------------
Validate the Watchlist widget from Watchlist page :: This test cas... 
21:56:53 [browserstack_sdk.__init__][INFO] - Completed setup!
  
  Traceback (most recent call last):
    ~~~~~~~~~~~~~~~~~~~~~~~~~~~~~~~~~~~~~~~~~~~~~~~~~~~~~~~~~~~~~~~~~~~~~~~~~~
    File  D:\Users\sasikumarj\PycharmProjects\userservices-qa-automation\panda-qa\Tests\FollowWidget\Regression\MarketWatch_Regression.robot:52
    T:  Validate the Watchlist widget from Watchlist page    
    ~~~~~~~~~~~~~~~~~~~~~~~~~~~~~~~~~~~~~~~~~~~~~~~~~~~~~~~~~~~~~~~~~~~~~~~~~~
    File  D:\Users\sasikumarj\PycharmProjects\userservices-qa-automation\panda-qa\Tests\FollowWidget\Regression\MarketWatch_Regression.robot:58
      MarketWatch Test User Sign In Process    
    ~~~~~~~~~~~~~~~~~~~~~~~~~~~~~~~~~~~~~~~~~~~~~~~~~~~~~~~~~~~~~~~~~~~~~~~~~~
    File  D:\Users\sasikumarj\PycharmProjects\userservices-qa-automation\panda-qa\Resources\DefinedKeywords.robot:215
      Wait Until Element Is Visible    //*[@id="maincontent"]/div/div/section/div[1]/div[3]/div/a
______________________________________________________________________________
| FAIL |
Element '//*[@id="maincontent"]/div/div/section/div[1]/div[3]/div/a' not visible after 5 seconds.
------------------------------------------------------------------------------
Validate the MarketWatch price and volume on the alerts page :: Th... 
21:57:31 [browserstack_sdk.__init__][INFO] - Completed setup!
  
  Traceback (most recent call last):
    ~~~~~~~~~~~~~~~~~~~~~~~~~~~~~~~~~~~~~~~~~~~~~~~~~~~~~~~~~~~~~~~~~~~~~~~~~~
    File  D:\Users\sasikumarj\PycharmProjects\userservices-qa-automation\panda-qa\Tests\FollowWidget\Regression\MarketWatch_Regression.robot:76
    T:  Validate the MarketWatch price and volume on the alerts page    
    ~~~~~~~~~~~~~~~~~~~~~~~~~~~~~~~~~~~~~~~~~~~~~~~~~~~~~~~~~~~~~~~~~~~~~~~~~~
    File  D:\Users\sasikumarj\PycharmProjects\userservices-qa-automation\panda-qa\Tests\FollowWidget\Regression\MarketWatch_Regression.robot:81
      MarketWatch Alerts User Sign In Process    
    ~~~~~~~~~~~~~~~~~~~~~~~~~~~~~~~~~~~~~~~~~~~~~~~~~~~~~~~~~~~~~~~~~~~~~~~~~~
    File  D:\Users\sasikumarj\PycharmProjects\userservices-qa-automation\panda-qa\Resources\DefinedKeywords.robot:230
      Wait Until Element Is Visible    //*[@id="__next"]/div[2]/div/div/div/div/a/span
______________________________________________________________________________
| FAIL |
Element '//*[@id="__next"]/div[2]/div/div/div/div/a/span' not visible after 5 seconds.
------------------------------------------------------------------------------
Validate the MarketWatch price and volume alert in Quote page :: T... 
21:58:06 [browserstack_sdk.__init__][INFO] - Completed setup!
  
  Traceback (most recent call last):
    ~~~~~~~~~~~~~~~~~~~~~~~~~~~~~~~~~~~~~~~~~~~~~~~~~~~~~~~~~~~~~~~~~~~~~~~~~~
    File  D:\Users\sasikumarj\PycharmProjects\userservices-qa-automation\panda-qa\Tests\FollowWidget\Regression\MarketWatch_Regression.robot:98
    T:  Validate the MarketWatch price and volume alert in Quote page    
    ~~~~~~~~~~~~~~~~~~~~~~~~~~~~~~~~~~~~~~~~~~~~~~~~~~~~~~~~~~~~~~~~~~~~~~~~~~
    File  D:\Users\sasikumarj\PycharmProjects\userservices-qa-automation\panda-qa\Tests\FollowWidget\Regression\MarketWatch_Regression.robot:102
      MarketWatch Alerts User Sign In Process    
    ~~~~~~~~~~~~~~~~~~~~~~~~~~~~~~~~~~~~~~~~~~~~~~~~~~~~~~~~~~~~~~~~~~~~~~~~~~
    File  D:\Users\sasikumarj\PycharmProjects\userservices-qa-automation\panda-qa\Resources\DefinedKeywords.robot:230
      Wait Until Element Is Visible    //*[@id="__next"]/div[2]/div/div/div/div/a/span
______________________________________________________________________________
| FAIL |
Element '//*[@id="__next"]/div[2]/div/div/div/div/a/span' not visible after 5 seconds.
------------------------------------------------------------------------------
Validate the MarketWatch price and volume alert deletion on Quote ... 
21:59:04 [browserstack_sdk.__init__][INFO] - Completed setup!
  
  Traceback (most recent call last):
    ~~~~~~~~~~~~~~~~~~~~~~~~~~~~~~~~~~~~~~~~~~~~~~~~~~~~~~~~~~~~~~~~~~~~~~~~~~
    File  D:\Users\sasikumarj\PycharmProjects\userservices-qa-automation\panda-qa\Tests\FollowWidget\Regression\MarketWatch_Regression.robot:117
    T:  Validate the MarketWatch price and volume alert deletion on Quote page    
    ~~~~~~~~~~~~~~~~~~~~~~~~~~~~~~~~~~~~~~~~~~~~~~~~~~~~~~~~~~~~~~~~~~~~~~~~~~
    File  D:\Users\sasikumarj\PycharmProjects\userservices-qa-automation\panda-qa\Tests\FollowWidget\Regression\MarketWatch_Regression.robot:121
      MarketWatch Alerts User Sign In Process    
    ~~~~~~~~~~~~~~~~~~~~~~~~~~~~~~~~~~~~~~~~~~~~~~~~~~~~~~~~~~~~~~~~~~~~~~~~~~
    File  D:\Users\sasikumarj\PycharmProjects\userservices-qa-automation\panda-qa\Resources\DefinedKeywords.robot:230
      Wait Until Element Is Visible    //*[@id="__next"]/div[2]/div/div/div/div/a/span
______________________________________________________________________________
| FAIL |
Element '//*[@id="__next"]/div[2]/div/div/div/div/a/span' not visible after 5 seconds.
------------------------------------------------------------------------------
Validate the MW digest notification :: This test case validates th... 
21:59:39 [browserstack_sdk.__init__][INFO] - Completed setup!
  
  Traceback (most recent call last):
    ~~~~~~~~~~~~~~~~~~~~~~~~~~~~~~~~~~~~~~~~~~~~~~~~~~~~~~~~~~~~~~~~~~~~~~~~~~
    File  D:\Users\sasikumarj\PycharmProjects\userservices-qa-automation\panda-qa\Tests\FollowWidget\Regression\MarketWatch_Regression.robot:129
    T:  Validate the MW digest notification    
    ~~~~~~~~~~~~~~~~~~~~~~~~~~~~~~~~~~~~~~~~~~~~~~~~~~~~~~~~~~~~~~~~~~~~~~~~~~
    File  D:\Users\sasikumarj\PycharmProjects\userservices-qa-automation\panda-qa\Tests\FollowWidget\Regression\MarketWatch_Regression.robot:133
      Login    
    ~~~~~~~~~~~~~~~~~~~~~~~~~~~~~~~~~~~~~~~~~~~~~~~~~~~~~~~~~~~~~~~~~~~~~~~~~~
    File  D:\Users\sasikumarj\PycharmProjects\userservices-qa-automation\panda-qa\Resources\PageObjects\MarketWatchMailboxPage.robot:26
      Wait Until Element Is Visible    //*[@id="acceptButton"]
______________________________________________________________________________
| FAIL |
Element '//*[@id="acceptButton"]' not visible after 5 seconds.
------------------------------------------------------------------------------
Validate the MarketWatch Newsletter :: This test case validates th... 
22:00:30 [browserstack_sdk.__init__][INFO] - Completed setup!

22:00:45 [browserstack_sdk.__init__][INFO] - Completed setup!
  
  Traceback (most recent call last):
    ~~~~~~~~~~~~~~~~~~~~~~~~~~~~~~~~~~~~~~~~~~~~~~~~~~~~~~~~~~~~~~~~~~~~~~~~~~
    File  D:\Users\sasikumarj\PycharmProjects\userservices-qa-automation\panda-qa\Tests\FollowWidget\Regression\MarketWatch_Regression.robot:140
    T:  Validate the MarketWatch Newsletter    
    ~~~~~~~~~~~~~~~~~~~~~~~~~~~~~~~~~~~~~~~~~~~~~~~~~~~~~~~~~~~~~~~~~~~~~~~~~~
    File  D:\Users\sasikumarj\PycharmProjects\userservices-qa-automation\panda-qa\Tests\FollowWidget\Regression\MarketWatch_Regression.robot:144
      Market Watch Sign In Process    
    ~~~~~~~~~~~~~~~~~~~~~~~~~~~~~~~~~~~~~~~~~~~~~~~~~~~~~~~~~~~~~~~~~~~~~~~~~~
    File  D:\Users\sasikumarj\PycharmProjects\userservices-qa-automation\panda-qa\Resources\DefinedKeywords.robot:202
      Set Selenium Implicit Wait    10s
______________________________________________________________________________
| FAIL |
WebDriverException: Message: Session not started or terminated
------------------------------------------------------------------------------
Validate the MarketWatch Newsletter :: This test case validates th... 
22:01:30 [browserstack_sdk.__init__][INFO] - Completed setup!

22:01:49 [browserstack_sdk.__init__][INFO] - Completed setup!
  
  Traceback (most recent call last):
    ~~~~~~~~~~~~~~~~~~~~~~~~~~~~~~~~~~~~~~~~~~~~~~~~~~~~~~~~~~~~~~~~~~~~~~~~~~
    File  D:\Users\sasikumarj\PycharmProjects\userservices-qa-automation\panda-qa\Tests\FollowWidget\Regression\MarketWatch_Regression.robot:154
    T:  Validate the MarketWatch Newsletter    
    ~~~~~~~~~~~~~~~~~~~~~~~~~~~~~~~~~~~~~~~~~~~~~~~~~~~~~~~~~~~~~~~~~~~~~~~~~~
    File  D:\Users\sasikumarj\PycharmProjects\userservices-qa-automation\panda-qa\Tests\FollowWidget\Regression\MarketWatch_Regression.robot:157
      Start MarketWatch Newsletter    
    ~~~~~~~~~~~~~~~~~~~~~~~~~~~~~~~~~~~~~~~~~~~~~~~~~~~~~~~~~~~~~~~~~~~~~~~~~~
    File  D:\Users\sasikumarj\PycharmProjects\userservices-qa-automation\panda-qa\Resources\CommonFunctionality.robot:161
      Go To    https://www.marketwatch.com/follow
______________________________________________________________________________

22:06:50 [browserstack_sdk.__init__][INFO] - Handling session close

22:06:54 [browserstack_sdk.__init__][INFO] - All done!
