1739264902587	geckodriver	INFO	Listening on 127.0.0.1:57873
1739264905951	mozrunner::runner	INFO	Running command: "C:\\Program Files\\Mozilla Firefox\\firefox.exe" "--marionette" "--remote-debugging-port" "57874" "--remote-allow-hosts" "localhost" "-no-remote" "-profile" "D:\\Users\\sasikumarj\\AppData\\Local\\Temp\\rust_mozprofile9WSi6N"
console.warn: services.settings: Ignoring preference override of remote settings server
console.warn: services.settings: Allow by setting MOZ_REMOTE_SETTINGS_DEVTOOLS=1 in the environment
Dynamically enable window occlusion 0
1739264907873	Marionette	INFO	Marionette enabled
1739264908539	Marionette	INFO	Listening on port 57937
WebDriver BiDi listening on ws://127.0.0.1:57874
Read port: 57937
console.error: Policies: 
  Download failed - ERROR_CORRUPT_FILE - file://C:\Program Files\Snow Software\Inventory\Agent\FFCloudmetering.xpi
1739264908810	RemoteAgent	WARN	TLS certificate errors will be ignored for this session
DevTools listening on ws://127.0.0.1:57874/devtools/browser/a9587994-59f1-4acb-b030-e0217e1f0a93
JavaScript error: https://cdn.cxense.com/sp1.html#ver=2.8.90&typ=pgv&rnd=m709fakrm7ka57ra&sid=9222318613852486900&loc=https%3A%2F%2Fwww.wsj.com%2F&new=1&arf=0&ltm=1739264916559&ref=&tzo=-330&wsz=1280x595&res=1280x720&dpr=1&col=24&bln=en-US&chs=UTF-8&cks=m709fav4jup9i9b0&ckp=m709fakrqc0dozpx&glb=&cp_userState=anon&cp_testGroup=50&cp_topDomain=wsj.com&cp_template=full&cp_access=free&cp_section=US%20Home%20Page&cp_subsection=&cp_cms_name=CAPS&cp_subscriber=nonsubscriber&cp_edition=naus&cp_bucket=8&cp_ab_bucket=68&cp_pageContentSource=WSJ%20Online&cp_pageContentType=Home&cp_pageContentTypeDetai=desktopweb&cp_pageSiteProduct=WSJ&cp_userTags=&cp_sessionState=none, line 1: TypeError: cX.loadScript is not a function
JavaScript warning: https://cdn.gbqofs.com/sv/b/detector-bootstrap.min.js, line 0: Successfully compiled asm.js code (total compilation time 2ms)
JavaScript warning: https://pagead2.googlesyndication.com/bg/VPXMjhhSnF_0w04UBhtYgswssitSTY9737JJt5i4JB8.js line 2 > eval line 55 > eval line 1 > eval line 1 > eval, line 1: WEBGL_debug_renderer_info is deprecated in Firefox and will be removed. Please use RENDERER.
1739264923971	Marionette	WARN	Ignoring event 'DOMContentLoaded' because document has an invalid readyState of 'complete'.
1739264926809	Marionette	WARN	Ignoring event 'pageshow' because document has an invalid readyState of 'uninitialized'.
JavaScript warning: https://static.cloudflareinsights.com/beacon.min.js/vcd15cbe7772f49c399c6a5babf22c1241717689176015, line 1: Script terminated by timeout at:
o@https://static.cloudflareinsights.com/beacon.min.js/vcd15cbe7772f49c399c6a5babf22c1241717689176015:1:18291
104/e.onLCP/</c<@https://static.cloudflareinsights.com/beacon.min.js/vcd15cbe7772f49c399c6a5babf22c1241717689176015:1:18393
104/T/<@https://static.cloudflareinsights.com/beacon.min.js/vcd15cbe7772f49c399c6a5babf22c1241717689176015:1:11636
t@https://static.cloudflareinsights.com/beacon.min.js/vcd15cbe7772f49c399c6a5babf22c1241717689176015:1:11507

JavaScript warning: https://ads.pubmatic.com/AdServer/js/user_sync.html?gdpr=0&gdpr_consent=&us_privacy=pbs-ozone&predirect=https%3A%2F%2Felb.the-ozone-project.com%2Fsetuid%3Fbidder%3Dpubmatic%26gdpr%3D0%26gdpr_consent%3D%26us_privacy%3Dpbs-ozone%26uid%3D, line 1: Script terminated by timeout at:
J@https://ads.pubmatic.com/AdServer/js/user_sync.html?gdpr=0&gdpr_consent=&us_privacy=pbs-ozone&predirect=https%3A%2F%2Felb.the-ozone-project.com%2Fsetuid%3Fbidder%3Dpubmatic%26gdpr%3D0%26gdpr_consent%3D%26us_privacy%3Dpbs-ozone%26uid%3D:1:13833
t@https://ads.pubmatic.com/AdServer/js/user_sync.html?gdpr=0&gdpr_consent=&us_privacy=pbs-ozone&predirect=https%3A%2F%2Felb.the-ozone-project.com%2Fsetuid%3Fbidder%3Dpubmatic%26gdpr%3D0%26gdpr_consent%3D%26us_privacy%3Dpbs-ozone%26uid%3D:1:13850
N@https://ads.pubmatic.com/AdServer/js/user_sync.html?gdpr=0&gdpr_consent=&us_privacy=pbs-ozone&predirect=https%3A%2F%2Felb.the-ozone-project.com%2Fsetuid%3Fbidder%3Dpubmatic%26gdpr%3D0%26gdpr_consent%3D%26us_privacy%3Dpbs-ozone%26uid%3D:1:18318
B@https://ads.pubmatic.com/AdServer/js/user_sync.html?gdpr=0&gdpr_consent=&us_privacy=pbs-ozone&predirect=https%3A%2F%2Felb.the-ozone-project.com%2Fsetuid%3Fbidder%3Dpubmatic%26gdpr%3D0%26gdpr_consent%3D%26us_privacy%3Dpbs-ozone%26uid%3D:1:15082

JavaScript warning: https://gum.criteo.com/syncframe?origin=criteoPrebidAdapter&topUrl=www.wsj.com&us_privacy=1YNN&gpp=DBABRg~BVoAACA&gpp_sid=9#{%22cw%22:true,%22lsw%22:true,%22origin%22:%22criteoPrebidAdapter%22,%22requestId%22:%220.3921477151955457%22,%22tld%22:%22www.wsj.com%22,%22topUrl%22:%22www.wsj.com%22,%22version%22:%229_12_0%22}, line 13: Script terminated by timeout at:
r.prototype.flushEventQueue@https://gum.criteo.com/syncframe?origin=criteoPrebidAdapter&topUrl=www.wsj.com&us_privacy=1YNN&gpp=DBABRg~BVoAACA&gpp_sid=9#{%22cw%22:true,%22lsw%22:true,%22origin%22:%22criteoPrebidAdapter%22,%22requestId%22:%220.3921477151955457%22,%22tld%22:%22www.wsj.com%22,%22topUrl%22:%22www.wsj.com%22,%22version%22:%229_12_0%22}:13:3137
r/<@https://gum.criteo.com/syncframe?origin=criteoPrebidAdapter&topUrl=www.wsj.com&us_privacy=1YNN&gpp=DBABRg~BVoAACA&gpp_sid=9#{%22cw%22:true,%22lsw%22:true,%22origin%22:%22criteoPrebidAdapter%22,%22requestId%22:%220.3921477151955457%22,%22tld%22:%22www.wsj.com%22,%22topUrl%22:%22www.wsj.com%22,%22version%22:%229_12_0%22}:13:3642

JavaScript warning: https://cdn.gbqofs.com/sv/b/detector-bootstrap.min.js, line 0: Successfully compiled asm.js code (total compilation time 2ms)
JavaScript warning: https://pagead2.googlesyndication.com/bg/VPXMjhhSnF_0w04UBhtYgswssitSTY9737JJt5i4JB8.js line 2 > eval line 334 > eval line 1 > eval line 1 > eval, line 1: WEBGL_debug_renderer_info is deprecated in Firefox and will be removed. Please use RENDERER.
JavaScript warning: https://pagead2.googlesyndication.com/bg/VPXMjhhSnF_0w04UBhtYgswssitSTY9737JJt5i4JB8.js line 2 > eval line 5873 > eval line 1 > eval line 1 > eval, line 1: WEBGL_debug_renderer_info is deprecated in Firefox and will be removed. Please use RENDERER.
JavaScript warning: https://pagead2.googlesyndication.com/pagead/managed/js/activeview/current/ufs_web_display.js, line 13: Script terminated by timeout at:
C@https://pagead2.googlesyndication.com/pagead/managed/js/activeview/current/ufs_web_display.js:13:325
h@https://pagead2.googlesyndication.com/pagead/managed/js/activeview/current/ufs_web_display.js:93:449

JavaScript warning: https://pagead2.googlesyndication.com/bg/VPXMjhhSnF_0w04UBhtYgswssitSTY9737JJt5i4JB8.js line 2 > eval line 7418 > eval line 1 > eval line 1 > eval, line 1: WEBGL_debug_renderer_info is deprecated in Firefox and will be removed. Please use RENDERER.
JavaScript warning: https://securepubads.g.doubleclick.net/pagead/js/rum.js, line 87: Script terminated by timeout at:
S@https://securepubads.g.doubleclick.net/pagead/js/rum.js:87:332
Uf/this.T@https://securepubads.g.doubleclick.net/pagead/js/rum.js:85:177

1739264979603	Marionette	INFO	Stopped listening on port 57937
Dynamically enable window occlusion 1
