1734522662021	geckodriver	INFO	Listening on 127.0.0.1:51133
1734522665072	mozrunner::runner	INFO	Running command: "C:\\Program Files\\Mozilla Firefox\\firefox.exe" "--marionette" "--remote-debugging-port" "51134" "--remote-allow-hosts" "localhost" "-no-remote" "-profile" "D:\\Users\\sasikumarj\\AppData\\Local\\Temp\\rust_mozprofilel5MkOF"
console.warn: services.settings: Ignoring preference override of remote settings server
console.warn: services.settings: Allow by setting MOZ_REMOTE_SETTINGS_DEVTOOLS=1 in the environment
Dynamically enable window occlusion 0
1734522665916	Marionette	INFO	Marionette enabled
1734522666215	Marionette	INFO	Listening on port 51149
WebDriver BiDi listening on ws://127.0.0.1:51134
Read port: 51149
1734522666487	RemoteAgent	WARN	TLS certificate errors will be ignored for this session
DevTools listening on ws://127.0.0.1:51134/devtools/browser/298870ce-f875-4071-8e86-7b7aad8cffcf
JavaScript error: https://cdn.cxense.com/sp1.html#ver=2.8.86&typ=pgv&rnd=m4tu0kyfn3xcli5a&sid=1138573015853471556&loc=https%3A%2F%2Fwww.dev.marketwatch.com%2F&new=1&arf=0&ltm=1734522674214&ref=&tzo=-330&wsz=1280x595&res=1280x720&dpr=1&col=24&bln=en-US&chs=UTF-8&cks=m4tu0kzw9zx4fbsk&ckp=m4tu0kyf9yhojvnp&glb=&cp_userState=anon&cp_testGroup=15&cp_env=staging&cp_topDomain=marketwatch.com&cp_template=full&cp_access=free&cp_section=Home%20Page&cp_cms_name=Peavey&cp_subscriber=nonsubscriber&cp_edition=naus&cp_bucket=7&cp_ab_bucket=77&cp_pageContentSource=MarketWatch&cp_pageContentType=Home&cp_pageContentTypeDetai=default&cp_pageSiteProduct=MW&cp_userTags=&cp_sessionState=none, line 1: TypeError: cX.loadScript is not a function
JavaScript warning: https://cdn.gbqofs.com/sv/b/detector-bootstrap.min.js, line 0: Successfully compiled asm.js code (total compilation time 2ms)
JavaScript warning: https://pagead2.googlesyndication.com/bg/SdRCl8Z6_WVRBAVhWMC4YMFLTE-rpjUOyBziMPp71UQ.js line 2 > eval line 3784 > eval line 1 > eval line 1 > eval, line 1: WEBGL_debug_renderer_info is deprecated in Firefox and will be removed. Please use RENDERER.
JavaScript error: , line 0: TypeError: NetworkError when attempting to fetch resource.
1734522680483	Marionette	WARN	Ignoring event 'pageshow' because document has an invalid readyState of 'uninitialized'.
JavaScript warning: https://gum.criteo.com/syncframe?origin=criteoPrebidAdapter&topUrl=www.dev.marketwatch.com&us_privacy=1YNN&gpp=DBABRg~BVoAACA&gpp_sid=9#{%22cw%22:true,%22lsw%22:true,%22origin%22:%22criteoPrebidAdapter%22,%22requestId%22:%220.27222272845631357%22,%22tld%22:%22www.dev.marketwatch.com%22,%22topUrl%22:%22www.dev.marketwatch.com%22,%22version%22:%229_12_0%22}, line 13: Script terminated by timeout at:
r.prototype.flushEventQueue@https://gum.criteo.com/syncframe?origin=criteoPrebidAdapter&topUrl=www.dev.marketwatch.com&us_privacy=1YNN&gpp=DBABRg~BVoAACA&gpp_sid=9#{%22cw%22:true,%22lsw%22:true,%22origin%22:%22criteoPrebidAdapter%22,%22requestId%22:%220.27222272845631357%22,%22tld%22:%22www.dev.marketwatch.com%22,%22topUrl%22:%22www.dev.marketwatch.com%22,%22version%22:%229_12_0%22}:13:3137
r/<@https://gum.criteo.com/syncframe?origin=criteoPrebidAdapter&topUrl=www.dev.marketwatch.com&us_privacy=1YNN&gpp=DBABRg~BVoAACA&gpp_sid=9#{%22cw%22:true,%22lsw%22:true,%22origin%22:%22criteoPrebidAdapter%22,%22requestId%22:%220.27222272845631357%22,%22tld%22:%22www.dev.marketwatch.com%22,%22topUrl%22:%22www.dev.marketwatch.com%22,%22version%22:%229_12_0%22}:13:3642

1734522683549	Marionette	WARN	Ignoring event 'pageshow' because document has an invalid readyState of 'uninitialized'.
JavaScript warning: https://cdn.gbqofs.com/sv/b/detector-bootstrap.min.js, line 0: Successfully compiled asm.js code (total compilation time 2ms)
JavaScript error: https://cdn.cxense.com/sp1.html#ver=2.8.86&typ=pgv&rnd=m4tu0uljfn0d1xjl&sid=1138573015853471556&loc=https%3A%2F%2Fwww.stg.marketwatch.com%2F&new=0&arf=0&ltm=1734522686732&ref=&tzo=-330&wsz=1280x595&res=1280x720&dpr=1&col=24&bln=en-US&chs=UTF-8&cks=m4tu0vmtfctj5r11&ckp=m4tu0kyf9yhojvnp&glb=&cp_userState=anon&cp_testGroup=15&cp_env=staging&cp_topDomain=marketwatch.com&cp_template=full&cp_access=free&cp_section=Home%20Page&cp_cms_name=Peavey&cp_subscriber=nonsubscriber&cp_edition=naus&cp_bucket=7&cp_ab_bucket=77&cp_pageContentSource=MarketWatch&cp_pageContentType=Home&cp_pageContentTypeDetai=default&cp_pageSiteProduct=MW&cp_userTags=&cp_sessionState=none, line 1: TypeError: cX.loadScript is not a function
JavaScript error: , line 0: uncaught exception: undefined
JavaScript warning: https://pagead2.googlesyndication.com/bg/SdRCl8Z6_WVRBAVhWMC4YMFLTE-rpjUOyBziMPp71UQ.js line 2 > eval line 1092 > eval line 1 > eval line 1 > eval, line 1: WEBGL_debug_renderer_info is deprecated in Firefox and will be removed. Please use RENDERER.
JavaScript warning: https://cdn.gbqofs.com/sv/b/detector-bootstrap.min.js, line 0: Successfully compiled asm.js code (total compilation time 3ms)
JavaScript warning: https://cdn.cxense.com/cx.js, line 6: Script terminated by timeout at:
Zn@https://cdn.cxense.com/cx.js:6:40738
uo@https://cdn.cxense.com/cx.js:6:54653
aa@https://cdn.cxense.com/cx.js:6:70619
ua/<@https://cdn.cxense.com/cx.js:6:70926

console.warn: LoginRecipes: "Falling back to a synchronous message for: https://sso.int.accounts.dowjones.com."
console.warn: LoginRecipes: "Falling back to a synchronous message for: https://sso.int.accounts.dowjones.com."
JavaScript warning: https://www.googletagmanager.com/gtag/js?id=G-GJ5S1GJYKT, line 367: Script terminated by timeout at:
Ej@https://www.googletagmanager.com/gtag/js?id=G-GJ5S1GJYKT:367:22
rI@https://www.googletagmanager.com/gtag/js?id=G-GJ5S1GJYKT:794:429
h.kn@https://www.googletagmanager.com/gtag/js?id=G-GJ5S1GJYKT:798:433
h.jn/</<@https://www.googletagmanager.com/gtag/js?id=G-GJ5S1GJYKT:797:31
el@https://www.googletagmanager.com/gtag/js?id=G-GJ5S1GJYKT:388:151
El@https://www.googletagmanager.com/gtag/js?id=G-GJ5S1GJYKT:393:434
h.jn/<@https://www.googletagmanager.com/gtag/js?id=G-GJ5S1GJYKT:797:17
c@https://www.googletagmanager.com/gtag/js?id=G-GJ5S1GJYKT:551:464
Eu@https://www.googletagmanager.com/gtag/js?id=G-GJ5S1GJYKT:552:282
h.jn@https://www.googletagmanager.com/gtag/js?id=G-GJ5S1GJYKT:797:3
c@https://www.googletagmanager.com/gtag/js?id=G-GJ5S1GJYKT:812:881
fn@https://www.googletagmanager.com/gtag/js?id=G-GJ5S1GJYKT:409:28
en.prototype.flush@https://www.googletagmanager.com/gtag/js?id=G-GJ5S1GJYKT:411:337
en.prototype.push@https://www.googletagmanager.com/gtag/js?id=G-GJ5S1GJYKT:409:431
Ym@https://www.googletagmanager.com/gtag/js?id=G-GJ5S1GJYKT:406:766
eJ/<@https://www.googletagmanager.com/gtag/js?id=G-GJ5S1GJYKT:813:187
h.Bl/<@https://www.googletagmanager.com/gtag/js?id=G-GJ5S1GJYKT:753:126
h.Bl/c/<@https://www.googletagmanager.com/gtag/js?id=G-GJ5S1GJYKT:752:418

JavaScript warning: https://www.s.dev.marketwatch.com/_next/static/chunks/main-7c2c5b4ee7ae4ea0.js, line 1: unreachable code after return statement
JavaScript error: https://cdn.cxense.com/sp1.html#ver=2.8.86&typ=pgv&rnd=m4tu1gi5hjiner26&sid=9222325317970825873&loc=https%3A%2F%2Fwww.s.dev.marketwatch.com%2F&new=0&arf=0&ltm=1734522715091&ref=&tzo=-330&wsz=1280x595&res=1280x720&dpr=1&col=24&bln=en-US&chs=UTF-8&cks=m4tu1gywngavixhj&ckp=m4tu0kyf9yhojvnp&glb=&eid0=e4cefa22ef027cc0132f0c218da37da39cdb3228234af4df969b5c463592e123&eit0=wsj&cp_userState=anon&cp_testGroup=15&cp_topDomain=marketwatch.com&cp_pwTag=default&cp_pwPlacement=cx-candybar&cp_pwCampaign=116&cp_pwType=free&cp_template=preview&cp_access=free&cp_section=Home%20Page&cp_subscriber=registered&cp_edition=naus&cp_bucket=5&cp_ab_bucket=55&cp_pageContentSource=MarketWatch&cp_pageContentType=Home&cp_pageContentTypeDetai=Home&cp_pageSiteProduct=MW&cp_userTags=BARRONS-SUB&cp_sessionState=ca, line 1: TypeError: cX.loadScript is not a function
JavaScript warning: https://cdn.gbqofs.com/sv/b/detector-bootstrap.min.js, line 0: Successfully compiled asm.js code (total compilation time 2ms)
JavaScript warning: https://pagead2.googlesyndication.com/bg/SdRCl8Z6_WVRBAVhWMC4YMFLTE-rpjUOyBziMPp71UQ.js line 2 > eval line 5206 > eval line 1 > eval line 1 > eval, line 1: WEBGL_debug_renderer_info is deprecated in Firefox and will be removed. Please use RENDERER.
1734522717837	Marionette	WARN	Ignoring event 'pageshow' because document has an invalid readyState of 'loading'.
1734522726643	Marionette	INFO	Stopped listening on port 51149
JavaScript warning: https://cdn.js7k.com/rq/iv/inside-5.js, line 1: WEBGL_debug_renderer_info is deprecated in Firefox and will be removed. Please use RENDERER.
Dynamically enable window occlusion 1
