1729834143325	geckodriver	INFO	Listening on 127.0.0.1:52869
1729834146354	mozrunner::runner	INFO	Running command: "C:\\Program Files\\Mozilla Firefox\\firefox.exe" "--marionette" "--remote-debugging-port" "52870" "--remote-allow-hosts" "localhost" "-no-remote" "-profile" "D:\\Users\\sasikumarj\\AppData\\Local\\Temp\\rust_mozprofileg9DOyD"
console.warn: services.settings: Ignoring preference override of remote settings server
console.warn: services.settings: Allow by setting MOZ_REMOTE_SETTINGS_DEVTOOLS=1 in the environment
Dynamically enable window occlusion 0
1729834147108	Marionette	INFO	Marionette enabled
1729834147557	Marionette	INFO	Listening on port 52880
WebDriver BiDi listening on ws://127.0.0.1:52870
Read port: 52880
1729834147915	RemoteAgent	WARN	TLS certificate errors will be ignored for this session
DevTools listening on ws://127.0.0.1:52870/devtools/browser/9a9cdb45-6ec1-4d1f-a9a6-c7e13e2a1cb5
console.error: ({})
console.error: ({})
console.error: ({})
console.error: ({})
JavaScript error: https://cdn.cxense.com/sp1.html#ver=2.8.82&typ=pgv&rnd=m2oale6pcb19fcev&sid=9222325317970825875&loc=https%3A%2F%2Fwww.s.dev.barrons.com%2Farticles%2Fbuy-under-armour-stock-pick-51650672000&new=1&arf=0&ltm=1729834157334&ref=&tzo=-330&wsz=1278x497&res=1278x622&dpr=1&col=24&bln=en-US&chs=UTF-8&cks=m2oalec7vagkefvm&ckp=m2oale6p5nfv53qz&glb=&amo=1720048200&cp_userState=anon&cp_testGroup=38&cp_env=staging&cp_topDomain=barrons.com&cp_pwTag=default&cp_pwPlacement=cx-snippetad&cp_pwCampaign=10&cp_pwType=personalized&cp_type=Retail&cp_template=preview&cp_access=PAID&cp_section=Retail&cp_subsection=Sizing%20Up%20Small-Caps&cp_cms_name=Methode&cp_vix=&cp_subscriber=nonsubscriber&cp_edition=naus&cp_bucket=4&cp_ab_bucket=34&cp_pageContentSource=Barron's%20Online&cp_pageContentType=Article&cp_pageContentTypeDetai=STANDARD&cp_pageSiteProduct=BOL&cp_userTags=&cp_sessionState=none, line 1: TypeError: cX.loadScript is not a function
JavaScript error: , line 0: TypeError: NetworkError when attempting to fetch resource.
JavaScript warning: https://www.googletagmanager.com/gtag/js?id=AW-1067154206, line 98: Script terminated by timeout at:
aa.has@https://www.googletagmanager.com/gtag/js?id=AW-1067154206:98:340
Fa.prototype.set@https://www.googletagmanager.com/gtag/js?id=AW-1067154206:99:699
b@https://www.googletagmanager.com/gtag/js?id=AW-1067154206:166:83
ye@https://www.googletagmanager.com/gtag/js?id=AW-1067154206:166:153
ze@https://www.googletagmanager.com/gtag/js?id=AW-1067154206:165:669
@https://www.googletagmanager.com/gtag/js?id=AW-1067154206:639:294
c@https://www.googletagmanager.com/gtag/js?id=AW-1067154206:633:130
@https://www.googletagmanager.com/gtag/js?id=AW-1067154206:635:382
@https://www.googletagmanager.com/gtag/js?id=AW-1067154206:635:387
@https://www.googletagmanager.com/gtag/js?id=AW-1067154206:647:3

JavaScript warning: https://www.gstatic.com/_/mss/boq-subscribewithgoogle/_/js/k=boq-subscribewithgoogle.SubscribewithgoogleClientUi.en_US.wn-BM50GziE.es5.O/am=OBgwAw/d=1/excm=_b,_tp,serviceiframeview/ed=1/dg=0/wt=2/ujg=1/rs=ABXTjI6GprX4smCHmWFLvqBt6vGQYZIvfA/m=_b,_tp, line 285: Script terminated by timeout at:
_.Zo.prototype.init@https://www.gstatic.com/_/mss/boq-subscribewithgoogle/_/js/k=boq-subscribewithgoogle.SubscribewithgoogleClientUi.en_US.wn-BM50GziE.es5.O/am=OBgwAw/d=1/excm=_b,_tp,serviceiframeview/ed=1/dg=0/wt=2/ujg=1/rs=ABXTjI6GprX4smCHmWFLvqBt6vGQYZIvfA/m=_b,_tp:285:90
_.Zo@https://www.gstatic.com/_/mss/boq-subscribewithgoogle/_/js/k=boq-subscribewithgoogle.SubscribewithgoogleClientUi.en_US.wn-BM50GziE.es5.O/am=OBgwAw/d=1/excm=_b,_tp,serviceiframeview/ed=1/dg=0/wt=2/ujg=1/rs=ABXTjI6GprX4smCHmWFLvqBt6vGQYZIvfA/m=_b,_tp:282:1678
pp@https://www.gstatic.com/_/mss/boq-subscribewithgoogle/_/js/k=boq-subscribewithgoogle.SubscribewithgoogleClientUi.en_US.wn-BM50GziE.es5.O/am=OBgwAw/d=1/excm=_b,_tp,serviceiframeview/ed=1/dg=0/wt=2/ujg=1/rs=ABXTjI6GprX4smCHmWFLvqBt6vGQYZIvfA/m=_b,_tp:289:415
c@https://www.gstatic.com/_/mss/boq-subscribewithgoogle/_/js/k=boq-subscribewithgoogle.SubscribewithgoogleClientUi.en_US.wn-BM50GziE.es5.O/am=OBgwAw/d=1/excm=_b,_tp,serviceiframeview/ed=1/dg=0/wt=2/ujg=1/rs=ABXTjI6GprX4smCHmWFLvqBt6vGQYZIvfA/m=_b,_tp:297:252
b@https://www.gstatic.com/_/mss/boq-subscribewithgoogle/_/js/k=boq-subscribewithgoogle.SubscribewithgoogleClientUi.en_US.wn-BM50GziE.es5.O/am=OBgwAw/d=1/excm=_b,_tp,serviceiframeview/ed=1/dg=0/wt=2/ujg=1/rs=ABXTjI6GprX4smCHmWFLvqBt6vGQYZIvfA/m=_b,_tp:288:48

console.warn: LoginRecipes: "Falling back to a synchronous message for: https://sso.int.accounts.dowjones.com."
console.warn: LoginRecipes: "Falling back to a synchronous message for: https://sso.int.accounts.dowjones.com."
console.warn: LoginRecipes: "Falling back to a synchronous message for: https://sso.int.accounts.dowjones.com."
console.warn: LoginRecipes: "Falling back to a synchronous message for: https://sso.int.accounts.dowjones.com."
JavaScript warning: https://www.googletagmanager.com/gtag/js?id=G-GJ5S1GJYKT, line 193: Script terminated by timeout at:
Oa@https://www.googletagmanager.com/gtag/js?id=G-GJ5S1GJYKT:193:90
Sa@https://www.googletagmanager.com/gtag/js?id=G-GJ5S1GJYKT:194:37
en@https://www.googletagmanager.com/gtag/js?id=G-GJ5S1GJYKT:395:470
dn.prototype.flush@https://www.googletagmanager.com/gtag/js?id=G-GJ5S1GJYKT:399:336
dn.prototype.push@https://www.googletagmanager.com/gtag/js?id=G-GJ5S1GJYKT:397:403
Xm@https://www.googletagmanager.com/gtag/js?id=G-GJ5S1GJYKT:394:785
tI/<@https://www.googletagmanager.com/gtag/js?id=G-GJ5S1GJYKT:722:187
aa.bl/<@https://www.googletagmanager.com/gtag/js?id=G-GJ5S1GJYKT:664:126
aa.bl/c/<@https://www.googletagmanager.com/gtag/js?id=G-GJ5S1GJYKT:663:420

JavaScript warning: https://cdn.gbqofs.com/sv/b/detector-bootstrap.min.js, line 0: Successfully compiled asm.js code (total compilation time 8ms)
1729834198913	Marionette	WARN	TimedPromise timed out after 500 ms: stacktrace:
TimedPromise/<@chrome://remote/content/marionette/sync.sys.mjs:219:24
TimedPromise@chrome://remote/content/marionette/sync.sys.mjs:203:10
interaction.flushEventLoop@chrome://remote/content/marionette/interaction.sys.mjs:467:10
webdriverClickElement@chrome://remote/content/marionette/interaction.sys.mjs:220:33
1729834203640	Marionette	WARN	TimedPromise timed out after 500 ms: stacktrace:
TimedPromise/<@chrome://remote/content/marionette/sync.sys.mjs:219:24
TimedPromise@chrome://remote/content/marionette/sync.sys.mjs:203:10
interaction.flushEventLoop@chrome://remote/content/marionette/interaction.sys.mjs:467:10
webdriverClickElement@chrome://remote/content/marionette/interaction.sys.mjs:220:33
1729834208790	Marionette	WARN	TimedPromise timed out after 500 ms: stacktrace:
TimedPromise/<@chrome://remote/content/marionette/sync.sys.mjs:219:24
TimedPromise@chrome://remote/content/marionette/sync.sys.mjs:203:10
interaction.flushEventLoop@chrome://remote/content/marionette/interaction.sys.mjs:467:10
webdriverClickElement@chrome://remote/content/marionette/interaction.sys.mjs:220:33
1729834212097	Marionette	WARN	TimedPromise timed out after 500 ms: stacktrace:
TimedPromise/<@chrome://remote/content/marionette/sync.sys.mjs:219:24
TimedPromise@chrome://remote/content/marionette/sync.sys.mjs:203:10
interaction.flushEventLoop@chrome://remote/content/marionette/interaction.sys.mjs:467:10
webdriverClickElement@chrome://remote/content/marionette/interaction.sys.mjs:220:33
1729834243245	Marionette	INFO	Stopped listening on port 52880
Dynamically enable window occlusion 1
