1738930688150	geckodriver	INFO	Listening on 127.0.0.1:65511
1738930691181	mozrunner::runner	INFO	Running command: "C:\\Program Files\\Mozilla Firefox\\firefox.exe" "--marionette" "--remote-debugging-port" "65512" "--remote-allow-hosts" "localhost" "-no-remote" "-profile" "D:\\Users\\sasikumarj\\AppData\\Local\\Temp\\rust_mozprofileNwTYkl"
console.warn: services.settings: Ignoring preference override of remote settings server
console.warn: services.settings: Allow by setting MOZ_REMOTE_SETTINGS_DEVTOOLS=1 in the environment
Dynamically enable window occlusion 0
1738930691811	Marionette	INFO	Marionette enabled
1738930692078	Marionette	INFO	Listening on port 65524
WebDriver BiDi listening on ws://127.0.0.1:65512
Read port: 65524
console.error: Policies: 
  Download failed - ERROR_CORRUPT_FILE - file://C:\Program Files\Snow Software\Inventory\Agent\FFCloudmetering.xpi
1738930692319	RemoteAgent	WARN	TLS certificate errors will be ignored for this session
DevTools listening on ws://127.0.0.1:65512/devtools/browser/b512e984-b5c5-4c5b-8fff-5bf3b47fe312
JavaScript error: https://cdn.cxense.com/sp1.html#ver=2.8.90&typ=pgv&rnd=m6uqftylq2ii74nz&sid=1133979867428110118&loc=https%3A%2F%2Fwww.penews.com%2F&new=1&arf=0&ltm=1738930698103&ref=&tzo=-330&wsz=1280x595&res=1280x720&dpr=1&col=24&bln=en-US&chs=UTF-8&cks=m6uqfu1okaxm5ckd&ckp=m6uqftylws6b7gpe&glb=&cp_userState=anon&cp_testGroup=55&cp_topDomain=penews.com&cp_template=full&cp_access=free&cp_section=Home&cp_subsection=&cp_cms_name=CAPS&cp_subscriber=nonsubscriber&cp_edition=europe%252Cgb&cp_bucket=4&cp_ab_bucket=64&cp_pageContentSource=Private%20Equity%20News%20Online&cp_pageContentType=Home&cp_pageContentTypeDetai=default&cp_pageSiteProduct=PEN&cp_userTags=&cp_sessionState=none, line 1: TypeError: cX.loadScript is not a function
JavaScript warning: https://pagead2.googlesyndication.com/bg/dKsKVnRDvnN7x3_VHBWCXOB1uWbHu1pWqkNfYXa-ZYg.js line 2 > eval line 6829 > eval line 1 > eval line 1 > eval, line 1: WEBGL_debug_renderer_info is deprecated in Firefox and will be removed. Please use RENDERER.
JavaScript warning: https://pagead2.googlesyndication.com/bg/dKsKVnRDvnN7x3_VHBWCXOB1uWbHu1pWqkNfYXa-ZYg.js line 2 > eval line 134 > eval line 1 > eval line 1 > eval, line 1: WEBGL_debug_renderer_info is deprecated in Firefox and will be removed. Please use RENDERER.
JavaScript warning: https://pagead2.googlesyndication.com/pagead/managed/js/activeview/current/ufs_web_display.js, line 91: Script terminated by timeout at:
N/</<@https://pagead2.googlesyndication.com/pagead/managed/js/activeview/current/ufs_web_display.js:91:471
M/this.Ed@https://pagead2.googlesyndication.com/pagead/managed/js/activeview/current/ufs_web_display.js:90:888
n.next@https://pagead2.googlesyndication.com/pagead/managed/js/activeview/current/ufs_web_display.js:80:523
pg/</</</<@https://pagead2.googlesyndication.com/pagead/managed/js/activeview/current/ufs_web_display.js:121:515
Sa.prototype.Tb/<@https://pagead2.googlesyndication.com/pagead/managed/js/activeview/current/ufs_web_display.js:48:315
pg/</</<@https://pagead2.googlesyndication.com/pagead/managed/js/activeview/current/ufs_web_display.js:121:524
tc.prototype.next@https://pagead2.googlesyndication.com/pagead/managed/js/activeview/current/ufs_web_display.js:81:218
n.Ed@https://pagead2.googlesyndication.com/pagead/managed/js/activeview/current/ufs_web_display.js:80:756
n.next@https://pagead2.googlesyndication.com/pagead/managed/js/activeview/current/ufs_web_display.js:80:523
zd/k/<@https://pagead2.googlesyndication.com/pagead/managed/js/activeview/current/ufs_web_display.js:92:510
M/this.Ed@https://pagead2.googlesyndication.com/pagead/managed/js/activeview/current/ufs_web_display.js:90:888
n.next@https://pagead2.googlesyndication.com/pagead/managed/js/activeview/current/ufs_web_display.js:80:523
h@https://pagead2.googlesyndication.com/pagead/managed/js/activeview/current/ufs_web_display.js:93:477

1738931187576	Marionette	INFO	Stopped listening on port 65524
Dynamically enable window occlusion 1
!!! error running onStopped callback: TypeError: callback is not a function
