1735203457484	geckodriver	INFO	Listening on 127.0.0.1:52386
1735203461070	mozrunner::runner	INFO	Running command: "C:\\Program Files\\Mozilla Firefox\\firefox.exe" "--marionette" "--remote-debugging-port" "52387" "--remote-allow-hosts" "localhost" "-no-remote" "-profile" "D:\\Users\\sasikumarj\\AppData\\Local\\Temp\\rust_mozprofile7EZGhs"
console.warn: services.settings: Ignoring preference override of remote settings server
console.warn: services.settings: Allow by setting MOZ_REMOTE_SETTINGS_DEVTOOLS=1 in the environment
Dynamically enable window occlusion 0
1735203463029	Marionette	INFO	Marionette enabled
1735203463866	Marionette	INFO	Listening on port 55895
WebDriver BiDi listening on ws://127.0.0.1:52387
Read port: 55895
1735203465350	RemoteAgent	WARN	TLS certificate errors will be ignored for this session
DevTools listening on ws://127.0.0.1:52387/devtools/browser/257b232e-0478-4c6a-a51d-31d63f9e1b44
JavaScript warning: https://cdn.gbqofs.com/sv/b/detector-bootstrap.min.js, line 0: Successfully compiled asm.js code (total compilation time 4ms)
JavaScript warning: https://pagead2.googlesyndication.com/bg/pyMTr0nkmN6cL6IgtDyOeR9sHSfyHchE6TDXG14OT6s.js line 2 > eval line 5926 > eval line 1 > eval line 1 > eval, line 1: WEBGL_debug_renderer_info is deprecated in Firefox and will be removed. Please use RENDERER.
1735203482499	Marionette	WARN	Ignoring event 'DOMContentLoaded' because document has an invalid readyState of 'complete'.
JavaScript error: , line 0: TypeError: NetworkError when attempting to fetch resource.
JavaScript warning: https://www.wsj.com/_next/static/chunks/main-dd42b5b1d95e8eb2.js, line 1: Script terminated by timeout at:
78018/A/<@https://www.wsj.com/_next/static/chunks/main-dd42b5b1d95e8eb2.js:1:120724
r@https://www.wsj.com/_next/static/chunks/main-dd42b5b1d95e8eb2.js:1:117910
nrWrapper@https://www.wsj.com/:194:17880

1735203485342	Marionette	WARN	Ignoring event 'pageshow' because document has an invalid readyState of 'uninitialized'.
JavaScript warning: https://gum.criteo.com/syncframe?origin=criteoPrebidAdapter&topUrl=www.wsj.com&us_privacy=1---&gpp=DBAA&gpp_sid=-1#{%22cw%22:true,%22lsw%22:true,%22origin%22:%22criteoPrebidAdapter%22,%22requestId%22:%220.9124992269988673%22,%22tld%22:%22www.wsj.com%22,%22topUrl%22:%22www.wsj.com%22,%22version%22:%229_12_0%22}, line 13: Script terminated by timeout at:
r.prototype.flushEventQueue@https://gum.criteo.com/syncframe?origin=criteoPrebidAdapter&topUrl=www.wsj.com&us_privacy=1---&gpp=DBAA&gpp_sid=-1#{%22cw%22:true,%22lsw%22:true,%22origin%22:%22criteoPrebidAdapter%22,%22requestId%22:%220.9124992269988673%22,%22tld%22:%22www.wsj.com%22,%22topUrl%22:%22www.wsj.com%22,%22version%22:%229_12_0%22}:13:3137
r/<@https://gum.criteo.com/syncframe?origin=criteoPrebidAdapter&topUrl=www.wsj.com&us_privacy=1---&gpp=DBAA&gpp_sid=-1#{%22cw%22:true,%22lsw%22:true,%22origin%22:%22criteoPrebidAdapter%22,%22requestId%22:%220.9124992269988673%22,%22tld%22:%22www.wsj.com%22,%22topUrl%22:%22www.wsj.com%22,%22version%22:%229_12_0%22}:13:3642

console.warn: LoginRecipes: "Falling back to a synchronous message for: https://sso.accounts.dowjones.com."
console.warn: LoginRecipes: "Falling back to a synchronous message for: https://sso.accounts.dowjones.com."
JavaScript warning: https://www.googletagmanager.com/gtag/js?id=G-K2H7B9JRSS, line 714: Script terminated by timeout at:
h.Wh@https://www.googletagmanager.com/gtag/js?id=G-K2H7B9JRSS:714:487
get@https://www.googletagmanager.com/gtag/js?id=G-K2H7B9JRSS:713:119
stop@https://www.googletagmanager.com/gtag/js?id=G-K2H7B9JRSS:713:87
h.Bl/c/<@https://www.googletagmanager.com/gtag/js?id=G-K2H7B9JRSS:713:410

JavaScript warning: https://cdn.gbqofs.com/sv/b/detector-bootstrap.min.js, line 0: Successfully compiled asm.js code (total compilation time 2ms)
1735203507943	Marionette	INFO	Stopped listening on port 55895
JavaScript warning: https://www.googletagmanager.com/gtag/js?id=AW-1071306083&l=dataLayer&cx=c&gtm=45je4cc1v9177788093za200, line 466: Script terminated by timeout at:
mu@https://www.googletagmanager.com/gtag/js?id=AW-1071306083&l=dataLayer&cx=c&gtm=45je4cc1v9177788093za200:466:270
nu@https://www.googletagmanager.com/gtag/js?id=AW-1071306083&l=dataLayer&cx=c&gtm=45je4cc1v9177788093za200:467:70
Xu@https://www.googletagmanager.com/gtag/js?id=AW-1071306083&l=dataLayer&cx=c&gtm=45je4cc1v9177788093za200:482:213
nE@https://www.googletagmanager.com/gtag/js?id=AW-1071306083&l=dataLayer&cx=c&gtm=45je4cc1v9177788093za200:624:350
f@https://www.googletagmanager.com/gtag/js?id=AW-1071306083&l=dataLayer&cx=c&gtm=45je4cc1v9177788093za200:626:21
pE/<@https://www.googletagmanager.com/gtag/js?id=AW-1071306083&l=dataLayer&cx=c&gtm=45je4cc1v9177788093za200:628:52
el@https://www.googletagmanager.com/gtag/js?id=AW-1071306083&l=dataLayer&cx=c&gtm=45je4cc1v9177788093za200:315:151
El@https://www.googletagmanager.com/gtag/js?id=AW-1071306083&l=dataLayer&cx=c&gtm=45je4cc1v9177788093za200:320:434
pE@https://www.googletagmanager.com/gtag/js?id=AW-1071306083&l=dataLayer&cx=c&gtm=45je4cc1v9177788093za200:628:40
fn@https://www.googletagmanager.com/gtag/js?id=AW-1071306083&l=dataLayer&cx=c&gtm=45je4cc1v9177788093za200:336:28
en.prototype.flush@https://www.googletagmanager.com/gtag/js?id=AW-1071306083&l=dataLayer&cx=c&gtm=45je4cc1v9177788093za200:338:337
en.prototype.push@https://www.googletagmanager.com/gtag/js?id=AW-1071306083&l=dataLayer&cx=c&gtm=45je4cc1v9177788093za200:336:431
Ym@https://www.googletagmanager.com/gtag/js?id=AW-1071306083&l=dataLayer&cx=c&gtm=45je4cc1v9177788093za200:333:766
event@https://www.googletagmanager.com/gtag/js?id=AW-1071306083&l=dataLayer&cx=c&gtm=45je4cc1v9177788093za200:573:216
Sz@https://www.googletagmanager.com/gtag/js?id=AW-1071306083&l=dataLayer&cx=c&gtm=45je4cc1v9177788093za200:579:469
Wz/b.push@https://www.googletagmanager.com/gtag/js?id=AW-1071306083&l=dataLayer&cx=c&gtm=45je4cc1v9177788093za200:584:320
Wz/b.push@https://www.googletagmanager.com/gtag/js?id=AW-726265553&l=dataLayer&cx=c&gtm=45je4cc1v9177788093za200:537:170
Wz/b.push@https://www.googletagmanager.com/gtag/js?id=AW-10814942520&l=dataLayer&cx=c&gtm=45je4cc1v9177788093za200:551:170
Nz@https://www.googletagmanager.com/gtag/js?id=AW-1071306083&l=dataLayer&cx=c&gtm=45je4cc1v9177788093za200:584:496
vD/<@https://www.googletagmanager.com/gtag/js?id=AW-1071306083&l=dataLayer&cx=c&gtm=45je4cc1v9177788093za200:614:167
wD/</f<@https://www.googletagmanager.com/gtag/js?id=AW-1071306083&l=dataLayer&cx=c&gtm=45je4cc1v9177788093za200:613:190

Dynamically enable window occlusion 1
