1739085468764	geckodriver	INFO	Listening on 127.0.0.1:61729
1739085471812	mozrunner::runner	INFO	Running command: "C:\\Program Files\\Mozilla Firefox\\firefox.exe" "--marionette" "--remote-debugging-port" "61730" "--remote-allow-hosts" "localhost" "-no-remote" "-profile" "D:\\Users\\sasikumarj\\AppData\\Local\\Temp\\rust_mozprofilepaksRN"
console.warn: services.settings: Ignoring preference override of remote settings server
console.warn: services.settings: Allow by setting MOZ_REMOTE_SETTINGS_DEVTOOLS=1 in the environment
Dynamically enable window occlusion 0
1739085472431	Marionette	INFO	Marionette enabled
1739085472675	Marionette	INFO	Listening on port 61741
WebDriver BiDi listening on ws://127.0.0.1:61730
Read port: 61741
console.error: Policies: 
  Download failed - ERROR_CORRUPT_FILE - file://C:\Program Files\Snow Software\Inventory\Agent\FFCloudmetering.xpi
1739085472922	RemoteAgent	WARN	TLS certificate errors will be ignored for this session
DevTools listening on ws://127.0.0.1:61730/devtools/browser/fb771ca0-5a30-4a49-bf4d-e7381778857d
JavaScript error: https://cdn.cxense.com/sp1.html#ver=2.8.90&typ=pgv&rnd=m6xalcdd3pvcetbb&sid=1134007940894473081&loc=https%3A%2F%2Fwww.mansionglobal.com%2F&new=1&arf=0&ltm=1739085479911&ref=&tzo=-330&wsz=1280x595&res=1280x720&dpr=1&col=24&bln=en-US&chs=UTF-8&cks=m6xalcp7mr16e6gc&ckp=m6xalcddqm215uvb&glb=&cp_userState=anon&cp_testGroup=80&cp_topDomain=mansionglobal.com&cp_template=full&cp_access=free&cp_section=Home&cp_subsection=&cp_cms_name=CMS%20Wordpress&cp_subscriber=nonsubscriber&cp_edition=na%252Cus&cp_bucket=1&cp_ab_bucket=91&cp_pageContentSource=Mansion%20Global&cp_pageContentType=Home&cp_pageContentTypeDetai=default&cp_pageSiteProduct=MG&cp_userTags=&cp_sessionState=none, line 1: TypeError: cX.loadScript is not a function
JavaScript warning: https://pagead2.googlesyndication.com/bg/vbSiC3rXZjPvfLONVMSWfstygVHLPM3jd4I4vl9RjYk.js line 2 > eval line 5926 > eval line 1 > eval line 1 > eval, line 1: WEBGL_debug_renderer_info is deprecated in Firefox and will be removed. Please use RENDERER.
JavaScript warning: https://www.mansionglobal.com/articles/are-there-tax-breaks-on-agricultural-land-in-pennsylvania-01648119848, line 114: Script terminated by timeout at:
nrWrapper@https://www.mansionglobal.com/articles/are-there-tax-breaks-on-agricultural-land-in-pennsylvania-01648119848:114:17609

JavaScript warning: https://static.cdninstagram.com/rsrc.php/v4iy674/yM/l/en_US/f8BU-fMqxkd.js, line 114: Script terminated by timeout at:
i.canUseNavigatorBeacon@https://static.cdninstagram.com/rsrc.php/v4iy674/yM/l/en_US/f8BU-fMqxkd.js:114:4276
C@https://static.cdninstagram.com/rsrc.php/v4iy674/yM/l/en_US/f8BU-fMqxkd.js:114:1597
i._initialize/<@https://static.cdninstagram.com/rsrc.php/v4iy674/yM/l/en_US/f8BU-fMqxkd.js:114:4912
d@https://static.cdninstagram.com/rsrc.php/v4iy674/yM/l/en_US/f8BU-fMqxkd.js:30:158

JavaScript warning: https://imasdk.googleapis.com/js/core/bridge3.684.0_en.html#fid=goog_751566949, line 457: Script terminated by timeout at:
hD@https://imasdk.googleapis.com/js/core/bridge3.684.0_en.html#fid=goog_751566949:457:275
kD/this.ba@https://imasdk.googleapis.com/js/core/bridge3.684.0_en.html#fid=goog_751566949:454:342

JavaScript warning: https://pagead2.googlesyndication.com/pagead/managed/js/activeview/current/ufs_web_display.js, line 78: Script terminated by timeout at:
n.unsubscribe@https://pagead2.googlesyndication.com/pagead/managed/js/activeview/current/ufs_web_display.js:78:311
n.unsubscribe@https://pagead2.googlesyndication.com/pagead/managed/js/activeview/current/ufs_web_display.js:80:709
n.Kc@https://pagead2.googlesyndication.com/pagead/managed/js/activeview/current/ufs_web_display.js:81:113
n.complete@https://pagead2.googlesyndication.com/pagead/managed/js/activeview/current/ufs_web_display.js:80:628
n.Kc@https://pagead2.googlesyndication.com/pagead/managed/js/activeview/current/ufs_web_display.js:81:97
n.complete@https://pagead2.googlesyndication.com/pagead/managed/js/activeview/current/ufs_web_display.js:80:628
n.complete@https://pagead2.googlesyndication.com/pagead/managed/js/activeview/current/ufs_web_display.js:84:93
kd.prototype.connect/<@https://pagead2.googlesyndication.com/pagead/managed/js/activeview/current/ufs_web_display.js:91:187
M/this.Kc@https://pagead2.googlesyndication.com/pagead/managed/js/activeview/current/ufs_web_display.js:90:1046
n.complete@https://pagead2.googlesyndication.com/pagead/managed/js/activeview/current/ufs_web_display.js:80:628
hh/c/</</<@https://pagead2.googlesyndication.com/pagead/managed/js/activeview/current/ufs_web_display.js:131:430
Xa@https://pagead2.googlesyndication.com/pagead/managed/js/activeview/current/ufs_web_display.js:49:339
Ua.prototype.flush@https://pagead2.googlesyndication.com/pagead/managed/js/activeview/current/ufs_web_display.js:49:127
Wa@https://pagead2.googlesyndication.com/pagead/managed/js/activeview/current/ufs_web_display.js:48:483
hh/c/</<@https://pagead2.googlesyndication.com/pagead/managed/js/activeview/current/ufs_web_display.js:131:292
tc.prototype.next@https://pagead2.googlesyndication.com/pagead/managed/js/activeview/current/ufs_web_display.js:81:218
n.Ed@https://pagead2.googlesyndication.com/pagead/managed/js/activeview/current/ufs_web_display.js:80:756
n.next@https://pagead2.googlesyndication.com/pagead/managed/js/activeview/current/ufs_web_display.js:80:523
pg/</</</<@https://pagead2.googlesyndication.com/pagead/managed/js/activeview/current/ufs_web_display.js:121:515
Sa.prototype.Tb/<@https://pagead2.googlesyndication.com/pagead/managed/js/activeview/current/ufs_web_display.js:48:315
pg/</</<@https://pagead2.googlesyndication.com/pagead/managed/js/activeview/current/ufs_web_display.js:121:524
tc.prototype.next@https://pagead2.googlesyndication.com/pagead/managed/js/activeview/current/ufs_web_display.js:81:218
n.Ed@https://pagead2.googlesyndication.com/pagead/managed/js/activeview/current/ufs_web_display.js:80:756
n.next@https://pagead2.googlesyndication.com/pagead/managed/js/activeview/current/ufs_web_display.js:80:523
pg/</</</<@https://pagead2.googlesyndication.com/pagead/managed/js/activeview/current/ufs_web_display.js:121:515
Sa.prototype.Tb/<@https://pagead2.googlesyndication.com/pagead/managed/js/activeview/current/ufs_web_display.js:48:315
pg/</</<@https://pagead2.googlesyndication.com/pagead/managed/js/activeview/current/ufs_web_display.js:121:524
tc.prototype.next@https://pagead2.googlesyndication.com/pagead/managed/js/activeview/current/ufs_web_display.js:81:218
n.Ed@https://pagead2.googlesyndication.com/pagead/managed/js/activeview/current/ufs_web_display.js:80:756
n.next@https://pagead2.googlesyndication.com/pagead/managed/js/activeview/current/ufs_web_display.js:80:523
h@https://pagead2.googlesyndication.com/pagead/managed/js/activeview/current/ufs_web_display.js:93:477

JavaScript warning: https://www.youtube-nocookie.com/s/player/9c6dfc4a/www-embed-player.vflset/www-embed-player.js, line 950: Script terminated by timeout at:
tm/<@https://www.youtube-nocookie.com/s/player/9c6dfc4a/www-embed-player.vflset/www-embed-player.js:950:47

JavaScript warning: https://fpt.live.com/?session_id=a30da6f3849544d7989a1006121ef505&CustomerId=33e01921-4d64-4f8c-a055-5bdaffd5e33d&PageId=SI, line 5: WEBGL_debug_renderer_info is deprecated in Firefox and will be removed. Please use RENDERER.
console.warn: LoginRecipes: "Falling back to a synchronous message for: https://login.live.com."
console.warn: LoginRecipes: "Falling back to a synchronous message for: https://login.live.com."
console.error: ({})
1739085509370	Marionette	WARN	Ignoring event 'DOMContentLoaded' because document has an invalid readyState of 'complete'.
JavaScript warning: https://res-1.cdn.office.net/midgard/versionless/livepersonacard_without-react_44cd24035cb31cfc94c2.js, line 2: unreachable code after return statement
JavaScript warning: https://pagead2.googlesyndication.com/bg/vbSiC3rXZjPvfLONVMSWfstygVHLPM3jd4I4vl9RjYk.js line 2 > eval line 24 > eval line 1 > eval line 1 > eval, line 1: WEBGL_debug_renderer_info is deprecated in Firefox and will be removed. Please use RENDERER.
JavaScript warning: https://cdn.adnxs.com/v/s/247/trk.js, line 131: Script terminated by timeout at:
io@https://cdn.adnxs.com/v/s/247/trk.js:131:25
ed@https://cdn.adnxs.com/v/s/247/trk.js:444:84
ed@https://cdn.adnxs.com/v/s/247/trk.js:444:148
ed@https://cdn.adnxs.com/v/s/247/trk.js:444:148
ed@https://cdn.adnxs.com/v/s/247/trk.js:444:148
_.lb@https://cdn.adnxs.com/v/s/247/trk.js:560:16647
nh@https://cdn.adnxs.com/v/s/247/trk.js:404:85
Th@https://cdn.adnxs.com/v/s/247/trk.js:450:65
uc@https://cdn.adnxs.com/v/s/247/trk.js:248:34
oc@https://cdn.adnxs.com/v/s/247/trk.js:539:181
_.L@https://cdn.adnxs.com/v/s/247/trk.js:560:3759
Cc@https://cdn.adnxs.com/v/s/247/trk.js:449:27
_.B@https://cdn.adnxs.com/v/s/247/trk.js:560:3303
_.C@https://cdn.adnxs.com/v/s/247/trk.js:560:1376
md/<@https://cdn.adnxs.com/v/s/247/trk.js:560:5629

JavaScript warning: https://cdn.adnxs.com/v/s/247/trk.js, line 143: Script terminated by timeout at:
ej@https://cdn.adnxs.com/v/s/247/trk.js:143:19
gj@https://cdn.adnxs.com/v/s/247/trk.js:512:122
Ui@https://cdn.adnxs.com/v/s/247/trk.js:255:32
Ri@https://cdn.adnxs.com/v/s/247/trk.js:514:55
Uh@https://cdn.adnxs.com/v/s/247/trk.js:365:26
Cc@https://cdn.adnxs.com/v/s/247/trk.js:449:76
_.B@https://cdn.adnxs.com/v/s/247/trk.js:560:3303
_.C@https://cdn.adnxs.com/v/s/247/trk.js:560:1376
md/<@https://cdn.adnxs.com/v/s/247/trk.js:560:5629

JavaScript warning: https://gum.criteo.com/syncframe?origin=rtus&topUrl=outlook.live.com&gdpr=0&gdpr_consent=#{%22lwid%22:{%22value%22:null,%22origin%22:0},%22bundle%22:{%22value%22:null,%22origin%22:0},%22optout%22:{%22value%22:false,%22origin%22:0},%22tld%22:%22adnxs-simple.com%22,%22topUrl%22:%22outlook.live.com%22,%22cw%22:true,%22lsw%22:true,%22origin%22:%22rtus%22,%22rtusCallerId%22:30,%22requestId%22:%220.8795822239947149%22}, line 13: Script terminated by timeout at:
r.prototype.flushEventQueue@https://gum.criteo.com/syncframe?origin=rtus&topUrl=outlook.live.com&gdpr=0&gdpr_consent=#{%22lwid%22:{%22value%22:null,%22origin%22:0},%22bundle%22:{%22value%22:null,%22origin%22:0},%22optout%22:{%22value%22:false,%22origin%22:0},%22tld%22:%22adnxs-simple.com%22,%22topUrl%22:%22outlook.live.com%22,%22cw%22:true,%22lsw%22:true,%22origin%22:%22rtus%22,%22rtusCallerId%22:30,%22requestId%22:%220.8795822239947149%22}:13:3137
r/<@https://gum.criteo.com/syncframe?origin=rtus&topUrl=outlook.live.com&gdpr=0&gdpr_consent=#{%22lwid%22:{%22value%22:null,%22origin%22:0},%22bundle%22:{%22value%22:null,%22origin%22:0},%22optout%22:{%22value%22:false,%22origin%22:0},%22tld%22:%22adnxs-simple.com%22,%22topUrl%22:%22outlook.live.com%22,%22cw%22:true,%22lsw%22:true,%22origin%22:%22rtus%22,%22rtusCallerId%22:30,%22requestId%22:%220.8795822239947149%22}:13:3642

console.warn: WindowsJumpLists: "Failed to fetch favicon for " "https://login.live.com/login.srf?wa=wsignin1.0&rpsnv=171&ct=1739085509&rver=7.5.2211.0&wp=MBI_SSL&wreply=https%3a%2f%2foutlook.live.com%2fowa%2f%3fnlp%3d1%26RpsCsrfState%3d25804b2d-1ec8-a813-796a-84dcfd1006da%26wa%3dwsignin1.0&id=292841&aadredir=1&CBCXT=out&lw=1&fl=dob%2cflname%2cwld&cobrandid=90015" ({})
1739085602648	Marionette	INFO	Stopped listening on port 61741
JavaScript warning: https://res.public.onecdn.static.microsoft/owamail/hashed-v1/scripts/owa.JquerySignalR.m.29b5b166.js, line 1: Script terminated by timeout at:
stop@https://res.public.onecdn.static.microsoft/owamail/hashed-v1/scripts/owa.JquerySignalR.m.29b5b166.js:1:31592
stop@https://res.public.onecdn.static.microsoft/owamail/hashed-v1/scripts/owa.JquerySignalR.m.29b5b166.js:1:17556
366872/eR/h.stop@https://res.public.onecdn.static.microsoft/owamail/hashed-v1/scripts/owa.Notification.m.3cb64170.js:1:55030
249580/start/l/</</<@https://res.public.onecdn.static.microsoft/owamail/hashed-v1/scripts/owa.JquerySignalR.m.29b5b166.js:1:12963

Dynamically enable window occlusion 1
