1735285542156	geckodriver	INFO	Listening on 127.0.0.1:49486
1735285545227	mozrunner::runner	INFO	Running command: "C:\\Program Files\\Mozilla Firefox\\firefox.exe" "--marionette" "--remote-debugging-port" "49487" "--remote-allow-hosts" "localhost" "-no-remote" "-profile" "D:\\Users\\sasikumarj\\AppData\\Local\\Temp\\rust_mozprofilefCkkfn"
console.warn: services.settings: Ignoring preference override of remote settings server
console.warn: services.settings: Allow by setting MOZ_REMOTE_SETTINGS_DEVTOOLS=1 in the environment
Dynamically enable window occlusion 0
1735285546537	Marionette	INFO	Marionette enabled
1735285546836	Marionette	INFO	Listening on port 49505
WebDriver BiDi listening on ws://127.0.0.1:49487
Read port: 49505
1735285547142	RemoteAgent	WARN	TLS certificate errors will be ignored for this session
DevTools listening on ws://127.0.0.1:49487/devtools/browser/f07dfd02-d6bf-4374-a446-2c5ad77514ee
JavaScript error: , line 0: uncaught exception: undefined
JavaScript warning: https://www.marketwatch.com/, line 358: Script terminated by timeout at:
p@https://www.marketwatch.com/:358:10698
N/<@https://www.marketwatch.com/:358:34663

console.warn: LoginRecipes: "Falling back to a synchronous message for: https://sso.accounts.dowjones.com."
console.warn: LoginRecipes: "Falling back to a synchronous message for: https://sso.accounts.dowjones.com."
JavaScript warning: https://cdn.gbqofs.com/sv/b/detector-bootstrap.min.js, line 0: Successfully compiled asm.js code (total compilation time 4ms)
JavaScript error: https://cdn.cxense.com/sp1.html#ver=2.8.87&typ=pgv&rnd=m56g82rbbo42v4w5&sid=9222325317970825873&loc=https%3A%2F%2Fwww.marketwatch.com%2Ffollow&new=1&arf=0&ltm=1735285569529&ref=https%3A%2F%2Fsso.accounts.dowjones.com%2F&tzo=-330&wsz=1280x595&res=1280x720&dpr=1&col=24&bln=en-US&chs=UTF-8&cks=m56g839zavzpm8fb&ckp=m56g82rb2zda9io3&glb=&eid0=e4cefa22ef027cc0132f0c218da37da39cdb3228234af4df969b5c463592e123&eit0=wsj&cp_userState=anon&cp_testGroup=72&cp_topDomain=marketwatch.com&cp_template=full&cp_access=free&cp_section=Follow&cp_subsection=mw&cp_cms_name=CAPS&cp_subscriber=registered&cp_edition=na%252Cus&cp_bucket=6&cp_ab_bucket=16&cp_pageContentSource=MarketWatch&cp_pageContentType=Follow&cp_pageContentTypeDetai=follow&cp_pageSiteProduct=MW&cp_userTags=&cp_sessionState=ca, line 1: TypeError: cX.loadScript is not a function
JavaScript warning: https://cdn.gbqofs.com/sv/b/detector-bootstrap.min.js, line 0: Successfully compiled asm.js code (total compilation time 1ms)
1735285589621	Marionette	INFO	Stopped listening on port 49505
Dynamically enable window occlusion 1
