1729836492743	geckodriver	INFO	Listening on 127.0.0.1:55195
1729836495790	mozrunner::runner	INFO	Running command: "C:\\Program Files\\Mozilla Firefox\\firefox.exe" "--marionette" "--remote-debugging-port" "55196" "--remote-allow-hosts" "localhost" "-no-remote" "-profile" "D:\\Users\\sasikumarj\\AppData\\Local\\Temp\\rust_mozprofileuCfa0f"
console.warn: services.settings: Ignoring preference override of remote settings server
console.warn: services.settings: Allow by setting MOZ_REMOTE_SETTINGS_DEVTOOLS=1 in the environment
Dynamically enable window occlusion 0
1729836496517	Marionette	INFO	Marionette enabled
1729836496789	Marionette	INFO	Listening on port 55203
WebDriver BiDi listening on ws://127.0.0.1:55196
Read port: 55203
1729836497049	RemoteAgent	WARN	TLS certificate errors will be ignored for this session
DevTools listening on ws://127.0.0.1:55196/devtools/browser/2c261a9e-1b01-486f-9d77-ecf6c82897db
JavaScript warning: https://www.dev.marketwatch.com/_next/static/chunks/main-7c2c5b4ee7ae4ea0.js, line 1: unreachable code after return statement
JavaScript error: https://cdn.cxense.com/sp1.html#ver=2.8.82&typ=pgv&rnd=m2obzpmmq73cxiwv&sid=1138573015853471556&loc=https%3A%2F%2Fwww.dev.marketwatch.com%2Fauthor%2FCatey-Hill&new=1&arf=0&ltm=1729836504963&ref=&tzo=-330&wsz=1278x497&res=1278x622&dpr=1&col=24&bln=en-US&chs=UTF-8&cks=m2obzptt2suinonn&ckp=m2obzpmmu7mhd0gj&glb=&cp_userState=anon&cp_testGroup=14&cp_env=staging&cp_topDomain=marketwatch.com&cp_template=full&cp_access=free&cp_section=Author&cp_subsection=Catey%20Hill&cp_cms_name=Peavey&cp_subscriber=nonsubscriber&cp_edition=naus&cp_bucket=1&cp_ab_bucket=51&cp_pageContentSource=MarketWatch&cp_pageContentType=Summaries&cp_pageContentTypeDetai=default&cp_pageSiteProduct=MW&cp_userTags=&cp_sessionState=none, line 1: TypeError: cX.loadScript is not a function
JavaScript error: , line 0: uncaught exception: out of memory
JavaScript error: https://tagan.adlightning.com/newscorp-marketwatch-aps/op.js, line 1: uncaught exception: out of memory
out of memory: 0x0000000000001000 bytes requested
JavaScript error: , line 0: uncaught exception: out of memory
JavaScript error: https://www.dev.marketwatch.com/author/Catey-Hill, line 22: ReferenceError: osdlfm is not defined
A content process crashed and MOZ_CRASHREPORTER_SHUTDOWN is set, shutting down
1729836511113	Marionette	INFO	Stopped listening on port 55203
Dynamically enable window occlusion 1
