1739084179595	geckodriver	INFO	Listening on 127.0.0.1:55863
1739084182638	mozrunner::runner	INFO	Running command: "C:\\Program Files\\Mozilla Firefox\\firefox.exe" "--marionette" "--remote-debugging-port" "55864" "--remote-allow-hosts" "localhost" "-no-remote" "-profile" "D:\\Users\\sasikumarj\\AppData\\Local\\Temp\\rust_mozprofilejFPJfs"
console.warn: services.settings: Ignoring preference override of remote settings server
console.warn: services.settings: Allow by setting MOZ_REMOTE_SETTINGS_DEVTOOLS=1 in the environment
Dynamically enable window occlusion 0
1739084183256	Marionette	INFO	Marionette enabled
1739084183506	Marionette	INFO	Listening on port 55876
WebDriver BiDi listening on ws://127.0.0.1:55864
Read port: 55876
console.error: Policies: 
  Download failed - ERROR_CORRUPT_FILE - file://C:\Program Files\Snow Software\Inventory\Agent\FFCloudmetering.xpi
1739084183767	RemoteAgent	WARN	TLS certificate errors will be ignored for this session
DevTools listening on ws://127.0.0.1:55864/devtools/browser/444590d1-08bc-4d6d-9de8-f51bce7216d7
JavaScript error: https://cdn.cxense.com/sp1.html#ver=2.8.90&typ=pgv&rnd=m6x9tq4bze9krafw&sid=1139592114930554183&loc=https%3A%2F%2Fwww.fnlondon.com%2Farticles%2Fcomplaints-commissioner-fca-transparency-20220615&new=1&arf=0&ltm=1739084191363&ref=&tzo=-330&wsz=1280x595&res=1280x720&dpr=1&col=24&bln=en-US&chs=UTF-8&cks=m6x9tq9c5rk0h8lx&ckp=m6x9tq4b42m8cyxd&glb=&amo=1677944280&cp_userState=anon&cp_testGroup=56&cp_topDomain=fnlondon.com&cp_pwTag=default&cp_pwPlacement=cx-snippetad&cp_pwCampaign=6&cp_type=Politics&cp_template=preview&cp_access=paid&cp_section=Politics&cp_subsection=Politics&cp_cms_name=Wordpress&cp_subscriber=nonsubscriber&cp_edition=naus&cp_bucket=1&cp_ab_bucket=21&cp_pageContentSource=FN%20London&cp_pageContentType=Article&cp_pageContentTypeDetai=article&cp_pageSiteProduct=FN&cp_userTags=&cp_sessionState=none, line 1: TypeError: cX.loadScript is not a function
JavaScript warning: https://www.fnlondon.com/articles/complaints-commissioner-fca-transparency-20220615, line 306: Script terminated by timeout at:
emit@https://www.fnlondon.com/articles/complaints-commissioner-fca-transparency-20220615:306:9509
Me/</e[r]@https://www.fnlondon.com/articles/complaints-commissioner-fca-transparency-20220615:306:52801
f@https://securepubads.g.doubleclick.net/pagead/managed/js/gpt/m202502040101/pubads_impl.js:33:162547
aC/<@https://securepubads.g.doubleclick.net/pagead/managed/js/gpt/m202502040101/pubads_impl.js:33:162585
nrWrapper@https://www.fnlondon.com/articles/complaints-commissioner-fca-transparency-20220615:306:17759
e@https://www.fnlondon.com/articles/complaints-commissioner-fca-transparency-20220615:306:52209
aC@https://securepubads.g.doubleclick.net/pagead/managed/js/gpt/m202502040101/pubads_impl.js:33:162473
_.Gg@https://securepubads.g.doubleclick.net/pagead/managed/js/gpt/m202502040101/pubads_impl.js:33:162623
pk@https://securepubads.g.doubleclick.net/pagead/managed/js/gpt/m202502040101/pubads_impl.js:33:55934
YS.prototype.start/<@https://securepubads.g.doubleclick.net/pagead/managed/js/gpt/m202502040101/pubads_impl.js:33:298398
YB@https://securepubads.g.doubleclick.net/pagead/managed/js/gpt/m202502040101/pubads_impl.js:33:161876
$B/this.next@https://securepubads.g.doubleclick.net/pagead/managed/js/gpt/m202502040101/pubads_impl.js:33:162175
aC/<@https://securepubads.g.doubleclick.net/pagead/managed/js/gpt/m202502040101/pubads_impl.js:33:162588
nrWrapper@https://www.fnlondon.com/articles/complaints-commissioner-fca-transparency-20220615:306:17759
e@https://www.fnlondon.com/articles/complaints-commissioner-fca-transparency-20220615:306:52209
aC@https://securepubads.g.doubleclick.net/pagead/managed/js/gpt/m202502040101/pubads_impl.js:33:162473
_.Gg@https://securepubads.g.doubleclick.net/pagead/managed/js/gpt/m202502040101/pubads_impl.js:33:162623
YS.prototype.start@https://securepubads.g.doubleclick.net/pagead/managed/js/gpt/m202502040101/pubads_impl.js:33:298307
tw/<@https://securepubads.g.doubleclick.net/pagead/managed/js/gpt/m202502040101/pubads_impl.js:33:302159
YB@https://securepubads.g.doubleclick.net/pagead/managed/js/gpt/m202502040101/pubads_impl.js:33:161876
$B/this.next@https://securepubads.g.doubleclick.net/pagead/managed/js/gpt/m202502040101/pubads_impl.js:33:162175
aC/<@https://securepubads.g.doubleclick.net/pagead/managed/js/gpt/m202502040101/pubads_impl.js:33:162588
nrWrapper@https://www.fnlondon.com/articles/complaints-commissioner-fca-transparency-20220615:306:17759
e@https://www.fnlondon.com/articles/complaints-commissioner-fca-transparency-20220615:306:52209
aC@https://securepubads.g.doubleclick.net/pagead/managed/js/gpt/m202502040101/pubads_impl.js:33:162473
_.Gg@https://securepubads.g.doubleclick.net/pagead/managed/js/gpt/m202502040101/pubads_impl.js:33:162623
tw@https://securepubads.g.doubleclick.net/pagead/managed/js/gpt/m202502040101/pubads_impl.js:33:301957
O.prototype.run@https://securepubads.g.doubleclick.net/pagead/managed/js/gpt/m202502040101/pubads_impl.js:33:302591
z1.prototype.g@https://securepubads.g.doubleclick.net/pagead/managed/js/gpt/m202502040101/pubads_impl.js:33:510101
YS.prototype.start/<@https://securepubads.g.doubleclick.net/pagead/managed/js/gpt/m202502040101/pubads_impl.js:33:298587
YB@https://securepubads.g.doubleclick.net/pagead/managed/js/gpt/m202502040101/pubads_impl.js:33:161876
$B/this.next@https://securepubads.g.doubleclick.net/pagead/managed/js/gpt/m202502040101/pubads_impl.js:33:162175
b@https://securepubads.g.doubleclick.net/pagead/managed/js/gpt/m202502040101/pubads_impl.js:33:162426
nrWrapper@https://www.fnlondon.com/articles/complaints-commissioner-fca-transparency-20220615:306:17759

JavaScript warning: https://fpt.live.com/?session_id=8d07bc05467247628e7c0c5844b04b7f&CustomerId=33e01921-4d64-4f8c-a055-5bdaffd5e33d&PageId=SI, line 5: WEBGL_debug_renderer_info is deprecated in Firefox and will be removed. Please use RENDERER.
console.warn: LoginRecipes: "Falling back to a synchronous message for: https://login.live.com."
console.warn: LoginRecipes: "Falling back to a synchronous message for: https://login.live.com."
console.error: ({})
1739084213153	Marionette	WARN	Ignoring event 'DOMContentLoaded' because document has an invalid readyState of 'complete'.
JavaScript warning: https://res-1.cdn.office.net/midgard/versionless/livepersonacard_without-react_44cd24035cb31cfc94c2.js, line 2: unreachable code after return statement
JavaScript warning: https://cdn.adnxs.com/v/s/247/trk.js, line 560: Script terminated by timeout at:
_.C@https://cdn.adnxs.com/v/s/247/trk.js:560:1358
md/<@https://cdn.adnxs.com/v/s/247/trk.js:560:5629

JavaScript warning: https://gum.criteo.com/syncframe?origin=rtus&topUrl=outlook.live.com&gdpr=0&gdpr_consent=#{%22lwid%22:{%22value%22:null,%22origin%22:0},%22bundle%22:{%22value%22:null,%22origin%22:0},%22optout%22:{%22value%22:false,%22origin%22:0},%22tld%22:%22adnxs-simple.com%22,%22topUrl%22:%22outlook.live.com%22,%22cw%22:true,%22lsw%22:true,%22origin%22:%22rtus%22,%22rtusCallerId%22:30,%22requestId%22:%220.47120278922199277%22}, line 13: Script terminated by timeout at:
r.prototype.flushEventQueue@https://gum.criteo.com/syncframe?origin=rtus&topUrl=outlook.live.com&gdpr=0&gdpr_consent=#{%22lwid%22:{%22value%22:null,%22origin%22:0},%22bundle%22:{%22value%22:null,%22origin%22:0},%22optout%22:{%22value%22:false,%22origin%22:0},%22tld%22:%22adnxs-simple.com%22,%22topUrl%22:%22outlook.live.com%22,%22cw%22:true,%22lsw%22:true,%22origin%22:%22rtus%22,%22rtusCallerId%22:30,%22requestId%22:%220.47120278922199277%22}:13:3137
r/<@https://gum.criteo.com/syncframe?origin=rtus&topUrl=outlook.live.com&gdpr=0&gdpr_consent=#{%22lwid%22:{%22value%22:null,%22origin%22:0},%22bundle%22:{%22value%22:null,%22origin%22:0},%22optout%22:{%22value%22:false,%22origin%22:0},%22tld%22:%22adnxs-simple.com%22,%22topUrl%22:%22outlook.live.com%22,%22cw%22:true,%22lsw%22:true,%22origin%22:%22rtus%22,%22rtusCallerId%22:30,%22requestId%22:%220.47120278922199277%22}:13:3642

1739084235001	Marionette	INFO	Stopped listening on port 55876
Dynamically enable window occlusion 1
JavaScript error: , line 0: NetworkError: FetchEvent.respondWith() Promise rejected
JavaScript error: , line 0: NetworkError: AutoCancel
JavaScript error: , line 0: NetworkError: AutoCancel
JavaScript error: , line 0: NetworkError: AutoCancel
JavaScript error: , line 0: NetworkError: AutoCancel
