1739414894470	geckodriver	INFO	Listening on 127.0.0.1:63663
1739414897502	mozrunner::runner	INFO	Running command: "C:\\Program Files\\Mozilla Firefox\\firefox.exe" "--marionette" "--remote-debugging-port" "63664" "--remote-allow-hosts" "localhost" "-no-remote" "-profile" "D:\\Users\\sasikumarj\\AppData\\Local\\Temp\\rust_mozprofile1yI8Wl"
console.warn: services.settings: Ignoring preference override of remote settings server
console.warn: services.settings: Allow by setting MOZ_REMOTE_SETTINGS_DEVTOOLS=1 in the environment
Dynamically enable window occlusion 0
1739414898117	Marionette	INFO	Marionette enabled
1739414898367	Marionette	INFO	Listening on port 63677
WebDriver BiDi listening on ws://127.0.0.1:63664
Read port: 63677
console.error: Policies: 
  Download failed - ERROR_CORRUPT_FILE - file://C:\Program Files\Snow Software\Inventory\Agent\FFCloudmetering.xpi
1739414898618	RemoteAgent	WARN	TLS certificate errors will be ignored for this session
DevTools listening on ws://127.0.0.1:63664/devtools/browser/5ba2f527-4782-40aa-ade3-79cb8390e0e7
JavaScript error: https://us.tags.newscgp.com/prod/ncg/ncg.js, line 10: TypeError: window.GlobalSnowplowNamespace is undefined
JavaScript error: https://cdn.cxense.com/sp1.html#ver=2.8.90&typ=pgv&rnd=m72qq2o6rk9l18kd&sid=1134007940894473081&loc=https%3A%2F%2Fwww.mansionglobal.com%2F&new=1&arf=0&ltm=1739414905353&ref=&tzo=-330&wsz=1280x595&res=1280x720&dpr=1&col=24&bln=en-US&chs=UTF-8&cks=m72qq2q3zhsryb93&ckp=m72qq2o6xisubzin&glb=&cp_userState=anon&cp_testGroup=71&cp_topDomain=mansionglobal.com&cp_template=full&cp_access=free&cp_section=Home&cp_subsection=&cp_cms_name=CMS%20Wordpress&cp_subscriber=nonsubscriber&cp_edition=na%252Cus&cp_bucket=6&cp_ab_bucket=36&cp_pageContentSource=Mansion%20Global&cp_pageContentType=Home&cp_pageContentTypeDetai=default&cp_pageSiteProduct=MG&cp_userTags=&cp_sessionState=none, line 1: TypeError: cX.loadScript is not a function
JavaScript error: https://us.tags.newscgp.com/prod/ncg/ncg.js, line 10: TypeError: window.GlobalSnowplowNamespace is undefined
JavaScript warning: https://pagead2.googlesyndication.com/bg/8ZaB7jRsaaU-biZOJz6O6mNB_fDMtsHVeu7uD0tG4og.js line 2 > eval line 883 > eval line 1 > eval line 1 > eval, line 1: WEBGL_debug_renderer_info is deprecated in Firefox and will be removed. Please use RENDERER.
1739414915084	Marionette	INFO	Stopped listening on port 63677
Dynamically enable window occlusion 1
JavaScript warning: https://www.google.com/js/th/2OLqLGNr0zHDpmEvPVsLweQktEaAqFW_L2mqSHTdR30.js line 2 > eval line 2731 > eval line 1 > eval line 1 > eval, line 1: WEBGL_debug_renderer_info is deprecated in Firefox and will be removed. Please use RENDERER.
