1738933480450	geckodriver	INFO	Listening on 127.0.0.1:50503
1738933483500	mozrunner::runner	INFO	Running command: "C:\\Program Files\\Mozilla Firefox\\firefox.exe" "--marionette" "--remote-debugging-port" "50504" "--remote-allow-hosts" "localhost" "-no-remote" "-profile" "D:\\Users\\sasikumarj\\AppData\\Local\\Temp\\rust_mozprofilecQveIr"
console.warn: services.settings: Ignoring preference override of remote settings server
console.warn: services.settings: Allow by setting MOZ_REMOTE_SETTINGS_DEVTOOLS=1 in the environment
Dynamically enable window occlusion 0
1738933484269	Marionette	INFO	Marionette enabled
1738933484545	Marionette	INFO	Listening on port 50517
WebDriver BiDi listening on ws://127.0.0.1:50504
Read port: 50517
console.error: Policies: 
  Download failed - ERROR_CORRUPT_FILE - file://C:\Program Files\Snow Software\Inventory\Agent\FFCloudmetering.xpi
1738933484796	RemoteAgent	WARN	TLS certificate errors will be ignored for this session
DevTools listening on ws://127.0.0.1:50504/devtools/browser/d86f1a57-b095-408f-83cf-7e7826bc6f21
JavaScript error: https://cdn.cxense.com/sp1.html#ver=2.8.90&typ=pgv&rnd=m6us3q9489xmrwsb&sid=9222318613852486900&loc=https%3A%2F%2Fwww.wsj.com%2Farticles%2Ftwitter-elon-musk-to-argue-over-trial-timetable-to-force-44-billion-takeover-11658223001%3Fcx_testId%3D3%26cx_testVariant%3Dcx_5%26cx_artPos%3D6%26mod%3DWTRN%23cxrecs_s&new=1&arf=0&ltm=1738933496058&ref=&tzo=-330&wsz=1280x595&res=1280x720&dpr=1&col=24&bln=en-US&chs=UTF-8&cks=m6us3t0br69iupac&ckp=m6us3svl7kdlg47s&glb=&amo=1658316780&cp_userState=anon&cp_testId=3&cp_testVariant=cx_5&cp_artPos=6&cp_testGroup=6&cp_topDomain=wsj.com&cp_pwTag=default&cp_pwPlacement=cx-snippetad&cp_pwCampaign=28324&cp_pwType=personalized&cp_navSource=WTRN&cp_type=Technology&cp_template=preview&cp_access=paid&cp_section=Tech&cp_subsection=Tech&cp_cms_name=Methode&cp_vix=&cp_subscriber=nonsubscriber&cp_edition=naus&cp_bucket=3&cp_ab_bucket=53&cp_pageContentSource=WSJ%20Online&cp_pageContentType=Article&cp_pageContentTypeDetai=standard&cp_pageSiteProduct=WSJ&cp_userTags=&cp_sessionState=none, line 1: TypeError: cX.loadScript is not a function
JavaScript error: https://www.wsj.com/articles/twitter-elon-musk-to-argue-over-trial-timetable-to-force-44-billion-takeover-11658223001?cx_testId=3&cx_testVariant=cx_5&cx_artPos=6&mod=WTRN#cxrecs_s, line 246: TypeError: NetworkError when attempting to fetch resource.
JavaScript error: https://www.wsj.com/articles/twitter-elon-musk-to-argue-over-trial-timetable-to-force-44-billion-takeover-11658223001?cx_testId=3&cx_testVariant=cx_5&cx_artPos=6&mod=WTRN#cxrecs_s, line 246: TypeError: NetworkError when attempting to fetch resource.
JavaScript warning: https://js-agent.newrelic.com/nr-spa-1.281.0.min.js, line 2: Script terminated by timeout at:
add@https://js-agent.newrelic.com/nr-spa-1.281.0.min.js:2:93023
addTiming@https://js-agent.newrelic.com/nr-spa-1.281.0.min.js:2:39234
5999/w/<@https://js-agent.newrelic.com/nr-spa-1.281.0.min.js:2:38342
emit@https://www.wsj.com/articles/twitter-elon-musk-to-argue-over-trial-timetable-to-force-44-billion-takeover-11658223001?cx_testId=3&cx_testVariant=cx_5&cx_artPos=6&mod=WTRN#cxrecs_s:246:9618
i@https://www.wsj.com/articles/twitter-elon-musk-to-argue-over-trial-timetable-to-force-44-billion-takeover-11658223001?cx_testId=3&cx_testVariant=cx_5&cx_artPos=6&mod=WTRN#cxrecs_s:246:10655
N/<@https://www.wsj.com/articles/twitter-elon-musk-to-argue-over-trial-timetable-to-force-44-billion-takeover-11658223001?cx_testId=3&cx_testVariant=cx_5&cx_artPos=6&mod=WTRN#cxrecs_s:246:34448

1738933503919	Marionette	WARN	Ignoring event 'pageshow' because document has an invalid readyState of 'uninitialized'.
1738933504810	Marionette	WARN	Ignoring event 'pageshow' because document has an invalid readyState of 'uninitialized'.
1738933504881	Marionette	WARN	Ignoring event 'pageshow' because document has an invalid readyState of 'uninitialized'.
1738933505095	Marionette	WARN	Ignoring event 'pageshow' because document has an invalid readyState of 'uninitialized'.
1738933505096	Marionette	WARN	Ignoring event 'pageshow' because document has an invalid readyState of 'uninitialized'.
1738933505097	Marionette	WARN	Ignoring event 'pageshow' because document has an invalid readyState of 'uninitialized'.
JavaScript warning: https://www.googletagmanager.com/gtag/js?id=G-K2H7B9JRSS, line 173: Script terminated by timeout at:
ya@https://www.googletagmanager.com/gtag/js?id=G-K2H7B9JRSS:173:16
h.invoke@https://www.googletagmanager.com/gtag/js?id=G-K2H7B9JRSS:213:358
Ka@https://www.googletagmanager.com/gtag/js?id=G-K2H7B9JRSS:180:668
Ia@https://www.googletagmanager.com/gtag/js?id=G-K2H7B9JRSS:180:428
sd@https://www.googletagmanager.com/gtag/js?id=G-K2H7B9JRSS:231:60
h.invoke@https://www.googletagmanager.com/gtag/js?id=G-K2H7B9JRSS:213:314
Ka@https://www.googletagmanager.com/gtag/js?id=G-K2H7B9JRSS:180:668
Ia@https://www.googletagmanager.com/gtag/js?id=G-K2H7B9JRSS:180:428
Cd@https://www.googletagmanager.com/gtag/js?id=G-K2H7B9JRSS:233:63
Id@https://www.googletagmanager.com/gtag/js?id=G-K2H7B9JRSS:236:137
Jd@https://www.googletagmanager.com/gtag/js?id=G-K2H7B9JRSS:235:234
h.invoke@https://www.googletagmanager.com/gtag/js?id=G-K2H7B9JRSS:213:314
Ka@https://www.googletagmanager.com/gtag/js?id=G-K2H7B9JRSS:180:668
Ia@https://www.googletagmanager.com/gtag/js?id=G-K2H7B9JRSS:180:428
sd@https://www.googletagmanager.com/gtag/js?id=G-K2H7B9JRSS:231:60
h.invoke@https://www.googletagmanager.com/gtag/js?id=G-K2H7B9JRSS:213:314
Ka@https://www.googletagmanager.com/gtag/js?id=G-K2H7B9JRSS:180:668
Ia@https://www.googletagmanager.com/gtag/js?id=G-K2H7B9JRSS:180:428
Ud@https://www.googletagmanager.com/gtag/js?id=G-K2H7B9JRSS:241:338
h.invoke@https://www.googletagmanager.com/gtag/js?id=G-K2H7B9JRSS:213:314
Ka@https://www.googletagmanager.com/gtag/js?id=G-K2H7B9JRSS:180:668
Ia@https://www.googletagmanager.com/gtag/js?id=G-K2H7B9JRSS:180:428
Md/<@https://www.googletagmanager.com/gtag/js?id=G-K2H7B9JRSS:238:468
h.invoke@https://www.googletagmanager.com/gtag/js?id=G-K2H7B9JRSS:213:314
xL/<@https://www.googletagmanager.com/gtag/js?id=G-K2H7B9JRSS:816:835
Ut@https://www.googletagmanager.com/gtag/js?id=G-K2H7B9JRSS:523:281
h.un@https://www.googletagmanager.com/gtag/js?id=G-K2H7B9JRSS:784:277
h.tn/</<@https://www.googletagmanager.com/gtag/js?id=G-K2H7B9JRSS:781:531
Bl@https://www.googletagmanager.com/gtag/js?id=G-K2H7B9JRSS:388:151
zm@https://www.googletagmanager.com/gtag/js?id=G-K2H7B9JRSS:396:434
h.tn/<@https://www.googletagmanager.com/gtag/js?id=G-K2H7B9JRSS:781:517
c@https://www.googletagmanager.com/gtag/js?id=G-K2H7B9JRSS:560:22
bw@https://www.googletagmanager.com/gtag/js?id=G-K2H7B9JRSS:560:349
h.tn@https://www.googletagmanager.com/gtag/js?id=G-K2H7B9JRSS:781:503
c@https://www.googletagmanager.com/gtag/js?id=G-K2H7B9JRSS:798:673
w@https://www.googletagmanager.com/gtag/js?id=G-K2H7B9JRSS:411:370
jo@https://www.googletagmanager.com/gtag/js?id=G-K2H7B9JRSS:411:470
io.prototype.flush@https://www.googletagmanager.com/gtag/js?id=G-K2H7B9JRSS:414:357
io.prototype.push@https://www.googletagmanager.com/gtag/js?id=G-K2H7B9JRSS:412:337
ao@https://www.googletagmanager.com/gtag/js?id=G-K2H7B9JRSS:408:1702
LK/<@https://www.googletagmanager.com/gtag/js?id=G-K2H7B9JRSS:799:187
h.Jl/<@https://www.googletagmanager.com/gtag/js?id=G-K2H7B9JRSS:737:126
h.Jl/c/<@https://www.googletagmanager.com/gtag/js?id=G-K2H7B9JRSS:736:418
nrWrapper@https://www.wsj.com/articles/twitter-elon-musk-to-argue-over-trial-timetable-to-force-44-billion-takeover-11658223001?cx_testId=3&cx_testVariant=cx_5&cx_artPos=6&mod=WTRN#cxrecs_s:246:17759

JavaScript warning: https://imasdk.googleapis.com/js/core/bridge3.684.0_en.html#fid=goog_1486633157, line 456: Script terminated by timeout at:
gD@https://imasdk.googleapis.com/js/core/bridge3.684.0_en.html#fid=goog_1486633157:456:310
kD/this.ba@https://imasdk.googleapis.com/js/core/bridge3.684.0_en.html#fid=goog_1486633157:454:29

console.warn: LoginRecipes: "Falling back to a synchronous message for: https://sso.accounts.dowjones.com."
console.warn: LoginRecipes: "Falling back to a synchronous message for: https://sso.accounts.dowjones.com."
JavaScript warning: https://sso.accounts.dowjones.com/datadome/tags.js, line 2: Script terminated by timeout at:
@https://sso.accounts.dowjones.com/datadome/tags.js:2:161129

JavaScript warning: https://cdn.gbqofs.com/sv/b/detector-bootstrap.min.js, line 0: Successfully compiled asm.js code (total compilation time 2ms)
JavaScript warning: https://pagead2.googlesyndication.com/bg/dKsKVnRDvnN7x3_VHBWCXOB1uWbHu1pWqkNfYXa-ZYg.js line 2 > eval line 1778 > eval line 1 > eval line 1 > eval, line 1: WEBGL_debug_renderer_info is deprecated in Firefox and will be removed. Please use RENDERER.
JavaScript error: https://ib.3lift.com/rev/ee7b16b9e186bb4216ceb6eab615bf4094d4c241/dist/bundle.js, line 1: SecurityError: Permission denied to access property "__gpp" on cross-origin object
1738933526715	Marionette	WARN	Ignoring event 'pageshow' because document has an invalid readyState of 'interactive'.
1738933526751	Marionette	WARN	Ignoring event 'pageshow' because document has an invalid readyState of 'loading'.
JavaScript error: https://ib.3lift.com/rev/ee7b16b9e186bb4216ceb6eab615bf4094d4c241/dist/bundle.js, line 1: SecurityError: Permission denied to access property "__gpp" on cross-origin object
1738933527668	Marionette	WARN	Ignoring event 'pageshow' because document has an invalid readyState of 'interactive'.
1738933527711	Marionette	WARN	Ignoring event 'pageshow' because document has an invalid readyState of 'loading'.
1738933530227	Marionette	WARN	Ignoring event 'DOMContentLoaded' because document has an invalid readyState of 'complete'.
JavaScript warning: https://pagead2.googlesyndication.com/bg/dKsKVnRDvnN7x3_VHBWCXOB1uWbHu1pWqkNfYXa-ZYg.js line 2 > eval line 1449 > eval line 1 > eval line 1 > eval, line 1: WEBGL_debug_renderer_info is deprecated in Firefox and will be removed. Please use RENDERER.
JavaScript warning: https://pagead2.googlesyndication.com/bg/dKsKVnRDvnN7x3_VHBWCXOB1uWbHu1pWqkNfYXa-ZYg.js line 2 > eval line 4448 > eval line 1 > eval line 1 > eval, line 1: WEBGL_debug_renderer_info is deprecated in Firefox and will be removed. Please use RENDERER.
1738933532414	Marionette	INFO	Stopped listening on port 50517
Dynamically enable window occlusion 1
console.error: "Could not download new icon" ({})
JavaScript error: , line 0: TypeError: NetworkError when attempting to fetch resource.
JavaScript error: , line 0: uncaught exception: undefined
console.error: "Could not download new icon" ({})
console.error: "Could not download new icon" ({})
console.error: "Could not download new icon" ({})
console.error: "Could not download new icon" ({})
console.error: "Could not download new icon" ({})
console.error: "Could not download new icon" ({})
!!! error running onStopped callback: TypeError: callback is not a function
console.error: "Could not download new icon" ({})
console.error: "Could not download new icon" ({})
console.error: "Could not download new icon" ({})
console.error: "Could not download new icon" ({})
JavaScript error: , line 0: AbortError: The operation was aborted. 
console.error: "Could not download new icon" ({})
console.error: "Could not download new icon" ({})
console.error: "Could not download new icon" ({})
console.error: "Could not download new icon" ({})
console.error: "Could not download new icon" ({})
console.error: "Could not download new icon" ({})
console.error: "Could not download new icon" ({})
console.error: "Could not download new icon" ({})
console.error: "Could not download new icon" ({})
console.error: "Could not download new icon" ({})
console.error: "Could not download new icon" ({})
console.error: "Could not download new icon" ({})
console.error: "Could not download new icon" ({})
console.error: "Could not download new icon" ({})
console.error: "Could not download new icon" ({})
console.error: "Could not download new icon" ({})
console.error: "Could not download new icon" ({})
console.error: "Could not download new icon" ({})
console.error: "Could not download new icon" ({})
console.error: "Could not download new icon" ({})
console.error: "Could not download new icon" ({})
console.error: "Could not download new icon" ({})
console.error: "Could not download new icon" ({})
console.error: "Could not download new icon" ({})
console.error: "Could not download new icon" ({})
console.error: "Could not download new icon" ({})
console.error: "Could not download new icon" ({})
console.error: "Could not download new icon" ({})
console.error: "Could not download new icon" ({})
console.error: "Could not download new icon" ({})
console.error: "Could not download new icon" ({})
console.error: "Could not download new icon" ({})
