1739269786913	geckodriver	INFO	Listening on 127.0.0.1:60605
1739269789947	mozrunner::runner	INFO	Running command: "C:\\Program Files\\Mozilla Firefox\\firefox.exe" "--marionette" "--remote-debugging-port" "60606" "--remote-allow-hosts" "localhost" "-no-remote" "-profile" "D:\\Users\\sasikumarj\\AppData\\Local\\Temp\\rust_mozprofile2SgIT6"
console.warn: services.settings: Ignoring preference override of remote settings server
console.warn: services.settings: Allow by setting MOZ_REMOTE_SETTINGS_DEVTOOLS=1 in the environment
Dynamically enable window occlusion 0
1739269790630	Marionette	INFO	Marionette enabled
1739269790917	Marionette	INFO	Listening on port 60625
WebDriver BiDi listening on ws://127.0.0.1:60606
Read port: 60625
console.error: Policies: 
  Download failed - ERROR_CORRUPT_FILE - file://C:\Program Files\Snow Software\Inventory\Agent\FFCloudmetering.xpi
1739269791232	RemoteAgent	WARN	TLS certificate errors will be ignored for this session
DevTools listening on ws://127.0.0.1:60606/devtools/browser/57aa6272-be68-4af7-a7db-7160b626c77e
console.error: ({})
console.error: ({})
JavaScript error: https://www.barrons.com/asset/dj-watchlist/v1.14.3/p-0633e57d.entry.js, line 11: TypeError: Error.captureStackTrace is not a function
JavaScript warning: https://pagead2.googlesyndication.com/bg/VPXMjhhSnF_0w04UBhtYgswssitSTY9737JJt5i4JB8.js line 2 > eval line 5567 > eval line 1 > eval line 1 > eval, line 1: WEBGL_debug_renderer_info is deprecated in Firefox and will be removed. Please use RENDERER.
JavaScript error: https://www.dianomi.com/smartads.epl?id=57608&cf=222.2923.Barrons&url=https%3A%2F%2Fwww.barrons.com%2F&unitId=dianomi-57608-Z6smqDLkcC7vx2s2HKwRowAAACQ0&responsiveHeight=1&contextfeedFrameId=2923-533&gdpr_consent=null&gdpr=null&canServeAds=true&canCookie=true&partner_tcf_status=2.0&partnerTcfStatus=2.0, line 110: NS_ERROR_UNEXPECTED: 
JavaScript error: https://www.barrons.com/ line 33 > injectedScript, line 37: SecurityError: Permission denied to access property "clearTimeout" on cross-origin object
JavaScript warning: https://code.createjs.com/1.0.0/createjs.min.js, line 19: Script terminated by timeout at:
d._updatePosition@https://code.createjs.com/1.0.0/createjs.min.js:19:6540
b.setPosition@https://code.createjs.com/1.0.0/createjs.min.js:19:1459
b._updatePosition@https://code.createjs.com/1.0.0/createjs.min.js:19:9922
b.setPosition@https://code.createjs.com/1.0.0/createjs.min.js:19:1459
c._renderFirstFrame@https://code.createjs.com/1.0.0/createjs.min.js:14:29397
lib.g_circle_row@https://s0.2mdn.net/sadbundle/13149698401416647049/CG_100976_CI_300x250_v2/CG_300x250_Animated_banner_v5.js?1734474022165:1422:7
lib.CG_300x250_Animated_banner_v5@https://s0.2mdn.net/sadbundle/13149698401416647049/CG_100976_CI_300x250_v2/CG_300x250_Animated_banner_v5.js?1734474022165:1677:21
handleComplete@https://s0.2mdn.net/sadbundle/13149698401416647049/CG_100976_CI_300x250_v2/CG_100976_CI_300x250.html?ev=01_253:34:15
init@https://s0.2mdn.net/sadbundle/13149698401416647049/CG_100976_CI_300x250_v2/CG_100976_CI_300x250.html?ev=01_253:28:16
onload@https://s0.2mdn.net/sadbundle/13149698401416647049/CG_100976_CI_300x250_v2/CG_100976_CI_300x250.html?ev=01_253:1:1

JavaScript error: https://pbcs.barrons.com/s/dj/barrons/pb.js, line 827: TypeError: can't convert undefined to object
console.error: ({})
console.error: ({})
JavaScript error: https://www.s.dev.barrons.com/articles/buy-under-armour-stock-pick-51650672000, line 162: ReferenceError: djSharedFunctions is not defined
JavaScript warning: https://cdn.gbqofs.com/sv/b/detector-bootstrap.min.js, line 0: Successfully compiled asm.js code (total compilation time 2ms)
JavaScript warning: https://pagead2.googlesyndication.com/bg/VPXMjhhSnF_0w04UBhtYgswssitSTY9737JJt5i4JB8.js line 2 > eval line 6672 > eval line 1 > eval line 1 > eval, line 1: WEBGL_debug_renderer_info is deprecated in Firefox and will be removed. Please use RENDERER.
JavaScript error: https://cdn.cxense.com/sp1.html#ver=2.8.90&typ=pgv&rnd=m70cc3jcwhjhd5j2&sid=9222325317970825875&loc=https%3A%2F%2Fwww.s.dev.barrons.com%2Farticles%2Fbuy-under-armour-stock-pick-51650672000&new=1&arf=0&ltm=1739269806362&ref=&tzo=-330&wsz=1280x595&res=1280x720&dpr=1&col=24&bln=en-US&chs=UTF-8&cks=m70cc40ojly06j8q&ckp=m70cc3jcxoyi3kyh&glb=&amo=1720048200&cp_userState=anon, line 1: TypeError: cX.loadScript is not a function
JavaScript warning: https://pagead2.googlesyndication.com/bg/VPXMjhhSnF_0w04UBhtYgswssitSTY9737JJt5i4JB8.js line 2 > eval line 1304 > eval line 1 > eval line 1 > eval, line 1: WEBGL_debug_renderer_info is deprecated in Firefox and will be removed. Please use RENDERER.
console.warn: WindowsJumpLists: "Failed to fetch favicon for " "https://www.barrons.com/" ({})
console.warn: WindowsJumpLists: "Failed to fetch favicon for " "https://www.barrons.com/" ({})
console.warn: WindowsJumpLists: "Failed to fetch favicon for " "https://www.barrons.com/" ({})
console.warn: WindowsJumpLists: "Failed to fetch favicon for " "https://www.barrons.com/" ({})
console.warn: WindowsJumpLists: "Failed to fetch favicon for " "https://www.barrons.com/" ({})
console.warn: WindowsJumpLists: "Failed to fetch favicon for " "https://www.barrons.com/" ({})
console.warn: WindowsJumpLists: "Failed to fetch favicon for " "https://www.barrons.com/" ({})
JavaScript error: chrome://global/content/elements/browser-custom-element.js, line 1840: Error: permitUnload is already running for this tab.
JavaScript warning: https://www.s.dev.barrons.com/_next/static/chunks/main-fc8ea3f3c8e9e983.js, line 6: Script terminated by timeout at:
78018/w/<@https://www.s.dev.barrons.com/_next/static/chunks/main-fc8ea3f3c8e9e983.js:6:16330
t@https://www.s.dev.barrons.com/_next/static/chunks/main-fc8ea3f3c8e9e983.js:6:15839

1739288900568	Marionette	INFO	Stopped listening on port 60625
Dynamically enable window occlusion 1
