1738930712532	geckodriver	INFO	Listening on 127.0.0.1:49311
1738930715649	mozrunner::runner	INFO	Running command: "C:\\Program Files\\Mozilla Firefox\\firefox.exe" "--marionette" "--remote-debugging-port" "49312" "--remote-allow-hosts" "localhost" "-no-remote" "-profile" "D:\\Users\\sasikumarj\\AppData\\Local\\Temp\\rust_mozprofilebFklmO"
console.warn: services.settings: Ignoring preference override of remote settings server
console.warn: services.settings: Allow by setting MOZ_REMOTE_SETTINGS_DEVTOOLS=1 in the environment
Dynamically enable window occlusion 0
1738930716515	Marionette	INFO	Marionette enabled
1738930716863	Marionette	INFO	Listening on port 59654
WebDriver BiDi listening on ws://127.0.0.1:49312
Read port: 59654
console.error: Policies: 
  Download failed - ERROR_CORRUPT_FILE - file://C:\Program Files\Snow Software\Inventory\Agent\FFCloudmetering.xpi
1738930717129	RemoteAgent	WARN	TLS certificate errors will be ignored for this session
DevTools listening on ws://127.0.0.1:49312/devtools/browser/1e0adc7e-2c18-48fe-bb1f-65cfc17373e9
JavaScript error: https://cdn.cxense.com/sp1.html#ver=2.8.90&typ=pgv&rnd=m6uqgcjvpid8t1ud&sid=1133979867428110118&loc=https%3A%2F%2Fwww.penews.com%2F&new=1&arf=0&ltm=1738930722190&ref=&tzo=-330&wsz=1280x595&res=1280x720&dpr=1&col=24&bln=en-US&chs=UTF-8&cks=m6uqgclbbqydukxt&ckp=m6uqgcjvwszmef30&glb=&cp_userState=anon&cp_testGroup=78&cp_topDomain=penews.com&cp_template=full&cp_access=free&cp_section=Home&cp_subsection=&cp_cms_name=CAPS&cp_subscriber=nonsubscriber&cp_edition=europe%252Cgb&cp_bucket=9&cp_ab_bucket=9&cp_pageContentSource=Private%20Equity%20News%20Online&cp_pageContentType=Home&cp_pageContentTypeDetai=default&cp_pageSiteProduct=PEN&cp_userTags=&cp_sessionState=none, line 1: TypeError: cX.loadScript is not a function
JavaScript error: , line 0: uncaught exception: undefined
JavaScript warning: https://pagead2.googlesyndication.com/bg/dKsKVnRDvnN7x3_VHBWCXOB1uWbHu1pWqkNfYXa-ZYg.js line 2 > eval line 6436 > eval line 1 > eval line 1 > eval, line 1: WEBGL_debug_renderer_info is deprecated in Firefox and will be removed. Please use RENDERER.
JavaScript warning: https://www.penews.com/articles/lp-survey-warns-brace-for-some-high-profile-fundraising-failures-20220622, line 124: Script terminated by timeout at:
nrWrapper@https://www.penews.com/articles/lp-survey-warns-brace-for-some-high-profile-fundraising-failures-20220622:124:14172

console.warn: LoginRecipes: "Falling back to a synchronous message for: https://sso.accounts.dowjones.com."
console.warn: LoginRecipes: "Falling back to a synchronous message for: https://sso.accounts.dowjones.com."
JavaScript warning: https://sso.accounts.dowjones.com/datadome/tags.js, line 2: Script terminated by timeout at:
@https://sso.accounts.dowjones.com/datadome/tags.js:2:161129

JavaScript warning: https://pagead2.googlesyndication.com/bg/dKsKVnRDvnN7x3_VHBWCXOB1uWbHu1pWqkNfYXa-ZYg.js line 2 > eval line 567 > eval line 1 > eval line 1 > eval, line 1: WEBGL_debug_renderer_info is deprecated in Firefox and will be removed. Please use RENDERER.
1738930763162	Marionette	INFO	Stopped listening on port 59654
JavaScript warning: https://cdn.doubleverify.com/dv-measurements7219.js, line 2: Script terminated by timeout at:
131/e.wrapFunction/<@https://cdn.doubleverify.com/dv-measurements7219.js:2:362684

Dynamically enable window occlusion 1
JavaScript error: , line 0: TypeError: NetworkError when attempting to fetch resource.
JavaScript error: , line 0: TypeError: NetworkError when attempting to fetch resource.
