1729837471250	geckodriver	INFO	Listening on 127.0.0.1:58832
1729837474318	mozrunner::runner	INFO	Running command: "C:\\Program Files\\Mozilla Firefox\\firefox.exe" "--marionette" "--remote-debugging-port" "58833" "--remote-allow-hosts" "localhost" "-no-remote" "-profile" "D:\\Users\\sasikumarj\\AppData\\Local\\Temp\\rust_mozprofileZSyXOR"
console.warn: services.settings: Ignoring preference override of remote settings server
console.warn: services.settings: Allow by setting MOZ_REMOTE_SETTINGS_DEVTOOLS=1 in the environment
Dynamically enable window occlusion 0
1729837475065	Marionette	INFO	Marionette enabled
1729837475327	Marionette	INFO	Listening on port 58840
WebDriver BiDi listening on ws://127.0.0.1:58833
Read port: 58840
1729837475579	RemoteAgent	WARN	TLS certificate errors will be ignored for this session
DevTools listening on ws://127.0.0.1:58833/devtools/browser/acf79c70-d545-4f02-b912-359a59408791
JavaScript warning: https://int-replay-wsj-elections.ore.onservo.com/election/_next/static/chunks/main-c0569e4635de2e62.js, line 1: unreachable code after return statement
JavaScript warning: https://int-replay-wsj-elections.ore.onservo.com/election/_next/static/chunks/main-c0569e4635de2e62.js, line 1: unreachable code after return statement
JavaScript error: https://cdn.cxense.com/sp1.html#ver=2.8.82&typ=pgv&rnd=m2ockq3d2xzyp2yj&sid=1134002947328204066&loc=https%3A%2F%2Fwww.dev.wsj.com%2F&new=1&arf=0&ltm=1729837485340&ref=&tzo=-330&wsz=1278x497&res=1278x622&dpr=1&col=24&bln=en-US&chs=UTF-8&cks=m2ockq6swuc4tcjh&ckp=m2ockq3dew8e7sus&glb=&cp_userState=anon&cp_testGroup=61&cp_env=staging&cp_topDomain=wsj.com&cp_template=full&cp_access=free&cp_section=US%20Home%20Page&cp_subsection=&cp_cms_name=CAPS&cp_subscriber=nonsubscriber&cp_edition=naus&cp_bucket=1&cp_ab_bucket=21&cp_pageContentSource=WSJ%20Online&cp_pageContentType=Home&cp_pageContentTypeDetai=desktopweb&cp_pageSiteProduct=WSJ&cp_userTags=&cp_sessionState=none, line 1: TypeError: cX.loadScript is not a function
A content process crashed and MOZ_CRASHREPORTER_SHUTDOWN is set, shutting down
JavaScript warning: https://cdn.parsely.com/keys/sandbox.wsj.com/p.js, line 7: Script terminated by timeout at:
_typeof/_typeof<@https://cdn.parsely.com/keys/sandbox.wsj.com/p.js:7:141
e/<@https://www.dev.wsj.com/:193:5640

JavaScript warning: https://tpc.googlesyndication.com/safeframe/1-0-40/js/ext.js, line 10: Script terminated by timeout at:
D.prototype.D@https://tpc.googlesyndication.com/safeframe/1-0-40/js/ext.js:10:3545

<jemalloc>: (malloc) Error initializing arena
JavaScript error: , line 0: uncaught exception: out of memory
[GFX1-]: CompositorBridgeChild receives IPC close with reason=AbnormalShutdown
[G[G[[[GFX1-]: CompositorBridgeChild receives IPC close with reason=AbnormalShutdown
[GFX1-]: CompositorBridgeChild receives IPC close with reason=AbnormalShutdown
FX1-]: CompositorBridgeChild receives IPC close with reason=AbnormalShutdown
GFX1-]: CompositorBridgeChild receives IPC close with reason=AbnormalShutdown
[GFX1-]: CompositorBridgeChild receives IPC close with reason=AbnormalShutdown
FX1-]: CompositorBridgeChild receives IPC close with reason=AbnormalShutdown
GFX1-]: CompositorBridgeChild receives IPC close with reason=AbnormalShutdown
Exiting due to channel error.
Exiting due to channel error.
Exiting due to channel error.
Exiting due to channel error.
