1729837245628	geckodriver	INFO	Listening on 127.0.0.1:56997
1729837248650	mozrunner::runner	INFO	Running command: "C:\\Program Files\\Mozilla Firefox\\firefox.exe" "--marionette" "--remote-debugging-port" "56998" "--remote-allow-hosts" "localhost" "-no-remote" "-profile" "D:\\Users\\sasikumarj\\AppData\\Local\\Temp\\rust_mozprofile5Q6i4o"
console.warn: services.settings: Ignoring preference override of remote settings server
console.warn: services.settings: Allow by setting MOZ_REMOTE_SETTINGS_DEVTOOLS=1 in the environment
Dynamically enable window occlusion 0
1729837249394	Marionette	INFO	Marionette enabled
1729837249650	Marionette	INFO	Listening on port 57005
WebDriver BiDi listening on ws://127.0.0.1:56998
Read port: 57005
1729837249908	RemoteAgent	WARN	TLS certificate errors will be ignored for this session
DevTools listening on ws://127.0.0.1:56998/devtools/browser/d4be88b6-5fd7-4fbe-82a9-703e403ed156
JavaScript warning: https://int-replay-wsj-elections.ore.onservo.com/election/_next/static/chunks/main-c0569e4635de2e62.js, line 1: unreachable code after return statement
JavaScript error: https://cdn.cxense.com/sp1.html#ver=2.8.82&typ=pgv&rnd=m2ocfu0rlnqxo0bp&sid=1134002947328204066&loc=https%3A%2F%2Fwww.dev.wsj.com%2F&new=1&arf=0&ltm=1729837257156&ref=&tzo=-330&wsz=1278x497&res=1278x622&dpr=1&col=24&bln=en-US&chs=UTF-8&cks=m2ocfu2mlpvepthh&ckp=m2ocfu0rsqj3iqcg&glb=&cp_userState=anon&cp_testGroup=13&cp_env=staging&cp_topDomain=wsj.com&cp_template=full&cp_access=free&cp_section=US%20Home%20Page&cp_subsection=&cp_cms_name=CAPS&cp_subscriber=nonsubscriber&cp_edition=naus&cp_bucket=6&cp_ab_bucket=96&cp_pageContentSource=WSJ%20Online&cp_pageContentType=Home&cp_pageContentTypeDetai=desktopweb&cp_pageSiteProduct=WSJ&cp_userTags=&cp_sessionState=none, line 1: TypeError: cX.loadScript is not a function
JavaScript warning: https://int-replay-wsj-elections.ore.onservo.com/election/_next/static/chunks/main-c0569e4635de2e62.js, line 1: unreachable code after return statement
1729837261069	Marionette	WARN	Ignoring event 'DOMContentLoaded' because document has an invalid readyState of 'complete'.
JavaScript warning: https://sc-static.net/scevent.min.js, line 2: Script terminated by timeout at:
e@https://sc-static.net/scevent.min.js:2:1648
Z/c.send@https://sc-static.net/scevent.min.js:2:5036
Zo@https://sc-static.net/scevent.min.js:2:43413
@https://sc-static.net/scevent.min.js:2:45854
Z/c/s/<@https://sc-static.net/scevent.min.js:2:4779
m@https://sc-static.net/scevent.min.js:2:2806
s@https://sc-static.net/scevent.min.js:2:4757
m@https://sc-static.net/scevent.min.js:2:2806
Z/c.send@https://sc-static.net/scevent.min.js:2:5065
Lt/</c/<@https://sc-static.net/scevent.min.js:2:6916
m@https://sc-static.net/scevent.min.js:2:2806
c@https://sc-static.net/scevent.min.js:2:6893

JavaScript warning: https://pagead2.googlesyndication.com/bg/nbFBA6X6-R6L-vgiwwUCSbgu-1WcfjEIvkEfffAnUGA.js line 2 > eval line 5265 > eval line 1 > eval line 1 > eval, line 1: WEBGL_debug_renderer_info is deprecated in Firefox and will be removed. Please use RENDERER.
JavaScript warning: https://int-replay-wsj-elections.ore.onservo.com/election/_next/static/chunks/main-c0569e4635de2e62.js, line 1: Script terminated by timeout at:
8018/g/<@https://int-replay-wsj-elections.ore.onservo.com/election/_next/static/chunks/main-c0569e4635de2e62.js:1:111956
r@https://int-replay-wsj-elections.ore.onservo.com/election/_next/static/chunks/main-c0569e4635de2e62.js:1:111426

JavaScript error: , line 0: TypeError: NetworkError when attempting to fetch resource.
JavaScript error: , line 0: TypeError: NetworkError when attempting to fetch resource.
JavaScript error: https://news.google.com/swg/js/v1/swg.js, line 17: Error: XHR Failed fetching (https://news.google.com/...): (Note: a CORS error above may indicate that this publisher or domain is not configured in Publisher Center. The CORS error happens because 4xx responses do not set CORS headers.)

TypeError: NetworkError when attempting to fetch resource.
JavaScript error: , line 0: uncaught exception: Object
JavaScript error: https://news.google.com/swg/js/v1/swg.js, line 17: Error: Error: not allowed
1729837282107	Marionette	INFO	Stopped listening on port 57005
Dynamically enable window occlusion 1
console.error: services.settings: 
Object
  - prototype Object
    - columnNumber = 0
    - data = null
    - filename = resource://gre/modules/ServiceRequest.sys.mjs
    - lineNumber = 133
    - location = {"name":"open","filename":"resource://gre/modules/ServiceRequest.sys.mjs","sourceId":25,"lineNumber":133,"columnNumber":11,"asyncCause":null,"asyncCaller":null,"caller":{"filename":"resource://services-settings/Utils.sys.mjs","name":"fetch/<","sourceId":24,"lineNumber":268,"columnNumber":15,"asyncCause":null,"asyncCaller":null,"caller":{"filename":"resource://services-settings/Utils.sys.mjs","name":"fetch","sourceId":24,"lineNumber":219,"columnNumber":12,"asyncCause":null,"asyncCaller":null,"caller":{"filename":"resource://services-common/kinto-http-client.sys.mjs","name":"timedFetch/<","sourceId":441,"lineNumber":569,"columnNumber":12,"asyncCause":null,"asyncCaller":null,"caller":{"filename":"resource://services-common/kinto-http-client.sys.mjs","name":"timedFetch","sourceId":441,"lineNumber":544,"columnNumber":12,"asyncCause":null,"asyncCaller":null,"caller":{"filename":"resource://services-common/kinto-http-client.sys.mjs","name":"request","sourceId":441,"lineNumber":634,"columnNumber":33,"asyncCause":null,"asyncCaller":null,"caller":{"filename":"resource://services-common/kinto-http-client.sys.mjs","name":"execute","sourceId":441,"lineNumber":2643,"columnNumber":36,"asyncCause":null,"asyncCaller":null,"caller":{"filename":"resource://services-common/kinto-http-client.sys.mjs","name":"getData","sourceId":441,"lineNumber":1119,"columnNumber":40,"asyncCause":null,"asyncCaller":null,"caller":{"filename":"resource://services-settings/RemoteSettingsClient.sys.mjs","name":"maybeSync","sourceId":22,"lineNumber":716,"columnNumber":54,"asyncCause":null,"asyncCaller":null,"caller":null,"formattedStack":"maybeSync@resource://services-settings/RemoteSettingsClient.sys.mjs:716:54\n","nativeSavedFrame":{}},"formattedStack":"getData@resource://services-common/kinto-http-client.sys.mjs:1119:40\nmaybeSync@resource://services-settings/RemoteSettingsClient.sys.mjs:716:54\n","nativeSavedFrame":{}},"formattedStack":"execute@resource://services-common/kinto-http-client.sys.mjs:2643:36\ngetData@resource://services-common/kinto-http-client.sys.mjs:1119:40\nmaybeSync@resource://services-settings/RemoteSettingsClient.sys.mjs:716:54\n","nativeSavedFrame":{}},"formattedStack":"request@resource://services-common/kinto-http-client.sys.mjs:634:33\nexecute@resource://services-common/kinto-http-client.sys.mjs:2643:36\ngetData@resource://services-common/kinto-http-client.sys.mjs:1119:40\nmaybeSync@resource://services-settings/RemoteSettingsClient.sys.mjs:716:54\n","nativeSavedFrame":{}},"formattedStack":"timedFetch@resource://services-common/kinto-http-client.sys.mjs:544:12\nrequest@resource://services-common/kinto-http-client.sys.mjs:634:33\nexecute@resource://services-common/kinto-http-client.sys.mjs:2643:36\ngetData@resource://services-common/kinto-http-client.sys.mjs:1119:40\nmaybeSync@resource://services-settings/RemoteSettingsClient.sys.mjs:716:54\n","nativeSavedFrame":{}},"formattedStack":"timedFetch/<@resource://services-common/kinto-http-client.sys.mjs:569:12\ntimedFetch@resource://services-common/kinto-http-client.sys.mjs:544:12\nrequest@resource://services-common/kinto-http-client.sys.mjs:634:33\nexecute@resource://services-common/kinto-http-client.sys.mjs:2643:36\ngetData@resource://services-common/kinto-http-client.sys.mjs:1119:40\nmaybeSync@resource://services-settings/RemoteSettingsClient.sys.mjs:716:54\n","nativeSavedFrame":{}},"formattedStack":"fetch@resource://services-settings/Utils.sys.mjs:219:12\ntimedFetch/<@resource://services-common/kinto-http-client.sys.mjs:569:12\ntimedFetch@resource://services-common/kinto-http-client.sys.mjs:544:12\nrequest@resource://services-common/kinto-http-client.sys.mjs:634:33\nexecute@resource://services-common/kinto-http-client.sys.mjs:2643:36\ngetData@resource://services-common/kinto-http-client.sys.mjs:1119:40\nmaybeSync@resource://services-settings/RemoteSettingsClient.sys.mjs:716:54\n","nativeSavedFrame":{}},"formattedStack":"fetch/<@resource://services-settings/Utils.sys.mjs:268:15\nfetch@resource://services-settings/Utils.sys.mjs:219:12\ntimedFetch/<@resource://services-common/kinto-http-client.sys.mjs:569:12\ntimedFetch@resource://services-common/kinto-http-client.sys.mjs:544:12\nrequest@resource://services-common/kinto-http-client.sys.mjs:634:33\nexecute@resource://services-common/kinto-http-client.sys.mjs:2643:36\ngetData@resource://services-common/kinto-http-client.sys.mjs:1119:40\nmaybeSync@resource://services-settings/RemoteSettingsClient.sys.mjs:716:54\n","nativeSavedFrame":{}},"formattedStack":"open@resource://gre/modules/ServiceRequest.sys.mjs:133:11\nfetch/<@resource://services-settings/Utils.sys.mjs:268:15\nfetch@resource://services-settings/Utils.sys.mjs:219:12\ntimedFetch/<@resource://services-common/kinto-http-client.sys.mjs:569:12\ntimedFetch@resource://services-common/kinto-http-client.sys.mjs:544:12\nrequest@resource://services-common/kinto-http-client.sys.mjs:634:33\nexecute@resource://services-common/kinto-http-client.sys.mjs:2643:36\ngetData@resource://services-common/kinto-http-client.sys.mjs:1119:40\nmaybeSync@resource://services-settings/RemoteSettingsClient.sys.mjs:716:54\n","nativeSavedFrame":{}}
    - message = 
    - name = 
    - result = 2152071198
    - stack = open@resource://gre/modules/ServiceRequest.sys.mjs:133:11|fetch/<@resource://services-settings/Utils.sys.mjs:268:15|fetch@resource://services-settings/Utils.sys.mjs:219:12|timedFetch/<@resource://services-common/kinto-http-client.sys.mjs:569:12|timedFetch@resource://services-common/kinto-http-client.sys.mjs:544:12|request@resource://services-common/kinto-http-client.sys.mjs:634:33|execute@resource://services-common/kinto-http-client.sys.mjs:2643:36|getData@resource://services-common/kinto-http-client.sys.mjs:1119:40|maybeSync@resource://services-settings/RemoteSettingsClient.sys.mjs:716:54|
  - prototype Object
console.error: ({details:{id:"4dd906e9-fe4e-fd64-8138-a2c7260b2199", last_modified:1727383809894, bucket:"security-state", collection:"onecrl", host:"firefox.settings.services.mozilla.com"}})
