1729834578002	geckodriver	INFO	Listening on 127.0.0.1:59070
1729834581052	mozrunner::runner	INFO	Running command: "C:\\Program Files\\Mozilla Firefox\\firefox.exe" "--marionette" "--remote-debugging-port" "59071" "--remote-allow-hosts" "localhost" "-no-remote" "-profile" "D:\\Users\\sasikumarj\\AppData\\Local\\Temp\\rust_mozprofileBjVtAq"
console.warn: services.settings: Ignoring preference override of remote settings server
console.warn: services.settings: Allow by setting MOZ_REMOTE_SETTINGS_DEVTOOLS=1 in the environment
Dynamically enable window occlusion 0
1729834581719	Marionette	INFO	Marionette enabled
1729834582020	Marionette	INFO	Listening on port 59079
WebDriver BiDi listening on ws://127.0.0.1:59071
Read port: 59079
1729834582355	RemoteAgent	WARN	TLS certificate errors will be ignored for this session
DevTools listening on ws://127.0.0.1:59071/devtools/browser/dc384b50-43e0-47d7-995b-09d4c8139183
console.error: ({})
console.error: ({})
JavaScript error: https://www.barrons.com/asset/dj-watchlist/v1.11.0/p-8e3b6675.entry.js, line 11: TypeError: Error.captureStackTrace is not a function
console.error: ({})
console.error: ({})
JavaScript warning: https://www.googletagmanager.com/gtag/js?id=AW-1067154206&l=dataLayer&cx=c, line 119: Script terminated by timeout at:
$b@https://www.googletagmanager.com/gtag/js?id=AW-1067154206&l=dataLayer&cx=c:119:879
ac@https://www.googletagmanager.com/gtag/js?id=AW-1067154206&l=dataLayer&cx=c:119:903
@https://www.googletagmanager.com/gtag/js?id=AW-1067154206&l=dataLayer&cx=c:119:984
@https://www.googletagmanager.com/gtag/js?id=AW-1067154206&l=dataLayer&cx=c:647:3

JavaScript warning: https://www.gstatic.com/_/mss/boq-subscribewithgoogle/_/js/k=boq-subscribewithgoogle.SubscribewithgoogleClientUi.en_US.wn-BM50GziE.es5.O/am=OBgwAw/d=1/excm=_b,_tp,serviceiframeview/ed=1/dg=0/wt=2/ujg=1/rs=ABXTjI6GprX4smCHmWFLvqBt6vGQYZIvfA/m=_b,_tp, line 297: Script terminated by timeout at:
c@https://www.gstatic.com/_/mss/boq-subscribewithgoogle/_/js/k=boq-subscribewithgoogle.SubscribewithgoogleClientUi.en_US.wn-BM50GziE.es5.O/am=OBgwAw/d=1/excm=_b,_tp,serviceiframeview/ed=1/dg=0/wt=2/ujg=1/rs=ABXTjI6GprX4smCHmWFLvqBt6vGQYZIvfA/m=_b,_tp:297:187
b@https://www.gstatic.com/_/mss/boq-subscribewithgoogle/_/js/k=boq-subscribewithgoogle.SubscribewithgoogleClientUi.en_US.wn-BM50GziE.es5.O/am=OBgwAw/d=1/excm=_b,_tp,serviceiframeview/ed=1/dg=0/wt=2/ujg=1/rs=ABXTjI6GprX4smCHmWFLvqBt6vGQYZIvfA/m=_b,_tp:288:48

JavaScript warning: https://fpt.live.com/?session_id=4ced9037eb7142948e9165da2838e626&CustomerId=33e01921-4d64-4f8c-a055-5bdaffd5e33d&PageId=SI, line 5: WEBGL_debug_renderer_info is deprecated in Firefox and will be removed. Please use RENDERER.
console.warn: LoginRecipes: "Falling back to a synchronous message for: https://login.live.com."
console.warn: LoginRecipes: "Falling back to a synchronous message for: https://login.live.com."
console.warn: LoginRecipes: "Falling back to a synchronous message for: https://login.live.com."
console.warn: LoginRecipes: "Falling back to a synchronous message for: https://login.live.com."
console.warn: LoginRecipes: "Falling back to a synchronous message for: https://login.live.com."
console.warn: LoginRecipes: "Falling back to a synchronous message for: https://login.live.com."
console.warn: LoginRecipes: "Falling back to a synchronous message for: https://login.live.com."
console.warn: LoginRecipes: "Falling back to a synchronous message for: https://login.live.com."
console.warn: LoginRecipes: "Falling back to a synchronous message for: https://login.live.com."
console.warn: LoginRecipes: "Falling back to a synchronous message for: https://login.live.com."
1729834622834	Marionette	INFO	Stopped listening on port 59079
Dynamically enable window occlusion 1
