1738931231767	geckodriver	INFO	Listening on 127.0.0.1:55201
1738931234821	mozrunner::runner	INFO	Running command: "C:\\Program Files\\Mozilla Firefox\\firefox.exe" "--marionette" "--remote-debugging-port" "55202" "--remote-allow-hosts" "localhost" "-no-remote" "-profile" "D:\\Users\\sasikumarj\\AppData\\Local\\Temp\\rust_mozprofilebmSQ7O"
console.warn: services.settings: Ignoring preference override of remote settings server
console.warn: services.settings: Allow by setting MOZ_REMOTE_SETTINGS_DEVTOOLS=1 in the environment
Dynamically enable window occlusion 0
1738931235448	Marionette	INFO	Marionette enabled
1738931235702	Marionette	INFO	Listening on port 55218
WebDriver BiDi listening on ws://127.0.0.1:55202
Read port: 55218
console.error: Policies: 
  Download failed - ERROR_CORRUPT_FILE - file://C:\Program Files\Snow Software\Inventory\Agent\FFCloudmetering.xpi
1738931235950	RemoteAgent	WARN	TLS certificate errors will be ignored for this session
DevTools listening on ws://127.0.0.1:55202/devtools/browser/565c1a18-1d3a-47ca-a045-43875272134e
JavaScript error: https://cdn.cxense.com/sp1.html#ver=2.8.90&typ=pgv&rnd=m6uqrirnxdxkaaq1&sid=9222318613852486900&loc=https%3A%2F%2Fwww.wsj.com%2Farticles%2Ftwitter-elon-musk-to-argue-over-trial-timetable-to-force-44-billion-takeover-11658223001%3Fcx_testId%3D3%26cx_testVariant%3Dcx_5%26cx_artPos%3D6%26mod%3DWTRN%23cxrecs_s&new=1&arf=0&ltm=1738931245676&ref=&tzo=-330&wsz=1280x595&res=1280x720&dpr=1&col=24&bln=en-US&chs=UTF-8&cks=m6uqrkirooime2j9&ckp=m6uqrkh4t8cb1dkq&glb=&amo=1658316780&cp_userState=anon&cp_testId=3&cp_testVariant=cx_5&cp_artPos=6&cp_testGroup=70&cp_topDomain=wsj.com&cp_pwTag=default&cp_pwPlacement=cx-snippetad&cp_pwCampaign=28324&cp_pwType=personalized&cp_navSource=WTRN&cp_type=Technology&cp_template=preview&cp_access=paid&cp_section=Tech&cp_subsection=Tech&cp_cms_name=Methode&cp_vix=&cp_subscriber=nonsubscriber&cp_edition=naus&cp_bucket=4&cp_ab_bucket=24&cp_pageContentSource=WSJ%20Online&cp_pageContentType=Article&cp_pageContentTypeDetai=standard&cp_pageSiteProduct=WSJ&cp_userTags=&cp_sessionState=none, line 1: TypeError: cX.loadScript is not a function
JavaScript warning: https://pagead2.googlesyndication.com/bg/dKsKVnRDvnN7x3_VHBWCXOB1uWbHu1pWqkNfYXa-ZYg.js line 2 > eval line 2391 > eval line 1 > eval line 1 > eval, line 1: WEBGL_debug_renderer_info is deprecated in Firefox and will be removed. Please use RENDERER.
JavaScript warning: https://cdn.gbqofs.com/sv/b/detector-bootstrap.min.js, line 0: Successfully compiled asm.js code (total compilation time 2ms)
JavaScript error: , line 0: TypeError: NetworkError when attempting to fetch resource.
JavaScript error: https://cdn.gbqofs.com/sv/b/detector-bootstrap.min.js, line 10: ChunkLoadError: Loading chunk 92 failed.
(error: https://cdn.gbqofs.com/sv/b/detector-lazy.min.js)
JavaScript error: , line 0: TypeError: NetworkError when attempting to fetch resource.
JavaScript error: , line 0: TypeError: NetworkError when attempting to fetch resource.
1738931250392	Marionette	WARN	Ignoring event 'pageshow' because document has an invalid readyState of 'uninitialized'.
1738931250456	Marionette	WARN	Ignoring event 'pageshow' because document has an invalid readyState of 'uninitialized'.
1738931250456	Marionette	WARN	Ignoring event 'pageshow' because document has an invalid readyState of 'uninitialized'.
1738931250483	Marionette	WARN	Ignoring event 'pageshow' because document has an invalid readyState of 'uninitialized'.
1738931250566	Marionette	WARN	Ignoring event 'pageshow' because document has an invalid readyState of 'uninitialized'.
JavaScript warning: https://pagead2.googlesyndication.com/pagead/managed/js/activeview/current/ufs_web_display.js, line 77: Script terminated by timeout at:
mc@https://pagead2.googlesyndication.com/pagead/managed/js/activeview/current/ufs_web_display.js:77:483
sc@https://pagead2.googlesyndication.com/pagead/managed/js/activeview/current/ufs_web_display.js:80:282
uc@https://pagead2.googlesyndication.com/pagead/managed/js/activeview/current/ufs_web_display.js:82:27
n.subscribe@https://pagead2.googlesyndication.com/pagead/managed/js/activeview/current/ufs_web_display.js:82:663
hh/c/<@https://pagead2.googlesyndication.com/pagead/managed/js/activeview/current/ufs_web_display.js:131:268
n.Gd@https://pagead2.googlesyndication.com/pagead/managed/js/activeview/current/ufs_web_display.js:82:795
n.subscribe@https://pagead2.googlesyndication.com/pagead/managed/js/activeview/current/ufs_web_display.js:82:745
ff/<@https://pagead2.googlesyndication.com/pagead/managed/js/activeview/current/ufs_web_display.js:102:710
id/</<@https://pagead2.googlesyndication.com/pagead/managed/js/activeview/current/ufs_web_display.js:90:1369
n.subscribe@https://pagead2.googlesyndication.com/pagead/managed/js/activeview/current/ufs_web_display.js:82:717
N/<@https://pagead2.googlesyndication.com/pagead/managed/js/activeview/current/ufs_web_display.js:91:441
id/</<@https://pagead2.googlesyndication.com/pagead/managed/js/activeview/current/ufs_web_display.js:90:1369
n.subscribe@https://pagead2.googlesyndication.com/pagead/managed/js/activeview/current/ufs_web_display.js:82:717
N/<@https://pagead2.googlesyndication.com/pagead/managed/js/activeview/current/ufs_web_display.js:91:441
id/</<@https://pagead2.googlesyndication.com/pagead/managed/js/activeview/current/ufs_web_display.js:90:1369
n.subscribe@https://pagead2.googlesyndication.com/pagead/managed/js/activeview/current/ufs_web_display.js:82:717
N/<@https://pagead2.googlesyndication.com/pagead/managed/js/activeview/current/ufs_web_display.js:91:441
id/</<@https://pagead2.googlesyndication.com/pagead/managed/js/activeview/current/ufs_web_display.js:90:1369
n.subscribe@https://pagead2.googlesyndication.com/pagead/managed/js/activeview/current/ufs_web_display.js:82:717
R/<@https://pagead2.googlesyndication.com/pagead/managed/js/activeview/current/ufs_web_display.js:101:1403
id/</<@https://pagead2.googlesyndication.com/pagead/managed/js/activeview/current/ufs_web_display.js:90:1369
n.subscribe@https://pagead2.googlesyndication.com/pagead/managed/js/activeview/current/ufs_web_display.js:82:717
N/<@https://pagead2.googlesyndication.com/pagead/managed/js/activeview/current/ufs_web_display.js:91:441
id/</<@https://pagead2.googlesyndication.com/pagead/managed/js/activeview/current/ufs_web_display.js:90:1369
n.subscribe@https://pagead2.googlesyndication.com/pagead/managed/js/activeview/current/ufs_web_display.js:82:717
Ke/<@https://pagead2.googlesyndication.com/pagead/managed/js/activeview/current/ufs_web_display.js:101:335
id/</<@https://pagead2.googlesyndication.com/pagead/managed/js/activeview/current/ufs_web_display.js:90:1369
n.subscribe@https://pagead2.googlesyndication.com/pagead/managed/js/activeview/current/ufs_web_display.js:82:717
R/<@https://pagead2.googlesyndication.com/pagead/managed/js/activeview/current/ufs_web_display.js:101:1403
id/</<@https://pagead2.googlesyndication.com/pagead/managed/js/activeview/current/ufs_web_display.js:90:1369
n.subscribe@https://pagead2.googlesyndication.com/pagead/managed/js/activeview/current/ufs_web_display.js:82:717
hh/c/<@https://pagead2.googlesyndication.com/pagead/managed/js/activeview/current/ufs_web_display.js:131:268
n.Gd@https://pagead2.googlesyndication.com/pagead/managed/js/activeview/current/ufs_web_display.js:82:795
n.subscribe@https://pagead2.googlesyndication.com/pagead/managed/js/activeview/current/ufs_web_display.js:82:745
md/</<@https://pagead2.googlesyndication.com/pagead/managed/js/activeview/current/ufs_web_display.js:91:372
Ld.prototype.Ye@https://pagead2.googlesyndication.com/pagead/managed/js/activeview/current/ufs_web_display.js:95:332
Wd.prototype.execute@https://pagead2.googlesyndication.com/pagead/managed/js/activeview/current/ufs_web_display.js:97:601
Nd.prototype.flush@https://pagead2.googlesyndication.com/pagead/managed/js/activeview/current/ufs_web_display.js:96:457
Wd.prototype.C@https://pagead2.googlesyndication.com/pagead/managed/js/activeview/current/ufs_web_display.js:97:476
ed.prototype.C@https://pagead2.googlesyndication.com/pagead/managed/js/activeview/current/ufs_web_display.js:90:512
md/<@https://pagead2.googlesyndication.com/pagead/managed/js/activeview/current/ufs_web_display.js:91:350
id/</<@https://pagead2.googlesyndication.com/pagead/managed/js/activeview/current/ufs_web_display.js:90:1369
n.subscribe@https://pagead2.googlesyndication.com/pagead/managed/js/activeview/current/ufs_web_display.js:82:717
kd.prototype.connect@https://pagead2.googlesyndication.com/pagead/managed/js/activeview/current/ufs_web_display.js:91:111
jd/<@https://pagead2.googlesyndication.com/pagead/managed/js/activeview/current/ufs_web_display.js:90:1673
id/</<@https://pagead2.googlesyndication.com/pagead/managed/js/activeview/current/ufs_web_display.js:90:1369
n.subscribe@https://pagead2.googlesyndication.com/pagead/managed/js/activeview/current/ufs_web_display.js:82:717
hh/c/<@https://pagead2.googlesyndication.com/pagead/managed/js/activeview/current/ufs_web_display.js:131:268
n.Gd@https://pagead2.googlesyndication.com/pagead/managed/js/activeview/current/ufs_web_display.js:82:795
n.subscribe@https://pagead2.googlesyndication.com/pagead/managed/js/activeview/current/ufs_web_display.js:82:745
N/<@https://pagead2.googlesyndication.com/pagead/managed/js/activeview/current/ufs_web_display.js:91:441
id/</<@https://pagead2.googlesyndication.com/pagead/managed/js/activeview/current/ufs_web_display.js:90:1369
n.subscribe@https://pagead2.googlesyndication.com/pagead/managed/js/activeview/current/ufs_web_display.js:82:717
zd@https://pagead2.googlesyndication.com/pagead/managed/js/activeview/current/ufs_web_display.js:92:641
Ad/<@https://pagead2.googlesyndication.com/pagead/managed/js/activeview/current/ufs_web_display.js:92:975
id/</<@https://pagead2.googlesyndication.com/pagead/managed/js/activeview/current/ufs_web_display.js:90:1369
n.subscribe@https://pagead2.googlesyndication.com/pagead/managed/js/activeview/current/ufs_web_display.js:82:717
Se/<@https://pagead2.googlesyndication.com/pagead/managed/js/activeview/current/ufs_web_display.js:101:1223
id/</<@https://pagead2.googlesyndication.com/pagead/managed/js/activeview/current/ufs_web_display.js:90:1369
n.subscribe@https://pagead2.googlesyndication.com/pagead/managed/js/activeview/current/ufs_web_display.js:82:717
N/<@https://pagead2.googlesyndication.com/pagead/managed/js/activeview/current/ufs_web_display.js:91:441
id/</<@https://pagead2.googlesyndication.com/pagead/managed/js/activeview/current/ufs_web_display.js:90:1369
n.subscribe@https://pagead2.googlesyndication.com/pagead/managed/js/activeview/current/ufs_web_display.js:82:717
hs.prototype.start@https://pagead2.googlesyndication.com/pagead/managed/js/activeview/current/ufs_web_display.js:310:266
Or.prototype.start@https://pagead2.googlesyndication.com/pagead/managed/js/activeview/current/ufs_web_display.js:302:161
@https://pagead2.googlesyndication.com/pagead/managed/js/activeview/current/ufs_web_display.js:354:283
@https://pagead2.googlesyndication.com/pagead/managed/js/activeview/current/ufs_web_display.js:354:372
@https://pagead2.googlesyndication.com/pagead/managed/js/activeview/current/ufs_web_display.js:354:382

JavaScript warning: https://imasdk.googleapis.com/js/core/bridge3.684.0_en.html#fid=goog_873866721, line 456: Script terminated by timeout at:
gD@https://imasdk.googleapis.com/js/core/bridge3.684.0_en.html#fid=goog_873866721:456:310
kD/this.ba@https://imasdk.googleapis.com/js/core/bridge3.684.0_en.html#fid=goog_873866721:454:29

JavaScript warning: https://www.gstatic.com/_/mss/boq-subscribewithgoogle/_/js/k=boq-subscribewithgoogle.SubscribewithgoogleClientUi.en_US.abf8x28v6YQ.es5.O/am=GAy4AQ/d=1/excm=_b,_tp,serviceiframeview/ed=1/dg=0/wt=2/ujg=1/rs=ABXTjI5X7TQvkpA5W6j90KPhxKvAEG__SA/m=_b,_tp, line 308: Script terminated by timeout at:
c@https://www.gstatic.com/_/mss/boq-subscribewithgoogle/_/js/k=boq-subscribewithgoogle.SubscribewithgoogleClientUi.en_US.abf8x28v6YQ.es5.O/am=GAy4AQ/d=1/excm=_b,_tp,serviceiframeview/ed=1/dg=0/wt=2/ujg=1/rs=ABXTjI5X7TQvkpA5W6j90KPhxKvAEG__SA/m=_b,_tp:308:187
b@https://www.gstatic.com/_/mss/boq-subscribewithgoogle/_/js/k=boq-subscribewithgoogle.SubscribewithgoogleClientUi.en_US.abf8x28v6YQ.es5.O/am=GAy4AQ/d=1/excm=_b,_tp,serviceiframeview/ed=1/dg=0/wt=2/ujg=1/rs=ABXTjI5X7TQvkpA5W6j90KPhxKvAEG__SA/m=_b,_tp:299:48

console.warn: LoginRecipes: "Falling back to a synchronous message for: https://sso.accounts.dowjones.com."
console.warn: LoginRecipes: "Falling back to a synchronous message for: https://sso.accounts.dowjones.com."
JavaScript warning: https://sso.accounts.dowjones.com/datadome/tags.js, line 2: Script terminated by timeout at:
@https://sso.accounts.dowjones.com/datadome/tags.js:2:161129

1738931269392	Marionette	INFO	Stopped listening on port 55218
JavaScript warning: https://www.wsj.com/articles/twitter-elon-musk-to-argue-over-trial-timetable-to-force-44-billion-takeover-11658223001, line 246: Script terminated by timeout at:
nrWrapper@https://www.wsj.com/articles/twitter-elon-musk-to-argue-over-trial-timetable-to-force-44-billion-takeover-11658223001:246:17609
V@https://www.wsj.com/static_html_files/bluegrass/2.2.119/bluegrass2.min.js:1:12839
X@https://www.wsj.com/static_html_files/bluegrass/2.2.119/bluegrass2.min.js:1:13385
e.exports/u/J/n/<@https://www.wsj.com/static_html_files/bluegrass/2.2.119/bluegrass2.min.js:1:12956
d@https://www.wsj.com/static_html_files/bluegrass/2.2.119/bluegrass2.min.js:1:21334
fireWith@https://www.wsj.com/static_html_files/bluegrass/2.2.119/bluegrass2.min.js:1:22124
l@https://www.wsj.com/static_html_files/bluegrass/2.2.119/bluegrass2.min.js:2:30430
l.fn.init/<@https://www.wsj.com/static_html_files/bluegrass/2.2.119/bluegrass2.min.js:2:31392
received/<@https://www.wsj.com/static_html_files/bluegrass/2.2.119/bluegrass2.min.js:2:6017
i/triggerHandler/<@https://www.wsj.com/static_html_files/bluegrass/2.2.119/bluegrass2.min.js:1:18380
triggerHandler@https://www.wsj.com/static_html_files/bluegrass/2.2.119/bluegrass2.min.js:1:18297
triggerReceived@https://www.wsj.com/static_html_files/bluegrass/2.2.119/bluegrass2.min.js:2:14888
processMessages@https://www.wsj.com/static_html_files/bluegrass/2.2.119/bluegrass2.min.js:2:15004
start/t.socket.onmessage@https://www.wsj.com/static_html_files/bluegrass/2.2.119/bluegrass2.min.js:2:19051

Dynamically enable window occlusion 1
console.error: services.settings: 
Object
  - prototype Object
    - columnNumber = 0
    - data = null
    - filename = resource://gre/modules/ServiceRequest.sys.mjs
    - lineNumber = 126
    - location = {"name":"open","filename":"resource://gre/modules/ServiceRequest.sys.mjs","sourceId":30,"lineNumber":126,"columnNumber":11,"asyncCause":null,"asyncCaller":null,"caller":{"filename":"resource://services-settings/Utils.sys.mjs","name":"fetch/<","sourceId":29,"lineNumber":268,"columnNumber":15,"asyncCause":null,"asyncCaller":null,"caller":{"filename":"resource://services-settings/Utils.sys.mjs","name":"fetch","sourceId":29,"lineNumber":219,"columnNumber":12,"asyncCause":null,"asyncCaller":null,"caller":{"filename":"resource://services-common/kinto-http-client.sys.mjs","name":"timedFetch/<","sourceId":684,"lineNumber":569,"columnNumber":12,"asyncCause":null,"asyncCaller":null,"caller":{"filename":"resource://services-common/kinto-http-client.sys.mjs","name":"timedFetch","sourceId":684,"lineNumber":544,"columnNumber":12,"asyncCause":null,"asyncCaller":null,"caller":{"filename":"resource://services-common/kinto-http-client.sys.mjs","name":"request","sourceId":684,"lineNumber":634,"columnNumber":33,"asyncCause":null,"asyncCaller":null,"caller":{"filename":"resource://services-common/kinto-http-client.sys.mjs","name":"execute","sourceId":684,"lineNumber":2643,"columnNumber":36,"asyncCause":null,"asyncCaller":null,"caller":{"filename":"resource://services-common/kinto-http-client.sys.mjs","name":"getData","sourceId":684,"lineNumber":1119,"columnNumber":40,"asyncCause":null,"asyncCaller":null,"caller":{"filename":"resource://services-settings/RemoteSettingsClient.sys.mjs","name":"maybeSync","sourceId":27,"lineNumber":730,"columnNumber":54,"asyncCause":null,"asyncCaller":null,"caller":null,"formattedStack":"maybeSync@resource://services-settings/RemoteSettingsClient.sys.mjs:730:54\n","nativeSavedFrame":{}},"formattedStack":"getData@resource://services-common/kinto-http-client.sys.mjs:1119:40\nmaybeSync@resource://services-settings/RemoteSettingsClient.sys.mjs:730:54\n","nativeSavedFrame":{}},"formattedStack":"execute@resource://services-common/kinto-http-client.sys.mjs:2643:36\ngetData@resource://services-common/kinto-http-client.sys.mjs:1119:40\nmaybeSync@resource://services-settings/RemoteSettingsClient.sys.mjs:730:54\n","nativeSavedFrame":{}},"formattedStack":"request@resource://services-common/kinto-http-client.sys.mjs:634:33\nexecute@resource://services-common/kinto-http-client.sys.mjs:2643:36\ngetData@resource://services-common/kinto-http-client.sys.mjs:1119:40\nmaybeSync@resource://services-settings/RemoteSettingsClient.sys.mjs:730:54\n","nativeSavedFrame":{}},"formattedStack":"timedFetch@resource://services-common/kinto-http-client.sys.mjs:544:12\nrequest@resource://services-common/kinto-http-client.sys.mjs:634:33\nexecute@resource://services-common/kinto-http-client.sys.mjs:2643:36\ngetData@resource://services-common/kinto-http-client.sys.mjs:1119:40\nmaybeSync@resource://services-settings/RemoteSettingsClient.sys.mjs:730:54\n","nativeSavedFrame":{}},"formattedStack":"timedFetch/<@resource://services-common/kinto-http-client.sys.mjs:569:12\ntimedFetch@resource://services-common/kinto-http-client.sys.mjs:544:12\nrequest@resource://services-common/kinto-http-client.sys.mjs:634:33\nexecute@resource://services-common/kinto-http-client.sys.mjs:2643:36\ngetData@resource://services-common/kinto-http-client.sys.mjs:1119:40\nmaybeSync@resource://services-settings/RemoteSettingsClient.sys.mjs:730:54\n","nativeSavedFrame":{}},"formattedStack":"fetch@resource://services-settings/Utils.sys.mjs:219:12\ntimedFetch/<@resource://services-common/kinto-http-client.sys.mjs:569:12\ntimedFetch@resource://services-common/kinto-http-client.sys.mjs:544:12\nrequest@resource://services-common/kinto-http-client.sys.mjs:634:33\nexecute@resource://services-common/kinto-http-client.sys.mjs:2643:36\ngetData@resource://services-common/kinto-http-client.sys.mjs:1119:40\nmaybeSync@resource://services-settings/RemoteSettingsClient.sys.mjs:730:54\n","nativeSavedFrame":{}},"formattedStack":"fetch/<@resource://services-settings/Utils.sys.mjs:268:15\nfetch@resource://services-settings/Utils.sys.mjs:219:12\ntimedFetch/<@resource://services-common/kinto-http-client.sys.mjs:569:12\ntimedFetch@resource://services-common/kinto-http-client.sys.mjs:544:12\nrequest@resource://services-common/kinto-http-client.sys.mjs:634:33\nexecute@resource://services-common/kinto-http-client.sys.mjs:2643:36\ngetData@resource://services-common/kinto-http-client.sys.mjs:1119:40\nmaybeSync@resource://services-settings/RemoteSettingsClient.sys.mjs:730:54\n","nativeSavedFrame":{}},"formattedStack":"open@resource://gre/modules/ServiceRequest.sys.mjs:126:11\nfetch/<@resource://services-settings/Utils.sys.mjs:268:15\nfetch@resource://services-settings/Utils.sys.mjs:219:12\ntimedFetch/<@resource://services-common/kinto-http-client.sys.mjs:569:12\ntimedFetch@resource://services-common/kinto-http-client.sys.mjs:544:12\nrequest@resource://services-common/kinto-http-client.sys.mjs:634:33\nexecute@resource://services-common/kinto-http-client.sys.mjs:2643:36\ngetData@resource://services-common/kinto-http-client.sys.mjs:1119:40\nmaybeSync@resource://services-settings/RemoteSettingsClient.sys.mjs:730:54\n","nativeSavedFrame":{}}
    - message = 
    - name = 
    - result = 2152071198
    - stack = open@resource://gre/modules/ServiceRequest.sys.mjs:126:11|fetch/<@resource://services-settings/Utils.sys.mjs:268:15|fetch@resource://services-settings/Utils.sys.mjs:219:12|timedFetch/<@resource://services-common/kinto-http-client.sys.mjs:569:12|timedFetch@resource://services-common/kinto-http-client.sys.mjs:544:12|request@resource://services-common/kinto-http-client.sys.mjs:634:33|execute@resource://services-common/kinto-http-client.sys.mjs:2643:36|getData@resource://services-common/kinto-http-client.sys.mjs:1119:40|maybeSync@resource://services-settings/RemoteSettingsClient.sys.mjs:730:54|
  - prototype Object
console.error: "Could not download new icon" ({})
console.warn: services.settings: main/language-dictionaries sync interrupted by shutdown
console.error: "Could not download new icon" ({})
console.error: "Could not download new icon" ({})
console.warn: services.settings: main/devtools-devices sync interrupted by shutdown
console.warn: services.settings: main/doh-config sync interrupted by shutdown
console.warn: services.settings: main/doh-providers sync interrupted by shutdown
console.error: "Could not download new icon" ({})
console.error: "Could not download new icon" ({})
console.error: "Could not download new icon" ({})
console.error: "Could not download new icon" ({})
console.error: "Could not download new icon" ({})
console.error: "Could not download new icon" ({})
console.error: "Could not download new icon" ({})
console.error: "Could not download new icon" ({})
console.warn: services.settings: main/hijack-blocklists sync interrupted by shutdown
console.error: "Could not download new icon" ({})
console.error: "Could not download new icon" ({})
console.error: "Could not download new icon" ({})
console.error: "Could not download new icon" ({})
console.error: "Could not download new icon" ({})
console.error: "Could not download new icon" ({})
console.error: "Could not download new icon" ({})
console.warn: services.settings: main/public-suffix-list sync interrupted by shutdown
console.error: "Could not download new icon" ({})
console.warn: services.settings: main/anti-tracking-url-decoration sync interrupted by shutdown
console.error: "Could not download new icon" ({})
console.warn: services.settings: main/sites-classification sync interrupted by shutdown
console.error: "Could not download new icon" ({})
console.error: "Could not download new icon" ({})
console.error: "Could not download new icon" ({})
console.error: ({details:{id:"71e468d0-8006-a831-873e-64d518cd8515", last_modified:1674595048726, bucket:"main", collection:"password-recipes", host:"firefox.settings.services.mozilla.com"}})
console.error: "Could not download new icon" ({})
console.error: "Could not download new icon" ({})
console.error: "Could not download new icon" ({})
console.error: "Could not download new icon" ({})
console.error: "Could not download new icon" ({})
console.error: "Could not download new icon" ({})
console.error: "Could not download new icon" ({})
console.error: "Could not download new icon" ({})
console.error: "Could not download new icon" ({})
console.error: "Could not download new icon" ({})
console.error: "Could not download new icon" ({})
console.error: "Could not download new icon" ({})
console.error: "Could not download new icon" ({})
console.error: "Could not download new icon" ({})
[GFX1-]: VideoBridgeParent receives IPC close with reason=AbnormalShutdown
