1729836197520	geckodriver	INFO	Listening on 127.0.0.1:60136
1729836200580	mozrunner::runner	INFO	Running command: "C:\\Program Files\\Mozilla Firefox\\firefox.exe" "--marionette" "--remote-debugging-port" "60137" "--remote-allow-hosts" "localhost" "-no-remote" "-profile" "D:\\Users\\sasikumarj\\AppData\\Local\\Temp\\rust_mozprofileEKL4Ag"
console.warn: services.settings: Ignoring preference override of remote settings server
console.warn: services.settings: Allow by setting MOZ_REMOTE_SETTINGS_DEVTOOLS=1 in the environment
Dynamically enable window occlusion 0
1729836201300	Marionette	INFO	Marionette enabled
1729836201661	Marionette	INFO	Listening on port 60145
WebDriver BiDi listening on ws://127.0.0.1:60137
Read port: 60145
1729836201918	RemoteAgent	WARN	TLS certificate errors will be ignored for this session
DevTools listening on ws://127.0.0.1:60137/devtools/browser/489fc858-8fa1-4e2b-b969-f733e619b9df
JavaScript error: https://cdn.cxense.com/sp1.html#ver=2.8.82&typ=pgv&rnd=m2obte2gop28gqwn&sid=1144071410389139719&loc=https%3A%2F%2Fwww.s.dev.mansionglobal.com%2F&new=1&arf=0&ltm=1729836210050&ref=&tzo=-330&wsz=1278x497&res=1278x622&dpr=1&col=24&bln=en-US&chs=UTF-8&cks=m2obte4d7wmrl5pd&ckp=m2obte2gmwascpxi&glb=&cp_userState=anon&cp_testGroup=36&cp_env=staging&cp_topDomain=mansionglobal.com&cp_template=full&cp_access=free&cp_section=Home&cp_subsection=&cp_cms_name=CMS%20Wordpress&cp_subscriber=nonsubscriber&cp_edition=naus&cp_bucket=9&cp_ab_bucket=89&cp_pageContentSource=Mansion%20Global&cp_pageContentType=Home&cp_pageContentTypeDetai=default&cp_pageSiteProduct=MG&cp_userTags=&cp_sessionState=none, line 1: TypeError: cX.loadScript is not a function
JavaScript warning: https://pagead2.googlesyndication.com/bg/nbFBA6X6-R6L-vgiwwUCSbgu-1WcfjEIvkEfffAnUGA.js line 2 > eval line 4246 > eval line 1 > eval line 1 > eval, line 1: WEBGL_debug_renderer_info is deprecated in Firefox and will be removed. Please use RENDERER.
JavaScript warning: https://pagead2.googlesyndication.com/bg/nbFBA6X6-R6L-vgiwwUCSbgu-1WcfjEIvkEfffAnUGA.js line 2 > eval line 3477 > eval line 1 > eval line 1 > eval, line 1: WEBGL_debug_renderer_info is deprecated in Firefox and will be removed. Please use RENDERER.
JavaScript warning: https://cdn.parsely.com/keys/mansionglobal.com/p.js, line 7: Script terminated by timeout at:
selectEndpoint@https://cdn.parsely.com/keys/mansionglobal.com/p.js:7:61511
beacon@https://cdn.parsely.com/keys/mansionglobal.com/p.js:7:64681
e.engagedTime.sendHeartbeat@https://cdn.parsely.com/keys/mansionglobal.com/p.js:7:43415
i.sendHeartbeat@https://cdn.parsely.com/keys/mansionglobal.com/p.js:7:41440
i._sendHeartbeats@https://cdn.parsely.com/keys/mansionglobal.com/p.js:7:41594
i._setUnloadListeners/<@https://cdn.parsely.com/keys/mansionglobal.com/p.js:7:41747
value/<@https://cdn.parsely.com/keys/mansionglobal.com/p.js:7:22304
value@https://cdn.parsely.com/keys/mansionglobal.com/p.js:7:22277
value@https://cdn.parsely.com/keys/mansionglobal.com/p.js:7:24351
value@https://cdn.parsely.com/keys/mansionglobal.com/p.js:7:24771

JavaScript warning: https://imasdk.googleapis.com/js/core/bridge3.674.1_en.html#goog_1416390589, line 10: Script terminated by timeout at:
q@https://imasdk.googleapis.com/js/core/bridge3.674.1_en.html#goog_1416390589:10:299
fC/this.aa@https://imasdk.googleapis.com/js/core/bridge3.674.1_en.html#goog_1416390589:447:52

JavaScript error: , line 0: TypeError: NetworkError when attempting to fetch resource.
console.warn: LoginRecipes: "Falling back to a synchronous message for: https://sso.int.accounts.dowjones.com."
console.warn: LoginRecipes: "Falling back to a synchronous message for: https://sso.int.accounts.dowjones.com."
console.warn: LoginRecipes: "Falling back to a synchronous message for: https://sso.int.accounts.dowjones.com."
console.warn: LoginRecipes: "Falling back to a synchronous message for: https://sso.int.accounts.dowjones.com."
JavaScript warning: https://sso.int.accounts.dowjones.com/one_identity_login_pages/login/81d56fb5b0694b7770ec579357b07432/js/vendor.js, line 51: Script terminated by timeout at:
WE@https://sso.int.accounts.dowjones.com/one_identity_login_pages/login/81d56fb5b0694b7770ec579357b07432/js/vendor.js:51:4767
k@https://sso.int.accounts.dowjones.com/one_identity_login_pages/login/81d56fb5b0694b7770ec579357b07432/js/vendor.js:49:13806

JavaScript error: https://www.s.dev.mansionglobal.com/follow?alert=news_alert&id=NewsAlertEmailTechnology, line 256: TypeError: window.__ace is not a function
JavaScript error: https://aswpsdkus.com/notify/v1/ua-sdk.min.js, line 1: Error: Notification permission is denied.
JavaScript warning: https://cdn.cxense.com/cx.js, line 6: Script terminated by timeout at:
Ai@https://cdn.cxense.com/cx.js:6:48379
eo@https://cdn.cxense.com/cx.js:6:53152
aa@https://cdn.cxense.com/cx.js:6:70471
ua/<@https://cdn.cxense.com/cx.js:6:70932

JavaScript warning: https://fpt.live.com/?session_id=bf69f77061e94fef987befd358f5e811&CustomerId=33e01921-4d64-4f8c-a055-5bdaffd5e33d&PageId=SI, line 5: WEBGL_debug_renderer_info is deprecated in Firefox and will be removed. Please use RENDERER.
console.warn: LoginRecipes: "Falling back to a synchronous message for: https://login.live.com."
1729836356216	Marionette	INFO	Stopped listening on port 60145
Dynamically enable window occlusion 1
