1729835996853	geckodriver	INFO	Listening on 127.0.0.1:61613
1729835999893	mozrunner::runner	INFO	Running command: "C:\\Program Files\\Mozilla Firefox\\firefox.exe" "--marionette" "--remote-debugging-port" "61614" "--remote-allow-hosts" "localhost" "-no-remote" "-profile" "D:\\Users\\sasikumarj\\AppData\\Local\\Temp\\rust_mozprofilejOnUCl"
console.warn: services.settings: Ignoring preference override of remote settings server
console.warn: services.settings: Allow by setting MOZ_REMOTE_SETTINGS_DEVTOOLS=1 in the environment
Dynamically enable window occlusion 0
1729836000619	Marionette	INFO	Marionette enabled
1729836000891	Marionette	INFO	Listening on port 61621
WebDriver BiDi listening on ws://127.0.0.1:61614
Read port: 61621
1729836001198	RemoteAgent	WARN	TLS certificate errors will be ignored for this session
DevTools listening on ws://127.0.0.1:61614/devtools/browser/f6ad4033-c073-4e7b-b6f9-dba1cf52357e
JavaScript error: https://cdn.cxense.com/sp1.html#ver=2.8.82&typ=pgv&rnd=m2obp33s61yhb0a4&sid=1144071410389139719&loc=https%3A%2F%2Fwww.s.dev.mansionglobal.com%2F&new=1&arf=0&ltm=1729836009213&ref=&tzo=-330&wsz=1278x497&res=1278x622&dpr=1&col=24&bln=en-US&chs=UTF-8&cks=m2obp36gmcx42359&ckp=m2obp33s6wa05g6x&glb=&cp_userState=anon&cp_testGroup=51&cp_env=staging&cp_topDomain=mansionglobal.com&cp_template=full&cp_access=free&cp_section=Home&cp_subsection=&cp_cms_name=CMS%20Wordpress&cp_subscriber=nonsubscriber&cp_edition=naus&cp_bucket=6&cp_ab_bucket=36&cp_pageContentSource=Mansion%20Global&cp_pageContentType=Home&cp_pageContentTypeDetai=default&cp_pageSiteProduct=MG&cp_userTags=&cp_sessionState=none, line 1: TypeError: cX.loadScript is not a function
JavaScript warning: https://pagead2.googlesyndication.com/bg/nbFBA6X6-R6L-vgiwwUCSbgu-1WcfjEIvkEfffAnUGA.js line 2 > eval line 6781 > eval line 1 > eval line 1 > eval, line 1: WEBGL_debug_renderer_info is deprecated in Firefox and will be removed. Please use RENDERER.
1729836015879	Marionette	WARN	Ignoring event 'DOMContentLoaded' because document has an invalid readyState of 'complete'.
JavaScript warning: https://cdn.cxense.com/cx.js, line 6: Script terminated by timeout at:
n@https://cdn.cxense.com/cx.js:6:1149
r@https://cdn.cxense.com/cx.js:6:1272
l<@https://cdn.cxense.com/cx.js:6:1807
Yi@https://cdn.cxense.com/cx.js:6:52590
uo@https://cdn.cxense.com/cx.js:6:54979
aa@https://cdn.cxense.com/cx.js:6:70625
ua/<@https://cdn.cxense.com/cx.js:6:70932

JavaScript warning: https://imasdk.googleapis.com/js/core/bridge3.674.1_en.html#goog_450329383, line 450: Script terminated by timeout at:
cC@https://imasdk.googleapis.com/js/core/bridge3.674.1_en.html#goog_450329383:450:275
fC/this.aa@https://imasdk.googleapis.com/js/core/bridge3.674.1_en.html#goog_450329383:447:342

JavaScript warning: https://fpt.live.com/?session_id=2c27619a24e349ba841f808e7b32c518&CustomerId=33e01921-4d64-4f8c-a055-5bdaffd5e33d&PageId=SI, line 5: WEBGL_debug_renderer_info is deprecated in Firefox and will be removed. Please use RENDERER.
console.warn: LoginRecipes: "Falling back to a synchronous message for: https://login.live.com."
console.warn: LoginRecipes: "Falling back to a synchronous message for: https://login.live.com."
console.warn: LoginRecipes: "Falling back to a synchronous message for: https://login.live.com."
console.warn: LoginRecipes: "Falling back to a synchronous message for: https://login.live.com."
console.warn: LoginRecipes: "Falling back to a synchronous message for: https://login.live.com."
console.warn: LoginRecipes: "Falling back to a synchronous message for: https://login.live.com."
console.warn: LoginRecipes: "Falling back to a synchronous message for: https://login.live.com."
console.warn: LoginRecipes: "Falling back to a synchronous message for: https://login.live.com."
console.warn: LoginRecipes: "Falling back to a synchronous message for: https://login.live.com."
console.warn: LoginRecipes: "Falling back to a synchronous message for: https://login.live.com."
1729836092178	Marionette	INFO	Stopped listening on port 61621
Dynamically enable window occlusion 1
