1739424360090	geckodriver	INFO	Listening on 127.0.0.1:52395
1739424363132	mozrunner::runner	INFO	Running command: "C:\\Program Files\\Mozilla Firefox\\firefox.exe" "--marionette" "--remote-debugging-port" "52396" "--remote-allow-hosts" "localhost" "-no-remote" "-profile" "D:\\Users\\sasikumarj\\AppData\\Local\\Temp\\rust_mozprofile9qtjrI"
console.warn: services.settings: Ignoring preference override of remote settings server
console.warn: services.settings: Allow by setting MOZ_REMOTE_SETTINGS_DEVTOOLS=1 in the environment
Dynamically enable window occlusion 0
1739424363765	Marionette	INFO	Marionette enabled
1739424364013	Marionette	INFO	Listening on port 52410
WebDriver BiDi listening on ws://127.0.0.1:52396
Read port: 52410
console.error: Policies: 
  Download failed - ERROR_CORRUPT_FILE - file://C:\Program Files\Snow Software\Inventory\Agent\FFCloudmetering.xpi
1739424364289	RemoteAgent	WARN	TLS certificate errors will be ignored for this session
DevTools listening on ws://127.0.0.1:52396/devtools/browser/aeccb8f3-49ee-4f7b-810c-3bffbbfd38fa
JavaScript error: https://cdn.cxense.com/sp1.html#ver=2.8.90&typ=pgv&rnd=m72wcz394z66ic1w&sid=1134007940894473081&loc=https%3A%2F%2Fwww.mansionglobal.com%2F&new=1&arf=0&ltm=1739424371884&ref=&tzo=-330&wsz=1280x595&res=1280x720&dpr=1&col=24&bln=en-US&chs=UTF-8&cks=m72wczesx9fy4h9m&ckp=m72wcz39kwsaksgx&glb=&cp_userState=anon&cp_testGroup=45&cp_topDomain=mansionglobal.com&cp_template=full&cp_access=free&cp_section=Home&cp_subsection=&cp_cms_name=CMS%20Wordpress&cp_subscriber=nonsubscriber&cp_edition=na%252Cus&cp_bucket=0&cp_ab_bucket=90&cp_pageContentSource=Mansion%20Global&cp_pageContentType=Home&cp_pageContentTypeDetai=default&cp_pageSiteProduct=MG&cp_userTags=&cp_sessionState=none, line 1: TypeError: cX.loadScript is not a function
JavaScript warning: https://pagead2.googlesyndication.com/bg/8ZaB7jRsaaU-biZOJz6O6mNB_fDMtsHVeu7uD0tG4og.js line 2 > eval line 1364 > eval line 1 > eval line 1 > eval, line 1: WEBGL_debug_renderer_info is deprecated in Firefox and will be removed. Please use RENDERER.
JavaScript warning: https://pagead2.googlesyndication.com/bg/8ZaB7jRsaaU-biZOJz6O6mNB_fDMtsHVeu7uD0tG4og.js line 2 > eval line 6856 > eval line 1 > eval line 1 > eval, line 1: WEBGL_debug_renderer_info is deprecated in Firefox and will be removed. Please use RENDERER.
JavaScript warning: https://cdn.parsely.com/keys/mansionglobal.com/p.js, line 7: Script terminated by timeout at:
n._getCacheFromString@https://cdn.parsely.com/keys/mansionglobal.com/p.js:7:29545
n._renewCache@https://cdn.parsely.com/keys/mansionglobal.com/p.js:7:30030
n.get@https://cdn.parsely.com/keys/mansionglobal.com/p.js:7:27898
getVisitorInfo@https://cdn.parsely.com/keys/mansionglobal.com/p.js:7:33929
getSession@https://cdn.parsely.com/keys/mansionglobal.com/p.js:7:35584
beacon@https://cdn.parsely.com/keys/mansionglobal.com/p.js:7:64086
e.engagedTime.sendHeartbeat@https://cdn.parsely.com/keys/mansionglobal.com/p.js:7:43415
i.sendHeartbeat@https://cdn.parsely.com/keys/mansionglobal.com/p.js:7:41440
i._sendHeartbeats@https://cdn.parsely.com/keys/mansionglobal.com/p.js:7:41594
i._setUnloadListeners/<@https://cdn.parsely.com/keys/mansionglobal.com/p.js:7:41747
value/<@https://cdn.parsely.com/keys/mansionglobal.com/p.js:7:22304
value@https://cdn.parsely.com/keys/mansionglobal.com/p.js:7:22277
value@https://cdn.parsely.com/keys/mansionglobal.com/p.js:7:24351
value@https://cdn.parsely.com/keys/mansionglobal.com/p.js:7:24771
nrWrapper@https://www.mansionglobal.com/articles/are-there-tax-breaks-on-agricultural-land-in-pennsylvania-01648119848:114:17759

JavaScript warning: https://imasdk.googleapis.com/js/core/bridge3.685.0_en.html#fid=goog_1610938698, line 11: Script terminated by timeout at:
v@https://imasdk.googleapis.com/js/core/bridge3.685.0_en.html#fid=goog_1610938698:11:367
jD/this.T@https://imasdk.googleapis.com/js/core/bridge3.685.0_en.html#fid=goog_1610938698:454:37

JavaScript warning: https://pagead2.googlesyndication.com/pagead/managed/js/activeview/current/ufs_web_display.js, line 13: Script terminated by timeout at:
C@https://pagead2.googlesyndication.com/pagead/managed/js/activeview/current/ufs_web_display.js:13:325
h@https://pagead2.googlesyndication.com/pagead/managed/js/activeview/current/ufs_web_display.js:93:449

JavaScript warning: https://www.google.com/js/th/2OLqLGNr0zHDpmEvPVsLweQktEaAqFW_L2mqSHTdR30.js line 2 > eval line 661 > eval line 1 > eval line 1 > eval, line 1: Script terminated by timeout at:
S@https://www.google.com/js/th/2OLqLGNr0zHDpmEvPVsLweQktEaAqFW_L2mqSHTdR30.js line 2 > eval line 661 > eval line 1 > eval line 1 > eval:1:13
fw@https://www.google.com/js/th/2OLqLGNr0zHDpmEvPVsLweQktEaAqFW_L2mqSHTdR30.js line 2 > eval line 661 > eval line 1 > eval line 1 > eval:1:25
@https://www.google.com/js/th/2OLqLGNr0zHDpmEvPVsLweQktEaAqFW_L2mqSHTdR30.js line 2 > eval line 661 > eval line 1 > eval line 1 > eval:1:17
yd@https://www.google.com/js/th/2OLqLGNr0zHDpmEvPVsLweQktEaAqFW_L2mqSHTdR30.js line 2 > eval line 661 > eval line 1 > eval line 1 > eval:1:208
Cw@https://www.google.com/js/th/2OLqLGNr0zHDpmEvPVsLweQktEaAqFW_L2mqSHTdR30.js line 2 > eval line 661 > eval line 1 > eval line 1 > eval:1:49
@https://www.google.com/js/th/2OLqLGNr0zHDpmEvPVsLweQktEaAqFW_L2mqSHTdR30.js line 2 > eval:661:50027
w0@https://www.google.com/js/th/2OLqLGNr0zHDpmEvPVsLweQktEaAqFW_L2mqSHTdR30.js line 2 > eval:661:20975
UJ@https://www.google.com/js/th/2OLqLGNr0zHDpmEvPVsLweQktEaAqFW_L2mqSHTdR30.js line 2 > eval:661:14487
O@https://www.google.com/js/th/2OLqLGNr0zHDpmEvPVsLweQktEaAqFW_L2mqSHTdR30.js line 2 > eval:661:19096
H@https://www.google.com/js/th/2OLqLGNr0zHDpmEvPVsLweQktEaAqFW_L2mqSHTdR30.js line 2 > eval line 661 > eval line 1 > eval line 1 > eval:1:291
@https://www.google.com/js/th/2OLqLGNr0zHDpmEvPVsLweQktEaAqFW_L2mqSHTdR30.js line 2 > eval:661:48929
r@https://www.google.com/js/th/2OLqLGNr0zHDpmEvPVsLweQktEaAqFW_L2mqSHTdR30.js line 2 > eval:661:20086
@https://www.google.com/js/th/2OLqLGNr0zHDpmEvPVsLweQktEaAqFW_L2mqSHTdR30.js line 2 > eval:661:53463
u2.prototype.CC/b<@https://www.youtube-nocookie.com/s/player/074a8365/player_ias.vflset/en_US/base.js:8021:146
qi@https://www.youtube-nocookie.com/s/player/074a8365/player_ias.vflset/en_US/base.js:813:33
u2.prototype.CC@https://www.youtube-nocookie.com/s/player/074a8365/player_ias.vflset/en_US/base.js:8021:113
IC.prototype.WA@https://www.youtube-nocookie.com/s/player/074a8365/player_ias.vflset/en_US/base.js:8977:41
g.q.invoke@https://www.youtube-nocookie.com/s/player/074a8365/player_ias.vflset/en_US/base.js:8970:64
nxC@https://www.youtube-nocookie.com/s/player/074a8365/player_ias.vflset/en_US/base.js:3743:47
g.fED/p.c1a@https://www.youtube-nocookie.com/s/player/074a8365/player_ias.vflset/en_US/base.js:3747:277
g.umz@https://www.youtube-nocookie.com/s/player/074a8365/player_ias.vflset/en_US/base.js:3750:168
g.q.Qn@https://www.youtube-nocookie.com/s/player/074a8365/player_ias.vflset/en_US/base.js:11900:261
g.q.sendAbandonmentPing@https://www.youtube-nocookie.com/s/player/074a8365/player_ias.vflset/en_US/base.js:11742:106
g.q.sendAbandonmentPing@https://www.youtube-nocookie.com/s/player/074a8365/player_ias.vflset/en_US/base.js:11618:44
g.q.sendAbandonmentPing@https://www.youtube-nocookie.com/s/player/074a8365/player_ias.vflset/en_US/base.js:10561:69
pE/p.state.D[d]@https://www.youtube-nocookie.com/s/player/074a8365/player_ias.vflset/en_US/base.js:4559:53
zz/<@https://www.youtube-nocookie.com/s/player/074a8365/www-embed-player.vflset/www-embed-player.js:1958:106
Lz@https://www.youtube-nocookie.com/s/player/074a8365/www-embed-player.vflset/www-embed-player.js:1995:46
@https://www.youtube-nocookie.com/s/player/074a8365/www-embed-player.vflset/www-embed-player.js:2006:137
hm/<@https://www.youtube-nocookie.com/s/player/074a8365/www-embed-player.vflset/www-embed-player.js:936:63

JavaScript warning: https://static.cdninstagram.com/rsrc.php/v4/yZ/r/poZskV4T2SP.js, line 57: Script terminated by timeout at:
T@https://static.cdninstagram.com/rsrc.php/v4/yZ/r/poZskV4T2SP.js:57:5266
Y/<@https://static.cdninstagram.com/rsrc.php/v4/yZ/r/poZskV4T2SP.js:57:9516
xa@https://static.cdninstagram.com/rsrc.php/v4/yZ/r/poZskV4T2SP.js:57:9756
Y@https://static.cdninstagram.com/rsrc.php/v4/yZ/r/poZskV4T2SP.js:57:9474
a@https://static.cdninstagram.com/rsrc.php/v4/yZ/r/poZskV4T2SP.js:211:2980
getEndPointUrl@https://static.cdninstagram.com/rsrc.php/v4/y4/r/4gEv7nbQgUL.js:12:428
_tryToSendViaBeacon@https://static.cdninstagram.com/rsrc.php/v4/y4/r/4gEv7nbQgUL.js:19:3936
_initialize/<@https://static.cdninstagram.com/rsrc.php/v4/y4/r/4gEv7nbQgUL.js:19:1137
applyWithGuard@https://static.cdninstagram.com/rsrc.php/v4/yZ/r/poZskV4T2SP.js:70:10628
c.__emitToSubscription@https://static.cdninstagram.com/rsrc.php/v4/yZ/r/poZskV4T2SP.js:79:1477
c.emit@https://static.cdninstagram.com/rsrc.php/v4/yZ/r/poZskV4T2SP.js:79:1303
@https://static.cdninstagram.com/rsrc.php/v4/yZ/r/poZskV4T2SP.js:335:1059
applyWithGuard@https://static.cdninstagram.com/rsrc.php/v4/yZ/r/poZskV4T2SP.js:70:10628
d@https://static.cdninstagram.com/rsrc.php/v4/yZ/r/poZskV4T2SP.js:330:2086

console.warn: LoginRecipes: "Falling back to a synchronous message for: https://sso.accounts.dowjones.com."
console.warn: LoginRecipes: "Falling back to a synchronous message for: https://sso.accounts.dowjones.com."
JavaScript warning: https://www.googletagmanager.com/gtag/js?id=G-K2H7B9JRSS, line 182: Script terminated by timeout at:
hb@https://www.googletagmanager.com/gtag/js?id=G-K2H7B9JRSS:182:159
dg@https://www.googletagmanager.com/gtag/js?id=G-K2H7B9JRSS:269:375
cg@https://www.googletagmanager.com/gtag/js?id=G-K2H7B9JRSS:269:199
eg@https://www.googletagmanager.com/gtag/js?id=G-K2H7B9JRSS:268:60
rJ.prototype.flush@https://www.googletagmanager.com/gtag/js?id=G-K2H7B9JRSS:780:96
h.flush@https://www.googletagmanager.com/gtag/js?id=G-K2H7B9JRSS:798:243
NK/<@https://www.googletagmanager.com/gtag/js?id=G-K2H7B9JRSS:811:210
h.Il/<@https://www.googletagmanager.com/gtag/js?id=G-K2H7B9JRSS:749:126
h.Il/c/<@https://www.googletagmanager.com/gtag/js?id=G-K2H7B9JRSS:748:418

JavaScript error: https://www.mansionglobal.com/follow?alert=author&id=8686_MG&frequency=realtime, line 261: TypeError: window.__ace is not a function
JavaScript error: https://aswpsdkus.com/notify/v1/ua-sdk.min.js, line 1: Error: Notification permission is denied.
console.warn: WindowsJumpLists: "Failed to fetch favicon for " "https://www.mansionglobal.com/follow" ({})
1739424586895	Marionette	INFO	Stopped listening on port 52410
Dynamically enable window occlusion 1
