1729837341054	geckodriver	INFO	Listening on 127.0.0.1:57776
1729837344067	mozrunner::runner	INFO	Running command: "C:\\Program Files\\Mozilla Firefox\\firefox.exe" "--marionette" "--remote-debugging-port" "57777" "--remote-allow-hosts" "localhost" "-no-remote" "-profile" "D:\\Users\\sasikumarj\\AppData\\Local\\Temp\\rust_mozprofileyUImlM"
console.warn: services.settings: Ignoring preference override of remote settings server
console.warn: services.settings: Allow by setting MOZ_REMOTE_SETTINGS_DEVTOOLS=1 in the environment
Dynamically enable window occlusion 0
1729837344831	Marionette	INFO	Marionette enabled
1729837345106	Marionette	INFO	Listening on port 57785
WebDriver BiDi listening on ws://127.0.0.1:57777
Read port: 57785
1729837345377	RemoteAgent	WARN	TLS certificate errors will be ignored for this session
DevTools listening on ws://127.0.0.1:57777/devtools/browser/11686a4d-2b1e-431a-b668-5b5bd313c645
JavaScript warning: https://int-replay-wsj-elections.ore.onservo.com/election/_next/static/chunks/main-c0569e4635de2e62.js, line 1: unreachable code after return statement
JavaScript warning: https://int-replay-wsj-elections.ore.onservo.com/election/_next/static/chunks/main-c0569e4635de2e62.js, line 1: unreachable code after return statement
1729837355339	Marionette	WARN	Ignoring event 'DOMContentLoaded' because document has an invalid readyState of 'complete'.
JavaScript error: https://cdn.cxense.com/sp1.html#ver=2.8.82&typ=pgv&rnd=m2ochwyxwhbnlnk7&sid=1134002947328204066&loc=https%3A%2F%2Fwww.dev.wsj.com%2F&new=1&arf=0&ltm=1729837354292&ref=&tzo=-330&wsz=1278x497&res=1278x622&dpr=1&col=24&bln=en-US&chs=UTF-8&cks=m2ochxhbi6yqkcdz&ckp=m2ochwyxeygsz7gr&glb=&cp_userState=anon&cp_testGroup=57&cp_env=staging&cp_topDomain=wsj.com&cp_template=full&cp_access=free&cp_section=US%20Home%20Page&cp_subsection=&cp_cms_name=CAPS&cp_subscriber=nonsubscriber&cp_edition=naus&cp_bucket=7&cp_ab_bucket=37&cp_pageContentSource=WSJ%20Online&cp_pageContentType=Home&cp_pageContentTypeDetai=desktopweb&cp_pageSiteProduct=WSJ&cp_userTags=&cp_sessionState=none, line 1: TypeError: cX.loadScript is not a function
A content process crashed and MOZ_CRASHREPORTER_SHUTDOWN is set, shutting down
A content process crashed and MOZ_CRASHREPORTER_SHUTDOWN is set, shutting down
JavaScript error: chrome://global/content/elements/browser-custom-element.js, line 1679: Error: permitUnload is already running for this tab.
JavaScript warning: https://www.dianomi.com/cdn-cgi/challenge-platform/scripts/jsd/main.js, line 1: Script terminated by timeout at:
m@https://www.dianomi.com/cdn-cgi/challenge-platform/scripts/jsd/main.js:1:5991
e@https://www.dianomi.com/cdn-cgi/challenge-platform/scripts/jsd/main.js:1:5224
C@https://www.dianomi.com/cdn-cgi/challenge-platform/scripts/jsd/main.js:1:5279
@https://www.dianomi.com/cdn-cgi/challenge-platform/scripts/jsd/main.js:1:4434
@https://www.dianomi.com/cdn-cgi/challenge-platform/scripts/jsd/main.js:1:8202

1729837358314	Marionette	INFO	Stopped listening on port 57785
Dynamically enable window occlusion 1
1729837358555	Marionette	WARN	Ignoring event 'pageshow' because document has an invalid readyState of 'uninitialized'.
