1739264347249	geckodriver	INFO	Listening on 127.0.0.1:55417
1739264350421	mozrunner::runner	INFO	Running command: "C:\\Program Files\\Mozilla Firefox\\firefox.exe" "--marionette" "--remote-debugging-port" "55418" "--remote-allow-hosts" "localhost" "-no-remote" "-profile" "D:\\Users\\sasikumarj\\AppData\\Local\\Temp\\rust_mozprofileeNceqO"
console.warn: services.settings: Ignoring preference override of remote settings server
console.warn: services.settings: Allow by setting MOZ_REMOTE_SETTINGS_DEVTOOLS=1 in the environment
Dynamically enable window occlusion 0
1739264351151	Marionette	INFO	Marionette enabled
1739264351410	Marionette	INFO	Listening on port 55515
WebDriver BiDi listening on ws://127.0.0.1:55418
Read port: 55515
console.error: Policies: 
  Download failed - ERROR_CORRUPT_FILE - file://C:\Program Files\Snow Software\Inventory\Agent\FFCloudmetering.xpi
1739264351563	RemoteAgent	WARN	TLS certificate errors will be ignored for this session
DevTools listening on ws://127.0.0.1:55418/devtools/browser/34a441f3-22fd-4eae-85c9-e3b9c600e855
JavaScript error: , line 0: TypeError: NetworkError when attempting to fetch resource.
JavaScript error: , line 0: TypeError: NetworkError when attempting to fetch resource.
JavaScript error: , line 0: TypeError: NetworkError when attempting to fetch resource.
JavaScript error: , line 0: TypeError: NetworkError when attempting to fetch resource.
JavaScript error: , line 0: TypeError: NetworkError when attempting to fetch resource.
JavaScript error: , line 0: AbortError: The operation was aborted. 
JavaScript warning: https://www.wsj.com/, line 194: Script terminated by timeout at:
i@https://www.wsj.com/:194:17866
nrWrapper@https://www.wsj.com/:194:17819
G@https://www.googletagmanager.com/gtag/js?id=G-K2H7B9JRSS:198:198
Dz.prototype.Ne/c<@https://www.googletagmanager.com/gtag/js?id=G-K2H7B9JRSS:636:69
qb/<@https://www.googletagmanager.com/gtag/js?id=G-K2H7B9JRSS:184:125
Gz@https://www.googletagmanager.com/gtag/js?id=G-K2H7B9JRSS:635:1207
Iz@https://www.googletagmanager.com/gtag/js?id=G-K2H7B9JRSS:636:240
wA@https://www.googletagmanager.com/gtag/js?id=G-K2H7B9JRSS:647:233
pB@https://www.googletagmanager.com/gtag/js?id=G-K2H7B9JRSS:664:273
sB@https://www.googletagmanager.com/gtag/js?id=G-K2H7B9JRSS:667:7
uB@https://www.googletagmanager.com/gtag/js?id=G-K2H7B9JRSS:668:45
nrWrapper@https://www.wsj.com/:194:17759

JavaScript warning: https://pagead2.googlesyndication.com/bg/VPXMjhhSnF_0w04UBhtYgswssitSTY9737JJt5i4JB8.js line 2 > eval line 2449 > eval line 1 > eval line 1 > eval, line 1: WEBGL_debug_renderer_info is deprecated in Firefox and will be removed. Please use RENDERER.
JavaScript warning: https://newscorp.okta.com/assets/js/vendor/lib/fingerprint2.min.68ab45bd98459cb766f3ab26d086e5f5.js, line 1: WEBGL_debug_renderer_info is deprecated in Firefox and will be removed. Please use RENDERER.
console.warn: LoginRecipes: "Falling back to a synchronous message for: https://newscorp.okta.com."
1739264409370	Marionette	INFO	Stopped listening on port 55515
Dynamically enable window occlusion 1
