1738953664341	geckodriver	INFO	Listening on 127.0.0.1:62840
1738953667383	mozrunner::runner	INFO	Running command: "C:\\Program Files\\Mozilla Firefox\\firefox.exe" "--marionette" "--remote-debugging-port" "62841" "--remote-allow-hosts" "localhost" "-no-remote" "-profile" "D:\\Users\\sasikumarj\\AppData\\Local\\Temp\\rust_mozprofileMXxLdy"
console.warn: services.settings: Ignoring preference override of remote settings server
console.warn: services.settings: Allow by setting MOZ_REMOTE_SETTINGS_DEVTOOLS=1 in the environment
Dynamically enable window occlusion 0
1738953667998	Marionette	INFO	Marionette enabled
1738953668241	Marionette	INFO	Listening on port 62852
WebDriver BiDi listening on ws://127.0.0.1:62841
Read port: 62852
console.error: Policies: 
  Download failed - ERROR_CORRUPT_FILE - file://C:\Program Files\Snow Software\Inventory\Agent\FFCloudmetering.xpi
1738953668495	RemoteAgent	WARN	TLS certificate errors will be ignored for this session
DevTools listening on ws://127.0.0.1:62841/devtools/browser/274c5574-bf0d-457a-9729-6caa82f87b67
JavaScript error: https://cdn.cxense.com/sp1.html#ver=2.8.90&typ=pgv&rnd=m6v44btkpxx85yyy&sid=9222318613852486900&loc=https%3A%2F%2Fwww.wsj.com%2F&new=1&arf=0&ltm=1738953675997&ref=&tzo=-330&wsz=1280x595&res=1280x720&dpr=1&col=24&bln=en-US&chs=UTF-8&cks=m6v44bue13t6q456&ckp=m6v44btktjl08meh&glb=&cp_userState=anon&cp_testGroup=78&cp_topDomain=wsj.com&cp_template=full&cp_access=free&cp_section=US%20Home%20Page&cp_subsection=&cp_cms_name=CAPS&cp_subscriber=nonsubscriber&cp_edition=naus&cp_bucket=0&cp_ab_bucket=60&cp_pageContentSource=WSJ%20Online&cp_pageContentType=Home&cp_pageContentTypeDetai=desktopweb&cp_pageSiteProduct=WSJ&cp_userTags=&cp_sessionState=none, line 1: TypeError: cX.loadScript is not a function
JavaScript warning: https://cdn.gbqofs.com/sv/b/detector-bootstrap.min.js, line 0: Successfully compiled asm.js code (total compilation time 2ms)
1738953680298	Marionette	WARN	Ignoring event 'DOMContentLoaded' because document has an invalid readyState of 'complete'.
JavaScript warning: https://pagead2.googlesyndication.com/bg/dKsKVnRDvnN7x3_VHBWCXOB1uWbHu1pWqkNfYXa-ZYg.js line 2 > eval line 4109 > eval line 1 > eval line 1 > eval, line 1: WEBGL_debug_renderer_info is deprecated in Firefox and will be removed. Please use RENDERER.
JavaScript warning: https://pagead2.googlesyndication.com/bg/dKsKVnRDvnN7x3_VHBWCXOB1uWbHu1pWqkNfYXa-ZYg.js line 2 > eval line 2636 > eval line 1 > eval line 1 > eval, line 1: WEBGL_debug_renderer_info is deprecated in Firefox and will be removed. Please use RENDERER.
JavaScript error: https://ib.3lift.com/rev/ee7b16b9e186bb4216ceb6eab615bf4094d4c241/dist/bundle.js, line 1: SecurityError: Permission denied to access property "__gpp" on cross-origin object
1738953689398	Marionette	WARN	Ignoring event 'pageshow' because document has an invalid readyState of 'interactive'.
1738953689449	Marionette	WARN	Ignoring event 'pageshow' because document has an invalid readyState of 'loading'.
JavaScript warning: https://cdn.gbqofs.com/sv/b/detector-bootstrap.min.js, line 0: Successfully compiled asm.js code (total compilation time 2ms)
1738953690869	Marionette	WARN	Ignoring event 'DOMContentLoaded' because document has an invalid readyState of 'complete'.
1738953690874	Marionette	WARN	Ignoring event 'DOMContentLoaded' because document has an invalid readyState of 'complete'.
JavaScript warning: https://pagead2.googlesyndication.com/bg/dKsKVnRDvnN7x3_VHBWCXOB1uWbHu1pWqkNfYXa-ZYg.js line 2 > eval line 5542 > eval line 1 > eval line 1 > eval, line 1: WEBGL_debug_renderer_info is deprecated in Firefox and will be removed. Please use RENDERER.
JavaScript error: , line 0: TypeError: NetworkError when attempting to fetch resource.
JavaScript error: https://ib.3lift.com/rev/ee7b16b9e186bb4216ceb6eab615bf4094d4c241/dist/bundle.js, line 1: SecurityError: Permission denied to access property "__gpp" on cross-origin object
JavaScript warning: https://www.googletagmanager.com/gtag/js?id=G-K2H7B9JRSS, line 213: Script terminated by timeout at:
h.invoke@https://www.googletagmanager.com/gtag/js?id=G-K2H7B9JRSS:213:290
Ka@https://www.googletagmanager.com/gtag/js?id=G-K2H7B9JRSS:180:668
Yc.prototype.evaluate@https://www.googletagmanager.com/gtag/js?id=G-K2H7B9JRSS:214:429
Sd@https://www.googletagmanager.com/gtag/js?id=G-K2H7B9JRSS:241:88
Td@https://www.googletagmanager.com/gtag/js?id=G-K2H7B9JRSS:241:227
h.invoke@https://www.googletagmanager.com/gtag/js?id=G-K2H7B9JRSS:213:314
Ka@https://www.googletagmanager.com/gtag/js?id=G-K2H7B9JRSS:180:668
Yc.prototype.evaluate@https://www.googletagmanager.com/gtag/js?id=G-K2H7B9JRSS:214:429
ee@https://www.googletagmanager.com/gtag/js?id=G-K2H7B9JRSS:243:234
h.invoke@https://www.googletagmanager.com/gtag/js?id=G-K2H7B9JRSS:213:314
Ka@https://www.googletagmanager.com/gtag/js?id=G-K2H7B9JRSS:180:668
Yc.prototype.evaluate@https://www.googletagmanager.com/gtag/js?id=G-K2H7B9JRSS:214:429
Ud@https://www.googletagmanager.com/gtag/js?id=G-K2H7B9JRSS:241:275
h.invoke@https://www.googletagmanager.com/gtag/js?id=G-K2H7B9JRSS:213:314
Ka@https://www.googletagmanager.com/gtag/js?id=G-K2H7B9JRSS:180:668
Ia@https://www.googletagmanager.com/gtag/js?id=G-K2H7B9JRSS:180:428
Md/<@https://www.googletagmanager.com/gtag/js?id=G-K2H7B9JRSS:238:468
h.invoke@https://www.googletagmanager.com/gtag/js?id=G-K2H7B9JRSS:213:314
xL/<@https://www.googletagmanager.com/gtag/js?id=G-K2H7B9JRSS:816:835
Ut@https://www.googletagmanager.com/gtag/js?id=G-K2H7B9JRSS:523:281
h.un@https://www.googletagmanager.com/gtag/js?id=G-K2H7B9JRSS:784:277
h.tn/</<@https://www.googletagmanager.com/gtag/js?id=G-K2H7B9JRSS:781:531
Bl@https://www.googletagmanager.com/gtag/js?id=G-K2H7B9JRSS:388:151
zm@https://www.googletagmanager.com/gtag/js?id=G-K2H7B9JRSS:396:434
h.tn/<@https://www.googletagmanager.com/gtag/js?id=G-K2H7B9JRSS:781:517
c@https://www.googletagmanager.com/gtag/js?id=G-K2H7B9JRSS:560:22
bw@https://www.googletagmanager.com/gtag/js?id=G-K2H7B9JRSS:560:349
h.tn@https://www.googletagmanager.com/gtag/js?id=G-K2H7B9JRSS:781:503
c@https://www.googletagmanager.com/gtag/js?id=G-K2H7B9JRSS:798:673
w@https://www.googletagmanager.com/gtag/js?id=G-K2H7B9JRSS:411:370
jo@https://www.googletagmanager.com/gtag/js?id=G-K2H7B9JRSS:411:470
io.prototype.flush@https://www.googletagmanager.com/gtag/js?id=G-K2H7B9JRSS:414:357
io.prototype.push@https://www.googletagmanager.com/gtag/js?id=G-K2H7B9JRSS:412:337
ao@https://www.googletagmanager.com/gtag/js?id=G-K2H7B9JRSS:408:1702
LK/<@https://www.googletagmanager.com/gtag/js?id=G-K2H7B9JRSS:799:187
h.Jl/<@https://www.googletagmanager.com/gtag/js?id=G-K2H7B9JRSS:737:126
h.Jl/c/<@https://www.googletagmanager.com/gtag/js?id=G-K2H7B9JRSS:736:418
nrWrapper@https://www.wsj.com/articles/twitter-elon-musk-to-argue-over-trial-timetable-to-force-44-billion-takeover-11658223001?cx_testId=3&cx_testVariant=cx_5&cx_artPos=6&mod=WTRN#cxrecs_s:246:17759

JavaScript warning: https://imasdk.googleapis.com/js/core/bridge3.684.0_en.html#fid=goog_1290139722, line 456: Script terminated by timeout at:
gD@https://imasdk.googleapis.com/js/core/bridge3.684.0_en.html#fid=goog_1290139722:456:310
kD/this.ba@https://imasdk.googleapis.com/js/core/bridge3.684.0_en.html#fid=goog_1290139722:454:29

JavaScript warning: https://pagead2.googlesyndication.com/pagead/managed/js/activeview/current/ufs_web_display.js, line 13: Script terminated by timeout at:
C@https://pagead2.googlesyndication.com/pagead/managed/js/activeview/current/ufs_web_display.js:13:325
h@https://pagead2.googlesyndication.com/pagead/managed/js/activeview/current/ufs_web_display.js:93:449

console.warn: LoginRecipes: "Falling back to a synchronous message for: https://sso.accounts.dowjones.com."
console.warn: LoginRecipes: "Falling back to a synchronous message for: https://sso.accounts.dowjones.com."
JavaScript warning: https://cdn.gbqofs.com/sv/b/detector-bootstrap.min.js, line 0: Successfully compiled asm.js code (total compilation time 3ms)
JavaScript warning: https://pagead2.googlesyndication.com/bg/dKsKVnRDvnN7x3_VHBWCXOB1uWbHu1pWqkNfYXa-ZYg.js line 2 > eval line 742 > eval line 1 > eval line 1 > eval, line 1: WEBGL_debug_renderer_info is deprecated in Firefox and will be removed. Please use RENDERER.
JavaScript error: https://ib.3lift.com/rev/ee7b16b9e186bb4216ceb6eab615bf4094d4c241/dist/bundle.js, line 1: SecurityError: Permission denied to access property "__gpp" on cross-origin object
1738953712470	Marionette	WARN	Ignoring event 'pageshow' because document has an invalid readyState of 'interactive'.
1738953712564	Marionette	WARN	Ignoring event 'pageshow' because document has an invalid readyState of 'loading'.
JavaScript warning: https://pagead2.googlesyndication.com/bg/dKsKVnRDvnN7x3_VHBWCXOB1uWbHu1pWqkNfYXa-ZYg.js line 2 > eval line 39 > eval line 1 > eval line 1 > eval, line 1: WEBGL_debug_renderer_info is deprecated in Firefox and will be removed. Please use RENDERER.
1738953718311	Marionette	WARN	Ignoring event 'pageshow' because document has an invalid readyState of 'uninitialized'.
1738953720661	Marionette	INFO	Stopped listening on port 62852
Dynamically enable window occlusion 1
