1739264109530	geckodriver	INFO	Listening on 127.0.0.1:54090
1739264112589	mozrunner::runner	INFO	Running command: "C:\\Program Files\\Mozilla Firefox\\firefox.exe" "--marionette" "--remote-debugging-port" "54091" "--remote-allow-hosts" "localhost" "-no-remote" "-profile" "D:\\Users\\sasikumarj\\AppData\\Local\\Temp\\rust_mozprofileB3eWqy"
console.warn: services.settings: Ignoring preference override of remote settings server
console.warn: services.settings: Allow by setting MOZ_REMOTE_SETTINGS_DEVTOOLS=1 in the environment
Dynamically enable window occlusion 0
1739264113212	Marionette	INFO	Marionette enabled
1739264113467	Marionette	INFO	Listening on port 54104
WebDriver BiDi listening on ws://127.0.0.1:54091
Read port: 54104
console.error: Policies: 
  Download failed - ERROR_CORRUPT_FILE - file://C:\Program Files\Snow Software\Inventory\Agent\FFCloudmetering.xpi
1739264113709	RemoteAgent	WARN	TLS certificate errors will be ignored for this session
DevTools listening on ws://127.0.0.1:54091/devtools/browser/be5bc529-7112-46d7-baa2-166f33ab9a26
JavaScript warning: https://imasdk.googleapis.com/js/core/bridge3.685.0_en.html#fid=goog_1147172966, line 11: Script terminated by timeout at:
v@https://imasdk.googleapis.com/js/core/bridge3.685.0_en.html#fid=goog_1147172966:11:367
jD/this.T@https://imasdk.googleapis.com/js/core/bridge3.685.0_en.html#fid=goog_1147172966:454:37

[GFX[GFX1-]: Com1[GFX1-]: Compositor[GFBrX1-]: CompositorBridgeChild receives IPC close with reason=AbnormalShutidownd
Exiting due to channel error.
Exiting due to channel error.
p