1735041034872	geckodriver	INFO	Listening on 127.0.0.1:65108
1735041037930	mozrunner::runner	INFO	Running command: "C:\\Program Files\\Mozilla Firefox\\firefox.exe" "--marionette" "--remote-debugging-port" "65109" "--remote-allow-hosts" "localhost" "-no-remote" "-profile" "D:\\Users\\sasikumarj\\AppData\\Local\\Temp\\rust_mozprofiles1eOQH"
console.warn: services.settings: Ignoring preference override of remote settings server
console.warn: services.settings: Allow by setting MOZ_REMOTE_SETTINGS_DEVTOOLS=1 in the environment
Dynamically enable window occlusion 0
1735041038709	Marionette	INFO	Marionette enabled
1735041038957	Marionette	INFO	Listening on port 65124
WebDriver BiDi listening on ws://127.0.0.1:65109
Read port: 65124
1735041039219	RemoteAgent	WARN	TLS certificate errors will be ignored for this session
DevTools listening on ws://127.0.0.1:65109/devtools/browser/5dd60fc7-3a0c-4d73-99de-6e7a2a5fbffb
1735041046304	Marionette	WARN	Ignoring event 'pageshow' because document has an invalid readyState of 'uninitialized'.
JavaScript error: https://cdn.cxense.com/sp1.html#ver=2.8.87&typ=pgv&rnd=m52en40nypfdhynm&sid=9222318613852486900&loc=https%3A%2F%2Fwww.wsj.com%2Farticles%2Ftwitter-elon-musk-to-argue-over-trial-timetable-to-force-44-billion-takeover-11658223001%3Fcx_testId%3D3%26cx_testVariant%3Dcx_5%26cx_artPos%3D6%26mod%3DWTRN%23cxrecs_s&new=1&arf=0&ltm=1735041049443&ref=&tzo=-330&wsz=1280x595&res=1280x720&dpr=1&col=24&bln=en-US&chs=UTF-8&cks=m52en61bk2o8hh14&ckp=m52en5uk4hgp60i6&glb=&amo=1658316780&cp_userState=anon&cp_testId=3&cp_testVariant=cx_5&cp_artPos=6&cp_testGroup=68&cp_topDomain=wsj.com&cp_pwTag=default&cp_pwPlacement=cx-snippetad&cp_pwCampaign=28324&cp_pwType=personalized&cp_navSource=WTRN&cp_type=Technology&cp_template=preview&cp_access=paid&cp_section=Tech&cp_subsection=Tech&cp_cms_name=Methode&cp_vix=&cp_subscriber=nonsubscriber&cp_edition=naus&cp_bucket=0&cp_ab_bucket=30&cp_pageContentSource=WSJ%20Online&cp_pageContentType=Article&cp_pageContentTypeDetai=standard&cp_pageSiteProduct=WSJ&cp_userTags=&cp_sessionState=none, line 1: TypeError: cX.loadScript is not a function
JavaScript warning: https://cdn.gbqofs.com/sv/b/detector-bootstrap.min.js, line 0: Successfully compiled asm.js code (total compilation time 5ms)
1735041057184	Marionette	WARN	Ignoring event 'DOMContentLoaded' because document has an invalid readyState of 'complete'.
JavaScript warning: https://sc-static.net/scevent.min.js, line 2: Script terminated by timeout at:
c@https://sc-static.net/scevent.min.js:2:6882

JavaScript warning: https://pagead2.googlesyndication.com/bg/jWNzh5sZWPRb1IL5ZdUuRCoB42ZmFYdAoASdLB_GioQ.js line 2 > eval line 2753 > eval line 1 > eval line 1 > eval, line 1: WEBGL_debug_renderer_info is deprecated in Firefox and will be removed. Please use RENDERER.
console.warn: WindowsJumpLists: "Failed to fetch favicon for " "https://www.wsj.com/articles/twitter-elon-musk-to-argue-over-trial-timetable-to-force-44-billion-takeover-11658223001?cx_testId=3&cx_testVariant=cx_5&cx_artPos=6&mod=WTRN#cxrecs_s" ({})
console.warn: WindowsJumpLists: "Failed to fetch favicon for " "https://www.wsj.com/" ({})
console.warn: WindowsJumpLists: "Failed to fetch favicon for " "https://www.wsj.com/articles/twitter-elon-musk-to-argue-over-trial-timetable-to-force-44-billion-takeover-11658223001?cx_testId=3&cx_testVariant=cx_5&cx_artPos=6&mod=WTRN#cxrecs_s" ({})
console.warn: WindowsJumpLists: "Failed to fetch favicon for " "https://www.wsj.com/" ({})
console.warn: WindowsJumpLists: "Failed to fetch favicon for " "https://www.wsj.com/articles/twitter-elon-musk-to-argue-over-trial-timetable-to-force-44-billion-takeover-11658223001?cx_testId=3&cx_testVariant=cx_5&cx_artPos=6&mod=WTRN#cxrecs_s" ({})
console.warn: WindowsJumpLists: "Failed to fetch favicon for " "https://www.wsj.com/" ({})
console.warn: WindowsJumpLists: "Failed to fetch favicon for " "https://www.wsj.com/articles/twitter-elon-musk-to-argue-over-trial-timetable-to-force-44-billion-takeover-11658223001?cx_testId=3&cx_testVariant=cx_5&cx_artPos=6&mod=WTRN#cxrecs_s" ({})
console.warn: WindowsJumpLists: "Failed to fetch favicon for " "https://www.wsj.com/" ({})
console.warn: WindowsJumpLists: "Failed to fetch favicon for " "https://www.wsj.com/articles/twitter-elon-musk-to-argue-over-trial-timetable-to-force-44-billion-takeover-11658223001?cx_testId=3&cx_testVariant=cx_5&cx_artPos=6&mod=WTRN#cxrecs_s" ({})
console.warn: WindowsJumpLists: "Failed to fetch favicon for " "https://www.wsj.com/" ({})
console.warn: WindowsJumpLists: "Failed to fetch favicon for " "https://www.wsj.com/articles/twitter-elon-musk-to-argue-over-trial-timetable-to-force-44-billion-takeover-11658223001?cx_testId=3&cx_testVariant=cx_5&cx_artPos=6&mod=WTRN#cxrecs_s" ({})
console.warn: WindowsJumpLists: "Failed to fetch favicon for " "https://www.wsj.com/" ({})
console.warn: WindowsJumpLists: "Failed to fetch favicon for " "https://www.wsj.com/articles/twitter-elon-musk-to-argue-over-trial-timetable-to-force-44-billion-takeover-11658223001?cx_testId=3&cx_testVariant=cx_5&cx_artPos=6&mod=WTRN#cxrecs_s" ({})
console.warn: WindowsJumpLists: "Failed to fetch favicon for " "https://www.wsj.com/" ({})
JavaScript error: https://www.wsj.com/static_html_files/bluegrass/2.2.119/bluegrass2.min.js, line 1: TypeError: e.xhrFields is undefined
console.warn: WindowsJumpLists: "Failed to fetch favicon for " "https://www.wsj.com/articles/twitter-elon-musk-to-argue-over-trial-timetable-to-force-44-billion-takeover-11658223001?cx_testId=3&cx_testVariant=cx_5&cx_artPos=6&mod=WTRN#cxrecs_s" ({})
console.warn: WindowsJumpLists: "Failed to fetch favicon for " "https://www.wsj.com/" ({})
console.warn: WindowsJumpLists: "Failed to fetch favicon for " "https://www.wsj.com/articles/twitter-elon-musk-to-argue-over-trial-timetable-to-force-44-billion-takeover-11658223001?cx_testId=3&cx_testVariant=cx_5&cx_artPos=6&mod=WTRN#cxrecs_s" ({})
console.warn: WindowsJumpLists: "Failed to fetch favicon for " "https://www.wsj.com/" ({})
console.warn: WindowsJumpLists: "Failed to fetch favicon for " "https://www.wsj.com/articles/twitter-elon-musk-to-argue-over-trial-timetable-to-force-44-billion-takeover-11658223001?cx_testId=3&cx_testVariant=cx_5&cx_artPos=6&mod=WTRN#cxrecs_s" ({})
console.warn: WindowsJumpLists: "Failed to fetch favicon for " "https://www.wsj.com/" ({})
console.warn: WindowsJumpLists: "Failed to fetch favicon for " "https://www.wsj.com/articles/twitter-elon-musk-to-argue-over-trial-timetable-to-force-44-billion-takeover-11658223001?cx_testId=3&cx_testVariant=cx_5&cx_artPos=6&mod=WTRN#cxrecs_s" ({})
console.warn: WindowsJumpLists: "Failed to fetch favicon for " "https://www.wsj.com/" ({})
console.warn: WindowsJumpLists: "Failed to fetch favicon for " "https://www.wsj.com/articles/twitter-elon-musk-to-argue-over-trial-timetable-to-force-44-billion-takeover-11658223001?cx_testId=3&cx_testVariant=cx_5&cx_artPos=6&mod=WTRN#cxrecs_s" ({})
console.warn: WindowsJumpLists: "Failed to fetch favicon for " "https://www.wsj.com/" ({})
console.warn: WindowsJumpLists: "Failed to fetch favicon for " "https://www.wsj.com/articles/twitter-elon-musk-to-argue-over-trial-timetable-to-force-44-billion-takeover-11658223001?cx_testId=3&cx_testVariant=cx_5&cx_artPos=6&mod=WTRN#cxrecs_s" ({})
console.warn: WindowsJumpLists: "Failed to fetch favicon for " "https://www.wsj.com/" ({})
console.warn: WindowsJumpLists: "Failed to fetch favicon for " "https://www.wsj.com/articles/twitter-elon-musk-to-argue-over-trial-timetable-to-force-44-billion-takeover-11658223001?cx_testId=3&cx_testVariant=cx_5&cx_artPos=6&mod=WTRN#cxrecs_s" ({})
console.warn: WindowsJumpLists: "Failed to fetch favicon for " "https://www.wsj.com/" ({})
console.warn: WindowsJumpLists: "Failed to fetch favicon for " "https://www.wsj.com/articles/twitter-elon-musk-to-argue-over-trial-timetable-to-force-44-billion-takeover-11658223001?cx_testId=3&cx_testVariant=cx_5&cx_artPos=6&mod=WTRN#cxrecs_s" ({})
console.warn: WindowsJumpLists: "Failed to fetch favicon for " "https://www.wsj.com/" ({})
console.warn: WindowsJumpLists: "Failed to fetch favicon for " "https://www.wsj.com/articles/twitter-elon-musk-to-argue-over-trial-timetable-to-force-44-billion-takeover-11658223001?cx_testId=3&cx_testVariant=cx_5&cx_artPos=6&mod=WTRN#cxrecs_s" ({})
console.warn: WindowsJumpLists: "Failed to fetch favicon for " "https://www.wsj.com/" ({})
console.warn: WindowsJumpLists: "Failed to fetch favicon for " "https://www.wsj.com/articles/twitter-elon-musk-to-argue-over-trial-timetable-to-force-44-billion-takeover-11658223001?cx_testId=3&cx_testVariant=cx_5&cx_artPos=6&mod=WTRN#cxrecs_s" ({})
console.warn: WindowsJumpLists: "Failed to fetch favicon for " "https://www.wsj.com/" ({})
console.warn: WindowsJumpLists: "Failed to fetch favicon for " "https://www.wsj.com/articles/twitter-elon-musk-to-argue-over-trial-timetable-to-force-44-billion-takeover-11658223001?cx_testId=3&cx_testVariant=cx_5&cx_artPos=6&mod=WTRN#cxrecs_s" ({})
console.warn: WindowsJumpLists: "Failed to fetch favicon for " "https://www.wsj.com/" ({})
console.warn: WindowsJumpLists: "Failed to fetch favicon for " "https://www.wsj.com/articles/twitter-elon-musk-to-argue-over-trial-timetable-to-force-44-billion-takeover-11658223001?cx_testId=3&cx_testVariant=cx_5&cx_artPos=6&mod=WTRN#cxrecs_s" ({})
console.warn: WindowsJumpLists: "Failed to fetch favicon for " "https://www.wsj.com/" ({})
console.warn: WindowsJumpLists: "Failed to fetch favicon for " "https://www.wsj.com/articles/twitter-elon-musk-to-argue-over-trial-timetable-to-force-44-billion-takeover-11658223001?cx_testId=3&cx_testVariant=cx_5&cx_artPos=6&mod=WTRN#cxrecs_s" ({})
console.warn: WindowsJumpLists: "Failed to fetch favicon for " "https://www.wsj.com/" ({})
console.warn: WindowsJumpLists: "Failed to fetch favicon for " "https://www.wsj.com/articles/twitter-elon-musk-to-argue-over-trial-timetable-to-force-44-billion-takeover-11658223001?cx_testId=3&cx_testVariant=cx_5&cx_artPos=6&mod=WTRN#cxrecs_s" ({})
console.warn: WindowsJumpLists: "Failed to fetch favicon for " "https://www.wsj.com/" ({})
console.warn: WindowsJumpLists: "Failed to fetch favicon for " "https://www.wsj.com/articles/twitter-elon-musk-to-argue-over-trial-timetable-to-force-44-billion-takeover-11658223001?cx_testId=3&cx_testVariant=cx_5&cx_artPos=6&mod=WTRN#cxrecs_s" ({})
console.warn: WindowsJumpLists: "Failed to fetch favicon for " "https://www.wsj.com/" ({})
console.warn: WindowsJumpLists: "Failed to fetch favicon for " "https://www.wsj.com/articles/twitter-elon-musk-to-argue-over-trial-timetable-to-force-44-billion-takeover-11658223001?cx_testId=3&cx_testVariant=cx_5&cx_artPos=6&mod=WTRN#cxrecs_s" ({})
console.warn: WindowsJumpLists: "Failed to fetch favicon for " "https://www.wsj.com/" ({})
console.warn: WindowsJumpLists: "Failed to fetch favicon for " "https://www.wsj.com/articles/twitter-elon-musk-to-argue-over-trial-timetable-to-force-44-billion-takeover-11658223001?cx_testId=3&cx_testVariant=cx_5&cx_artPos=6&mod=WTRN#cxrecs_s" ({})
console.warn: WindowsJumpLists: "Failed to fetch favicon for " "https://www.wsj.com/" ({})
console.warn: WindowsJumpLists: "Failed to fetch favicon for " "https://www.wsj.com/articles/twitter-elon-musk-to-argue-over-trial-timetable-to-force-44-billion-takeover-11658223001?cx_testId=3&cx_testVariant=cx_5&cx_artPos=6&mod=WTRN#cxrecs_s" ({})
console.warn: WindowsJumpLists: "Failed to fetch favicon for " "https://www.wsj.com/" ({})
console.warn: WindowsJumpLists: "Failed to fetch favicon for " "https://www.wsj.com/articles/twitter-elon-musk-to-argue-over-trial-timetable-to-force-44-billion-takeover-11658223001?cx_testId=3&cx_testVariant=cx_5&cx_artPos=6&mod=WTRN#cxrecs_s" ({})
console.warn: WindowsJumpLists: "Failed to fetch favicon for " "https://www.wsj.com/" ({})
console.warn: WindowsJumpLists: "Failed to fetch favicon for " "https://www.wsj.com/articles/twitter-elon-musk-to-argue-over-trial-timetable-to-force-44-billion-takeover-11658223001?cx_testId=3&cx_testVariant=cx_5&cx_artPos=6&mod=WTRN#cxrecs_s" ({})
console.warn: WindowsJumpLists: "Failed to fetch favicon for " "https://www.wsj.com/" ({})
console.warn: WindowsJumpLists: "Failed to fetch favicon for " "https://www.wsj.com/articles/twitter-elon-musk-to-argue-over-trial-timetable-to-force-44-billion-takeover-11658223001?cx_testId=3&cx_testVariant=cx_5&cx_artPos=6&mod=WTRN#cxrecs_s" ({})
console.warn: WindowsJumpLists: "Failed to fetch favicon for " "https://www.wsj.com/" ({})
JavaScript error: , line 0: NotFoundError: Could not move `D:\Users\sasikumarj\AppData\Local\Temp\rust_mozprofiles1eOQH\bookmarkbackups\bookmarks-2024-12-24.jsonlz4' to `D:\Users\sasikumarj\AppData\Local\Temp\rust_mozprofiles1eOQH\bookmarkbackups\bookmarks-2024-12-24_10_b7p0086sq3SdMigdV444MRDuUnjGDISUcWMGp_rZkkc=.jsonlz4': source file does not exist (NS_ERROR_FILE_NOT_FOUND)
JavaScript warning: https://js-agent.newrelic.com/nr-spa-1.277.0.min.js, line 2: Script terminated by timeout at:
7226/ce/</i<@https://js-agent.newrelic.com/nr-spa-1.277.0.min.js:2:113648
7226/ce/<@https://js-agent.newrelic.com/nr-spa-1.277.0.min.js:2:114070
7226/p/<@https://js-agent.newrelic.com/nr-spa-1.277.0.min.js:2:106147
7226/ce/</o<@https://js-agent.newrelic.com/nr-spa-1.277.0.min.js:2:113129
7226/y/<@https://js-agent.newrelic.com/nr-spa-1.277.0.min.js:2:106423
7226/v/<@https://js-agent.newrelic.com/nr-spa-1.277.0.min.js:2:106370
nrWrapper@https://www.wsj.com/articles/twitter-elon-musk-to-argue-over-trial-timetable-to-force-44-billion-takeover-11658223001?cx_testId=3&cx_testVariant=cx_5&cx_artPos=6&mod=WTRN#cxrecs_s:246:17880

1735050036193	Marionette	INFO	Stopped listening on port 65124
Dynamically enable window occlusion 1
