1737520722844	geckodriver	INFO	Listening on 127.0.0.1:57796
1737520725904	mozrunner::runner	INFO	Running command: "C:\\Program Files\\Mozilla Firefox\\firefox.exe" "--marionette" "--remote-debugging-port" "57797" "--remote-allow-hosts" "localhost" "-no-remote" "-profile" "D:\\Users\\sasikumarj\\AppData\\Local\\Temp\\rust_mozprofiley3QZRa"
console.warn: services.settings: Ignoring preference override of remote settings server
console.warn: services.settings: Allow by setting MOZ_REMOTE_SETTINGS_DEVTOOLS=1 in the environment
Dynamically enable window occlusion 0
1737520726526	Marionette	INFO	Marionette enabled
1737520726769	Marionette	INFO	Listening on port 57804
WebDriver BiDi listening on ws://127.0.0.1:57797
Read port: 57804
console.error: Policies: 
  Download failed - ERROR_CORRUPT_FILE - file://C:\Program Files\Snow Software\Inventory\Agent\FFCloudmetering.xpi
1737520727020	RemoteAgent	WARN	TLS certificate errors will be ignored for this session
DevTools listening on ws://127.0.0.1:57797/devtools/browser/984f82ac-8811-4cec-99e7-ae66c37d28cc
console.error: ({})
console.error: ({})
JavaScript error: https://www.barrons.com/asset/dj-watchlist/v1.14.3/p-0633e57d.entry.js, line 11: TypeError: Error.captureStackTrace is not a function
JavaScript warning: https://cdn.gbqofs.com/sv/b/detector-bootstrap.min.js, line 0: Successfully compiled asm.js code (total compilation time 3ms)
JavaScript error: https://cdn.gbqofs.com/sv/b/detector-bootstrap.min.js, line 10: Error: Piano SDK is loaded twice on same page. Try to fix that to prevent the message.
JavaScript error: https://pbcs.barrons.com/s/dj/barrons/pb.js, line 827: TypeError: can't convert undefined to object
console.error: ({})
console.error: ({})
JavaScript error: https://cdn.cxense.com/sp1.html#ver=2.8.90&typ=pgv&rnd=m67ezibm90vbtch7&sid=9222325317970825875&loc=https%3A%2F%2Fwww.s.dev.barrons.com%2Farticles%2Fbuy-under-armour-stock-pick-51650672000&new=0&arf=0&ltm=1737520738699&ref=&tzo=-330&wsz=1280x595&res=1280x720&dpr=1&col=24&bln=en-US&chs=UTF-8&cks=m67ezin8oed9iovu&ckp=m67ezg2uuhow7klc&glb=&amo=1720048200&cp_userState=anon, line 1: TypeError: cX.loadScript is not a function
JavaScript warning: https://cdn.gbqofs.com/sv/b/detector-bootstrap.min.js, line 0: Successfully compiled asm.js code (total compilation time 2ms)
JavaScript warning: https://pagead2.googlesyndication.com/bg/xhloPt0V3HYDZqxMOCNqLI9Qa0-bNWhyd5ULBccPyWM.js line 2 > eval line 2367 > eval line 1 > eval line 1 > eval, line 1: WEBGL_debug_renderer_info is deprecated in Firefox and will be removed. Please use RENDERER.
1737520746342	Marionette	WARN	Ignoring event 'pageshow' because document has an invalid readyState of 'uninitialized'.
JavaScript warning: https://ads.pubmatic.com/AdServer/js/user_sync.html?gdpr=0&gdpr_consent=&us_privacy=&predirect=https%3A%2F%2Fserver.prebid.dianomi.com%2F%2Fsetuid%3Fbidder%3Dpubmatic%26gdpr%3D0%26gdpr_consent%3D%26gpp%3D%26gpp_sid%3D%26f%3Db%26uid%3D, line 1: Script terminated by timeout at:
J@https://ads.pubmatic.com/AdServer/js/user_sync.html?gdpr=0&gdpr_consent=&us_privacy=&predirect=https%3A%2F%2Fserver.prebid.dianomi.com%2F%2Fsetuid%3Fbidder%3Dpubmatic%26gdpr%3D0%26gdpr_consent%3D%26gpp%3D%26gpp_sid%3D%26f%3Db%26uid%3D:1:13833
t@https://ads.pubmatic.com/AdServer/js/user_sync.html?gdpr=0&gdpr_consent=&us_privacy=&predirect=https%3A%2F%2Fserver.prebid.dianomi.com%2F%2Fsetuid%3Fbidder%3Dpubmatic%26gdpr%3D0%26gdpr_consent%3D%26gpp%3D%26gpp_sid%3D%26f%3Db%26uid%3D:1:13850
N@https://ads.pubmatic.com/AdServer/js/user_sync.html?gdpr=0&gdpr_consent=&us_privacy=&predirect=https%3A%2F%2Fserver.prebid.dianomi.com%2F%2Fsetuid%3Fbidder%3Dpubmatic%26gdpr%3D0%26gdpr_consent%3D%26gpp%3D%26gpp_sid%3D%26f%3Db%26uid%3D:1:18318
B@https://ads.pubmatic.com/AdServer/js/user_sync.html?gdpr=0&gdpr_consent=&us_privacy=&predirect=https%3A%2F%2Fserver.prebid.dianomi.com%2F%2Fsetuid%3Fbidder%3Dpubmatic%26gdpr%3D0%26gdpr_consent%3D%26gpp%3D%26gpp_sid%3D%26f%3Db%26uid%3D:1:15082

JavaScript warning: https://www.gstatic.com/_/mss/boq-subscribewithgoogle/_/js/k=boq-subscribewithgoogle.SubscribewithgoogleClientUi.en_US.43lL_kS1K34.es5.O/ck=boq-subscribewithgoogle.SubscribewithgoogleClientUi.zILfYl1W8D0.L.F4.O/am=GAy4AQ/d=1/exm=FCpbqb,LEikZe,P6sQOc,W93Wdc,WhJNk,Wt6vjf,_b,_tp,hhhU8/excm=_b,_tp,serviceiframeview/ed=1/wt=2/ujg=1/rs=ABXTjI69q4QFxvSUSY2FXgNntt1O1n3QwQ/ee=EVNhjf:pw70Gc;EmZ2Bf:zr1jrb;JsbNhc:Xd8iUd;K5nYTd:ZDZcre;LBgRLc:SdcwHb;Me32dd:MEeYgc;NPKaK:SdcwHb;NSEoX:lazG7b;Pjplud:EEDORb;QGR0gd:Mlhmy;SNUn3:ZwDk9d;ScI3Yc:e7Hzgb;Uvc8o:VDovNc;YIZmRd:A1yn5d;a56pNe:JEfCwb;cEt90b:ws9Tlc;dIoSBb:SpsfSb;dowIGb:ebZ3mb;eBAeSb:zbML3c;iFQyKf:QIhFr;lOO0Vd:OTA3Ae;nAFL3:s39S4;oGtAuc:sOXFj;pXdRYb:MdUzUe;qafBPd:yDVVkb;qddgKe:xQtZb;wR5FRb:O1Gjze;xqZiqf:wmnU7d;yxTchf:KUM7Z;zxnPse:duFQFc/m=p3hmRc,LvGhrf,RqjULd, line 24: Script terminated by timeout at:
XJ@https://www.gstatic.com/_/mss/boq-subscribewithgoogle/_/js/k=boq-subscribewithgoogle.SubscribewithgoogleClientUi.en_US.43lL_kS1K34.es5.O/ck=boq-subscribewithgoogle.SubscribewithgoogleClientUi.zILfYl1W8D0.L.F4.O/am=GAy4AQ/d=1/exm=FCpbqb,LEikZe,P6sQOc,W93Wdc,WhJNk,Wt6vjf,_b,_tp,hhhU8/excm=_b,_tp,serviceiframeview/ed=1/wt=2/ujg=1/rs=ABXTjI69q4QFxvSUSY2FXgNntt1O1n3QwQ/ee=EVNhjf:pw70Gc;EmZ2Bf:zr1jrb;JsbNhc:Xd8iUd;K5nYTd:ZDZcre;LBgRLc:SdcwHb;Me32dd:MEeYgc;NPKaK:SdcwHb;NSEoX:lazG7b;Pjplud:EEDORb;QGR0gd:Mlhmy;SNUn3:ZwDk9d;ScI3Yc:e7Hzgb;Uvc8o:VDovNc;YIZmRd:A1yn5d;a56pNe:JEfCwb;cEt90b:ws9Tlc;dIoSBb:SpsfSb;dowIGb:ebZ3mb;eBAeSb:zbML3c;iFQyKf:QIhFr;lOO0Vd:OTA3Ae;nAFL3:s39S4;oGtAuc:sOXFj;pXdRYb:MdUzUe;qafBPd:yDVVkb;qddgKe:xQtZb;wR5FRb:O1Gjze;xqZiqf:wmnU7d;yxTchf:KUM7Z;zxnPse:duFQFc/m=p3hmRc,LvGhrf,RqjULd:24:1573

JavaScript warning: https://cdn.gbqofs.com/sv/b/detector-bootstrap.min.js, line 0: Successfully compiled asm.js code (total compilation time 2ms)
JavaScript warning: https://pagead2.googlesyndication.com/bg/xhloPt0V3HYDZqxMOCNqLI9Qa0-bNWhyd5ULBccPyWM.js line 2 > eval line 1266 > eval line 1 > eval line 1 > eval, line 1: WEBGL_debug_renderer_info is deprecated in Firefox and will be removed. Please use RENDERER.
JavaScript error: https://cdn.cxense.com/sp1.html#ver=2.8.90&typ=pgv&rnd=m67ezqwdof8jjbob&sid=9222325317970825875&loc=https%3A%2F%2Fwww.barrons.com%2Fauthors%2Fteresa-rivas%3Fmod%3Darticle_byline%26_gl%3D1*13a65t7*_gcl_au*OTAwMzMzMzIzLjE3Mzc1MjA3MzU.*_ga*NTY1NDc2NDQ1LjE3Mzc1MjA3MzU.*_ga_GJ5S1GJYKT*MTczNzUyMDc0MC4xLjAuMTczNzUyMDc0MC4wLjAuMA..&new=0&arf=0&ltm=1737520749813&ref=https%3A%2F%2Fwww.s.dev.barrons.com%2F&tzo=-330&wsz=1280x595&res=1280x720&dpr=1&col=24&bln=en-US&chs=UTF-8&cks=m67ezs5qs5neg9gf&ckp=m67ezg2uuhow7klc&glb=&cp_userState=anon, line 1: TypeError: cX.loadScript is not a function
1737520755207	Marionette	WARN	Ignoring event 'pageshow' because document has an invalid readyState of 'uninitialized'.
1737520755866	Marionette	INFO	Stopped listening on port 57804
JavaScript warning: https://www.gstatic.com/recaptcha/releases/1Bq_oiMBd4XPUhKDwr0YL1Js/recaptcha__en.js, line 277: Script terminated by timeout at:
K<@https://www.gstatic.com/recaptcha/releases/1Bq_oiMBd4XPUhKDwr0YL1Js/recaptcha__en.js:277:284
K<@https://www.gstatic.com/recaptcha/releases/1Bq_oiMBd4XPUhKDwr0YL1Js/recaptcha__en.js:332:258
@https://www.gstatic.com/recaptcha/releases/1Bq_oiMBd4XPUhKDwr0YL1Js/recaptcha__en.js:1116:460
nrWrapper@https://www.barrons.com/authors/teresa-rivas?mod=article_byline&_gl=1*13a65t7*_gcl_au*OTAwMzMzMzIzLjE3Mzc1MjA3MzU.*_ga*NTY1NDc2NDQ1LjE3Mzc1MjA3MzU.*_ga_GJ5S1GJYKT*MTczNzUyMDc0MC4xLjAuMTczNzUyMDc0MC4wLjAuMA..:1014:17687

Dynamically enable window occlusion 1
console.error: (new Error("Polling for changes failed: .", "resource://services-settings/remote-settings.sys.mjs", 324))
1737520756816	addons.xpi	ERROR	System addon update list error [Exception... "<no message>"  nsresult: "0x8046001e (<unknown>)"  location: "JS frame :: resource://gre/modules/ServiceRequest.sys.mjs :: open :: line 127"  data: no]
console.error: Region.sys.mjs: "Error fetching region" (new TypeError("NetworkError when attempting to fetch resource.", "resource://gre/modules/Region.sys.mjs", 738))
console.error: Region.sys.mjs: "Failed to fetch region" (new Error("NO_RESULT", "resource://gre/modules/Region.sys.mjs", 411))
JavaScript error: , line 0: TypeError: NetworkError when attempting to fetch resource.
