1738920014273	geckodriver	INFO	Listening on 127.0.0.1:58037
1738920017412	mozrunner::runner	INFO	Running command: "C:\\Program Files\\Mozilla Firefox\\firefox.exe" "--marionette" "--remote-debugging-port" "58038" "--remote-allow-hosts" "localhost" "-no-remote" "-profile" "D:\\Users\\sasikumarj\\AppData\\Local\\Temp\\rust_mozprofileTlYSec"
console.warn: services.settings: Ignoring preference override of remote settings server
console.warn: services.settings: Allow by setting MOZ_REMOTE_SETTINGS_DEVTOOLS=1 in the environment
Dynamically enable window occlusion 0
1738920018628	Marionette	INFO	Marionette enabled
1738920018967	Marionette	INFO	Listening on port 58114
Read port: 58114
WebDriver BiDi listening on ws://127.0.0.1:58038
1738920019122	RemoteAgent	WARN	TLS certificate errors will be ignored for this session
console.error: Policies: 
  Download failed - ERROR_CORRUPT_FILE - file://C:\Program Files\Snow Software\Inventory\Agent\FFCloudmetering.xpi
DevTools listening on ws://127.0.0.1:58038/devtools/browser/e59567cd-e314-4d1b-8230-bc936f95880f
JavaScript warning: https://pagead2.googlesyndication.com/bg/dKsKVnRDvnN7x3_VHBWCXOB1uWbHu1pWqkNfYXa-ZYg.js line 2 > eval line 6197 > eval line 1 > eval line 1 > eval, line 1: WEBGL_debug_renderer_info is deprecated in Firefox and will be removed. Please use RENDERER.
JavaScript error: https://cdn.cxense.com/sp1.html#ver=2.8.90&typ=pgv&rnd=m6uk34apdo88lz3y&sid=1139592114930554183&loc=https%3A%2F%2Fwww.fnlondon.com%2Farticles%2Fcomplaints-commissioner-fca-transparency-20220615&new=1&arf=0&ltm=1738920027301&ref=&tzo=-330&wsz=1280x595&res=1280x720&dpr=1&col=24&bln=en-US&chs=UTF-8&cks=m6uk34dnyrlid53l&ckp=m6uk34ap4c3637gx&glb=&amo=1677944280&cp_userState=anon&cp_testGroup=82&cp_topDomain=fnlondon.com&cp_pwTag=default&cp_pwPlacement=cx-snippetad&cp_pwCampaign=6&cp_type=Politics&cp_template=preview&cp_access=paid&cp_section=Politics&cp_subsection=Politics&cp_cms_name=Wordpress&cp_subscriber=nonsubscriber&cp_edition=naus&cp_bucket=5&cp_ab_bucket=45&cp_pageContentSource=FN%20London&cp_pageContentType=Article&cp_pageContentTypeDetai=article&cp_pageSiteProduct=FN&cp_userTags=&cp_sessionState=none, line 1: TypeError: cX.loadScript is not a function
JavaScript warning: https://static.adsafeprotected.com/sca.17.6.4.js line 34 > eval, line 1: Script terminated by timeout at:
check<@https://static.adsafeprotected.com/sca.17.6.4.js line 34 > eval:1:194
@https://static.adsafeprotected.com/sca.17.6.4.js line 34 > eval:1:134
a93/a167<@https://static.adsafeprotected.com/sca.17.6.4.js:34:884
a@https://static.adsafeprotected.com/sca.17.6.4.js:31:22283
h@https://static.adsafeprotected.com/sca.17.6.4.js:31:22411
h@https://static.adsafeprotected.com/sca.17.6.4.js:31:22504
h@https://static.adsafeprotected.com/sca.17.6.4.js:31:22504
h@https://static.adsafeprotected.com/sca.17.6.4.js:31:22504
h@https://static.adsafeprotected.com/sca.17.6.4.js:31:22504
h@https://static.adsafeprotected.com/sca.17.6.4.js:31:22504
h@https://static.adsafeprotected.com/sca.17.6.4.js:31:22504
h@https://static.adsafeprotected.com/sca.17.6.4.js:31:22504
h@https://static.adsafeprotected.com/sca.17.6.4.js:31:22504
h@https://static.adsafeprotected.com/sca.17.6.4.js:31:22504
h@https://static.adsafeprotected.com/sca.17.6.4.js:31:22504
h@https://static.adsafeprotected.com/sca.17.6.4.js:31:22504
h@https://static.adsafeprotected.com/sca.17.6.4.js:31:22504
h@https://static.adsafeprotected.com/sca.17.6.4.js:31:22504
h@https://static.adsafeprotected.com/sca.17.6.4.js:31:22504
h@https://static.adsafeprotected.com/sca.17.6.4.js:31:22504
h@https://static.adsafeprotected.com/sca.17.6.4.js:31:22504
h@https://static.adsafeprotected.com/sca.17.6.4.js:31:22504
h@https://static.adsafeprotected.com/sca.17.6.4.js:31:22504
h@https://static.adsafeprotected.com/sca.17.6.4.js:31:22504
h@https://static.adsafeprotected.com/sca.17.6.4.js:31:22504
h@https://static.adsafeprotected.com/sca.17.6.4.js:31:22504
h@https://static.adsafeprotected.com/sca.17.6.4.js:31:22504
h@https://static.adsafeprotected.com/sca.17.6.4.js:31:22504
h@https://static.adsafeprotected.com/sca.17.6.4.js:31:22504
h@https://static.adsafeprotected.com/sca.17.6.4.js:31:22504
h@https://static.adsafeprotected.com/sca.17.6.4.js:31:22504
h@https://static.adsafeprotected.com/sca.17.6.4.js:31:22504
h@https://static.adsafeprotected.com/sca.17.6.4.js:31:22504
h@https://static.adsafeprotected.com/sca.17.6.4.js:31:22504
h@https://static.adsafeprotected.com/sca.17.6.4.js:31:22504
h@https://static.adsafeprotected.com/sca.17.6.4.js:31:22504
h@https://static.adsafeprotected.com/sca.17.6.4.js:31:22504
h@https://static.adsafeprotected.com/sca.17.6.4.js:31:22504
h@https://static.adsafeprotected.com/sca.17.6.4.js:31:22504
h@https://static.adsafeprotected.com/sca.17.6.4.js:31:22504
h@https://static.adsafeprotected.com/sca.17.6.4.js:31:22504
h@https://static.adsafeprotected.com/sca.17.6.4.js:31:22504
h@https://static.adsafeprotected.com/sca.17.6.4.js:31:22504
h@https://static.adsafeprotected.com/sca.17.6.4.js:31:22504
h@https://static.adsafeprotected.com/sca.17.6.4.js:31:22504
h@https://static.adsafeprotected.com/sca.17.6.4.js:31:22504
h@https://static.adsafeprotected.com/sca.17.6.4.js:31:22504
h@https://static.adsafeprotected.com/sca.17.6.4.js:31:22504
h@https://static.adsafeprotected.com/sca.17.6.4.js:31:22504
h@https://static.adsafeprotected.com/sca.17.6.4.js:31:22504
h@https://static.adsafeprotected.com/sca.17.6.4.js:31:22504
h@https://static.adsafeprotected.com/sca.17.6.4.js:31:22504
h@https://static.adsafeprotected.com/sca.17.6.4.js:31:22504
h@https://static.adsafeprotected.com/sca.17.6.4.js:31:22504
h@https://static.adsafeprotected.com/sca.17.6.4.js:31:22504
h@https://static.adsafeprotected.com/sca.17.6.4.js:31:22504
h@https://static.adsafeprotected.com/sca.17.6.4.js:31:22504
h@https://static.adsafeprotected.com/sca.17.6.4.js:31:22504
h@https://static.adsafeprotected.com/sca.17.6.4.js:31:22504
h@https://static.adsafeprotected.com/sca.17.6.4.js:31:22504
h@https://static.adsafeprotected.com/sca.17.6.4.js:31:22504
h@https://static.adsafeprotected.com/sca.17.6.4.js:31:22504
h@https://static.adsafeprotected.com/sca.17.6.4.js:31:22504
h@https://static.adsafeprotected.com/sca.17.6.4.js:31:22504
h@https://static.adsafeprotected.com/sca.17.6.4.js:31:22504
h@https://static.adsafeprotected.com/sca.17.6.4.js:31:22504
h@https://static.adsafeprotected.com/sca.17.6.4.js:31:22504
h@https://static.adsafeprotected.com/sca.17.6.4.js:31:22504
h@https://static.adsafeprotected.com/sca.17.6.4.js:31:22504
h@https://static.adsafeprotected.com/sca.17.6.4.js:31:22504
h@https://static.adsafeprotected.com/sca.17.6.4.js:31:22504
h@https://static.adsafeprotected.com/sca.17.6.4.js:31:22504
h@https://static.adsafeprotected.com/sca.17.6.4.js:31:22504
h@https://static.adsafeprotected.com/sca.17.6.4.js:31:22504
h@https://static.adsafeprotected.com/sca.17.6.4.js:31:22504
h@https://static.adsafeprotected.com/sca.17.6.4.js:31:22504
h@https://static.adsafeprotected.com/sca.17.6.4.js:31:22504
h@https://static.adsafeprotected.com/sca.17.6.4.js:31:22504
h@https://static.adsafeprotected.com/sca.17.6.4.js:31:22504
h@https://static.adsafeprotected.com/sca.17.6.4.js:31:22504
h@https://static.adsafeprotected.com/sca.17.6.4.js:31:22504
h@https://static.adsafeprotected.com/sca.17.6.4.js:31:22504
h@https://static.adsafeprotected.com/sca.17.6.4.js:31:22504
h@https://static.adsafeprotected.com/sca.17.6.4.js:31:22504
h@https://static.adsafeprotected.com/sca.17.6.4.js:31:22504
h@https://static.adsafeprotected.com/sca.17.6.4.js:31:22504
h@https://static.adsafeprotected.com/sca.17.6.4.js:31:22504
h@https://static.adsafeprotected.com/sca.17.6.4.js:31:22504
h@https://static.adsafeprotected.com/sca.17.6.4.js:31:22504
h@https://static.adsafeprotected.com/sca.17.6.4.js:31:22504
h@https://static.adsafeprotected.com/sca.17.6.4.js:31:22504
h@https://static.adsafeprotected.com/sca.17.6.4.js:31:22504
h@https://static.adsafeprotected.com/sca.17.6.4.js:31:22504
h@https://static.adsafeprotected.com/sca.17.6.4.js:31:22504
h@https://static.adsafeprotected.com/sca.17.6.4.js:31:22504
h@https://static.adsafeprotected.com/sca.17.6.4.js:31:22504
h@https://static.adsafeprotected.com/sca.17.6.4.js:31:22504
h@https://static.adsafeprotected.com/sca.17.6.4.js:31:22504
h@https://static.adsafeprotected.com/sca.17.6.4.js:31:22504
h@https://static.adsafeprotected.com/sca.17.6.4.js:31:22504
h@https://static.adsafeprotected.com/sca.17.6.4.js:31:22504
h@https://static.adsafeprotected.com/sca.17.6.4.js:31:22504
h@https://static.adsafeprotected.com/sca.17.6.4.js:31:22504
h@https://static.adsafeprotected.com/sca.17.6.4.js:31:22504
h@https://static.adsafeprotected.com/sca.17.6.4.js:31:22504
h@https://static.adsafeprotected.com/sca.17.6.4.js:31:22504
h@https://static.adsafeprotected.com/sca.17.6.4.js:31:22504
h@https://static.adsafeprotected.com/sca.17.6.4.js:31:22504
h@https://static.adsafeprotected.com/sca.17.6.4.js:31:22504
h@https://static.adsafeprotected.com/sca.17.6.4.js:31:22504
h@https://static.adsafeprotected.com/sca.17.6.4.js:31:22504
h@https://static.adsafeprotected.com/sca.17.6.4.js:31:22504
h@https://static.adsafeprotected.com/sca.17.6.4.js:31:22504
h@https://static.adsafeprotected.com/sca.17.6.4.js:31:22504
h@https://static.adsafeprotected.com/sca.17.6.4.js:31:22504
h@https://static.adsafeprotected.com/sca.17.6.4.js:31:22504
h@https://static.adsafeprotected.com/sca.17.6.4.js:31:22504
h@https://static.adsafeprotected.com/sca.17.6.4.js:31:22504
h@https://static.adsafeprotected.com/sca.17.6.4.js:31:22504
h@https://static.adsafeprotected.com/sca.17.6.4.js:31:22504
h@https://static.adsafeprotected.com/sca.17.6.4.js:31:22504
h@https://static.adsafeprotected.com/sca.17.6.4.js:31:22504
h@https://static.adsafeprotected.com/sca.17.6.4.js:31:22504
h@https://static.adsafeprotected.com/sca.17.6.4.js:31:22504

console.warn: LoginRecipes: "Falling back to a synchronous message for: https://sso.accounts.dowjones.com."
console.warn: LoginRecipes: "Falling back to a synchronous message for: https://sso.accounts.dowjones.com."
JavaScript warning: https://sso.accounts.dowjones.com/datadome/tags.js, line 2: Script terminated by timeout at:
@https://sso.accounts.dowjones.com/datadome/tags.js:2:156978
@https://sso.accounts.dowjones.com/datadome/tags.js:2:152554
y@https://sso.accounts.dowjones.com/datadome/tags.js:2:159491
@https://sso.accounts.dowjones.com/datadome/tags.js:2:161225

JavaScript warning: https://pagead2.googlesyndication.com/bg/dKsKVnRDvnN7x3_VHBWCXOB1uWbHu1pWqkNfYXa-ZYg.js line 2 > eval line 1327 > eval line 1 > eval line 1 > eval, line 1: WEBGL_debug_renderer_info is deprecated in Firefox and will be removed. Please use RENDERER.
1738920054239	Marionette	INFO	Stopped listening on port 58114
Dynamically enable window occlusion 1
