1735286196120	geckodriver	INFO	Listening on 127.0.0.1:64725
1735286199168	mozrunner::runner	INFO	Running command: "C:\\Program Files\\Mozilla Firefox\\firefox.exe" "--marionette" "--remote-debugging-port" "64726" "--remote-allow-hosts" "localhost" "-no-remote" "-profile" "D:\\Users\\sasikumarj\\AppData\\Local\\Temp\\rust_mozprofileLdRel3"
console.warn: services.settings: Ignoring preference override of remote settings server
console.warn: services.settings: Allow by setting MOZ_REMOTE_SETTINGS_DEVTOOLS=1 in the environment
Dynamically enable window occlusion 0
1735286199731	Marionette	INFO	Marionette enabled
1735286199969	Marionette	INFO	Listening on port 64739
WebDriver BiDi listening on ws://127.0.0.1:64726
Read port: 64739
1735286200189	RemoteAgent	WARN	TLS certificate errors will be ignored for this session
DevTools listening on ws://127.0.0.1:64726/devtools/browser/f4a401dd-6957-4f15-9d2f-6e167f37249b
JavaScript error: https://cdn.cxense.com/sp1.html#ver=2.8.87&typ=pgv&rnd=m56glrmp6a37c3qz&sid=1138573015853471556&loc=https%3A%2F%2Fwww.dev.marketwatch.com%2F&new=1&arf=0&ltm=1735286208303&ref=&tzo=-330&wsz=1280x595&res=1280x720&dpr=1&col=24&bln=en-US&chs=UTF-8&cks=m56glrole9tv8caq&ckp=m56glrmp7xs8fut3&glb=&cp_userState=anon&cp_testGroup=34&cp_env=staging&cp_topDomain=marketwatch.com&cp_template=full&cp_access=free&cp_section=Home%20Page&cp_cms_name=Peavey&cp_subscriber=nonsubscriber&cp_edition=naus&cp_bucket=3&cp_ab_bucket=83&cp_pageContentSource=MarketWatch&cp_pageContentType=Home&cp_pageContentTypeDetai=default&cp_pageSiteProduct=MW&cp_userTags=&cp_sessionState=none, line 1: TypeError: cX.loadScript is not a function
JavaScript warning: https://cdn.gbqofs.com/sv/b/detector-bootstrap.min.js, line 0: Successfully compiled asm.js code (total compilation time 3ms)
JavaScript warning: https://pagead2.googlesyndication.com/bg/pyMTr0nkmN6cL6IgtDyOeR9sHSfyHchE6TDXG14OT6s.js line 2 > eval line 4020 > eval line 1 > eval line 1 > eval, line 1: WEBGL_debug_renderer_info is deprecated in Firefox and will be removed. Please use RENDERER.
JavaScript warning: https://static.cloudflareinsights.com/beacon.min.js/vcd15cbe7772f49c399c6a5babf22c1241717689176015, line 1: Script terminated by timeout at:
o@https://static.cloudflareinsights.com/beacon.min.js/vcd15cbe7772f49c399c6a5babf22c1241717689176015:1:18291
104/e.onLCP/</c<@https://static.cloudflareinsights.com/beacon.min.js/vcd15cbe7772f49c399c6a5babf22c1241717689176015:1:18393
104/T/<@https://static.cloudflareinsights.com/beacon.min.js/vcd15cbe7772f49c399c6a5babf22c1241717689176015:1:11636
t@https://static.cloudflareinsights.com/beacon.min.js/vcd15cbe7772f49c399c6a5babf22c1241717689176015:1:11507

JavaScript warning: https://ads.pubmatic.com/AdServer/js/user_sync.html?gdpr=0&gdpr_consent=&us_privacy=pbs-ozone&predirect=https%3A%2F%2Felb.the-ozone-project.com%2Fsetuid%3Fbidder%3Dpubmatic%26gdpr%3D0%26gdpr_consent%3D%26us_privacy%3Dpbs-ozone%26uid%3D, line 1: Script terminated by timeout at:
J@https://ads.pubmatic.com/AdServer/js/user_sync.html?gdpr=0&gdpr_consent=&us_privacy=pbs-ozone&predirect=https%3A%2F%2Felb.the-ozone-project.com%2Fsetuid%3Fbidder%3Dpubmatic%26gdpr%3D0%26gdpr_consent%3D%26us_privacy%3Dpbs-ozone%26uid%3D:1:13833
t@https://ads.pubmatic.com/AdServer/js/user_sync.html?gdpr=0&gdpr_consent=&us_privacy=pbs-ozone&predirect=https%3A%2F%2Felb.the-ozone-project.com%2Fsetuid%3Fbidder%3Dpubmatic%26gdpr%3D0%26gdpr_consent%3D%26us_privacy%3Dpbs-ozone%26uid%3D:1:13850
N@https://ads.pubmatic.com/AdServer/js/user_sync.html?gdpr=0&gdpr_consent=&us_privacy=pbs-ozone&predirect=https%3A%2F%2Felb.the-ozone-project.com%2Fsetuid%3Fbidder%3Dpubmatic%26gdpr%3D0%26gdpr_consent%3D%26us_privacy%3Dpbs-ozone%26uid%3D:1:18318
B@https://ads.pubmatic.com/AdServer/js/user_sync.html?gdpr=0&gdpr_consent=&us_privacy=pbs-ozone&predirect=https%3A%2F%2Felb.the-ozone-project.com%2Fsetuid%3Fbidder%3Dpubmatic%26gdpr%3D0%26gdpr_consent%3D%26us_privacy%3Dpbs-ozone%26uid%3D:1:15082

JavaScript warning: https://cdn.gbqofs.com/sv/b/detector-bootstrap.min.js, line 0: Successfully compiled asm.js code (total compilation time 1ms)
JavaScript warning: https://pagead2.googlesyndication.com/bg/pyMTr0nkmN6cL6IgtDyOeR9sHSfyHchE6TDXG14OT6s.js line 2 > eval line 3163 > eval line 1 > eval line 1 > eval, line 1: WEBGL_debug_renderer_info is deprecated in Firefox and will be removed. Please use RENDERER.
JavaScript warning: https://pagead2.googlesyndication.com/bg/pyMTr0nkmN6cL6IgtDyOeR9sHSfyHchE6TDXG14OT6s.js line 2 > eval line 3547 > eval line 1 > eval line 1 > eval, line 1: WEBGL_debug_renderer_info is deprecated in Firefox and will be removed. Please use RENDERER.
JavaScript warning: https://cdn.cxense.com/cx.js, line 6: Script terminated by timeout at:
Ai@https://cdn.cxense.com/cx.js:6:48418
eo@https://cdn.cxense.com/cx.js:6:53148
aa@https://cdn.cxense.com/cx.js:6:70465
ua/<@https://cdn.cxense.com/cx.js:6:70926

1735286228767	Marionette	WARN	Ignoring event 'pageshow' because document has an invalid readyState of 'uninitialized'.
JavaScript warning: https://gum.criteo.com/syncframe?origin=criteoPrebidAdapter&topUrl=www.dev.marketwatch.com&us_privacy=1YNN&gpp=DBABRg~BVoAACA&gpp_sid=9#{%22bundle%22:%22jo_py18xUGU2dUElMkJNQ2h1UkpmTVolMkJqU0tqOWFSUmNTaTMwVGU0bWhqMXl2NHV6TGNrNGtDek04SGVlelAlMkZScWNqRnBCZUxCMmVQYU4wSXlta2JDY3BMeFlTY0FFWXY5SUslMkZsb1U1TXJteEl3WUNhWGVHSEVHb01ibDNVTGk5THhvcU1JWGw0ejNiUVpKZkRhTlZ0QzVoNEg0QSUzRCUzRA%22,%22cw%22:true,%22lsw%22:true,%22origin%22:%22criteoPrebidAdapter%22,%22requestId%22:%220.6946810692274953%22,%22tld%22:%22www.dev.marketwatch.com%22,%22topUrl%22:%22www.dev.marketwatch.com%22,%22version%22:%229_12_0%22}, line 13: Script terminated by timeout at:
r.prototype.flushEventQueue@https://gum.criteo.com/syncframe?origin=criteoPrebidAdapter&topUrl=www.dev.marketwatch.com&us_privacy=1YNN&gpp=DBABRg~BVoAACA&gpp_sid=9#{%22bundle%22:%22jo_py18xUGU2dUElMkJNQ2h1UkpmTVolMkJqU0tqOWFSUmNTaTMwVGU0bWhqMXl2NHV6TGNrNGtDek04SGVlelAlMkZScWNqRnBCZUxCMmVQYU4wSXlta2JDY3BMeFlTY0FFWXY5SUslMkZsb1U1TXJteEl3WUNhWGVHSEVHb01ibDNVTGk5THhvcU1JWGw0ejNiUVpKZkRhTlZ0QzVoNEg0QSUzRCUzRA%22,%22cw%22:true,%22lsw%22:true,%22origin%22:%22criteoPrebidAdapter%22,%22requestId%22:%220.6946810692274953%22,%22tld%22:%22www.dev.marketwatch.com%22,%22topUrl%22:%22www.dev.marketwatch.com%22,%22version%22:%229_12_0%22}:13:3137
r/<@https://gum.criteo.com/syncframe?origin=criteoPrebidAdapter&topUrl=www.dev.marketwatch.com&us_privacy=1YNN&gpp=DBABRg~BVoAACA&gpp_sid=9#{%22bundle%22:%22jo_py18xUGU2dUElMkJNQ2h1UkpmTVolMkJqU0tqOWFSUmNTaTMwVGU0bWhqMXl2NHV6TGNrNGtDek04SGVlelAlMkZScWNqRnBCZUxCMmVQYU4wSXlta2JDY3BMeFlTY0FFWXY5SUslMkZsb1U1TXJteEl3WUNhWGVHSEVHb01ibDNVTGk5THhvcU1JWGw0ejNiUVpKZkRhTlZ0QzVoNEg0QSUzRCUzRA%22,%22cw%22:true,%22lsw%22:true,%22origin%22:%22criteoPrebidAdapter%22,%22requestId%22:%220.6946810692274953%22,%22tld%22:%22www.dev.marketwatch.com%22,%22topUrl%22:%22www.dev.marketwatch.com%22,%22version%22:%229_12_0%22}:13:3642

JavaScript warning: https://fpt.live.com/?session_id=f6817d6ce1ce4e1b9e4a652cb52fd03f&CustomerId=33e01921-4d64-4f8c-a055-5bdaffd5e33d&PageId=SI, line 5: WEBGL_debug_renderer_info is deprecated in Firefox and will be removed. Please use RENDERER.
console.warn: LoginRecipes: "Falling back to a synchronous message for: https://login.live.com."
console.warn: LoginRecipes: "Falling back to a synchronous message for: https://login.live.com."
console.error: ({})
1735286239776	Marionette	INFO	Stopped listening on port 64739
Dynamically enable window occlusion 1
