1739092228304	geckodriver	INFO	Listening on 127.0.0.1:53980
1739092231325	mozrunner::runner	INFO	Running command: "C:\\Program Files\\Mozilla Firefox\\firefox.exe" "--marionette" "--remote-debugging-port" "53981" "--remote-allow-hosts" "localhost" "-no-remote" "-profile" "D:\\Users\\sasikumarj\\AppData\\Local\\Temp\\rust_mozprofile0LyDLk"
console.warn: services.settings: Ignoring preference override of remote settings server
console.warn: services.settings: Allow by setting MOZ_REMOTE_SETTINGS_DEVTOOLS=1 in the environment
Dynamically enable window occlusion 0
1739092232241	Marionette	INFO	Marionette enabled
1739092232551	Marionette	INFO	Listening on port 53993
WebDriver BiDi listening on ws://127.0.0.1:53981
Read port: 53993
console.error: Policies: 
  Download failed - ERROR_CORRUPT_FILE - file://C:\Program Files\Snow Software\Inventory\Agent\FFCloudmetering.xpi
1739092232987	RemoteAgent	WARN	TLS certificate errors will be ignored for this session
DevTools listening on ws://127.0.0.1:53981/devtools/browser/be0ac06a-9afb-4b06-b888-9b7f209a7313
JavaScript error: https://cdn.cxense.com/sp1.html#ver=2.8.90&typ=pgv&rnd=m6xem8po1mfji14t&sid=9222318613852486900&loc=https%3A%2F%2Fwww.wsj.com%2F&new=1&arf=0&ltm=1739092240295&ref=&tzo=-330&wsz=1280x595&res=1280x720&dpr=1&col=24&bln=en-US&chs=UTF-8&cks=m6xem8reb0jkg68c&ckp=m6xem8ppmbecdi5s&glb=&cp_userState=anon&cp_testGroup=5&cp_topDomain=wsj.com&cp_template=full&cp_access=free&cp_section=US%20Home%20Page&cp_subsection=&cp_cms_name=CAPS&cp_subscriber=nonsubscriber&cp_edition=naus&cp_bucket=7&cp_ab_bucket=7&cp_pageContentSource=WSJ%20Online&cp_pageContentType=Home&cp_pageContentTypeDetai=desktopweb&cp_pageSiteProduct=WSJ&cp_userTags=&cp_sessionState=none, line 1: TypeError: cX.loadScript is not a function
JavaScript warning: https://pagead2.googlesyndication.com/bg/0XaOFjBKFoXDKL9VF6MVp869Uwh55gMl2rSabIW1nBU.js line 2 > eval line 3967 > eval line 1 > eval line 1 > eval, line 1: WEBGL_debug_renderer_info is deprecated in Firefox and will be removed. Please use RENDERER.
JavaScript warning: https://cdn.gbqofs.com/sv/b/detector-bootstrap.min.js, line 0: Successfully compiled asm.js code (total compilation time 4ms)
1739092251749	Marionette	INFO	Stopped listening on port 53993
JavaScript warning: https://www.wsj.com/articles/chicago-mayor-wisconsin-supreme-court-election-paul-vallas-brandon-johnson-janet-protasiewicz-dan-kelly-3673d166, line 246: Script terminated by timeout at:
nrWrapper@https://www.wsj.com/articles/chicago-mayor-wisconsin-supreme-court-election-paul-vallas-brandon-johnson-janet-protasiewicz-dan-kelly-3673d166:246:17609

Dynamically enable window occlusion 1
