1739033796562	geckodriver	INFO	Listening on 127.0.0.1:51495
1739033799921	mozrunner::runner	INFO	Running command: "C:\\Program Files\\Mozilla Firefox\\firefox.exe" "--marionette" "--remote-debugging-port" "51496" "--remote-allow-hosts" "localhost" "-no-remote" "-profile" "D:\\Users\\sasikumarj\\AppData\\Local\\Temp\\rust_mozprofiletfaKGF"
console.warn: services.settings: Ignoring preference override of remote settings server
console.warn: services.settings: Allow by setting MOZ_REMOTE_SETTINGS_DEVTOOLS=1 in the environment
Dynamically enable window occlusion 0
1739033800874	Marionette	INFO	Marionette enabled
1739033801212	Marionette	INFO	Listening on port 51637
WebDriver BiDi listening on ws://127.0.0.1:51496
Read port: 51637
console.error: Policies: 
  Download failed - ERROR_CORRUPT_FILE - file://C:\Program Files\Snow Software\Inventory\Agent\FFCloudmetering.xpi
1739033801584	RemoteAgent	WARN	TLS certificate errors will be ignored for this session
DevTools listening on ws://127.0.0.1:51496/devtools/browser/ff882875-d7e6-4433-98b0-b9915689440b
console.error: ({})
console.error: ({})
JavaScript error: https://www.barrons.com/asset/dj-watchlist/v1.14.3/p-0633e57d.entry.js, line 11: TypeError: Error.captureStackTrace is not a function
JavaScript warning: https://cdn.gbqofs.com/sv/b/detector-bootstrap.min.js, line 0: Successfully compiled asm.js code (total compilation time 81ms)
1739033813448	Marionette	INFO	Stopped listening on port 51637
JavaScript error: https://cdn.gbqofs.com/sv/b/detector-bootstrap.min.js, line 10: Error: Piano SDK is loaded twice on same page. Try to fix that to prevent the message.
JavaScript warning: https://www.barrons.com/market-data/stocks/stock-picks?mod=BOL_TOPNAV, line 124: Script terminated by timeout at:
r@https://www.barrons.com/market-data/stocks/stock-picks?mod=BOL_TOPNAV:124:17258
Be/<@https://www.barrons.com/market-data/stocks/stock-picks?mod=BOL_TOPNAV:124:54036
emit@https://www.barrons.com/market-data/stocks/stock-picks?mod=BOL_TOPNAV:124:9618
i@https://www.barrons.com/market-data/stocks/stock-picks?mod=BOL_TOPNAV:124:17892
nrWrapper@https://www.barrons.com/market-data/stocks/stock-picks?mod=BOL_TOPNAV:124:17720
this.asynchronizeTask@https://js.datadome.co/tags.js:2:65646
@https://js.datadome.co/tags.js:2:52297
@https://js.datadome.co/tags.js:2:163403
n@https://js.datadome.co/tags.js:2:141355
o@https://js.datadome.co/tags.js:2:143118

Dynamically enable window occlusion 1
