1739266701375	geckodriver	INFO	Listening on 127.0.0.1:60278
1739266704539	mozrunner::runner	INFO	Running command: "C:\\Program Files\\Mozilla Firefox\\firefox.exe" "--marionette" "--remote-debugging-port" "60279" "--remote-allow-hosts" "localhost" "-no-remote" "-profile" "D:\\Users\\sasikumarj\\AppData\\Local\\Temp\\rust_mozprofilew6yxnr"
console.warn: services.settings: Ignoring preference override of remote settings server
console.warn: services.settings: Allow by setting MOZ_REMOTE_SETTINGS_DEVTOOLS=1 in the environment
Dynamically enable window occlusion 0
1739266705275	Marionette	INFO	Marionette enabled
1739266705624	Marionette	INFO	Listening on port 60314
WebDriver BiDi listening on ws://127.0.0.1:60279
Read port: 60314
console.error: Policies: 
  Download failed - ERROR_CORRUPT_FILE - file://C:\Program Files\Snow Software\Inventory\Agent\FFCloudmetering.xpi
1739266706031	RemoteAgent	WARN	TLS certificate errors will be ignored for this session
DevTools listening on ws://127.0.0.1:60279/devtools/browser/d7d2fad3-fa92-41f5-89f8-13c51abf8706
console.error: ({})
console.error: ({})
JavaScript error: https://www.barrons.com/asset/dj-watchlist/v1.14.3/p-0633e57d.entry.js, line 11: TypeError: Error.captureStackTrace is not a function
JavaScript warning: https://js-agent.newrelic.com/nr-1044.min.js, line 1: Script terminated by timeout at:
r@https://js-agent.newrelic.com/nr-1044.min.js:1:22526
[15]</r/<@https://js-agent.newrelic.com/nr-1044.min.js:1:9115

JavaScript error: https://pbc.barrons.com/p/dj/barrons/pb.js, line 2: TypeError: can't convert undefined to object
JavaScript error: https://us.tags.newscgp.com/prod/ncg/ncg.js, line 10: TypeError: window.GlobalSnowplowNamespace is undefined
JavaScript error: https://cdn.cxense.com/sp1.html#ver=2.8.90&typ=pgv&rnd=m70ahu6um5hao4hm&sid=9222325317970825875&loc=https%3A%2F%2Fwww.barrons.com%2Fmarket-data%2Fbarrons-stock-screener%3Fmod%3Dstock_screener_internal&new=1&arf=0&ltm=1739266714904&ref=&tzo=-330&wsz=1280x595&res=1280x720&dpr=1&col=24&bln=en-US&chs=UTF-8&cks=m70ahuk3c4fs2p6z&ckp=m70ahu6umc2pku1b&glb=&cp_userState=anon, line 1: TypeError: cX.loadScript is not a function
JavaScript warning: https://pagead2.googlesyndication.com/bg/VPXMjhhSnF_0w04UBhtYgswssitSTY9737JJt5i4JB8.js line 2 > eval line 5199 > eval line 1 > eval line 1 > eval, line 1: WEBGL_debug_renderer_info is deprecated in Firefox and will be removed. Please use RENDERER.
1739266720134	Marionette	INFO	Stopped listening on port 60314
Dynamically enable window occlusion 1
!!! error running onStopped callback: TypeError: callback is not a function
