1738931667543	geckodriver	INFO	Listening on 127.0.0.1:63011
1738931670604	mozrunner::runner	INFO	Running command: "C:\\Program Files\\Mozilla Firefox\\firefox.exe" "--marionette" "--remote-debugging-port" "63012" "--remote-allow-hosts" "localhost" "-no-remote" "-profile" "D:\\Users\\sasikumarj\\AppData\\Local\\Temp\\rust_mozprofileRLk4mv"
console.warn: services.settings: Ignoring preference override of remote settings server
console.warn: services.settings: Allow by setting MOZ_REMOTE_SETTINGS_DEVTOOLS=1 in the environment
Dynamically enable window occlusion 0
1738931671278	Marionette	INFO	Marionette enabled
1738931671538	Marionette	INFO	Listening on port 63029
WebDriver BiDi listening on ws://127.0.0.1:63012
Read port: 63029
console.error: Policies: 
  Download failed - ERROR_CORRUPT_FILE - file://C:\Program Files\Snow Software\Inventory\Agent\FFCloudmetering.xpi
1738931671823	RemoteAgent	WARN	TLS certificate errors will be ignored for this session
DevTools listening on ws://127.0.0.1:63012/devtools/browser/8c124692-c18b-40f4-928a-42dc6e0f5b45
JavaScript error: https://cdn.cxense.com/sp1.html#ver=2.8.90&typ=pgv&rnd=m6ur0vf2hr00je16&sid=9222318613852486900&loc=https%3A%2F%2Fwww.wsj.com%2Farticles%2Ftwitter-elon-musk-to-argue-over-trial-timetable-to-force-44-billion-takeover-11658223001%3Fcx_testId%3D3%26cx_testVariant%3Dcx_5%26cx_artPos%3D6%26mod%3DWTRN%23cxrecs_s&new=1&arf=0&ltm=1738931682005&ref=&tzo=-330&wsz=1280x595&res=1280x720&dpr=1&col=24&bln=en-US&chs=UTF-8&cks=m6ur0x7os6dfdl93&ckp=m6ur0x5bdsx93nbc&glb=&amo=1658316780&cp_userState=anon&cp_testId=3&cp_testVariant=cx_5&cp_artPos=6&cp_testGroup=11&cp_topDomain=wsj.com&cp_pwTag=default&cp_pwPlacement=cx-snippetad&cp_pwCampaign=28324&cp_pwType=personalized&cp_navSource=WTRN&cp_type=Technology&cp_template=preview&cp_access=paid&cp_section=Tech&cp_subsection=Tech&cp_cms_name=Methode&cp_vix=&cp_subscriber=nonsubscriber&cp_edition=naus&cp_bucket=3&cp_ab_bucket=93&cp_pageContentSource=WSJ%20Online&cp_pageContentType=Article&cp_pageContentTypeDetai=standard&cp_pageSiteProduct=WSJ&cp_userTags=&cp_sessionState=none, line 1: TypeError: cX.loadScript is not a function
JavaScript warning: https://cdn.gbqofs.com/sv/b/detector-bootstrap.min.js, line 0: Successfully compiled asm.js code (total compilation time 2ms)
JavaScript warning: https://js-agent.newrelic.com/nr-spa-1.281.0.min.js, line 2: Script terminated by timeout at:
#b@https://js-agent.newrelic.com/nr-spa-1.281.0.min.js:2:91498
store@https://js-agent.newrelic.com/nr-spa-1.281.0.min.js:2:90723
add@https://js-agent.newrelic.com/nr-spa-1.281.0.min.js:2:92060
add@https://js-agent.newrelic.com/nr-spa-1.281.0.min.js:2:93155
storeXhr@https://js-agent.newrelic.com/nr-spa-1.281.0.min.js:2:7703
3845/v/<@https://js-agent.newrelic.com/nr-spa-1.281.0.min.js:2:7308
emit@https://www.wsj.com/articles/twitter-elon-musk-to-argue-over-trial-timetable-to-force-44-billion-takeover-11658223001?cx_testId=3&cx_testVariant=cx_5&cx_artPos=6&mod=WTRN#cxrecs_s:246:9618
i@https://www.wsj.com/articles/twitter-elon-musk-to-argue-over-trial-timetable-to-force-44-billion-takeover-11658223001?cx_testId=3&cx_testVariant=cx_5&cx_artPos=6&mod=WTRN#cxrecs_s:246:10655
he/this.handler@https://www.wsj.com/articles/twitter-elon-musk-to-argue-over-trial-timetable-to-force-44-billion-takeover-11658223001?cx_testId=3&cx_testVariant=cx_5&cx_artPos=6&mod=WTRN#cxrecs_s:246:41368
w@https://www.wsj.com/articles/twitter-elon-musk-to-argue-over-trial-timetable-to-force-44-billion-takeover-11658223001?cx_testId=3&cx_testVariant=cx_5&cx_artPos=6&mod=WTRN#cxrecs_s:246:45611
emit@https://www.wsj.com/articles/twitter-elon-musk-to-argue-over-trial-timetable-to-force-44-billion-takeover-11658223001?cx_testId=3&cx_testVariant=cx_5&cx_artPos=6&mod=WTRN#cxrecs_s:246:9618
emit@https://www.wsj.com/articles/twitter-elon-musk-to-argue-over-trial-timetable-to-force-44-billion-takeover-11658223001?cx_testId=3&cx_testVariant=cx_5&cx_artPos=6&mod=WTRN#cxrecs_s:246:9556
ne/<@https://www.wsj.com/articles/twitter-elon-musk-to-argue-over-trial-timetable-to-force-44-billion-takeover-11658223001?cx_testId=3&cx_testVariant=cx_5&cx_artPos=6&mod=WTRN#cxrecs_s:246:38993
emit@https://www.wsj.com/articles/twitter-elon-musk-to-argue-over-trial-timetable-to-force-44-billion-takeover-11658223001?cx_testId=3&cx_testVariant=cx_5&cx_artPos=6&mod=WTRN#cxrecs_s:246:9618
ne/r/e[r]/<@https://www.wsj.com/articles/twitter-elon-musk-to-argue-over-trial-timetable-to-force-44-billion-takeover-11658223001?cx_testId=3&cx_testVariant=cx_5&cx_artPos=6&mod=WTRN#cxrecs_s:246:38739
nrWrapper@https://www.wsj.com/articles/twitter-elon-musk-to-argue-over-trial-timetable-to-force-44-billion-takeover-11658223001?cx_testId=3&cx_testVariant=cx_5&cx_artPos=6&mod=WTRN#cxrecs_s:246:17759

JavaScript error: , line 0: TypeError: NetworkError when attempting to fetch resource.
JavaScript warning: https://imasdk.googleapis.com/js/core/bridge3.684.0_en.html#fid=goog_547863833, line 456: Script terminated by timeout at:
gD@https://imasdk.googleapis.com/js/core/bridge3.684.0_en.html#fid=goog_547863833:456:310
kD/this.ba@https://imasdk.googleapis.com/js/core/bridge3.684.0_en.html#fid=goog_547863833:454:29

console.warn: LoginRecipes: "Falling back to a synchronous message for: https://sso.accounts.dowjones.com."
console.warn: LoginRecipes: "Falling back to a synchronous message for: https://sso.accounts.dowjones.com."
JavaScript warning: https://www.googletagmanager.com/gtag/js?id=G-K2H7B9JRSS, line 202: Script terminated by timeout at:
Cc@https://www.googletagmanager.com/gtag/js?id=G-K2H7B9JRSS:202:81
nJ@https://www.googletagmanager.com/gtag/js?id=G-K2H7B9JRSS:762:212
pJ.prototype.flush@https://www.googletagmanager.com/gtag/js?id=G-K2H7B9JRSS:767:116
h.flush@https://www.googletagmanager.com/gtag/js?id=G-K2H7B9JRSS:785:243
LK/<@https://www.googletagmanager.com/gtag/js?id=G-K2H7B9JRSS:799:210
h.Jl/<@https://www.googletagmanager.com/gtag/js?id=G-K2H7B9JRSS:737:126
h.Jl/c/<@https://www.googletagmanager.com/gtag/js?id=G-K2H7B9JRSS:736:418

1738931709295	Marionette	INFO	Stopped listening on port 63029
JavaScript warning: https://tags.tiqcdn.com/utag/wsjdn/wsj/prod/utag.js, line 30: Script terminated by timeout at:
lh@https://tags.tiqcdn.com/utag/wsjdn/wsj/prod/utag.js:30:433
@https://tags.tiqcdn.com/utag/wsjdn/wsj/prod/utag.304.js?utv=ut4.46.202410021845:2:24

JavaScript error: https://ib.3lift.com/rev/ee7b16b9e186bb4216ceb6eab615bf4094d4c241/dist/bundle.js, line 1: SecurityError: Permission denied to access property "__gpp" on cross-origin object
Dynamically enable window occlusion 1
JavaScript error: , line 0: AbortError: The operation was aborted. 
JavaScript error: , line 0: AbortError: The operation was aborted. 
