1739093178063	geckodriver	INFO	Listening on 127.0.0.1:65299
1739093181098	mozrunner::runner	INFO	Running command: "C:\\Program Files\\Mozilla Firefox\\firefox.exe" "--marionette" "--remote-debugging-port" "65300" "--remote-allow-hosts" "localhost" "-no-remote" "-profile" "D:\\Users\\sasikumarj\\AppData\\Local\\Temp\\rust_mozprofilecNXbyk"
console.warn: services.settings: Ignoring preference override of remote settings server
console.warn: services.settings: Allow by setting MOZ_REMOTE_SETTINGS_DEVTOOLS=1 in the environment
Dynamically enable window occlusion 0
1739093181749	Marionette	INFO	Marionette enabled
1739093181999	Marionette	INFO	Listening on port 65311
WebDriver BiDi listening on ws://127.0.0.1:65300
Read port: 65311
1739093182139	RemoteAgent	WARN	TLS certificate errors will be ignored for this session
console.error: Policies: 
  Download failed - ERROR_CORRUPT_FILE - file://C:\Program Files\Snow Software\Inventory\Agent\FFCloudmetering.xpi
DevTools listening on ws://127.0.0.1:65300/devtools/browser/c5e09571-a87c-40a4-ace9-a3befc498cc1
JavaScript error: https://news.google.com/swg/js/v1/swg.js, line 17: Error: XHR Failed fetching (https://news.google.com/...): (Note: a CORS error above may indicate that this publisher or domain is not configured in Publisher Center. The CORS error happens because 4xx responses do not set CORS headers.)

TypeError: NetworkError when attempting to fetch resource.
JavaScript error: https://cdn.cxense.com/sp1.html#ver=2.8.90&typ=pgv&rnd=m6xf6lwxavngj52m&sid=1134002947328204066&loc=https%3A%2F%2Fwww.dev.wsj.com%2Farticles%2Ftest-oil-demand-will-fall-by-a-fifth-in-april-opec-forecasts-11587072843&new=1&arf=0&ltm=1739093192272&ref=&tzo=-330&wsz=1280x595&res=1280x720&dpr=1&col=24&bln=en-US&chs=UTF-8&cks=m6xf6ncj6jwy5p13&ckp=m6xf6n9odamnwqxa&glb=&amo=1663000260&cp_userState=anon&cp_testGroup=86&cp_env=staging&cp_topDomain=wsj.com&cp_pwTag=default&cp_pwPlacement=cx-snippetad&cp_pwCampaign=28324&cp_pwType=personalized&cp_type=Oil%20Markets&cp_template=preview&cp_access=paid&cp_section=Markets&cp_subsection=Commodities&cp_cms_name=Methode&cp_vix=&cp_subscriber=nonsubscriber&cp_edition=naus&cp_bucket=1&cp_ab_bucket=11&cp_pageContentSource=WSJ%20Online&cp_pageContentType=Article&cp_pageContentTypeDetai=standard&cp_pageSiteProduct=WSJ&cp_userTags=&cp_sessionState=none, line 1: TypeError: cX.loadScript is not a function
JavaScript error: , line 0: uncaught exception: Object
JavaScript error: https://news.google.com/swg/js/v1/swg.js, line 17: Error: Error: not allowed
JavaScript warning: https://cdn.gbqofs.com/sv/b/detector-bootstrap.min.js, line 0: Successfully compiled asm.js code (total compilation time 15ms)
1739093197063	Marionette	WARN	Ignoring event 'DOMContentLoaded' because document has an invalid readyState of 'complete'.
1739093199485	Marionette	INFO	Stopped listening on port 65311
JavaScript warning: https://www.wsj.com/static_html_files/bluegrass/2.2.119/bluegrass2.min.js, line 1: Script terminated by timeout at:
t@https://www.wsj.com/static_html_files/bluegrass/2.2.119/bluegrass2.min.js:1:22260
a@https://www.wsj.com/static_html_files/bluegrass/2.2.119/bluegrass2.min.js:1:22689
s@https://www.wsj.com/static_html_files/bluegrass/2.2.119/bluegrass2.min.js:1:22968
s@https://www.wsj.com/static_html_files/bluegrass/2.2.119/bluegrass2.min.js:1:23073
ajax@https://www.wsj.com/static_html_files/bluegrass/2.2.119/bluegrass2.min.js:2:10500
ajaxAbort@https://www.wsj.com/static_html_files/bluegrass/2.2.119/bluegrass2.min.js:2:13621
abort@https://www.wsj.com/static_html_files/bluegrass/2.2.119/bluegrass2.min.js:2:19323
stop@https://www.wsj.com/static_html_files/bluegrass/2.2.119/bluegrass2.min.js:2:7041
e.exports/r.signalR.prototype.stop@https://www.wsj.com/static_html_files/bluegrass/2.2.119/bluegrass2.min.js:1:8405
start/i/</</<@https://www.wsj.com/static_html_files/bluegrass/2.2.119/bluegrass2.min.js:2:2691

Dynamically enable window occlusion 1
