1739093286101	geckodriver	INFO	Listening on 127.0.0.1:49575
1739093289141	mozrunner::runner	INFO	Running command: "C:\\Program Files\\Mozilla Firefox\\firefox.exe" "--marionette" "--remote-debugging-port" "49576" "--remote-allow-hosts" "localhost" "-no-remote" "-profile" "D:\\Users\\sasikumarj\\AppData\\Local\\Temp\\rust_mozprofileJofAlW"
console.warn: services.settings: Ignoring preference override of remote settings server
console.warn: services.settings: Allow by setting MOZ_REMOTE_SETTINGS_DEVTOOLS=1 in the environment
Dynamically enable window occlusion 0
1739093289927	Marionette	INFO	Marionette enabled
1739093290280	Marionette	INFO	Listening on port 49589
WebDriver BiDi listening on ws://127.0.0.1:49576
Read port: 49589
console.error: Policies: 
  Download failed - ERROR_CORRUPT_FILE - file://C:\Program Files\Snow Software\Inventory\Agent\FFCloudmetering.xpi
1739093290787	RemoteAgent	WARN	TLS certificate errors will be ignored for this session
DevTools listening on ws://127.0.0.1:49576/devtools/browser/2ff7c0c2-6829-4a63-80c3-f13443f090ec
JavaScript error: https://cdn.cxense.com/sp1.html#ver=2.8.90&typ=pgv&rnd=m6xf8yb74rcyyd1g&sid=9222318613852486900&loc=https%3A%2F%2Fwww.wsj.com%2Farticles%2Fmary-eberstadt-furman-university-wsj-scott-yenor-campus-protest-speech-869ce29b&new=1&arf=0&ltm=1739093301455&ref=&tzo=-330&wsz=1280x595&res=1280x720&dpr=1&col=24&bln=en-US&chs=UTF-8&cks=m6xf8zm1scys2tyn&ckp=m6xf8zif8e1rj4qa&glb=&amo=1680301200&cp_userState=anon&cp_testGroup=26&cp_topDomain=wsj.com&cp_pwTag=default&cp_pwPlacement=cx-snippetad&cp_pwCampaign=28324&cp_pwType=personalized&cp_type=Letters&cp_template=preview&cp_access=paid&cp_section=Opinion&cp_subsection=Letters&cp_cms_name=Methode&cp_vix=&cp_subscriber=nonsubscriber&cp_edition=naus&cp_bucket=7&cp_ab_bucket=87&cp_pageContentSource=WSJ%20Online&cp_pageContentType=Article&cp_pageContentTypeDetai=standard&cp_pageSiteProduct=WSJ&cp_userTags=&cp_sessionState=none, line 1: TypeError: cX.loadScript is not a function
JavaScript warning: https://cdn.gbqofs.com/sv/b/detector-bootstrap.min.js, line 0: Successfully compiled asm.js code (total compilation time 3ms)
JavaScript warning: https://pagead2.googlesyndication.com/bg/0XaOFjBKFoXDKL9VF6MVp869Uwh55gMl2rSabIW1nBU.js line 2 > eval line 3196 > eval line 1 > eval line 1 > eval, line 1: WEBGL_debug_renderer_info is deprecated in Firefox and will be removed. Please use RENDERER.
1739093308732	Marionette	WARN	Ignoring event 'DOMContentLoaded' because document has an invalid readyState of 'complete'.
1739093308821	Marionette	INFO	Stopped listening on port 49589
JavaScript warning: https://www.wsj.com/articles/mary-eberstadt-furman-university-wsj-scott-yenor-campus-protest-speech-869ce29b, line 246: Script terminated by timeout at:
nrWrapper@https://www.wsj.com/articles/mary-eberstadt-furman-university-wsj-scott-yenor-campus-protest-speech-869ce29b:246:17609

Dynamically enable window occlusion 1
JavaScript error: https://eus.rubiconproject.com/usync.js, line 4: : 
