1739417321610	geckodriver	INFO	Listening on 127.0.0.1:63322
1739417324969	mozrunner::runner	INFO	Running command: "C:\\Program Files\\Mozilla Firefox\\firefox.exe" "--marionette" "--remote-debugging-port" "63323" "--remote-allow-hosts" "localhost" "-no-remote" "-profile" "D:\\Users\\sasikumarj\\AppData\\Local\\Temp\\rust_mozprofiletotGRS"
console.warn: services.settings: Ignoring preference override of remote settings server
console.warn: services.settings: Allow by setting MOZ_REMOTE_SETTINGS_DEVTOOLS=1 in the environment
Dynamically enable window occlusion 0
1739417327086	Marionette	INFO	Marionette enabled
1739417327946	Marionette	INFO	Listening on port 63445
WebDriver BiDi listening on ws://127.0.0.1:63323
Read port: 63445
console.error: Policies: 
  Download failed - ERROR_CORRUPT_FILE - file://C:\Program Files\Snow Software\Inventory\Agent\FFCloudmetering.xpi
1739417328460	RemoteAgent	WARN	TLS certificate errors will be ignored for this session
DevTools listening on ws://127.0.0.1:63323/devtools/browser/399ae9f4-cc46-43a9-9cfe-21319e8e1cac
console.error: ({})
console.error: ({})
JavaScript warning: https://js-agent.newrelic.com/nr-1044.min.js, line 1: Script terminated by timeout at:
r@https://js-agent.newrelic.com/nr-1044.min.js:1:22526
[15]</r/<@https://js-agent.newrelic.com/nr-1044.min.js:1:9115

console.error: ({})
console.error: ({})
JavaScript error: , line 0: uncaught exception: Error: Received error when requesting API response from URL: https://piano.vx.barrons.com/api/v3/anon/template/loadTemplateContext?aid=ETbHfCPwpu
JavaScript error: https://cdn.cxense.com/sp1.html#ver=2.8.90&typ=pgv&rnd=m72s6alioywnru98&sid=9222325317970825875&loc=https%3A%2F%2Fwww.barrons.com%2Farticles%2Fbuy-rockwell-automation-stock-pick-price-cc120733%3Fmod%3Dstock_picks_lp&new=1&arf=0&ltm=1739417341738&ref=&tzo=-330&wsz=1280x595&res=1280x720&dpr=1&col=24&bln=en-US&chs=UTF-8&cks=m72s6c0a2gddhzxe&ckp=m72s6aliplcfsmxg&glb=&amo=1688057100&cp_userState=anon, line 1: TypeError: cX.loadScript is not a function
JavaScript warning: https://pagead2.googlesyndication.com/bg/8ZaB7jRsaaU-biZOJz6O6mNB_fDMtsHVeu7uD0tG4og.js line 2 > eval line 141 > eval line 1 > eval line 1 > eval, line 1: WEBGL_debug_renderer_info is deprecated in Firefox and will be removed. Please use RENDERER.
JavaScript warning: https://cdn.cxense.com/cx.js, line 6: Script terminated by timeout at:
n@https://cdn.cxense.com/cx.js:6:1149
r@https://cdn.cxense.com/cx.js:6:1272
l<@https://cdn.cxense.com/cx.js:6:1807
$i@https://cdn.cxense.com/cx.js:6:52727
po@https://cdn.cxense.com/cx.js:6:55125
ua@https://cdn.cxense.com/cx.js:6:70769
fa/<@https://cdn.cxense.com/cx.js:6:71076
nrWrapper@https://www.barrons.com/articles/buy-rockwell-automation-stock-pick-price-cc120733?mod=stock_picks_lp:129:17759

console.warn: LoginRecipes: "Falling back to a synchronous message for: https://sso.accounts.dowjones.com."
console.warn: LoginRecipes: "Falling back to a synchronous message for: https://sso.accounts.dowjones.com."
JavaScript warning: https://sso.accounts.dowjones.com/datadome/tags.js, line 2: Script terminated by timeout at:
@https://sso.accounts.dowjones.com/datadome/tags.js:2:161129

console.error: ({})
console.error: ({})
JavaScript warning: https://cdn.gbqofs.com/sv/b/detector-bootstrap.min.js, line 0: Successfully compiled asm.js code (total compilation time 3ms)
JavaScript warning: https://pagead2.googlesyndication.com/bg/8ZaB7jRsaaU-biZOJz6O6mNB_fDMtsHVeu7uD0tG4og.js line 2 > eval line 2056 > eval line 1 > eval line 1 > eval, line 1: WEBGL_debug_renderer_info is deprecated in Firefox and will be removed. Please use RENDERER.
1739417365745	Marionette	INFO	Stopped listening on port 63445
JavaScript warning: https://www.barrons.com/articles/buy-rockwell-automation-stock-pick-price-cc120733?mod=stock_picks_lp, line 129: Script terminated by timeout at:
nrWrapper@https://www.barrons.com/articles/buy-rockwell-automation-stock-pick-price-cc120733?mod=stock_picks_lp:129:17609

Dynamically enable window occlusion 1
