1739031798939	geckodriver	INFO	Listening on 127.0.0.1:57501
1739031801969	mozrunner::runner	INFO	Running command: "C:\\Program Files\\Mozilla Firefox\\firefox.exe" "--marionette" "--remote-debugging-port" "57502" "--remote-allow-hosts" "localhost" "-no-remote" "-profile" "D:\\Users\\sasikumarj\\AppData\\Local\\Temp\\rust_mozprofile2LCSf9"
console.warn: services.settings: Ignoring preference override of remote settings server
console.warn: services.settings: Allow by setting MOZ_REMOTE_SETTINGS_DEVTOOLS=1 in the environment
Dynamically enable window occlusion 0
1739031802644	Marionette	INFO	Marionette enabled
1739031802954	Marionette	INFO	Listening on port 57513
WebDriver BiDi listening on ws://127.0.0.1:57502
Read port: 57513
console.error: Policies: 
  Download failed - ERROR_CORRUPT_FILE - file://C:\Program Files\Snow Software\Inventory\Agent\FFCloudmetering.xpi
1739031803256	RemoteAgent	WARN	TLS certificate errors will be ignored for this session
DevTools listening on ws://127.0.0.1:57502/devtools/browser/f56f58f4-f61f-41b2-a074-a87c3aad63cc
JavaScript error: https://cdn.cxense.com/sp1.html#ver=2.8.90&typ=pgv&rnd=m6wemzpweyx834q5&sid=1133979867428110118&loc=https%3A%2F%2Fwww.s.dev.penews.com%2F&new=1&arf=0&ltm=1739031809110&ref=&tzo=-330&wsz=1280x595&res=1280x720&dpr=1&col=24&bln=en-US&chs=UTF-8&cks=m6wemztbg5zw3oy5&ckp=m6wemzpw42omqd6j&glb=&cp_userState=anon&cp_testGroup=66&cp_env=staging&cp_topDomain=penews.com&cp_template=full&cp_access=free&cp_section=Home&cp_subsection=&cp_cms_name=CAPS&cp_subscriber=nonsubscriber&cp_edition=europe%252Cgb&cp_bucket=7&cp_ab_bucket=87&cp_pageContentSource=Private%20Equity%20News%20Online&cp_pageContentType=Home&cp_pageContentTypeDetai=default&cp_pageSiteProduct=PEN&cp_userTags=&cp_sessionState=none, line 1: TypeError: cX.loadScript is not a function
JavaScript warning: https://pagead2.googlesyndication.com/bg/vbSiC3rXZjPvfLONVMSWfstygVHLPM3jd4I4vl9RjYk.js line 2 > eval line 442 > eval line 1 > eval line 1 > eval, line 1: WEBGL_debug_renderer_info is deprecated in Firefox and will be removed. Please use RENDERER.
JavaScript warning: https://cdn.parsely.com/keys/penews.com/p.js, line 7: Script terminated by timeout at:
y.param@https://cdn.parsely.com/keys/penews.com/p.js:7:20520
buildEventRequestUrl@https://cdn.parsely.com/keys/penews.com/p.js:7:68212
sendEvent@https://cdn.parsely.com/keys/penews.com/p.js:7:67722
beacon@https://cdn.parsely.com/keys/penews.com/p.js:7:69271
e.engagedTime.sendHeartbeat@https://cdn.parsely.com/keys/penews.com/p.js:7:47926
i.sendHeartbeat@https://cdn.parsely.com/keys/penews.com/p.js:7:45951
i._sendHeartbeats@https://cdn.parsely.com/keys/penews.com/p.js:7:46105
i._setUnloadListeners/<@https://cdn.parsely.com/keys/penews.com/p.js:7:46258
value/<@https://cdn.parsely.com/keys/penews.com/p.js:7:22304
value@https://cdn.parsely.com/keys/penews.com/p.js:7:22277
value@https://cdn.parsely.com/keys/penews.com/p.js:7:24351
value@https://cdn.parsely.com/keys/penews.com/p.js:7:24771

console.warn: LoginRecipes: "Falling back to a synchronous message for: https://sso.int.accounts.dowjones.com."
console.warn: LoginRecipes: "Falling back to a synchronous message for: https://sso.int.accounts.dowjones.com."
console.error: ({})
1739031909608	Marionette	INFO	Stopped listening on port 57513
Dynamically enable window occlusion 1
