1738925186008	geckodriver	INFO	Listening on 127.0.0.1:49340
1738925189048	mozrunner::runner	INFO	Running command: "C:\\Program Files\\Mozilla Firefox\\firefox.exe" "--marionette" "--remote-debugging-port" "49341" "--remote-allow-hosts" "localhost" "-no-remote" "-profile" "D:\\Users\\sasikumarj\\AppData\\Local\\Temp\\rust_mozprofilexmLJlb"
console.warn: services.settings: Ignoring preference override of remote settings server
console.warn: services.settings: Allow by setting MOZ_REMOTE_SETTINGS_DEVTOOLS=1 in the environment
Dynamically enable window occlusion 0
1738925189702	Marionette	INFO	Marionette enabled
1738925189962	Marionette	INFO	Listening on port 49356
WebDriver BiDi listening on ws://127.0.0.1:49341
Read port: 49356
1738925190099	RemoteAgent	WARN	TLS certificate errors will be ignored for this session
console.error: Policies: 
  Download failed - ERROR_CORRUPT_FILE - file://C:\Program Files\Snow Software\Inventory\Agent\FFCloudmetering.xpi
DevTools listening on ws://127.0.0.1:49341/devtools/browser/61d6891b-bbd7-4661-98db-d77fadfa3027
JavaScript error: https://cdn.cxense.com/sp1.html#ver=2.8.90&typ=pgv&rnd=m6un5yw8dn2j54rf&sid=1134007940894473081&loc=https%3A%2F%2Fwww.mansionglobal.com%2F&new=1&arf=0&ltm=1738925199090&ref=&tzo=-330&wsz=1280x595&res=1280x720&dpr=1&col=24&bln=en-US&chs=UTF-8&cks=m6un5yyf68eac1nz&ckp=m6un5yw9j7oo0emf&glb=&cp_userState=anon&cp_testGroup=91&cp_topDomain=mansionglobal.com&cp_template=full&cp_access=free&cp_section=Home&cp_subsection=&cp_cms_name=CMS%20Wordpress&cp_subscriber=nonsubscriber&cp_edition=na%252Cus&cp_bucket=5&cp_ab_bucket=55&cp_pageContentSource=Mansion%20Global&cp_pageContentType=Home&cp_pageContentTypeDetai=default&cp_pageSiteProduct=MG&cp_userTags=&cp_sessionState=none, line 1: TypeError: cX.loadScript is not a function
JavaScript warning: https://pagead2.googlesyndication.com/bg/dKsKVnRDvnN7x3_VHBWCXOB1uWbHu1pWqkNfYXa-ZYg.js line 2 > eval line 4931 > eval line 1 > eval line 1 > eval, line 1: WEBGL_debug_renderer_info is deprecated in Firefox and will be removed. Please use RENDERER.
JavaScript warning: https://pagead2.googlesyndication.com/bg/dKsKVnRDvnN7x3_VHBWCXOB1uWbHu1pWqkNfYXa-ZYg.js line 2 > eval line 6684 > eval line 1 > eval line 1 > eval, line 1: WEBGL_debug_renderer_info is deprecated in Firefox and will be removed. Please use RENDERER.
JavaScript warning: https://pagead2.googlesyndication.com/bg/dKsKVnRDvnN7x3_VHBWCXOB1uWbHu1pWqkNfYXa-ZYg.js line 2 > eval line 1966 > eval line 1 > eval line 1 > eval, line 1: WEBGL_debug_renderer_info is deprecated in Firefox and will be removed. Please use RENDERER.
JavaScript warning: https://imasdk.googleapis.com/js/core/bridge3.684.0_en.html#fid=goog_802059950, line 456: Script terminated by timeout at:
gD@https://imasdk.googleapis.com/js/core/bridge3.684.0_en.html#fid=goog_802059950:456:310
kD/this.ba@https://imasdk.googleapis.com/js/core/bridge3.684.0_en.html#fid=goog_802059950:454:29

JavaScript warning: https://www.youtube-nocookie.com/s/player/9c6dfc4a/www-embed-player.vflset/www-embed-player.js, line 971: Script terminated by timeout at:
R@https://www.youtube-nocookie.com/s/player/9c6dfc4a/www-embed-player.vflset/www-embed-player.js:971:226
@https://www.youtube-nocookie.com/s/player/9c6dfc4a/www-embed-player.vflset/www-embed-player.js:2018:52
tm/<@https://www.youtube-nocookie.com/s/player/9c6dfc4a/www-embed-player.vflset/www-embed-player.js:950:63

JavaScript warning: https://static.cdninstagram.com/rsrc.php/v4/y3/r/d5IqSZvg2if.js, line 57: Script terminated by timeout at:
T@https://static.cdninstagram.com/rsrc.php/v4/y3/r/d5IqSZvg2if.js:57:5266
Y/<@https://static.cdninstagram.com/rsrc.php/v4/y3/r/d5IqSZvg2if.js:57:9516
xa@https://static.cdninstagram.com/rsrc.php/v4/y3/r/d5IqSZvg2if.js:57:9756
Y@https://static.cdninstagram.com/rsrc.php/v4/y3/r/d5IqSZvg2if.js:57:9474
a@https://static.cdninstagram.com/rsrc.php/v4/y3/r/d5IqSZvg2if.js:211:2980
getEndPointUrl@https://static.cdninstagram.com/rsrc.php/v4/y4/r/4gEv7nbQgUL.js:12:428
_tryToSendViaBeacon@https://static.cdninstagram.com/rsrc.php/v4/y4/r/4gEv7nbQgUL.js:19:3936
_initialize/<@https://static.cdninstagram.com/rsrc.php/v4/y4/r/4gEv7nbQgUL.js:19:1137
applyWithGuard@https://static.cdninstagram.com/rsrc.php/v4/y3/r/d5IqSZvg2if.js:70:10628
c.__emitToSubscription@https://static.cdninstagram.com/rsrc.php/v4/y3/r/d5IqSZvg2if.js:79:1477
c.emit@https://static.cdninstagram.com/rsrc.php/v4/y3/r/d5IqSZvg2if.js:79:1303
@https://static.cdninstagram.com/rsrc.php/v4/y3/r/d5IqSZvg2if.js:335:1059
applyWithGuard@https://static.cdninstagram.com/rsrc.php/v4/y3/r/d5IqSZvg2if.js:70:10628
d@https://static.cdninstagram.com/rsrc.php/v4/y3/r/d5IqSZvg2if.js:330:2086

JavaScript warning: https://pagead2.googlesyndication.com/bg/dKsKVnRDvnN7x3_VHBWCXOB1uWbHu1pWqkNfYXa-ZYg.js line 2 > eval line 467 > eval line 1 > eval line 1 > eval, line 1: WEBGL_debug_renderer_info is deprecated in Firefox and will be removed. Please use RENDERER.
1738925224566	Marionette	INFO	Stopped listening on port 49356
JavaScript warning: https://asset.barrons.com/article/public/mg_full_article.d8fbd9f1e0ad.js, line 100: Script terminated by timeout at:
p@https://asset.barrons.com/article/public/mg_full_article.d8fbd9f1e0ad.js:100:58411

Dynamically enable window occlusion 1
JavaScript warning: https://www.google.com/js/th/2Od_BXY8Vjqn5MycIv0XMSA24h9E-qr9j5xv73dxnSQ.js line 2 > eval line 7634 > eval line 1 > eval line 1 > eval, line 1: Failed to create WebGL context: !CanvasManagerChild::Get()
