1739085968153	geckodriver	INFO	Listening on 127.0.0.1:62579
1739085971195	mozrunner::runner	INFO	Running command: "C:\\Program Files\\Mozilla Firefox\\firefox.exe" "--marionette" "--remote-debugging-port" "62580" "--remote-allow-hosts" "localhost" "-no-remote" "-profile" "D:\\Users\\sasikumarj\\AppData\\Local\\Temp\\rust_mozprofile8oeDyS"
console.warn: services.settings: Ignoring preference override of remote settings server
console.warn: services.settings: Allow by setting MOZ_REMOTE_SETTINGS_DEVTOOLS=1 in the environment
Dynamically enable window occlusion 0
1739085971796	Marionette	INFO	Marionette enabled
1739085972046	Marionette	INFO	Listening on port 62592
WebDriver BiDi listening on ws://127.0.0.1:62580
Read port: 62592
console.error: Policies: 
  Download failed - ERROR_CORRUPT_FILE - file://C:\Program Files\Snow Software\Inventory\Agent\FFCloudmetering.xpi
1739085972295	RemoteAgent	WARN	TLS certificate errors will be ignored for this session
DevTools listening on ws://127.0.0.1:62580/devtools/browser/43bdf136-b3fe-4798-8f5d-308072cbbdf7
JavaScript error: https://news.google.com/swg/js/v1/swg.js, line 17: Error: XHR Failed fetching (https://news.google.com/...): (Note: a CORS error above may indicate that this publisher or domain is not configured in Publisher Center. The CORS error happens because 4xx responses do not set CORS headers.)

TypeError: NetworkError when attempting to fetch resource.
JavaScript error: https://cdn.cxense.com/sp1.html#ver=2.8.90&typ=pgv&rnd=m6xaw34v1lpmd79z&sid=1134002947328204066&loc=https%3A%2F%2Fwww.dev.wsj.com%2Farticles%2Ftwitter-elon-musk-to-argue-over-trial-timetable-to-force-44-billion-takeover-11658223001%3Fcx_testId%3D3%26cx_testVariant%3Dcx_5%26cx_artPos%3D6%26mod%3DWTRN%23cxrecs_s&new=1&arf=0&ltm=1739085982889&ref=&tzo=-330&wsz=1280x595&res=1280x720&dpr=1&col=24&bln=en-US&chs=UTF-8&cks=m6xaw4ia5ug85edm&ckp=m6xaw4h0h7qip95s&glb=&amo=1720057500&cp_userState=anon&cp_testId=3&cp_testVariant=cx_5&cp_artPos=6&cp_testGroup=37&cp_env=staging&cp_topDomain=wsj.com&cp_pwTag=default&cp_pwPlacement=cx-snippetad&cp_pwCampaign=28324&cp_pwType=personalized&cp_navSource=WTRN&cp_type=Technology&cp_template=preview&cp_access=paid&cp_section=Tech&cp_subsection=Tech&cp_cms_name=Methode&cp_vix=&cp_subscriber=nonsubscriber&cp_edition=naus&cp_bucket=6&cp_ab_bucket=76&cp_pageContentSource=WSJ%20Online&cp_pageContentType=Article&cp_pageContentTypeDetai=standard&cp_pageSiteProduct=WSJ&cp_userTags=&cp_sessionState=none, line 1: TypeError: cX.loadScript is not a function
JavaScript error: , line 0: uncaught exception: Object
JavaScript error: https://news.google.com/swg/js/v1/swg.js, line 17: Error: Error: not allowed
JavaScript warning: https://cdn.gbqofs.com/sv/b/detector-bootstrap.min.js, line 0: Successfully compiled asm.js code (total compilation time 3ms)
JavaScript error: , line 0: TypeError: NetworkError when attempting to fetch resource.
JavaScript error: , line 0: TypeError: NetworkError when attempting to fetch resource.
JavaScript error: , line 0: TypeError: NetworkError when attempting to fetch resource.
1739085987549	Marionette	WARN	Ignoring event 'DOMContentLoaded' because document has an invalid readyState of 'complete'.
JavaScript warning: https://imasdk.googleapis.com/js/sdkloader/ima3.js, line 48: Script terminated by timeout at:
jb@https://imasdk.googleapis.com/js/sdkloader/ima3.js:48:383
m.Mh@https://imasdk.googleapis.com/js/sdkloader/ima3.js:324:674

console.warn: LoginRecipes: "Falling back to a synchronous message for: https://sso.int.accounts.dowjones.com."
console.warn: LoginRecipes: "Falling back to a synchronous message for: https://sso.int.accounts.dowjones.com."
JavaScript warning: https://www.googletagmanager.com/gtag/js?id=G-GJ5S1GJYKT, line 688: Script terminated by timeout at:
JC@https://www.googletagmanager.com/gtag/js?id=G-GJ5S1GJYKT:688:482
aD@https://www.googletagmanager.com/gtag/js?id=G-GJ5S1GJYKT:695:163
ZC/</<@https://www.googletagmanager.com/gtag/js?id=G-GJ5S1GJYKT:694:189
hb@https://www.googletagmanager.com/gtag/js?id=G-GJ5S1GJYKT:198:204
ZC/<@https://www.googletagmanager.com/gtag/js?id=G-GJ5S1GJYKT:694:168
hb@https://www.googletagmanager.com/gtag/js?id=G-GJ5S1GJYKT:198:204
ZC@https://www.googletagmanager.com/gtag/js?id=G-GJ5S1GJYKT:694:135
$C/<@https://www.googletagmanager.com/gtag/js?id=G-GJ5S1GJYKT:694:111

JavaScript error: https://cdn.cxense.com/sp1.html#ver=2.8.90&typ=pgv&rnd=m6xawn1ww2l78mu4&sid=9222318613852486900&loc=https%3A%2F%2Fwww.wsj.com%2Farticles%2Ftwitter-elon-musk-to-argue-over-trial-timetable-to-force-44-billion-takeover-11658223001&new=0&arf=0&ltm=1739086009329&ref=&tzo=-330&wsz=1280x595&res=1280x720&dpr=1&col=24&bln=en-US&chs=UTF-8&cks=m6xawpildkt6wwkh&ckp=m6xaw4h0h7qip95s&glb=&amo=1658316780&eid0=e4cefa22ef027cc0132f0c218da37da39cdb3228234af4df969b5c463592e123&eit0=wsj&cp_userState=anon&cp_testGroup=37&cp_topDomain=wsj.com&cp_pwTag=default&cp_pwPlacement=cx-snippetad&cp_pwCampaign=28324&cp_pwType=personalized&cp_type=Technology&cp_template=preview&cp_access=paid&cp_section=Tech&cp_subsection=Tech&cp_cms_name=Methode&cp_vix=&cp_subscriber=nonsubscriber&cp_edition=naus&cp_bucket=3&cp_ab_bucket=53&cp_pageContentSource=WSJ%20Online&cp_pageContentType=Article&cp_pageContentTypeDetai=standard&cp_pageSiteProduct=WSJ&cp_userTags=&cp_sessionState=none, line 1: TypeError: cX.loadScript is not a function
1739086012091	Marionette	INFO	Stopped listening on port 62592
JavaScript warning: https://cdn.gbqofs.com/sv/b/detector-bootstrap.min.js, line 0: Successfully compiled asm.js code (total compilation time 2ms)
Dynamically enable window occlusion 1
