1739268468604	geckodriver	INFO	Listening on 127.0.0.1:59019
1739268471641	mozrunner::runner	INFO	Running command: "C:\\Program Files\\Mozilla Firefox\\firefox.exe" "--marionette" "--remote-debugging-port" "59020" "--remote-allow-hosts" "localhost" "-no-remote" "-profile" "D:\\Users\\sasikumarj\\AppData\\Local\\Temp\\rust_mozprofileoSHIrF"
console.warn: services.settings: Ignoring preference override of remote settings server
console.warn: services.settings: Allow by setting MOZ_REMOTE_SETTINGS_DEVTOOLS=1 in the environment
Dynamically enable window occlusion 0
1739268472318	Marionette	INFO	Marionette enabled
1739268472575	Marionette	INFO	Listening on port 59033
WebDriver BiDi listening on ws://127.0.0.1:59020
Read port: 59033
console.error: Policies: 
  Download failed - ERROR_CORRUPT_FILE - file://C:\Program Files\Snow Software\Inventory\Agent\FFCloudmetering.xpi
1739268472856	RemoteAgent	WARN	TLS certificate errors will be ignored for this session
DevTools listening on ws://127.0.0.1:59020/devtools/browser/e9b7a9a4-d12d-4b56-847b-b12dc7500507
JavaScript error: https://cdn.cxense.com/sp1.html#ver=2.8.90&typ=pgv&rnd=m70bjoe2z22miicx&sid=1138573015853471556&loc=https%3A%2F%2Fwww.dev.marketwatch.com%2F&new=1&arf=0&ltm=1739268480332&ref=&tzo=-330&wsz=1280x595&res=1280x720&dpr=1&col=24&bln=en-US&chs=UTF-8&cks=m70bjog3swzug8wx&ckp=m70bjoe2vy64nk6d&glb=&cp_userState=anon&cp_testGroup=6&cp_env=staging&cp_topDomain=marketwatch.com&cp_template=full&cp_access=free&cp_section=Home%20Page&cp_cms_name=Peavey&cp_subscriber=nonsubscriber&cp_edition=naus&cp_bucket=1&cp_ab_bucket=11&cp_pageContentSource=MarketWatch&cp_pageContentType=Home&cp_pageContentTypeDetai=default&cp_pageSiteProduct=MW&cp_userTags=&cp_sessionState=none, line 1: TypeError: cX.loadScript is not a function
JavaScript warning: https://cdn.gbqofs.com/sv/b/detector-bootstrap.min.js, line 0: Successfully compiled asm.js code (total compilation time 3ms)
JavaScript warning: https://pagead2.googlesyndication.com/bg/VPXMjhhSnF_0w04UBhtYgswssitSTY9737JJt5i4JB8.js line 2 > eval line 7609 > eval line 1 > eval line 1 > eval, line 1: WEBGL_debug_renderer_info is deprecated in Firefox and will be removed. Please use RENDERER.
JavaScript warning: https://pagead2.googlesyndication.com/bg/VPXMjhhSnF_0w04UBhtYgswssitSTY9737JJt5i4JB8.js line 2 > eval line 3814 > eval line 1 > eval line 1 > eval, line 1: WEBGL_debug_renderer_info is deprecated in Firefox and will be removed. Please use RENDERER.
JavaScript warning: https://cdn.gbqofs.com/sv/b/detector-bootstrap.min.js, line 0: Successfully compiled asm.js code (total compilation time 1ms)
JavaScript warning: https://pagead2.googlesyndication.com/bg/VPXMjhhSnF_0w04UBhtYgswssitSTY9737JJt5i4JB8.js line 2 > eval line 2539 > eval line 1 > eval line 1 > eval, line 1: WEBGL_debug_renderer_info is deprecated in Firefox and will be removed. Please use RENDERER.
JavaScript warning: https://www.googletagmanager.com/gtag/js?id=G-GJ5S1GJYKT, line 421: Script terminated by timeout at:
vn@https://www.googletagmanager.com/gtag/js?id=G-GJ5S1GJYKT:421:58
pK@https://www.googletagmanager.com/gtag/js?id=G-GJ5S1GJYKT:837:501
h.sn@https://www.googletagmanager.com/gtag/js?id=G-GJ5S1GJYKT:832:73
h.rn/</<@https://www.googletagmanager.com/gtag/js?id=G-GJ5S1GJYKT:829:531
Dl@https://www.googletagmanager.com/gtag/js?id=G-GJ5S1GJYKT:404:151
Cm@https://www.googletagmanager.com/gtag/js?id=G-GJ5S1GJYKT:412:434
h.rn/<@https://www.googletagmanager.com/gtag/js?id=G-GJ5S1GJYKT:829:517
c@https://www.googletagmanager.com/gtag/js?id=G-GJ5S1GJYKT:580:22
pw@https://www.googletagmanager.com/gtag/js?id=G-GJ5S1GJYKT:580:349
h.rn@https://www.googletagmanager.com/gtag/js?id=G-GJ5S1GJYKT:829:503
c@https://www.googletagmanager.com/gtag/js?id=G-GJ5S1GJYKT:845:980
w@https://www.googletagmanager.com/gtag/js?id=G-GJ5S1GJYKT:428:370
vo@https://www.googletagmanager.com/gtag/js?id=G-GJ5S1GJYKT:428:470
uo.prototype.flush@https://www.googletagmanager.com/gtag/js?id=G-GJ5S1GJYKT:431:382
uo.prototype.push@https://www.googletagmanager.com/gtag/js?id=G-GJ5S1GJYKT:429:337
no@https://www.googletagmanager.com/gtag/js?id=G-GJ5S1GJYKT:425:1318
LK/<@https://www.googletagmanager.com/gtag/js?id=G-GJ5S1GJYKT:846:187
h.Il/<@https://www.googletagmanager.com/gtag/js?id=G-GJ5S1GJYKT:785:126
h.Il/c/<@https://www.googletagmanager.com/gtag/js?id=G-GJ5S1GJYKT:784:418

1739268601128	Marionette	INFO	Stopped listening on port 59033
Dynamically enable window occlusion 1
JavaScript error: , line 0: AbortError: The operation was aborted. 
JavaScript error: , line 0: AbortError: The operation was aborted. 
