1737360525502	geckodriver	INFO	Listening on 127.0.0.1:58098
1737360528527	mozrunner::runner	INFO	Running command: "C:\\Program Files\\Mozilla Firefox\\firefox.exe" "--marionette" "--remote-debugging-port" "58099" "--remote-allow-hosts" "localhost" "-no-remote" "-profile" "D:\\Users\\sasikumarj\\AppData\\Local\\Temp\\rust_mozprofileErMSaz"
console.warn: services.settings: Ignoring preference override of remote settings server
console.warn: services.settings: Allow by setting MOZ_REMOTE_SETTINGS_DEVTOOLS=1 in the environment
Dynamically enable window occlusion 0
1737360529305	Marionette	INFO	Marionette enabled
1737360529650	Marionette	INFO	Listening on port 58111
WebDriver BiDi listening on ws://127.0.0.1:58099
Read port: 58111
console.error: Policies: 
  Download failed - ERROR_CORRUPT_FILE - file://C:\Program Files\Snow Software\Inventory\Agent\FFCloudmetering.xpi
1737360530094	RemoteAgent	WARN	TLS certificate errors will be ignored for this session
DevTools listening on ws://127.0.0.1:58099/devtools/browser/c497a599-ca86-4019-9371-244eda0c9eb1
JavaScript error: https://cdn.cxense.com/sp1.html#ver=2.8.88&typ=pgv&rnd=m64rlvo6gcptvt8o&sid=9222318613852486900&loc=https%3A%2F%2Fwww.wsj.com%2F&new=1&arf=0&ltm=1737360539294&ref=&tzo=-330&wsz=1280x595&res=1280x720&dpr=1&col=24&bln=en-US&chs=UTF-8&cks=m64rlvz1blxvj9k4&ckp=m64rlvo68od7ic4m&glb=&cp_userState=anon&cp_testGroup=91&cp_topDomain=wsj.com&cp_template=full&cp_access=free&cp_section=US%20Home%20Page&cp_subsection=&cp_cms_name=CAPS&cp_subscriber=nonsubscriber&cp_edition=naus&cp_bucket=8&cp_ab_bucket=28&cp_pageContentSource=WSJ%20Online&cp_pageContentType=Home&cp_pageContentTypeDetai=desktopweb&cp_pageSiteProduct=WSJ&cp_userTags=&cp_sessionState=none, line 1: TypeError: cX.loadScript is not a function
JavaScript warning: https://cdn.gbqofs.com/sv/b/detector-bootstrap.min.js, line 0: Successfully compiled asm.js code (total compilation time 2ms)
1737360546789	Marionette	WARN	Ignoring event 'DOMContentLoaded' because document has an invalid readyState of 'complete'.
JavaScript warning: https://pagead2.googlesyndication.com/bg/jQN_tiOKdJuWkTnZn4oDsZoaZomZcjYfSwgPAXYkMcw.js line 2 > eval line 4184 > eval line 1 > eval line 1 > eval, line 1: WEBGL_debug_renderer_info is deprecated in Firefox and will be removed. Please use RENDERER.
JavaScript warning: https://gum.criteo.com/syncframe?origin=criteoPrebidAdapter&topUrl=www.wsj.com&us_privacy=1YNN&gpp=DBABLA~BVQqAAAAAgA.QA&gpp_sid=9#{%22cw%22:true,%22lsw%22:true,%22origin%22:%22criteoPrebidAdapter%22,%22requestId%22:%220.8020564718623862%22,%22tld%22:%22www.wsj.com%22,%22topUrl%22:%22www.wsj.com%22,%22version%22:%229_12_0%22}, line 13: Script terminated by timeout at:
r.prototype.flushEventQueue@https://gum.criteo.com/syncframe?origin=criteoPrebidAdapter&topUrl=www.wsj.com&us_privacy=1YNN&gpp=DBABLA~BVQqAAAAAgA.QA&gpp_sid=9#{%22cw%22:true,%22lsw%22:true,%22origin%22:%22criteoPrebidAdapter%22,%22requestId%22:%220.8020564718623862%22,%22tld%22:%22www.wsj.com%22,%22topUrl%22:%22www.wsj.com%22,%22version%22:%229_12_0%22}:13:3137
r/<@https://gum.criteo.com/syncframe?origin=criteoPrebidAdapter&topUrl=www.wsj.com&us_privacy=1YNN&gpp=DBABLA~BVQqAAAAAgA.QA&gpp_sid=9#{%22cw%22:true,%22lsw%22:true,%22origin%22:%22criteoPrebidAdapter%22,%22requestId%22:%220.8020564718623862%22,%22tld%22:%22www.wsj.com%22,%22topUrl%22:%22www.wsj.com%22,%22version%22:%229_12_0%22}:13:3642

JavaScript warning: https://sc-static.net/scevent.min.js, line 2: Script terminated by timeout at:
m@https://sc-static.net/scevent.min.js:2:2789
c@https://sc-static.net/scevent.min.js:2:6893

JavaScript warning: https://imasdk.googleapis.com/js/core/bridge3.679.0_en.html#goog_890693543, line 444: Script terminated by timeout at:
LB@https://imasdk.googleapis.com/js/core/bridge3.679.0_en.html#goog_890693543:444:310
PB/this.aa@https://imasdk.googleapis.com/js/core/bridge3.679.0_en.html#goog_890693543:442:29

JavaScript warning: https://pagead2.googlesyndication.com/bg/jQN_tiOKdJuWkTnZn4oDsZoaZomZcjYfSwgPAXYkMcw.js line 2 > eval line 2525 > eval line 1 > eval line 1 > eval, line 1: WEBGL_debug_renderer_info is deprecated in Firefox and will be removed. Please use RENDERER.
JavaScript warning: https://cdn.gbqofs.com/sv/b/detector-bootstrap.min.js, line 0: Successfully compiled asm.js code (total compilation time 2ms)
JavaScript error: https://ib.3lift.com/rev/5233308efcd530a03558384f47000c23aebd99ee/dist/bundle.js, line 1: SecurityError: Permission denied to access property "__gpp" on cross-origin object
1737360566316	Marionette	WARN	Ignoring event 'pageshow' because document has an invalid readyState of 'interactive'.
JavaScript warning: https://pagead2.googlesyndication.com/bg/jQN_tiOKdJuWkTnZn4oDsZoaZomZcjYfSwgPAXYkMcw.js line 2 > eval line 2372 > eval line 1 > eval line 1 > eval, line 1: WEBGL_debug_renderer_info is deprecated in Firefox and will be removed. Please use RENDERER.
JavaScript warning: https://pagead2.googlesyndication.com/bg/jQN_tiOKdJuWkTnZn4oDsZoaZomZcjYfSwgPAXYkMcw.js line 2 > eval line 5459 > eval line 1 > eval line 1 > eval, line 1: WEBGL_debug_renderer_info is deprecated in Firefox and will be removed. Please use RENDERER.
JavaScript warning: https://pagead2.googlesyndication.com/bg/jQN_tiOKdJuWkTnZn4oDsZoaZomZcjYfSwgPAXYkMcw.js line 2 > eval line 3843 > eval line 1 > eval line 1 > eval, line 1: WEBGL_debug_renderer_info is deprecated in Firefox and will be removed. Please use RENDERER.
JavaScript warning: https://pagead2.googlesyndication.com/bg/jQN_tiOKdJuWkTnZn4oDsZoaZomZcjYfSwgPAXYkMcw.js line 2 > eval line 1819 > eval line 1 > eval line 1 > eval, line 1: WEBGL_debug_renderer_info is deprecated in Firefox and will be removed. Please use RENDERER.
console.warn: WindowsJumpLists: "Failed to fetch favicon for " "https://www.wsj.com/articles/twitter-elon-musk-to-argue-over-trial-timetable-to-force-44-billion-takeover-11658223001?cx_testId=3&cx_testVariant=cx_5&cx_artPos=6&mod=WTRN#cxrecs_s" ({})
console.warn: WindowsJumpLists: "Failed to fetch favicon for " "https://www.wsj.com/" ({})
console.warn: WindowsJumpLists: "Failed to fetch favicon for " "https://www.wsj.com/articles/twitter-elon-musk-to-argue-over-trial-timetable-to-force-44-billion-takeover-11658223001?cx_testId=3&cx_testVariant=cx_5&cx_artPos=6&mod=WTRN#cxrecs_s" ({})
console.warn: WindowsJumpLists: "Failed to fetch favicon for " "https://www.wsj.com/" ({})
console.warn: WindowsJumpLists: "Failed to fetch favicon for " "https://www.wsj.com/articles/twitter-elon-musk-to-argue-over-trial-timetable-to-force-44-billion-takeover-11658223001?cx_testId=3&cx_testVariant=cx_5&cx_artPos=6&mod=WTRN#cxrecs_s" ({})
console.warn: WindowsJumpLists: "Failed to fetch favicon for " "https://www.wsj.com/" ({})
JavaScript error: https://www.wsj.com/static_html_files/bluegrass/2.2.119/bluegrass2.min.js, line 1: TypeError: e.xhrFields is undefined
JavaScript error: , line 0: NS_ERROR_NOT_AVAILABLE
[GFX1-]: CompositorBridgeChild receives IPC close with reason=AbnormalSh[GFX1-]: CompositorBridgeChild receives IPC close with reason=AbnormalShutdown
[[GFX1-]: CompositorBridgeChild receives IPC close with reason=AbnormalShutdown
[GFX1[GFX1-]: CompositorBridgeChild receives IPC close with reason=AbnormalShutdown
[GFX1-]: CompositorBridgeCh[GFX1-]: CompositorBridgeChild receives IPC close with reason=AbnormalShutdown
[GFX1-]: Composito[irBridgeChild[G[[[ receives IPC close with reason=AbnormalShutdown
[GFX1-]: CompositorBridg[GFX1-]: CompositorBrideChild receivges IPC close with reason=AbnormalShutdown
eChild receives IPC close with reason=AbnormalShutdown
utdown
GFX1-]: CompositorBridgeChild receives IPC close with reas-GFGFX1-]: CompositorBridgeChild receives IPC close with reason=AbnormalShutdown
on=AbnormalShutdown
]: CompositorBridgeChild receives IPC close with reason=AbnormalShutdown
ld receives IPC close with reason=AbnormalShutdown
FX1-]: CompositorBridgeChild receives IPC close with reason=AbnormalShutdown
GFX1-]: CompositorBridgeChild receives IPC close with reason=AbnormalShutdown
Exiting due to channel error.
X[