1737532095470	geckodriver	INFO	Listening on 127.0.0.1:64507
1737532098526	mozrunner::runner	INFO	Running command: "C:\\Program Files\\Mozilla Firefox\\firefox.exe" "--marionette" "--remote-debugging-port" "64508" "--remote-allow-hosts" "localhost" "-no-remote" "-profile" "D:\\Users\\sasikumarj\\AppData\\Local\\Temp\\rust_mozprofileILnXyh"
console.warn: services.settings: Ignoring preference override of remote settings server
console.warn: services.settings: Allow by setting MOZ_REMOTE_SETTINGS_DEVTOOLS=1 in the environment
Dynamically enable window occlusion 0
1737532099129	Marionette	INFO	Marionette enabled
1737532099372	Marionette	INFO	Listening on port 64515
WebDriver BiDi listening on ws://127.0.0.1:64508
Read port: 64515
console.error: Policies: 
  Download failed - ERROR_CORRUPT_FILE - file://C:\Program Files\Snow Software\Inventory\Agent\FFCloudmetering.xpi
1737532099629	RemoteAgent	WARN	TLS certificate errors will be ignored for this session
DevTools listening on ws://127.0.0.1:64508/devtools/browser/d4a4e522-af4b-4067-937f-56a349a85eac
JavaScript error: , line 0: TypeError: NetworkError when attempting to fetch resource.
JavaScript warning: https://cdn.gbqofs.com/sv/b/detector-bootstrap.min.js, line 0: Successfully compiled asm.js code (total compilation time 40ms)
JavaScript error: , line 0: TypeError: NetworkError when attempting to fetch resource.
JavaScript error: , line 0: TypeError: NetworkError when attempting to fetch resource.
JavaScript error: , line 0: uncaught exception: undefined
JavaScript error: , line 0: AbortError: The operation was aborted. 
JavaScript error: , line 0: AbortError: The operation was aborted. 
1737532112293	Marionette	WARN	Ignoring event 'pageshow' because document has an invalid readyState of 'uninitialized'.
JavaScript warning: https://interactives.ap.org/election-results/assets/microsite/layoutClient.js, line 2: Script terminated by timeout at:
Bn@https://interactives.ap.org/election-results/assets/microsite/layoutClient.js:2:126985
qu@https://interactives.ap.org/election-results/assets/microsite/layoutClient.js:2:177772
ws@https://interactives.ap.org/election-results/assets/microsite/layoutClient.js:2:198269
bs@https://interactives.ap.org/election-results/assets/microsite/layoutClient.js:2:198009
ms@https://interactives.ap.org/election-results/assets/microsite/layoutClient.js:2:197878
ys@https://interactives.ap.org/election-results/assets/microsite/layoutClient.js:2:197739
ls@https://interactives.ap.org/election-results/assets/microsite/layoutClient.js:2:194903
Ho@https://interactives.ap.org/election-results/assets/microsite/layoutClient.js:2:136105
22551/Ss/<@https://interactives.ap.org/election-results/assets/microsite/layoutClient.js:2:201286
Ss@https://interactives.ap.org/election-results/assets/microsite/layoutClient.js:2:201291
os@https://interactives.ap.org/election-results/assets/microsite/layoutClient.js:2:193853
x@https://interactives.ap.org/election-results/assets/microsite/layoutClient.js:2:239204
T@https://interactives.ap.org/election-results/assets/microsite/layoutClient.js:2:239735

JavaScript error: https://cdn.cxense.com/sp1.html#ver=2.8.90&typ=pgv&rnd=m67lrcefapp8044x&sid=1138573015853471556&loc=https%3A%2F%2Fwww.stg.marketwatch.com%2Fwelcome-watchlist&new=0&arf=0&ltm=1737532115083&ref=&tzo=-330&wsz=1280x595&res=1280x720&dpr=1&col=24&bln=en-US&chs=UTF-8&cks=m67lrch9h0a1fse0&ckp=m67lr59gmp9phle6&glb=&cp_userState=anon&cp_testGroup=90&cp_env=staging&cp_topDomain=marketwatch.com&cp_template=full&cp_access=free&cp_section=Error&cp_cms_name=CAPS&cp_subscriber=nonsubscriber&cp_edition=naus&cp_bucket=1&cp_ab_bucket=21&cp_pageContentSource=MarketWatch&cp_pageContentType=Errors&cp_pageContentTypeDetai=403&cp_pageSiteProduct=MW&cp_userTags=&cp_sessionState=none, line 1: TypeError: cX.loadScript is not a function
JavaScript warning: https://cdn.gbqofs.com/sv/b/detector-bootstrap.min.js, line 0: Successfully compiled asm.js code (total compilation time 2ms)
1737532117806	Marionette	INFO	Stopped listening on port 64515
Dynamically enable window occlusion 1
