1739092215993	geckodriver	INFO	Listening on 127.0.0.1:53820
1739092219135	mozrunner::runner	INFO	Running command: "C:\\Program Files\\Mozilla Firefox\\firefox.exe" "--marionette" "--remote-debugging-port" "53821" "--remote-allow-hosts" "localhost" "-no-remote" "-profile" "D:\\Users\\sasikumarj\\AppData\\Local\\Temp\\rust_mozprofilesXX15f"
console.warn: services.settings: Ignoring preference override of remote settings server
console.warn: services.settings: Allow by setting MOZ_REMOTE_SETTINGS_DEVTOOLS=1 in the environment
Dynamically enable window occlusion 0
1739092221393	Marionette	INFO	Marionette enabled
1739092222100	Marionette	INFO	Listening on port 53953
Read port: 53953
WebDriver BiDi listening on ws://127.0.0.1:53821
1739092222345	RemoteAgent	WARN	TLS certificate errors will be ignored for this session
console.error: Policies: 
  Download failed - ERROR_CORRUPT_FILE - file://C:\Program Files\Snow Software\Inventory\Agent\FFCloudmetering.xpi
DevTools listening on ws://127.0.0.1:53821/devtools/browser/1b1b0196-7186-4608-b524-df34a0d0ad01
console.warn: WindowsJumpLists: "Failed to fetch favicon for " "https://www.dev.wsj.com/client" ({})
console.warn: WindowsJumpLists: "Failed to fetch favicon for " "https://www.dev.wsj.com/client" ({})
console.warn: WindowsJumpLists: "Failed to fetch favicon for " "https://www.dev.wsj.com/client" ({})
console.warn: WindowsJumpLists: "Failed to fetch favicon for " "https://www.dev.wsj.com/client" ({})
console.warn: WindowsJumpLists: "Failed to fetch favicon for " "https://www.dev.wsj.com/client" ({})
console.warn: WindowsJumpLists: "Failed to fetch favicon for " "https://www.dev.wsj.com/client" ({})
[[GFX1-]: Compositor[GFX1-]: CompositorBridgeChild receives IPC close with reason=AbnormalShutdown
BridgeChild receives IPC close with reason=AbnormalShutdown
GFX1-]: CompositorBridgeChild receives IPC close with reason=AbnormalShutdown
[GFX1-]: CompositorBridgeChild receives IPC close with reason=AbnormalShutdown
