1738921223467	geckodriver	INFO	Listening on 127.0.0.1:60214
1738921226519	mozrunner::runner	INFO	Running command: "C:\\Program Files\\Mozilla Firefox\\firefox.exe" "--marionette" "--remote-debugging-port" "60215" "--remote-allow-hosts" "localhost" "-no-remote" "-profile" "D:\\Users\\sasikumarj\\AppData\\Local\\Temp\\rust_mozprofileAbsFKy"
console.warn: services.settings: Ignoring preference override of remote settings server
console.warn: services.settings: Allow by setting MOZ_REMOTE_SETTINGS_DEVTOOLS=1 in the environment
Dynamically enable window occlusion 0
1738921227143	Marionette	INFO	Marionette enabled
1738921227397	Marionette	INFO	Listening on port 60227
WebDriver BiDi listening on ws://127.0.0.1:60215
Read port: 60227
console.error: Policies: 
  Download failed - ERROR_CORRUPT_FILE - file://C:\Program Files\Snow Software\Inventory\Agent\FFCloudmetering.xpi
1738921227644	RemoteAgent	WARN	TLS certificate errors will be ignored for this session
DevTools listening on ws://127.0.0.1:60215/devtools/browser/f4fe77a0-4e2b-404f-896e-ec74e9c1fad2
JavaScript error: https://cdn.cxense.com/sp1.html#ver=2.8.90&typ=pgv&rnd=m6ukt065rw2jv4ik&sid=1134007940894473081&loc=https%3A%2F%2Fwww.mansionglobal.com%2F&new=1&arf=0&ltm=1738921234976&ref=&tzo=-330&wsz=1280x595&res=1280x720&dpr=1&col=24&bln=en-US&chs=UTF-8&cks=m6ukt08vnokrq5np&ckp=m6ukt065scc3ha7r&glb=&cp_userState=anon&cp_testGroup=90&cp_topDomain=mansionglobal.com&cp_template=full&cp_access=free&cp_section=Home&cp_subsection=&cp_cms_name=CMS%20Wordpress&cp_subscriber=nonsubscriber&cp_edition=na%252Cus&cp_bucket=4&cp_ab_bucket=24&cp_pageContentSource=Mansion%20Global&cp_pageContentType=Home&cp_pageContentTypeDetai=default&cp_pageSiteProduct=MG&cp_userTags=&cp_sessionState=none, line 1: TypeError: cX.loadScript is not a function
JavaScript warning: https://pagead2.googlesyndication.com/bg/dKsKVnRDvnN7x3_VHBWCXOB1uWbHu1pWqkNfYXa-ZYg.js line 2 > eval line 6166 > eval line 1 > eval line 1 > eval, line 1: WEBGL_debug_renderer_info is deprecated in Firefox and will be removed. Please use RENDERER.
JavaScript warning: https://pagead2.googlesyndication.com/bg/dKsKVnRDvnN7x3_VHBWCXOB1uWbHu1pWqkNfYXa-ZYg.js line 2 > eval line 2110 > eval line 1 > eval line 1 > eval, line 1: WEBGL_debug_renderer_info is deprecated in Firefox and will be removed. Please use RENDERER.
JavaScript warning: https://pagead2.googlesyndication.com/bg/dKsKVnRDvnN7x3_VHBWCXOB1uWbHu1pWqkNfYXa-ZYg.js line 2 > eval line 927 > eval line 1 > eval line 1 > eval, line 1: WEBGL_debug_renderer_info is deprecated in Firefox and will be removed. Please use RENDERER.
JavaScript warning: https://pagead2.googlesyndication.com/bg/dKsKVnRDvnN7x3_VHBWCXOB1uWbHu1pWqkNfYXa-ZYg.js line 2 > eval line 4046 > eval line 1 > eval line 1 > eval, line 1: WEBGL_debug_renderer_info is deprecated in Firefox and will be removed. Please use RENDERER.
JavaScript warning: https://pagead2.googlesyndication.com/bg/dKsKVnRDvnN7x3_VHBWCXOB1uWbHu1pWqkNfYXa-ZYg.js line 2 > eval line 6914 > eval line 1 > eval line 1 > eval, line 1: WEBGL_debug_renderer_info is deprecated in Firefox and will be removed. Please use RENDERER.
JavaScript warning: https://pagead2.googlesyndication.com/bg/dKsKVnRDvnN7x3_VHBWCXOB1uWbHu1pWqkNfYXa-ZYg.js line 2 > eval line 1753 > eval line 1 > eval line 1 > eval, line 1: WEBGL_debug_renderer_info is deprecated in Firefox and will be removed. Please use RENDERER.
JavaScript warning: https://pagead2.googlesyndication.com/bg/dKsKVnRDvnN7x3_VHBWCXOB1uWbHu1pWqkNfYXa-ZYg.js line 2 > eval line 1075 > eval line 1 > eval line 1 > eval, line 1: WEBGL_debug_renderer_info is deprecated in Firefox and will be removed. Please use RENDERER.
JavaScript warning: https://www.mansionglobal.com/articles/are-there-tax-breaks-on-agricultural-land-in-pennsylvania-01648119848, line 114: Script terminated by timeout at:
emit@https://www.mansionglobal.com/articles/are-there-tax-breaks-on-agricultural-land-in-pennsylvania-01648119848:114:9605
i@https://www.mansionglobal.com/articles/are-there-tax-breaks-on-agricultural-land-in-pennsylvania-01648119848:114:17892
nrWrapper@https://www.mansionglobal.com/articles/are-there-tax-breaks-on-agricultural-land-in-pennsylvania-01648119848:114:17720

1738926799252	Marionette	INFO	Stopped listening on port 60227
Dynamically enable window occlusion 1
!!! error running onStopped callback: TypeError: callback is not a function
JavaScript warning: https://www.google.com/js/th/2Od_BXY8Vjqn5MycIv0XMSA24h9E-qr9j5xv73dxnSQ.js line 2 > eval line 5455 > eval line 1 > eval line 1 > eval, line 1: WEBGL_debug_renderer_info is deprecated in Firefox and will be removed. Please use RENDERER.
