1735019255811	geckodriver	INFO	Listening on 127.0.0.1:56499
1735019259151	mozrunner::runner	INFO	Running command: "C:\\Program Files\\Mozilla Firefox\\firefox.exe" "--marionette" "--remote-debugging-port" "56500" "--remote-allow-hosts" "localhost" "-no-remote" "-profile" "D:\\Users\\sasikumarj\\AppData\\Local\\Temp\\rust_mozprofileZEbk5b"
console.warn: services.settings: Ignoring preference override of remote settings server
console.warn: services.settings: Allow by setting MOZ_REMOTE_SETTINGS_DEVTOOLS=1 in the environment
Dynamically enable window occlusion 0
1735019259845	Marionette	INFO	Marionette enabled
1735019260131	Marionette	INFO	Listening on port 56524
WebDriver BiDi listening on ws://127.0.0.1:56500
Read port: 56524
1735019260439	RemoteAgent	WARN	TLS certificate errors will be ignored for this session
DevTools listening on ws://127.0.0.1:56500/devtools/browser/499f1c95-1060-4c14-b9ef-449b22503769
1735019265899	Marionette	WARN	Ignoring event 'DOMContentLoaded' because document has an invalid readyState of 'complete'.
1735019265900	Marionette	WARN	Ignoring event 'DOMContentLoaded' because document has an invalid readyState of 'complete'.
JavaScript warning: https://cdn.p-n.io/pushly-sdk.min.js?domain_key=dDO9rW5BJjscrJF1odg2XLzg1OMtCyVUWN1H, line 1: Script terminated by timeout at:
get _document@https://cdn.p-n.io/pushly-sdk.min.js?domain_key=dDO9rW5BJjscrJF1odg2XLzg1OMtCyVUWN1H:1:34495
get _document@https://cdn.p-n.io/pushly-sdk.min.js?domain_key=dDO9rW5BJjscrJF1odg2XLzg1OMtCyVUWN1H:1:64056
get _promptPackageElement@https://cdn.p-n.io/pushly-sdk.min.js?domain_key=dDO9rW5BJjscrJF1odg2XLzg1OMtCyVUWN1H:1:64177
get _promptElement@https://cdn.p-n.io/pushly-sdk.min.js?domain_key=dDO9rW5BJjscrJF1odg2XLzg1OMtCyVUWN1H:1:64336
get _currentAnimationTransformConfig@https://cdn.p-n.io/pushly-sdk.min.js?domain_key=dDO9rW5BJjscrJF1odg2XLzg1OMtCyVUWN1H:1:64550
_getAnimationSteps@https://cdn.p-n.io/pushly-sdk.min.js?domain_key=dDO9rW5BJjscrJF1odg2XLzg1OMtCyVUWN1H:1:66148
_applyAnimation@https://cdn.p-n.io/pushly-sdk.min.js?domain_key=dDO9rW5BJjscrJF1odg2XLzg1OMtCyVUWN1H:1:67925
_animateIn@https://cdn.p-n.io/pushly-sdk.min.js?domain_key=dDO9rW5BJjscrJF1odg2XLzg1OMtCyVUWN1H:1:65776
_display@https://cdn.p-n.io/pushly-sdk.min.js?domain_key=dDO9rW5BJjscrJF1odg2XLzg1OMtCyVUWN1H:1:69698
_showMatchedPrompt/e<@https://cdn.p-n.io/pushly-sdk.min.js?domain_key=dDO9rW5BJjscrJF1odg2XLzg1OMtCyVUWN1H:1:82508
n@https://cdn.p-n.io/pushly-sdk.min.js?domain_key=dDO9rW5BJjscrJF1odg2XLzg1OMtCyVUWN1H:1:1052
nrWrapper@https://www.marketwatch.com/:358:17880

console.warn: LoginRecipes: "Falling back to a synchronous message for: https://sso.accounts.dowjones.com."
console.warn: LoginRecipes: "Falling back to a synchronous message for: https://sso.accounts.dowjones.com."
JavaScript warning: https://www.googletagmanager.com/gtag/js?id=G-K2H7B9JRSS, line 268: Script terminated by timeout at:
ag/<@https://www.googletagmanager.com/gtag/js?id=G-K2H7B9JRSS:268:456
fb@https://www.googletagmanager.com/gtag/js?id=G-K2H7B9JRSS:182:204
ag@https://www.googletagmanager.com/gtag/js?id=G-K2H7B9JRSS:268:375
$f@https://www.googletagmanager.com/gtag/js?id=G-K2H7B9JRSS:268:199
bg@https://www.googletagmanager.com/gtag/js?id=G-K2H7B9JRSS:267:60
LH.prototype.flush@https://www.googletagmanager.com/gtag/js?id=G-K2H7B9JRSS:743:282
h.flush@https://www.googletagmanager.com/gtag/js?id=G-K2H7B9JRSS:761:245
eJ/<@https://www.googletagmanager.com/gtag/js?id=G-K2H7B9JRSS:774:210
h.Bl/<@https://www.googletagmanager.com/gtag/js?id=G-K2H7B9JRSS:714:126
h.Bl/c/<@https://www.googletagmanager.com/gtag/js?id=G-K2H7B9JRSS:713:418

JavaScript warning: https://cdn.gbqofs.com/sv/b/detector-bootstrap.min.js, line 0: Successfully compiled asm.js code (total compilation time 5ms)
JavaScript error: https://cdn.cxense.com/sp1.html#ver=2.8.87&typ=pgv&rnd=m521onabpelkrzxg&sid=9222325317970825873&loc=https%3A%2F%2Fwww.marketwatch.com%2Ffollow&new=1&arf=0&ltm=1735019283689&ref=https%3A%2F%2Fsso.accounts.dowjones.com%2F&tzo=-330&wsz=1280x595&res=1280x720&dpr=1&col=24&bln=en-US&chs=UTF-8&cks=m521oo6a2br7t1ah&ckp=m521onabn66hhmde&glb=&eid0=e4cefa22ef027cc0132f0c218da37da39cdb3228234af4df969b5c463592e123&eit0=wsj&cp_userState=anon&cp_testGroup=83&cp_topDomain=marketwatch.com&cp_template=full&cp_access=free&cp_section=Follow&cp_subsection=mw&cp_cms_name=CAPS&cp_subscriber=registered&cp_edition=na%252Cus&cp_bucket=9&cp_ab_bucket=39&cp_pageContentSource=MarketWatch&cp_pageContentType=Follow&cp_pageContentTypeDetai=follow&cp_pageSiteProduct=MW&cp_userTags=&cp_sessionState=ca, line 1: TypeError: cX.loadScript is not a function
JavaScript warning: https://cdn.gbqofs.com/sv/b/detector-bootstrap.min.js, line 0: Successfully compiled asm.js code (total compilation time 3ms)
1735019305213	Marionette	INFO	Stopped listening on port 56524
Dynamically enable window occlusion 1
