1739418184319	geckodriver	INFO	Listening on 127.0.0.1:57324
1739418187376	mozrunner::runner	INFO	Running command: "C:\\Program Files\\Mozilla Firefox\\firefox.exe" "--marionette" "--remote-debugging-port" "57325" "--remote-allow-hosts" "localhost" "-no-remote" "-profile" "D:\\Users\\sasikumarj\\AppData\\Local\\Temp\\rust_mozprofileoKJ8Qg"
console.warn: services.settings: Ignoring preference override of remote settings server
console.warn: services.settings: Allow by setting MOZ_REMOTE_SETTINGS_DEVTOOLS=1 in the environment
Dynamically enable window occlusion 0
1739418188029	Marionette	INFO	Marionette enabled
1739418188289	Marionette	INFO	Listening on port 57339
Read port: 57339
WebDriver BiDi listening on ws://127.0.0.1:57325
console.error: Policies: 
  Download failed - ERROR_CORRUPT_FILE - file://C:\Program Files\Snow Software\Inventory\Agent\FFCloudmetering.xpi
1739418188440	RemoteAgent	WARN	TLS certificate errors will be ignored for this session
DevTools listening on ws://127.0.0.1:57325/devtools/browser/e3497987-a367-48dc-b285-d42948545f86
console.error: ({})
console.error: ({})
JavaScript error: https://www.barrons.com/asset/dj-watchlist/v1.14.3/p-0633e57d.entry.js, line 11: TypeError: Error.captureStackTrace is not a function
console.error: ({})
console.error: ({})
JavaScript error: https://cdn.cxense.com/sp1.html#ver=2.8.90&typ=pgv&rnd=m72soo7w94pcf0g6&sid=9222325317970825875&loc=https%3A%2F%2Fwww.barrons.com%2Farticles%2Fwendys-wen-stock-earnings-51652268634&new=1&arf=0&ltm=1739418199199&ref=&tzo=-330&wsz=1280x595&res=1280x720&dpr=1&col=24&bln=en-US&chs=UTF-8&cks=m72sop0tpf0maiup&ckp=m72soo7wb2p188yw&glb=&amo=1652281620&cp_userState=anon, line 1: TypeError: cX.loadScript is not a function
JavaScript warning: https://cdn.gbqofs.com/sv/b/detector-bootstrap.min.js, line 0: Successfully compiled asm.js code (total compilation time 3ms)
JavaScript warning: https://pagead2.googlesyndication.com/bg/8ZaB7jRsaaU-biZOJz6O6mNB_fDMtsHVeu7uD0tG4og.js line 2 > eval line 1005 > eval line 1 > eval line 1 > eval, line 1: WEBGL_debug_renderer_info is deprecated in Firefox and will be removed. Please use RENDERER.
JavaScript warning: https://pagead2.googlesyndication.com/bg/8ZaB7jRsaaU-biZOJz6O6mNB_fDMtsHVeu7uD0tG4og.js line 2 > eval line 7090 > eval line 1 > eval line 1 > eval, line 1: WEBGL_debug_renderer_info is deprecated in Firefox and will be removed. Please use RENDERER.
JavaScript warning: https://pagead2.googlesyndication.com/bg/8ZaB7jRsaaU-biZOJz6O6mNB_fDMtsHVeu7uD0tG4og.js line 2 > eval line 5877 > eval line 1 > eval line 1 > eval, line 1: WEBGL_debug_renderer_info is deprecated in Firefox and will be removed. Please use RENDERER.
console.warn: WindowsJumpLists: "Failed to fetch favicon for " "https://www.barrons.com/articles/wendys-wen-stock-earnings-51652268634" ({})
console.warn: WindowsJumpLists: "Failed to fetch favicon for " "https://www.barrons.com/" ({})
JavaScript warning: https://tagan.adlightning.com/newscorp-barrons-aps/bl-7312890-d29aae33.js, line 1: Script terminated by timeout at:
R@https://tagan.adlightning.com/newscorp-barrons-aps/bl-7312890-d29aae33.js:1:91273
N@https://tagan.adlightning.com/newscorp-barrons-aps/bl-7312890-d29aae33.js:1:92195
O/u<@https://tagan.adlightning.com/newscorp-barrons-aps/bl-7312890-d29aae33.js:1:92603
O@https://tagan.adlightning.com/newscorp-barrons-aps/bl-7312890-d29aae33.js:1:92644
G.search</G.search<@https://tagan.adlightning.com/newscorp-barrons-aps/bl-7312890-d29aae33.js:1:92890
Ge@https://tagan.adlightning.com/newscorp-barrons-aps/b-bde0e05-873a5d4a.js:1:28120
h8@https://tagan.adlightning.com/newscorp-barrons-aps/b-bde0e05-873a5d4a.js:1:12592
Ye/c<@https://tagan.adlightning.com/newscorp-barrons-aps/b-bde0e05-873a5d4a.js:1:29897
Ye@https://tagan.adlightning.com/newscorp-barrons-aps/b-bde0e05-873a5d4a.js:1:31266
Vt/xblocker@https://tagan.adlightning.com/newscorp-barrons-aps/b-bde0e05-873a5d4a.js:1:47043
Kt/e.value/</<@https://tagan.adlightning.com/newscorp-barrons-aps/b-bde0e05-873a5d4a.js:1:53451
Kt/e.value/<@https://tagan.adlightning.com/newscorp-barrons-aps/b-bde0e05-873a5d4a.js:1:53427
h8@https://tagan.adlightning.com/newscorp-barrons-aps/b-bde0e05-873a5d4a.js:1:12592
Kt/e.value@https://tagan.adlightning.com/newscorp-barrons-aps/b-bde0e05-873a5d4a.js:1:53253
kRt@https://cdn.ampproject.org/rtv/012502032353000/v0/amp-analytics-0.1.mjs:2:89311
gRt@https://cdn.ampproject.org/rtv/012502032353000/v0/amp-analytics-0.1.mjs:2:89226
vRt@https://cdn.ampproject.org/rtv/012502032353000/v0/amp-analytics-0.1.mjs:2:89401
fire@https://cdn.ampproject.org/rtv/012502032353000/amp4ads-v0.mjs:2:16391
ai@https://cdn.ampproject.org/rtv/012502032353000/amp4ads-v0.mjs:2:22557

1739418368800	Marionette	INFO	Stopped listening on port 57339
Dynamically enable window occlusion 1
JavaScript error: , line 0: AbortError: The operation was aborted. 
