1739432960646	geckodriver	INFO	Listening on 127.0.0.1:61880
1739432963658	mozrunner::runner	INFO	Running command: "C:\\Program Files\\Mozilla Firefox\\firefox.exe" "--marionette" "--remote-debugging-port" "61881" "--remote-allow-hosts" "localhost" "-no-remote" "-profile" "D:\\Users\\sasikumarj\\AppData\\Local\\Temp\\rust_mozprofileilutlQ"
console.warn: services.settings: Ignoring preference override of remote settings server
console.warn: services.settings: Allow by setting MOZ_REMOTE_SETTINGS_DEVTOOLS=1 in the environment
Dynamically enable window occlusion 0
1739432964301	Marionette	INFO	Marionette enabled
1739432964552	Marionette	INFO	Listening on port 61895
WebDriver BiDi listening on ws://127.0.0.1:61881
Read port: 61895
1739432964690	RemoteAgent	WARN	TLS certificate errors will be ignored for this session
console.error: Policies: 
  Download failed - ERROR_CORRUPT_FILE - file://C:\Program Files\Snow Software\Inventory\Agent\FFCloudmetering.xpi
DevTools listening on ws://127.0.0.1:61881/devtools/browser/7191de9d-0318-4115-8417-a75dd2406dce
console.error: ({})
console.error: ({})
JavaScript warning: https://js-agent.newrelic.com/nr-1044.min.js, line 1: Script terminated by timeout at:
r@https://js-agent.newrelic.com/nr-1044.min.js:1:22526
[15]</r/<@https://js-agent.newrelic.com/nr-1044.min.js:1:9115

console.error: ({})
console.error: ({})
JavaScript warning: https://cdn.gbqofs.com/sv/b/detector-bootstrap.min.js, line 0: Successfully compiled asm.js code (total compilation time 2ms)
JavaScript error: https://cdn.gbqofs.com/sv/b/detector-bootstrap.min.js, line 10: ChunkLoadError: Loading chunk 92 failed.
(error: https://cdn.gbqofs.com/sv/b/detector-lazy.min.js)
JavaScript error: https://cdn.cxense.com/sp1.html#ver=2.8.90&typ=pgv&rnd=m731hd9m79k7f7ja&sid=9222325317970825875&loc=https%3A%2F%2Fwww.barrons.com%2Farticles%2Fwendys-wen-stock-earnings-51652268634&new=1&arf=0&ltm=1739432975038&ref=&tzo=-330&wsz=1280x595&res=1280x720&dpr=1&col=24&bln=en-US&chs=UTF-8&cks=m731he3z6al5gvg6&ckp=m731hd9mlcgp94mz&glb=&amo=1652281620&cp_userState=anon, line 1: TypeError: cX.loadScript is not a function
JavaScript warning: https://pagead2.googlesyndication.com/bg/8ZaB7jRsaaU-biZOJz6O6mNB_fDMtsHVeu7uD0tG4og.js line 2 > eval line 4805 > eval line 1 > eval line 1 > eval, line 1: WEBGL_debug_renderer_info is deprecated in Firefox and will be removed. Please use RENDERER.
JavaScript warning: https://securepubads.g.doubleclick.net/pagead/managed/js/gpt/m202502060101/pubads_impl.js, line 33: Script terminated by timeout at:
AA@https://securepubads.g.doubleclick.net/pagead/managed/js/gpt/m202502060101/pubads_impl.js:33:152717
tA@https://securepubads.g.doubleclick.net/pagead/managed/js/gpt/m202502060101/pubads_impl.js:33:151898
uA/<@https://securepubads.g.doubleclick.net/pagead/managed/js/gpt/m202502060101/pubads_impl.js:33:151316
Fn/<@https://securepubads.g.doubleclick.net/pagead/managed/js/gpt/m202502060101/pubads_impl.js:33:75275
Gn@https://securepubads.g.doubleclick.net/pagead/managed/js/gpt/m202502060101/pubads_impl.js:33:75397
uA@https://securepubads.g.doubleclick.net/pagead/managed/js/gpt/m202502060101/pubads_impl.js:33:151277
a1.prototype.g@https://securepubads.g.doubleclick.net/pagead/managed/js/gpt/m202502060101/pubads_impl.js:33:497509
WS.prototype.start/<@https://securepubads.g.doubleclick.net/pagead/managed/js/gpt/m202502060101/pubads_impl.js:33:297822
XB@https://securepubads.g.doubleclick.net/pagead/managed/js/gpt/m202502060101/pubads_impl.js:33:161562
ZB/this.next@https://securepubads.g.doubleclick.net/pagead/managed/js/gpt/m202502060101/pubads_impl.js:33:161861
b@https://securepubads.g.doubleclick.net/pagead/managed/js/gpt/m202502060101/pubads_impl.js:33:162112
nrWrapper@https://www.barrons.com/articles/wendys-wen-stock-earnings-51652268634:129:17759

JavaScript warning: https://fpt.live.com/?session_id=ffd06542818e4530aac01ee499a95281&CustomerId=33e01921-4d64-4f8c-a055-5bdaffd5e33d&PageId=SI, line 5: WEBGL_debug_renderer_info is deprecated in Firefox and will be removed. Please use RENDERER.
console.warn: LoginRecipes: "Falling back to a synchronous message for: https://login.live.com."
console.warn: LoginRecipes: "Falling back to a synchronous message for: https://login.live.com."
console.error: ({})
1739432998055	Marionette	WARN	Ignoring event 'DOMContentLoaded' because document has an invalid readyState of 'complete'.
JavaScript warning: https://res-1.cdn.office.net/midgard/versionless/livepersonacard_without-react_e5798062a96aa59d6c33.js, line 2: unreachable code after return statement
JavaScript warning: https://pagead2.googlesyndication.com/bg/8ZaB7jRsaaU-biZOJz6O6mNB_fDMtsHVeu7uD0tG4og.js line 2 > eval line 4408 > eval line 1 > eval line 1 > eval, line 1: WEBGL_debug_renderer_info is deprecated in Firefox and will be removed. Please use RENDERER.
JavaScript warning: https://pagead2.googlesyndication.com/bg/8ZaB7jRsaaU-biZOJz6O6mNB_fDMtsHVeu7uD0tG4og.js line 2 > eval line 4925 > eval line 1 > eval line 1 > eval, line 1: WEBGL_debug_renderer_info is deprecated in Firefox and will be removed. Please use RENDERER.
JavaScript warning: https://s0.2mdn.net/879366/express_html_inpage_rendering_lib_200_281.js, line 52: Script terminated by timeout at:
O@https://s0.2mdn.net/879366/express_html_inpage_rendering_lib_200_281.js:52:2096
qe@https://s0.2mdn.net/879366/express_html_inpage_rendering_lib_200_281.js:52:2489
gf@https://s0.2mdn.net/879366/express_html_inpage_rendering_lib_200_281.js:58:244
b@https://s0.2mdn.net/879366/express_html_inpage_rendering_lib_200_281.js:56:297

JavaScript warning: https://s0.2mdn.net/879366/express_html_inpage_rendering_lib_200_281.js, line 52: Script terminated by timeout at:
O@https://s0.2mdn.net/879366/express_html_inpage_rendering_lib_200_281.js:52:2159
qe@https://s0.2mdn.net/879366/express_html_inpage_rendering_lib_200_281.js:52:2489
gf@https://s0.2mdn.net/879366/express_html_inpage_rendering_lib_200_281.js:58:244
b@https://s0.2mdn.net/879366/express_html_inpage_rendering_lib_200_281.js:56:297

JavaScript warning: https://gum.criteo.com/syncframe?origin=rtus&topUrl=outlook.live.com&gdpr=0&gdpr_consent=#{%22lwid%22:{%22value%22:null,%22origin%22:0},%22bundle%22:{%22value%22:null,%22origin%22:0},%22optout%22:{%22value%22:false,%22origin%22:0},%22tld%22:%22adnxs-simple.com%22,%22topUrl%22:%22outlook.live.com%22,%22cw%22:true,%22lsw%22:true,%22origin%22:%22rtus%22,%22rtusCallerId%22:30,%22requestId%22:%220.504583825683634%22}, line 13: Script terminated by timeout at:
r.prototype.flushEventQueue@https://gum.criteo.com/syncframe?origin=rtus&topUrl=outlook.live.com&gdpr=0&gdpr_consent=#{%22lwid%22:{%22value%22:null,%22origin%22:0},%22bundle%22:{%22value%22:null,%22origin%22:0},%22optout%22:{%22value%22:false,%22origin%22:0},%22tld%22:%22adnxs-simple.com%22,%22topUrl%22:%22outlook.live.com%22,%22cw%22:true,%22lsw%22:true,%22origin%22:%22rtus%22,%22rtusCallerId%22:30,%22requestId%22:%220.504583825683634%22}:13:3137
r/<@https://gum.criteo.com/syncframe?origin=rtus&topUrl=outlook.live.com&gdpr=0&gdpr_consent=#{%22lwid%22:{%22value%22:null,%22origin%22:0},%22bundle%22:{%22value%22:null,%22origin%22:0},%22optout%22:{%22value%22:false,%22origin%22:0},%22tld%22:%22adnxs-simple.com%22,%22topUrl%22:%22outlook.live.com%22,%22cw%22:true,%22lsw%22:true,%22origin%22:%22rtus%22,%22rtusCallerId%22:30,%22requestId%22:%220.504583825683634%22}:13:3642

JavaScript warning: https://pagead2.googlesyndication.com/bg/8ZaB7jRsaaU-biZOJz6O6mNB_fDMtsHVeu7uD0tG4og.js line 2 > eval line 1490 > eval line 1 > eval line 1 > eval, line 1: WEBGL_debug_renderer_info is deprecated in Firefox and will be removed. Please use RENDERER.
JavaScript warning: https://pagead2.googlesyndication.com/bg/8ZaB7jRsaaU-biZOJz6O6mNB_fDMtsHVeu7uD0tG4og.js line 2 > eval line 6433 > eval line 1 > eval line 1 > eval, line 1: WEBGL_debug_renderer_info is deprecated in Firefox and will be removed. Please use RENDERER.
1739433029752	Marionette	INFO	Stopped listening on port 61895
JavaScript warning: https://res.public.onecdn.static.microsoft/owamail/hashed-v1/scripts/owa.5232.m.d529f0e1.js, line 1: Script terminated by timeout at:
ec@https://res.public.onecdn.static.microsoft/owamail/hashed-v1/scripts/owa.5232.m.d529f0e1.js:1:32077
aH@https://res.public.onecdn.static.microsoft/owamail/hashed-v1/scripts/owa.5232.m.d529f0e1.js:1:109740
a2@https://res.public.onecdn.static.microsoft/owamail/hashed-v1/scripts/owa.5232.m.d529f0e1.js:1:118077
386666/</a3/</<@https://res.public.onecdn.static.microsoft/owamail/hashed-v1/scripts/owa.5232.m.d529f0e1.js:1:120029
aK@https://res.public.onecdn.static.microsoft/owamail/hashed-v1/scripts/owa.5232.m.d529f0e1.js:1:114782
386666/</a3/<@https://res.public.onecdn.static.microsoft/owamail/hashed-v1/scripts/owa.5232.m.d529f0e1.js:1:119773
er@https://res.public.onecdn.static.microsoft/owamail/hashed-v1/scripts/owa.5232.m.d529f0e1.js:1:31552
a3@https://res.public.onecdn.static.microsoft/owamail/hashed-v1/scripts/owa.5232.m.d529f0e1.js:1:119573
a5@https://res.public.onecdn.static.microsoft/owamail/hashed-v1/scripts/owa.5232.m.d529f0e1.js:1:120475
386666/</a4/<@https://res.public.onecdn.static.microsoft/owamail/hashed-v1/scripts/owa.5232.m.d529f0e1.js:1:120728
i@https://res.public.onecdn.static.microsoft/owamail/hashed-v1/scripts/owa.5232.m.d529f0e1.js:1:91759
r@https://res.public.onecdn.static.microsoft/owamail/hashed-v1/scripts/owa.5232.m.d529f0e1.js:1:91678
386666/</aI/<@https://res.public.onecdn.static.microsoft/owamail/hashed-v1/scripts/owa.5232.m.d529f0e1.js:1:92577
aI@https://res.public.onecdn.static.microsoft/owamail/hashed-v1/scripts/owa.5232.m.d529f0e1.js:1:96300
a4@https://res.public.onecdn.static.microsoft/owamail/hashed-v1/scripts/owa.5232.m.d529f0e1.js:1:120687
a9@https://res.public.onecdn.static.microsoft/owamail/hashed-v1/scripts/owa.5232.m.d529f0e1.js:1:121885
386666/</rr.refresh@https://res.public.onecdn.static.microsoft/owamail/hashed-v1/scripts/owa.5232.m.d529f0e1.js:1:127381
62167/refresh/<@https://res.public.onecdn.static.microsoft/owamail/hashed-v1/scripts/owa.62167.m.647f18c1.js:1:6772
386666/</rr.anq.push@https://res.public.onecdn.static.microsoft/owamail/hashed-v1/scripts/owa.5232.m.d529f0e1.js:1:124039
refresh@https://res.public.onecdn.static.microsoft/owamail/hashed-v1/scripts/owa.62167.m.647f18c1.js:1:6562
62167/et/ee</<@https://res.public.onecdn.static.microsoft/owamail/hashed-v1/scripts/owa.62167.m.647f18c1.js:1:8625
62167/et/ee<@https://res.public.onecdn.static.microsoft/owamail/hashed-v1/scripts/owa.62167.m.647f18c1.js:1:8665

Dynamically enable window occlusion 1
JavaScript error: , line 0: NetworkError: AutoCancel
!!! error running onStopped callback: TypeError: callback is not a function
