1737359581153	geckodriver	INFO	Listening on 127.0.0.1:55420
1737359584185	mozrunner::runner	INFO	Running command: "C:\\Program Files\\Mozilla Firefox\\firefox.exe" "--marionette" "--remote-debugging-port" "55421" "--remote-allow-hosts" "localhost" "-no-remote" "-profile" "D:\\Users\\sasikumarj\\AppData\\Local\\Temp\\rust_mozprofileQXByhX"
console.warn: services.settings: Ignoring preference override of remote settings server
console.warn: services.settings: Allow by setting MOZ_REMOTE_SETTINGS_DEVTOOLS=1 in the environment
Dynamically enable window occlusion 0
1737359584904	Marionette	INFO	Marionette enabled
1737359585267	Marionette	INFO	Listening on port 55442
WebDriver BiDi listening on ws://127.0.0.1:55421
Read port: 55442
console.error: Policies: 
  Download failed - ERROR_CORRUPT_FILE - file://C:\Program Files\Snow Software\Inventory\Agent\FFCloudmetering.xpi
1737359585694	RemoteAgent	WARN	TLS certificate errors will be ignored for this session
DevTools listening on ws://127.0.0.1:55421/devtools/browser/366596a5-aad4-417d-a2fa-9f58280a66a6
JavaScript warning: https://imasdk.googleapis.com/js/core/bridge3.679.0_en.html#goog_536279280, line 444: Script terminated by timeout at:
LB@https://imasdk.googleapis.com/js/core/bridge3.679.0_en.html#goog_536279280:444:310
PB/this.aa@https://imasdk.googleapis.com/js/core/bridge3.679.0_en.html#goog_536279280:442:29

JavaScript error: https://cdn.cxense.com/sp1.html#ver=2.8.88&typ=pgv&rnd=m64r1mwcmblx6i9b&sid=9222318613852486900&loc=https%3A%2F%2Fwww.wsj.com%2Farticles%2Ftwitter-elon-musk-to-argue-over-trial-timetable-to-force-44-billion-takeover-11658223001%3Fcx_testId%3D3%26cx_testVariant%3Dcx_5%26cx_artPos%3D6%26mod%3DWTRN%23cxrecs_s&new=1&arf=0&ltm=1737359596517&ref=&tzo=-330&wsz=1280x595&res=1280x720&dpr=1&col=24&bln=en-US&chs=UTF-8&cks=m64r1oae9y7o2qo2&ckp=m64r1o82irpbyxl5&glb=&amo=1658316780&cp_userState=anon&cp_testId=3&cp_testVariant=cx_5&cp_artPos=6&cp_testGroup=18&cp_topDomain=wsj.com&cp_pwTag=default&cp_pwPlacement=cx-snippetad&cp_pwCampaign=28324&cp_pwType=personalized&cp_navSource=WTRN&cp_type=Technology&cp_template=preview&cp_access=paid&cp_section=Tech&cp_subsection=Tech&cp_cms_name=Methode&cp_vix=&cp_subscriber=nonsubscriber&cp_edition=naus&cp_bucket=4&cp_ab_bucket=14&cp_pageContentSource=WSJ%20Online&cp_pageContentType=Article&cp_pageContentTypeDetai=standard&cp_pageSiteProduct=WSJ&cp_userTags=&cp_sessionState=none, line 1: TypeError: cX.loadScript is not a function
JavaScript warning: https://cdn.gbqofs.com/sv/b/detector-bootstrap.min.js, line 0: Successfully compiled asm.js code (total compilation time 3ms)
JavaScript warning: https://pagead2.googlesyndication.com/bg/6LoleFQdWk2EEfhEAJzouD4MZoRMZo2qJxisFc-PBJg.js line 2 > eval line 4886 > eval line 1 > eval line 1 > eval, line 1: WEBGL_debug_renderer_info is deprecated in Firefox and will be removed. Please use RENDERER.
1737359604151	Marionette	WARN	Ignoring event 'DOMContentLoaded' because document has an invalid readyState of 'complete'.
JavaScript warning: https://pagead2.googlesyndication.com/bg/6LoleFQdWk2EEfhEAJzouD4MZoRMZo2qJxisFc-PBJg.js line 2 > eval line 3248 > eval line 1 > eval line 1 > eval, line 1: WEBGL_debug_renderer_info is deprecated in Firefox and will be removed. Please use RENDERER.
JavaScript warning: https://pagead2.googlesyndication.com/bg/6LoleFQdWk2EEfhEAJzouD4MZoRMZo2qJxisFc-PBJg.js line 2 > eval line 33 > eval line 1 > eval line 1 > eval, line 1: WEBGL_debug_renderer_info is deprecated in Firefox and will be removed. Please use RENDERER.
JavaScript error: https://ib.3lift.com/rev/5233308efcd530a03558384f47000c23aebd99ee/dist/bundle.js, line 1: SecurityError: Permission denied to access property "__gpp" on cross-origin object
1737359629344	Marionette	WARN	Ignoring event 'pageshow' because document has an invalid readyState of 'interactive'.
JavaScript warning: https://pagead2.googlesyndication.com/bg/xR82KW_WUHHdm8i8YwxCODk3K2LEadHlR59AMsWusFc.js line 2 > eval line 4084 > eval line 1 > eval line 1 > eval, line 1: WEBGL_debug_renderer_info is deprecated in Firefox and will be removed. Please use RENDERER.
JavaScript warning: https://pagead2.googlesyndication.com/bg/6LoleFQdWk2EEfhEAJzouD4MZoRMZo2qJxisFc-PBJg.js line 2 > eval line 1672 > eval line 1 > eval line 1 > eval, line 1: WEBGL_debug_renderer_info is deprecated in Firefox and will be removed. Please use RENDERER.
JavaScript error: https://ib.3lift.com/rev/5233308efcd530a03558384f47000c23aebd99ee/dist/bundle.js, line 1: SecurityError: Permission denied to access property "__gpp" on cross-origin object
1737359666744	Marionette	WARN	Ignoring event 'pageshow' because document has an invalid readyState of 'interactive'.
Missing chrome or resource URL: chrome://browser/skin/aboutSessionRestore-window-icon.png
Missing chrome or resource URL: chrome://browser/skin/abyss/img/waterfox-abyss-preview.svg
JavaScript warning: https://pagead2.googlesyndication.com/bg/6LoleFQdWk2EEfhEAJzouD4MZoRMZo2qJxisFc-PBJg.js line 2 > eval line 515 > eval line 1 > eval line 1 > eval, line 1: WEBGL_debug_renderer_info is deprecated in Firefox and will be removed. Please use RENDERER.
console.warn: WindowsJumpLists: "Failed to fetch favicon for " "https://www.wsj.com/articles/twitter-elon-musk-to-argue-over-trial-timetable-to-force-44-billion-takeover-11658223001?cx_testId=3&cx_testVariant=cx_5&cx_artPos=6&mod=WTRN#cxrecs_s" ({})
console.warn: WindowsJumpLists: "Failed to fetch favicon for " "https://www.wsj.com/" ({})
JavaScript warning: https://pagead2.googlesyndication.com/bg/6LoleFQdWk2EEfhEAJzouD4MZoRMZo2qJxisFc-PBJg.js line 2 > eval line 64 > eval line 1 > eval line 1 > eval, line 1: WEBGL_debug_renderer_info is deprecated in Firefox and will be removed. Please use RENDERER.
console.warn: WindowsJumpLists: "Failed to fetch favicon for " "https://www.wsj.com/articles/twitter-elon-musk-to-argue-over-trial-timetable-to-force-44-billion-takeover-11658223001?cx_testId=3&cx_testVariant=cx_5&cx_artPos=6&mod=WTRN#cxrecs_s" ({})
console.warn: WindowsJumpLists: "Failed to fetch favicon for " "https://www.wsj.com/" ({})
JavaScript error: https://www.wsj.com/static_html_files/bluegrass/2.2.119/bluegrass2.min.js, line 1: TypeError: e.xhrFields is undefined
JavaScript error: , line 0: NS_ERROR_NOT_AVAILABLE
[GFX1-]: CompositorBridgeChild receives IPC close with reason=AbnormalShutdown
[GFX1-]: CompositorBridgeChild receives IPC close with reason=AbnormalShutdown
[GFX1-]: CompositorBridgeChil[GFX1-]: CompositorBridgeChild receives IPC close with reason=AbnormalShutdown
[GFX1-]: CompositorBridgeChild receives IPC close with reason=AbnormalShutdown
[GFX1-]: Composit[orB[GFX1-]: CompositorBridgeChil[d[[GFX1-]: CompositorBridgeChild receives IPC close with[GFX1-]:  reasoCn=AbnormalShutdown
[GFX1-]: CompositorBridgeChild receives IPC clo[se wiGFX1-]: CompositorBridgeChild receives IPC close with reason=Abnorma[th reason=AbnormalShutdown
[GFX1-]: CompositorBridgeChild [GFX1-]: CompositorBridgeChild rerceiveceives IPC close with reason=Aes IPC close with reason=AbnormalShutdown
Exiting due to channel error.
Exiting due to channel error.
Exiting due to channel error.
Exiting due to channel error.
Exiting due to channel error.
[[[G