1739416687494	geckodriver	INFO	Listening on 127.0.0.1:61583
1739416690511	mozrunner::runner	INFO	Running command: "C:\\Program Files\\Mozilla Firefox\\firefox.exe" "--marionette" "--remote-debugging-port" "61584" "--remote-allow-hosts" "localhost" "-no-remote" "-profile" "D:\\Users\\sasikumarj\\AppData\\Local\\Temp\\rust_mozprofileCf6HJV"
console.warn: services.settings: Ignoring preference override of remote settings server
console.warn: services.settings: Allow by setting MOZ_REMOTE_SETTINGS_DEVTOOLS=1 in the environment
Dynamically enable window occlusion 0
1739416691412	Marionette	INFO	Marionette enabled
1739416691738	Marionette	INFO	Listening on port 61600
Read port: 61600
WebDriver BiDi listening on ws://127.0.0.1:61584
1739416691895	RemoteAgent	WARN	TLS certificate errors will be ignored for this session
console.error: Policies: 
  Download failed - ERROR_CORRUPT_FILE - file://C:\Program Files\Snow Software\Inventory\Agent\FFCloudmetering.xpi
DevTools listening on ws://127.0.0.1:61584/devtools/browser/cf8ce204-9516-4ab9-a7c3-0d33ef4cd326
JavaScript error: https://cdn.cxense.com/sp1.html#ver=2.8.90&typ=pgv&rnd=m72rsl1hnas34s88&sid=1134007940894473081&loc=https%3A%2F%2Fwww.mansionglobal.com%2F&new=1&arf=0&ltm=1739416702090&ref=&tzo=-330&wsz=1280x595&res=1280x720&dpr=1&col=24&bln=en-US&chs=UTF-8&cks=m72rslzvj49gpkpx&ckp=m72rsl1h8uzvcs2g&glb=&cp_userState=anon&cp_testGroup=4&cp_topDomain=mansionglobal.com&cp_template=full&cp_access=free&cp_section=Home&cp_subsection=&cp_cms_name=CMS%20Wordpress&cp_subscriber=nonsubscriber&cp_edition=na%252Cus&cp_bucket=0&cp_ab_bucket=30&cp_pageContentSource=Mansion%20Global&cp_pageContentType=Home&cp_pageContentTypeDetai=default&cp_pageSiteProduct=MG&cp_userTags=&cp_sessionState=none, line 1: TypeError: cX.loadScript is not a function
JavaScript warning: https://pagead2.googlesyndication.com/bg/8ZaB7jRsaaU-biZOJz6O6mNB_fDMtsHVeu7uD0tG4og.js line 2 > eval line 3801 > eval line 1 > eval line 1 > eval, line 1: WEBGL_debug_renderer_info is deprecated in Firefox and will be removed. Please use RENDERER.
JavaScript warning: https://pagead2.googlesyndication.com/bg/8ZaB7jRsaaU-biZOJz6O6mNB_fDMtsHVeu7uD0tG4og.js line 2 > eval line 6197 > eval line 1 > eval line 1 > eval, line 1: WEBGL_debug_renderer_info is deprecated in Firefox and will be removed. Please use RENDERER.
JavaScript warning: https://cdn.cxense.com/cx.js, line 6: Script terminated by timeout at:
S/n<@https://cdn.cxense.com/cx.js:6:35673
h/kn<@https://cdn.cxense.com/cx.js:6:34488
h@https://cdn.cxense.com/cx.js:6:34426
S@https://cdn.cxense.com/cx.js:6:35647
ji/<@https://cdn.cxense.com/cx.js:6:49494
pn/</s<@https://cdn.cxense.com/cx.js:6:30368
pn/<@https://cdn.cxense.com/cx.js:6:31102
set@https://cdn.cxense.com/cx.js:6:52100
Qi@https://cdn.cxense.com/cx.js:6:52358
po@https://cdn.cxense.com/cx.js:6:55082
ua@https://cdn.cxense.com/cx.js:6:70769
fa/<@https://cdn.cxense.com/cx.js:6:71076
nrWrapper@https://www.mansionglobal.com/articles/what-property-tax-changes-are-in-store-for-luxury-home-owners-in-edmonton-canada-e0d92933:112:17759

JavaScript warning: https://static.cdninstagram.com/rsrc.php/v4iy674/yD/l/en_US/HwP1JyajcHm.js, line 109: Script terminated by timeout at:
e@https://static.cdninstagram.com/rsrc.php/v4iy674/yD/l/en_US/HwP1JyajcHm.js:109:1193
inform/<@https://static.cdninstagram.com/rsrc.php/v4iy674/yD/l/en_US/HwP1JyajcHm.js:112:1101
inform@https://static.cdninstagram.com/rsrc.php/v4iy674/yD/l/en_US/HwP1JyajcHm.js:112:1074
K@https://static.cdninstagram.com/rsrc.php/v4iy674/yD/l/en_US/HwP1JyajcHm.js:114:4331
i._initialize/<@https://static.cdninstagram.com/rsrc.php/v4iy674/yD/l/en_US/HwP1JyajcHm.js:114:4916
d@https://static.cdninstagram.com/rsrc.php/v4iy674/yD/l/en_US/HwP1JyajcHm.js:30:158

JavaScript warning: https://www.youtube-nocookie.com/s/player/074a8365/player_ias.vflset/en_US/base.js, line 8440: Script terminated by timeout at:
g.q.publish@https://www.youtube-nocookie.com/s/player/074a8365/player_ias.vflset/en_US/base.js:8440:21
g.q.publish@https://www.youtube-nocookie.com/s/player/074a8365/player_ias.vflset/en_US/base.js:8664:63
g.q.sendAbandonmentPing@https://www.youtube-nocookie.com/s/player/074a8365/player_ias.vflset/en_US/base.js:11742:74
g.q.sendAbandonmentPing@https://www.youtube-nocookie.com/s/player/074a8365/player_ias.vflset/en_US/base.js:11618:44
g.q.sendAbandonmentPing@https://www.youtube-nocookie.com/s/player/074a8365/player_ias.vflset/en_US/base.js:10561:69
pE/p.state.D[d]@https://www.youtube-nocookie.com/s/player/074a8365/player_ias.vflset/en_US/base.js:4559:53
zz/<@https://www.youtube-nocookie.com/s/player/074a8365/www-embed-player.vflset/www-embed-player.js:1958:106
Lz@https://www.youtube-nocookie.com/s/player/074a8365/www-embed-player.vflset/www-embed-player.js:1995:46
@https://www.youtube-nocookie.com/s/player/074a8365/www-embed-player.vflset/www-embed-player.js:2006:137
hm/<@https://www.youtube-nocookie.com/s/player/074a8365/www-embed-player.vflset/www-embed-player.js:936:63

JavaScript warning: https://imasdk.googleapis.com/js/core/bridge3.685.0_en.html#fid=goog_132911786, line 457: Script terminated by timeout at:
jD.prototype.j@https://imasdk.googleapis.com/js/core/bridge3.685.0_en.html#fid=goog_132911786:457:328
jD/this.ea<@https://imasdk.googleapis.com/js/core/bridge3.685.0_en.html#fid=goog_132911786:454:356
f@https://imasdk.googleapis.com/js/core/bridge3.685.0_en.html#fid=goog_132911786:95:334
pf/<@https://imasdk.googleapis.com/js/core/bridge3.685.0_en.html#fid=goog_132911786:95:389
jD/this.ia@https://imasdk.googleapis.com/js/core/bridge3.685.0_en.html#fid=goog_132911786:454:496

console.warn: LoginRecipes: "Falling back to a synchronous message for: https://sso.accounts.dowjones.com."
console.warn: LoginRecipes: "Falling back to a synchronous message for: https://sso.accounts.dowjones.com."
JavaScript warning: https://www.googletagmanager.com/gtag/js?id=G-K2H7B9JRSS, line 269: Script terminated by timeout at:
cg@https://www.googletagmanager.com/gtag/js?id=G-K2H7B9JRSS:269:249
eg@https://www.googletagmanager.com/gtag/js?id=G-K2H7B9JRSS:268:60
rJ.prototype.flush@https://www.googletagmanager.com/gtag/js?id=G-K2H7B9JRSS:780:96
h.flush@https://www.googletagmanager.com/gtag/js?id=G-K2H7B9JRSS:798:243
NK/<@https://www.googletagmanager.com/gtag/js?id=G-K2H7B9JRSS:811:210
h.Il/<@https://www.googletagmanager.com/gtag/js?id=G-K2H7B9JRSS:749:126
h.Il/c/<@https://www.googletagmanager.com/gtag/js?id=G-K2H7B9JRSS:748:418

JavaScript warning: https://pagead2.googlesyndication.com/bg/8ZaB7jRsaaU-biZOJz6O6mNB_fDMtsHVeu7uD0tG4og.js line 2 > eval line 2798 > eval line 1 > eval line 1 > eval, line 1: WEBGL_debug_renderer_info is deprecated in Firefox and will be removed. Please use RENDERER.
JavaScript warning: https://pagead2.googlesyndication.com/bg/8ZaB7jRsaaU-biZOJz6O6mNB_fDMtsHVeu7uD0tG4og.js line 2 > eval line 375 > eval line 1 > eval line 1 > eval, line 1: WEBGL_debug_renderer_info is deprecated in Firefox and will be removed. Please use RENDERER.
1739416746769	Marionette	INFO	Stopped listening on port 61600
Dynamically enable window occlusion 1
JavaScript warning: https://www.google.com/js/th/2OLqLGNr0zHDpmEvPVsLweQktEaAqFW_L2mqSHTdR30.js line 2 > eval line 750 > eval line 1 > eval line 1 > eval, line 1: WEBGL_debug_renderer_info is deprecated in Firefox and will be removed. Please use RENDERER.
