1730290074240	geckodriver	INFO	Listening on 127.0.0.1:55499
1730290077275	mozrunner::runner	INFO	Running command: "C:\\Program Files\\Mozilla Firefox\\firefox.exe" "--marionette" "--remote-debugging-port" "55500" "--remote-allow-hosts" "localhost" "-no-remote" "-profile" "D:\\Users\\sasikumarj\\AppData\\Local\\Temp\\rust_mozprofile9WdjdP"
console.warn: services.settings: Ignoring preference override of remote settings server
console.warn: services.settings: Allow by setting MOZ_REMOTE_SETTINGS_DEVTOOLS=1 in the environment
Dynamically enable window occlusion 0
1730290077828	Marionette	INFO	Marionette enabled
1730290078061	Marionette	INFO	Listening on port 55511
WebDriver BiDi listening on ws://127.0.0.1:55500
Read port: 55511
1730290078261	RemoteAgent	WARN	TLS certificate errors will be ignored for this session
DevTools listening on ws://127.0.0.1:55500/devtools/browser/e9298397-2a58-4fa8-8221-f00f4ab260ec
JavaScript error: https://cdn.cxense.com/sp1.html#ver=2.8.83&typ=pgv&rnd=m2vu1jczynk2ybe8&sid=1134007940894473081&loc=https%3A%2F%2Fwww.s.dev.mansionglobal.com%2F&new=1&arf=0&ltm=1730290086470&ref=&tzo=-330&wsz=1278x497&res=1278x622&dpr=1&col=24&bln=en-US&chs=UTF-8&cks=m2vu1jea2k5hjvsz&ckp=m2vu1jczla3oggri&glb=&cp_userState=anon&cp_testGroup=40&cp_env=staging&cp_topDomain=mansionglobal.com&cp_template=full&cp_access=free&cp_section=Home&cp_subsection=&cp_cms_name=CMS%20Wordpress&cp_subscriber=nonsubscriber&cp_edition=na%252Cus&cp_bucket=7&cp_ab_bucket=27&cp_pageContentSource=Mansion%20Global&cp_pageContentType=Home&cp_pageContentTypeDetai=default&cp_pageSiteProduct=MG&cp_userTags=&cp_sessionState=none, line 1: TypeError: cX.loadScript is not a function
JavaScript warning: https://pagead2.googlesyndication.com/bg/nbFBA6X6-R6L-vgiwwUCSbgu-1WcfjEIvkEfffAnUGA.js line 2 > eval line 963 > eval line 1 > eval line 1 > eval, line 1: WEBGL_debug_renderer_info is deprecated in Firefox and will be removed. Please use RENDERER.
JavaScript error: , line 0: TypeError: NetworkError when attempting to fetch resource.
JavaScript error: , line 0: TypeError: NetworkError when attempting to fetch resource.
JavaScript warning: https://cdn.parsely.com/keys/mansionglobal.com/p.js, line 7: Script terminated by timeout at:
value/n<@https://cdn.parsely.com/keys/mansionglobal.com/p.js:7:24273
value@https://cdn.parsely.com/keys/mansionglobal.com/p.js:7:24274
value@https://cdn.parsely.com/keys/mansionglobal.com/p.js:7:24771

1730290160605	Marionette	INFO	Stopped listening on port 55511
Dynamically enable window occlusion 1
JavaScript error: , line 0: TypeError: NetworkError when attempting to fetch resource.
