1738291074849	geckodriver	INFO	Listening on 127.0.0.1:53269
1738291077908	mozrunner::runner	INFO	Running command: "C:\\Program Files\\Mozilla Firefox\\firefox.exe" "--marionette" "--remote-debugging-port" "53270" "--remote-allow-hosts" "localhost" "-no-remote" "-profile" "D:\\Users\\sasikumarj\\AppData\\Local\\Temp\\rust_mozprofileCAXjCu"
console.warn: services.settings: Ignoring preference override of remote settings server
console.warn: services.settings: Allow by setting MOZ_REMOTE_SETTINGS_DEVTOOLS=1 in the environment
Dynamically enable window occlusion 0
1738291078500	Marionette	INFO	Marionette enabled
1738291078735	Marionette	INFO	Listening on port 53281
WebDriver BiDi listening on ws://127.0.0.1:53270
Read port: 53281
console.error: Policies: 
  Download failed - ERROR_CORRUPT_FILE - file://C:\Program Files\Snow Software\Inventory\Agent\FFCloudmetering.xpi
1738291078989	RemoteAgent	WARN	TLS certificate errors will be ignored for this session
DevTools listening on ws://127.0.0.1:53270/devtools/browser/d8931bc0-1a7c-4826-8729-be6146638a13
JavaScript warning: https://cdn.gbqofs.com/sv/b/detector-bootstrap.min.js, line 0: Successfully compiled asm.js code (total compilation time 3ms)
JavaScript error: https://cdn.cxense.com/sp1.html#ver=2.8.90&typ=pgv&rnd=m6k5mporynqz0tup&sid=1138573015853471556&loc=https%3A%2F%2Fwww.dev.marketwatch.com%2F&new=1&arf=0&ltm=1738291085464&ref=&tzo=-330&wsz=1280x595&res=1280x720&dpr=1&col=24&bln=en-US&chs=UTF-8&cks=m6k5mptehqb1uifu&ckp=m6k5mporaoxdhljw&glb=&cp_userState=anon&cp_testGroup=60&cp_env=staging&cp_topDomain=marketwatch.com&cp_template=full&cp_access=free&cp_section=Home%20Page&cp_cms_name=Peavey&cp_subscriber=nonsubscriber&cp_edition=naus&cp_bucket=4&cp_ab_bucket=14&cp_pageContentSource=MarketWatch&cp_pageContentType=Home&cp_pageContentTypeDetai=default&cp_pageSiteProduct=MW&cp_userTags=&cp_sessionState=none, line 1: TypeError: cX.loadScript is not a function
JavaScript warning: https://pagead2.googlesyndication.com/bg/f89w5pQmj55lM9pppFafBIlbrgB1IQ820KqNheYv9Co.js line 2 > eval line 1203 > eval line 1 > eval line 1 > eval, line 1: WEBGL_debug_renderer_info is deprecated in Firefox and will be removed. Please use RENDERER.
JavaScript warning: https://pagead2.googlesyndication.com/bg/f89w5pQmj55lM9pppFafBIlbrgB1IQ820KqNheYv9Co.js line 2 > eval line 7468 > eval line 1 > eval line 1 > eval, line 1: WEBGL_debug_renderer_info is deprecated in Firefox and will be removed. Please use RENDERER.
JavaScript warning: https://gum.criteo.com/syncframe?origin=criteoPrebidAdapter&topUrl=www.dev.marketwatch.com&us_privacy=1YNN&gpp=DBABRg~BVoAACA&gpp_sid=9#{%22cw%22:true,%22lsw%22:true,%22origin%22:%22criteoPrebidAdapter%22,%22requestId%22:%220.6471383227625618%22,%22tld%22:%22www.dev.marketwatch.com%22,%22topUrl%22:%22www.dev.marketwatch.com%22,%22version%22:%229_12_0%22}, line 13: Script terminated by timeout at:
r.prototype.flushEventQueue@https://gum.criteo.com/syncframe?origin=criteoPrebidAdapter&topUrl=www.dev.marketwatch.com&us_privacy=1YNN&gpp=DBABRg~BVoAACA&gpp_sid=9#{%22cw%22:true,%22lsw%22:true,%22origin%22:%22criteoPrebidAdapter%22,%22requestId%22:%220.6471383227625618%22,%22tld%22:%22www.dev.marketwatch.com%22,%22topUrl%22:%22www.dev.marketwatch.com%22,%22version%22:%229_12_0%22}:13:3137
r/<@https://gum.criteo.com/syncframe?origin=criteoPrebidAdapter&topUrl=www.dev.marketwatch.com&us_privacy=1YNN&gpp=DBABRg~BVoAACA&gpp_sid=9#{%22cw%22:true,%22lsw%22:true,%22origin%22:%22criteoPrebidAdapter%22,%22requestId%22:%220.6471383227625618%22,%22tld%22:%22www.dev.marketwatch.com%22,%22topUrl%22:%22www.dev.marketwatch.com%22,%22version%22:%229_12_0%22}:13:3642

JavaScript warning: https://cdn.gbqofs.com/sv/b/detector-bootstrap.min.js, line 0: Successfully compiled asm.js code (total compilation time 1ms)
JavaScript error: , line 0: uncaught exception: undefined
1738291098925	Marionette	WARN	Ignoring event 'pageshow' because document has an invalid readyState of 'uninitialized'.
JavaScript warning: https://cdn.gbqofs.com/sv/b/detector-bootstrap.min.js, line 0: Successfully compiled asm.js code (total compilation time 2ms)
JavaScript error: https://cdn.cxense.com/sp1.html#ver=2.8.90&typ=pgv&rnd=m6k5n277g2lwcrdf&sid=1138573015853471556&loc=https%3A%2F%2Fwww.stg.marketwatch.com%2F&new=0&arf=0&ltm=1738291101681&ref=&tzo=-330&wsz=1280x595&res=1280x720&dpr=1&col=24&bln=en-US&chs=UTF-8&cks=m6k5n2ixd7l407e9&ckp=m6k5mporaoxdhljw&glb=&cp_userState=anon&cp_testGroup=60&cp_env=staging&cp_topDomain=marketwatch.com&cp_template=full&cp_access=free&cp_section=Home%20Page&cp_cms_name=Peavey&cp_subscriber=nonsubscriber&cp_edition=naus&cp_bucket=4&cp_ab_bucket=14&cp_pageContentSource=MarketWatch&cp_pageContentType=Home&cp_pageContentTypeDetai=default&cp_pageSiteProduct=MW&cp_userTags=&cp_sessionState=none, line 1: TypeError: cX.loadScript is not a function
JavaScript error: , line 0: uncaught exception: undefined
JavaScript error: https://cache-ssl.celtra.com/api/creatives/e7e83d57/compiled/web.js?v=2-e1399c05&secure=1&cachedVariantChoices=W10-&isPurposePreview=0&decreasePayloadWeight=1, line 17: TypeError: iframe.contentDocument is null
JavaScript warning: https://pagead2.googlesyndication.com/bg/f89w5pQmj55lM9pppFafBIlbrgB1IQ820KqNheYv9Co.js line 2 > eval line 392 > eval line 1 > eval line 1 > eval, line 1: WEBGL_debug_renderer_info is deprecated in Firefox and will be removed. Please use RENDERER.
JavaScript warning: https://cdn.gbqofs.com/sv/b/detector-bootstrap.min.js, line 0: Successfully compiled asm.js code (total compilation time 2ms)
1738291109948	Marionette	INFO	Stopped listening on port 53281
JavaScript warning: https://sts3.wsj.net/bucket-a/maggie/dev/static/js/scripts-stg-1f76bd300c.min.js, line 31: Script terminated by timeout at:
send@https://sts3.wsj.net/bucket-a/maggie/dev/static/js/scripts-stg-1f76bd300c.min.js:31:75022
ajax@https://sts3.wsj.net/bucket-a/maggie/dev/static/js/scripts-stg-1f76bd300c.min.js:31:70297
ajax@https://sts3.wsj.net/bucket-a/maggie/dev/static/js/scripts-stg-1f76bd300c.min.js:47:16173
ajaxAbort@https://sts3.wsj.net/bucket-a/maggie/dev/static/js/scripts-stg-1f76bd300c.min.js:47:18839
abort@https://sts3.wsj.net/bucket-a/maggie/dev/static/js/scripts-stg-1f76bd300c.min.js:47:24141
stop@https://sts3.wsj.net/bucket-a/maggie/dev/static/js/scripts-stg-1f76bd300c.min.js:47:12725
e.exports/i.signalR.prototype.stop@https://sts3.wsj.net/bucket-a/maggie/dev/static/js/scripts-stg-1f76bd300c.min.js:75:524
start/o/</</<@https://sts3.wsj.net/bucket-a/maggie/dev/static/js/scripts-stg-1f76bd300c.min.js:47:9265

Dynamically enable window occlusion 1
console.error: (new AbortError("IndexedDB: main/cookie-banner-rules-list list() IndexedDB:  execute() A request was aborted, for example through a call to IDBTransaction.abort.", "resource://services-settings/IDBHelpers.sys.mjs", 16))
console.error: services.settings: 
Object
  - prototype Object
    - columnNumber = 0
    - data = null
    - filename = resource://gre/modules/ServiceRequest.sys.mjs
    - lineNumber = 127
    - location = {"name":"open","filename":"resource://gre/modules/ServiceRequest.sys.mjs","sourceId":30,"lineNumber":127,"columnNumber":11,"asyncCause":null,"asyncCaller":null,"caller":{"filename":"resource://services-settings/Utils.sys.mjs","name":"fetch/<","sourceId":29,"lineNumber":268,"columnNumber":15,"asyncCause":null,"asyncCaller":null,"caller":{"filename":"resource://services-settings/Utils.sys.mjs","name":"fetch","sourceId":29,"lineNumber":219,"columnNumber":12,"asyncCause":null,"asyncCaller":null,"caller":{"filename":"resource://services-common/kinto-http-client.sys.mjs","name":"timedFetch/<","sourceId":430,"lineNumber":569,"columnNumber":12,"asyncCause":null,"asyncCaller":null,"caller":{"filename":"resource://services-common/kinto-http-client.sys.mjs","name":"timedFetch","sourceId":430,"lineNumber":544,"columnNumber":12,"asyncCause":null,"asyncCaller":null,"caller":{"filename":"resource://services-common/kinto-http-client.sys.mjs","name":"request","sourceId":430,"lineNumber":634,"columnNumber":33,"asyncCause":null,"asyncCaller":null,"caller":{"filename":"resource://services-common/kinto-http-client.sys.mjs","name":"execute","sourceId":430,"lineNumber":2643,"columnNumber":36,"asyncCause":null,"asyncCaller":null,"caller":{"filename":"resource://services-settings/RemoteSettingsClient.sys.mjs","name":"_fetchChangeset","sourceId":27,"lineNumber":1201,"columnNumber":22,"asyncCause":null,"asyncCaller":null,"caller":{"filename":"resource://services-settings/RemoteSettingsClient.sys.mjs","name":"_importChanges","sourceId":27,"lineNumber":1063,"columnNumber":18,"asyncCause":null,"asyncCaller":null,"caller":{"filename":"resource://services-settings/RemoteSettingsClient.sys.mjs","name":"maybeSync","sourceId":27,"lineNumber":752,"columnNumber":35,"asyncCause":null,"asyncCaller":null,"caller":{"filename":"resource://gre/modules/AsyncShutdown.sys.mjs","name":"observe","sourceId":20,"lineNumber":569,"columnNumber":17,"asyncCause":null,"asyncCaller":null,"caller":null,"formattedStack":"observe@resource://gre/modules/AsyncShutdown.sys.mjs:569:17\n","nativeSavedFrame":{}},"formattedStack":"maybeSync@resource://services-settings/RemoteSettingsClient.sys.mjs:752:35\nobserve@resource://gre/modules/AsyncShutdown.sys.mjs:569:17\n","nativeSavedFrame":{}},"formattedStack":"_importChanges@resource://services-settings/RemoteSettingsClient.sys.mjs:1063:18\nmaybeSync@resource://services-settings/RemoteSettingsClient.sys.mjs:752:35\nobserve@resource://gre/modules/AsyncShutdown.sys.mjs:569:17\n","nativeSavedFrame":{}},"formattedStack":"_fetchChangeset@resource://services-settings/RemoteSettingsClient.sys.mjs:1201:22\n_importChanges@resource://services-settings/RemoteSettingsClient.sys.mjs:1063:18\nmaybeSync@resource://services-settings/RemoteSettingsClient.sys.mjs:752:35\nobserve@resource://gre/modules/AsyncShutdown.sys.mjs:569:17\n","nativeSavedFrame":{}},"formattedStack":"execute@resource://services-common/kinto-http-client.sys.mjs:2643:36\n_fetchChangeset@resource://services-settings/RemoteSettingsClient.sys.mjs:1201:22\n_importChanges@resource://services-settings/RemoteSettingsClient.sys.mjs:1063:18\nmaybeSync@resource://services-settings/RemoteSettingsClient.sys.mjs:752:35\nobserve@resource://gre/modules/AsyncShutdown.sys.mjs:569:17\n","nativeSavedFrame":{}},"formattedStack":"request@resource://services-common/kinto-http-client.sys.mjs:634:33\nexecute@resource://services-common/kinto-http-client.sys.mjs:2643:36\n_fetchChangeset@resource://services-settings/RemoteSettingsClient.sys.mjs:1201:22\n_importChanges@resource://services-settings/RemoteSettingsClient.sys.mjs:1063:18\nmaybeSync@resource://services-settings/RemoteSettingsClient.sys.mjs:752:35\nobserve@resource://gre/modules/AsyncShutdown.sys.mjs:569:17\n","nativeSavedFrame":{}},"formattedStack":"timedFetch@resource://services-common/kinto-http-client.sys.mjs:544:12\nrequest@resource://services-common/kinto-http-client.sys.mjs:634:33\nexecute@resource://services-common/kinto-http-client.sys.mjs:2643:36\n_fetchChangeset@resource://services-settings/RemoteSettingsClient.sys.mjs:1201:22\n_importChanges@resource://services-settings/RemoteSettingsClient.sys.mjs:1063:18\nmaybeSync@resource://services-settings/RemoteSettingsClient.sys.mjs:752:35\nobserve@resource://gre/modules/AsyncShutdown.sys.mjs:569:17\n","nativeSavedFrame":{}},"formattedStack":"timedFetch/<@resource://services-common/kinto-http-client.sys.mjs:569:12\ntimedFetch@resource://services-common/kinto-http-client.sys.mjs:544:12\nrequest@resource://services-common/kinto-http-client.sys.mjs:634:33\nexecute@resource://services-common/kinto-http-client.sys.mjs:2643:36\n_fetchChangeset@resource://services-settings/RemoteSettingsClient.sys.mjs:1201:22\n_importChanges@resource://services-settings/RemoteSettingsClient.sys.mjs:1063:18\nmaybeSync@resource://services-settings/RemoteSettingsClient.sys.mjs:752:35\nobserve@resource://gre/modules/AsyncShutdown.sys.mjs:569:17\n","nativeSavedFrame":{}},"formattedStack":"fetch@resource://services-settings/Utils.sys.mjs:219:12\ntimedFetch/<@resource://services-common/kinto-http-client.sys.mjs:569:12\ntimedFetch@resource://services-common/kinto-http-client.sys.mjs:544:12\nrequest@resource://services-common/kinto-http-client.sys.mjs:634:33\nexecute@resource://services-common/kinto-http-client.sys.mjs:2643:36\n_fetchChangeset@resource://services-settings/RemoteSettingsClient.sys.mjs:1201:22\n_importChanges@resource://services-settings/RemoteSettingsClient.sys.mjs:1063:18\nmaybeSync@resource://services-settings/RemoteSettingsClient.sys.mjs:752:35\nobserve@resource://gre/modules/AsyncShutdown.sys.mjs:569:17\n","nativeSavedFrame":{}},"formattedStack":"fetch/<@resource://services-settings/Utils.sys.mjs:268:15\nfetch@resource://services-settings/Utils.sys.mjs:219:12\ntimedFetch/<@resource://services-common/kinto-http-client.sys.mjs:569:12\ntimedFetch@resource://services-common/kinto-http-client.sys.mjs:544:12\nrequest@resource://services-common/kinto-http-client.sys.mjs:634:33\nexecute@resource://services-common/kinto-http-client.sys.mjs:2643:36\n_fetchChangeset@resource://services-settings/RemoteSettingsClient.sys.mjs:1201:22\n_importChanges@resource://services-settings/RemoteSettingsClient.sys.mjs:1063:18\nmaybeSync@resource://services-settings/RemoteSettingsClient.sys.mjs:752:35\nobserve@resource://gre/modules/AsyncShutdown.sys.mjs:569:17\n","nativeSavedFrame":{}},"formattedStack":"open@resource://gre/modules/ServiceRequest.sys.mjs:127:11\nfetch/<@resource://services-settings/Utils.sys.mjs:268:15\nfetch@resource://services-settings/Utils.sys.mjs:219:12\ntimedFetch/<@resource://services-common/kinto-http-client.sys.mjs:569:12\ntimedFetch@resource://services-common/kinto-http-client.sys.mjs:544:12\nrequest@resource://services-common/kinto-http-client.sys.mjs:634:33\nexecute@resource://services-common/kinto-http-client.sys.mjs:2643:36\n_fetchChangeset@resource://services-settings/RemoteSettingsClient.sys.mjs:1201:22\n_importChanges@resource://services-settings/RemoteSettingsClient.sys.mjs:1063:18\nmaybeSync@resource://services-settings/RemoteSettingsClient.sys.mjs:752:35\nobserve@resource://gre/modules/AsyncShutdown.sys.mjs:569:17\n","nativeSavedFrame":{}}
    - message = 
    - name = 
    - result = 2152071198
    - stack = open@resource://gre/modules/ServiceRequest.sys.mjs:127:11|fetch/<@resource://services-settings/Utils.sys.mjs:268:15|fetch@resource://services-settings/Utils.sys.mjs:219:12|timedFetch/<@resource://services-common/kinto-http-client.sys.mjs:569:12|timedFetch@resource://services-common/kinto-http-client.sys.mjs:544:12|request@resource://services-common/kinto-http-client.sys.mjs:634:33|execute@resource://services-common/kinto-http-client.sys.mjs:2643:36|_fetchChangeset@resource://services-settings/RemoteSettingsClient.sys.mjs:1201:22|_importChanges@resource://services-settings/RemoteSettingsClient.sys.mjs:1063:18|maybeSync@resource://services-settings/RemoteSettingsClient.sys.mjs:752:35|observe@resource://gre/modules/AsyncShutdown.sys.mjs:569:17|
  - prototype Object
console.warn: services.settings: main/top-sites sync interrupted by shutdown
console.error: (new Error("IndexedDB: main/backup-common-passwords-list getLastModified() IndexedDB:  execute() The application is shutting down", "resource://services-settings/IDBHelpers.sys.mjs", 16))
