1735041060933	geckodriver	INFO	Listening on 127.0.0.1:61242
1735041063969	mozrunner::runner	INFO	Running command: "C:\\Program Files\\Mozilla Firefox\\firefox.exe" "--marionette" "--remote-debugging-port" "61243" "--remote-allow-hosts" "localhost" "-no-remote" "-profile" "D:\\Users\\sasikumarj\\AppData\\Local\\Temp\\rust_mozprofileUAqRmL"
console.warn: services.settings: Ignoring preference override of remote settings server
console.warn: services.settings: Allow by setting MOZ_REMOTE_SETTINGS_DEVTOOLS=1 in the environment
Dynamically enable window occlusion 0
1735041064767	Marionette	INFO	Marionette enabled
1735041065030	Marionette	INFO	Listening on port 61257
WebDriver BiDi listening on ws://127.0.0.1:61243
Read port: 61257
1735041065349	RemoteAgent	WARN	TLS certificate errors will be ignored for this session
DevTools listening on ws://127.0.0.1:61243/devtools/browser/25cbdd09-af0b-4499-a132-4a3891ba671e
JavaScript warning: https://cdn.gbqofs.com/sv/b/detector-bootstrap.min.js, line 0: Successfully compiled asm.js code (total compilation time 4ms)
JavaScript error: , line 0: TypeError: NetworkError when attempting to fetch resource.
JavaScript warning: https://pagead2.googlesyndication.com/bg/jWNzh5sZWPRb1IL5ZdUuRCoB42ZmFYdAoASdLB_GioQ.js line 2 > eval line 2713 > eval line 1 > eval line 1 > eval, line 1: WEBGL_debug_renderer_info is deprecated in Firefox and will be removed. Please use RENDERER.
JavaScript error: https://cdn.cxense.com/sp1.html#ver=2.8.87&typ=pgv&rnd=m52enptyrsqcpzfv&sid=9222318613852486900&loc=https%3A%2F%2Fwww.wsj.com%2F&new=1&arf=0&ltm=1735041075342&ref=&tzo=-330&wsz=1280x595&res=1280x720&dpr=1&col=24&bln=en-US&chs=UTF-8&cks=m52enrii2bvz4w92&ckp=m52enptyv4qt2l54&glb=&cp_userState=anon&cp_testGroup=88&cp_loadDelay=2.1&cp_topDomain=wsj.com&cp_template=full&cp_access=free&cp_section=US%20Home%20Page&cp_subsection=&cp_cms_name=CAPS&cp_subscriber=nonsubscriber&cp_edition=naus&cp_bucket=5&cp_ab_bucket=5&cp_pageContentSource=WSJ%20Online&cp_pageContentType=Home&cp_pageContentTypeDetai=desktopweb&cp_pageSiteProduct=WSJ&cp_userTags=&cp_sessionState=none, line 1: TypeError: cX.loadScript is not a function
1735041080084	Marionette	WARN	Ignoring event 'pageshow' because document has an invalid readyState of 'uninitialized'.
1735041080130	Marionette	WARN	Ignoring event 'pageshow' because document has an invalid readyState of 'uninitialized'.
1735041080854	Marionette	WARN	Ignoring event 'pageshow' because document has an invalid readyState of 'uninitialized'.
1735041081325	Marionette	WARN	Ignoring event 'pageshow' because document has an invalid readyState of 'uninitialized'.
JavaScript warning: https://www.wsj.com/, line 194: Script terminated by timeout at:
i@https://www.wsj.com/:194:17987
nrWrapper@https://www.wsj.com/:194:17940
Rt@https://tagan.adlightning.com/newscorp-wsj-aps/op.js:1:8550
sW@https://securepubads.g.doubleclick.net/pagead/managed/js/gpt/m202412090101/pubads_impl.js:33:436683
ey.prototype.F@https://securepubads.g.doubleclick.net/pagead/managed/js/gpt/m202412090101/pubads_impl.js:33:447136
GV.prototype.render@https://securepubads.g.doubleclick.net/pagead/managed/js/gpt/m202412090101/pubads_impl.js:33:413467
hy@https://securepubads.g.doubleclick.net/pagead/managed/js/gpt/m202412090101/pubads_impl.js:33:141479
pO.prototype.g@https://securepubads.g.doubleclick.net/pagead/managed/js/gpt/m202412090101/pubads_impl.js:33:279658
gO.prototype.start/<@https://securepubads.g.doubleclick.net/pagead/managed/js/gpt/m202412090101/pubads_impl.js:33:278439
zA@https://securepubads.g.doubleclick.net/pagead/managed/js/gpt/m202412090101/pubads_impl.js:33:155976
BA/this.next@https://securepubads.g.doubleclick.net/pagead/managed/js/gpt/m202412090101/pubads_impl.js:33:156284
b@https://securepubads.g.doubleclick.net/pagead/managed/js/gpt/m202412090101/pubads_impl.js:33:156535
nrWrapper@https://www.wsj.com/:194:17880

JavaScript warning: https://sc-static.net/scevent.min.js, line 2: Script terminated by timeout at:
m@https://sc-static.net/scevent.min.js:2:2789
c@https://sc-static.net/scevent.min.js:2:6893

JavaScript warning: https://gum.criteo.com/syncframe?origin=criteoPrebidAdapter&topUrl=www.wsj.com&us_privacy=1---&gpp=DBAA&gpp_sid=-1#{%22cw%22:true,%22lsw%22:true,%22origin%22:%22criteoPrebidAdapter%22,%22requestId%22:%220.9189708820049268%22,%22tld%22:%22www.wsj.com%22,%22topUrl%22:%22www.wsj.com%22,%22version%22:%229_12_0%22}, line 13: Script terminated by timeout at:
r.prototype.flushEventQueue@https://gum.criteo.com/syncframe?origin=criteoPrebidAdapter&topUrl=www.wsj.com&us_privacy=1---&gpp=DBAA&gpp_sid=-1#{%22cw%22:true,%22lsw%22:true,%22origin%22:%22criteoPrebidAdapter%22,%22requestId%22:%220.9189708820049268%22,%22tld%22:%22www.wsj.com%22,%22topUrl%22:%22www.wsj.com%22,%22version%22:%229_12_0%22}:13:3137
r/<@https://gum.criteo.com/syncframe?origin=criteoPrebidAdapter&topUrl=www.wsj.com&us_privacy=1---&gpp=DBAA&gpp_sid=-1#{%22cw%22:true,%22lsw%22:true,%22origin%22:%22criteoPrebidAdapter%22,%22requestId%22:%220.9189708820049268%22,%22tld%22:%22www.wsj.com%22,%22topUrl%22:%22www.wsj.com%22,%22version%22:%229_12_0%22}:13:3642

1735041083513	Marionette	INFO	Stopped listening on port 61257
Dynamically enable window occlusion 1
