1739413754621	geckodriver	INFO	Listening on 127.0.0.1:50884
1739413757662	mozrunner::runner	INFO	Running command: "C:\\Program Files\\Mozilla Firefox\\firefox.exe" "--marionette" "--remote-debugging-port" "50885" "--remote-allow-hosts" "localhost" "-no-remote" "-profile" "D:\\Users\\sasikumarj\\AppData\\Local\\Temp\\rust_mozprofilebvxAAq"
console.warn: services.settings: Ignoring preference override of remote settings server
console.warn: services.settings: Allow by setting MOZ_REMOTE_SETTINGS_DEVTOOLS=1 in the environment
Dynamically enable window occlusion 0
1739413758331	Marionette	INFO	Marionette enabled
1739413758777	Marionette	INFO	Listening on port 50898
WebDriver BiDi listening on ws://127.0.0.1:50885
Read port: 50898
1739413758953	RemoteAgent	WARN	TLS certificate errors will be ignored for this session
console.error: Policies: 
  Download failed - ERROR_CORRUPT_FILE - file://C:\Program Files\Snow Software\Inventory\Agent\FFCloudmetering.xpi
DevTools listening on ws://127.0.0.1:50885/devtools/browser/b15fe400-be82-4d51-8687-e473827dfb59
JavaScript error: https://us.tags.newscgp.com/prod/ncg/ncg.js, line 10: TypeError: window.GlobalSnowplowNamespace is undefined
JavaScript error: https://cdn.cxense.com/sp1.html#ver=2.8.90&typ=pgv&rnd=m72q1nj1o1kgxjy3&sid=1134007940894473081&loc=https%3A%2F%2Fwww.mansionglobal.com%2F&new=1&arf=0&ltm=1739413765986&ref=&tzo=-330&wsz=1280x595&res=1280x720&dpr=1&col=24&bln=en-US&chs=UTF-8&cks=m72q1nkce9jtosal&ckp=m72q1nj1maafbowf&glb=&cp_userState=anon&cp_testGroup=22&cp_topDomain=mansionglobal.com&cp_template=full&cp_access=free&cp_section=Home&cp_subsection=&cp_cms_name=CMS%20Wordpress&cp_subscriber=nonsubscriber&cp_edition=na%252Cus&cp_bucket=9&cp_ab_bucket=9&cp_pageContentSource=Mansion%20Global&cp_pageContentType=Home&cp_pageContentTypeDetai=default&cp_pageSiteProduct=MG&cp_userTags=&cp_sessionState=none, line 1: TypeError: cX.loadScript is not a function
JavaScript error: https://us.tags.newscgp.com/prod/ncg/ncg.js, line 10: TypeError: window.GlobalSnowplowNamespace is undefined
JavaScript warning: https://pagead2.googlesyndication.com/bg/8ZaB7jRsaaU-biZOJz6O6mNB_fDMtsHVeu7uD0tG4og.js line 2 > eval line 1793 > eval line 1 > eval line 1 > eval, line 1: WEBGL_debug_renderer_info is deprecated in Firefox and will be removed. Please use RENDERER.
JavaScript warning: https://www.youtube-nocookie.com/s/player/074a8365/www-embed-player.vflset/www-embed-player.js, line 957: Script terminated by timeout at:
R@https://www.youtube-nocookie.com/s/player/074a8365/www-embed-player.vflset/www-embed-player.js:957:226
@https://www.youtube-nocookie.com/s/player/074a8365/www-embed-player.vflset/www-embed-player.js:2006:52
hm/<@https://www.youtube-nocookie.com/s/player/074a8365/www-embed-player.vflset/www-embed-player.js:936:63

JavaScript warning: https://static.cdninstagram.com/rsrc.php/v4iy674/yD/l/en_US/HwP1JyajcHm.js, line 114: Script terminated by timeout at:
i.canUseNavigatorBeacon@https://static.cdninstagram.com/rsrc.php/v4iy674/yD/l/en_US/HwP1JyajcHm.js:114:4276
C@https://static.cdninstagram.com/rsrc.php/v4iy674/yD/l/en_US/HwP1JyajcHm.js:114:1597
i._initialize/<@https://static.cdninstagram.com/rsrc.php/v4iy674/yD/l/en_US/HwP1JyajcHm.js:114:4912
d@https://static.cdninstagram.com/rsrc.php/v4iy674/yD/l/en_US/HwP1JyajcHm.js:30:158

JavaScript error: https://us.tags.newscgp.com/prod/ncg/ncg.js, line 10: TypeError: window.GlobalSnowplowNamespace is undefined
JavaScript warning: https://pagead2.googlesyndication.com/bg/8ZaB7jRsaaU-biZOJz6O6mNB_fDMtsHVeu7uD0tG4og.js line 2 > eval line 7091 > eval line 1 > eval line 1 > eval, line 1: WEBGL_debug_renderer_info is deprecated in Firefox and will be removed. Please use RENDERER.
1739413793459	Marionette	INFO	Stopped listening on port 50898
JavaScript warning: https://www.youtube-nocookie.com/s/player/074a8365/player_ias.vflset/en_US/base.js, line 1670: Script terminated by timeout at:
g.bg/<@https://www.youtube-nocookie.com/s/player/074a8365/player_ias.vflset/en_US/base.js:1670:49

JavaScript warning: https://asset.barrons.com/article/public/mg_full_article.d8fbd9f1e0ad.js, line 100: Script terminated by timeout at:
p@https://asset.barrons.com/article/public/mg_full_article.d8fbd9f1e0ad.js:100:58411

Dynamically enable window occlusion 1
JavaScript warning: https://www.google.com/js/th/2OLqLGNr0zHDpmEvPVsLweQktEaAqFW_L2mqSHTdR30.js line 2 > eval line 3501 > eval line 1 > eval line 1 > eval, line 1: Failed to create WebGL context: !CanvasManagerChild::Get()
