1739435091108	geckodriver	INFO	Listening on 127.0.0.1:57702
1739435094447	mozrunner::runner	INFO	Running command: "C:\\Program Files\\Mozilla Firefox\\firefox.exe" "--marionette" "--remote-debugging-port" "57703" "--remote-allow-hosts" "localhost" "-no-remote" "-profile" "D:\\Users\\sasikumarj\\AppData\\Local\\Temp\\rust_mozprofileWKQzRc"
console.warn: services.settings: Ignoring preference override of remote settings server
console.warn: services.settings: Allow by setting MOZ_REMOTE_SETTINGS_DEVTOOLS=1 in the environment
Dynamically enable window occlusion 0
1739435096355	Marionette	INFO	Marionette enabled
1739435096948	Marionette	INFO	Listening on port 57808
WebDriver BiDi listening on ws://127.0.0.1:57703
Read port: 57808
console.error: Policies: 
  Download failed - ERROR_CORRUPT_FILE - file://C:\Program Files\Snow Software\Inventory\Agent\FFCloudmetering.xpi
1739435097605	RemoteAgent	WARN	TLS certificate errors will be ignored for this session
DevTools listening on ws://127.0.0.1:57703/devtools/browser/586e90d7-1965-4c94-a4d3-8da6bf732d51
JavaScript error: https://cdn.cxense.com/sp1.html#ver=2.8.90&typ=pgv&rnd=m732r3hzknaxytj9&sid=9222325317970825873&loc=https%3A%2F%2Fwww.marketwatch.com%2F&new=1&arf=0&ltm=1739435108481&ref=&tzo=-330&wsz=1280x595&res=1280x720&dpr=1&col=24&bln=en-US&chs=UTF-8&cks=m732r3jchj5envww&ckp=m732r3hzccixrcgr&glb=&cp_userState=anon&cp_testGroup=43&cp_topDomain=marketwatch.com&cp_template=full&cp_access=free&cp_section=Home%20Page&cp_cms_name=Peavey&cp_subscriber=nonsubscriber&cp_edition=naus&cp_bucket=1&cp_ab_bucket=71&cp_pageContentSource=MarketWatch&cp_pageContentType=Home&cp_pageContentTypeDetai=default&cp_pageSiteProduct=MW&cp_userTags=&cp_sessionState=none, line 1: TypeError: cX.loadScript is not a function
JavaScript warning: https://cdn.gbqofs.com/sv/b/detector-bootstrap.min.js, line 0: Successfully compiled asm.js code (total compilation time 3ms)
JavaScript warning: https://www.googletagmanager.com/gtag/js?id=G-K2H7B9JRSS, line 173: Script terminated by timeout at:
ya@https://www.googletagmanager.com/gtag/js?id=G-K2H7B9JRSS:173:16
h.invoke@https://www.googletagmanager.com/gtag/js?id=G-K2H7B9JRSS:213:357
Ka@https://www.googletagmanager.com/gtag/js?id=G-K2H7B9JRSS:180:668
Yc.prototype.evaluate@https://www.googletagmanager.com/gtag/js?id=G-K2H7B9JRSS:214:426
Rd@https://www.googletagmanager.com/gtag/js?id=G-K2H7B9JRSS:239:107
h.invoke@https://www.googletagmanager.com/gtag/js?id=G-K2H7B9JRSS:213:313
Ka@https://www.googletagmanager.com/gtag/js?id=G-K2H7B9JRSS:180:668
Yc.prototype.evaluate@https://www.googletagmanager.com/gtag/js?id=G-K2H7B9JRSS:214:426
Td@https://www.googletagmanager.com/gtag/js?id=G-K2H7B9JRSS:239:275
h.invoke@https://www.googletagmanager.com/gtag/js?id=G-K2H7B9JRSS:213:313
Ka@https://www.googletagmanager.com/gtag/js?id=G-K2H7B9JRSS:180:668
Ja@https://www.googletagmanager.com/gtag/js?id=G-K2H7B9JRSS:180:428
Ld/<@https://www.googletagmanager.com/gtag/js?id=G-K2H7B9JRSS:236:468
h.invoke@https://www.googletagmanager.com/gtag/js?id=G-K2H7B9JRSS:213:313
Ka@https://www.googletagmanager.com/gtag/js?id=G-K2H7B9JRSS:180:668
Yc.prototype.evaluate@https://www.googletagmanager.com/gtag/js?id=G-K2H7B9JRSS:214:426
ud@https://www.googletagmanager.com/gtag/js?id=G-K2H7B9JRSS:229:351
h.invoke@https://www.googletagmanager.com/gtag/js?id=G-K2H7B9JRSS:213:313
Ka@https://www.googletagmanager.com/gtag/js?id=G-K2H7B9JRSS:180:668
Ja@https://www.googletagmanager.com/gtag/js?id=G-K2H7B9JRSS:180:428
rd@https://www.googletagmanager.com/gtag/js?id=G-K2H7B9JRSS:229:60
h.invoke@https://www.googletagmanager.com/gtag/js?id=G-K2H7B9JRSS:213:313
Ka@https://www.googletagmanager.com/gtag/js?id=G-K2H7B9JRSS:180:668
Ja@https://www.googletagmanager.com/gtag/js?id=G-K2H7B9JRSS:180:428
Bd@https://www.googletagmanager.com/gtag/js?id=G-K2H7B9JRSS:231:63
Hd@https://www.googletagmanager.com/gtag/js?id=G-K2H7B9JRSS:234:137
Id@https://www.googletagmanager.com/gtag/js?id=G-K2H7B9JRSS:233:234
h.invoke@https://www.googletagmanager.com/gtag/js?id=G-K2H7B9JRSS:213:313
Ka@https://www.googletagmanager.com/gtag/js?id=G-K2H7B9JRSS:180:668
Ja@https://www.googletagmanager.com/gtag/js?id=G-K2H7B9JRSS:180:428
rd@https://www.googletagmanager.com/gtag/js?id=G-K2H7B9JRSS:229:60
h.invoke@https://www.googletagmanager.com/gtag/js?id=G-K2H7B9JRSS:213:313
Ka@https://www.googletagmanager.com/gtag/js?id=G-K2H7B9JRSS:180:668
Ja@https://www.googletagmanager.com/gtag/js?id=G-K2H7B9JRSS:180:428
Td@https://www.googletagmanager.com/gtag/js?id=G-K2H7B9JRSS:239:338
h.invoke@https://www.googletagmanager.com/gtag/js?id=G-K2H7B9JRSS:213:313
Ka@https://www.googletagmanager.com/gtag/js?id=G-K2H7B9JRSS:180:668
Ja@https://www.googletagmanager.com/gtag/js?id=G-K2H7B9JRSS:180:428
Ld/<@https://www.googletagmanager.com/gtag/js?id=G-K2H7B9JRSS:236:468
h.invoke@https://www.googletagmanager.com/gtag/js?id=G-K2H7B9JRSS:213:313
zL/<@https://www.googletagmanager.com/gtag/js?id=G-K2H7B9JRSS:828:835
au@https://www.googletagmanager.com/gtag/js?id=G-K2H7B9JRSS:528:281
h.sn@https://www.googletagmanager.com/gtag/js?id=G-K2H7B9JRSS:797:277
h.rn/</<@https://www.googletagmanager.com/gtag/js?id=G-K2H7B9JRSS:794:531
Dl@https://www.googletagmanager.com/gtag/js?id=G-K2H7B9JRSS:389:151
Cm@https://www.googletagmanager.com/gtag/js?id=G-K2H7B9JRSS:397:434
h.rn/<@https://www.googletagmanager.com/gtag/js?id=G-K2H7B9JRSS:794:517
c@https://www.googletagmanager.com/gtag/js?id=G-K2H7B9JRSS:567:22
rw@https://www.googletagmanager.com/gtag/js?id=G-K2H7B9JRSS:567:349
h.rn@https://www.googletagmanager.com/gtag/js?id=G-K2H7B9JRSS:794:503
c@https://www.googletagmanager.com/gtag/js?id=G-K2H7B9JRSS:810:980
w@https://www.googletagmanager.com/gtag/js?id=G-K2H7B9JRSS:413:370
vo@https://www.googletagmanager.com/gtag/js?id=G-K2H7B9JRSS:413:470
uo.prototype.flush@https://www.googletagmanager.com/gtag/js?id=G-K2H7B9JRSS:416:382
uo.prototype.push@https://www.googletagmanager.com/gtag/js?id=G-K2H7B9JRSS:414:337
no@https://www.googletagmanager.com/gtag/js?id=G-K2H7B9JRSS:410:1318
NK/<@https://www.googletagmanager.com/gtag/js?id=G-K2H7B9JRSS:811:187
h.Il/<@https://www.googletagmanager.com/gtag/js?id=G-K2H7B9JRSS:749:126
h.Il/c/<@https://www.googletagmanager.com/gtag/js?id=G-K2H7B9JRSS:748:418
nrWrapper@https://www.marketwatch.com/:358:17759

JavaScript warning: https://gum.criteo.com/syncframe?origin=criteoPrebidAdapter&topUrl=www.marketwatch.com&us_privacy=1---&gpp=DBAA&gpp_sid=-1#{%22cw%22:true,%22lsw%22:true,%22origin%22:%22criteoPrebidAdapter%22,%22requestId%22:%220.044653970319907144%22,%22tld%22:%22www.marketwatch.com%22,%22topUrl%22:%22www.marketwatch.com%22,%22version%22:%229_12_0%22}, line 13: Script terminated by timeout at:
r.prototype.flushEventQueue@https://gum.criteo.com/syncframe?origin=criteoPrebidAdapter&topUrl=www.marketwatch.com&us_privacy=1---&gpp=DBAA&gpp_sid=-1#{%22cw%22:true,%22lsw%22:true,%22origin%22:%22criteoPrebidAdapter%22,%22requestId%22:%220.044653970319907144%22,%22tld%22:%22www.marketwatch.com%22,%22topUrl%22:%22www.marketwatch.com%22,%22version%22:%229_12_0%22}:13:3137
r/<@https://gum.criteo.com/syncframe?origin=criteoPrebidAdapter&topUrl=www.marketwatch.com&us_privacy=1---&gpp=DBAA&gpp_sid=-1#{%22cw%22:true,%22lsw%22:true,%22origin%22:%22criteoPrebidAdapter%22,%22requestId%22:%220.044653970319907144%22,%22tld%22:%22www.marketwatch.com%22,%22topUrl%22:%22www.marketwatch.com%22,%22version%22:%229_12_0%22}:13:3642

console.warn: LoginRecipes: "Falling back to a synchronous message for: https://sso.accounts.dowjones.com."
console.warn: LoginRecipes: "Falling back to a synchronous message for: https://sso.accounts.dowjones.com."
JavaScript warning: https://sso.accounts.dowjones.com/datadome/tags.js, line 2: Script terminated by timeout at:
@https://sso.accounts.dowjones.com/datadome/tags.js:2:161129

JavaScript warning: https://cdn.gbqofs.com/sv/b/detector-bootstrap.min.js, line 0: Successfully compiled asm.js code (total compilation time 4ms)
JavaScript warning: https://cdn.gbqofs.com/sv/b/detector-bootstrap.min.js, line 0: Successfully compiled asm.js code (total compilation time 2ms)
1739435318486	Marionette	INFO	Stopped listening on port 57808
Dynamically enable window occlusion 1
