1739463970560	geckodriver	INFO	Listening on 127.0.0.1:53549
1739463973599	mozrunner::runner	INFO	Running command: "C:\\Program Files\\Mozilla Firefox\\firefox.exe" "--marionette" "--remote-debugging-port" "53550" "--remote-allow-hosts" "localhost" "-no-remote" "-profile" "D:\\Users\\sasikumarj\\AppData\\Local\\Temp\\rust_mozprofilek4ODKY"
console.warn: services.settings: Ignoring preference override of remote settings server
console.warn: services.settings: Allow by setting MOZ_REMOTE_SETTINGS_DEVTOOLS=1 in the environment
Dynamically enable window occlusion 0
1739463974249	Marionette	INFO	Marionette enabled
1739463974506	Marionette	INFO	Listening on port 53561
Read port: 53561
WebDriver BiDi listening on ws://127.0.0.1:53550
1739463974655	RemoteAgent	WARN	TLS certificate errors will be ignored for this session
console.error: Policies: 
  Download failed - ERROR_CORRUPT_FILE - file://C:\Program Files\Snow Software\Inventory\Agent\FFCloudmetering.xpi
DevTools listening on ws://127.0.0.1:53550/devtools/browser/83ca13bf-dff6-409a-80e1-13f8f63e9999
console.error: ({})
console.error: ({})
JavaScript error: https://www.barrons.com/asset/dj-watchlist/v1.14.3/p-0633e57d.entry.js, line 11: TypeError: Error.captureStackTrace is not a function
console.error: ({})
console.error: ({})
JavaScript error: https://cdn.cxense.com/sp1.html#ver=2.8.90&typ=pgv&rnd=m73jy0o338uyll5f&sid=9222325317970825875&loc=https%3A%2F%2Fwww.barrons.com%2Farticles%2Fwendys-wen-stock-earnings-51652268634&new=1&arf=0&ltm=1739463984885&ref=&tzo=-330&wsz=1280x595&res=1280x720&dpr=1&col=24&bln=en-US&chs=UTF-8&cks=m73jy1gffpc2cwjc&ckp=m73jy0o3pgdzndfu&glb=&amo=1652281620&cp_userState=anon, line 1: TypeError: cX.loadScript is not a function
JavaScript warning: https://pagead2.googlesyndication.com/bg/7X-uH5y0gJvnB4v7ISI4IqoVijK-ve8_b-uQfZfzdL4.js line 2 > eval line 1565 > eval line 1 > eval line 1 > eval, line 1: WEBGL_debug_renderer_info is deprecated in Firefox and will be removed. Please use RENDERER.
JavaScript warning: https://cdn.gbqofs.com/sv/b/detector-bootstrap.min.js, line 0: Successfully compiled asm.js code (total compilation time 2ms)
JavaScript warning: https://pagead2.googlesyndication.com/bg/7X-uH5y0gJvnB4v7ISI4IqoVijK-ve8_b-uQfZfzdL4.js line 2 > eval line 961 > eval line 1 > eval line 1 > eval, line 1: WEBGL_debug_renderer_info is deprecated in Firefox and will be removed. Please use RENDERER.
console.warn: WindowsJumpLists: "Failed to fetch favicon for " "https://www.barrons.com/articles/wendys-wen-stock-earnings-51652268634" ({})
console.warn: WindowsJumpLists: "Failed to fetch favicon for " "https://www.barrons.com/" ({})
console.warn: WindowsJumpLists: "Failed to fetch favicon for " "https://www.barrons.com/articles/wendys-wen-stock-earnings-51652268634" ({})
console.warn: WindowsJumpLists: "Failed to fetch favicon for " "https://www.barrons.com/" ({})
console.warn: WindowsJumpLists: "Failed to fetch favicon for " "https://www.barrons.com/articles/wendys-wen-stock-earnings-51652268634" ({})
console.warn: WindowsJumpLists: "Failed to fetch favicon for " "https://www.barrons.com/" ({})
console.warn: WindowsJumpLists: "Failed to fetch favicon for " "https://www.barrons.com/articles/wendys-wen-stock-earnings-51652268634" ({})
console.warn: WindowsJumpLists: "Failed to fetch favicon for " "https://www.barrons.com/" ({})
[GFX1-]: wr_renderer_render: OutOfMemory
[GFX1-]: Handling webrender error 2
[GFX1-]: CompositorBridgeChild receives I[GFX1-]: CompositorBridgeChild receives IPC close with reason=AbnormalShutdown
[G[Parent 24780, Main Thread] WARNING: base::KillProcess refusing to terminate process handle 0: file /builds/worker/checkouts/gecko/ipc/chromium/src/base/process_util_win.cc:350
[GFX1-]: Compo[GFsitorBridgeChild receives IPC close with reason=AbnormalShutdown
[[GFX1-]: CompositorBridgeChild receives IPC close with [[[GFX1-]: CompositorBridgeChild r[[GFX[eceives IPC close wi[GFX1-]: CompositorBridgeChild receives IPC close with re[GFX1-]: CompositorBr[GFX[Parent 24780, IPC I/O Parent] WARNING: Failed to launch gpu subprocess @SB::LA::SpawnTarget (Error:-2147023441): file /builds/worker/checkouts/gecko/ipc/glue/GeckoChildProcessHost.cpp:805
[idgeChild[GFX[GFX1[[-]:[[GFX1-]: CompositorBridgeChild receives IPC[GFX[1-]: CompositorBridgeChild receives IPC cFX1-]: CompositorBridgeChild receivesrth reason=AbnormalShutdown
GF[ r close with reason=AGFX1-]: Composito1[GFX1-]: CompositorBridgeChild receives IPC close with reason=AbnormalShutdown
eason=AbnormalShutdown
GFX1-]: Composit[GFX1-]: CompositorBridgeChild relGFX1-]: CompositorBridgeChi1o[GFX1-]: CompositorBridgeChild Geceives IPC close with reason=AbnormalShutdown
[FX1-]: CompositorBridgeChild receives IPC close with reason=AbnormalShutdown
ceives IPC close wit[[se with reason=AbnormalShutdown
 IPC close with reason=AbnormalShutdown
GFX1-]: CompositGF GFX1-]: CompositorBridgeChild receives IPC close with reason=AbnormalShutdown
orBridgeChild receives IPC close with reason=AbnormalShutdown
orBridgeChild receives IPC close with reason=AbnormalShutdown
-ComposiGFX1-Pld recX1-]: CompGreceives IPC close with reason=AbnormalShutdown
]: CompositorBrX1-]: CompositorBridgeChild receives IPC close with reaseives IPon=AbnormalShutdown
FX1-]: CompositorBridgeChild receives IPC close wit-]: CompositorBridgeChild receives IPC close with reason=AbnormalShutdown
idgeCh reason=AbnormalShutdbGohild receives IPC close whrC close with reason=AbnormalShutdown
sitorown
GFX1-]: CompositorBridgeChild receives IPC close with reason=AbnormalShutdown
BridgeChildaFX1-]: CompositorBridgeChild receives IPC close with reason=AbnormalShutdown
X1-]: CompositorBridgeC receives IPC close with reason=AbnormalShutdown
C close with reason=AbnoG1-]: CompotFX1-]: CompositorBridgeChild receives IPC close with reason=AbnormalShutdown
orBridgeChild receives IPC close with reason=AbnormalShutdown
 reason=AbnormalShutdown
rmalShutdown
]: CompositorBridgeChild receivnoBridgeChild receives IPC close with reason=AbnormalShutdown
sitorBridgeChild receives IPC close with reason=AbnormalShutdown
GFX1-]: CompositorBridgeChild receives IPC close with reason=AbnormalShutdown
rmalShutdown
hild receives IPC close with reason=AbnormalShutdown
es IPC close with reason=AbnormalShutdown
son=AbnormalShutdown
ith reason=AbnormalShutdown
[GFX1-]: Fallback SW-WR + D3D11 to SW-WR
[GFX1-]: Failed to connect GPU process
Exiting due to channel error.
Exiting due to channel error.
Exiting due to channel error.
Exiting due to channel error.
Exiting due to channel error.
Exiting due to channel error.
Exiting due to channel error.
Exiting due to channel error.
Exiting due to channel error.
Exiting due to channel error.
Exiting due to channel error.
Exiting due to channel error.
