1738920772685	geckodriver	INFO	Listening on 127.0.0.1:50173
1738920775808	mozrunner::runner	INFO	Running command: "C:\\Program Files\\Mozilla Firefox\\firefox.exe" "--marionette" "--remote-debugging-port" "50174" "--remote-allow-hosts" "localhost" "-no-remote" "-profile" "D:\\Users\\sasikumarj\\AppData\\Local\\Temp\\rust_mozprofileyBaSpm"
console.warn: services.settings: Ignoring preference override of remote settings server
console.warn: services.settings: Allow by setting MOZ_REMOTE_SETTINGS_DEVTOOLS=1 in the environment
Dynamically enable window occlusion 0
1738920776769	Marionette	INFO	Marionette enabled
1738920777122	Marionette	INFO	Listening on port 50238
Read port: 50238
WebDriver BiDi listening on ws://127.0.0.1:50174
1738920777268	RemoteAgent	WARN	TLS certificate errors will be ignored for this session
console.error: Policies: 
  Download failed - ERROR_CORRUPT_FILE - file://C:\Program Files\Snow Software\Inventory\Agent\FFCloudmetering.xpi
DevTools listening on ws://127.0.0.1:50174/devtools/browser/61a459a7-af22-429e-803e-d4dbf596b0b6
JavaScript error: resource://gre/actors/ContentMetaChild.sys.mjs, line 179: InvalidStateError: JSWindowActorChild.sendAsyncMessage: JSWindowActorChild cannot send at the moment
JavaScript error: https://cdn.cxense.com/sp1.html#ver=2.8.90&typ=pgv&rnd=m6ukjd94teflidej&sid=1139592114930554183&loc=https%3A%2F%2Fwww.fnlondon.com%2Farticles%2Fcomplaints-commissioner-fca-transparency-20220615&new=1&arf=0&ltm=1738920785374&ref=&tzo=-330&wsz=1280x595&res=1280x720&dpr=1&col=24&bln=en-US&chs=UTF-8&cks=m6ukjdhnewbq3ae7&ckp=m6ukjd94m9wj0rs1&glb=&amo=1677944280&cp_userState=anon&cp_testGroup=49&cp_topDomain=fnlondon.com&cp_pwTag=default&cp_pwPlacement=cx-snippetad&cp_pwCampaign=6&cp_type=Politics&cp_template=preview&cp_access=paid&cp_section=Politics&cp_subsection=Politics&cp_cms_name=Wordpress&cp_subscriber=nonsubscriber&cp_edition=naus&cp_bucket=8&cp_ab_bucket=88&cp_pageContentSource=FN%20London&cp_pageContentType=Article&cp_pageContentTypeDetai=article&cp_pageSiteProduct=FN&cp_userTags=&cp_sessionState=none, line 1: TypeError: cX.loadScript is not a function
JavaScript warning: https://pagead2.googlesyndication.com/bg/dKsKVnRDvnN7x3_VHBWCXOB1uWbHu1pWqkNfYXa-ZYg.js line 2 > eval line 5542 > eval line 1 > eval line 1 > eval, line 1: WEBGL_debug_renderer_info is deprecated in Firefox and will be removed. Please use RENDERER.
JavaScript warning: https://www.fnlondon.com/articles/complaints-commissioner-fca-transparency-20220615, line 306: Script terminated by timeout at:
nrWrapper@https://www.fnlondon.com/articles/complaints-commissioner-fca-transparency-20220615:306:17609

console.warn: LoginRecipes: "Falling back to a synchronous message for: https://sso.accounts.dowjones.com."
console.warn: LoginRecipes: "Falling back to a synchronous message for: https://sso.accounts.dowjones.com."
JavaScript warning: https://pagead2.googlesyndication.com/bg/dKsKVnRDvnN7x3_VHBWCXOB1uWbHu1pWqkNfYXa-ZYg.js line 2 > eval line 4263 > eval line 1 > eval line 1 > eval, line 1: WEBGL_debug_renderer_info is deprecated in Firefox and will be removed. Please use RENDERER.
1738920804275	Marionette	INFO	Stopped listening on port 50238
JavaScript warning: https://static.adsafeprotected.com/sca.17.6.4.js, line 31: Script terminated by timeout at:
a66@https://static.adsafeprotected.com/sca.17.6.4.js:31:5085
a93/a167<@https://static.adsafeprotected.com/sca.17.6.4.js:33:18051
a@https://static.adsafeprotected.com/sca.17.6.4.js:31:22283
h@https://static.adsafeprotected.com/sca.17.6.4.js:31:22411
h@https://static.adsafeprotected.com/sca.17.6.4.js:31:22504
asyncHelper/runFns/h/<@https://static.adsafeprotected.com/sca.17.6.4.js:31:22487

Dynamically enable window occlusion 1
