1739093530276	geckodriver	INFO	Listening on 127.0.0.1:57140
1739093533320	mozrunner::runner	INFO	Running command: "C:\\Program Files\\Mozilla Firefox\\firefox.exe" "--marionette" "--remote-debugging-port" "57141" "--remote-allow-hosts" "localhost" "-no-remote" "-profile" "D:\\Users\\sasikumarj\\AppData\\Local\\Temp\\rust_mozprofileRHWN0D"
console.warn: services.settings: Ignoring preference override of remote settings server
console.warn: services.settings: Allow by setting MOZ_REMOTE_SETTINGS_DEVTOOLS=1 in the environment
Dynamically enable window occlusion 0
1739093533951	Marionette	INFO	Marionette enabled
1739093534197	Marionette	INFO	Listening on port 57153
WebDriver BiDi listening on ws://127.0.0.1:57141
Read port: 57153
console.error: Policies: 
  Download failed - ERROR_CORRUPT_FILE - file://C:\Program Files\Snow Software\Inventory\Agent\FFCloudmetering.xpi
1739093534448	RemoteAgent	WARN	TLS certificate errors will be ignored for this session
DevTools listening on ws://127.0.0.1:57141/devtools/browser/eb49ebdf-8f94-43e0-8fc7-bc4b59dbb841
console.error: ({})
console.error: ({})
console.error: ({})
console.error: ({})
JavaScript error: , line 0: TypeError: NetworkError when attempting to fetch resource.
JavaScript error: , line 0: TypeError: NetworkError when attempting to fetch resource.
JavaScript warning: https://ep2.adtrafficquality.google/sodar/sodar2.js, line 2: Script terminated by timeout at:
ba@https://ep2.adtrafficquality.google/sodar/sodar2.js:2:262
@https://ep2.adtrafficquality.google/sodar/sodar2.js:2:271
@https://ep2.adtrafficquality.google/sodar/sodar2.js:44:403

JavaScript warning: https://www.gstatic.com/_/mss/boq-subscribewithgoogle/_/js/k=boq-subscribewithgoogle.SubscribewithgoogleClientUi.en_US.tZhg3nKY5-E.es5.O/am=GAy4AQ/d=1/excm=_b,_tp,serviceiframeview/ed=1/dg=0/wt=2/ujg=1/rs=ABXTjI5OlFsYJ0iU8gv_vSavbw00ZEP4OA/m=_b,_tp, line 309: Script terminated by timeout at:
c@https://www.gstatic.com/_/mss/boq-subscribewithgoogle/_/js/k=boq-subscribewithgoogle.SubscribewithgoogleClientUi.en_US.tZhg3nKY5-E.es5.O/am=GAy4AQ/d=1/excm=_b,_tp,serviceiframeview/ed=1/dg=0/wt=2/ujg=1/rs=ABXTjI5OlFsYJ0iU8gv_vSavbw00ZEP4OA/m=_b,_tp:309:187
b@https://www.gstatic.com/_/mss/boq-subscribewithgoogle/_/js/k=boq-subscribewithgoogle.SubscribewithgoogleClientUi.en_US.tZhg3nKY5-E.es5.O/am=GAy4AQ/d=1/excm=_b,_tp,serviceiframeview/ed=1/dg=0/wt=2/ujg=1/rs=ABXTjI5OlFsYJ0iU8gv_vSavbw00ZEP4OA/m=_b,_tp:300:48

console.warn: LoginRecipes: "Falling back to a synchronous message for: https://sso.accounts.dowjones.com."
console.warn: LoginRecipes: "Falling back to a synchronous message for: https://sso.accounts.dowjones.com."
JavaScript warning: https://www.googletagmanager.com/gtag/js?id=G-K2H7B9JRSS, line 738: Script terminated by timeout at:
h.ai@https://www.googletagmanager.com/gtag/js?id=G-K2H7B9JRSS:738:17
get@https://www.googletagmanager.com/gtag/js?id=G-K2H7B9JRSS:736:119
h.qg@https://www.googletagmanager.com/gtag/js?id=G-K2H7B9JRSS:738:145
LK/<@https://www.googletagmanager.com/gtag/js?id=G-K2H7B9JRSS:799:152
h.Jl/<@https://www.googletagmanager.com/gtag/js?id=G-K2H7B9JRSS:737:126
h.Jl/c/<@https://www.googletagmanager.com/gtag/js?id=G-K2H7B9JRSS:736:418

JavaScript warning: https://cdn.gbqofs.com/sv/b/detector-bootstrap.min.js, line 0: Successfully compiled asm.js code (total compilation time 2ms)
JavaScript warning: https://pagead2.googlesyndication.com/bg/0XaOFjBKFoXDKL9VF6MVp869Uwh55gMl2rSabIW1nBU.js line 2 > eval line 449 > eval line 1 > eval line 1 > eval, line 1: WEBGL_debug_renderer_info is deprecated in Firefox and will be removed. Please use RENDERER.
JavaScript error: https://cdn.cxense.com/sp1.html#ver=2.8.90&typ=pgv&rnd=m6xfek7fr64z9hgc&sid=9222325317970825875&loc=https%3A%2F%2Fwww.barrons.com%2Fwatchlist&new=0&arf=0&ltm=1739093561560&ref=&tzo=-330&wsz=1280x595&res=1280x720&dpr=1&col=24&bln=en-US&chs=UTF-8&cks=m6xfem97zh0o3b78&ckp=m6xfe6qabokwsjjk&glb=&eid0=e4cefa22ef027cc0132f0c218da37da39cdb3228234af4df969b5c463592e123&eit0=wsj&cp_userState=registered, line 1: TypeError: cX.loadScript is not a function
1739093569257	Marionette	WARN	TimedPromise timed out after 500 ms: stacktrace:
TimedPromise/<@chrome://remote/content/marionette/sync.sys.mjs:205:24
TimedPromise@chrome://remote/content/marionette/sync.sys.mjs:189:10
interaction.flushEventLoop@chrome://remote/content/marionette/interaction.sys.mjs:467:10
webdriverClickElement@chrome://remote/content/marionette/interaction.sys.mjs:220:33
1739093569595	Marionette	WARN	Ignoring event 'pageshow' because document has an invalid readyState of 'uninitialized'.
1739093569853	Marionette	WARN	Ignoring event 'pageshow' because document has an invalid readyState of 'uninitialized'.
1739093569933	Marionette	WARN	Ignoring event 'pageshow' because document has an invalid readyState of 'uninitialized'.
1739093574024	Marionette	WARN	TimedPromise timed out after 500 ms: stacktrace:
TimedPromise/<@chrome://remote/content/marionette/sync.sys.mjs:205:24
TimedPromise@chrome://remote/content/marionette/sync.sys.mjs:189:10
interaction.flushEventLoop@chrome://remote/content/marionette/interaction.sys.mjs:467:10
webdriverClickElement@chrome://remote/content/marionette/interaction.sys.mjs:220:33
1739093579120	Marionette	WARN	TimedPromise timed out after 500 ms: stacktrace:
TimedPromise/<@chrome://remote/content/marionette/sync.sys.mjs:205:24
TimedPromise@chrome://remote/content/marionette/sync.sys.mjs:189:10
interaction.flushEventLoop@chrome://remote/content/marionette/interaction.sys.mjs:467:10
webdriverClickElement@chrome://remote/content/marionette/interaction.sys.mjs:220:33
1739093582522	Marionette	WARN	TimedPromise timed out after 500 ms: stacktrace:
TimedPromise/<@chrome://remote/content/marionette/sync.sys.mjs:205:24
TimedPromise@chrome://remote/content/marionette/sync.sys.mjs:189:10
interaction.flushEventLoop@chrome://remote/content/marionette/interaction.sys.mjs:467:10
webdriverClickElement@chrome://remote/content/marionette/interaction.sys.mjs:220:33
1739093612340	Marionette	INFO	Stopped listening on port 57153
Dynamically enable window occlusion 1
JavaScript error: , line 0: TypeError: NetworkError when attempting to fetch resource.
JavaScript error: , line 0: TypeError: NetworkError when attempting to fetch resource.
JavaScript error: , line 0: TypeError: NetworkError when attempting to fetch resource.
