1739418203454	geckodriver	INFO	Listening on 127.0.0.1:57473
1739418206773	mozrunner::runner	INFO	Running command: "C:\\Program Files\\Mozilla Firefox\\firefox.exe" "--marionette" "--remote-debugging-port" "57474" "--remote-allow-hosts" "localhost" "-no-remote" "-profile" "D:\\Users\\sasikumarj\\AppData\\Local\\Temp\\rust_mozprofileHvFWyp"
console.warn: services.settings: Ignoring preference override of remote settings server
console.warn: services.settings: Allow by setting MOZ_REMOTE_SETTINGS_DEVTOOLS=1 in the environment
Dynamically enable window occlusion 0
1739418208735	Marionette	INFO	Marionette enabled
1739418209128	Marionette	INFO	Listening on port 57596
WebDriver BiDi listening on ws://127.0.0.1:57474
Read port: 57596
console.error: Policies: 
  Download failed - ERROR_CORRUPT_FILE - file://C:\Program Files\Snow Software\Inventory\Agent\FFCloudmetering.xpi
1739418209602	RemoteAgent	WARN	TLS certificate errors will be ignored for this session
DevTools listening on ws://127.0.0.1:57474/devtools/browser/bf050059-4834-4f02-9c03-d79352ab9686
console.error: ({})
console.error: ({})
JavaScript error: https://www.barrons.com/asset/dj-watchlist/v1.14.3/p-0633e57d.entry.js, line 11: TypeError: Error.captureStackTrace is not a function
console.error: ({})
console.error: ({})
JavaScript warning: https://pagead2.googlesyndication.com/bg/8ZaB7jRsaaU-biZOJz6O6mNB_fDMtsHVeu7uD0tG4og.js line 2 > eval line 4754 > eval line 1 > eval line 1 > eval, line 1: WEBGL_debug_renderer_info is deprecated in Firefox and will be removed. Please use RENDERER.
JavaScript warning: https://0cf17917-395b-4f25-91cc-db3bdd6044b0.edge.permutive.app/772abb27-aff3-4dcc-b7af-8ab66a56137a-web.js, line 1: Script terminated by timeout at:
isEnabled@https://0cf17917-395b-4f25-91cc-db3bdd6044b0.edge.permutive.app/772abb27-aff3-4dcc-b7af-8ab66a56137a-web.js:1:212049
trackRequestMetrics@https://0cf17917-395b-4f25-91cc-db3bdd6044b0.edge.permutive.app/772abb27-aff3-4dcc-b7af-8ab66a56137a-web.js:1:129594
reqWithBeacon@https://0cf17917-395b-4f25-91cc-db3bdd6044b0.edge.permutive.app/772abb27-aff3-4dcc-b7af-8ab66a56137a-web.js:1:127918
metricsBeacon@https://0cf17917-395b-4f25-91cc-db3bdd6044b0.edge.permutive.app/772abb27-aff3-4dcc-b7af-8ab66a56137a-web.js:1:124837
1768/f/p/d</</<@https://0cf17917-395b-4f25-91cc-db3bdd6044b0.edge.permutive.app/772abb27-aff3-4dcc-b7af-8ab66a56137a-web.js:1:88692
1768/f/p/d</<@https://0cf17917-395b-4f25-91cc-db3bdd6044b0.edge.permutive.app/772abb27-aff3-4dcc-b7af-8ab66a56137a-web.js:1:88752
132/E/</</<@https://0cf17917-395b-4f25-91cc-db3bdd6044b0.edge.permutive.app/772abb27-aff3-4dcc-b7af-8ab66a56137a-web.js:1:32660
132/_/a/</<@https://0cf17917-395b-4f25-91cc-db3bdd6044b0.edge.permutive.app/772abb27-aff3-4dcc-b7af-8ab66a56137a-web.js:1:32241
132/_/a/<@https://0cf17917-395b-4f25-91cc-db3bdd6044b0.edge.permutive.app/772abb27-aff3-4dcc-b7af-8ab66a56137a-web.js:1:32346
132/p/<@https://0cf17917-395b-4f25-91cc-db3bdd6044b0.edge.permutive.app/772abb27-aff3-4dcc-b7af-8ab66a56137a-web.js:1:31282
nrWrapper@https://www.barrons.com/articles/buy-rockwell-automation-stock-pick-price-cc120733?mod=stock_picks_lp:129:17759
e@https://www.barrons.com/articles/buy-rockwell-automation-stock-pick-price-cc120733?mod=stock_picks_lp:129:52209
p@https://0cf17917-395b-4f25-91cc-db3bdd6044b0.edge.permutive.app/772abb27-aff3-4dcc-b7af-8ab66a56137a-web.js:1:31027
132/E/<@https://0cf17917-395b-4f25-91cc-db3bdd6044b0.edge.permutive.app/772abb27-aff3-4dcc-b7af-8ab66a56137a-web.js:1:32537
7226/g/</</<@https://0cf17917-395b-4f25-91cc-db3bdd6044b0.edge.permutive.app/772abb27-aff3-4dcc-b7af-8ab66a56137a-web.js:1:29627
nrWrapper@https://www.barrons.com/articles/buy-rockwell-automation-stock-pick-price-cc120733?mod=stock_picks_lp:129:17759

console.warn: LoginRecipes: "Falling back to a synchronous message for: https://sso.accounts.dowjones.com."
console.warn: LoginRecipes: "Falling back to a synchronous message for: https://sso.accounts.dowjones.com."
JavaScript warning: https://sso.accounts.dowjones.com/datadome/tags.js, line 2: Script terminated by timeout at:
@https://sso.accounts.dowjones.com/datadome/tags.js:2:161129

console.error: ({})
console.error: ({})
JavaScript warning: https://cdn.gbqofs.com/sv/b/detector-bootstrap.min.js, line 0: Successfully compiled asm.js code (total compilation time 2ms)
JavaScript error: https://cdn.cxense.com/sp1.html#ver=2.8.90&typ=pgv&rnd=m72splt0xl59gl17&sid=9222325317970825875&loc=https%3A%2F%2Fwww.barrons.com%2Farticles%2Fbuy-rockwell-automation-stock-pick-price-cc120733%3Fmod%3Dstock_picks_lp&new=1&arf=0&ltm=1739418242728&ref=&tzo=-330&wsz=1280x595&res=1280x720&dpr=1&col=24&bln=en-US&chs=UTF-8&cks=m72spnhc2hps3auv&ckp=m72splt0vbr3tf3w&glb=&amo=1688057100&eid0=e4cefa22ef027cc0132f0c218da37da39cdb3228234af4df969b5c463592e123&eit0=wsj&cp_userState=registered, line 1: TypeError: cX.loadScript is not a function
JavaScript warning: https://pagead2.googlesyndication.com/bg/8ZaB7jRsaaU-biZOJz6O6mNB_fDMtsHVeu7uD0tG4og.js line 2 > eval line 2125 > eval line 1 > eval line 1 > eval, line 1: WEBGL_debug_renderer_info is deprecated in Firefox and will be removed. Please use RENDERER.
1739418250604	Marionette	INFO	Stopped listening on port 57596
Dynamically enable window occlusion 1
