1729837434339	geckodriver	INFO	Listening on 127.0.0.1:58566
1729837437375	mozrunner::runner	INFO	Running command: "C:\\Program Files\\Mozilla Firefox\\firefox.exe" "--marionette" "--remote-debugging-port" "58567" "--remote-allow-hosts" "localhost" "-no-remote" "-profile" "D:\\Users\\sasikumarj\\AppData\\Local\\Temp\\rust_mozprofiledsFFhH"
console.warn: services.settings: Ignoring preference override of remote settings server
console.warn: services.settings: Allow by setting MOZ_REMOTE_SETTINGS_DEVTOOLS=1 in the environment
Dynamically enable window occlusion 0
1729837438036	Marionette	INFO	Marionette enabled
1729837438298	Marionette	INFO	Listening on port 58574
WebDriver BiDi listening on ws://127.0.0.1:58567
Read port: 58574
1729837438568	RemoteAgent	WARN	TLS certificate errors will be ignored for this session
DevTools listening on ws://127.0.0.1:58567/devtools/browser/b132ba68-c8fb-4512-8296-03b74292ebf9
JavaScript warning: https://int-replay-wsj-elections.ore.onservo.com/election/_next/static/chunks/main-c0569e4635de2e62.js, line 1: unreachable code after return statement
JavaScript error: https://cdn.cxense.com/sp1.html#ver=2.8.82&typ=pgv&rnd=m2ocjvn8q5trd1x6&sid=1134002947328204066&loc=https%3A%2F%2Fwww.dev.wsj.com%2F&new=1&arf=0&ltm=1729837445880&ref=&tzo=-330&wsz=1278x497&res=1278x622&dpr=1&col=24&bln=en-US&chs=UTF-8&cks=m2ocjvob3jg8rqey&ckp=m2ocjvn8jlfs6nu5&glb=&cp_userState=anon&cp_testGroup=46&cp_env=staging&cp_topDomain=wsj.com&cp_access=free&cp_section=US%20Home%20Page&cp_subsection=&cp_cms_name=CAPS&cp_subscriber=nonsubscriber&cp_edition=naus&cp_bucket=8&cp_ab_bucket=68&cp_pageContentSource=WSJ%20Online&cp_pageContentType=Home&cp_pageContentTypeDetai=desktopweb&cp_pageSiteProduct=WSJ&cp_userTags=&cp_sessionState=none, line 1: TypeError: cX.loadScript is not a function
JavaScript warning: https://int-replay-wsj-elections.ore.onservo.com/election/_next/static/chunks/main-c0569e4635de2e62.js, line 1: unreachable code after return statement
JavaScript error: , line 0: uncaught exception: out of memory
out of memory: 0x0000000000000468 bytes requested
[GFX[GFX1-]: CompositorBridgeChild receives IPC close with reason=Abno[GFX1-]: Co1-]: Co[rm[[GFX1-]: CompositorBridgeChild receives IPC close with reason=AbnormalShutdown
mpositorBridgeChild receives IPC close with reason=AbnormalShutdown
GFX1-]: CompositorBridgeChild receives IPC close with reason=AbnormalShutdown
alShutdown
Exiting due to channel error.
mGFX1-]: CompositorBridgeChild receives IPC close with reason=AbnormalShutdown
JavaScript error: , line 0: uncaught exception: out of memory
[GFX1-]: CompositorBridgeChild receives IPC close with reason=AbnormalShutdown
Exiting due to channel error.
Exiting due to channel error.
Exiting due to channel error.
