1739423671630	geckodriver	INFO	Listening on 127.0.0.1:65111
1739423674680	mozrunner::runner	INFO	Running command: "C:\\Program Files\\Mozilla Firefox\\firefox.exe" "--marionette" "--remote-debugging-port" "65112" "--remote-allow-hosts" "localhost" "-no-remote" "-profile" "D:\\Users\\sasikumarj\\AppData\\Local\\Temp\\rust_mozprofileFVRlWC"
console.warn: services.settings: Ignoring preference override of remote settings server
console.warn: services.settings: Allow by setting MOZ_REMOTE_SETTINGS_DEVTOOLS=1 in the environment
Dynamically enable window occlusion 0
1739423675329	Marionette	INFO	Marionette enabled
1739423675590	Marionette	INFO	Listening on port 65128
Read port: 65128
WebDriver BiDi listening on ws://127.0.0.1:65112
1739423675746	RemoteAgent	WARN	TLS certificate errors will be ignored for this session
console.error: Policies: 
  Download failed - ERROR_CORRUPT_FILE - file://C:\Program Files\Snow Software\Inventory\Agent\FFCloudmetering.xpi
DevTools listening on ws://127.0.0.1:65112/devtools/browser/84579b93-dcb5-46fe-96bc-0afdc9b0d68a
console.error: ({})
console.error: ({})
JavaScript error: https://www.barrons.com/asset/dj-watchlist/v1.14.3/p-0633e57d.entry.js, line 11: TypeError: Error.captureStackTrace is not a function
JavaScript warning: https://js-agent.newrelic.com/nr-1044.min.js, line 1: Script terminated by timeout at:
r@https://js-agent.newrelic.com/nr-1044.min.js:1:22526
[15]</r/<@https://js-agent.newrelic.com/nr-1044.min.js:1:9115

console.error: ({})
console.error: ({})
JavaScript warning: https://pagead2.googlesyndication.com/bg/8ZaB7jRsaaU-biZOJz6O6mNB_fDMtsHVeu7uD0tG4og.js line 2 > eval line 2741 > eval line 1 > eval line 1 > eval, line 1: WEBGL_debug_renderer_info is deprecated in Firefox and will be removed. Please use RENDERER.
JavaScript warning: https://cdn.gbqofs.com/sv/b/detector-bootstrap.min.js, line 0: Successfully compiled asm.js code (total compilation time 2ms)
JavaScript error: https://cdn.cxense.com/sp1.html#ver=2.8.90&typ=pgv&rnd=m72vycu2vx8ib7ve&sid=9222325317970825875&loc=https%3A%2F%2Fwww.barrons.com%2Farticles%2Fwendys-wen-stock-earnings-51652268634&new=1&arf=0&ltm=1739423689906&ref=&tzo=-330&wsz=1280x595&res=1280x720&dpr=1&col=24&bln=en-US&chs=UTF-8&cks=m72vydkyvzdlhbrv&ckp=m72vycu2s4klnrbt&glb=&amo=1652281620&cp_userState=anon, line 1: TypeError: cX.loadScript is not a function
JavaScript warning: https://pagead2.googlesyndication.com/bg/8ZaB7jRsaaU-biZOJz6O6mNB_fDMtsHVeu7uD0tG4og.js line 2 > eval line 2503 > eval line 1 > eval line 1 > eval, line 1: WEBGL_debug_renderer_info is deprecated in Firefox and will be removed. Please use RENDERER.
console.warn: WindowsJumpLists: "Failed to fetch favicon for " "https://www.barrons.com/articles/wendys-wen-stock-earnings-51652268634" ({})
console.warn: WindowsJumpLists: "Failed to fetch favicon for " "https://www.barrons.com/" ({})
console.warn: WindowsJumpLists: "Failed to fetch favicon for " "https://www.barrons.com/articles/wendys-wen-stock-earnings-51652268634" ({})
console.warn: WindowsJumpLists: "Failed to fetch favicon for " "https://www.barrons.com/" ({})
console.warn: WindowsJumpLists: "Failed to fetch favicon for " "https://www.barrons.com/articles/wendys-wen-stock-earnings-51652268634" ({})
console.warn: WindowsJumpLists: "Failed to fetch favicon for " "https://www.barrons.com/" ({})
console.warn: WindowsJumpLists: "Failed to fetch favicon for " "https://www.barrons.com/articles/wendys-wen-stock-earnings-51652268634" ({})
console.warn: WindowsJumpLists: "Failed to fetch favicon for " "https://www.barrons.com/" ({})
console.warn: WindowsJumpLists: "Failed to fetch favicon for " "https://www.barrons.com/articles/wendys-wen-stock-earnings-51652268634" ({})
console.warn: WindowsJumpLists: "Failed to fetch favicon for " "https://www.barrons.com/" ({})
Exiting due to channel error.
[GFX1-]: CompositorBridgeChild receives IPC close[GFX1-]: CompositorBridgeChild receives IPC close with reason=AbnormalShutdown
 with reason=AbnormalShutdown
[GFX1-]: Composit[orBridgeC[GFX1-]:[GFX1-]: Comp[ositorBr[[[GFX1-]: Compositor[GFX1-]: [G[FX1-G[GFX1-]: Compositor[GFX1-]: Co[mpositorBridgeChild receives IPC close with reason=AbnormalShutdown
GFX1-]: CompositorBridgeChild receives IPC close with reason=AbnormalShutdown
Exiting due to channel error.
GFX1-]idge]: CompositorBridgeChild receives IPC close with reason=AbnormalShutdown
hild receives IPC close with reason=AbnormalShutdown
 CompositorBridgeChild receives IPC close with reason=AbnormalShutdown
[GFX1-]: CompositorBridgeChild receives IPC close with reason=AbnormalShutdown
BridgeChild r[GFX1-]: CompositorBridgeChild receives IPC closeG: CompositorBridgeChildExiting due to channel error.
eceives IPC close with reason=AbnormalShutdown
Exiting due to channel error.
Exiting due to channel error.
 with reason=AbnorGFX1-]: CompositorBridgeChild receives IPC close with reason=AbnormalShutdown
[Child receives IPC close with reason=AbnormalShutdown
BridgeChild receives IPC close with reason=AbnormalShutdown
malShutdown
CompositorBridgeChild receives IPC close with reason=AbnormalShutdown
FX1-]: CompositorBridgeChild receives IPC close with reason=AbnormalShutdown
Exiting due to channel error.
Exiting due to channel error.
Exiting due to channel error.
 Exiting due to channel error.
Exiting due to channel error.
Exiting due to channel error.
Exiting due to channel error.
