1739263611991	geckodriver	INFO	Listening on 127.0.0.1:64655
1739263615047	mozrunner::runner	INFO	Running command: "C:\\Program Files\\Mozilla Firefox\\firefox.exe" "--marionette" "--remote-debugging-port" "64656" "--remote-allow-hosts" "localhost" "-no-remote" "-profile" "D:\\Users\\sasikumarj\\AppData\\Local\\Temp\\rust_mozprofileGrphlR"
console.warn: services.settings: Ignoring preference override of remote settings server
console.warn: services.settings: Allow by setting MOZ_REMOTE_SETTINGS_DEVTOOLS=1 in the environment
Dynamically enable window occlusion 0
1739263615667	Marionette	INFO	Marionette enabled
1739263615930	Marionette	INFO	Listening on port 64668
WebDriver BiDi listening on ws://127.0.0.1:64656
Read port: 64668
console.error: Policies: 
  Download failed - ERROR_CORRUPT_FILE - file://C:\Program Files\Snow Software\Inventory\Agent\FFCloudmetering.xpi
1739263616185	RemoteAgent	WARN	TLS certificate errors will be ignored for this session
DevTools listening on ws://127.0.0.1:64656/devtools/browser/e1c05973-42da-4444-803e-22cbe174ffa2
JavaScript error: https://www.marketwatch.com/_next/static/chunks/framework-364277b257ab34c0.js, line 9: Error: Minified React error #425; visit https://reactjs.org/docs/error-decoder.html?invariant=425 for the full message or use the non-minified dev environment for full errors and additional helpful warnings.
JavaScript error: https://www.marketwatch.com/_next/static/chunks/framework-364277b257ab34c0.js, line 9: Error: Minified React error #418; visit https://reactjs.org/docs/error-decoder.html?invariant=418 for the full message or use the non-minified dev environment for full errors and additional helpful warnings.
JavaScript error: https://www.marketwatch.com/_next/static/chunks/framework-364277b257ab34c0.js, line 9: Error: Minified React error #418; visit https://reactjs.org/docs/error-decoder.html?invariant=418 for the full message or use the non-minified dev environment for full errors and additional helpful warnings.
JavaScript error: https://www.marketwatch.com/_next/static/chunks/framework-364277b257ab34c0.js, line 9: Error: Minified React error #418; visit https://reactjs.org/docs/error-decoder.html?invariant=418 for the full message or use the non-minified dev environment for full errors and additional helpful warnings.
JavaScript error: https://www.marketwatch.com/_next/static/chunks/framework-364277b257ab34c0.js, line 9: Error: Minified React error #418; visit https://reactjs.org/docs/error-decoder.html?invariant=418 for the full message or use the non-minified dev environment for full errors and additional helpful warnings.
JavaScript error: https://www.marketwatch.com/_next/static/chunks/framework-364277b257ab34c0.js, line 9: Error: Minified React error #418; visit https://reactjs.org/docs/error-decoder.html?invariant=418 for the full message or use the non-minified dev environment for full errors and additional helpful warnings.
JavaScript error: https://www.marketwatch.com/_next/static/chunks/framework-364277b257ab34c0.js, line 9: Error: Minified React error #418; visit https://reactjs.org/docs/error-decoder.html?invariant=418 for the full message or use the non-minified dev environment for full errors and additional helpful warnings.
JavaScript error: https://www.marketwatch.com/_next/static/chunks/framework-364277b257ab34c0.js, line 9: Error: Minified React error #418; visit https://reactjs.org/docs/error-decoder.html?invariant=418 for the full message or use the non-minified dev environment for full errors and additional helpful warnings.
JavaScript error: https://www.marketwatch.com/_next/static/chunks/framework-364277b257ab34c0.js, line 9: Error: Minified React error #418; visit https://reactjs.org/docs/error-decoder.html?invariant=418 for the full message or use the non-minified dev environment for full errors and additional helpful warnings.
JavaScript error: https://www.marketwatch.com/_next/static/chunks/framework-364277b257ab34c0.js, line 9: Error: Minified React error #418; visit https://reactjs.org/docs/error-decoder.html?invariant=418 for the full message or use the non-minified dev environment for full errors and additional helpful warnings.
JavaScript error: https://www.marketwatch.com/_next/static/chunks/framework-364277b257ab34c0.js, line 9: Error: Minified React error #418; visit https://reactjs.org/docs/error-decoder.html?invariant=418 for the full message or use the non-minified dev environment for full errors and additional helpful warnings.
JavaScript error: https://www.marketwatch.com/_next/static/chunks/framework-364277b257ab34c0.js, line 9: Error: Minified React error #418; visit https://reactjs.org/docs/error-decoder.html?invariant=418 for the full message or use the non-minified dev environment for full errors and additional helpful warnings.
JavaScript error: https://www.marketwatch.com/_next/static/chunks/framework-364277b257ab34c0.js, line 9: Error: Minified React error #418; visit https://reactjs.org/docs/error-decoder.html?invariant=418 for the full message or use the non-minified dev environment for full errors and additional helpful warnings.
JavaScript error: https://www.marketwatch.com/_next/static/chunks/framework-364277b257ab34c0.js, line 9: Error: Minified React error #418; visit https://reactjs.org/docs/error-decoder.html?invariant=418 for the full message or use the non-minified dev environment for full errors and additional helpful warnings.
JavaScript error: https://www.marketwatch.com/_next/static/chunks/framework-364277b257ab34c0.js, line 9: Error: Minified React error #418; visit https://reactjs.org/docs/error-decoder.html?invariant=418 for the full message or use the non-minified dev environment for full errors and additional helpful warnings.
JavaScript error: https://www.marketwatch.com/_next/static/chunks/framework-364277b257ab34c0.js, line 9: Error: Minified React error #418; visit https://reactjs.org/docs/error-decoder.html?invariant=418 for the full message or use the non-minified dev environment for full errors and additional helpful warnings.
JavaScript error: https://www.marketwatch.com/_next/static/chunks/framework-364277b257ab34c0.js, line 9: Error: Minified React error #423; visit https://reactjs.org/docs/error-decoder.html?invariant=423 for the full message or use the non-minified dev environment for full errors and additional helpful warnings.
JavaScript warning: https://www.datadoghq-browser-agent.com/datadog-logs-v4.js, line 1: Script terminated by timeout at:
d@https://www.datadoghq-browser-agent.com/datadog-logs-v4.js:1:884
l/<@https://www.datadoghq-browser-agent.com/datadog-logs-v4.js:1:853

JavaScript warning: https://www.gstatic.com/_/mss/boq-subscribewithgoogle/_/js/k=boq-subscribewithgoogle.SubscribewithgoogleClientUi.en_US.tZhg3nKY5-E.es5.O/am=GAy4AQ/d=1/excm=_b,_tp,serviceiframeview/ed=1/dg=0/wt=2/ujg=1/rs=ABXTjI5OlFsYJ0iU8gv_vSavbw00ZEP4OA/m=_b,_tp, line 309: Script terminated by timeout at:
c@https://www.gstatic.com/_/mss/boq-subscribewithgoogle/_/js/k=boq-subscribewithgoogle.SubscribewithgoogleClientUi.en_US.tZhg3nKY5-E.es5.O/am=GAy4AQ/d=1/excm=_b,_tp,serviceiframeview/ed=1/dg=0/wt=2/ujg=1/rs=ABXTjI5OlFsYJ0iU8gv_vSavbw00ZEP4OA/m=_b,_tp:309:187
b@https://www.gstatic.com/_/mss/boq-subscribewithgoogle/_/js/k=boq-subscribewithgoogle.SubscribewithgoogleClientUi.en_US.tZhg3nKY5-E.es5.O/am=GAy4AQ/d=1/excm=_b,_tp,serviceiframeview/ed=1/dg=0/wt=2/ujg=1/rs=ABXTjI5OlFsYJ0iU8gv_vSavbw00ZEP4OA/m=_b,_tp:300:48

JavaScript warning: https://pagead2.googlesyndication.com/bg/VPXMjhhSnF_0w04UBhtYgswssitSTY9737JJt5i4JB8.js line 2 > eval line 7463 > eval line 1 > eval line 1 > eval, line 1: WEBGL_debug_renderer_info is deprecated in Firefox and will be removed. Please use RENDERER.
JavaScript error: https://cdn.cxense.com/sp1.html#ver=2.8.90&typ=pgv&rnd=m708nocgm8idyka3&sid=9222325317970825873&loc=https%3A%2F%2Fwww.marketwatch.com%2Falerts&new=1&arf=0&ltm=1739263628035&ref=&tzo=-330&wsz=1278x497&res=1278x622&dpr=1&col=24&bln=en-US&chs=UTF-8&cks=m708nodyu5mx1jns&ckp=m708nocg5t1lgrct&glb=&cp_userState=anon&cp_testGroup=95&cp_topDomain=marketwatch.com&cp_pwTag=default&cp_pwPlacement=cx-articlecover&cp_pwCampaign=226&cp_pwType=free&cp_template=preview&cp_access=free&cp_section=Portfolio&cp_subsection=Alerts&cp_subscriber=nonsubscriber&cp_edition=naus&cp_bucket=1&cp_ab_bucket=51&cp_pageContentSource=MarketWatch&cp_pageContentType=ResearchTools&cp_pageContentTypeDetai=tools&cp_pageSiteProduct=MW&cp_userTags=&cp_sessionState=none, line 1: TypeError: cX.loadScript is not a function
JavaScript warning: https://cdn.gbqofs.com/sv/b/detector-bootstrap.min.js, line 0: Successfully compiled asm.js code (total compilation time 4ms)
JavaScript error: https://cdn.gbqofs.com/sv/b/detector-bootstrap.min.js, line 10: ChunkLoadError: Loading chunk 92 failed.
(error: https://cdn.gbqofs.com/sv/b/detector-lazy.min.js)
JavaScript warning: https://cdn.cxense.com/cx.js, line 6: Script terminated by timeout at:
r@https://cdn.cxense.com/cx.js:6:1244
l<@https://cdn.cxense.com/cx.js:6:1807
$i@https://cdn.cxense.com/cx.js:6:52727
po@https://cdn.cxense.com/cx.js:6:55125
ua@https://cdn.cxense.com/cx.js:6:70769
fa/<@https://cdn.cxense.com/cx.js:6:71076
nrWrapper@https://www.marketwatch.com/alerts:96:17759

console.warn: LoginRecipes: "Falling back to a synchronous message for: https://sso.accounts.dowjones.com."
console.warn: LoginRecipes: "Falling back to a synchronous message for: https://sso.accounts.dowjones.com."
JavaScript warning: https://pagead2.googlesyndication.com/bg/VPXMjhhSnF_0w04UBhtYgswssitSTY9737JJt5i4JB8.js line 2 > eval line 2513 > eval line 1 > eval line 1 > eval, line 1: WEBGL_debug_renderer_info is deprecated in Firefox and will be removed. Please use RENDERER.
JavaScript warning: https://cdn.gbqofs.com/sv/b/detector-bootstrap.min.js, line 0: Successfully compiled asm.js code (total compilation time 3ms)
1739263663476	Marionette	INFO	Stopped listening on port 64668
JavaScript warning: https://www.marketwatch.com/alerts, line 96: Script terminated by timeout at:
nrWrapper@https://www.marketwatch.com/alerts:96:17609

Dynamically enable window occlusion 1
