1739264731909	geckodriver	INFO	Listening on 127.0.0.1:57019
1739264734968	mozrunner::runner	INFO	Running command: "C:\\Program Files\\Mozilla Firefox\\firefox.exe" "--marionette" "--remote-debugging-port" "57020" "--remote-allow-hosts" "localhost" "-no-remote" "-profile" "D:\\Users\\sasikumarj\\AppData\\Local\\Temp\\rust_mozprofileR4NhzV"
console.warn: services.settings: Ignoring preference override of remote settings server
console.warn: services.settings: Allow by setting MOZ_REMOTE_SETTINGS_DEVTOOLS=1 in the environment
Dynamically enable window occlusion 0
1739264735633	Marionette	INFO	Marionette enabled
1739264735896	Marionette	INFO	Listening on port 57032
WebDriver BiDi listening on ws://127.0.0.1:57020
Read port: 57032
console.error: Policies: 
  Download failed - ERROR_CORRUPT_FILE - file://C:\Program Files\Snow Software\Inventory\Agent\FFCloudmetering.xpi
1739264736156	RemoteAgent	WARN	TLS certificate errors will be ignored for this session
DevTools listening on ws://127.0.0.1:57020/devtools/browser/bf0933c8-40a0-4770-a046-f07aa95b99be
JavaScript error: https://cdn.cxense.com/sp1.html#ver=2.8.90&typ=pgv&rnd=m709bloi699b2ywt&sid=9222318613852486900&loc=https%3A%2F%2Fwww.wsj.com%2Farticles%2Ftwitter-elon-musk-to-argue-over-trial-timetable-to-force-44-billion-takeover-11658223001%3Fcx_testId%3D3%26cx_testVariant%3Dcx_5%26cx_artPos%3D6%26mod%3DWTRN%23cxrecs_s&new=1&arf=0&ltm=1739264746271&ref=&tzo=-330&wsz=1280x595&res=1280x720&dpr=1&col=24&bln=en-US&chs=UTF-8&cks=m709bn8binii3i1e&ckp=m709bn6dzhvj0efd&glb=&amo=1658316780&cp_userState=anon&cp_testId=3&cp_testVariant=cx_5&cp_artPos=6&cp_testGroup=42&cp_topDomain=wsj.com&cp_pwTag=default&cp_pwPlacement=cx-snippetad&cp_pwCampaign=28324&cp_pwType=personalized&cp_navSource=WTRN&cp_type=Technology&cp_template=preview&cp_access=paid&cp_section=Tech&cp_subsection=Tech&cp_cms_name=Methode&cp_vix=&cp_subscriber=nonsubscriber&cp_edition=naus&cp_bucket=4&cp_ab_bucket=24&cp_pageContentSource=WSJ%20Online&cp_pageContentType=Article&cp_pageContentTypeDetai=standard&cp_pageSiteProduct=WSJ&cp_userTags=&cp_sessionState=none, line 1: TypeError: cX.loadScript is not a function
JavaScript warning: https://pagead2.googlesyndication.com/bg/VPXMjhhSnF_0w04UBhtYgswssitSTY9737JJt5i4JB8.js line 2 > eval line 5345 > eval line 1 > eval line 1 > eval, line 1: WEBGL_debug_renderer_info is deprecated in Firefox and will be removed. Please use RENDERER.
JavaScript warning: https://cdn.gbqofs.com/sv/b/detector-bootstrap.min.js, line 0: Successfully compiled asm.js code (total compilation time 3ms)
JavaScript warning: https://pagead2.googlesyndication.com/bg/VPXMjhhSnF_0w04UBhtYgswssitSTY9737JJt5i4JB8.js line 2 > eval line 1697 > eval line 1 > eval line 1 > eval, line 1: WEBGL_debug_renderer_info is deprecated in Firefox and will be removed. Please use RENDERER.
1739264759065	Marionette	WARN	Ignoring event 'DOMContentLoaded' because document has an invalid readyState of 'complete'.
1739264789085	Marionette	WARN	Ignoring event 'pageshow' because document has an invalid readyState of 'uninitialized'.
JavaScript warning: https://pagead2.googlesyndication.com/bg/VPXMjhhSnF_0w04UBhtYgswssitSTY9737JJt5i4JB8.js line 2 > eval line 2002 > eval line 1 > eval line 1 > eval, line 1: WEBGL_debug_renderer_info is deprecated in Firefox and will be removed. Please use RENDERER.
JavaScript warning: https://tpc.googlesyndication.com/sodar/sodar2.js, line 25: Script terminated by timeout at:
ra@https://tpc.googlesyndication.com/sodar/sodar2.js:25:394
ua@https://tpc.googlesyndication.com/sodar/sodar2.js:25:737
va/<@https://tpc.googlesyndication.com/sodar/sodar2.js:25:1251
va@https://tpc.googlesyndication.com/sodar/sodar2.js:25:1003
Ca/<@https://tpc.googlesyndication.com/sodar/sodar2.js:27:194
H@https://tpc.googlesyndication.com/sodar/sodar2.js:10:294
ma/this.next@https://tpc.googlesyndication.com/sodar/sodar2.js:11:89
na/<@https://tpc.googlesyndication.com/sodar/sodar2.js:11:488
na@https://tpc.googlesyndication.com/sodar/sodar2.js:11:377
I@https://tpc.googlesyndication.com/sodar/sodar2.js:12:22
Ca@https://tpc.googlesyndication.com/sodar/sodar2.js:27:29
Ta/<@https://tpc.googlesyndication.com/sodar/sodar2.js:37:298
H@https://tpc.googlesyndication.com/sodar/sodar2.js:10:294
ma/this.next@https://tpc.googlesyndication.com/sodar/sodar2.js:11:89
na/<@https://tpc.googlesyndication.com/sodar/sodar2.js:11:488
na@https://tpc.googlesyndication.com/sodar/sodar2.js:11:377
I@https://tpc.googlesyndication.com/sodar/sodar2.js:12:22
Ta@https://tpc.googlesyndication.com/sodar/sodar2.js:37:205
Z.prototype.m/<@https://tpc.googlesyndication.com/sodar/sodar2.js:43:506
H@https://tpc.googlesyndication.com/sodar/sodar2.js:10:294
ma/this.next@https://tpc.googlesyndication.com/sodar/sodar2.js:11:89
na/<@https://tpc.googlesyndication.com/sodar/sodar2.js:11:488
na@https://tpc.googlesyndication.com/sodar/sodar2.js:11:377
I@https://tpc.googlesyndication.com/sodar/sodar2.js:12:22
Z.prototype.m@https://tpc.googlesyndication.com/sodar/sodar2.js:43:391
ab@https://tpc.googlesyndication.com/sodar/sodar2.js:44:152
@https://tpc.googlesyndication.com/sodar/sodar2.js:44:193
@https://tpc.googlesyndication.com/sodar/sodar2.js:44:397
@https://tpc.googlesyndication.com/sodar/sodar2.js:44:403

JavaScript warning: https://pagead2.googlesyndication.com/bg/VPXMjhhSnF_0w04UBhtYgswssitSTY9737JJt5i4JB8.js line 2 > eval line 5069 > eval line 1 > eval line 1 > eval, line 1: WEBGL_debug_renderer_info is deprecated in Firefox and will be removed. Please use RENDERER.
console.warn: WindowsJumpLists: "Failed to fetch favicon for " "https://www.wsj.com/articles/twitter-elon-musk-to-argue-over-trial-timetable-to-force-44-billion-takeover-11658223001?cx_testId=3&cx_testVariant=cx_5&cx_artPos=6&mod=WTRN#cxrecs_s" ({})
console.warn: WindowsJumpLists: "Failed to fetch favicon for " "https://www.wsj.com/" ({})
JavaScript warning: https://pagead2.googlesyndication.com/bg/VPXMjhhSnF_0w04UBhtYgswssitSTY9737JJt5i4JB8.js line 2 > eval line 1871 > eval line 1 > eval line 1 > eval, line 1: WEBGL_debug_renderer_info is deprecated in Firefox and will be removed. Please use RENDERER.
console.warn: WindowsJumpLists: "Failed to fetch favicon for " "https://www.wsj.com/articles/twitter-elon-musk-to-argue-over-trial-timetable-to-force-44-billion-takeover-11658223001?cx_testId=3&cx_testVariant=cx_5&cx_artPos=6&mod=WTRN#cxrecs_s" ({})
console.warn: WindowsJumpLists: "Failed to fetch favicon for " "https://www.wsj.com/" ({})
console.warn: WindowsJumpLists: "Failed to fetch favicon for " "https://www.wsj.com/articles/twitter-elon-musk-to-argue-over-trial-timetable-to-force-44-billion-takeover-11658223001?cx_testId=3&cx_testVariant=cx_5&cx_artPos=6&mod=WTRN#cxrecs_s" ({})
console.warn: WindowsJumpLists: "Failed to fetch favicon for " "https://www.wsj.com/" ({})
console.warn: WindowsJumpLists: "Failed to fetch favicon for " "https://www.wsj.com/articles/twitter-elon-musk-to-argue-over-trial-timetable-to-force-44-billion-takeover-11658223001?cx_testId=3&cx_testVariant=cx_5&cx_artPos=6&mod=WTRN#cxrecs_s" ({})
console.warn: WindowsJumpLists: "Failed to fetch favicon for " "https://www.wsj.com/" ({})
console.warn: WindowsJumpLists: "Failed to fetch favicon for " "https://www.wsj.com/articles/twitter-elon-musk-to-argue-over-trial-timetable-to-force-44-billion-takeover-11658223001?cx_testId=3&cx_testVariant=cx_5&cx_artPos=6&mod=WTRN#cxrecs_s" ({})
console.warn: WindowsJumpLists: "Failed to fetch favicon for " "https://www.wsj.com/" ({})
console.warn: WindowsJumpLists: "Failed to fetch favicon for " "https://www.wsj.com/articles/twitter-elon-musk-to-argue-over-trial-timetable-to-force-44-billion-takeover-11658223001?cx_testId=3&cx_testVariant=cx_5&cx_artPos=6&mod=WTRN#cxrecs_s" ({})
console.warn: WindowsJumpLists: "Failed to fetch favicon for " "https://www.wsj.com/" ({})
console.warn: WindowsJumpLists: "Failed to fetch favicon for " "https://www.wsj.com/articles/twitter-elon-musk-to-argue-over-trial-timetable-to-force-44-billion-takeover-11658223001?cx_testId=3&cx_testVariant=cx_5&cx_artPos=6&mod=WTRN#cxrecs_s" ({})
console.warn: WindowsJumpLists: "Failed to fetch favicon for " "https://www.wsj.com/" ({})
console.warn: WindowsJumpLists: "Failed to fetch favicon for " "https://www.wsj.com/articles/twitter-elon-musk-to-argue-over-trial-timetable-to-force-44-billion-takeover-11658223001?cx_testId=3&cx_testVariant=cx_5&cx_artPos=6&mod=WTRN#cxrecs_s" ({})
console.warn: WindowsJumpLists: "Failed to fetch favicon for " "https://www.wsj.com/" ({})
console.warn: WindowsJumpLists: "Failed to fetch favicon for " "https://www.wsj.com/articles/twitter-elon-musk-to-argue-over-trial-timetable-to-force-44-billion-takeover-11658223001?cx_testId=3&cx_testVariant=cx_5&cx_artPos=6&mod=WTRN#cxrecs_s" ({})
console.warn: WindowsJumpLists: "Failed to fetch favicon for " "https://www.wsj.com/" ({})
console.warn: WindowsJumpLists: "Failed to fetch favicon for " "https://www.wsj.com/articles/twitter-elon-musk-to-argue-over-trial-timetable-to-force-44-billion-takeover-11658223001?cx_testId=3&cx_testVariant=cx_5&cx_artPos=6&mod=WTRN#cxrecs_s" ({})
console.warn: WindowsJumpLists: "Failed to fetch favicon for " "https://www.wsj.com/" ({})
console.warn: WindowsJumpLists: "Failed to fetch favicon for " "https://www.wsj.com/articles/twitter-elon-musk-to-argue-over-trial-timetable-to-force-44-billion-takeover-11658223001?cx_testId=3&cx_testVariant=cx_5&cx_artPos=6&mod=WTRN#cxrecs_s" ({})
console.warn: WindowsJumpLists: "Failed to fetch favicon for " "https://www.wsj.com/" ({})
console.warn: WindowsJumpLists: "Failed to fetch favicon for " "https://www.wsj.com/articles/twitter-elon-musk-to-argue-over-trial-timetable-to-force-44-billion-takeover-11658223001?cx_testId=3&cx_testVariant=cx_5&cx_artPos=6&mod=WTRN#cxrecs_s" ({})
console.warn: WindowsJumpLists: "Failed to fetch favicon for " "https://www.wsj.com/" ({})
console.warn: WindowsJumpLists: "Failed to fetch favicon for " "https://www.wsj.com/articles/twitter-elon-musk-to-argue-over-trial-timetable-to-force-44-billion-takeover-11658223001?cx_testId=3&cx_testVariant=cx_5&cx_artPos=6&mod=WTRN#cxrecs_s" ({})
console.warn: WindowsJumpLists: "Failed to fetch favicon for " "https://www.wsj.com/" ({})
console.warn: WindowsJumpLists: "Failed to fetch favicon for " "https://www.wsj.com/articles/twitter-elon-musk-to-argue-over-trial-timetable-to-force-44-billion-takeover-11658223001?cx_testId=3&cx_testVariant=cx_5&cx_artPos=6&mod=WTRN#cxrecs_s" ({})
console.warn: WindowsJumpLists: "Failed to fetch favicon for " "https://www.wsj.com/" ({})
Exiting due to channel error.
Exiting due to channel error.
Exiting due to channel error.
[GFX1-]: CompositorBridgeChild receives IPC close with reason=Ab[[n[GormalShutdown
[GFX1-][GFX1-][[G[GFX1-]: Compo[s[:F[GFX1[GFX1-]: CompositorBridgeC[G[GFX1-]: C[GFompositorBrX1-]: CidgeChild receives IPC [GFX[GFX1-]: CompositorBridgeChild receive[s IPC close with reason[=AbnormalShutdown
GFX1-]: CompositorBridgeChild receives IPC close with reason=AbnormalShutdown
FX1-]: CompositorBridgeChild receives IPC close with reason=AbnormalShutdown
[GFX1-]: CompositorBridgeChild receives IPC close with reason=AbnormalShutdown
: CompositorBridgeChild receives IPC close with reason=AbnormalShutdown
GFX1-]: CompositorBridgeChild receives IPC close with reason=AbnorGFX1-]: CompositorBridgeChild receives IPC close with reason=AbnormalShutdown
ompositorBridgeChild receives IPC close with reason=AbnormalShutdown
close with reason=AbnormalShutdown
[GFX1-]: CompositorBridgeChild receives IPC close with reason=AbnormalShutdown
1-]: CompositorBridgeChild receives IPC close with reason=AbnormalShutdown
GFX1-]: CompositorBridgeChild receives IPC close with reason=AbnormalShutdown
GFX1-]: CompositorBridgeChild receives IPC close with reason=AbnormalShutdown
itorBridgeChild receives IPC close with reasonmalShutdown
GFX1-]: CompositorBridgeChild receives IPC close with reason=AbnormalShutdown
=AbnormalShutdown
 CompositorBridgeChild receives IPC close with reason=AbnormalShutdown
Exiting due to channel error.
Exiting due to channel error.
X1-]: CompositorBridgeChild receives IP-]: CompositorBridgeChild receives IPC close with reason=AbnormalShutdown
Exiting due to channel error.
Exiting due to channel error.
Exiting due to channel error.
Exiting due to channel error.
Exiting due to channel error.
Exiting due to channel error.
Exiting due to channel error.
Exiting due to channel error.
Exiting due to channel error.
Exiting due to channel error.
Exiting due to channel error.
Exiting due to channel error.
Exiting due to channel error.
GC close with reason=AbnormalShutdown
[GFX1-]: CompositorBridgeChild receives IPC close with reason=AbnormalShutdown
[Fh[[Exiting due to channel error.
Exiting due to channel error.
