1739463808202	geckodriver	INFO	Listening on 127.0.0.1:59320
1739463811245	mozrunner::runner	INFO	Running command: "C:\\Program Files\\Mozilla Firefox\\firefox.exe" "--marionette" "--remote-debugging-port" "59321" "--remote-allow-hosts" "localhost" "-no-remote" "-profile" "D:\\Users\\sasikumarj\\AppData\\Local\\Temp\\rust_mozprofilexW3DJF"
console.warn: services.settings: Ignoring preference override of remote settings server
console.warn: services.settings: Allow by setting MOZ_REMOTE_SETTINGS_DEVTOOLS=1 in the environment
Dynamically enable window occlusion 0
1739463811913	Marionette	INFO	Marionette enabled
1739463812243	Marionette	INFO	Listening on port 59329
WebDriver BiDi listening on ws://127.0.0.1:59321
Read port: 59329
console.error: Policies: 
  Download failed - ERROR_CORRUPT_FILE - file://C:\Program Files\Snow Software\Inventory\Agent\FFCloudmetering.xpi
1739463812633	RemoteAgent	WARN	TLS certificate errors will be ignored for this session
DevTools listening on ws://127.0.0.1:59321/devtools/browser/2c100993-7f68-401a-b8f7-7713a809131c
console.error: ({})
console.error: ({})
JavaScript error: https://www.barrons.com/asset/dj-watchlist/v1.14.3/p-0633e57d.entry.js, line 11: TypeError: Error.captureStackTrace is not a function
JavaScript warning: https://js-agent.newrelic.com/nr-1044.min.js, line 1: Script terminated by timeout at:
r@https://js-agent.newrelic.com/nr-1044.min.js:1:22526
[15]</r/<@https://js-agent.newrelic.com/nr-1044.min.js:1:9115

console.error: ({})
console.error: ({})
JavaScript warning: https://cdn.gbqofs.com/sv/b/detector-bootstrap.min.js, line 0: Successfully compiled asm.js code (total compilation time 3ms)
JavaScript warning: https://pagead2.googlesyndication.com/bg/7X-uH5y0gJvnB4v7ISI4IqoVijK-ve8_b-uQfZfzdL4.js line 2 > eval line 7143 > eval line 1 > eval line 1 > eval, line 1: WEBGL_debug_renderer_info is deprecated in Firefox and will be removed. Please use RENDERER.
JavaScript error: https://cdn.cxense.com/sp1.html#ver=2.8.90&typ=pgv&rnd=m73juk191rky8o3v&sid=9222325317970825875&loc=https%3A%2F%2Fwww.barrons.com%2Farticles%2Fwendys-wen-stock-earnings-51652268634&new=1&arf=0&ltm=1739463823344&ref=&tzo=-330&wsz=1280x595&res=1280x720&dpr=1&col=24&bln=en-US&chs=UTF-8&cks=m73jukn7z4g1i2e0&ckp=m73juk19ifrby5n0&glb=&amo=1652281620&cp_userState=anon, line 1: TypeError: cX.loadScript is not a function
JavaScript warning: https://pagead2.googlesyndication.com/bg/7X-uH5y0gJvnB4v7ISI4IqoVijK-ve8_b-uQfZfzdL4.js line 2 > eval line 7822 > eval line 1 > eval line 1 > eval, line 1: WEBGL_debug_renderer_info is deprecated in Firefox and will be removed. Please use RENDERER.
console.warn: WindowsJumpLists: "Failed to fetch favicon for " "https://www.barrons.com/articles/wendys-wen-stock-earnings-51652268634" ({})
console.warn: WindowsJumpLists: "Failed to fetch favicon for " "https://www.barrons.com/" ({})
console.warn: WindowsJumpLists: "Failed to fetch favicon for " "https://www.barrons.com/articles/wendys-wen-stock-earnings-51652268634" ({})
console.warn: WindowsJumpLists: "Failed to fetch favicon for " "https://www.barrons.com/" ({})
console.warn: WindowsJumpLists: "Failed to fetch favicon for " "https://www.barrons.com/articles/wendys-wen-stock-earnings-51652268634" ({})
console.warn: WindowsJumpLists: "Failed to fetch favicon for " "https://www.barrons.com/" ({})
console.warn: WindowsJumpLists: "Failed to fetch favicon for " "https://www.barrons.com/articles/wendys-wen-stock-earnings-51652268634" ({})
console.warn: WindowsJumpLists: "Failed to fetch favicon for " "https://www.barrons.com/" ({})
console.warn: WindowsJumpLists: "Failed to fetch favicon for " "https://www.barrons.com/articles/wendys-wen-stock-earnings-51652268634" ({})
console.warn: WindowsJumpLists: "Failed to fetch favicon for " "https://www.barrons.com/" ({})
console.warn: WindowsJumpLists: "Failed to fetch favicon for " "https://www.barrons.com/articles/wendys-wen-stock-earnings-51652268634" ({})
console.warn: WindowsJumpLists: "Failed to fetch favicon for " "https://www.barrons.com/" ({})
[GFX1-]: wr_renderer_render: OutOfMemory
[GFX1-]: Handling webrender error 2
[Parent 16508, Main Thread] WARNING: base::KillProcess refusing to terminate process handle 0: file /builds/worker/checkouts/gecko/ipc/chromium/src/base/process_util_win.cc:350
[GFX1-]: CompositorBridgeChild receives IPC close with reason=AbnormalShutdown
[GFX1-]: CompositorBridgeChild receives IPC close with reason=AbnormalShutdown
[GFX1-]: CompositorBridgeChild rece[GFX1-]: CompositorBridgeChild rec[GFX1-[[GFX1-]: Composi[GFX1-]: CompositorBridgeChild receives IPC close with reason=AbnormalShutdown
[GFX1-]: [GFX1-]: Composit[GFX1-]: CompositorBridgeChild receives IPC close with reason=AbnormalShutdown[G[GFX1-]: CompositorBridgeChild receives IPC close with reason=Abnorma[[GFX1-]:[G[[[[[[[GFX1-]: CompositorBri[[[G]:[GFX1-]: CompositorBridgeChild receives IPC close with reason=AbnormalShutdown
eives IPC close with reason=AbnormalShutdown
FX1-]: CompositorBridgeChild receives IPC close with reason=AbnormalShutdow
dgeChi Composito CompositorBridgeChild receives IPC close with reason=AbnormalShutdown
lShutdown
ives IPC close with reason=AbnormalShutdown
GFX1-]: CompositorBridgeChild receives IPC close with reason=AbnormalShutdown
[GFX1-]: CompositorBridgeChild receives IPC c[GFX1-]: CompositorBridgeChild receives IPC close with reason=GFX1ld receives IPC close with reason=AbnormalShutdowGFX1-]: CompositorBridgeChild receives IPC close with reason=AbnormalShutdown
FX1-]: CompositorBridgeChild receives IPC close with reason=AbnormalShutdown
GFX1-GFX1-]: CompositorBridgeChild receives IPC close FX1-]: CompositorBridgeChild receives IPCtorBridgeChild receives IPC close with reason=AbnormalShutdown
 close with reason=AbnormalShutdown
CompositorBridgeChild receives IPC close with reason=AbnormalShutdown
rBridgeChild receives IPC close with reason=AbnormalShutdown
n
GFX1-]: CompositoGFX1-]: CompositorBridgeChild receives IPC close with reason=AbnormalShutdown
orBridgeChild receives IPC close with reason=AbnormalShutdown
GFX1-]: CompositorBridgeChild receives IPC close with reason=AbnormalShutdown
GFX1-]: CompositorBridgeChild receives IPC close with reason=AbnormalShutdown
rBridgeChild receives IPC close with reason=AbnormalShutdown
with reason=AbnormalShutdown
-]: CompositorBridgeChild receives IPC close with reason=AbnormAbnormalShutdown
[GFX1-]: CompositorBridgeChild receives IPC close with reason=AbnormalShutdown
lose with reason=AbnormalShutdown
alShutdown
n
GFX1-]: CompositorBridgeChild receives IPC close with reason=AbnormalShutdown
[GFX1-]: CompositorBridgeChild receives IPC close with reason=AbnormalShutdown
]: CompositorBridgeChild receives IPC close with reason=AbnormalShutdown
[GFX1-]: wr_renderer_render: OutOfMemory
[GFX1-]: Handling webrender error 2
[GFX1-]: Fallback SW-WR + D3D11 to SW-WR
Exiting due to channel error.
[GFX1-]: CompositorBridgeChild receives IPC close with reason=AbnormalShutdown
[GFX1-]: CompositorBridgeChild re[GFX1-]: CompositorBridgeChild receives IPC cl[GFX1-]: CompositorBridgeChi[[GFX1-]: CompositorBridgeChild receives IPC close with reason=AbnormalShutdown[[[[[[[[[o[[[[[[[[[[[[c[GFX1-]: CompositorBridgeChild receives IPC close with reason=AbnormalShutdown
ld receiGFXGFXGF
X1-]: CompositorBridgeChild receives IPC close with reason=AbnormalShutdown
GFX1-]: CompositorBridgeChild receives IPC close with reason=AbnormalShutdown
GFX1-]: CompositorBridgeChild receives IPC close with reason=AbnormalShutdown
GFX1-]: CompositorBridgeChild receives IPC close with reason=AbnormalShutdown
GFX1-]: Cov1-]: CompositorBridgeChild receives IPC close with reason=AbnormalShutdown
Exiting due to channel error.
Exiting due to channel error.
Exiting due to channel error.
Exiting due to channel error.
Exiting due to channel error.
Exiting due to channel error.
Exiting due to channel error.
Exiting due to channel error.
Exiting due to channel error.
Exiting due to channel error.
Exiting due to channel error.
Exiting due to channel error.
Exiting due to channel error.
GmGGGGsGGeGGFX1-]: CompositorBridgeChild receives IPC close with reason=AbnormalShutdown
Exiting due to channel error.
GG