1738918485289	geckodriver	INFO	Listening on 127.0.0.1:49291
1738918488328	mozrunner::runner	INFO	Running command: "C:\\Program Files\\Mozilla Firefox\\firefox.exe" "--marionette" "--remote-debugging-port" "49292" "--remote-allow-hosts" "localhost" "-no-remote" "-profile" "D:\\Users\\sasikumarj\\AppData\\Local\\Temp\\rust_mozprofileJYFzOX"
console.warn: services.settings: Ignoring preference override of remote settings server
console.warn: services.settings: Allow by setting MOZ_REMOTE_SETTINGS_DEVTOOLS=1 in the environment
Dynamically enable window occlusion 0
1738918488948	Marionette	INFO	Marionette enabled
1738918489225	Marionette	INFO	Listening on port 49305
WebDriver BiDi listening on ws://127.0.0.1:49292
Read port: 49305
console.error: Policies: 
  Download failed - ERROR_CORRUPT_FILE - file://C:\Program Files\Snow Software\Inventory\Agent\FFCloudmetering.xpi
1738918489512	RemoteAgent	WARN	TLS certificate errors will be ignored for this session
DevTools listening on ws://127.0.0.1:49292/devtools/browser/532d4733-a007-40e8-a1e3-abf66415f770
JavaScript warning: https://newscorp.okta.com/assets/js/sdk/okta-signin-widget/7.27.3/js/okta-sign-in.min.js, line 99: Script terminated by timeout at:
G@https://newscorp.okta.com/assets/js/sdk/okta-signin-widget/7.27.3/js/okta-sign-in.min.js:99:29137
get@https://newscorp.okta.com/assets/js/sdk/okta-signin-widget/7.27.3/js/okta-sign-in.min.js:99:29669
trigger@https://newscorp.okta.com/assets/js/sdk/okta-signin-widget/7.27.3/js/okta-sign-in.min.js:99:68172
simulate@https://newscorp.okta.com/assets/js/sdk/okta-signin-widget/7.27.3/js/okta-sign-in.min.js:99:68744
n@https://newscorp.okta.com/assets/js/sdk/okta-signin-widget/7.27.3/js/okta-sign-in.min.js:99:69036
s@https://newscorp.okta.com/assets/js/mvc/sentry-wrapper/sentry-wrapper.pack.2e080a109dbfd00f748e7dab5f49a815.js:1:42573

1738918498303	Marionette	INFO	Stopped listening on port 49305
Dynamically enable window occlusion 1
JavaScript error: chrome://remote/content/marionette/cert.sys.mjs, line 47: NS_ERROR_NOT_AVAILABLE: Component returned failure code: 0x80040111 (NS_ERROR_NOT_AVAILABLE) [nsICertOverrideService.setDisableAllSecurityChecksAndLetAttackersInterceptMyData]
!!! error running onStopped callback: TypeError: callback is not a function
1738918498427	WebDriver BiDi	ERROR	Failed to stop protocol: [Exception... "Component returned failure code: 0x80040111 (NS_ERROR_NOT_AVAILABLE) [nsICertOverrideService.setDisableAllSecurityChecksAndLetAttackersInterceptMyData]"  nsresult: "0x80040111 (NS_ERROR_NOT_AVAILABLE)"  location: "JS frame :: chrome://remote/content/marionette/cert.sys.mjs :: allowAllCerts.disable :: line 47"  data: no] Stack trace: allowAllCerts.disable()@cert.sys.mjs:47
destroy()@Session.sys.mjs:280
deleteSession()@WebDriverBiDi.sys.mjs:174
stop()@WebDriverBiDi.sys.mjs:264
observe()@resource://gre/modules/AsyncShutdown.sys.mjs:569
