1738929224203	geckodriver	INFO	Listening on 127.0.0.1:54577
1738929227253	mozrunner::runner	INFO	Running command: "C:\\Program Files\\Mozilla Firefox\\firefox.exe" "--marionette" "--remote-debugging-port" "54578" "--remote-allow-hosts" "localhost" "-no-remote" "-profile" "D:\\Users\\sasikumarj\\AppData\\Local\\Temp\\rust_mozprofileQEcWnd"
console.warn: services.settings: Ignoring preference override of remote settings server
console.warn: services.settings: Allow by setting MOZ_REMOTE_SETTINGS_DEVTOOLS=1 in the environment
Dynamically enable window occlusion 0
1738929227889	Marionette	INFO	Marionette enabled
1738929228144	Marionette	INFO	Listening on port 54591
WebDriver BiDi listening on ws://127.0.0.1:54578
Read port: 54591
console.error: Policies: 
  Download failed - ERROR_CORRUPT_FILE - file://C:\Program Files\Snow Software\Inventory\Agent\FFCloudmetering.xpi
1738929228399	RemoteAgent	WARN	TLS certificate errors will be ignored for this session
DevTools listening on ws://127.0.0.1:54578/devtools/browser/c8c71e2d-7835-4724-ac0f-21bee4b79658
1738929233666	Marionette	WARN	Ignoring event 'DOMContentLoaded' because document has an invalid readyState of 'complete'.
JavaScript error: https://www.marketwatch.com/_next/static/chunks/framework-364277b257ab34c0.js, line 9: Error: Minified React error #425; visit https://reactjs.org/docs/error-decoder.html?invariant=425 for the full message or use the non-minified dev environment for full errors and additional helpful warnings.
JavaScript error: https://www.marketwatch.com/_next/static/chunks/framework-364277b257ab34c0.js, line 9: Error: Minified React error #418; visit https://reactjs.org/docs/error-decoder.html?invariant=418 for the full message or use the non-minified dev environment for full errors and additional helpful warnings.
JavaScript error: https://www.marketwatch.com/_next/static/chunks/framework-364277b257ab34c0.js, line 9: Error: Minified React error #418; visit https://reactjs.org/docs/error-decoder.html?invariant=418 for the full message or use the non-minified dev environment for full errors and additional helpful warnings.
JavaScript error: https://www.marketwatch.com/_next/static/chunks/framework-364277b257ab34c0.js, line 9: Error: Minified React error #418; visit https://reactjs.org/docs/error-decoder.html?invariant=418 for the full message or use the non-minified dev environment for full errors and additional helpful warnings.
JavaScript error: https://www.marketwatch.com/_next/static/chunks/framework-364277b257ab34c0.js, line 9: Error: Minified React error #418; visit https://reactjs.org/docs/error-decoder.html?invariant=418 for the full message or use the non-minified dev environment for full errors and additional helpful warnings.
JavaScript error: https://www.marketwatch.com/_next/static/chunks/framework-364277b257ab34c0.js, line 9: Error: Minified React error #418; visit https://reactjs.org/docs/error-decoder.html?invariant=418 for the full message or use the non-minified dev environment for full errors and additional helpful warnings.
JavaScript error: https://www.marketwatch.com/_next/static/chunks/framework-364277b257ab34c0.js, line 9: Error: Minified React error #418; visit https://reactjs.org/docs/error-decoder.html?invariant=418 for the full message or use the non-minified dev environment for full errors and additional helpful warnings.
JavaScript error: https://www.marketwatch.com/_next/static/chunks/framework-364277b257ab34c0.js, line 9: Error: Minified React error #418; visit https://reactjs.org/docs/error-decoder.html?invariant=418 for the full message or use the non-minified dev environment for full errors and additional helpful warnings.
JavaScript error: https://www.marketwatch.com/_next/static/chunks/framework-364277b257ab34c0.js, line 9: Error: Minified React error #418; visit https://reactjs.org/docs/error-decoder.html?invariant=418 for the full message or use the non-minified dev environment for full errors and additional helpful warnings.
JavaScript error: https://www.marketwatch.com/_next/static/chunks/framework-364277b257ab34c0.js, line 9: Error: Minified React error #418; visit https://reactjs.org/docs/error-decoder.html?invariant=418 for the full message or use the non-minified dev environment for full errors and additional helpful warnings.
JavaScript error: https://www.marketwatch.com/_next/static/chunks/framework-364277b257ab34c0.js, line 9: Error: Minified React error #418; visit https://reactjs.org/docs/error-decoder.html?invariant=418 for the full message or use the non-minified dev environment for full errors and additional helpful warnings.
JavaScript error: https://www.marketwatch.com/_next/static/chunks/framework-364277b257ab34c0.js, line 9: Error: Minified React error #418; visit https://reactjs.org/docs/error-decoder.html?invariant=418 for the full message or use the non-minified dev environment for full errors and additional helpful warnings.
JavaScript error: https://www.marketwatch.com/_next/static/chunks/framework-364277b257ab34c0.js, line 9: Error: Minified React error #418; visit https://reactjs.org/docs/error-decoder.html?invariant=418 for the full message or use the non-minified dev environment for full errors and additional helpful warnings.
JavaScript error: https://www.marketwatch.com/_next/static/chunks/framework-364277b257ab34c0.js, line 9: Error: Minified React error #418; visit https://reactjs.org/docs/error-decoder.html?invariant=418 for the full message or use the non-minified dev environment for full errors and additional helpful warnings.
JavaScript error: https://www.marketwatch.com/_next/static/chunks/framework-364277b257ab34c0.js, line 9: Error: Minified React error #418; visit https://reactjs.org/docs/error-decoder.html?invariant=418 for the full message or use the non-minified dev environment for full errors and additional helpful warnings.
JavaScript error: https://www.marketwatch.com/_next/static/chunks/framework-364277b257ab34c0.js, line 9: Error: Minified React error #418; visit https://reactjs.org/docs/error-decoder.html?invariant=418 for the full message or use the non-minified dev environment for full errors and additional helpful warnings.
JavaScript error: https://www.marketwatch.com/_next/static/chunks/framework-364277b257ab34c0.js, line 9: Error: Minified React error #423; visit https://reactjs.org/docs/error-decoder.html?invariant=423 for the full message or use the non-minified dev environment for full errors and additional helpful warnings.
JavaScript error: https://dr5dymrsxhdzh.cloudfront.net/files/40dd4de7/combined/3d1cc39d2b1e431b8befd35856de3b1b.js, line 70: TypeError: e.data.indexOf is not a function
JavaScript error: https://dr5dymrsxhdzh.cloudfront.net/files/40dd4de7/combined/3d1cc39d2b1e431b8befd35856de3b1b.js, line 70: TypeError: e.data.indexOf is not a function
JavaScript error: https://dr5dymrsxhdzh.cloudfront.net/files/40dd4de7/combined/3d1cc39d2b1e431b8befd35856de3b1b.js, line 70: TypeError: e.data.indexOf is not a function
JavaScript error: https://dr5dymrsxhdzh.cloudfront.net/files/40dd4de7/combined/3d1cc39d2b1e431b8befd35856de3b1b.js, line 70: TypeError: e.data.indexOf is not a function
JavaScript error: https://dr5dymrsxhdzh.cloudfront.net/files/40dd4de7/combined/3d1cc39d2b1e431b8befd35856de3b1b.js, line 70: TypeError: e.data.indexOf is not a function
JavaScript error: https://dr5dymrsxhdzh.cloudfront.net/files/40dd4de7/combined/3d1cc39d2b1e431b8befd35856de3b1b.js, line 70: TypeError: e.data.indexOf is not a function
JavaScript error: https://dr5dymrsxhdzh.cloudfront.net/files/40dd4de7/combined/3d1cc39d2b1e431b8befd35856de3b1b.js, line 70: TypeError: e.data.indexOf is not a function
JavaScript warning: https://pagead2.googlesyndication.com/bg/dKsKVnRDvnN7x3_VHBWCXOB1uWbHu1pWqkNfYXa-ZYg.js line 2 > eval line 3172 > eval line 1 > eval line 1 > eval, line 1: WEBGL_debug_renderer_info is deprecated in Firefox and will be removed. Please use RENDERER.
JavaScript error: https://dr5dymrsxhdzh.cloudfront.net/files/40dd4de7/combined/3d1cc39d2b1e431b8befd35856de3b1b.js, line 70: TypeError: e.data.indexOf is not a function
JavaScript error: https://dr5dymrsxhdzh.cloudfront.net/files/40dd4de7/combined/3d1cc39d2b1e431b8befd35856de3b1b.js, line 70: TypeError: e.data.indexOf is not a function
JavaScript error: https://dr5dymrsxhdzh.cloudfront.net/files/40dd4de7/combined/3d1cc39d2b1e431b8befd35856de3b1b.js, line 70: TypeError: e.data.indexOf is not a function
JavaScript error: https://dr5dymrsxhdzh.cloudfront.net/files/40dd4de7/combined/3d1cc39d2b1e431b8befd35856de3b1b.js, line 70: TypeError: e.data.indexOf is not a function
JavaScript warning: https://pagead2.googlesyndication.com/bg/dKsKVnRDvnN7x3_VHBWCXOB1uWbHu1pWqkNfYXa-ZYg.js line 2 > eval line 3347 > eval line 1 > eval line 1 > eval, line 1: WEBGL_debug_renderer_info is deprecated in Firefox and will be removed. Please use RENDERER.
JavaScript warning: https://cdn.gbqofs.com/sv/b/detector-bootstrap.min.js, line 0: Successfully compiled asm.js code (total compilation time 3ms)
JavaScript error: https://cdn.cxense.com/sp1.html#ver=2.8.90&typ=pgv&rnd=m6upkgqxxd9af1ka&sid=9222325317970825873&loc=https%3A%2F%2Fwww.marketwatch.com%2Fstory%2Fis-the-u-s-stock-market-closed-on-juneteenth-what-investors-need-to-know-11655230158&new=1&arf=0&ltm=1738929238992&ref=&tzo=-330&wsz=1280x595&res=1280x720&dpr=1&col=24&bln=en-US&chs=UTF-8&cks=m6upko1d7zdge6tm&ckp=m6upkk3vqxfmympc&glb=&amo=1655731440&cp_userState=anon&cp_testGroup=60&cp_loadDelay=4.9&cp_topDomain=marketwatch.com&cp_pwTag=default&cp_pwPlacement=cx-articlecover&cp_pwCampaign=226&cp_pwType=free&cp_type=Market%20Extra&cp_template=preview&cp_access=paid&cp_section=Markets&cp_subsection=Markets&cp_cms_name=MarketWatch%20CMS%20(PROD)&cp_vix=&cp_subscriber=nonsubscriber&cp_edition=naus&cp_bucket=6&cp_ab_bucket=6&cp_pageContentSource=MarketWatch&cp_pageContentType=Article&cp_pageContentTypeDetai=standard&cp_pageSiteProduct=MW&cp_userTags=&cp_sessionState=none, line 1: TypeError: cX.loadScript is not a function
1738929248583	Marionette	WARN	Ignoring event 'pageshow' because document has an invalid readyState of 'loading'.
1738929250373	Marionette	WARN	Ignoring event 'pageshow' because document has an invalid readyState of 'uninitialized'.
JavaScript warning: https://www.marketwatch.com/story/is-the-u-s-stock-market-closed-on-juneteenth-what-investors-need-to-know-11655230158, line 104: Script terminated by timeout at:
nrWrapper@https://www.marketwatch.com/story/is-the-u-s-stock-market-closed-on-juneteenth-what-investors-need-to-know-11655230158:104:17609

JavaScript warning: https://www.datadoghq-browser-agent.com/datadog-logs-v4.js, line 1: Script terminated by timeout at:
d@https://www.datadoghq-browser-agent.com/datadog-logs-v4.js:1:884
l/<@https://www.datadoghq-browser-agent.com/datadog-logs-v4.js:1:853

JavaScript warning: https://gum.criteo.com/syncframe?origin=criteoPrebidAdapter&topUrl=www.marketwatch.com&us_privacy=1YNN&gpp=DBABRg~BVoAACA&gpp_sid=9#{%22cw%22:true,%22lsw%22:true,%22origin%22:%22criteoPrebidAdapter%22,%22requestId%22:%220.6341220673954538%22,%22tld%22:%22www.marketwatch.com%22,%22topUrl%22:%22www.marketwatch.com%22,%22version%22:%229_12_0%22}, line 13: Script terminated by timeout at:
r.prototype.flushEventQueue@https://gum.criteo.com/syncframe?origin=criteoPrebidAdapter&topUrl=www.marketwatch.com&us_privacy=1YNN&gpp=DBABRg~BVoAACA&gpp_sid=9#{%22cw%22:true,%22lsw%22:true,%22origin%22:%22criteoPrebidAdapter%22,%22requestId%22:%220.6341220673954538%22,%22tld%22:%22www.marketwatch.com%22,%22topUrl%22:%22www.marketwatch.com%22,%22version%22:%229_12_0%22}:13:3137
r/<@https://gum.criteo.com/syncframe?origin=criteoPrebidAdapter&topUrl=www.marketwatch.com&us_privacy=1YNN&gpp=DBABRg~BVoAACA&gpp_sid=9#{%22cw%22:true,%22lsw%22:true,%22origin%22:%22criteoPrebidAdapter%22,%22requestId%22:%220.6341220673954538%22,%22tld%22:%22www.marketwatch.com%22,%22topUrl%22:%22www.marketwatch.com%22,%22version%22:%229_12_0%22}:13:3642

JavaScript warning: https://static.cloudflareinsights.com/beacon.min.js/vcd15cbe7772f49c399c6a5babf22c1241717689176015, line 1: Script terminated by timeout at:
752/t.sendObjectBeacon@https://static.cloudflareinsights.com/beacon.min.js/vcd15cbe7772f49c399c6a5babf22c1241717689176015:1:9098
B@https://static.cloudflareinsights.com/beacon.min.js/vcd15cbe7772f49c399c6a5babf22c1241717689176015:1:4927
168/<@https://static.cloudflareinsights.com/beacon.min.js/vcd15cbe7772f49c399c6a5babf22c1241717689176015:1:2797

console.warn: LoginRecipes: "Falling back to a synchronous message for: https://sso.accounts.dowjones.com."
console.warn: LoginRecipes: "Falling back to a synchronous message for: https://sso.accounts.dowjones.com."
JavaScript warning: https://sso.accounts.dowjones.com/datadome/tags.js, line 2: Script terminated by timeout at:
@https://sso.accounts.dowjones.com/datadome/tags.js:2:161129

JavaScript error: https://www.marketwatch.com/_next/static/chunks/framework-364277b257ab34c0.js, line 9: Error: Minified React error #425; visit https://reactjs.org/docs/error-decoder.html?invariant=425 for the full message or use the non-minified dev environment for full errors and additional helpful warnings.
JavaScript error: https://www.marketwatch.com/_next/static/chunks/framework-364277b257ab34c0.js, line 9: Error: Minified React error #418; visit https://reactjs.org/docs/error-decoder.html?invariant=418 for the full message or use the non-minified dev environment for full errors and additional helpful warnings.
JavaScript error: https://www.marketwatch.com/_next/static/chunks/framework-364277b257ab34c0.js, line 9: Error: Minified React error #418; visit https://reactjs.org/docs/error-decoder.html?invariant=418 for the full message or use the non-minified dev environment for full errors and additional helpful warnings.
JavaScript error: https://www.marketwatch.com/_next/static/chunks/framework-364277b257ab34c0.js, line 9: Error: Minified React error #418; visit https://reactjs.org/docs/error-decoder.html?invariant=418 for the full message or use the non-minified dev environment for full errors and additional helpful warnings.
JavaScript error: https://www.marketwatch.com/_next/static/chunks/framework-364277b257ab34c0.js, line 9: Error: Minified React error #418; visit https://reactjs.org/docs/error-decoder.html?invariant=418 for the full message or use the non-minified dev environment for full errors and additional helpful warnings.
JavaScript error: https://www.marketwatch.com/_next/static/chunks/framework-364277b257ab34c0.js, line 9: Error: Minified React error #418; visit https://reactjs.org/docs/error-decoder.html?invariant=418 for the full message or use the non-minified dev environment for full errors and additional helpful warnings.
JavaScript error: https://www.marketwatch.com/_next/static/chunks/framework-364277b257ab34c0.js, line 9: Error: Minified React error #418; visit https://reactjs.org/docs/error-decoder.html?invariant=418 for the full message or use the non-minified dev environment for full errors and additional helpful warnings.
JavaScript error: https://www.marketwatch.com/_next/static/chunks/framework-364277b257ab34c0.js, line 9: Error: Minified React error #418; visit https://reactjs.org/docs/error-decoder.html?invariant=418 for the full message or use the non-minified dev environment for full errors and additional helpful warnings.
JavaScript error: https://www.marketwatch.com/_next/static/chunks/framework-364277b257ab34c0.js, line 9: Error: Minified React error #418; visit https://reactjs.org/docs/error-decoder.html?invariant=418 for the full message or use the non-minified dev environment for full errors and additional helpful warnings.
JavaScript error: https://www.marketwatch.com/_next/static/chunks/framework-364277b257ab34c0.js, line 9: Error: Minified React error #418; visit https://reactjs.org/docs/error-decoder.html?invariant=418 for the full message or use the non-minified dev environment for full errors and additional helpful warnings.
JavaScript error: https://www.marketwatch.com/_next/static/chunks/framework-364277b257ab34c0.js, line 9: Error: Minified React error #418; visit https://reactjs.org/docs/error-decoder.html?invariant=418 for the full message or use the non-minified dev environment for full errors and additional helpful warnings.
JavaScript error: https://www.marketwatch.com/_next/static/chunks/framework-364277b257ab34c0.js, line 9: Error: Minified React error #418; visit https://reactjs.org/docs/error-decoder.html?invariant=418 for the full message or use the non-minified dev environment for full errors and additional helpful warnings.
JavaScript error: https://www.marketwatch.com/_next/static/chunks/framework-364277b257ab34c0.js, line 9: Error: Minified React error #418; visit https://reactjs.org/docs/error-decoder.html?invariant=418 for the full message or use the non-minified dev environment for full errors and additional helpful warnings.
JavaScript error: https://www.marketwatch.com/_next/static/chunks/framework-364277b257ab34c0.js, line 9: Error: Minified React error #418; visit https://reactjs.org/docs/error-decoder.html?invariant=418 for the full message or use the non-minified dev environment for full errors and additional helpful warnings.
JavaScript error: https://www.marketwatch.com/_next/static/chunks/framework-364277b257ab34c0.js, line 9: Error: Minified React error #418; visit https://reactjs.org/docs/error-decoder.html?invariant=418 for the full message or use the non-minified dev environment for full errors and additional helpful warnings.
JavaScript error: https://www.marketwatch.com/_next/static/chunks/framework-364277b257ab34c0.js, line 9: Error: Minified React error #418; visit https://reactjs.org/docs/error-decoder.html?invariant=418 for the full message or use the non-minified dev environment for full errors and additional helpful warnings.
JavaScript error: https://www.marketwatch.com/_next/static/chunks/framework-364277b257ab34c0.js, line 9: Error: Minified React error #423; visit https://reactjs.org/docs/error-decoder.html?invariant=423 for the full message or use the non-minified dev environment for full errors and additional helpful warnings.
JavaScript warning: https://cdn.gbqofs.com/sv/b/detector-bootstrap.min.js, line 0: Successfully compiled asm.js code (total compilation time 3ms)
JavaScript warning: https://pagead2.googlesyndication.com/bg/dKsKVnRDvnN7x3_VHBWCXOB1uWbHu1pWqkNfYXa-ZYg.js line 2 > eval line 2007 > eval line 1 > eval line 1 > eval, line 1: WEBGL_debug_renderer_info is deprecated in Firefox and will be removed. Please use RENDERER.
1738929361784	Marionette	WARN	Ignoring event 'pageshow' because document has an invalid readyState of 'loading'.
JavaScript warning: https://pagead2.googlesyndication.com/pagead/managed/js/activeview/current/ufs_web_display.js, line 13: Script terminated by timeout at:
C@https://pagead2.googlesyndication.com/pagead/managed/js/activeview/current/ufs_web_display.js:13:325
h@https://pagead2.googlesyndication.com/pagead/managed/js/activeview/current/ufs_web_display.js:93:449

1738929394349	Marionette	WARN	Ignoring event 'pageshow' because document has an invalid readyState of 'loading'.
1738929471161	Marionette	INFO	Stopped listening on port 54591
Dynamically enable window occlusion 1
1738929471594	Marionette	WARN	No reply from parent process
1738929471596	RemoteAgent	WARN	No reply from parent process
JavaScript warning: https://cdn.js7k.com/rq/iv/inside-20.js, line 1: WEBGL_debug_renderer_info is deprecated in Firefox and will be removed. Please use RENDERER.
JavaScript error: , line 0: TypeError: NetworkError when attempting to fetch resource.
JavaScript error: , line 0: TypeError: NetworkError when attempting to fetch resource.
JavaScript error: , line 0: TypeError: NetworkError when attempting to fetch resource.
JavaScript error: , line 0: TypeError: NetworkError when attempting to fetch resource.
