1739270077497	geckodriver	INFO	Listening on 127.0.0.1:49474
1739270080561	mozrunner::runner	INFO	Running command: "C:\\Program Files\\Mozilla Firefox\\firefox.exe" "--marionette" "--remote-debugging-port" "49475" "--remote-allow-hosts" "localhost" "-no-remote" "-profile" "D:\\Users\\sasikumarj\\AppData\\Local\\Temp\\rust_mozprofileIzSQ3W"
console.warn: services.settings: Ignoring preference override of remote settings server
console.warn: services.settings: Allow by setting MOZ_REMOTE_SETTINGS_DEVTOOLS=1 in the environment
Dynamically enable window occlusion 0
1739270081259	Marionette	INFO	Marionette enabled
1739270081536	Marionette	INFO	Listening on port 49495
WebDriver BiDi listening on ws://127.0.0.1:49475
Read port: 49495
console.error: Policies: 
  Download failed - ERROR_CORRUPT_FILE - file://C:\Program Files\Snow Software\Inventory\Agent\FFCloudmetering.xpi
1739270081882	RemoteAgent	WARN	TLS certificate errors will be ignored for this session
DevTools listening on ws://127.0.0.1:49475/devtools/browser/db7285b0-3189-422a-9150-eb7f3b65c30e
JavaScript warning: https://newscorp.okta.com/assets/js/sdk/okta-signin-widget/7.27.3/js/okta-sign-in.min.js, line 99: Script terminated by timeout at:
set@https://newscorp.okta.com/assets/js/sdk/okta-signin-widget/7.27.3/js/okta-sign-in.min.js:99:40407
79602/</x.fn.extend@https://newscorp.okta.com/assets/js/sdk/okta-signin-widget/7.27.3/js/okta-sign-in.min.js:88:2470
simulate@https://newscorp.okta.com/assets/js/sdk/okta-signin-widget/7.27.3/js/okta-sign-in.min.js:99:68690
n@https://newscorp.okta.com/assets/js/sdk/okta-signin-widget/7.27.3/js/okta-sign-in.min.js:99:69036
s@https://newscorp.okta.com/assets/js/mvc/sentry-wrapper/sentry-wrapper.pack.2e080a109dbfd00f748e7dab5f49a815.js:1:42573

1739288899057	Marionette	INFO	Stopped listening on port 49495
Dynamically enable window occlusion 1
!!! error running onStopped callback: TypeError: callback is not a function
