1738933607585	geckodriver	INFO	Listening on 127.0.0.1:51013
1738933610640	mozrunner::runner	INFO	Running command: "C:\\Program Files\\Mozilla Firefox\\firefox.exe" "--marionette" "--remote-debugging-port" "51014" "--remote-allow-hosts" "localhost" "-no-remote" "-profile" "D:\\Users\\sasikumarj\\AppData\\Local\\Temp\\rust_mozprofile68701R"
console.warn: services.settings: Ignoring preference override of remote settings server
console.warn: services.settings: Allow by setting MOZ_REMOTE_SETTINGS_DEVTOOLS=1 in the environment
Dynamically enable window occlusion 0
1738933611268	Marionette	INFO	Marionette enabled
1738933611516	Marionette	INFO	Listening on port 51027
WebDriver BiDi listening on ws://127.0.0.1:51014
Read port: 51027
console.error: Policies: 
  Download failed - ERROR_CORRUPT_FILE - file://C:\Program Files\Snow Software\Inventory\Agent\FFCloudmetering.xpi
1738933611775	RemoteAgent	WARN	TLS certificate errors will be ignored for this session
DevTools listening on ws://127.0.0.1:51014/devtools/browser/8f7112f3-3460-403c-b3ab-8cbb15283618
JavaScript error: , line 0: AbortError: The operation was aborted. 
JavaScript error: https://cdn.cxense.com/sp1.html#ver=2.8.90&typ=pgv&rnd=m6us6i02hdstp159&sid=9222318613852486900&loc=https%3A%2F%2Fwww.wsj.com%2Farticles%2Ftwitter-elon-musk-to-argue-over-trial-timetable-to-force-44-billion-takeover-11658223001%3Fcx_testId%3D3%26cx_testVariant%3Dcx_5%26cx_artPos%3D6%26mod%3DWTRN%23cxrecs_s&new=1&arf=0&ltm=1738933621929&ref=&tzo=-330&wsz=1280x595&res=1280x720&dpr=1&col=24&bln=en-US&chs=UTF-8&cks=m6us6i1haebww140&ckp=m6us6i02xxt26bdh&glb=&amo=1658316780&cp_userState=anon&cp_testId=3&cp_testVariant=cx_5&cp_artPos=6&cp_testGroup=58&cp_topDomain=wsj.com&cp_pwTag=default&cp_pwPlacement=cx-snippetad&cp_pwCampaign=28324&cp_pwType=personalized&cp_navSource=WTRN&cp_type=Technology&cp_template=preview&cp_access=paid&cp_section=Tech&cp_subsection=Tech&cp_cms_name=Methode&cp_vix=&cp_subscriber=nonsubscriber&cp_edition=naus&cp_bucket=9&cp_ab_bucket=99&cp_pageContentSource=WSJ%20Online&cp_pageContentType=Article&cp_pageContentTypeDetai=standard&cp_pageSiteProduct=WSJ&cp_userTags=&cp_sessionState=none, line 1: TypeError: cX.loadScript is not a function
JavaScript warning: https://pagead2.googlesyndication.com/bg/dKsKVnRDvnN7x3_VHBWCXOB1uWbHu1pWqkNfYXa-ZYg.js line 2 > eval line 2343 > eval line 1 > eval line 1 > eval, line 1: WEBGL_debug_renderer_info is deprecated in Firefox and will be removed. Please use RENDERER.
JavaScript error: , line 0: TypeError: NetworkError when attempting to fetch resource.
JavaScript error: , line 0: TypeError: NetworkError when attempting to fetch resource.
JavaScript error: , line 0: TypeError: NetworkError when attempting to fetch resource.
JavaScript warning: https://pagead2.googlesyndication.com/bg/dKsKVnRDvnN7x3_VHBWCXOB1uWbHu1pWqkNfYXa-ZYg.js line 2 > eval line 7144 > eval line 1 > eval line 1 > eval, line 1: WEBGL_debug_renderer_info is deprecated in Firefox and will be removed. Please use RENDERER.
JavaScript warning: https://js-agent.newrelic.com/nr-spa-1.281.0.min.js, line 2: Script terminated by timeout at:
F@https://js-agent.newrelic.com/nr-spa-1.281.0.min.js:2:94840
3922/triggerHarvestFor/</<@https://js-agent.newrelic.com/nr-spa-1.281.0.min.js:2:97583
3922/triggerHarvestFor/<@https://js-agent.newrelic.com/nr-spa-1.281.0.min.js:2:98167
triggerHarvestFor@https://js-agent.newrelic.com/nr-spa-1.281.0.min.js:2:95802
3922/C/t/<@https://js-agent.newrelic.com/nr-spa-1.281.0.min.js:2:95089
t@https://js-agent.newrelic.com/nr-spa-1.281.0.min.js:2:95072
2843/i/<@https://www.wsj.com/articles/twitter-elon-musk-to-argue-over-trial-timetable-to-force-44-billion-takeover-11658223001?cx_testId=3&cx_testVariant=cx_5&cx_artPos=6&mod=WTRN#cxrecs_s:246:15847
nrWrapper@https://www.wsj.com/articles/twitter-elon-musk-to-argue-over-trial-timetable-to-force-44-billion-takeover-11658223001?cx_testId=3&cx_testVariant=cx_5&cx_artPos=6&mod=WTRN#cxrecs_s:246:17759

JavaScript warning: https://pagead2.googlesyndication.com/pagead/managed/js/activeview/current/ufs_web_display.js, line 13: Script terminated by timeout at:
C@https://pagead2.googlesyndication.com/pagead/managed/js/activeview/current/ufs_web_display.js:13:325
h@https://pagead2.googlesyndication.com/pagead/managed/js/activeview/current/ufs_web_display.js:93:449

JavaScript warning: https://imasdk.googleapis.com/js/core/bridge3.684.0_en.html#fid=goog_1037453151, line 456: Script terminated by timeout at:
gD@https://imasdk.googleapis.com/js/core/bridge3.684.0_en.html#fid=goog_1037453151:456:310
kD/this.ba@https://imasdk.googleapis.com/js/core/bridge3.684.0_en.html#fid=goog_1037453151:454:29

console.warn: LoginRecipes: "Falling back to a synchronous message for: https://sso.accounts.dowjones.com."
console.warn: LoginRecipes: "Falling back to a synchronous message for: https://sso.accounts.dowjones.com."
JavaScript error: https://ib.3lift.com/rev/ee7b16b9e186bb4216ceb6eab615bf4094d4c241/dist/bundle.js, line 1: SecurityError: Permission denied to access property "__gpp" on cross-origin object
1738933645897	Marionette	WARN	Ignoring event 'pageshow' because document has an invalid readyState of 'interactive'.
1738933645910	Marionette	WARN	Ignoring event 'pageshow' because document has an invalid readyState of 'loading'.
JavaScript warning: https://pagead2.googlesyndication.com/bg/dKsKVnRDvnN7x3_VHBWCXOB1uWbHu1pWqkNfYXa-ZYg.js line 2 > eval line 5271 > eval line 1 > eval line 1 > eval, line 1: WEBGL_debug_renderer_info is deprecated in Firefox and will be removed. Please use RENDERER.
JavaScript warning: https://pagead2.googlesyndication.com/bg/dKsKVnRDvnN7x3_VHBWCXOB1uWbHu1pWqkNfYXa-ZYg.js line 2 > eval line 6148 > eval line 1 > eval line 1 > eval, line 1: WEBGL_debug_renderer_info is deprecated in Firefox and will be removed. Please use RENDERER.
JavaScript warning: https://cdn.gbqofs.com/sv/b/detector-bootstrap.min.js, line 0: Successfully compiled asm.js code (total compilation time 4ms)
1738933651085	Marionette	WARN	Ignoring event 'DOMContentLoaded' because document has an invalid readyState of 'complete'.
1738933652143	Marionette	WARN	Ignoring event 'pageshow' because document has an invalid readyState of 'loading'.
1738933657295	Marionette	INFO	Stopped listening on port 51027
Dynamically enable window occlusion 1
JavaScript error: , line 0: TypeError: NetworkError when attempting to fetch resource.
