1739268105843	geckodriver	INFO	Listening on 127.0.0.1:58141
1739268109109	mozrunner::runner	INFO	Running command: "C:\\Program Files\\Mozilla Firefox\\firefox.exe" "--marionette" "--remote-debugging-port" "58142" "--remote-allow-hosts" "localhost" "-no-remote" "-profile" "D:\\Users\\sasikumarj\\AppData\\Local\\Temp\\rust_mozprofileaimJRf"
console.warn: services.settings: Ignoring preference override of remote settings server
console.warn: services.settings: Allow by setting MOZ_REMOTE_SETTINGS_DEVTOOLS=1 in the environment
Dynamically enable window occlusion 0
1739268110678	Marionette	INFO	Marionette enabled
1739268111171	Marionette	INFO	Listening on port 58282
WebDriver BiDi listening on ws://127.0.0.1:58142
Read port: 58282
console.error: Policies: 
  Download failed - ERROR_CORRUPT_FILE - file://C:\Program Files\Snow Software\Inventory\Agent\FFCloudmetering.xpi
1739268111613	RemoteAgent	WARN	TLS certificate errors will be ignored for this session
DevTools listening on ws://127.0.0.1:58142/devtools/browser/391e6fa6-020e-4986-9b53-2d2fcc18fa19
JavaScript warning: https://securepubads.g.doubleclick.net/pagead/managed/js/gpt/m202502050101/pubads_impl.js?cb=31090250, line 33: Script terminated by timeout at:
_.w@https://securepubads.g.doubleclick.net/pagead/managed/js/gpt/m202502050101/pubads_impl.js?cb=31090250:33:159890
fT@https://securepubads.g.doubleclick.net/pagead/managed/js/gpt/m202502050101/pubads_impl.js?cb=31090250:33:299181
tk@https://securepubads.g.doubleclick.net/pagead/managed/js/gpt/m202502050101/pubads_impl.js?cb=31090250:33:300330
uk@https://securepubads.g.doubleclick.net/pagead/managed/js/gpt/m202502050101/pubads_impl.js?cb=31090250:33:56496
iT.prototype.l@https://securepubads.g.doubleclick.net/pagead/managed/js/gpt/m202502050101/pubads_impl.js?cb=31090250:33:300895
P.prototype.g@https://securepubads.g.doubleclick.net/pagead/managed/js/gpt/m202502050101/pubads_impl.js?cb=31090250:33:301384
y1.prototype.g@https://securepubads.g.doubleclick.net/pagead/managed/js/gpt/m202502050101/pubads_impl.js?cb=31090250:33:508701
XS.prototype.start/<@https://securepubads.g.doubleclick.net/pagead/managed/js/gpt/m202502050101/pubads_impl.js?cb=31090250:33:298316
XB@https://securepubads.g.doubleclick.net/pagead/managed/js/gpt/m202502050101/pubads_impl.js?cb=31090250:33:161601
ZB/this.next@https://securepubads.g.doubleclick.net/pagead/managed/js/gpt/m202502050101/pubads_impl.js?cb=31090250:33:161900
b@https://securepubads.g.doubleclick.net/pagead/managed/js/gpt/m202502050101/pubads_impl.js?cb=31090250:33:162151
nrWrapper@https://www.marketwatch.com/:358:17759

console.warn: LoginRecipes: "Falling back to a synchronous message for: https://sso.accounts.dowjones.com."
console.warn: LoginRecipes: "Falling back to a synchronous message for: https://sso.accounts.dowjones.com."
console.warn: WindowsJumpLists: "Failed to fetch favicon for " "https://www.marketwatch.com/follow" ({})
JavaScript warning: https://cdn.gbqofs.com/sv/b/detector-bootstrap.min.js, line 0: Successfully compiled asm.js code (total compilation time 3ms)
JavaScript error: https://cdn.cxense.com/sp1.html#ver=2.8.90&typ=pgv&rnd=m70bef4eqk27b3rx&sid=9222325317970825873&loc=https%3A%2F%2Fwww.marketwatch.com%2Ffollow&new=1&arf=0&ltm=1739268235025&ref=&tzo=-330&wsz=1280x595&res=1280x720&dpr=1&col=24&bln=en-US&chs=UTF-8&cks=m70befipnpgdybi3&ckp=m70bef4ej1t1p82j&glb=&eid0=e4cefa22ef027cc0132f0c218da37da39cdb3228234af4df969b5c463592e123&eit0=wsj&cp_userState=anon&cp_testGroup=34&cp_topDomain=marketwatch.com&cp_template=full&cp_access=free&cp_section=Follow&cp_subsection=mw&cp_cms_name=CAPS&cp_subscriber=registered&cp_edition=na%252Cus&cp_bucket=0&cp_ab_bucket=80&cp_pageContentSource=MarketWatch&cp_pageContentType=Follow&cp_pageContentTypeDetai=follow&cp_pageSiteProduct=MW&cp_userTags=&cp_sessionState=ca, line 1: TypeError: cX.loadScript is not a function
JavaScript warning: https://cdn.gbqofs.com/sv/b/detector-bootstrap.min.js, line 0: Successfully compiled asm.js code (total compilation time 2ms)
1739268334026	Marionette	INFO	Stopped listening on port 58282
Dynamically enable window occlusion 1
