1739264642345	geckodriver	INFO	Listening on 127.0.0.1:56569
1739264645397	mozrunner::runner	INFO	Running command: "C:\\Program Files\\Mozilla Firefox\\firefox.exe" "--marionette" "--remote-debugging-port" "56570" "--remote-allow-hosts" "localhost" "-no-remote" "-profile" "D:\\Users\\sasikumarj\\AppData\\Local\\Temp\\rust_mozprofilegSvHbG"
console.warn: services.settings: Ignoring preference override of remote settings server
console.warn: services.settings: Allow by setting MOZ_REMOTE_SETTINGS_DEVTOOLS=1 in the environment
Dynamically enable window occlusion 0
1739264646057	Marionette	INFO	Marionette enabled
1739264646349	Marionette	INFO	Listening on port 56587
WebDriver BiDi listening on ws://127.0.0.1:56570
Read port: 56587
console.error: Policies: 
  Download failed - ERROR_CORRUPT_FILE - file://C:\Program Files\Snow Software\Inventory\Agent\FFCloudmetering.xpi
1739264646621	RemoteAgent	WARN	TLS certificate errors will be ignored for this session
DevTools listening on ws://127.0.0.1:56570/devtools/browser/de17470a-1c58-40dd-9175-747b84278274
JavaScript error: https://cdn.cxense.com/sp1.html#ver=2.8.90&typ=pgv&rnd=m7099oqqvw345xow&sid=1134002947328204066&loc=https%3A%2F%2Fwww.dev.wsj.com%2F&new=1&arf=0&ltm=1739264654981&ref=&tzo=-330&wsz=1280x595&res=1280x720&dpr=1&col=24&bln=en-US&chs=UTF-8&cks=m7099ouhbbylpgnd&ckp=m7099oqqkl4ir6z5&glb=&cp_userState=anon&cp_testGroup=66&cp_env=staging&cp_topDomain=wsj.com&cp_pwTag=default&cp_pwPlacement=cx-snippetad&cp_pwCampaign=28324&cp_pwType=personalized&cp_access=free&cp_section=US%20Home%20Page&cp_subsection=&cp_cms_name=CAPS&cp_subscriber=nonsubscriber&cp_edition=naus&cp_bucket=3&cp_ab_bucket=63&cp_pageContentSource=WSJ%20Online&cp_pageContentType=Home&cp_pageContentTypeDetai=desktopweb&cp_pageSiteProduct=WSJ&cp_userTags=&cp_sessionState=none, line 1: TypeError: cX.loadScript is not a function
JavaScript warning: https://imasdk.googleapis.com/js/core/bridge3.685.0_en.html#fid=goog_1045771614, line 11: Script terminated by timeout at:
v@https://imasdk.googleapis.com/js/core/bridge3.685.0_en.html#fid=goog_1045771614:11:289
jD/this.T@https://imasdk.googleapis.com/js/core/bridge3.685.0_en.html#fid=goog_1045771614:454:37

[GFX1-]: CompositorBridgeChild receives IPC close with reason=AbnormalShutdown
[GFX1-]: CompositorBridgeChild receive[G[GFX1-]: CompositorBridgeChild receives IPC close with reason=AbnormalShutdown
s IPC close with reason=AbnormalShutdown
FX1-]: CompositorBridgeChild receives IPC close with reason=AbnormalShutdown
Exiting due to channel error.
