1729836360574	geckodriver	INFO	Listening on 127.0.0.1:53703
1729836363640	mozrunner::runner	INFO	Running command: "C:\\Program Files\\Mozilla Firefox\\firefox.exe" "--marionette" "--remote-debugging-port" "53704" "--remote-allow-hosts" "localhost" "-no-remote" "-profile" "D:\\Users\\sasikumarj\\AppData\\Local\\Temp\\rust_mozprofile017r5v"
console.warn: services.settings: Ignoring preference override of remote settings server
console.warn: services.settings: Allow by setting MOZ_REMOTE_SETTINGS_DEVTOOLS=1 in the environment
Dynamically enable window occlusion 0
1729836364303	Marionette	INFO	Marionette enabled
1729836364569	Marionette	INFO	Listening on port 53711
WebDriver BiDi listening on ws://127.0.0.1:53704
Read port: 53711
1729836364888	RemoteAgent	WARN	TLS certificate errors will be ignored for this session
DevTools listening on ws://127.0.0.1:53704/devtools/browser/689ea4f8-1d22-4b7d-a5a0-3b1b36aac627
JavaScript warning: https://www.dev.marketwatch.com/_next/static/chunks/main-7c2c5b4ee7ae4ea0.js, line 1: unreachable code after return statement
JavaScript error: https://www.dianomi.com/smartads.epl?id=9825&numAds=4&cf=220.1296.mwartic&url=https%3A%2F%2Fwww.dev.marketwatch.com%2F&unitId=dianomi-9825-Zxs1VWgxveN-l03bKUocIgAAACI0&responsiveHeight=1&contextfeedFrameId=1296-233&gdpr_consent=null&gdpr=null&canServeAds=true&canCookie=true&partner_tcf_status=2.0&partnerTcfStatus=2.0, line 136: NS_ERROR_UNEXPECTED: 
JavaScript error: https://www.dianomi.com/smartads.epl?id=9829&numAds=4&cf=220.1300.MWart&url=https%3A%2F%2Fwww.dev.marketwatch.com%2F&unitId=dianomi-9829-Zxs1VTvfXFo10EhKU9UsdgAAADg0&responsiveHeight=1&contextfeedFrameId=1300-87&gdpr_consent=null&gdpr=null&canServeAds=true&canCookie=true&partner_tcf_status=2.0&partnerTcfStatus=2.0, line 132: NS_ERROR_UNEXPECTED: 
JavaScript error: https://cdn.cxense.com/sp1.html#ver=2.8.82&typ=pgv&rnd=m2obx0irgzgw79qy&sid=1138573015853471556&loc=https%3A%2F%2Fwww.dev.marketwatch.com%2Fauthor%2FCatey-Hill&new=1&arf=0&ltm=1729836379115&ref=&tzo=-330&wsz=1278x497&res=1278x622&dpr=1&col=24&bln=en-US&chs=UTF-8&cks=m2obx0k8314uq6v1&ckp=m2obx0ir9avm9bmu&glb=&cp_userState=anon&cp_testGroup=3&cp_env=staging&cp_topDomain=marketwatch.com&cp_template=full&cp_access=free&cp_section=Author&cp_subsection=Catey%20Hill&cp_cms_name=Peavey&cp_subscriber=nonsubscriber&cp_edition=naus&cp_bucket=8&cp_ab_bucket=88&cp_pageContentSource=MarketWatch&cp_pageContentType=Summaries&cp_pageContentTypeDetai=default&cp_pageSiteProduct=MW&cp_userTags=&cp_sessionState=none, line 1: TypeError: cX.loadScript is not a function
JavaScript warning: https://pagead2.googlesyndication.com/bg/nbFBA6X6-R6L-vgiwwUCSbgu-1WcfjEIvkEfffAnUGA.js line 2 > eval line 2251 > eval line 1 > eval line 1 > eval, line 1: WEBGL_debug_renderer_info is deprecated in Firefox and will be removed. Please use RENDERER.
JavaScript warning: https://cdn.cxense.com/cx.js, line 6: Script terminated by timeout at:
$n@https://cdn.cxense.com/cx.js:6:40546
aa/<@https://cdn.cxense.com/cx.js:6:70745
aa@https://cdn.cxense.com/cx.js:6:70837
ua/<@https://cdn.cxense.com/cx.js:6:70932

JavaScript warning: https://gum.criteo.com/syncframe?origin=criteoPrebidAdapter&topUrl=www.dev.marketwatch.com&us_privacy=1YNN&gpp=DBABRg~BVoAACA&gpp_sid=9#{%22cw%22:true,%22lsw%22:true,%22origin%22:%22criteoPrebidAdapter%22,%22requestId%22:%220.15958388256040645%22,%22tld%22:%22www.dev.marketwatch.com%22,%22topUrl%22:%22www.dev.marketwatch.com%22,%22version%22:%229_12_0%22}, line 13: Script terminated by timeout at:
r.prototype.flushEventQueue@https://gum.criteo.com/syncframe?origin=criteoPrebidAdapter&topUrl=www.dev.marketwatch.com&us_privacy=1YNN&gpp=DBABRg~BVoAACA&gpp_sid=9#{%22cw%22:true,%22lsw%22:true,%22origin%22:%22criteoPrebidAdapter%22,%22requestId%22:%220.15958388256040645%22,%22tld%22:%22www.dev.marketwatch.com%22,%22topUrl%22:%22www.dev.marketwatch.com%22,%22version%22:%229_12_0%22}:13:3137
r/<@https://gum.criteo.com/syncframe?origin=criteoPrebidAdapter&topUrl=www.dev.marketwatch.com&us_privacy=1YNN&gpp=DBABRg~BVoAACA&gpp_sid=9#{%22cw%22:true,%22lsw%22:true,%22origin%22:%22criteoPrebidAdapter%22,%22requestId%22:%220.15958388256040645%22,%22tld%22:%22www.dev.marketwatch.com%22,%22topUrl%22:%22www.dev.marketwatch.com%22,%22version%22:%229_12_0%22}:13:3642

JavaScript error: , line 0: TypeError: NetworkError when attempting to fetch resource.
console.warn: LoginRecipes: "Falling back to a synchronous message for: https://sso.int.accounts.dowjones.com."
console.warn: LoginRecipes: "Falling back to a synchronous message for: https://sso.int.accounts.dowjones.com."
console.warn: LoginRecipes: "Falling back to a synchronous message for: https://sso.int.accounts.dowjones.com."
console.warn: LoginRecipes: "Falling back to a synchronous message for: https://sso.int.accounts.dowjones.com."
JavaScript warning: https://sso.int.accounts.dowjones.com/login-page?client_id=iSKWPA8krOgQVA2np1HMPezSjhjrzKMb&redirect_uri=https%3A%2F%2Fwww.s.dev.marketwatch.com%2Fclient%2Fauth&response_type=code&scope=openid%20idp_id%20roles%20tags%20email%20given_name%20family_name%20uuid%20djid%20djUsername%20djStatus%20trackid%20prts%20updated_at%20created_at%20offline_access&ui_locales=en-us-x-mw-223-2&nonce=b8085eeb-5f01-4258-bbc0-848cea750c95&state=tA_7mlBPnGkwVGKy.fRfERr3ylCo2rF9ZEZi6WzvM4Pi6Hb20NG0mYECWjD70E-7RKPf8chYQVhaHST6Hz7mPNgGjDMv0uw-GLkHZSA&resource=https%253A%252F%252Fwww.s.dev.marketwatch.com%252Ffollow%253Falert%253Dauthor%2526id%253D15_MW&protocol=oauth2&client=iSKWPA8krOgQVA2np1HMPezSjhjrzKMb, line 4: Script terminated by timeout at:
da<@https://sso.int.accounts.dowjones.com/login-page?client_id=iSKWPA8krOgQVA2np1HMPezSjhjrzKMb&redirect_uri=https%3A%2F%2Fwww.s.dev.marketwatch.com%2Fclient%2Fauth&response_type=code&scope=openid%20idp_id%20roles%20tags%20email%20given_name%20family_name%20uuid%20djid%20djUsername%20djStatus%20trackid%20prts%20updated_at%20created_at%20offline_access&ui_locales=en-us-x-mw-223-2&nonce=b8085eeb-5f01-4258-bbc0-848cea750c95&state=tA_7mlBPnGkwVGKy.fRfERr3ylCo2rF9ZEZi6WzvM4Pi6Hb20NG0mYECWjD70E-7RKPf8chYQVhaHST6Hz7mPNgGjDMv0uw-GLkHZSA&resource=https%253A%252F%252Fwww.s.dev.marketwatch.com%252Ffollow%253Falert%253Dauthor%2526id%253D15_MW&protocol=oauth2&client=iSKWPA8krOgQVA2np1HMPezSjhjrzKMb:4:247
T@https://sso.int.accounts.dowjones.com/login-page?client_id=iSKWPA8krOgQVA2np1HMPezSjhjrzKMb&redirect_uri=https%3A%2F%2Fwww.s.dev.marketwatch.com%2Fclient%2Fauth&response_type=code&scope=openid%20idp_id%20roles%20tags%20email%20given_name%20family_name%20uuid%20djid%20djUsername%20djStatus%20trackid%20prts%20updated_at%20created_at%20offline_access&ui_locales=en-us-x-mw-223-2&nonce=b8085eeb-5f01-4258-bbc0-848cea750c95&state=tA_7mlBPnGkwVGKy.fRfERr3ylCo2rF9ZEZi6WzvM4Pi6Hb20NG0mYECWjD70E-7RKPf8chYQVhaHST6Hz7mPNgGjDMv0uw-GLkHZSA&resource=https%253A%252F%252Fwww.s.dev.marketwatch.com%252Ffollow%253Falert%253Dauthor%2526id%253D15_MW&protocol=oauth2&client=iSKWPA8krOgQVA2np1HMPezSjhjrzKMb:15:306
Sa@https://sso.int.accounts.dowjones.com/login-page?client_id=iSKWPA8krOgQVA2np1HMPezSjhjrzKMb&redirect_uri=https%3A%2F%2Fwww.s.dev.marketwatch.com%2Fclient%2Fauth&response_type=code&scope=openid%20idp_id%20roles%20tags%20email%20given_name%20family_name%20uuid%20djid%20djUsername%20djStatus%20trackid%20prts%20updated_at%20created_at%20offline_access&ui_locales=en-us-x-mw-223-2&nonce=b8085eeb-5f01-4258-bbc0-848cea750c95&state=tA_7mlBPnGkwVGKy.fRfERr3ylCo2rF9ZEZi6WzvM4Pi6Hb20NG0mYECWjD70E-7RKPf8chYQVhaHST6Hz7mPNgGjDMv0uw-GLkHZSA&resource=https%253A%252F%252Fwww.s.dev.marketwatch.com%252Ffollow%253Falert%253Dauthor%2526id%253D15_MW&protocol=oauth2&client=iSKWPA8krOgQVA2np1HMPezSjhjrzKMb:28:252
Pa@https://sso.int.accounts.dowjones.com/login-page?client_id=iSKWPA8krOgQVA2np1HMPezSjhjrzKMb&redirect_uri=https%3A%2F%2Fwww.s.dev.marketwatch.com%2Fclient%2Fauth&response_type=code&scope=openid%20idp_id%20roles%20tags%20email%20given_name%20family_name%20uuid%20djid%20djUsername%20djStatus%20trackid%20prts%20updated_at%20created_at%20offline_access&ui_locales=en-us-x-mw-223-2&nonce=b8085eeb-5f01-4258-bbc0-848cea750c95&state=tA_7mlBPnGkwVGKy.fRfERr3ylCo2rF9ZEZi6WzvM4Pi6Hb20NG0mYECWjD70E-7RKPf8chYQVhaHST6Hz7mPNgGjDMv0uw-GLkHZSA&resource=https%253A%252F%252Fwww.s.dev.marketwatch.com%252Ffollow%253Falert%253Dauthor%2526id%253D15_MW&protocol=oauth2&client=iSKWPA8krOgQVA2np1HMPezSjhjrzKMb:28:220
U@https://sso.int.accounts.dowjones.com/login-page?client_id=iSKWPA8krOgQVA2np1HMPezSjhjrzKMb&redirect_uri=https%3A%2F%2Fwww.s.dev.marketwatch.com%2Fclient%2Fauth&response_type=code&scope=openid%20idp_id%20roles%20tags%20email%20given_name%20family_name%20uuid%20djid%20djUsername%20djStatus%20trackid%20prts%20updated_at%20created_at%20offline_access&ui_locales=en-us-x-mw-223-2&nonce=b8085eeb-5f01-4258-bbc0-848cea750c95&state=tA_7mlBPnGkwVGKy.fRfERr3ylCo2rF9ZEZi6WzvM4Pi6Hb20NG0mYECWjD70E-7RKPf8chYQVhaHST6Hz7mPNgGjDMv0uw-GLkHZSA&resource=https%253A%252F%252Fwww.s.dev.marketwatch.com%252Ffollow%253Falert%253Dauthor%2526id%253D15_MW&protocol=oauth2&client=iSKWPA8krOgQVA2np1HMPezSjhjrzKMb:19:239
Ta@https://sso.int.accounts.dowjones.com/login-page?client_id=iSKWPA8krOgQVA2np1HMPezSjhjrzKMb&redirect_uri=https%3A%2F%2Fwww.s.dev.marketwatch.com%2Fclient%2Fauth&response_type=code&scope=openid%20idp_id%20roles%20tags%20email%20given_name%20family_name%20uuid%20djid%20djUsername%20djStatus%20trackid%20prts%20updated_at%20created_at%20offline_access&ui_locales=en-us-x-mw-223-2&nonce=b8085eeb-5f01-4258-bbc0-848cea750c95&state=tA_7mlBPnGkwVGKy.fRfERr3ylCo2rF9ZEZi6WzvM4Pi6Hb20NG0mYECWjD70E-7RKPf8chYQVhaHST6Hz7mPNgGjDMv0uw-GLkHZSA&resource=https%253A%252F%252Fwww.s.dev.marketwatch.com%252Ffollow%253Falert%253Dauthor%2526id%253D15_MW&protocol=oauth2&client=iSKWPA8krOgQVA2np1HMPezSjhjrzKMb:28:811
@https://sso.int.accounts.dowjones.com/login-page?client_id=iSKWPA8krOgQVA2np1HMPezSjhjrzKMb&redirect_uri=https%3A%2F%2Fwww.s.dev.marketwatch.com%2Fclient%2Fauth&response_type=code&scope=openid%20idp_id%20roles%20tags%20email%20given_name%20family_name%20uuid%20djid%20djUsername%20djStatus%20trackid%20prts%20updated_at%20created_at%20offline_access&ui_locales=en-us-x-mw-223-2&nonce=b8085eeb-5f01-4258-bbc0-848cea750c95&state=tA_7mlBPnGkwVGKy.fRfERr3ylCo2rF9ZEZi6WzvM4Pi6Hb20NG0mYECWjD70E-7RKPf8chYQVhaHST6Hz7mPNgGjDMv0uw-GLkHZSA&resource=https%253A%252F%252Fwww.s.dev.marketwatch.com%252Ffollow%253Falert%253Dauthor%2526id%253D15_MW&protocol=oauth2&client=iSKWPA8krOgQVA2np1HMPezSjhjrzKMb:29:225
@https://sso.int.accounts.dowjones.com/login-page?client_id=iSKWPA8krOgQVA2np1HMPezSjhjrzKMb&redirect_uri=https%3A%2F%2Fwww.s.dev.marketwatch.com%2Fclient%2Fauth&response_type=code&scope=openid%20idp_id%20roles%20tags%20email%20given_name%20family_name%20uuid%20djid%20djUsername%20djStatus%20trackid%20prts%20updated_at%20created_at%20offline_access&ui_locales=en-us-x-mw-223-2&nonce=b8085eeb-5f01-4258-bbc0-848cea750c95&state=tA_7mlBPnGkwVGKy.fRfERr3ylCo2rF9ZEZi6WzvM4Pi6Hb20NG0mYECWjD70E-7RKPf8chYQVhaHST6Hz7mPNgGjDMv0uw-GLkHZSA&resource=https%253A%252F%252Fwww.s.dev.marketwatch.com%252Ffollow%253Falert%253Dauthor%2526id%253D15_MW&protocol=oauth2&client=iSKWPA8krOgQVA2np1HMPezSjhjrzKMb:29:250
@https://sso.int.accounts.dowjones.com/login-page?client_id=iSKWPA8krOgQVA2np1HMPezSjhjrzKMb&redirect_uri=https%3A%2F%2Fwww.s.dev.marketwatch.com%2Fclient%2Fauth&response_type=code&scope=openid%20idp_id%20roles%20tags%20email%20given_name%20family_name%20uuid%20djid%20djUsername%20djStatus%20trackid%20prts%20updated_at%20created_at%20offline_access&ui_locales=en-us-x-mw-223-2&nonce=b8085eeb-5f01-4258-bbc0-848cea750c95&state=tA_7mlBPnGkwVGKy.fRfERr3ylCo2rF9ZEZi6WzvM4Pi6Hb20NG0mYECWjD70E-7RKPf8chYQVhaHST6Hz7mPNgGjDMv0uw-GLkHZSA&resource=https%253A%252F%252Fwww.s.dev.marketwatch.com%252Ffollow%253Falert%253Dauthor%2526id%253D15_MW&protocol=oauth2&client=iSKWPA8krOgQVA2np1HMPezSjhjrzKMb:30:3
@https://sso.int.accounts.dowjones.com/login-page?client_id=iSKWPA8krOgQVA2np1HMPezSjhjrzKMb&redirect_uri=https%3A%2F%2Fwww.s.dev.marketwatch.com%2Fclient%2Fauth&response_type=code&scope=openid%20idp_id%20roles%20tags%20email%20given_name%20family_name%20uuid%20djid%20djUsername%20djStatus%20trackid%20prts%20updated_at%20created_at%20offline_access&ui_locales=en-us-x-mw-223-2&nonce=b8085eeb-5f01-4258-bbc0-848cea750c95&state=tA_7mlBPnGkwVGKy.fRfERr3ylCo2rF9ZEZi6WzvM4Pi6Hb20NG0mYECWjD70E-7RKPf8chYQVhaHST6Hz7mPNgGjDMv0uw-GLkHZSA&resource=https%253A%252F%252Fwww.s.dev.marketwatch.com%252Ffollow%253Falert%253Dauthor%2526id%253D15_MW&protocol=oauth2&client=iSKWPA8krOgQVA2np1HMPezSjhjrzKMb:31:8

Marionette threw an error: [Exception... "Data conversion failed because significant data would be lost"  nsresult: "0x80460003 (NS_ERROR_LOSS_OF_SIGNIFICANT_DATA)"  location: "<unknown>"  data: no]

console.error: "Marionette threw an error: [Exception... \"Data conversion failed because significant data would be lost\"  nsresult: \"0x80460003 (NS_ERROR_LOSS_OF_SIGNIFICANT_DATA)\"  location: \"<unknown>\"  data: no]\n"
1729836395265	Marionette	INFO	Stopped listening on port 53711
JavaScript warning: https://www.s.dev.marketwatch.com/follow?alert=author&id=15_MW, line 133: Script terminated by timeout at:
e@https://www.s.dev.marketwatch.com/follow?alert=author&id=15_MW:133:2502

Dynamically enable window occlusion 1
console.warn: services.settings: main/query-stripping sync interrupted by shutdown
console.warn: services.settings: main/partitioning-exempt-urls sync interrupted by shutdown
console.warn: services.settings: main/translations-wasm sync interrupted by shutdown
console.warn: services.settings: main/search-config-overrides-v2 sync interrupted by shutdown
console.warn: services.settings: main/fingerprinting-protection-overrides sync interrupted by shutdown
console.warn: services.settings: main/top-sites sync interrupted by shutdown
console.warn: services.settings: main/translations-models sync interrupted by shutdown
console.error: (new Error("IndexedDB: main/nimbus-secure-experiments getLastModified() IndexedDB:  execute() The application is shutting down", "resource://services-settings/IDBHelpers.sys.mjs", 16))
