1739420380432	geckodriver	INFO	Listening on 127.0.0.1:55909
1739420383765	mozrunner::runner	INFO	Running command: "C:\\Program Files\\Mozilla Firefox\\firefox.exe" "--marionette" "--remote-debugging-port" "55910" "--remote-allow-hosts" "localhost" "-no-remote" "-profile" "D:\\Users\\sasikumarj\\AppData\\Local\\Temp\\rust_mozprofileyojdN8"
console.warn: services.settings: Ignoring preference override of remote settings server
console.warn: services.settings: Allow by setting MOZ_REMOTE_SETTINGS_DEVTOOLS=1 in the environment
Dynamically enable window occlusion 0
1739420384770	Marionette	INFO	Marionette enabled
1739420385077	Marionette	INFO	Listening on port 56040
Read port: 56040
WebDriver BiDi listening on ws://127.0.0.1:55910
1739420385245	RemoteAgent	WARN	TLS certificate errors will be ignored for this session
console.error: Policies: 
  Download failed - ERROR_CORRUPT_FILE - file://C:\Program Files\Snow Software\Inventory\Agent\FFCloudmetering.xpi
DevTools listening on ws://127.0.0.1:55910/devtools/browser/884d27cc-bca4-4dc3-8e1a-d19b3501af69
console.error: ({})
console.error: ({})
JavaScript error: https://cdn.cxense.com/sp1.html#ver=2.8.90&typ=pgv&rnd=m72tzo6z6yus77jb&sid=9222325317970825875&loc=https%3A%2F%2Fwww.barrons.com%2F&new=1&arf=0&ltm=1739420391996&ref=&tzo=-330&wsz=1280x595&res=1280x720&dpr=1&col=24&bln=en-US&chs=UTF-8&cks=m72tzovgwohrvf2a&ckp=m72tzo6z485d4wnq&glb=&cp_userState=anon, line 1: TypeError: cX.loadScript is not a function
JavaScript error: https://cdn.tinypass.com/api/tinypass.min.js, line 1: Error: Piano SDK is loaded twice on same page. Try to fix that to prevent the message.
JavaScript warning: https://cdn.gbqofs.com/sv/b/detector-bootstrap.min.js, line 0: Successfully compiled asm.js code (total compilation time 4ms)
JavaScript warning: https://pagead2.googlesyndication.com/bg/8ZaB7jRsaaU-biZOJz6O6mNB_fDMtsHVeu7uD0tG4og.js line 2 > eval line 3584 > eval line 1 > eval line 1 > eval, line 1: WEBGL_debug_renderer_info is deprecated in Firefox and will be removed. Please use RENDERER.
JavaScript error: , line 0: uncaught exception: undefined
JavaScript warning: https://s0.2mdn.net/ads/studio/cached_libs/createjs_2019.11.15_min.js, line 12: Script terminated by timeout at:
b.draw@https://s0.2mdn.net/ads/studio/cached_libs/createjs_2019.11.15_min.js:12:22980
b.draw@https://s0.2mdn.net/ads/studio/cached_libs/createjs_2019.11.15_min.js:14:20101
b.draw@https://s0.2mdn.net/ads/studio/cached_libs/createjs_2019.11.15_min.js:13:8379
c.draw@https://s0.2mdn.net/ads/studio/cached_libs/createjs_2019.11.15_min.js:14:28037
b.draw@https://s0.2mdn.net/ads/studio/cached_libs/createjs_2019.11.15_min.js:13:8379
c.draw@https://s0.2mdn.net/ads/studio/cached_libs/createjs_2019.11.15_min.js:14:28037
b.draw@https://s0.2mdn.net/ads/studio/cached_libs/createjs_2019.11.15_min.js:13:8379
c.draw@https://s0.2mdn.net/ads/studio/cached_libs/createjs_2019.11.15_min.js:14:28037
b.draw@https://s0.2mdn.net/ads/studio/cached_libs/createjs_2019.11.15_min.js:13:8379
c.draw@https://s0.2mdn.net/ads/studio/cached_libs/createjs_2019.11.15_min.js:14:28037
b.draw@https://s0.2mdn.net/ads/studio/cached_libs/createjs_2019.11.15_min.js:13:8379
b.update@https://s0.2mdn.net/ads/studio/cached_libs/createjs_2019.11.15_min.js:13:14512
handleLoadComplete/<@https://s0.2mdn.net/sadbundle/11988882604738549020/index.html?ev=01_253:118:25
b._dispatchEvent@https://s0.2mdn.net/ads/studio/cached_libs/createjs_2019.11.15_min.js:12:4090
b._dispatchEvent@https://s0.2mdn.net/ads/studio/cached_libs/createjs_2019.11.15_min.js:12:4158
b.dispatchEvent@https://s0.2mdn.net/ads/studio/cached_libs/createjs_2019.11.15_min.js:12:3479
a._tick@https://s0.2mdn.net/ads/studio/cached_libs/createjs_2019.11.15_min.js:12:7459
a._handleTimeout@https://s0.2mdn.net/ads/studio/cached_libs/createjs_2019.11.15_min.js:12:6772

console.error: ({})
console.error: ({})
JavaScript warning: https://cdn.gbqofs.com/sv/b/detector-bootstrap.min.js, line 0: Successfully compiled asm.js code (total compilation time 3ms)
JavaScript warning: https://pagead2.googlesyndication.com/bg/8ZaB7jRsaaU-biZOJz6O6mNB_fDMtsHVeu7uD0tG4og.js line 2 > eval line 599 > eval line 1 > eval line 1 > eval, line 1: WEBGL_debug_renderer_info is deprecated in Firefox and will be removed. Please use RENDERER.
1739420406831	Marionette	WARN	Ignoring event 'DOMContentLoaded' because document has an invalid readyState of 'complete'.
JavaScript error: https://cdn.gbqofs.com/sv/b/detector-bootstrap.min.js, line 10: ChunkLoadError: Loading chunk 92 failed.
(error: https://cdn.gbqofs.com/sv/b/detector-lazy.min.js)
JavaScript warning: https://cdn.cxense.com/cx.js, line 6: Script terminated by timeout at:
i/<@https://cdn.cxense.com/cx.js:6:2499
i@https://cdn.cxense.com/cx.js:6:2333
remove@https://cdn.cxense.com/cx.js:6:3104
Ii@https://cdn.cxense.com/cx.js:6:47873
ua@https://cdn.cxense.com/cx.js:6:70689
fa/<@https://cdn.cxense.com/cx.js:6:71076
nrWrapper@https://www.barrons.com/articles/buy-rockwell-automation-stock-pick-price-cc120733?mod=stock_picks_lp:129:17759

console.warn: LoginRecipes: "Falling back to a synchronous message for: https://sso.accounts.dowjones.com."
console.warn: LoginRecipes: "Falling back to a synchronous message for: https://sso.accounts.dowjones.com."
JavaScript warning: https://sso.accounts.dowjones.com/datadome/tags.js, line 2: Script terminated by timeout at:
@https://sso.accounts.dowjones.com/datadome/tags.js:2:161129

console.error: ({})
console.error: ({})
JavaScript warning: https://cdn.gbqofs.com/sv/b/detector-bootstrap.min.js, line 0: Successfully compiled asm.js code (total compilation time 3ms)
JavaScript warning: https://pagead2.googlesyndication.com/bg/8ZaB7jRsaaU-biZOJz6O6mNB_fDMtsHVeu7uD0tG4og.js line 2 > eval line 3037 > eval line 1 > eval line 1 > eval, line 1: WEBGL_debug_renderer_info is deprecated in Firefox and will be removed. Please use RENDERER.
1739420429602	Marionette	INFO	Stopped listening on port 56040
Dynamically enable window occlusion 1
JavaScript error: https://static.cloudflareinsights.com/beacon.min.js/vcd15cbe7772f49c399c6a5babf22c1241717689176015, line 1: : 
