1735200393244	geckodriver	INFO	Listening on 127.0.0.1:59818
1735200396606	mozrunner::runner	INFO	Running command: "C:\\Program Files\\Mozilla Firefox\\firefox.exe" "--marionette" "--remote-debugging-port" "59819" "--remote-allow-hosts" "localhost" "-no-remote" "-profile" "D:\\Users\\sasikumarj\\AppData\\Local\\Temp\\rust_mozprofile2gxdTT"
console.warn: services.settings: Ignoring preference override of remote settings server
console.warn: services.settings: Allow by setting MOZ_REMOTE_SETTINGS_DEVTOOLS=1 in the environment
Dynamically enable window occlusion 0
1735200400962	Marionette	INFO	Marionette enabled
1735200401380	Marionette	INFO	Listening on port 59945
WebDriver BiDi listening on ws://127.0.0.1:59819
Read port: 59945
1735200401822	RemoteAgent	WARN	TLS certificate errors will be ignored for this session
DevTools listening on ws://127.0.0.1:59819/devtools/browser/03c1177e-cdf4-4f71-9eac-9a25f7ab94ea
JavaScript warning: https://www.marketwatch.com/, line 358: Script terminated by timeout at:
p@https://www.marketwatch.com/:358:10698
N/<@https://www.marketwatch.com/:358:34663

console.warn: LoginRecipes: "Falling back to a synchronous message for: https://sso.accounts.dowjones.com."
console.warn: LoginRecipes: "Falling back to a synchronous message for: https://sso.accounts.dowjones.com."
JavaScript warning: https://www.googletagmanager.com/gtag/js?id=G-K2H7B9JRSS, line 202: Script terminated by timeout at:
Ac@https://www.googletagmanager.com/gtag/js?id=G-K2H7B9JRSS:202:495
JH@https://www.googletagmanager.com/gtag/js?id=G-K2H7B9JRSS:739:262
LH.prototype.flush@https://www.googletagmanager.com/gtag/js?id=G-K2H7B9JRSS:743:302
h.flush@https://www.googletagmanager.com/gtag/js?id=G-K2H7B9JRSS:761:245
eJ/<@https://www.googletagmanager.com/gtag/js?id=G-K2H7B9JRSS:774:210
h.Bl/<@https://www.googletagmanager.com/gtag/js?id=G-K2H7B9JRSS:714:126
h.Bl/c/<@https://www.googletagmanager.com/gtag/js?id=G-K2H7B9JRSS:713:418

JavaScript warning: https://cdn.gbqofs.com/sv/b/detector-bootstrap.min.js, line 0: Successfully compiled asm.js code (total compilation time 3ms)
JavaScript error: https://cdn.cxense.com/sp1.html#ver=2.8.87&typ=pgv&rnd=m551j63dpuapkacq&sid=9222325317970825873&loc=https%3A%2F%2Fwww.marketwatch.com%2Ffollow&new=1&arf=0&ltm=1735200426652&ref=https%3A%2F%2Fsso.accounts.dowjones.com%2F&tzo=-330&wsz=1280x595&res=1280x720&dpr=1&col=24&bln=en-US&chs=UTF-8&cks=m551j6ag1q91ubmx&ckp=m551j63degas6bx3&glb=&eid0=e4cefa22ef027cc0132f0c218da37da39cdb3228234af4df969b5c463592e123&eit0=wsj&cp_userState=anon&cp_testGroup=72&cp_topDomain=marketwatch.com&cp_template=full&cp_access=free&cp_section=Follow&cp_subsection=mw&cp_cms_name=CAPS&cp_subscriber=registered&cp_edition=na%252Cus&cp_bucket=2&cp_ab_bucket=2&cp_pageContentSource=MarketWatch&cp_pageContentType=Follow&cp_pageContentTypeDetai=follow&cp_pageSiteProduct=MW&cp_userTags=&cp_sessionState=ca, line 1: TypeError: cX.loadScript is not a function
JavaScript warning: https://cdn.gbqofs.com/sv/b/detector-bootstrap.min.js, line 0: Successfully compiled asm.js code (total compilation time 3ms)
1735200440194	Marionette	INFO	Stopped listening on port 59945
JavaScript warning: https://js-agent.newrelic.com/nr-spa-1.277.0.min.js, line 2: Script terminated by timeout at:
5592/b.checkFinish/e.finishTimer</e.finishTimer<@https://js-agent.newrelic.com/nr-spa-1.277.0.min.js:2:79600

Dynamically enable window occlusion 1
