1737531938118	geckodriver	INFO	Listening on 127.0.0.1:59928
1737531941167	mozrunner::runner	INFO	Running command: "C:\\Program Files\\Mozilla Firefox\\firefox.exe" "--marionette" "--remote-debugging-port" "59929" "--remote-allow-hosts" "localhost" "-no-remote" "-profile" "D:\\Users\\sasikumarj\\AppData\\Local\\Temp\\rust_mozprofilepuhISy"
console.warn: services.settings: Ignoring preference override of remote settings server
console.warn: services.settings: Allow by setting MOZ_REMOTE_SETTINGS_DEVTOOLS=1 in the environment
Dynamically enable window occlusion 0
1737531941781	Marionette	INFO	Marionette enabled
1737531942026	Marionette	INFO	Listening on port 59936
WebDriver BiDi listening on ws://127.0.0.1:59929
Read port: 59936
console.error: Policies: 
  Download failed - ERROR_CORRUPT_FILE - file://C:\Program Files\Snow Software\Inventory\Agent\FFCloudmetering.xpi
1737531942275	RemoteAgent	WARN	TLS certificate errors will be ignored for this session
DevTools listening on ws://127.0.0.1:59929/devtools/browser/dc6cf7e5-58e1-4cab-bf2b-939974a88796
JavaScript error: , line 0: TypeError: NetworkError when attempting to fetch resource.
JavaScript error: https://cdn.cxense.com/sp1.html#ver=2.8.90&typ=pgv&rnd=m67lntmb4ctfdhin&sid=1138573015853471556&loc=https%3A%2F%2Fwww.dev.marketwatch.com%2Fauthor%2FCatey-Hill&new=1&arf=0&ltm=1737531950776&ref=&tzo=-330&wsz=1280x595&res=1280x720&dpr=1&col=24&bln=en-US&chs=UTF-8&cks=m67lntp042ikv92m&ckp=m67lntmbbhy3ihsr&glb=&cp_userState=anon&cp_testGroup=85&cp_env=staging&cp_topDomain=marketwatch.com&cp_template=full&cp_access=free&cp_section=Author&cp_subsection=Catey%20Hill&cp_cms_name=Peavey&cp_subscriber=nonsubscriber&cp_edition=naus&cp_bucket=1&cp_ab_bucket=21&cp_pageContentSource=MarketWatch&cp_pageContentType=Summaries&cp_pageContentTypeDetai=default&cp_pageSiteProduct=MW&cp_userTags=&cp_sessionState=none, line 1: TypeError: cX.loadScript is not a function
JavaScript warning: https://cdn.gbqofs.com/sv/b/detector-bootstrap.min.js, line 0: Successfully compiled asm.js code (total compilation time 8ms)
JavaScript error: , line 0: uncaught exception: undefined
1737531954661	Marionette	WARN	Ignoring event 'pageshow' because document has an invalid readyState of 'uninitialized'.
JavaScript error: , line 0: uncaught exception: undefined
JavaScript error: https://cdn.cxense.com/sp1.html#ver=2.8.90&typ=pgv&rnd=m67lnzf9w6qv98pe&sid=1138573015853471556&loc=https%3A%2F%2Fwww.stg.marketwatch.com%2Fwelcome-watchlist&new=0&arf=0&ltm=1737531958314&ref=&tzo=-330&wsz=1280x595&res=1280x720&dpr=1&col=24&bln=en-US&chs=UTF-8&cks=m67lnzhkldc175b9&ckp=m67lntmbbhy3ihsr&glb=&cp_userState=anon&cp_testGroup=85&cp_env=staging&cp_topDomain=marketwatch.com&cp_template=full&cp_access=free&cp_section=Error&cp_cms_name=CAPS&cp_subscriber=nonsubscriber&cp_edition=naus&cp_bucket=1&cp_ab_bucket=21&cp_pageContentSource=MarketWatch&cp_pageContentType=Errors&cp_pageContentTypeDetai=403&cp_pageSiteProduct=MW&cp_userTags=&cp_sessionState=none, line 1: TypeError: cX.loadScript is not a function
JavaScript warning: https://cdn.gbqofs.com/sv/b/detector-bootstrap.min.js, line 0: Successfully compiled asm.js code (total compilation time 2ms)
1737531961543	Marionette	INFO	Stopped listening on port 59936
JavaScript warning: https://www.googletagmanager.com/gtag/js?id=AW-657800048, line 435: Script terminated by timeout at:
iv/d.prototype.gk@https://www.googletagmanager.com/gtag/js?id=AW-657800048:435:139
iv/d.prototype.Fb@https://www.googletagmanager.com/gtag/js?id=AW-657800048:435:248
iv/d.prototype.ik/<@https://www.googletagmanager.com/gtag/js?id=AW-657800048:437:32

Dynamically enable window occlusion 1
