1739029956033	geckodriver	INFO	Listening on 127.0.0.1:50523
1739029959091	mozrunner::runner	INFO	Running command: "C:\\Program Files\\Mozilla Firefox\\firefox.exe" "--marionette" "--remote-debugging-port" "50524" "--remote-allow-hosts" "localhost" "-no-remote" "-profile" "D:\\Users\\sasikumarj\\AppData\\Local\\Temp\\rust_mozprofileES4VME"
console.warn: services.settings: Ignoring preference override of remote settings server
console.warn: services.settings: Allow by setting MOZ_REMOTE_SETTINGS_DEVTOOLS=1 in the environment
Dynamically enable window occlusion 0
1739029959734	Marionette	INFO	Marionette enabled
1739029959981	Marionette	INFO	Listening on port 50536
WebDriver BiDi listening on ws://127.0.0.1:50524
Read port: 50536
console.error: Policies: 
  Download failed - ERROR_CORRUPT_FILE - file://C:\Program Files\Snow Software\Inventory\Agent\FFCloudmetering.xpi
1739029960231	RemoteAgent	WARN	TLS certificate errors will be ignored for this session
DevTools listening on ws://127.0.0.1:50524/devtools/browser/63c579a9-16f4-4cef-9adb-897c05aa8bcb
JavaScript error: https://cdn.cxense.com/sp1.html#ver=2.8.90&typ=pgv&rnd=m6wdjj03bblhy3xq&sid=1134007940894473081&loc=https%3A%2F%2Fwww.mansionglobal.com%2F&new=1&arf=0&ltm=1739029967865&ref=&tzo=-330&wsz=1280x595&res=1280x720&dpr=1&col=24&bln=en-US&chs=UTF-8&cks=m6wdjj4fimf92zbf&ckp=m6wdjj03hkso7a18&glb=&cp_userState=anon&cp_testGroup=65&cp_topDomain=mansionglobal.com&cp_template=full&cp_access=free&cp_section=Home&cp_subsection=&cp_cms_name=CMS%20Wordpress&cp_subscriber=nonsubscriber&cp_edition=na%252Cus&cp_bucket=8&cp_ab_bucket=48&cp_pageContentSource=Mansion%20Global&cp_pageContentType=Home&cp_pageContentTypeDetai=default&cp_pageSiteProduct=MG&cp_userTags=&cp_sessionState=none, line 1: TypeError: cX.loadScript is not a function
JavaScript warning: https://pagead2.googlesyndication.com/bg/vbSiC3rXZjPvfLONVMSWfstygVHLPM3jd4I4vl9RjYk.js line 2 > eval line 891 > eval line 1 > eval line 1 > eval, line 1: WEBGL_debug_renderer_info is deprecated in Firefox and will be removed. Please use RENDERER.
JavaScript warning: https://www.mansionglobal.com/articles/are-there-tax-breaks-on-agricultural-land-in-pennsylvania-01648119848, line 114: Script terminated by timeout at:
n@https://www.mansionglobal.com/articles/are-there-tax-breaks-on-agricultural-land-in-pennsylvania-01648119848:114:12280
Ne/<@https://www.mansionglobal.com/articles/are-there-tax-breaks-on-agricultural-land-in-pennsylvania-01648119848:114:47685
emit@https://www.mansionglobal.com/articles/are-there-tax-breaks-on-agricultural-land-in-pennsylvania-01648119848:114:9618
i@https://www.mansionglobal.com/articles/are-there-tax-breaks-on-agricultural-land-in-pennsylvania-01648119848:114:17892
nrWrapper@https://www.mansionglobal.com/articles/are-there-tax-breaks-on-agricultural-land-in-pennsylvania-01648119848:114:17720

JavaScript warning: https://imasdk.googleapis.com/js/core/bridge3.684.0_en.html#fid=goog_1195044326, line 456: Script terminated by timeout at:
gD@https://imasdk.googleapis.com/js/core/bridge3.684.0_en.html#fid=goog_1195044326:456:310
kD/this.ba@https://imasdk.googleapis.com/js/core/bridge3.684.0_en.html#fid=goog_1195044326:454:29

JavaScript warning: https://www.youtube-nocookie.com/s/player/9c6dfc4a/player_ias.vflset/en_US/base.js, line 168: Script terminated by timeout at:
g.bD@https://www.youtube-nocookie.com/s/player/9c6dfc4a/player_ias.vflset/en_US/base.js:168:14
g.R.eI@https://www.youtube-nocookie.com/s/player/9c6dfc4a/player_ias.vflset/en_US/base.js:7965:37
FDW.prototype.W@https://www.youtube-nocookie.com/s/player/9c6dfc4a/player_ias.vflset/en_US/base.js:7804:38
g.R.cU@https://www.youtube-nocookie.com/s/player/9c6dfc4a/player_ias.vflset/en_US/base.js:8011:44
uK.prototype.RH@https://www.youtube-nocookie.com/s/player/9c6dfc4a/player_ias.vflset/en_US/base.js:8025:97
S2.prototype.Ec@https://www.youtube-nocookie.com/s/player/9c6dfc4a/player_ias.vflset/en_US/base.js:8982:41
g.R.invoke@https://www.youtube-nocookie.com/s/player/9c6dfc4a/player_ias.vflset/en_US/base.js:8975:64
DxD@https://www.youtube-nocookie.com/s/player/9c6dfc4a/player_ias.vflset/en_US/base.js:3750:47
g.N37/P.c1a@https://www.youtube-nocookie.com/s/player/9c6dfc4a/player_ias.vflset/en_US/base.js:3754:277
g.JTD@https://www.youtube-nocookie.com/s/player/9c6dfc4a/player_ias.vflset/en_US/base.js:3757:168
g.R.k0@https://www.youtube-nocookie.com/s/player/9c6dfc4a/player_ias.vflset/en_US/base.js:11899:261
g.R.sendAbandonmentPing@https://www.youtube-nocookie.com/s/player/9c6dfc4a/player_ias.vflset/en_US/base.js:11741:106
g.R.sendAbandonmentPing@https://www.youtube-nocookie.com/s/player/9c6dfc4a/player_ias.vflset/en_US/base.js:11618:44
g.R.sendAbandonmentPing@https://www.youtube-nocookie.com/s/player/9c6dfc4a/player_ias.vflset/en_US/base.js:10564:69
yI/P.state.W[v]@https://www.youtube-nocookie.com/s/player/9c6dfc4a/player_ias.vflset/en_US/base.js:4564:53
Kz/<@https://www.youtube-nocookie.com/s/player/9c6dfc4a/www-embed-player.vflset/www-embed-player.js:1971:106
Wz@https://www.youtube-nocookie.com/s/player/9c6dfc4a/www-embed-player.vflset/www-embed-player.js:2008:46
@https://www.youtube-nocookie.com/s/player/9c6dfc4a/www-embed-player.vflset/www-embed-player.js:2018:137
tm/<@https://www.youtube-nocookie.com/s/player/9c6dfc4a/www-embed-player.vflset/www-embed-player.js:950:63

JavaScript warning: https://static.cdninstagram.com/rsrc.php/v4/y4/r/4gEv7nbQgUL.js, line 19: Script terminated by timeout at:
_sendBeacon@https://static.cdninstagram.com/rsrc.php/v4/y4/r/4gEv7nbQgUL.js:19:1597
_tryToSendViaBeacon@https://static.cdninstagram.com/rsrc.php/v4/y4/r/4gEv7nbQgUL.js:19:3959
_initialize/<@https://static.cdninstagram.com/rsrc.php/v4/y4/r/4gEv7nbQgUL.js:19:1137
applyWithGuard@https://static.cdninstagram.com/rsrc.php/v4/y3/r/d5IqSZvg2if.js:70:10628
c.__emitToSubscription@https://static.cdninstagram.com/rsrc.php/v4/y3/r/d5IqSZvg2if.js:79:1477
c.emit@https://static.cdninstagram.com/rsrc.php/v4/y3/r/d5IqSZvg2if.js:79:1303
@https://static.cdninstagram.com/rsrc.php/v4/y3/r/d5IqSZvg2if.js:335:1059
applyWithGuard@https://static.cdninstagram.com/rsrc.php/v4/y3/r/d5IqSZvg2if.js:70:10628
d@https://static.cdninstagram.com/rsrc.php/v4/y3/r/d5IqSZvg2if.js:330:2086

JavaScript warning: https://pagead2.googlesyndication.com/pagead/managed/js/activeview/current/ufs_web_display.js, line 13: Script terminated by timeout at:
C@https://pagead2.googlesyndication.com/pagead/managed/js/activeview/current/ufs_web_display.js:13:325
h@https://pagead2.googlesyndication.com/pagead/managed/js/activeview/current/ufs_web_display.js:93:449

console.warn: LoginRecipes: "Falling back to a synchronous message for: https://sso.accounts.dowjones.com."
console.warn: LoginRecipes: "Falling back to a synchronous message for: https://sso.accounts.dowjones.com."
JavaScript error: https://www.mansionglobal.com/follow?alert=author&id=8686_MG&frequency=realtime, line 261: TypeError: window.__ace is not a function
JavaScript error: https://aswpsdkus.com/notify/v1/ua-sdk.min.js, line 1: Error: Notification permission is denied.
console.warn: WindowsJumpLists: "Failed to fetch favicon for " "https://www.mansionglobal.com/follow" ({})
1739030184553	Marionette	INFO	Stopped listening on port 50536
Dynamically enable window occlusion 1
