1739032475628	geckodriver	INFO	Listening on 127.0.0.1:63344
1739032478690	mozrunner::runner	INFO	Running command: "C:\\Program Files\\Mozilla Firefox\\firefox.exe" "--marionette" "--remote-debugging-port" "63345" "--remote-allow-hosts" "localhost" "-no-remote" "-profile" "D:\\Users\\sasikumarj\\AppData\\Local\\Temp\\rust_mozprofileFajpZr"
console.warn: services.settings: Ignoring preference override of remote settings server
console.warn: services.settings: Allow by setting MOZ_REMOTE_SETTINGS_DEVTOOLS=1 in the environment
Dynamically enable window occlusion 0
1739032479634	Marionette	INFO	Marionette enabled
1739032480009	Marionette	INFO	Listening on port 63359
WebDriver BiDi listening on ws://127.0.0.1:63345
Read port: 63359
console.error: Policies: 
  Download failed - ERROR_CORRUPT_FILE - file://C:\Program Files\Snow Software\Inventory\Agent\FFCloudmetering.xpi
1739032480357	RemoteAgent	WARN	TLS certificate errors will be ignored for this session
DevTools listening on ws://127.0.0.1:63345/devtools/browser/27635b30-0f3c-4956-9037-d38305706fe9
JavaScript error: https://cdn.cxense.com/sp1.html#ver=2.8.90&typ=pgv&rnd=m6wf1hz4nprsczig&sid=1133979867428110118&loc=https%3A%2F%2Fwww.s.dev.penews.com%2F&new=1&arf=0&ltm=1739032485955&ref=&tzo=-330&wsz=1280x595&res=1280x720&dpr=1&col=24&bln=en-US&chs=UTF-8&cks=m6wf1i153htdmgfj&ckp=m6wf1hz46u7jau1y&glb=&cp_userState=anon&cp_testGroup=37&cp_env=staging&cp_topDomain=penews.com&cp_template=full&cp_access=free&cp_section=Home&cp_subsection=&cp_cms_name=CAPS&cp_subscriber=nonsubscriber&cp_edition=europe%252Cgb&cp_bucket=5&cp_ab_bucket=45&cp_pageContentSource=Private%20Equity%20News%20Online&cp_pageContentType=Home&cp_pageContentTypeDetai=default&cp_pageSiteProduct=PEN&cp_userTags=&cp_sessionState=none, line 1: TypeError: cX.loadScript is not a function
JavaScript warning: https://pagead2.googlesyndication.com/bg/vbSiC3rXZjPvfLONVMSWfstygVHLPM3jd4I4vl9RjYk.js line 2 > eval line 242 > eval line 1 > eval line 1 > eval, line 1: WEBGL_debug_renderer_info is deprecated in Firefox and will be removed. Please use RENDERER.
JavaScript warning: https://pagead2.googlesyndication.com/bg/vbSiC3rXZjPvfLONVMSWfstygVHLPM3jd4I4vl9RjYk.js line 2 > eval line 416 > eval line 1 > eval line 1 > eval, line 1: WEBGL_debug_renderer_info is deprecated in Firefox and will be removed. Please use RENDERER.
JavaScript warning: https://cdn.parsely.com/keys/penews.com/p.js, line 7: Script terminated by timeout at:
value/n<@https://cdn.parsely.com/keys/penews.com/p.js:7:24273
value@https://cdn.parsely.com/keys/penews.com/p.js:7:24274
value@https://cdn.parsely.com/keys/penews.com/p.js:7:24771

JavaScript warning: https://int-int-capabilities-dashboard.vir-dev.onservo.com/_next/static/chunks/main-5f3df17621beaffa.js, line 1: Script terminated by timeout at:
p@https://int-int-capabilities-dashboard.vir-dev.onservo.com/_next/static/chunks/main-5f3df17621beaffa.js:1:82245
r@https://int-int-capabilities-dashboard.vir-dev.onservo.com/_next/static/chunks/main-5f3df17621beaffa.js:1:79245

JavaScript warning: https://op1static.oktacdn.com/assets/js/vendor/lib/fingerprint2.min.68ab45bd98459cb766f3ab26d086e5f5.js, line 1: WEBGL_debug_renderer_info is deprecated in Firefox and will be removed. Please use RENDERER.
1739032504898	Marionette	WARN	Ignoring event 'DOMContentLoaded' because document has an invalid readyState of 'complete'.
console.error: ({})
console.warn: LoginRecipes: "Falling back to a synchronous message for: https://newscorp.okta.com."
1739032543086	Marionette	INFO	Stopped listening on port 63359
Dynamically enable window occlusion 1
