1739268090331	geckodriver	INFO	Listening on 127.0.0.1:57396
1739268093377	mozrunner::runner	INFO	Running command: "C:\\Program Files\\Mozilla Firefox\\firefox.exe" "--marionette" "--remote-debugging-port" "57397" "--remote-allow-hosts" "localhost" "-no-remote" "-profile" "D:\\Users\\sasikumarj\\AppData\\Local\\Temp\\rust_mozprofile347QuX"
console.warn: services.settings: Ignoring preference override of remote settings server
console.warn: services.settings: Allow by setting MOZ_REMOTE_SETTINGS_DEVTOOLS=1 in the environment
Dynamically enable window occlusion 0
1739268094037	Marionette	INFO	Marionette enabled
1739268094293	Marionette	INFO	Listening on port 57410
Read port: 57410
WebDriver BiDi listening on ws://127.0.0.1:57397
1739268094423	RemoteAgent	WARN	TLS certificate errors will be ignored for this session
console.error: Policies: 
  Download failed - ERROR_CORRUPT_FILE - file://C:\Program Files\Snow Software\Inventory\Agent\FFCloudmetering.xpi
DevTools listening on ws://127.0.0.1:57397/devtools/browser/598c6f32-c303-4f52-8bc4-45b90f52eb9b
JavaScript error: https://cdn.cxense.com/sp1.html#ver=2.8.90&typ=pgv&rnd=m70bbld0swa83bts&sid=1138573015853471556&loc=https%3A%2F%2Fwww.dev.marketwatch.com%2Fauthor%2FCatey-Hill&new=1&arf=0&ltm=1739268103144&ref=&tzo=-330&wsz=1280x595&res=1280x720&dpr=1&col=24&bln=en-US&chs=UTF-8&cks=m70bblejhuio0sp9&ckp=m70bbld1hlu5zb7a&glb=&cp_userState=anon&cp_testGroup=63&cp_env=staging&cp_topDomain=marketwatch.com&cp_template=full&cp_access=free&cp_section=Author&cp_subsection=Catey%20Hill&cp_cms_name=Peavey&cp_subscriber=nonsubscriber&cp_edition=naus&cp_bucket=1&cp_ab_bucket=11&cp_pageContentSource=MarketWatch&cp_pageContentType=Summaries&cp_pageContentTypeDetai=default&cp_pageSiteProduct=MW&cp_userTags=&cp_sessionState=none, line 1: TypeError: cX.loadScript is not a function
JavaScript warning: https://pagead2.googlesyndication.com/bg/VPXMjhhSnF_0w04UBhtYgswssitSTY9737JJt5i4JB8.js line 2 > eval line 5604 > eval line 1 > eval line 1 > eval, line 1: WEBGL_debug_renderer_info is deprecated in Firefox and will be removed. Please use RENDERER.
JavaScript warning: https://cdn.gbqofs.com/sv/b/detector-bootstrap.min.js, line 0: Successfully compiled asm.js code (total compilation time 2ms)
JavaScript warning: https://www.googletagmanager.com/gtag/js?id=G-GJ5S1GJYKT, line 492: Script terminated by timeout at:
es@https://www.googletagmanager.com/gtag/js?id=G-GJ5S1GJYKT:492:483
ds@https://www.googletagmanager.com/gtag/js?id=G-GJ5S1GJYKT:491:429
fs@https://www.googletagmanager.com/gtag/js?id=G-GJ5S1GJYKT:491:466
Vs@https://www.googletagmanager.com/gtag/js?id=G-GJ5S1GJYKT:516:484
Us@https://www.googletagmanager.com/gtag/js?id=G-GJ5S1GJYKT:516:359
qK@https://www.googletagmanager.com/gtag/js?id=G-GJ5S1GJYKT:840:489
h.sn@https://www.googletagmanager.com/gtag/js?id=G-GJ5S1GJYKT:832:79
h.rn/</<@https://www.googletagmanager.com/gtag/js?id=G-GJ5S1GJYKT:829:531
Dl@https://www.googletagmanager.com/gtag/js?id=G-GJ5S1GJYKT:404:151
Cm@https://www.googletagmanager.com/gtag/js?id=G-GJ5S1GJYKT:412:434
h.rn/<@https://www.googletagmanager.com/gtag/js?id=G-GJ5S1GJYKT:829:517
c@https://www.googletagmanager.com/gtag/js?id=G-GJ5S1GJYKT:580:22
pw@https://www.googletagmanager.com/gtag/js?id=G-GJ5S1GJYKT:580:349
h.rn@https://www.googletagmanager.com/gtag/js?id=G-GJ5S1GJYKT:829:503
c@https://www.googletagmanager.com/gtag/js?id=G-GJ5S1GJYKT:845:980
w@https://www.googletagmanager.com/gtag/js?id=G-GJ5S1GJYKT:428:370
vo@https://www.googletagmanager.com/gtag/js?id=G-GJ5S1GJYKT:428:470
uo.prototype.flush@https://www.googletagmanager.com/gtag/js?id=G-GJ5S1GJYKT:431:382
uo.prototype.push@https://www.googletagmanager.com/gtag/js?id=G-GJ5S1GJYKT:429:337
no@https://www.googletagmanager.com/gtag/js?id=G-GJ5S1GJYKT:425:1318
LK/<@https://www.googletagmanager.com/gtag/js?id=G-GJ5S1GJYKT:846:187
h.Il/<@https://www.googletagmanager.com/gtag/js?id=G-GJ5S1GJYKT:785:126
h.Il/c/<@https://www.googletagmanager.com/gtag/js?id=G-GJ5S1GJYKT:784:418

1739268601298	Marionette	INFO	Stopped listening on port 57410
Dynamically enable window occlusion 1
!!! error running onStopped callback: TypeError: callback is not a function
JavaScript error: , line 0: TypeError: NetworkError when attempting to fetch resource.
JavaScript error: , line 0: TypeError: NetworkError when attempting to fetch resource.
