1738928384997	geckodriver	INFO	Listening on 127.0.0.1:63106
1738928388041	mozrunner::runner	INFO	Running command: "C:\\Program Files\\Mozilla Firefox\\firefox.exe" "--marionette" "--remote-debugging-port" "63107" "--remote-allow-hosts" "localhost" "-no-remote" "-profile" "D:\\Users\\sasikumarj\\AppData\\Local\\Temp\\rust_mozprofilec7gNIC"
console.warn: services.settings: Ignoring preference override of remote settings server
console.warn: services.settings: Allow by setting MOZ_REMOTE_SETTINGS_DEVTOOLS=1 in the environment
Dynamically enable window occlusion 0
1738928388687	Marionette	INFO	Marionette enabled
1738928388931	Marionette	INFO	Listening on port 63119
WebDriver BiDi listening on ws://127.0.0.1:63107
Read port: 63119
console.error: Policies: 
  Download failed - ERROR_CORRUPT_FILE - file://C:\Program Files\Snow Software\Inventory\Agent\FFCloudmetering.xpi
1738928389184	RemoteAgent	WARN	TLS certificate errors will be ignored for this session
DevTools listening on ws://127.0.0.1:63107/devtools/browser/eb824cad-84d1-4e1b-a282-f80b4a1e6dec
JavaScript error: https://cdn.cxense.com/sp1.html#ver=2.8.90&typ=pgv&rnd=m6up2i18e52lhqbo&sid=1138573015853471556&loc=https%3A%2F%2Fwww.dev.marketwatch.com%2F&new=1&arf=0&ltm=1738928396504&ref=&tzo=-330&wsz=1280x595&res=1280x720&dpr=1&col=24&bln=en-US&chs=UTF-8&cks=m6up2i5eiyrhuwbl&ckp=m6up2i18qi0w65s6&glb=&cp_userState=anon&cp_testGroup=75&cp_env=staging&cp_topDomain=marketwatch.com&cp_template=full&cp_access=free&cp_section=Home%20Page&cp_cms_name=Peavey&cp_subscriber=nonsubscriber&cp_edition=naus&cp_bucket=3&cp_ab_bucket=13&cp_pageContentSource=MarketWatch&cp_pageContentType=Home&cp_pageContentTypeDetai=default&cp_pageSiteProduct=MW&cp_userTags=&cp_sessionState=none, line 1: TypeError: cX.loadScript is not a function
JavaScript warning: https://cdn.gbqofs.com/sv/b/detector-bootstrap.min.js, line 0: Successfully compiled asm.js code (total compilation time 2ms)
JavaScript warning: https://pagead2.googlesyndication.com/bg/dKsKVnRDvnN7x3_VHBWCXOB1uWbHu1pWqkNfYXa-ZYg.js line 2 > eval line 3296 > eval line 1 > eval line 1 > eval, line 1: WEBGL_debug_renderer_info is deprecated in Firefox and will be removed. Please use RENDERER.
JavaScript warning: https://tagan.adlightning.com/newscorp-marketwatch-aps/b-bde0e05-b6784534.js, line 1: Script terminated by timeout at:
CX/</<@https://tagan.adlightning.com/newscorp-marketwatch-aps/b-bde0e05-b6784534.js:1:61193
CX/</<@https://tagan.adlightning.com/newscorp-marketwatch-aps/b-bde0e05-b6784534.js:1:61427
CX/<@https://tagan.adlightning.com/newscorp-marketwatch-aps/b-bde0e05-b6784534.js:1:61449

JavaScript warning: https://pagead2.googlesyndication.com/bg/dKsKVnRDvnN7x3_VHBWCXOB1uWbHu1pWqkNfYXa-ZYg.js line 2 > eval line 2626 > eval line 1 > eval line 1 > eval, line 1: WEBGL_debug_renderer_info is deprecated in Firefox and will be removed. Please use RENDERER.
JavaScript warning: https://cdn.gbqofs.com/sv/b/detector-bootstrap.min.js, line 0: Successfully compiled asm.js code (total compilation time 2ms)
1738928411333	Marionette	INFO	Stopped listening on port 63119
JavaScript warning: https://www.dianomi.com/cdn-cgi/challenge-platform/scripts/jsd/main.js, line 1: Script terminated by timeout at:
g@https://www.dianomi.com/cdn-cgi/challenge-platform/scripts/jsd/main.js:1:844
h@https://www.dianomi.com/cdn-cgi/challenge-platform/scripts/jsd/main.js:1:543
A@https://www.dianomi.com/cdn-cgi/challenge-platform/scripts/jsd/main.js:1:6111
g@https://www.dianomi.com/cdn-cgi/challenge-platform/scripts/jsd/main.js:1:5546
C@https://www.dianomi.com/cdn-cgi/challenge-platform/scripts/jsd/main.js:1:5617
@https://www.dianomi.com/cdn-cgi/challenge-platform/scripts/jsd/main.js:1:4388
@https://www.dianomi.com/cdn-cgi/challenge-platform/scripts/jsd/main.js:1:8459

JavaScript warning: https://www.gstatic.com/recaptcha/releases/PcIQSvk4Y5ANjYUx0f4froA1/recaptcha__en.js, line 243: Script terminated by timeout at:
R<@https://www.gstatic.com/recaptcha/releases/PcIQSvk4Y5ANjYUx0f4froA1/recaptcha__en.js:243:107
Jc<@https://www.gstatic.com/recaptcha/releases/PcIQSvk4Y5ANjYUx0f4froA1/recaptcha__en.js:637:429
S<@https://www.gstatic.com/recaptcha/releases/PcIQSvk4Y5ANjYUx0f4froA1/recaptcha__en.js:47:279
R0<@https://www.gstatic.com/recaptcha/releases/PcIQSvk4Y5ANjYUx0f4froA1/recaptcha__en.js:945:340
P<@https://www.gstatic.com/recaptcha/releases/PcIQSvk4Y5ANjYUx0f4froA1/recaptcha__en.js:436:293
@https://www.gstatic.com/recaptcha/releases/PcIQSvk4Y5ANjYUx0f4froA1/recaptcha__en.js:1011:40
K<@https://www.gstatic.com/recaptcha/releases/PcIQSvk4Y5ANjYUx0f4froA1/recaptcha__en.js:137:158
U</this.next@https://www.gstatic.com/recaptcha/releases/PcIQSvk4Y5ANjYUx0f4froA1/recaptcha__en.js:198:296
U</h<@https://www.gstatic.com/recaptcha/releases/PcIQSvk4Y5ANjYUx0f4froA1/recaptcha__en.js:153:348
U<@https://www.gstatic.com/recaptcha/releases/PcIQSvk4Y5ANjYUx0f4froA1/recaptcha__en.js:153:241
K<@https://www.gstatic.com/recaptcha/releases/PcIQSvk4Y5ANjYUx0f4froA1/recaptcha__en.js:91:18
@https://www.gstatic.com/recaptcha/releases/PcIQSvk4Y5ANjYUx0f4froA1/recaptcha__en.js:1010:300
Dw.M0@https://www.gstatic.com/recaptcha/releases/PcIQSvk4Y5ANjYUx0f4froA1/recaptcha__en.js:817:126
Dw.BD@https://www.gstatic.com/recaptcha/releases/PcIQSvk4Y5ANjYUx0f4froA1/recaptcha__en.js:817:434
@https://www.gstatic.com/recaptcha/releases/PcIQSvk4Y5ANjYUx0f4froA1/recaptcha__en.js:1014:458
K<@https://www.gstatic.com/recaptcha/releases/PcIQSvk4Y5ANjYUx0f4froA1/recaptcha__en.js:137:158
U</this.next@https://www.gstatic.com/recaptcha/releases/PcIQSvk4Y5ANjYUx0f4froA1/recaptcha__en.js:198:296
U</h<@https://www.gstatic.com/recaptcha/releases/PcIQSvk4Y5ANjYUx0f4froA1/recaptcha__en.js:153:348
U<@https://www.gstatic.com/recaptcha/releases/PcIQSvk4Y5ANjYUx0f4froA1/recaptcha__en.js:153:241
K<@https://www.gstatic.com/recaptcha/releases/PcIQSvk4Y5ANjYUx0f4froA1/recaptcha__en.js:91:18
@https://www.gstatic.com/recaptcha/releases/PcIQSvk4Y5ANjYUx0f4froA1/recaptcha__en.js:1014:414
@https://www.gstatic.com/recaptcha/releases/PcIQSvk4Y5ANjYUx0f4froA1/recaptcha__en.js:1025:139
@https://www.google.com/recaptcha/api2/anchor?ar=1&k=6LcmI7sUAAAAAF-vTKb3JIwIzz2CXCx8hJW0Ukis&co=aHR0cHM6Ly93d3cuZGV2Lm1hcmtldHdhdGNoLmNvbTo0NDM.&hl=en&v=PcIQSvk4Y5ANjYUx0f4froA1&size=invisible&cb=qiixew6ylsbx:183:29

Dynamically enable window occlusion 1
JavaScript error: , line 0: TypeError: NetworkError when attempting to fetch resource.
JavaScript error: , line 0: AbortError: The operation was aborted. 
JavaScript error: , line 0: AbortError: The operation was aborted. 
JavaScript error: , line 0: TypeError: NetworkError when attempting to fetch resource.
JavaScript error: , line 0: TypeError: NetworkError when attempting to fetch resource.
