1739263373164	geckodriver	INFO	Listening on 127.0.0.1:61591
1739263376020	mozrunner::runner	INFO	Running command: "C:\\Program Files\\Mozilla Firefox\\firefox.exe" "--marionette" "--remote-debugging-port" "61592" "--remote-allow-hosts" "localhost" "-no-remote" "-profile" "D:\\Users\\sasikumarj\\AppData\\Local\\Temp\\rust_mozprofileuUrWma"
console.warn: services.settings: Ignoring preference override of remote settings server
console.warn: services.settings: Allow by setting MOZ_REMOTE_SETTINGS_DEVTOOLS=1 in the environment
Dynamically enable window occlusion 0
1739263377782	Marionette	INFO	Marionette enabled
1739263378122	Marionette	INFO	Listening on port 57279
Read port: 57279
WebDriver BiDi listening on ws://127.0.0.1:61592
1739263378275	RemoteAgent	WARN	TLS certificate errors will be ignored for this session
console.error: Policies: 
  Download failed - ERROR_CORRUPT_FILE - file://C:\Program Files\Snow Software\Inventory\Agent\FFCloudmetering.xpi
DevTools listening on ws://127.0.0.1:61592/devtools/browser/569cc6e6-2929-42fc-99ec-ee9ff9dd032d
JavaScript error: https://cdn.cxense.com/sp1.html#ver=2.8.90&typ=pgv&rnd=m708ij2km00azc7i&sid=9222318613852486900&loc=https%3A%2F%2Fwww.wsj.com%2Farticles%2Fwhat-the-board-needs-to-know-acec160b%3Fmod%3Dpanda_wsj_custom_topic_alert&new=1&arf=0&ltm=1739263389511&ref=&tzo=-330&wsz=1278x497&res=1278x622&dpr=1&col=24&bln=en-US&chs=UTF-8&cks=m708ike3qvk7umux&ckp=m708ikappgydglpi&glb=&amo=1692694740&cp_userState=anon&cp_testGroup=7&cp_topDomain=wsj.com&cp_pwTag=default&cp_pwPlacement=cx-pro-snippetad&cp_pwCampaign=54322&cp_pwType=personalized&cp_navSource=panda_wsj_custom_topic_alert&cp_type=Board%20Pack%20Exclusive&cp_template=preview&cp_access=paid&cp_section=WSJ%20Pro&cp_subsection=Pro%20Cyber&cp_cms_name=WSJ%20Authoring%20Production&cp_vix=&cp_subscriber=nonsubscriber&cp_edition=naus&cp_bucket=7&cp_ab_bucket=87&cp_pageContentSource=WSJProCS&cp_pageContentType=Article&cp_pageContentTypeDetai=pro&cp_pageSiteProduct=WSJProCS&cp_userTags=&cp_sessionState=none, line 1: TypeError: cX.loadScript is not a function
JavaScript warning: https://cdn.gbqofs.com/sv/b/detector-bootstrap.min.js, line 0: Successfully compiled asm.js code (total compilation time 25ms)
1739263392193	Marionette	WARN	Ignoring event 'DOMContentLoaded' because document has an invalid readyState of 'complete'.
JavaScript warning: https://pagead2.googlesyndication.com/bg/VPXMjhhSnF_0w04UBhtYgswssitSTY9737JJt5i4JB8.js line 2 > eval line 1881 > eval line 1 > eval line 1 > eval, line 1: WEBGL_debug_renderer_info is deprecated in Firefox and will be removed. Please use RENDERER.
1739263402195	Marionette	INFO	Stopped listening on port 57279
Dynamically enable window occlusion 1
JavaScript error: , line 0: TypeError: NetworkError when attempting to fetch resource.
