1739433441536	geckodriver	INFO	Listening on 127.0.0.1:63014
1739433444602	mozrunner::runner	INFO	Running command: "C:\\Program Files\\Mozilla Firefox\\firefox.exe" "--marionette" "--remote-debugging-port" "63015" "--remote-allow-hosts" "localhost" "-no-remote" "-profile" "D:\\Users\\sasikumarj\\AppData\\Local\\Temp\\rust_mozprofileT81hpB"
console.warn: services.settings: Ignoring preference override of remote settings server
console.warn: services.settings: Allow by setting MOZ_REMOTE_SETTINGS_DEVTOOLS=1 in the environment
Dynamically enable window occlusion 0
1739433445222	Marionette	INFO	Marionette enabled
1739433445471	Marionette	INFO	Listening on port 63028
WebDriver BiDi listening on ws://127.0.0.1:63015
Read port: 63028
console.error: Policies: 
  Download failed - ERROR_CORRUPT_FILE - file://C:\Program Files\Snow Software\Inventory\Agent\FFCloudmetering.xpi
1739433445712	RemoteAgent	WARN	TLS certificate errors will be ignored for this session
DevTools listening on ws://127.0.0.1:63015/devtools/browser/235e265b-468e-4cda-a2d2-574a7710545a
JavaScript warning: https://pagead2.googlesyndication.com/bg/8ZaB7jRsaaU-biZOJz6O6mNB_fDMtsHVeu7uD0tG4og.js line 2 > eval line 3796 > eval line 1 > eval line 1 > eval, line 1: WEBGL_debug_renderer_info is deprecated in Firefox and will be removed. Please use RENDERER.
JavaScript error: https://cdn.cxense.com/sp1.html#ver=2.8.90&typ=pgv&rnd=m731rm6s15ul9x4h&sid=1139592114930554183&loc=https%3A%2F%2Fwww.fnlondon.com%2Farticles%2Fcomplaints-commissioner-fca-transparency-20220615&new=1&arf=0&ltm=1739433453084&ref=&tzo=-330&wsz=1280x595&res=1280x720&dpr=1&col=24&bln=en-US&chs=UTF-8&cks=m731rma0bt4tgcp7&ckp=m731rm6svmqlyrq9&glb=&amo=1677944280&cp_userState=anon&cp_testGroup=19&cp_topDomain=fnlondon.com&cp_pwTag=default&cp_pwPlacement=cx-snippetad&cp_pwCampaign=6&cp_type=Politics&cp_template=preview&cp_access=paid&cp_section=Politics&cp_subsection=Politics&cp_cms_name=Wordpress&cp_subscriber=nonsubscriber&cp_edition=naus&cp_bucket=0&cp_ab_bucket=90&cp_pageContentSource=FN%20London&cp_pageContentType=Article&cp_pageContentTypeDetai=article&cp_pageSiteProduct=FN&cp_userTags=&cp_sessionState=none, line 1: TypeError: cX.loadScript is not a function
JavaScript warning: https://cdn.cxense.com/cx.js, line 6: Script terminated by timeout at:
Kn@https://cdn.cxense.com/cx.js:6:40687
ua/<@https://cdn.cxense.com/cx.js:6:70889
ua@https://cdn.cxense.com/cx.js:6:70981
fa/<@https://cdn.cxense.com/cx.js:6:71076
nrWrapper@https://www.fnlondon.com/articles/complaints-commissioner-fca-transparency-20220615:306:17759

JavaScript warning: https://fpt.live.com/?session_id=cb8f939918f647729581908bcd793227&CustomerId=33e01921-4d64-4f8c-a055-5bdaffd5e33d&PageId=SI, line 5: WEBGL_debug_renderer_info is deprecated in Firefox and will be removed. Please use RENDERER.
console.warn: LoginRecipes: "Falling back to a synchronous message for: https://login.live.com."
console.warn: LoginRecipes: "Falling back to a synchronous message for: https://login.live.com."
console.error: ({})
1739433474391	Marionette	WARN	Ignoring event 'DOMContentLoaded' because document has an invalid readyState of 'complete'.
JavaScript warning: https://res-1.cdn.office.net/midgard/versionless/livepersonacard_without-react_e5798062a96aa59d6c33.js, line 2: unreachable code after return statement
JavaScript warning: https://pagead2.googlesyndication.com/bg/8ZaB7jRsaaU-biZOJz6O6mNB_fDMtsHVeu7uD0tG4og.js line 2 > eval line 825 > eval line 1 > eval line 1 > eval, line 1: WEBGL_debug_renderer_info is deprecated in Firefox and will be removed. Please use RENDERER.
JavaScript warning: https://cdn.adnxs.com/v/s/249/trk.js, line 8: Script terminated by timeout at:
zn@https://cdn.adnxs.com/v/s/249/trk.js:8:15
_.B@https://cdn.adnxs.com/v/s/249/trk.js:560:3283
_.C@https://cdn.adnxs.com/v/s/249/trk.js:560:1376
md/<@https://cdn.adnxs.com/v/s/249/trk.js:560:5629

JavaScript warning: https://pagead2.googlesyndication.com/bg/8ZaB7jRsaaU-biZOJz6O6mNB_fDMtsHVeu7uD0tG4og.js line 2 > eval line 3542 > eval line 1 > eval line 1 > eval, line 1: WEBGL_debug_renderer_info is deprecated in Firefox and will be removed. Please use RENDERER.
1739433504034	Marionette	INFO	Stopped listening on port 63028
JavaScript warning: https://res.public.onecdn.static.microsoft/owamail/hashed-v1/scripts/owa.mailindex.60fccaa5.js, line 2: Script terminated by timeout at:
ev@https://res.public.onecdn.static.microsoft/owamail/hashed-v1/scripts/owa.mailindex.60fccaa5.js:2:45140
ee@https://res.public.onecdn.static.microsoft/owamail/hashed-v1/scripts/owa.mailindex.60fccaa5.js:2:43772
e@https://res.public.onecdn.static.microsoft/owamail/hashed-v1/scripts/owa.mailindex.60fccaa5.js:2:48735
883118/t/tR</e.flush/r<@https://res.public.onecdn.static.microsoft/owamail/hashed-v1/scripts/owa.mailindex.60fccaa5.js:2:48893
tr@https://res.public.onecdn.static.microsoft/owamail/hashed-v1/scripts/owa.mailindex.60fccaa5.js:2:101769
249118/tk/n[0]@https://res.public.onecdn.static.microsoft/owamail/hashed-v1/scripts/owa.mailindex.60fccaa5.js:2:105145

Dynamically enable window occlusion 1
JavaScript error: , line 0: NetworkError: AutoCancel
JavaScript error: , line 0: AbortError: The operation was aborted. 
*** UTM:SVC TimerManager:registerTimer called after profile-before-change notification. Ignoring timer registration for id: telemetry_modules_ping
*** UTM:SVC TimerManager:registerTimer called after profile-before-change notification. Ignoring timer registration for id: telemetry_untrustedmodules_ping
