1739418450699	geckodriver	INFO	Listening on 127.0.0.1:52056
1739418453806	mozrunner::runner	INFO	Running command: "C:\\Program Files\\Mozilla Firefox\\firefox.exe" "--marionette" "--remote-debugging-port" "52057" "--remote-allow-hosts" "localhost" "-no-remote" "-profile" "D:\\Users\\sasikumarj\\AppData\\Local\\Temp\\rust_mozprofilegt0gBg"
console.warn: services.settings: Ignoring preference override of remote settings server
console.warn: services.settings: Allow by setting MOZ_REMOTE_SETTINGS_DEVTOOLS=1 in the environment
Dynamically enable window occlusion 0
1739418455151	Marionette	INFO	Marionette enabled
1739418455499	Marionette	INFO	Listening on port 52201
Read port: 52201
WebDriver BiDi listening on ws://127.0.0.1:52057
1739418455688	RemoteAgent	WARN	TLS certificate errors will be ignored for this session
console.error: Policies: 
  Download failed - ERROR_CORRUPT_FILE - file://C:\Program Files\Snow Software\Inventory\Agent\FFCloudmetering.xpi
DevTools listening on ws://127.0.0.1:52057/devtools/browser/4729ab40-b6a7-43a5-9479-47fbaed368a0
console.error: ({})
console.error: ({})
JavaScript warning: https://js-agent.newrelic.com/nr-1044.min.js, line 1: Script terminated by timeout at:
r@https://js-agent.newrelic.com/nr-1044.min.js:1:22526
[15]</r/<@https://js-agent.newrelic.com/nr-1044.min.js:1:9115

console.error: ({})
console.error: ({})
JavaScript warning: https://pagead2.googlesyndication.com/bg/8ZaB7jRsaaU-biZOJz6O6mNB_fDMtsHVeu7uD0tG4og.js line 2 > eval line 7063 > eval line 1 > eval line 1 > eval, line 1: WEBGL_debug_renderer_info is deprecated in Firefox and will be removed. Please use RENDERER.
JavaScript warning: https://www.barrons.com/articles/buy-rockwell-automation-stock-pick-price-cc120733?mod=stock_picks_lp, line 129: Script terminated by timeout at:
nrWrapper@https://www.barrons.com/articles/buy-rockwell-automation-stock-pick-price-cc120733?mod=stock_picks_lp:129:17609

console.warn: LoginRecipes: "Falling back to a synchronous message for: https://sso.accounts.dowjones.com."
console.warn: LoginRecipes: "Falling back to a synchronous message for: https://sso.accounts.dowjones.com."
JavaScript warning: https://sso.accounts.dowjones.com/datadome/tags.js, line 2: Script terminated by timeout at:
@https://sso.accounts.dowjones.com/datadome/tags.js:2:161129

console.error: ({})
console.error: ({})
JavaScript error: https://cdn.cxense.com/sp1.html#ver=2.8.90&typ=pgv&rnd=m72suvkh2ej9wzza&sid=9222325317970825875&loc=https%3A%2F%2Fwww.barrons.com%2Farticles%2Fbuy-rockwell-automation-stock-pick-price-cc120733%3Fmod%3Dstock_picks_lp&new=1&arf=0&ltm=1739418488665&ref=&tzo=-330&wsz=1280x595&res=1280x720&dpr=1&col=24&bln=en-US&chs=UTF-8&cks=m72suwdzusqgofj6&ckp=m72suvkh3pz0mbgy&glb=&amo=1688057100&eid0=e4cefa22ef027cc0132f0c218da37da39cdb3228234af4df969b5c463592e123&eit0=wsj&cp_userState=registered, line 1: TypeError: cX.loadScript is not a function
JavaScript warning: https://pagead2.googlesyndication.com/bg/8ZaB7jRsaaU-biZOJz6O6mNB_fDMtsHVeu7uD0tG4og.js line 2 > eval line 1314 > eval line 1 > eval line 1 > eval, line 1: WEBGL_debug_renderer_info is deprecated in Firefox and will be removed. Please use RENDERER.
JavaScript warning: https://cdn.gbqofs.com/sv/b/detector-bootstrap.min.js, line 0: Successfully compiled asm.js code (total compilation time 2ms)
1739418496554	Marionette	INFO	Stopped listening on port 52201
JavaScript warning: https://www.barrons.com/articles/buy-rockwell-automation-stock-pick-price-cc120733?mod=stock_picks_lp, line 129: Script terminated by timeout at:
nrWrapper@https://www.barrons.com/articles/buy-rockwell-automation-stock-pick-price-cc120733?mod=stock_picks_lp:129:17609

Dynamically enable window occlusion 1
