1739113523691	geckodriver	INFO	Listening on 127.0.0.1:50193
1739113526334	mozrunner::runner	INFO	Running command: "C:\\Program Files\\Mozilla Firefox\\firefox.exe" "--marionette" "--remote-debugging-port" "50194" "--remote-allow-hosts" "localhost" "-no-remote" "-profile" "D:\\Users\\sasikumarj\\AppData\\Local\\Temp\\rust_mozprofileKmi6Ni"
console.warn: services.settings: Ignoring preference override of remote settings server
console.warn: services.settings: Allow by setting MOZ_REMOTE_SETTINGS_DEVTOOLS=1 in the environment
Dynamically enable window occlusion 0
1739113527047	Marionette	INFO	Marionette enabled
1739113527396	Marionette	INFO	Listening on port 50336
WebDriver BiDi listening on ws://127.0.0.1:50194
Read port: 50336
console.error: Policies: 
  Download failed - ERROR_CORRUPT_FILE - file://C:\Program Files\Snow Software\Inventory\Agent\FFCloudmetering.xpi
1739113527727	RemoteAgent	WARN	TLS certificate errors will be ignored for this session
DevTools listening on ws://127.0.0.1:50194/devtools/browser/92819e22-959c-4b9f-bcff-6e6e202eeaf3
JavaScript error: , line 0: AbortError: The operation was aborted. 
JavaScript error: , line 0: AbortError: The operation was aborted. 
JavaScript error: , line 0: AbortError: The operation was aborted. 
JavaScript error: , line 0: AbortError: The operation was aborted. 
JavaScript error: https://cdn.cxense.com/sp1.html#ver=2.8.90&typ=pgv&rnd=m6xrap701z1u4fku&sid=9222318613852486900&loc=https%3A%2F%2Fwww.wsj.com%2Farticles%2Fwhat-the-board-needs-to-know-acec160b%3Fmod%3Dpanda_wsj_custom_topic_alert&new=1&arf=0&ltm=1739113537543&ref=&tzo=-330&wsz=1280x595&res=1280x720&dpr=1&col=24&bln=en-US&chs=UTF-8&cks=m6xrapwi9dot5xnp&ckp=m6xraprztbkfc03c&glb=&amo=1692694740&cp_userState=anon&cp_testGroup=4&cp_topDomain=wsj.com&cp_pwTag=default&cp_pwPlacement=cx-pro-snippetad&cp_pwCampaign=54322&cp_pwType=personalized&cp_navSource=panda_wsj_custom_topic_alert&cp_type=Board%20Pack%20Exclusive&cp_template=preview&cp_access=paid&cp_section=WSJ%20Pro&cp_subsection=Pro%20Cyber&cp_cms_name=WSJ%20Authoring%20Production&cp_vix=&cp_subscriber=nonsubscriber&cp_edition=naus&cp_bucket=0&cp_ab_bucket=60&cp_pageContentSource=WSJProCS&cp_pageContentType=Article&cp_pageContentTypeDetai=pro&cp_pageSiteProduct=WSJProCS&cp_userTags=&cp_sessionState=none, line 1: TypeError: cX.loadScript is not a function
JavaScript warning: https://cdn.gbqofs.com/sv/b/detector-bootstrap.min.js, line 0: Successfully compiled asm.js code (total compilation time 2ms)
JavaScript warning: https://pagead2.googlesyndication.com/bg/0XaOFjBKFoXDKL9VF6MVp869Uwh55gMl2rSabIW1nBU.js line 2 > eval line 3432 > eval line 1 > eval line 1 > eval, line 1: WEBGL_debug_renderer_info is deprecated in Firefox and will be removed. Please use RENDERER.
1739113542019	Marionette	WARN	Ignoring event 'DOMContentLoaded' because document has an invalid readyState of 'complete'.
1739113545051	Marionette	INFO	Stopped listening on port 50336
Dynamically enable window occlusion 1
