1739417487576	geckodriver	INFO	Listening on 127.0.0.1:64940
1739417490851	mozrunner::runner	INFO	Running command: "C:\\Program Files\\Mozilla Firefox\\firefox.exe" "--marionette" "--remote-debugging-port" "64943" "--remote-allow-hosts" "localhost" "-no-remote" "-profile" "D:\\Users\\sasikumarj\\AppData\\Local\\Temp\\rust_mozprofilexCHlFj"
console.warn: services.settings: Ignoring preference override of remote settings server
console.warn: services.settings: Allow by setting MOZ_REMOTE_SETTINGS_DEVTOOLS=1 in the environment
Dynamically enable window occlusion 0
1739417491882	Marionette	INFO	Marionette enabled
1739417492457	Marionette	INFO	Listening on port 64962
WebDriver BiDi listening on ws://127.0.0.1:64943
Read port: 64962
console.error: Policies: 
  Download failed - ERROR_CORRUPT_FILE - file://C:\Program Files\Snow Software\Inventory\Agent\FFCloudmetering.xpi
1739417493141	RemoteAgent	WARN	TLS certificate errors will be ignored for this session
DevTools listening on ws://127.0.0.1:64943/devtools/browser/e0c9f2b7-70a6-4a34-bf83-6ab3feb3278b
JavaScript error: https://www.s.dev.barrons.com/, line 154: ReferenceError: djSharedFunctions is not defined
console.error: ({})
console.error: ({})
JavaScript warning: https://cdn.gbqofs.com/sv/b/detector-bootstrap.min.js, line 0: Successfully compiled asm.js code (total compilation time 2ms)
JavaScript error: https://cdn.gbqofs.com/sv/b/detector-bootstrap.min.js, line 10: Error: Piano SDK is loaded twice on same page. Try to fix that to prevent the message.
JavaScript error: https://cdn.cxense.com/sp1.html#ver=2.8.90&typ=pgv&rnd=m72s9ryr6c0klltq&sid=9222325317970825875&loc=https%3A%2F%2Fwww.s.dev.barrons.com%2F&new=1&arf=0&ltm=1739417504213&ref=&tzo=-330&wsz=1280x595&res=1280x720&dpr=1&col=24&bln=en-US&chs=UTF-8&cks=m72s9ts2dwo9apr3&ckp=m72s9ryrxhfn3a6v&glb=&cp_userState=anon, line 1: TypeError: cX.loadScript is not a function
JavaScript warning: https://pagead2.googlesyndication.com/bg/8ZaB7jRsaaU-biZOJz6O6mNB_fDMtsHVeu7uD0tG4og.js line 2 > eval line 6321 > eval line 1 > eval line 1 > eval, line 1: WEBGL_debug_renderer_info is deprecated in Firefox and will be removed. Please use RENDERER.
JavaScript warning: https://pagead2.googlesyndication.com/bg/8ZaB7jRsaaU-biZOJz6O6mNB_fDMtsHVeu7uD0tG4og.js line 2 > eval line 432 > eval line 1 > eval line 1 > eval, line 1: WEBGL_debug_renderer_info is deprecated in Firefox and will be removed. Please use RENDERER.
JavaScript warning: https://s0.2mdn.net/ads/studio/cached_libs/createjs_2019.11.15_min.js, line 12: Script terminated by timeout at:
b.draw@https://s0.2mdn.net/ads/studio/cached_libs/createjs_2019.11.15_min.js:12:22980
b.draw@https://s0.2mdn.net/ads/studio/cached_libs/createjs_2019.11.15_min.js:14:20101
b.draw@https://s0.2mdn.net/ads/studio/cached_libs/createjs_2019.11.15_min.js:13:8379
c.draw@https://s0.2mdn.net/ads/studio/cached_libs/createjs_2019.11.15_min.js:14:28037
b.draw@https://s0.2mdn.net/ads/studio/cached_libs/createjs_2019.11.15_min.js:13:8379
c.draw@https://s0.2mdn.net/ads/studio/cached_libs/createjs_2019.11.15_min.js:14:28037
b.draw@https://s0.2mdn.net/ads/studio/cached_libs/createjs_2019.11.15_min.js:13:8379
c.draw@https://s0.2mdn.net/ads/studio/cached_libs/createjs_2019.11.15_min.js:14:28037
b.draw@https://s0.2mdn.net/ads/studio/cached_libs/createjs_2019.11.15_min.js:13:8379
c.draw@https://s0.2mdn.net/ads/studio/cached_libs/createjs_2019.11.15_min.js:14:28037
b.draw@https://s0.2mdn.net/ads/studio/cached_libs/createjs_2019.11.15_min.js:13:8379
b.update@https://s0.2mdn.net/ads/studio/cached_libs/createjs_2019.11.15_min.js:13:14512
handleLoadComplete/<@https://s0.2mdn.net/sadbundle/11988882604738549020/index.html?ev=01_253:118:25
b._dispatchEvent@https://s0.2mdn.net/ads/studio/cached_libs/createjs_2019.11.15_min.js:12:4090
b._dispatchEvent@https://s0.2mdn.net/ads/studio/cached_libs/createjs_2019.11.15_min.js:12:4158
b.dispatchEvent@https://s0.2mdn.net/ads/studio/cached_libs/createjs_2019.11.15_min.js:12:3479
a._tick@https://s0.2mdn.net/ads/studio/cached_libs/createjs_2019.11.15_min.js:12:7459
a._handleTimeout@https://s0.2mdn.net/ads/studio/cached_libs/createjs_2019.11.15_min.js:12:6772

JavaScript error: https://pbcs.barrons.com/s/dj/barrons/pb.js, line 827: TypeError: can't convert undefined to object
JavaScript error: https://www.s.dev.barrons.com/articles/buy-rockwell-automation-stock-pick-price-cc120733?mod=stock_picks_lp, line 162: ReferenceError: djSharedFunctions is not defined
console.error: ({})
console.error: ({})
JavaScript warning: https://cdn.gbqofs.com/sv/b/detector-bootstrap.min.js, line 0: Successfully compiled asm.js code (total compilation time 2ms)
JavaScript warning: https://pagead2.googlesyndication.com/bg/8ZaB7jRsaaU-biZOJz6O6mNB_fDMtsHVeu7uD0tG4og.js line 2 > eval line 7446 > eval line 1 > eval line 1 > eval, line 1: WEBGL_debug_renderer_info is deprecated in Firefox and will be removed. Please use RENDERER.
1739417527603	Marionette	INFO	Stopped listening on port 64962
Dynamically enable window occlusion 1
