1737531003582	geckodriver	INFO	Listening on 127.0.0.1:57656
1737531006629	mozrunner::runner	INFO	Running command: "C:\\Program Files\\Mozilla Firefox\\firefox.exe" "--marionette" "--remote-debugging-port" "57657" "--remote-allow-hosts" "localhost" "-no-remote" "-profile" "D:\\Users\\sasikumarj\\AppData\\Local\\Temp\\rust_mozprofilewKygbO"
console.warn: services.settings: Ignoring preference override of remote settings server
console.warn: services.settings: Allow by setting MOZ_REMOTE_SETTINGS_DEVTOOLS=1 in the environment
Dynamically enable window occlusion 0
1737531007259	Marionette	INFO	Marionette enabled
1737531007527	Marionette	INFO	Listening on port 57664
Read port: 57664
WebDriver BiDi listening on ws://127.0.0.1:57657
1737531007705	RemoteAgent	WARN	TLS certificate errors will be ignored for this session
console.error: Policies: 
  Download failed - ERROR_CORRUPT_FILE - file://C:\Program Files\Snow Software\Inventory\Agent\FFCloudmetering.xpi
DevTools listening on ws://127.0.0.1:57657/devtools/browser/be4f8ae9-e49c-494d-92cb-94765a15ab3c
console.error: ({})
console.error: ({})
JavaScript warning: https://cdn.gbqofs.com/sv/b/detector-bootstrap.min.js, line 0: Successfully compiled asm.js code (total compilation time 2ms)
JavaScript error: https://cdn.gbqofs.com/sv/b/detector-bootstrap.min.js, line 10: Error: Piano SDK is loaded twice on same page. Try to fix that to prevent the message.
JavaScript error: https://cdn.cxense.com/sp1.html#ver=2.8.90&typ=pgv&rnd=m67l3r9p4zetcb17&sid=9222325317970825875&loc=https%3A%2F%2Fwww.barrons.com%2F&new=1&arf=0&ltm=1737531014607&ref=&tzo=-330&wsz=1280x595&res=1280x720&dpr=1&col=24&bln=en-US&chs=UTF-8&cks=m67l3t50musdonm4&ckp=m67l3r9pxgjcdudd&glb=&cp_userState=anon, line 1: TypeError: cX.loadScript is not a function
JavaScript error: https://cdn.gbqofs.com/sv/b/detector-bootstrap.min.js, line 10: Error: Error while loading plugin at URL: 'https://aswpsdkeu.com/notify/v1/ua-html-prompt.min.js'
JavaScript warning: https://pagead2.googlesyndication.com/bg/xhloPt0V3HYDZqxMOCNqLI9Qa0-bNWhyd5ULBccPyWM.js line 2 > eval line 1808 > eval line 1 > eval line 1 > eval, line 1: WEBGL_debug_renderer_info is deprecated in Firefox and will be removed. Please use RENDERER.
JavaScript warning: https://gum.criteo.com/syncframe?origin=criteoPrebidAdapter&topUrl=www.barrons.com&us_privacy=1---&gpp=DBAA&gpp_sid=-1#{%22cw%22:true,%22lsw%22:true,%22origin%22:%22criteoPrebidAdapter%22,%22requestId%22:%220.4004792919290804%22,%22tld%22:%22www.barrons.com%22,%22topUrl%22:%22www.barrons.com%22,%22version%22:%229_12_0%22}, line 13: Script terminated by timeout at:
r.prototype.flushEventQueue@https://gum.criteo.com/syncframe?origin=criteoPrebidAdapter&topUrl=www.barrons.com&us_privacy=1---&gpp=DBAA&gpp_sid=-1#{%22cw%22:true,%22lsw%22:true,%22origin%22:%22criteoPrebidAdapter%22,%22requestId%22:%220.4004792919290804%22,%22tld%22:%22www.barrons.com%22,%22topUrl%22:%22www.barrons.com%22,%22version%22:%229_12_0%22}:13:3137
r/<@https://gum.criteo.com/syncframe?origin=criteoPrebidAdapter&topUrl=www.barrons.com&us_privacy=1---&gpp=DBAA&gpp_sid=-1#{%22cw%22:true,%22lsw%22:true,%22origin%22:%22criteoPrebidAdapter%22,%22requestId%22:%220.4004792919290804%22,%22tld%22:%22www.barrons.com%22,%22topUrl%22:%22www.barrons.com%22,%22version%22:%229_12_0%22}:13:3642

console.error: ({})
console.error: ({})
JavaScript warning: https://cdn.gbqofs.com/sv/b/detector-bootstrap.min.js, line 0: Successfully compiled asm.js code (total compilation time 1ms)
JavaScript error: https://cdn.cxense.com/sp1.html#ver=2.8.90&typ=pgv&rnd=m67l440q79a0u0kn&sid=9222325317970825875&loc=https%3A%2F%2Fwww.s.dev.barrons.com%2Farticles%2Fbuy-under-armour-stock-pick-51650672000&new=0&arf=0&ltm=1737531031179&ref=&tzo=-330&wsz=1280x595&res=1280x720&dpr=1&col=24&bln=en-US&chs=UTF-8&cks=m67l45ikrmy4f0ne&ckp=m67l3r9pxgjcdudd&glb=&amo=1720048200&cp_userState=anon, line 1: TypeError: cX.loadScript is not a function
JavaScript warning: https://pagead2.googlesyndication.com/bg/xhloPt0V3HYDZqxMOCNqLI9Qa0-bNWhyd5ULBccPyWM.js line 2 > eval line 2472 > eval line 1 > eval line 1 > eval, line 1: WEBGL_debug_renderer_info is deprecated in Firefox and will be removed. Please use RENDERER.
1737531038365	Marionette	WARN	Ignoring event 'pageshow' because document has an invalid readyState of 'uninitialized'.
JavaScript warning: https://www.s.dev.barrons.com/_next/static/chunks/main-fc8ea3f3c8e9e983.js, line 6: Script terminated by timeout at:
c@https://www.s.dev.barrons.com/_next/static/chunks/main-fc8ea3f3c8e9e983.js:6:20337
v@https://www.s.dev.barrons.com/_next/static/chunks/main-fc8ea3f3c8e9e983.js:6:20436
t@https://www.s.dev.barrons.com/_next/static/chunks/main-fc8ea3f3c8e9e983.js:6:15839

JavaScript warning: https://gum.criteo.com/syncframe?origin=criteoPrebidAdapter&topUrl=www.s.dev.barrons.com&us_privacy=1YNN&gpp=DBABRg~BVoAACA&gpp_sid=9#{%22cw%22:true,%22lsw%22:true,%22origin%22:%22criteoPrebidAdapter%22,%22requestId%22:%220.6803122438363328%22,%22tld%22:%22www.s.dev.barrons.com%22,%22topUrl%22:%22www.s.dev.barrons.com%22,%22version%22:%229_12_0%22}, line 13: Script terminated by timeout at:
r.prototype.flushEventQueue@https://gum.criteo.com/syncframe?origin=criteoPrebidAdapter&topUrl=www.s.dev.barrons.com&us_privacy=1YNN&gpp=DBABRg~BVoAACA&gpp_sid=9#{%22cw%22:true,%22lsw%22:true,%22origin%22:%22criteoPrebidAdapter%22,%22requestId%22:%220.6803122438363328%22,%22tld%22:%22www.s.dev.barrons.com%22,%22topUrl%22:%22www.s.dev.barrons.com%22,%22version%22:%229_12_0%22}:13:3137
r/<@https://gum.criteo.com/syncframe?origin=criteoPrebidAdapter&topUrl=www.s.dev.barrons.com&us_privacy=1YNN&gpp=DBABRg~BVoAACA&gpp_sid=9#{%22cw%22:true,%22lsw%22:true,%22origin%22:%22criteoPrebidAdapter%22,%22requestId%22:%220.6803122438363328%22,%22tld%22:%22www.s.dev.barrons.com%22,%22topUrl%22:%22www.s.dev.barrons.com%22,%22version%22:%229_12_0%22}:13:3642

console.warn: LoginRecipes: "Falling back to a synchronous message for: https://sso.int.accounts.dowjones.com."
console.warn: LoginRecipes: "Falling back to a synchronous message for: https://sso.int.accounts.dowjones.com."
JavaScript warning: https://www.googletagmanager.com/gtag/js?id=G-GJ5S1GJYKT, line 814: Script terminated by timeout at:
h.tn@https://www.googletagmanager.com/gtag/js?id=G-GJ5S1GJYKT:814:446
c@https://www.googletagmanager.com/gtag/js?id=G-GJ5S1GJYKT:830:815
Un@https://www.googletagmanager.com/gtag/js?id=G-GJ5S1GJYKT:417:60
Tn.prototype.flush@https://www.googletagmanager.com/gtag/js?id=G-GJ5S1GJYKT:420:373
Tn.prototype.push@https://www.googletagmanager.com/gtag/js?id=G-GJ5S1GJYKT:418:214
Mn@https://www.googletagmanager.com/gtag/js?id=G-GJ5S1GJYKT:414:1596
pK/<@https://www.googletagmanager.com/gtag/js?id=G-GJ5S1GJYKT:831:187
h.Jl/<@https://www.googletagmanager.com/gtag/js?id=G-GJ5S1GJYKT:770:126
h.Jl/c/<@https://www.googletagmanager.com/gtag/js?id=G-GJ5S1GJYKT:769:418

JavaScript warning: https://cdn.gbqofs.com/sv/b/detector-bootstrap.min.js, line 0: Successfully compiled asm.js code (total compilation time 4ms)
JavaScript warning: https://cdn.gbqofs.com/sv/b/detector-bootstrap.min.js, line 0: Successfully compiled asm.js code (total compilation time 1ms)
1737531061458	Marionette	INFO	Stopped listening on port 57664
JavaScript warning: https://pbcs.barrons.com/s/dj/barrons/pb.js, line 2637: Script terminated by timeout at:
./src/common/Utils.js/setHbKeyValue/<@https://pbcs.barrons.com/s/dj/barrons/pb.js:2637:7

Dynamically enable window occlusion 1
