1739464124413	geckodriver	INFO	Listening on 127.0.0.1:54687
1739464127456	mozrunner::runner	INFO	Running command: "C:\\Program Files\\Mozilla Firefox\\firefox.exe" "--marionette" "--remote-debugging-port" "54688" "--remote-allow-hosts" "localhost" "-no-remote" "-profile" "D:\\Users\\sasikumarj\\AppData\\Local\\Temp\\rust_mozprofiles4mc4A"
console.warn: services.settings: Ignoring preference override of remote settings server
console.warn: services.settings: Allow by setting MOZ_REMOTE_SETTINGS_DEVTOOLS=1 in the environment
Dynamically enable window occlusion 0
1739464128247	Marionette	INFO	Marionette enabled
1739464128550	Marionette	INFO	Listening on port 54698
WebDriver BiDi listening on ws://127.0.0.1:54688
Read port: 54698
console.error: Policies: 
  Download failed - ERROR_CORRUPT_FILE - file://C:\Program Files\Snow Software\Inventory\Agent\FFCloudmetering.xpi
1739464128830	RemoteAgent	WARN	TLS certificate errors will be ignored for this session
DevTools listening on ws://127.0.0.1:54688/devtools/browser/d3ebd7d2-755e-4f1e-9ee0-62cb49af223b
console.error: ({})
console.error: ({})
JavaScript warning: https://js-agent.newrelic.com/nr-1044.min.js, line 1: Script terminated by timeout at:
o@https://js-agent.newrelic.com/nr-1044.min.js:1:10423
[18]</i/<@https://js-agent.newrelic.com/nr-1044.min.js:1:11001
r@https://js-agent.newrelic.com/nr-1044.min.js:1:22304
i@https://js-agent.newrelic.com/nr-1044.min.js:1:10963
i@https://js-agent.newrelic.com/nr-1044.min.js:1:10895
[18]</i/<@https://js-agent.newrelic.com/nr-1044.min.js:1:10985
r@https://js-agent.newrelic.com/nr-1044.min.js:1:22304
i@https://js-agent.newrelic.com/nr-1044.min.js:1:10963
r@https://js-agent.newrelic.com/nr-1044.min.js:1:10335
u@https://js-agent.newrelic.com/nr-1044.min.js:1:5749
a@https://js-agent.newrelic.com/nr-1044.min.js:1:5179
[8]</o/e<@https://js-agent.newrelic.com/nr-1044.min.js:1:5091
r@https://js-agent.newrelic.com/nr-1044.min.js:1:22304
o@https://js-agent.newrelic.com/nr-1044.min.js:1:5069
r@https://js-agent.newrelic.com/nr-1044.min.js:1:7155
[15]</r/<@https://js-agent.newrelic.com/nr-1044.min.js:1:9104

console.error: ({})
console.error: ({})
JavaScript warning: https://pagead2.googlesyndication.com/bg/7X-uH5y0gJvnB4v7ISI4IqoVijK-ve8_b-uQfZfzdL4.js line 2 > eval line 3119 > eval line 1 > eval line 1 > eval, line 1: WEBGL_debug_renderer_info is deprecated in Firefox and will be removed. Please use RENDERER.
JavaScript warning: https://www.barrons.com/articles/wendys-wen-stock-earnings-51652268634, line 129: Script terminated by timeout at:
nrWrapper@https://www.barrons.com/articles/wendys-wen-stock-earnings-51652268634:129:17609

1739464193810	Marionette	INFO	Stopped listening on port 54698
Dynamically enable window occlusion 1
