1739268635380	geckodriver	INFO	Listening on 127.0.0.1:63534
1739268638540	mozrunner::runner	INFO	Running command: "C:\\Program Files\\Mozilla Firefox\\firefox.exe" "--marionette" "--remote-debugging-port" "63535" "--remote-allow-hosts" "localhost" "-no-remote" "-profile" "D:\\Users\\sasikumarj\\AppData\\Local\\Temp\\rust_mozprofile3g7KA0"
console.warn: services.settings: Ignoring preference override of remote settings server
console.warn: services.settings: Allow by setting MOZ_REMOTE_SETTINGS_DEVTOOLS=1 in the environment
Dynamically enable window occlusion 0
1739268639317	Marionette	INFO	Marionette enabled
1739268639732	Marionette	INFO	Listening on port 63665
WebDriver BiDi listening on ws://127.0.0.1:63535
Read port: 63665
console.error: Policies: 
  Download failed - ERROR_CORRUPT_FILE - file://C:\Program Files\Snow Software\Inventory\Agent\FFCloudmetering.xpi
1739268640194	RemoteAgent	WARN	TLS certificate errors will be ignored for this session
DevTools listening on ws://127.0.0.1:63535/devtools/browser/ca2889aa-61b0-468c-93c3-8a27d8e3dd67
JavaScript warning: https://securepubads.g.doubleclick.net/pagead/managed/js/gpt/m202502100101/pubads_impl.js?cb=31090331, line 33: Script terminated by timeout at:
Jo@https://securepubads.g.doubleclick.net/pagead/managed/js/gpt/m202502100101/pubads_impl.js?cb=31090331:33:347255
_.ae@https://securepubads.g.doubleclick.net/pagead/managed/js/gpt/m202502100101/pubads_impl.js?cb=31090331:33:19777
_.Ye@https://securepubads.g.doubleclick.net/pagead/managed/js/gpt/m202502100101/pubads_impl.js?cb=31090331:33:23151
_.Go@https://securepubads.g.doubleclick.net/pagead/managed/js/gpt/m202502100101/pubads_impl.js?cb=31090331:33:182195
Ko@https://securepubads.g.doubleclick.net/pagead/managed/js/gpt/m202502100101/pubads_impl.js?cb=31090331:33:78237
Mo@https://securepubads.g.doubleclick.net/pagead/managed/js/gpt/m202502100101/pubads_impl.js?cb=31090331:33:78390
c@https://securepubads.g.doubleclick.net/pagead/managed/js/gpt/m202502100101/pubads_impl.js?cb=31090331:33:513930
Z0<@https://securepubads.g.doubleclick.net/pagead/managed/js/gpt/m202502100101/pubads_impl.js?cb=31090331:33:513970
WR.prototype.g@https://securepubads.g.doubleclick.net/pagead/managed/js/gpt/m202502100101/pubads_impl.js?cb=31090331:33:290929
NR.prototype.start/<@https://securepubads.g.doubleclick.net/pagead/managed/js/gpt/m202502100101/pubads_impl.js?cb=31090331:33:289691
tA@https://securepubads.g.doubleclick.net/pagead/managed/js/gpt/m202502100101/pubads_impl.js?cb=31090331:33:153518
vA/this.next@https://securepubads.g.doubleclick.net/pagead/managed/js/gpt/m202502100101/pubads_impl.js?cb=31090331:33:153817
b@https://securepubads.g.doubleclick.net/pagead/managed/js/gpt/m202502100101/pubads_impl.js?cb=31090331:33:154068
nrWrapper@https://www.marketwatch.com/:358:17759

console.warn: LoginRecipes: "Falling back to a synchronous message for: https://sso.accounts.dowjones.com."
console.warn: LoginRecipes: "Falling back to a synchronous message for: https://sso.accounts.dowjones.com."
JavaScript warning: https://cdn.gbqofs.com/sv/b/detector-bootstrap.min.js, line 0: Successfully compiled asm.js code (total compilation time 2ms)
JavaScript error: https://cdn.cxense.com/sp1.html#ver=2.8.90&typ=pgv&rnd=m70bpavlh5gvrw53&sid=9222325317970825873&loc=https%3A%2F%2Fwww.marketwatch.com%2Ffollow&new=1&arf=0&ltm=1739268742741&ref=&tzo=-330&wsz=1280x595&res=1280x720&dpr=1&col=24&bln=en-US&chs=UTF-8&cks=m70bpb38iw3156dn&ckp=m70bpavlki97aogv&glb=&eid0=e4cefa22ef027cc0132f0c218da37da39cdb3228234af4df969b5c463592e123&eit0=wsj&cp_userState=anon&cp_testGroup=32&cp_topDomain=marketwatch.com&cp_template=full&cp_access=free&cp_section=Follow&cp_subsection=mw&cp_cms_name=CAPS&cp_subscriber=registered&cp_edition=na%252Cus&cp_bucket=0&cp_ab_bucket=80&cp_pageContentSource=MarketWatch&cp_pageContentType=Follow&cp_pageContentTypeDetai=follow&cp_pageSiteProduct=MW&cp_userTags=&cp_sessionState=ca, line 1: TypeError: cX.loadScript is not a function
JavaScript warning: https://cdn.gbqofs.com/sv/b/detector-bootstrap.min.js, line 0: Successfully compiled asm.js code (total compilation time 1ms)
1739268839380	Marionette	INFO	Stopped listening on port 63665
Dynamically enable window occlusion 1
