1739083859858	geckodriver	INFO	Listening on 127.0.0.1:51405
1739083862904	mozrunner::runner	INFO	Running command: "C:\\Program Files\\Mozilla Firefox\\firefox.exe" "--marionette" "--remote-debugging-port" "51406" "--remote-allow-hosts" "localhost" "-no-remote" "-profile" "D:\\Users\\sasikumarj\\AppData\\Local\\Temp\\rust_mozprofileGq3Emr"
console.warn: services.settings: Ignoring preference override of remote settings server
console.warn: services.settings: Allow by setting MOZ_REMOTE_SETTINGS_DEVTOOLS=1 in the environment
Dynamically enable window occlusion 0
1739083863529	Marionette	INFO	Marionette enabled
1739083863783	Marionette	INFO	Listening on port 51417
WebDriver BiDi listening on ws://127.0.0.1:51406
Read port: 51417
console.error: Policies: 
  Download failed - ERROR_CORRUPT_FILE - file://C:\Program Files\Snow Software\Inventory\Agent\FFCloudmetering.xpi
1739083864051	RemoteAgent	WARN	TLS certificate errors will be ignored for this session
DevTools listening on ws://127.0.0.1:51406/devtools/browser/54d8a4ef-7569-4bb5-9e9d-9a688d1d1ed7
console.error: ({})
console.error: ({})
JavaScript error: https://www.barrons.com/asset/dj-watchlist/v1.14.3/p-0633e57d.entry.js, line 11: TypeError: Error.captureStackTrace is not a function
JavaScript warning: https://cdn.gbqofs.com/sv/b/detector-bootstrap.min.js, line 0: Successfully compiled asm.js code (total compilation time 3ms)
console.error: ({})
console.error: ({})
JavaScript error: https://www.s.dev.barrons.com/articles/buy-under-armour-stock-pick-51650672000, line 162: ReferenceError: djSharedFunctions is not defined
JavaScript error: , line 0: AbortError: The operation was aborted. 
JavaScript warning: https://www.s.dev.barrons.com/_next/static/chunks/main-fc8ea3f3c8e9e983.js, line 6: Script terminated by timeout at:
78018/w/<@https://www.s.dev.barrons.com/_next/static/chunks/main-fc8ea3f3c8e9e983.js:6:16343
t@https://www.s.dev.barrons.com/_next/static/chunks/main-fc8ea3f3c8e9e983.js:6:15839

JavaScript warning: https://fpt.live.com/?session_id=7bea9a982fac480986f72aec40ed4ede&CustomerId=33e01921-4d64-4f8c-a055-5bdaffd5e33d&PageId=SI, line 5: WEBGL_debug_renderer_info is deprecated in Firefox and will be removed. Please use RENDERER.
console.warn: LoginRecipes: "Falling back to a synchronous message for: https://login.live.com."
console.warn: LoginRecipes: "Falling back to a synchronous message for: https://login.live.com."
console.error: ({})
1739083897507	Marionette	WARN	Ignoring event 'DOMContentLoaded' because document has an invalid readyState of 'complete'.
JavaScript warning: https://res-1.cdn.office.net/midgard/versionless/livepersonacard_without-react_44cd24035cb31cfc94c2.js, line 2: unreachable code after return statement
JavaScript error: https://gum.criteo.com/sync?c=30&r=2&j=cr_handle_data_a, line 1: TypeError: window.CONFIG_JS_CALLBACK is not a function
JavaScript error: https://gum.criteo.com/sync?c=72&r=2&j=TRC.getRTUS&us_privacy=&gdpr=0&gdpr_consent=, line 1: TypeError: window.CONFIG_JS_CALLBACK is not a function
1739083909067	Marionette	INFO	Stopped listening on port 51417
Dynamically enable window occlusion 1
