1729838667632	geckodriver	INFO	Listening on 127.0.0.1:59112
1729838670658	mozrunner::runner	INFO	Running command: "C:\\Program Files\\Mozilla Firefox\\firefox.exe" "--marionette" "--remote-debugging-port" "59113" "--remote-allow-hosts" "localhost" "-no-remote" "-profile" "D:\\Users\\sasikumarj\\AppData\\Local\\Temp\\rust_mozprofile8DVU0N"
console.warn: services.settings: Ignoring preference override of remote settings server
console.warn: services.settings: Allow by setting MOZ_REMOTE_SETTINGS_DEVTOOLS=1 in the environment
Dynamically enable window occlusion 0
1729838671342	Marionette	INFO	Marionette enabled
1729838671614	Marionette	INFO	Listening on port 59120
WebDriver BiDi listening on ws://127.0.0.1:59113
Read port: 59120
1729838671867	RemoteAgent	WARN	TLS certificate errors will be ignored for this session
DevTools listening on ws://127.0.0.1:59113/devtools/browser/c0a7f5cc-0391-4b0b-b150-4c4617beb1c8
JavaScript warning: https://int-replay-wsj-elections.ore.onservo.com/election/_next/static/chunks/main-c0569e4635de2e62.js, line 1: unreachable code after return statement
JavaScript warning: https://int-replay-wsj-elections.ore.onservo.com/election/_next/static/chunks/main-c0569e4635de2e62.js, line 1: unreachable code after return statement
JavaScript error: https://cdn.cxense.com/sp1.html#ver=2.8.82&typ=pgv&rnd=m2odab4cwbpb5qq6&sid=1134002947328204066&loc=https%3A%2F%2Fwww.dev.wsj.com%2F&new=1&arf=0&ltm=1729838679012&ref=&tzo=-330&wsz=1278x497&res=1278x622&dpr=1&col=24&bln=en-US&chs=UTF-8&cks=m2odabak3r6qa9no&ckp=m2odab4ckrod1kca&glb=&cp_userState=anon&cp_testGroup=18&cp_env=staging&cp_topDomain=wsj.com&cp_template=full&cp_access=free&cp_section=US%20Home%20Page&cp_subsection=&cp_cms_name=CAPS&cp_subscriber=nonsubscriber&cp_edition=naus&cp_bucket=4&cp_ab_bucket=34&cp_pageContentSource=WSJ%20Online&cp_pageContentType=Home&cp_pageContentTypeDetai=desktopweb&cp_pageSiteProduct=WSJ&cp_userTags=&cp_sessionState=none, line 1: TypeError: cX.loadScript is not a function
1729838682306	Marionette	WARN	Ignoring event 'DOMContentLoaded' because document has an invalid readyState of 'complete'.
JavaScript warning: https://pagead2.googlesyndication.com/bg/nbFBA6X6-R6L-vgiwwUCSbgu-1WcfjEIvkEfffAnUGA.js line 2 > eval line 6700 > eval line 1 > eval line 1 > eval, line 1: WEBGL_debug_renderer_info is deprecated in Firefox and will be removed. Please use RENDERER.
JavaScript warning: https://int-replay-wsj-elections.ore.onservo.com/election/_next/static/chunks/main-c0569e4635de2e62.js, line 1: Script terminated by timeout at:
8018/g/<@https://int-replay-wsj-elections.ore.onservo.com/election/_next/static/chunks/main-c0569e4635de2e62.js:1:111956
r@https://int-replay-wsj-elections.ore.onservo.com/election/_next/static/chunks/main-c0569e4635de2e62.js:1:111426

JavaScript error: , line 0: TypeError: NetworkError when attempting to fetch resource.
JavaScript error: https://news.google.com/swg/js/v1/swg.js, line 17: Error: XHR Failed fetching (https://news.google.com/...): (Note: a CORS error above may indicate that this publisher or domain is not configured in Publisher Center. The CORS error happens because 4xx responses do not set CORS headers.)

TypeError: NetworkError when attempting to fetch resource.
JavaScript error: , line 0: uncaught exception: Object
JavaScript error: https://news.google.com/swg/js/v1/swg.js, line 17: Error: Error: not allowed
1729840312651	Marionette	INFO	Stopped listening on port 59120
Dynamically enable window occlusion 1
!!! error running onStopped callback: TypeError: callback is not a function
JavaScript warning: https://www.googletagmanager.com/gtag/js?id=G-GJ5S1GJYKT, line 188: Script terminated by timeout at:
aa.get@https://www.googletagmanager.com/gtag/js?id=G-GJ5S1GJYKT:188:137
Fa.prototype.get@https://www.googletagmanager.com/gtag/js?id=G-GJ5S1GJYKT:189:850
Fa.prototype.get@https://www.googletagmanager.com/gtag/js?id=G-GJ5S1GJYKT:189:881
Fa.prototype.get@https://www.googletagmanager.com/gtag/js?id=G-GJ5S1GJYKT:189:881
Ja@https://www.googletagmanager.com/gtag/js?id=G-GJ5S1GJYKT:190:427
Xc.prototype.evaluate@https://www.googletagmanager.com/gtag/js?id=G-GJ5S1GJYKT:222:72
Od@https://www.googletagmanager.com/gtag/js?id=G-GJ5S1GJYKT:247:44
Wc.prototype.invoke@https://www.googletagmanager.com/gtag/js?id=G-GJ5S1GJYKT:221:403
Ja@https://www.googletagmanager.com/gtag/js?id=G-GJ5S1GJYKT:190:554
Xc.prototype.evaluate@https://www.googletagmanager.com/gtag/js?id=G-GJ5S1GJYKT:222:72
Qd@https://www.googletagmanager.com/gtag/js?id=G-GJ5S1GJYKT:247:212
Wc.prototype.invoke@https://www.googletagmanager.com/gtag/js?id=G-GJ5S1GJYKT:221:403
Ja@https://www.googletagmanager.com/gtag/js?id=G-GJ5S1GJYKT:190:554
Ia@https://www.googletagmanager.com/gtag/js?id=G-GJ5S1GJYKT:190:314
Id/<@https://www.googletagmanager.com/gtag/js?id=G-GJ5S1GJYKT:245:20
Wc.prototype.invoke@https://www.googletagmanager.com/gtag/js?id=G-GJ5S1GJYKT:221:403
Ja@https://www.googletagmanager.com/gtag/js?id=G-GJ5S1GJYKT:190:554
Xc.prototype.evaluate@https://www.googletagmanager.com/gtag/js?id=G-GJ5S1GJYKT:222:72
rd@https://www.googletagmanager.com/gtag/js?id=G-GJ5S1GJYKT:237:258
Wc.prototype.invoke@https://www.googletagmanager.com/gtag/js?id=G-GJ5S1GJYKT:221:403
Ja@https://www.googletagmanager.com/gtag/js?id=G-GJ5S1GJYKT:190:554
Ia@https://www.googletagmanager.com/gtag/js?id=G-GJ5S1GJYKT:190:314
od@https://www.googletagmanager.com/gtag/js?id=G-GJ5S1GJYKT:236:429
Wc.prototype.invoke@https://www.googletagmanager.com/gtag/js?id=G-GJ5S1GJYKT:221:403
Ja@https://www.googletagmanager.com/gtag/js?id=G-GJ5S1GJYKT:190:554
Ia@https://www.googletagmanager.com/gtag/js?id=G-GJ5S1GJYKT:190:314
yd@https://www.googletagmanager.com/gtag/js?id=G-GJ5S1GJYKT:239:63
Ed@https://www.googletagmanager.com/gtag/js?id=G-GJ5S1GJYKT:242:137
Fd@https://www.googletagmanager.com/gtag/js?id=G-GJ5S1GJYKT:241:234
Wc.prototype.invoke@https://www.googletagmanager.com/gtag/js?id=G-GJ5S1GJYKT:221:403
Ja@https://www.googletagmanager.com/gtag/js?id=G-GJ5S1GJYKT:190:554
Ia@https://www.googletagmanager.com/gtag/js?id=G-GJ5S1GJYKT:190:314
od@https://www.googletagmanager.com/gtag/js?id=G-GJ5S1GJYKT:236:429
Wc.prototype.invoke@https://www.googletagmanager.com/gtag/js?id=G-GJ5S1GJYKT:221:403
Ja@https://www.googletagmanager.com/gtag/js?id=G-GJ5S1GJYKT:190:554
Ia@https://www.googletagmanager.com/gtag/js?id=G-GJ5S1GJYKT:190:314
Qd@https://www.googletagmanager.com/gtag/js?id=G-GJ5S1GJYKT:247:275
Wc.prototype.invoke@https://www.googletagmanager.com/gtag/js?id=G-GJ5S1GJYKT:221:403
Ja@https://www.googletagmanager.com/gtag/js?id=G-GJ5S1GJYKT:190:554
Ia@https://www.googletagmanager.com/gtag/js?id=G-GJ5S1GJYKT:190:314
Id/<@https://www.googletagmanager.com/gtag/js?id=G-GJ5S1GJYKT:245:20
Wc.prototype.invoke@https://www.googletagmanager.com/gtag/js?id=G-GJ5S1GJYKT:221:403
eJ/<@https://www.googletagmanager.com/gtag/js?id=G-GJ5S1GJYKT:739:686
Es@https://www.googletagmanager.com/gtag/js?id=G-GJ5S1GJYKT:500:242
aa.Tm@https://www.googletagmanager.com/gtag/js?id=G-GJ5S1GJYKT:711:165
aa.Sm/</<@https://www.googletagmanager.com/gtag/js?id=G-GJ5S1GJYKT:708:489
dl@https://www.googletagmanager.com/gtag/js?id=G-GJ5S1GJYKT:377:151
Dl@https://www.googletagmanager.com/gtag/js?id=G-GJ5S1GJYKT:382:432
aa.Sm/<@https://www.googletagmanager.com/gtag/js?id=G-GJ5S1GJYKT:708:475
c@https://www.googletagmanager.com/gtag/js?id=G-GJ5S1GJYKT:519:411
wu@https://www.googletagmanager.com/gtag/js?id=G-GJ5S1GJYKT:520:237
aa.Sm@https://www.googletagmanager.com/gtag/js?id=G-GJ5S1GJYKT:708:461
c@https://www.googletagmanager.com/gtag/js?id=G-GJ5S1GJYKT:722:970
en@https://www.googletagmanager.com/gtag/js?id=G-GJ5S1GJYKT:398:1
dn.prototype.flush@https://www.googletagmanager.com/gtag/js?id=G-GJ5S1GJYKT:400:336
dn.prototype.push@https://www.googletagmanager.com/gtag/js?id=G-GJ5S1GJYKT:398:403
Xm@https://www.googletagmanager.com/gtag/js?id=G-GJ5S1GJYKT:395:785
tI/<@https://www.googletagmanager.com/gtag/js?id=G-GJ5S1GJYKT:723:187
aa.bl/<@https://www.googletagmanager.com/gtag/js?id=G-GJ5S1GJYKT:665:126
aa.bl/c/<@https://www.googletagmanager.com/gtag/js?id=G-GJ5S1GJYKT:664:420

JavaScript warning: https://imasdk.googleapis.com/js/core/bridge3.674.1_en.html#goog_894430174, line 449: Script terminated by timeout at:
bC@https://imasdk.googleapis.com/js/core/bridge3.674.1_en.html#goog_894430174:449:310
fC/this.aa@https://imasdk.googleapis.com/js/core/bridge3.674.1_en.html#goog_894430174:447:29

JavaScript warning: https://www.gstatic.com/_/mss/boq-subscribewithgoogle/_/js/k=boq-subscribewithgoogle.SubscribewithgoogleClientUi.en_US.wn-BM50GziE.es5.O/am=OBgwAw/d=1/excm=_b,_tp,serviceiframeview/ed=1/dg=0/wt=2/ujg=1/rs=ABXTjI6GprX4smCHmWFLvqBt6vGQYZIvfA/m=_b,_tp, line 297: Script terminated by timeout at:
c@https://www.gstatic.com/_/mss/boq-subscribewithgoogle/_/js/k=boq-subscribewithgoogle.SubscribewithgoogleClientUi.en_US.wn-BM50GziE.es5.O/am=OBgwAw/d=1/excm=_b,_tp,serviceiframeview/ed=1/dg=0/wt=2/ujg=1/rs=ABXTjI6GprX4smCHmWFLvqBt6vGQYZIvfA/m=_b,_tp:297:187
b@https://www.gstatic.com/_/mss/boq-subscribewithgoogle/_/js/k=boq-subscribewithgoogle.SubscribewithgoogleClientUi.en_US.wn-BM50GziE.es5.O/am=OBgwAw/d=1/excm=_b,_tp,serviceiframeview/ed=1/dg=0/wt=2/ujg=1/rs=ABXTjI6GprX4smCHmWFLvqBt6vGQYZIvfA/m=_b,_tp:288:48

