1739435882219	geckodriver	INFO	Listening on 127.0.0.1:60912
1739435885405	mozrunner::runner	INFO	Running command: "C:\\Program Files\\Mozilla Firefox\\firefox.exe" "--marionette" "--remote-debugging-port" "60913" "--remote-allow-hosts" "localhost" "-no-remote" "-profile" "D:\\Users\\sasikumarj\\AppData\\Local\\Temp\\rust_mozprofileDl0xVc"
console.warn: services.settings: Ignoring preference override of remote settings server
console.warn: services.settings: Allow by setting MOZ_REMOTE_SETTINGS_DEVTOOLS=1 in the environment
Dynamically enable window occlusion 0
1739435886588	Marionette	INFO	Marionette enabled
1739435887063	Marionette	INFO	Listening on port 60949
WebDriver BiDi listening on ws://127.0.0.1:60913
Read port: 60949
console.error: Policies: 
  Download failed - ERROR_CORRUPT_FILE - file://C:\Program Files\Snow Software\Inventory\Agent\FFCloudmetering.xpi
1739435887552	RemoteAgent	WARN	TLS certificate errors will be ignored for this session
DevTools listening on ws://127.0.0.1:60913/devtools/browser/43d2d142-581b-495c-ae3f-8e89b80478b9
JavaScript warning: https://www.marketwatch.com/, line 358: Script terminated by timeout at:
i@https://www.marketwatch.com/:358:17866
nrWrapper@https://www.marketwatch.com/:358:17819
e@https://www.marketwatch.com/:358:52209
_openDatabase/e<@https://cdn.p-n.io/pushly-sdk.min.js?domain_key=dDO9rW5BJjscrJF1odg2XLzg1OMtCyVUWN1H:1:113721
w/e<@https://cdn.p-n.io/pushly-sdk.min.js?domain_key=dDO9rW5BJjscrJF1odg2XLzg1OMtCyVUWN1H:1:1194
nrWrapper@https://www.marketwatch.com/:358:17759
e@https://www.marketwatch.com/:358:52209
w@https://cdn.p-n.io/pushly-sdk.min.js?domain_key=dDO9rW5BJjscrJF1odg2XLzg1OMtCyVUWN1H:1:1013
_openDatabase@https://cdn.p-n.io/pushly-sdk.min.js?domain_key=dDO9rW5BJjscrJF1odg2XLzg1OMtCyVUWN1H:1:113689
_executeTransaction/e<@https://cdn.p-n.io/pushly-sdk.min.js?domain_key=dDO9rW5BJjscrJF1odg2XLzg1OMtCyVUWN1H:1:114615
w/e<@https://cdn.p-n.io/pushly-sdk.min.js?domain_key=dDO9rW5BJjscrJF1odg2XLzg1OMtCyVUWN1H:1:1194
nrWrapper@https://www.marketwatch.com/:358:17759
e@https://www.marketwatch.com/:358:52209
w@https://cdn.p-n.io/pushly-sdk.min.js?domain_key=dDO9rW5BJjscrJF1odg2XLzg1OMtCyVUWN1H:1:1013
_executeTransaction@https://cdn.p-n.io/pushly-sdk.min.js?domain_key=dDO9rW5BJjscrJF1odg2XLzg1OMtCyVUWN1H:1:114571
_getData/e<@https://cdn.p-n.io/pushly-sdk.min.js?domain_key=dDO9rW5BJjscrJF1odg2XLzg1OMtCyVUWN1H:1:113389
w/e<@https://cdn.p-n.io/pushly-sdk.min.js?domain_key=dDO9rW5BJjscrJF1odg2XLzg1OMtCyVUWN1H:1:1194
nrWrapper@https://www.marketwatch.com/:358:17759
e@https://www.marketwatch.com/:358:52209
w@https://cdn.p-n.io/pushly-sdk.min.js?domain_key=dDO9rW5BJjscrJF1odg2XLzg1OMtCyVUWN1H:1:1013
_getData@https://cdn.p-n.io/pushly-sdk.min.js?domain_key=dDO9rW5BJjscrJF1odg2XLzg1OMtCyVUWN1H:1:113352
_mGetTimestampedData/e</<@https://cdn.p-n.io/pushly-sdk.min.js?domain_key=dDO9rW5BJjscrJF1odg2XLzg1OMtCyVUWN1H:1:120230
_mGetTimestampedData/e<@https://cdn.p-n.io/pushly-sdk.min.js?domain_key=dDO9rW5BJjscrJF1odg2XLzg1OMtCyVUWN1H:1:120143
w/e<@https://cdn.p-n.io/pushly-sdk.min.js?domain_key=dDO9rW5BJjscrJF1odg2XLzg1OMtCyVUWN1H:1:1194
nrWrapper@https://www.marketwatch.com/:358:17759
e@https://www.marketwatch.com/:358:52209
w@https://cdn.p-n.io/pushly-sdk.min.js?domain_key=dDO9rW5BJjscrJF1odg2XLzg1OMtCyVUWN1H:1:1013
_mGetTimestampedData@https://cdn.p-n.io/pushly-sdk.min.js?domain_key=dDO9rW5BJjscrJF1odg2XLzg1OMtCyVUWN1H:1:120005
_getTimestampedData/e<@https://cdn.p-n.io/pushly-sdk.min.js?domain_key=dDO9rW5BJjscrJF1odg2XLzg1OMtCyVUWN1H:1:119572
w/e<@https://cdn.p-n.io/pushly-sdk.min.js?domain_key=dDO9rW5BJjscrJF1odg2XLzg1OMtCyVUWN1H:1:1194
nrWrapper@https://www.marketwatch.com/:358:17759
e@https://www.marketwatch.com/:358:52209
w@https://cdn.p-n.io/pushly-sdk.min.js?domain_key=dDO9rW5BJjscrJF1odg2XLzg1OMtCyVUWN1H:1:1013
_getTimestampedData@https://cdn.p-n.io/pushly-sdk.min.js?domain_key=dDO9rW5BJjscrJF1odg2XLzg1OMtCyVUWN1H:1:119528
_getData/e<@https://cdn.p-n.io/pushly-sdk.min.js?domain_key=dDO9rW5BJjscrJF1odg2XLzg1OMtCyVUWN1H:1:119322
w/e<@https://cdn.p-n.io/pushly-sdk.min.js?domain_key=dDO9rW5BJjscrJF1odg2XLzg1OMtCyVUWN1H:1:1194
nrWrapper@https://www.marketwatch.com/:358:17759
e@https://www.marketwatch.com/:358:52209
w@https://cdn.p-n.io/pushly-sdk.min.js?domain_key=dDO9rW5BJjscrJF1odg2XLzg1OMtCyVUWN1H:1:1013
_getData@https://cdn.p-n.io/pushly-sdk.min.js?domain_key=dDO9rW5BJjscrJF1odg2XLzg1OMtCyVUWN1H:1:119278
_getIsInDeletedState/e<@https://cdn.p-n.io/pushly-sdk.min.js?domain_key=dDO9rW5BJjscrJF1odg2XLzg1OMtCyVUWN1H:1:132257
w/e<@https://cdn.p-n.io/pushly-sdk.min.js?domain_key=dDO9rW5BJjscrJF1odg2XLzg1OMtCyVUWN1H:1:1194
nrWrapper@https://www.marketwatch.com/:358:17759
e@https://www.marketwatch.com/:358:52209
w@https://cdn.p-n.io/pushly-sdk.min.js?domain_key=dDO9rW5BJjscrJF1odg2XLzg1OMtCyVUWN1H:1:1013
_getIsInDeletedState@https://cdn.p-n.io/pushly-sdk.min.js?domain_key=dDO9rW5BJjscrJF1odg2XLzg1OMtCyVUWN1H:1:132203
_canSend/e<@https://cdn.p-n.io/pushly-sdk.min.js?domain_key=dDO9rW5BJjscrJF1odg2XLzg1OMtCyVUWN1H:1:140476
w/e<@https://cdn.p-n.io/pushly-sdk.min.js?domain_key=dDO9rW5BJjscrJF1odg2XLzg1OMtCyVUWN1H:1:1194
nrWrapper@https://www.marketwatch.com/:358:17759
e@https://www.marketwatch.com/:358:52209
w@https://cdn.p-n.io/pushly-sdk.min.js?domain_key=dDO9rW5BJjscrJF1odg2XLzg1OMtCyVUWN1H:1:1013
_canSend@https://cdn.p-n.io/pushly-sdk.min.js?domain_key=dDO9rW5BJjscrJF1odg2XLzg1OMtCyVUWN1H:1:140429
_canSend/e<@https://cdn.p-n.io/pushly-sdk.min.js?domain_key=dDO9rW5BJjscrJF1odg2XLzg1OMtCyVUWN1H:1:134172
w/e<@https://cdn.p-n.io/pushly-sdk.min.js?domain_key=dDO9rW5BJjscrJF1odg2XLzg1OMtCyVUWN1H:1:1194
nrWrapper@https://www.marketwatch.com/:358:17759
e@https://www.marketwatch.com/:358:52209
w@https://cdn.p-n.io/pushly-sdk.min.js?domain_key=dDO9rW5BJjscrJF1odg2XLzg1OMtCyVUWN1H:1:1013
_canSend@https://cdn.p-n.io/pushly-sdk.min.js?domain_key=dDO9rW5BJjscrJF1odg2XLzg1OMtCyVUWN1H:1:134070
_trackEvent/e<@https://cdn.p-n.io/pushly-sdk.min.js?domain_key=dDO9rW5BJjscrJF1odg2XLzg1OMtCyVUWN1H:1:135456
n@https://cdn.p-n.io/pushly-sdk.min.js?domain_key=dDO9rW5BJjscrJF1odg2XLzg1OMtCyVUWN1H:1:1052
nrWrapper@https://www.marketwatch.com/:358:17759

console.warn: LoginRecipes: "Falling back to a synchronous message for: https://sso.accounts.dowjones.com."
console.warn: LoginRecipes: "Falling back to a synchronous message for: https://sso.accounts.dowjones.com."
JavaScript warning: https://sso.accounts.dowjones.com/datadome/tags.js, line 2: Script terminated by timeout at:
@https://sso.accounts.dowjones.com/datadome/tags.js:2:161129

JavaScript warning: https://cdn.gbqofs.com/sv/b/detector-bootstrap.min.js, line 0: Successfully compiled asm.js code (total compilation time 2ms)
JavaScript error: https://cdn.cxense.com/sp1.html#ver=2.8.90&typ=pgv&rnd=m733a2xw86b1r5z6&sid=9222325317970825873&loc=https%3A%2F%2Fwww.marketwatch.com%2Ffollow&new=1&arf=0&ltm=1739435994218&ref=&tzo=-330&wsz=1280x595&res=1280x720&dpr=1&col=24&bln=en-US&chs=UTF-8&cks=m733a314oriksitq&ckp=m733a2xw538godp6&glb=&eid0=e4cefa22ef027cc0132f0c218da37da39cdb3228234af4df969b5c463592e123&eit0=wsj&cp_userState=anon&cp_testGroup=78&cp_topDomain=marketwatch.com&cp_template=full&cp_access=free&cp_section=Follow&cp_subsection=mw&cp_cms_name=CAPS&cp_subscriber=registered&cp_edition=na%252Cus&cp_bucket=9&cp_ab_bucket=59&cp_pageContentSource=MarketWatch&cp_pageContentType=Follow&cp_pageContentTypeDetai=follow&cp_pageSiteProduct=MW&cp_userTags=&cp_sessionState=ca, line 1: TypeError: cX.loadScript is not a function
JavaScript warning: https://cdn.gbqofs.com/sv/b/detector-bootstrap.min.js, line 0: Successfully compiled asm.js code (total compilation time 1ms)
JavaScript warning: https://tpc.googlesyndication.com/safeframe/1-0-37/html/container.html line 7 > injectedScript, line 9: Script terminated by timeout at:
@https://tpc.googlesyndication.com/safeframe/1-0-37/html/container.html line 7 > injectedScript:9:54
f@https://tpc.googlesyndication.com/safeframe/1-0-37/html/container.html:7:5082
@https://tpc.googlesyndication.com/safeframe/1-0-37/html/container.html:7:5628
@https://tpc.googlesyndication.com/safeframe/1-0-37/html/container.html:7:5526
@https://tpc.googlesyndication.com/safeframe/1-0-37/html/container.html:7:5562
@https://tpc.googlesyndication.com/safeframe/1-0-37/html/container.html:7:5637

1739436065131	Marionette	INFO	Stopped listening on port 60949
Dynamically enable window occlusion 1
