1739093151124	geckodriver	INFO	Listening on 127.0.0.1:52388
1739093154185	mozrunner::runner	INFO	Running command: "C:\\Program Files\\Mozilla Firefox\\firefox.exe" "--marionette" "--remote-debugging-port" "52389" "--remote-allow-hosts" "localhost" "-no-remote" "-profile" "D:\\Users\\sasikumarj\\AppData\\Local\\Temp\\rust_mozprofileB3zm0N"
console.warn: services.settings: Ignoring preference override of remote settings server
console.warn: services.settings: Allow by setting MOZ_REMOTE_SETTINGS_DEVTOOLS=1 in the environment
Dynamically enable window occlusion 0
1739093154816	Marionette	INFO	Marionette enabled
1739093155071	Marionette	INFO	Listening on port 52400
WebDriver BiDi listening on ws://127.0.0.1:52389
Read port: 52400
console.error: Policies: 
  Download failed - ERROR_CORRUPT_FILE - file://C:\Program Files\Snow Software\Inventory\Agent\FFCloudmetering.xpi
1739093155359	RemoteAgent	WARN	TLS certificate errors will be ignored for this session
DevTools listening on ws://127.0.0.1:52389/devtools/browser/3c70fb04-c591-48c0-82d2-3b2c81ca415d
JavaScript error: https://news.google.com/swg/js/v1/swg.js, line 17: Error: XHR Failed fetching (https://news.google.com/...): (Note: a CORS error above may indicate that this publisher or domain is not configured in Publisher Center. The CORS error happens because 4xx responses do not set CORS headers.)

TypeError: NetworkError when attempting to fetch resource.
JavaScript error: , line 0: uncaught exception: Object
JavaScript error: https://news.google.com/swg/js/v1/swg.js, line 17: Error: Error: not allowed
JavaScript warning: https://cdn.gbqofs.com/sv/b/detector-bootstrap.min.js, line 0: Successfully compiled asm.js code (total compilation time 5ms)
JavaScript error: https://cdn.cxense.com/sp1.html#ver=2.8.90&typ=pgv&rnd=m6xf60mfkh6c1ogw&sid=1134002947328204066&loc=https%3A%2F%2Fwww.dev.wsj.com%2Farticles%2Ftwitter-elon-musk-to-argue-over-trial-timetable-to-force-44-billion-takeover-11658223001%3Fcx_testId%3D3%26cx_testVariant%3Dcx_5%26cx_artPos%3D6%26mod%3DWTRN%23cxrecs_s&new=1&arf=0&ltm=1739093167797&ref=&tzo=-330&wsz=1280x595&res=1280x720&dpr=1&col=24&bln=en-US&chs=UTF-8&cks=m6xf64n5mnrstmq0&ckp=m6xf64dqyu4nj8vp&glb=&amo=1720057500&cp_userState=anon&cp_testId=3&cp_testVariant=cx_5&cp_artPos=6&cp_testGroup=68&cp_env=staging&cp_topDomain=wsj.com&cp_pwTag=default&cp_pwPlacement=cx-snippetad&cp_pwCampaign=28324&cp_pwType=personalized&cp_navSource=WTRN&cp_type=Technology&cp_template=preview&cp_access=paid&cp_section=Tech&cp_subsection=Tech&cp_cms_name=Methode&cp_vix=&cp_subscriber=nonsubscriber&cp_edition=naus&cp_bucket=7&cp_ab_bucket=77&cp_pageContentSource=WSJ%20Online&cp_pageContentType=Article&cp_pageContentTypeDetai=standard&cp_pageSiteProduct=WSJ&cp_userTags=&cp_sessionState=none, line 1: TypeError: cX.loadScript is not a function
1739093169709	Marionette	WARN	Ignoring event 'DOMContentLoaded' because document has an invalid readyState of 'complete'.
console.warn: WindowsJumpLists: "Failed to fetch favicon for " "https://www.dev.wsj.com/articles/twitter-elon-musk-to-argue-over-trial-timetable-to-force-44-billion-takeover-11658223001?cx_testId=3&cx_testVariant=cx_5&cx_artPos=6&mod=WTRN#cxrecs_s" ({})
console.warn: WindowsJumpLists: "Failed to fetch favicon for " "https://www.dev.wsj.com/" ({})
console.warn: WindowsJumpLists: "Failed to fetch favicon for " "https://www.dev.wsj.com/articles/twitter-elon-musk-to-argue-over-trial-timetable-to-force-44-billion-takeover-11658223001?cx_testId=3&cx_testVariant=cx_5&cx_artPos=6&mod=WTRN#cxrecs_s" ({})
console.warn: WindowsJumpLists: "Failed to fetch favicon for " "https://www.dev.wsj.com/" ({})
console.warn: WindowsJumpLists: "Failed to fetch favicon for " "https://www.dev.wsj.com/articles/twitter-elon-musk-to-argue-over-trial-timetable-to-force-44-billion-takeover-11658223001?cx_testId=3&cx_testVariant=cx_5&cx_artPos=6&mod=WTRN#cxrecs_s" ({})
console.warn: WindowsJumpLists: "Failed to fetch favicon for " "https://www.dev.wsj.com/" ({})
console.warn: WindowsJumpLists: "Failed to fetch favicon for " "https://www.dev.wsj.com/articles/twitter-elon-musk-to-argue-over-trial-timetable-to-force-44-billion-takeover-11658223001?cx_testId=3&cx_testVariant=cx_5&cx_artPos=6&mod=WTRN#cxrecs_s" ({})
console.warn: WindowsJumpLists: "Failed to fetch favicon for " "https://www.dev.wsj.com/" ({})
console.warn: WindowsJumpLists: "Failed to fetch favicon for " "https://www.dev.wsj.com/articles/twitter-elon-musk-to-argue-over-trial-timetable-to-force-44-billion-takeover-11658223001?cx_testId=3&cx_testVariant=cx_5&cx_artPos=6&mod=WTRN#cxrecs_s" ({})
console.warn: WindowsJumpLists: "Failed to fetch favicon for " "https://www.dev.wsj.com/" ({})
console.warn: WindowsJumpLists: "Failed to fetch favicon for " "https://www.dev.wsj.com/articles/twitter-elon-musk-to-argue-over-trial-timetable-to-force-44-billion-takeover-11658223001?cx_testId=3&cx_testVariant=cx_5&cx_artPos=6&mod=WTRN#cxrecs_s" ({})
console.warn: WindowsJumpLists: "Failed to fetch favicon for " "https://www.dev.wsj.com/" ({})
console.warn: WindowsJumpLists: "Failed to fetch favicon for " "https://www.dev.wsj.com/articles/twitter-elon-musk-to-argue-over-trial-timetable-to-force-44-billion-takeover-11658223001?cx_testId=3&cx_testVariant=cx_5&cx_artPos=6&mod=WTRN#cxrecs_s" ({})
console.warn: WindowsJumpLists: "Failed to fetch favicon for " "https://www.dev.wsj.com/" ({})
console.warn: WindowsJumpLists: "Failed to fetch favicon for " "https://www.dev.wsj.com/articles/twitter-elon-musk-to-argue-over-trial-timetable-to-force-44-billion-takeover-11658223001?cx_testId=3&cx_testVariant=cx_5&cx_artPos=6&mod=WTRN#cxrecs_s" ({})
console.warn: WindowsJumpLists: "Failed to fetch favicon for " "https://www.dev.wsj.com/" ({})
console.warn: WindowsJumpLists: "Failed to fetch favicon for " "https://www.dev.wsj.com/articles/twitter-elon-musk-to-argue-over-trial-timetable-to-force-44-billion-takeover-11658223001?cx_testId=3&cx_testVariant=cx_5&cx_artPos=6&mod=WTRN#cxrecs_s" ({})
console.warn: WindowsJumpLists: "Failed to fetch favicon for " "https://www.dev.wsj.com/" ({})
console.warn: WindowsJumpLists: "Failed to fetch favicon for " "https://www.dev.wsj.com/articles/twitter-elon-musk-to-argue-over-trial-timetable-to-force-44-billion-takeover-11658223001?cx_testId=3&cx_testVariant=cx_5&cx_artPos=6&mod=WTRN#cxrecs_s" ({})
console.warn: WindowsJumpLists: "Failed to fetch favicon for " "https://www.dev.wsj.com/" ({})
console.warn: WindowsJumpLists: "Failed to fetch favicon for " "https://www.dev.wsj.com/articles/twitter-elon-musk-to-argue-over-trial-timetable-to-force-44-billion-takeover-11658223001?cx_testId=3&cx_testVariant=cx_5&cx_artPos=6&mod=WTRN#cxrecs_s" ({})
console.warn: WindowsJumpLists: "Failed to fetch favicon for " "https://www.dev.wsj.com/" ({})
JavaScript warning: https://www.googletagmanager.com/gtag/js?id=G-GJ5S1GJYKT, line 195: Script terminated by timeout at:
Ba.prototype.la@https://www.googletagmanager.com/gtag/js?id=G-GJ5S1GJYKT:195:223
h.la@https://www.googletagmanager.com/gtag/js?id=G-GJ5S1GJYKT:196:1543
e@https://www.googletagmanager.com/gtag/js?id=G-GJ5S1GJYKT:232:466
f@https://www.googletagmanager.com/gtag/js?id=G-GJ5S1GJYKT:232:775
G@https://www.googletagmanager.com/gtag/js?id=G-GJ5S1GJYKT:233:380
PF@https://www.googletagmanager.com/gtag/js?id=G-GJ5S1GJYKT:762:175
Rg/c<@https://www.googletagmanager.com/gtag/js?id=G-GJ5S1GJYKT:293:187
h.invoke@https://www.googletagmanager.com/gtag/js?id=G-GJ5S1GJYKT:229:314
Ka@https://www.googletagmanager.com/gtag/js?id=G-GJ5S1GJYKT:196:668
Yc.prototype.evaluate@https://www.googletagmanager.com/gtag/js?id=G-GJ5S1GJYKT:230:429
Ud@https://www.googletagmanager.com/gtag/js?id=G-GJ5S1GJYKT:257:275
h.invoke@https://www.googletagmanager.com/gtag/js?id=G-GJ5S1GJYKT:229:314
Ka@https://www.googletagmanager.com/gtag/js?id=G-GJ5S1GJYKT:196:668
Ia@https://www.googletagmanager.com/gtag/js?id=G-GJ5S1GJYKT:196:428
Cd@https://www.googletagmanager.com/gtag/js?id=G-GJ5S1GJYKT:249:63
Id@https://www.googletagmanager.com/gtag/js?id=G-GJ5S1GJYKT:252:137
Jd@https://www.googletagmanager.com/gtag/js?id=G-GJ5S1GJYKT:251:234
h.invoke@https://www.googletagmanager.com/gtag/js?id=G-GJ5S1GJYKT:229:314
Ka@https://www.googletagmanager.com/gtag/js?id=G-GJ5S1GJYKT:196:668
Ia@https://www.googletagmanager.com/gtag/js?id=G-GJ5S1GJYKT:196:428
Md/<@https://www.googletagmanager.com/gtag/js?id=G-GJ5S1GJYKT:254:468
h.invoke@https://www.googletagmanager.com/gtag/js?id=G-GJ5S1GJYKT:229:314
xL/<@https://www.googletagmanager.com/gtag/js?id=G-GJ5S1GJYKT:855:835
Ut@https://www.googletagmanager.com/gtag/js?id=G-GJ5S1GJYKT:539:281
h.un@https://www.googletagmanager.com/gtag/js?id=G-GJ5S1GJYKT:823:277
h.tn/</<@https://www.googletagmanager.com/gtag/js?id=G-GJ5S1GJYKT:820:531
Bl@https://www.googletagmanager.com/gtag/js?id=G-GJ5S1GJYKT:404:151
zm@https://www.googletagmanager.com/gtag/js?id=G-GJ5S1GJYKT:412:434
h.tn/<@https://www.googletagmanager.com/gtag/js?id=G-GJ5S1GJYKT:820:517
c@https://www.googletagmanager.com/gtag/js?id=G-GJ5S1GJYKT:576:22
bw@https://www.googletagmanager.com/gtag/js?id=G-GJ5S1GJYKT:576:349
h.tn@https://www.googletagmanager.com/gtag/js?id=G-GJ5S1GJYKT:820:503
c@https://www.googletagmanager.com/gtag/js?id=G-GJ5S1GJYKT:837:673
w@https://www.googletagmanager.com/gtag/js?id=G-GJ5S1GJYKT:427:370
jo@https://www.googletagmanager.com/gtag/js?id=G-GJ5S1GJYKT:427:470
io.prototype.flush@https://www.googletagmanager.com/gtag/js?id=G-GJ5S1GJYKT:430:357
io.prototype.push@https://www.googletagmanager.com/gtag/js?id=G-GJ5S1GJYKT:428:337
ao@https://www.googletagmanager.com/gtag/js?id=G-GJ5S1GJYKT:424:1702
LK/<@https://www.googletagmanager.com/gtag/js?id=G-GJ5S1GJYKT:838:187
h.Jl/<@https://www.googletagmanager.com/gtag/js?id=G-GJ5S1GJYKT:776:126
h.Jl/c/<@https://www.googletagmanager.com/gtag/js?id=G-GJ5S1GJYKT:775:418

1739094538898	Marionette	INFO	Stopped listening on port 52400
Dynamically enable window occlusion 1
!!! error running onStopped callback: TypeError: callback is not a function
