1729837494998	geckodriver	INFO	Listening on 127.0.0.1:58982
1729837498027	mozrunner::runner	INFO	Running command: "C:\\Program Files\\Mozilla Firefox\\firefox.exe" "--marionette" "--remote-debugging-port" "58983" "--remote-allow-hosts" "localhost" "-no-remote" "-profile" "D:\\Users\\sasikumarj\\AppData\\Local\\Temp\\rust_mozprofile1RRHwW"
console.warn: services.settings: Ignoring preference override of remote settings server
console.warn: services.settings: Allow by setting MOZ_REMOTE_SETTINGS_DEVTOOLS=1 in the environment
Dynamically enable window occlusion 0
1729837498974	Marionette	INFO	Marionette enabled
1729837499394	Marionette	INFO	Listening on port 58990
WebDriver BiDi listening on ws://127.0.0.1:58983
Read port: 58990
1729837499658	RemoteAgent	WARN	TLS certificate errors will be ignored for this session
DevTools listening on ws://127.0.0.1:58983/devtools/browser/3f87295f-97f0-43cb-811e-68bbc1bd5bc0
JavaScript warning: https://int-replay-wsj-elections.ore.onservo.com/election/_next/static/chunks/main-c0569e4635de2e62.js, line 1: unreachable code after return statement
JavaScript warning: https://int-replay-wsj-elections.ore.onservo.com/election/_next/static/chunks/main-c0569e4635de2e62.js, line 1: unreachable code after return statement
1729837510075	Marionette	WARN	Ignoring event 'DOMContentLoaded' because document has an invalid readyState of 'complete'.
A content process crashed and MOZ_CRASHREPORTER_SHUTDOWN is set, shutting down
JavaScript warning: https://snap.licdn.com/li.lms-analytics/insight.min.js, line 1: Script terminated by timeout at:
qe@https://snap.licdn.com/li.lms-analytics/insight.min.js:1:35580
Je/<@https://snap.licdn.com/li.lms-analytics/insight.min.js:1:35742
Je@https://snap.licdn.com/li.lms-analytics/insight.min.js:1:35713
Ze@https://snap.licdn.com/li.lms-analytics/insight.min.js:1:35782
er@https://snap.licdn.com/li.lms-analytics/insight.min.js:1:37055
ir@https://snap.licdn.com/li.lms-analytics/insight.min.js:1:37388
cr@https://snap.licdn.com/li.lms-analytics/insight.min.js:1:38295
lr@https://snap.licdn.com/li.lms-analytics/insight.min.js:1:39234
fr/</<@https://snap.licdn.com/li.lms-analytics/insight.min.js:1:40070
j/u/</<@https://snap.licdn.com/li.lms-analytics/insight.min.js:1:7885
j/u/<@https://snap.licdn.com/li.lms-analytics/insight.min.js:1:7990
B/<@https://snap.licdn.com/li.lms-analytics/insight.min.js:1:6893
B@https://snap.licdn.com/li.lms-analytics/insight.min.js:1:6635
fr@https://snap.licdn.com/li.lms-analytics/insight.min.js:1:39979
commandCallback@https://snap.licdn.com/li.lms-analytics/insight.min.js:1:41046
z/a.onerror@https://snap.licdn.com/li.lms-analytics/insight.min.js:1:9252

JavaScript error: https://cdn.cxense.com/sp1.html#ver=2.8.82&typ=pgv&rnd=m2ocl86bk584xop4&sid=1134002947328204066&loc=https%3A%2F%2Fwww.dev.wsj.com%2F&new=1&arf=0&ltm=1729837508776&ref=&tzo=-330&wsz=1278x497&res=1278x622&dpr=1&col=24&bln=en-US&chs=UTF-8&cks=m2ocl8jebqf6r7nh&ckp=m2ocl86b5lthvf95&glb=&cp_userState=anon&cp_testGroup=36&cp_env=staging&cp_topDomain=wsj.com&cp_template=full&cp_access=free&cp_section=US%20Home%20Page&cp_subsection=&cp_cms_name=CAPS&cp_subscriber=nonsubscriber&cp_edition=naus&cp_bucket=3&cp_ab_bucket=3&cp_pageContentSource=WSJ%20Online&cp_pageContentType=Home&cp_pageContentTypeDetai=desktopweb&cp_pageSiteProduct=WSJ&cp_userTags=&cp_sessionState=none, line 1: TypeError: cX.loadScript is not a function
1729837510948	Marionette	INFO	Stopped listening on port 58990
Dynamically enable window occlusion 1
A content process crashed and MOZ_CRASHREPORTER_SHUTDOWN is set, shutting down
A content process crashed and MOZ_CRASHREPORTER_SHUTDOWN is set, shutting down
1729837511136	Marionette	WARN	Ignoring event 'pageshow' because document has an invalid readyState of 'uninitialized'.
