1739086105062	geckodriver	INFO	Listening on 127.0.0.1:63334
1739086108428	mozrunner::runner	INFO	Running command: "C:\\Program Files\\Mozilla Firefox\\firefox.exe" "--marionette" "--remote-debugging-port" "63335" "--remote-allow-hosts" "localhost" "-no-remote" "-profile" "D:\\Users\\sasikumarj\\AppData\\Local\\Temp\\rust_mozprofile76i1kz"
console.warn: services.settings: Ignoring preference override of remote settings server
console.warn: services.settings: Allow by setting MOZ_REMOTE_SETTINGS_DEVTOOLS=1 in the environment
Dynamically enable window occlusion 0
1739086109037	Marionette	INFO	Marionette enabled
1739086109293	Marionette	INFO	Listening on port 63557
WebDriver BiDi listening on ws://127.0.0.1:63335
Read port: 63557
console.error: Policies: 
  Download failed - ERROR_CORRUPT_FILE - file://C:\Program Files\Snow Software\Inventory\Agent\FFCloudmetering.xpi
1739086109560	RemoteAgent	WARN	TLS certificate errors will be ignored for this session
DevTools listening on ws://127.0.0.1:63335/devtools/browser/6ad12bd2-da6a-4b00-8dfc-08fc11719594
JavaScript warning: https://pagead2.googlesyndication.com/bg/vbSiC3rXZjPvfLONVMSWfstygVHLPM3jd4I4vl9RjYk.js line 2 > eval line 1687 > eval line 1 > eval line 1 > eval, line 1: WEBGL_debug_renderer_info is deprecated in Firefox and will be removed. Please use RENDERER.
JavaScript error: https://news.google.com/swg/js/v1/swg.js, line 17: Error: XHR Failed fetching (https://news.google.com/...): (Note: a CORS error above may indicate that this publisher or domain is not configured in Publisher Center. The CORS error happens because 4xx responses do not set CORS headers.)

TypeError: NetworkError when attempting to fetch resource.
JavaScript error: https://cdn.cxense.com/sp1.html#ver=2.8.90&typ=pgv&rnd=m6xaz26u643175hf&sid=1134002947328204066&loc=https%3A%2F%2Fwww.dev.wsj.com%2Farticles%2Ftest-oil-demand-will-fall-by-a-fifth-in-april-opec-forecasts-11587072843&new=1&arf=0&ltm=1739086121797&ref=&tzo=-330&wsz=1280x595&res=1280x720&dpr=1&col=24&bln=en-US&chs=UTF-8&cks=m6xaz3s5js8o5zwc&ckp=m6xaz3ni51rr1qf9&glb=&amo=1663000260&cp_userState=anon&cp_testGroup=35&cp_env=staging&cp_topDomain=wsj.com&cp_pwTag=default&cp_pwPlacement=cx-snippetad&cp_pwCampaign=28324&cp_pwType=personalized&cp_type=Oil%20Markets&cp_template=preview&cp_access=paid&cp_section=Markets&cp_subsection=Commodities&cp_cms_name=Methode&cp_vix=&cp_subscriber=nonsubscriber&cp_edition=naus&cp_bucket=7&cp_ab_bucket=27&cp_pageContentSource=WSJ%20Online&cp_pageContentType=Article&cp_pageContentTypeDetai=standard&cp_pageSiteProduct=WSJ&cp_userTags=&cp_sessionState=none, line 1: TypeError: cX.loadScript is not a function
JavaScript error: , line 0: uncaught exception: Object
JavaScript error: https://news.google.com/swg/js/v1/swg.js, line 17: Error: Error: not allowed
JavaScript warning: https://cdn.gbqofs.com/sv/b/detector-bootstrap.min.js, line 0: Successfully compiled asm.js code (total compilation time 2ms)
1739086126325	Marionette	INFO	Stopped listening on port 63557
JavaScript warning: https://0cf17917-395b-4f25-91cc-db3bdd6044b0.edge.permutive.app/772abb27-aff3-4dcc-b7af-8ab66a56137a-web.js, line 1: Script terminated by timeout at:
n@https://0cf17917-395b-4f25-91cc-db3bdd6044b0.edge.permutive.app/772abb27-aff3-4dcc-b7af-8ab66a56137a-web.js:1:49430

Dynamically enable window occlusion 1
JavaScript error: , line 0: TypeError: NetworkError when attempting to fetch resource.
