1739093656570	geckodriver	INFO	Listening on 127.0.0.1:57540
1739093659634	mozrunner::runner	INFO	Running command: "C:\\Program Files\\Mozilla Firefox\\firefox.exe" "--marionette" "--remote-debugging-port" "57541" "--remote-allow-hosts" "localhost" "-no-remote" "-profile" "D:\\Users\\sasikumarj\\AppData\\Local\\Temp\\rust_mozprofileNFa22k"
console.warn: services.settings: Ignoring preference override of remote settings server
console.warn: services.settings: Allow by setting MOZ_REMOTE_SETTINGS_DEVTOOLS=1 in the environment
Dynamically enable window occlusion 0
1739093660319	Marionette	INFO	Marionette enabled
1739093660692	Marionette	INFO	Listening on port 57552
WebDriver BiDi listening on ws://127.0.0.1:57541
Read port: 57552
1739093660933	RemoteAgent	WARN	TLS certificate errors will be ignored for this session
console.error: Policies: 
  Download failed - ERROR_CORRUPT_FILE - file://C:\Program Files\Snow Software\Inventory\Agent\FFCloudmetering.xpi
DevTools listening on ws://127.0.0.1:57541/devtools/browser/9067891e-ec19-4cea-a403-5be353806ed4
1739093666413	Marionette	WARN	Ignoring event 'DOMContentLoaded' because document has an invalid readyState of 'complete'.
JavaScript error: https://www.marketwatch.com/_next/static/chunks/framework-364277b257ab34c0.js, line 9: Error: Minified React error #425; visit https://reactjs.org/docs/error-decoder.html?invariant=425 for the full message or use the non-minified dev environment for full errors and additional helpful warnings.
JavaScript error: https://www.marketwatch.com/_next/static/chunks/framework-364277b257ab34c0.js, line 9: Error: Minified React error #418; visit https://reactjs.org/docs/error-decoder.html?invariant=418 for the full message or use the non-minified dev environment for full errors and additional helpful warnings.
JavaScript error: https://www.marketwatch.com/_next/static/chunks/framework-364277b257ab34c0.js, line 9: Error: Minified React error #418; visit https://reactjs.org/docs/error-decoder.html?invariant=418 for the full message or use the non-minified dev environment for full errors and additional helpful warnings.
JavaScript error: https://www.marketwatch.com/_next/static/chunks/framework-364277b257ab34c0.js, line 9: Error: Minified React error #418; visit https://reactjs.org/docs/error-decoder.html?invariant=418 for the full message or use the non-minified dev environment for full errors and additional helpful warnings.
JavaScript error: https://www.marketwatch.com/_next/static/chunks/framework-364277b257ab34c0.js, line 9: Error: Minified React error #418; visit https://reactjs.org/docs/error-decoder.html?invariant=418 for the full message or use the non-minified dev environment for full errors and additional helpful warnings.
JavaScript error: https://www.marketwatch.com/_next/static/chunks/framework-364277b257ab34c0.js, line 9: Error: Minified React error #418; visit https://reactjs.org/docs/error-decoder.html?invariant=418 for the full message or use the non-minified dev environment for full errors and additional helpful warnings.
JavaScript error: https://www.marketwatch.com/_next/static/chunks/framework-364277b257ab34c0.js, line 9: Error: Minified React error #418; visit https://reactjs.org/docs/error-decoder.html?invariant=418 for the full message or use the non-minified dev environment for full errors and additional helpful warnings.
JavaScript error: https://www.marketwatch.com/_next/static/chunks/framework-364277b257ab34c0.js, line 9: Error: Minified React error #418; visit https://reactjs.org/docs/error-decoder.html?invariant=418 for the full message or use the non-minified dev environment for full errors and additional helpful warnings.
JavaScript error: https://www.marketwatch.com/_next/static/chunks/framework-364277b257ab34c0.js, line 9: Error: Minified React error #418; visit https://reactjs.org/docs/error-decoder.html?invariant=418 for the full message or use the non-minified dev environment for full errors and additional helpful warnings.
JavaScript error: https://www.marketwatch.com/_next/static/chunks/framework-364277b257ab34c0.js, line 9: Error: Minified React error #418; visit https://reactjs.org/docs/error-decoder.html?invariant=418 for the full message or use the non-minified dev environment for full errors and additional helpful warnings.
JavaScript error: https://www.marketwatch.com/_next/static/chunks/framework-364277b257ab34c0.js, line 9: Error: Minified React error #418; visit https://reactjs.org/docs/error-decoder.html?invariant=418 for the full message or use the non-minified dev environment for full errors and additional helpful warnings.
JavaScript error: https://www.marketwatch.com/_next/static/chunks/framework-364277b257ab34c0.js, line 9: Error: Minified React error #418; visit https://reactjs.org/docs/error-decoder.html?invariant=418 for the full message or use the non-minified dev environment for full errors and additional helpful warnings.
JavaScript error: https://www.marketwatch.com/_next/static/chunks/framework-364277b257ab34c0.js, line 9: Error: Minified React error #418; visit https://reactjs.org/docs/error-decoder.html?invariant=418 for the full message or use the non-minified dev environment for full errors and additional helpful warnings.
JavaScript error: https://www.marketwatch.com/_next/static/chunks/framework-364277b257ab34c0.js, line 9: Error: Minified React error #418; visit https://reactjs.org/docs/error-decoder.html?invariant=418 for the full message or use the non-minified dev environment for full errors and additional helpful warnings.
JavaScript error: https://www.marketwatch.com/_next/static/chunks/framework-364277b257ab34c0.js, line 9: Error: Minified React error #418; visit https://reactjs.org/docs/error-decoder.html?invariant=418 for the full message or use the non-minified dev environment for full errors and additional helpful warnings.
JavaScript error: https://www.marketwatch.com/_next/static/chunks/framework-364277b257ab34c0.js, line 9: Error: Minified React error #418; visit https://reactjs.org/docs/error-decoder.html?invariant=418 for the full message or use the non-minified dev environment for full errors and additional helpful warnings.
JavaScript error: https://www.marketwatch.com/_next/static/chunks/framework-364277b257ab34c0.js, line 9: Error: Minified React error #423; visit https://reactjs.org/docs/error-decoder.html?invariant=423 for the full message or use the non-minified dev environment for full errors and additional helpful warnings.
JavaScript error: https://www.myfinance.com/static/widget/myFinance.js, line 1: DataCloneError: Function object could not be cloned.
JavaScript warning: https://www.googletagmanager.com/gtag/js?id=G-9NT3490RYG&l=dataLayer&cx=c&gtm=45He5240v813520164za200, line 859: Script terminated by timeout at:
LK/<@https://www.googletagmanager.com/gtag/js?id=G-9NT3490RYG&l=dataLayer&cx=c&gtm=45He5240v813520164za200:859:142
h.Jl/<@https://www.googletagmanager.com/gtag/js?id=G-9NT3490RYG&l=dataLayer&cx=c&gtm=45He5240v813520164za200:797:126
h.Jl/c/<@https://www.googletagmanager.com/gtag/js?id=G-9NT3490RYG&l=dataLayer&cx=c&gtm=45He5240v813520164za200:796:418

JavaScript warning: https://pagead2.googlesyndication.com/bg/0XaOFjBKFoXDKL9VF6MVp869Uwh55gMl2rSabIW1nBU.js line 2 > eval line 1986 > eval line 1 > eval line 1 > eval, line 1: WEBGL_debug_renderer_info is deprecated in Firefox and will be removed. Please use RENDERER.
JavaScript warning: https://cdn.gbqofs.com/sv/b/detector-bootstrap.min.js, line 0: Successfully compiled asm.js code (total compilation time 3ms)
JavaScript error: https://cdn.cxense.com/sp1.html#ver=2.8.90&typ=pgv&rnd=m6xfgxcjczjhy3vq&sid=9222325317970825873&loc=https%3A%2F%2Fwww.marketwatch.com%2Fwelcome-watchlist%3Fmod%3Dtop_nav&new=1&arf=0&ltm=1739093671896&ref=&tzo=-330&wsz=1280x595&res=1280x720&dpr=1&col=24&bln=en-US&chs=UTF-8&cks=m6xfgxp2vqgvwaml&ckp=m6xfgxcj5141t6ub&glb=&cp_userState=anon&cp_testGroup=53&cp_topDomain=marketwatch.com&cp_navSource=top_nav&cp_template=full&cp_access=free&cp_section=Welcome%20Watchlist&cp_cms_name=Peavey&cp_subscriber=nonsubscriber&cp_edition=naus&cp_bucket=0&cp_ab_bucket=0&cp_pageContentSource=MarketWatch&cp_pageContentType=Summaries&cp_pageContentTypeDetai=default&cp_pageSiteProduct=MW&cp_userTags=&cp_sessionState=none, line 1: TypeError: cX.loadScript is not a function
1739093683826	Marionette	INFO	Stopped listening on port 57552
JavaScript warning: https://www.marketwatch.com/welcome-watchlist?mod=top_nav, line 358: Script terminated by timeout at:
i@https://www.marketwatch.com/welcome-watchlist?mod=top_nav:358:17866
nrWrapper@https://www.marketwatch.com/welcome-watchlist?mod=top_nav:358:17819
send@https://sts3.wsj.net/bucket-a/maggie/static/js/scripts-8f9927d8d4.min.js:31:74967
ajax@https://sts3.wsj.net/bucket-a/maggie/static/js/scripts-8f9927d8d4.min.js:31:70297
ajax@https://sts3.wsj.net/bucket-a/maggie/static/js/scripts-8f9927d8d4.min.js:47:16173
ajaxAbort@https://sts3.wsj.net/bucket-a/maggie/static/js/scripts-8f9927d8d4.min.js:47:18839
abort@https://sts3.wsj.net/bucket-a/maggie/static/js/scripts-8f9927d8d4.min.js:47:24141
stop@https://sts3.wsj.net/bucket-a/maggie/static/js/scripts-8f9927d8d4.min.js:47:12725
e.exports/i.signalR.prototype.stop@https://sts3.wsj.net/bucket-a/maggie/static/js/scripts-8f9927d8d4.min.js:75:524
start/o/</</<@https://sts3.wsj.net/bucket-a/maggie/static/js/scripts-8f9927d8d4.min.js:47:9265
nrWrapper@https://www.marketwatch.com/welcome-watchlist?mod=top_nav:358:17759

Dynamically enable window occlusion 1
