1739267140803	geckodriver	INFO	Listening on 127.0.0.1:55072
1739267143846	mozrunner::runner	INFO	Running command: "C:\\Program Files\\Mozilla Firefox\\firefox.exe" "--marionette" "--remote-debugging-port" "55073" "--remote-allow-hosts" "localhost" "-no-remote" "-profile" "D:\\Users\\sasikumarj\\AppData\\Local\\Temp\\rust_mozprofileWQHbsj"
console.warn: services.settings: Ignoring preference override of remote settings server
console.warn: services.settings: Allow by setting MOZ_REMOTE_SETTINGS_DEVTOOLS=1 in the environment
Dynamically enable window occlusion 0
1739267144495	Marionette	INFO	Marionette enabled
1739267144752	Marionette	INFO	Listening on port 55087
Read port: 55087
WebDriver BiDi listening on ws://127.0.0.1:55073
1739267144887	RemoteAgent	WARN	TLS certificate errors will be ignored for this session
console.error: Policies: 
  Download failed - ERROR_CORRUPT_FILE - file://C:\Program Files\Snow Software\Inventory\Agent\FFCloudmetering.xpi
DevTools listening on ws://127.0.0.1:55073/devtools/browser/64121f72-a5fb-4ce1-a5b9-acd0e2ec0738
1739267150400	Marionette	WARN	Ignoring event 'DOMContentLoaded' because document has an invalid readyState of 'complete'.
JavaScript error: https://cdn.cxense.com/sp1.html#ver=2.8.90&typ=pgv&rnd=m70ar8433ivhc7yc&sid=1138573015853471556&loc=https%3A%2F%2Fwww.dev.marketwatch.com%2Fauthor%2FCatey-Hill&new=1&arf=0&ltm=1739267152856&ref=&tzo=-330&wsz=1280x595&res=1280x720&dpr=1&col=24&bln=en-US&chs=UTF-8&cks=m70ar8b9kg3diq5q&ckp=m70ar843eca0p8eg&glb=&cp_userState=anon&cp_testGroup=11&cp_env=staging&cp_topDomain=marketwatch.com&cp_template=full&cp_access=free&cp_section=Author&cp_subsection=Catey%20Hill&cp_cms_name=Peavey&cp_subscriber=nonsubscriber&cp_edition=naus&cp_bucket=1&cp_ab_bucket=11&cp_pageContentSource=MarketWatch&cp_pageContentType=Summaries&cp_pageContentTypeDetai=default&cp_pageSiteProduct=MW&cp_userTags=&cp_sessionState=none, line 1: TypeError: cX.loadScript is not a function
JavaScript warning: https://cdn.gbqofs.com/sv/b/detector-bootstrap.min.js, line 0: Successfully compiled asm.js code (total compilation time 2ms)
JavaScript warning: https://pagead2.googlesyndication.com/bg/VPXMjhhSnF_0w04UBhtYgswssitSTY9737JJt5i4JB8.js line 2 > eval line 6778 > eval line 1 > eval line 1 > eval, line 1: WEBGL_debug_renderer_info is deprecated in Firefox and will be removed. Please use RENDERER.
JavaScript warning: https://www.googletagmanager.com/gtag/js?id=G-GJ5S1GJYKT, line 230: Script terminated by timeout at:
Yc.prototype.evaluate@https://www.googletagmanager.com/gtag/js?id=G-GJ5S1GJYKT:230:385
Rd@https://www.googletagmanager.com/gtag/js?id=G-GJ5S1GJYKT:255:107
Sd@https://www.googletagmanager.com/gtag/js?id=G-GJ5S1GJYKT:255:227
h.invoke@https://www.googletagmanager.com/gtag/js?id=G-GJ5S1GJYKT:229:313
Ka@https://www.googletagmanager.com/gtag/js?id=G-GJ5S1GJYKT:196:668
Yc.prototype.evaluate@https://www.googletagmanager.com/gtag/js?id=G-GJ5S1GJYKT:230:426
de@https://www.googletagmanager.com/gtag/js?id=G-GJ5S1GJYKT:257:234
h.invoke@https://www.googletagmanager.com/gtag/js?id=G-GJ5S1GJYKT:229:313
Ka@https://www.googletagmanager.com/gtag/js?id=G-GJ5S1GJYKT:196:668
Yc.prototype.evaluate@https://www.googletagmanager.com/gtag/js?id=G-GJ5S1GJYKT:230:426
Td@https://www.googletagmanager.com/gtag/js?id=G-GJ5S1GJYKT:255:275
h.invoke@https://www.googletagmanager.com/gtag/js?id=G-GJ5S1GJYKT:229:313
Ka@https://www.googletagmanager.com/gtag/js?id=G-GJ5S1GJYKT:196:668
Ja@https://www.googletagmanager.com/gtag/js?id=G-GJ5S1GJYKT:196:428
Ld/<@https://www.googletagmanager.com/gtag/js?id=G-GJ5S1GJYKT:252:468
h.invoke@https://www.googletagmanager.com/gtag/js?id=G-GJ5S1GJYKT:229:313
xL/<@https://www.googletagmanager.com/gtag/js?id=G-GJ5S1GJYKT:863:835
Zt@https://www.googletagmanager.com/gtag/js?id=G-GJ5S1GJYKT:541:281
h.sn@https://www.googletagmanager.com/gtag/js?id=G-GJ5S1GJYKT:832:277
h.rn/</<@https://www.googletagmanager.com/gtag/js?id=G-GJ5S1GJYKT:829:531
Dl@https://www.googletagmanager.com/gtag/js?id=G-GJ5S1GJYKT:404:151
Cm@https://www.googletagmanager.com/gtag/js?id=G-GJ5S1GJYKT:412:434
h.rn/<@https://www.googletagmanager.com/gtag/js?id=G-GJ5S1GJYKT:829:517
c@https://www.googletagmanager.com/gtag/js?id=G-GJ5S1GJYKT:580:22
pw@https://www.googletagmanager.com/gtag/js?id=G-GJ5S1GJYKT:580:349
h.rn@https://www.googletagmanager.com/gtag/js?id=G-GJ5S1GJYKT:829:503
c@https://www.googletagmanager.com/gtag/js?id=G-GJ5S1GJYKT:845:980
w@https://www.googletagmanager.com/gtag/js?id=G-GJ5S1GJYKT:428:370
vo@https://www.googletagmanager.com/gtag/js?id=G-GJ5S1GJYKT:428:470
uo.prototype.flush@https://www.googletagmanager.com/gtag/js?id=G-GJ5S1GJYKT:431:382
uo.prototype.push@https://www.googletagmanager.com/gtag/js?id=G-GJ5S1GJYKT:429:337
no@https://www.googletagmanager.com/gtag/js?id=G-GJ5S1GJYKT:425:1318
LK/<@https://www.googletagmanager.com/gtag/js?id=G-GJ5S1GJYKT:846:187
h.Il/<@https://www.googletagmanager.com/gtag/js?id=G-GJ5S1GJYKT:785:126
h.Il/c/<@https://www.googletagmanager.com/gtag/js?id=G-GJ5S1GJYKT:784:418

1739268601346	Marionette	INFO	Stopped listening on port 55087
Dynamically enable window occlusion 1
!!! error running onStopped callback: TypeError: callback is not a function
JavaScript error: , line 0: AbortError: The operation was aborted. 
JavaScript error: , line 0: AbortError: The operation was aborted. 
