1735043329581	geckodriver	INFO	Listening on 127.0.0.1:63368
1735043332837	mozrunner::runner	INFO	Running command: "C:\\Program Files\\Mozilla Firefox\\firefox.exe" "--marionette" "--remote-debugging-port" "63369" "--remote-allow-hosts" "localhost" "-no-remote" "-profile" "D:\\Users\\sasikumarj\\AppData\\Local\\Temp\\rust_mozprofileiODoJX"
console.warn: services.settings: Ignoring preference override of remote settings server
console.warn: services.settings: Allow by setting MOZ_REMOTE_SETTINGS_DEVTOOLS=1 in the environment
Dynamically enable window occlusion 0
1735043335043	Marionette	INFO	Marionette enabled
1735043335675	Marionette	INFO	Listening on port 63413
WebDriver BiDi listening on ws://127.0.0.1:63369
Read port: 63413
1735043336247	RemoteAgent	WARN	TLS certificate errors will be ignored for this session
DevTools listening on ws://127.0.0.1:63369/devtools/browser/1b21ff00-386e-474f-ac45-d8a379b69a6c
JavaScript error: https://cdn.cxense.com/sp1.html#ver=2.8.87&typ=pgv&rnd=m52g0ep4vyhgxj2o&sid=9222318613852486900&loc=https%3A%2F%2Fwww.wsj.com%2F&new=1&arf=0&ltm=1735043347055&ref=&tzo=-330&wsz=1280x595&res=1280x720&dpr=1&col=24&bln=en-US&chs=UTF-8&cks=m52g0f2p6o1te31i&ckp=m52g0ep4bmcdpaas&glb=&cp_userState=anon&cp_testGroup=79&cp_topDomain=wsj.com&cp_template=full&cp_access=free&cp_section=US%20Home%20Page&cp_subsection=&cp_cms_name=CAPS&cp_subscriber=nonsubscriber&cp_edition=naus&cp_bucket=7&cp_ab_bucket=27&cp_pageContentSource=WSJ%20Online&cp_pageContentType=Home&cp_pageContentTypeDetai=desktopweb&cp_pageSiteProduct=WSJ&cp_userTags=&cp_sessionState=none, line 1: TypeError: cX.loadScript is not a function
JavaScript warning: https://cdn.gbqofs.com/sv/b/detector-bootstrap.min.js, line 0: Successfully compiled asm.js code (total compilation time 4ms)
1735043357752	Marionette	WARN	Ignoring event 'DOMContentLoaded' because document has an invalid readyState of 'complete'.
JavaScript warning: https://pagead2.googlesyndication.com/bg/jWNzh5sZWPRb1IL5ZdUuRCoB42ZmFYdAoASdLB_GioQ.js line 2 > eval line 7312 > eval line 1 > eval line 1 > eval, line 1: WEBGL_debug_renderer_info is deprecated in Firefox and will be removed. Please use RENDERER.
JavaScript warning: https://sc-static.net/scevent.min.js, line 2: Script terminated by timeout at:
m@https://sc-static.net/scevent.min.js:2:2789
c@https://sc-static.net/scevent.min.js:2:6893

1735043364772	Marionette	WARN	TimedPromise timed out after 500 ms: stacktrace:
TimedPromise/<@chrome://remote/content/marionette/sync.sys.mjs:206:24
TimedPromise@chrome://remote/content/marionette/sync.sys.mjs:190:10
interaction.flushEventLoop@chrome://remote/content/marionette/interaction.sys.mjs:467:10
webdriverClickElement@chrome://remote/content/marionette/interaction.sys.mjs:220:33
JavaScript error: , line 0: TypeError: NetworkError when attempting to fetch resource.
JavaScript warning: https://www.wsj.com/, line 194: Script terminated by timeout at:
emit@https://www.wsj.com/:194:9726
emit@https://www.wsj.com/:194:9677
i@https://www.wsj.com/:194:18013
nrWrapper@https://www.wsj.com/:194:17940

JavaScript warning: https://gum.criteo.com/syncframe?origin=criteoPrebidAdapter&topUrl=www.wsj.com&us_privacy=1YNN&gpp=DBABLA~BVQqAAAAAgA.QA&gpp_sid=9#{%22cw%22:true,%22lsw%22:true,%22origin%22:%22criteoPrebidAdapter%22,%22requestId%22:%220.6035244600834153%22,%22tld%22:%22www.wsj.com%22,%22topUrl%22:%22www.wsj.com%22,%22version%22:%229_12_0%22}, line 13: Script terminated by timeout at:
r.prototype.flushEventQueue@https://gum.criteo.com/syncframe?origin=criteoPrebidAdapter&topUrl=www.wsj.com&us_privacy=1YNN&gpp=DBABLA~BVQqAAAAAgA.QA&gpp_sid=9#{%22cw%22:true,%22lsw%22:true,%22origin%22:%22criteoPrebidAdapter%22,%22requestId%22:%220.6035244600834153%22,%22tld%22:%22www.wsj.com%22,%22topUrl%22:%22www.wsj.com%22,%22version%22:%229_12_0%22}:13:3137
r/<@https://gum.criteo.com/syncframe?origin=criteoPrebidAdapter&topUrl=www.wsj.com&us_privacy=1YNN&gpp=DBABLA~BVQqAAAAAgA.QA&gpp_sid=9#{%22cw%22:true,%22lsw%22:true,%22origin%22:%22criteoPrebidAdapter%22,%22requestId%22:%220.6035244600834153%22,%22tld%22:%22www.wsj.com%22,%22topUrl%22:%22www.wsj.com%22,%22version%22:%229_12_0%22}:13:3642

console.warn: LoginRecipes: "Falling back to a synchronous message for: https://sso.accounts.dowjones.com."
console.warn: LoginRecipes: "Falling back to a synchronous message for: https://sso.accounts.dowjones.com."
JavaScript error: , line 0: TypeError: NetworkError when attempting to fetch resource.
JavaScript error: https://www.wsj.com/asset/dj-ufc/v1.33.0/p-5a49cb7f.js, line 1: TypeError: o is undefined
JavaScript error: https://www.wsj.com/asset/dj-ufc/v1.33.0/p-5a49cb7f.js, line 1: TypeError: o is undefined
JavaScript error: https://www.wsj.com/asset/dj-ufc/v1.33.0/p-5a49cb7f.js, line 1: TypeError: o is undefined
JavaScript error: https://www.wsj.com/asset/dj-ufc/v1.33.0/p-5a49cb7f.js, line 1: TypeError: o is undefined
JavaScript error: https://www.wsj.com/asset/dj-ufc/v1.33.0/p-5a49cb7f.js, line 1: TypeError: o is undefined
JavaScript error: https://www.wsj.com/asset/dj-ufc/v1.33.0/p-5a49cb7f.js, line 1: TypeError: o is undefined
JavaScript error: https://www.wsj.com/asset/dj-ufc/v1.33.0/p-5a49cb7f.js, line 1: TypeError: o is undefined
JavaScript error: https://www.wsj.com/asset/dj-ufc/v1.33.0/p-5a49cb7f.js, line 1: TypeError: o is undefined
JavaScript error: https://www.wsj.com/asset/dj-ufc/v1.33.0/p-5a49cb7f.js, line 1: TypeError: o is undefined
JavaScript error: https://www.wsj.com/asset/dj-ufc/v1.33.0/p-5a49cb7f.js, line 1: TypeError: o is undefined
JavaScript error: https://www.wsj.com/asset/dj-ufc/v1.33.0/p-5a49cb7f.js, line 1: TypeError: o is undefined
JavaScript error: https://www.wsj.com/asset/dj-ufc/v1.33.0/p-5a49cb7f.js, line 1: TypeError: o is undefined
JavaScript error: https://www.wsj.com/asset/dj-ufc/v1.33.0/p-5a49cb7f.js, line 1: TypeError: o is undefined
JavaScript error: https://www.wsj.com/asset/dj-ufc/v1.33.0/p-5a49cb7f.js, line 1: TypeError: o is undefined
JavaScript error: https://www.wsj.com/asset/dj-ufc/v1.33.0/p-5a49cb7f.js, line 1: TypeError: o is undefined
JavaScript error: https://www.wsj.com/asset/dj-ufc/v1.33.0/p-5a49cb7f.js, line 1: TypeError: o is undefined
JavaScript error: https://www.wsj.com/asset/dj-ufc/v1.33.0/p-5a49cb7f.js, line 1: TypeError: o is undefined
JavaScript error: https://www.wsj.com/asset/dj-ufc/v1.33.0/p-5a49cb7f.js, line 1: TypeError: o is undefined
JavaScript error: https://www.wsj.com/asset/dj-ufc/v1.33.0/p-5a49cb7f.js, line 1: TypeError: o is undefined
JavaScript error: https://www.wsj.com/asset/dj-ufc/v1.33.0/p-5a49cb7f.js, line 1: TypeError: o is undefined
JavaScript error: https://www.wsj.com/asset/dj-ufc/v1.33.0/p-5a49cb7f.js, line 1: TypeError: o is undefined
JavaScript error: https://www.wsj.com/asset/dj-ufc/v1.33.0/p-5a49cb7f.js, line 1: TypeError: o is undefined
JavaScript error: https://www.wsj.com/asset/dj-ufc/v1.33.0/p-5a49cb7f.js, line 1: TypeError: o is undefined
JavaScript error: https://www.wsj.com/asset/dj-ufc/v1.33.0/p-5a49cb7f.js, line 1: TypeError: o is undefined
JavaScript error: https://www.wsj.com/asset/dj-ufc/v1.33.0/p-5a49cb7f.js, line 1: TypeError: o is undefined
JavaScript error: https://www.wsj.com/asset/dj-ufc/v1.33.0/p-5a49cb7f.js, line 1: TypeError: o is undefined
JavaScript error: https://www.wsj.com/asset/dj-ufc/v1.33.0/p-5a49cb7f.js, line 1: TypeError: o is undefined
JavaScript error: https://www.wsj.com/asset/dj-ufc/v1.33.0/p-5a49cb7f.js, line 1: TypeError: o is undefined
JavaScript error: https://www.wsj.com/asset/dj-ufc/v1.33.0/p-5a49cb7f.js, line 1: TypeError: o is undefined
JavaScript error: https://www.wsj.com/asset/dj-ufc/v1.33.0/p-5a49cb7f.js, line 1: TypeError: o is undefined
JavaScript error: https://www.wsj.com/asset/dj-ufc/v1.33.0/p-5a49cb7f.js, line 1: TypeError: o is undefined
JavaScript error: https://www.wsj.com/asset/dj-ufc/v1.33.0/p-5a49cb7f.js, line 1: TypeError: o is undefined
JavaScript error: https://djcs-multi-region-assets-ohio.s3.us-east-2.amazonaws.com/dj-ufc/asset/dj-ufc/qa/v1.34.0-beta.217/p-5a49cb7f.js, line 1: TypeError: o is undefined
JavaScript error: https://djcs-multi-region-assets-ohio.s3.us-east-2.amazonaws.com/dj-ufc/asset/dj-ufc/qa/v1.34.0-beta.217/p-5a49cb7f.js, line 1: TypeError: o is undefined
JavaScript error: https://djcs-multi-region-assets-ohio.s3.us-east-2.amazonaws.com/dj-ufc/asset/dj-ufc/qa/v1.34.0-beta.217/p-5a49cb7f.js, line 1: TypeError: o is undefined
JavaScript error: https://djcs-multi-region-assets-ohio.s3.us-east-2.amazonaws.com/dj-ufc/asset/dj-ufc/qa/v1.34.0-beta.217/p-5a49cb7f.js, line 1: TypeError: o is undefined
JavaScript error: https://djcs-multi-region-assets-ohio.s3.us-east-2.amazonaws.com/dj-ufc/asset/dj-ufc/qa/v1.34.0-beta.217/p-5a49cb7f.js, line 1: TypeError: o is undefined
JavaScript error: https://djcs-multi-region-assets-ohio.s3.us-east-2.amazonaws.com/dj-ufc/asset/dj-ufc/qa/v1.34.0-beta.217/p-5a49cb7f.js, line 1: TypeError: o is undefined
JavaScript error: https://djcs-multi-region-assets-ohio.s3.us-east-2.amazonaws.com/dj-ufc/asset/dj-ufc/qa/v1.34.0-beta.217/p-5a49cb7f.js, line 1: TypeError: o is undefined
JavaScript error: https://djcs-multi-region-assets-ohio.s3.us-east-2.amazonaws.com/dj-ufc/asset/dj-ufc/qa/v1.34.0-beta.217/p-5a49cb7f.js, line 1: TypeError: o is undefined
JavaScript error: https://djcs-multi-region-assets-ohio.s3.us-east-2.amazonaws.com/dj-ufc/asset/dj-ufc/qa/v1.34.0-beta.217/p-5a49cb7f.js, line 1: TypeError: o is undefined
JavaScript error: https://djcs-multi-region-assets-ohio.s3.us-east-2.amazonaws.com/dj-ufc/asset/dj-ufc/qa/v1.34.0-beta.217/p-5a49cb7f.js, line 1: TypeError: o is undefined
JavaScript error: https://djcs-multi-region-assets-ohio.s3.us-east-2.amazonaws.com/dj-ufc/asset/dj-ufc/qa/v1.34.0-beta.217/p-5a49cb7f.js, line 1: TypeError: o is undefined
JavaScript error: https://djcs-multi-region-assets-ohio.s3.us-east-2.amazonaws.com/dj-ufc/asset/dj-ufc/qa/v1.34.0-beta.217/p-5a49cb7f.js, line 1: TypeError: o is undefined
JavaScript error: https://djcs-multi-region-assets-ohio.s3.us-east-2.amazonaws.com/dj-ufc/asset/dj-ufc/qa/v1.34.0-beta.217/p-5a49cb7f.js, line 1: TypeError: o is undefined
JavaScript error: https://djcs-multi-region-assets-ohio.s3.us-east-2.amazonaws.com/dj-ufc/asset/dj-ufc/qa/v1.34.0-beta.217/p-5a49cb7f.js, line 1: TypeError: o is undefined
JavaScript error: https://djcs-multi-region-assets-ohio.s3.us-east-2.amazonaws.com/dj-ufc/asset/dj-ufc/qa/v1.34.0-beta.217/p-5a49cb7f.js, line 1: TypeError: o is undefined
JavaScript error: https://djcs-multi-region-assets-ohio.s3.us-east-2.amazonaws.com/dj-ufc/asset/dj-ufc/qa/v1.34.0-beta.217/p-5a49cb7f.js, line 1: TypeError: o is undefined
JavaScript error: https://djcs-multi-region-assets-ohio.s3.us-east-2.amazonaws.com/dj-ufc/asset/dj-ufc/qa/v1.34.0-beta.217/p-5a49cb7f.js, line 1: TypeError: o is undefined
JavaScript error: https://djcs-multi-region-assets-ohio.s3.us-east-2.amazonaws.com/dj-ufc/asset/dj-ufc/qa/v1.34.0-beta.217/p-5a49cb7f.js, line 1: TypeError: o is undefined
JavaScript error: https://djcs-multi-region-assets-ohio.s3.us-east-2.amazonaws.com/dj-ufc/asset/dj-ufc/qa/v1.34.0-beta.217/p-5a49cb7f.js, line 1: TypeError: o is undefined
JavaScript error: https://djcs-multi-region-assets-ohio.s3.us-east-2.amazonaws.com/dj-ufc/asset/dj-ufc/qa/v1.34.0-beta.217/p-5a49cb7f.js, line 1: TypeError: o is undefined
JavaScript error: https://djcs-multi-region-assets-ohio.s3.us-east-2.amazonaws.com/dj-ufc/asset/dj-ufc/qa/v1.34.0-beta.217/p-5a49cb7f.js, line 1: TypeError: o is undefined
JavaScript error: https://djcs-multi-region-assets-ohio.s3.us-east-2.amazonaws.com/dj-ufc/asset/dj-ufc/qa/v1.34.0-beta.217/p-5a49cb7f.js, line 1: TypeError: o is undefined
JavaScript error: https://djcs-multi-region-assets-ohio.s3.us-east-2.amazonaws.com/dj-ufc/asset/dj-ufc/qa/v1.34.0-beta.217/p-5a49cb7f.js, line 1: TypeError: o is undefined
JavaScript error: https://djcs-multi-region-assets-ohio.s3.us-east-2.amazonaws.com/dj-ufc/asset/dj-ufc/qa/v1.34.0-beta.217/p-5a49cb7f.js, line 1: TypeError: o is undefined
JavaScript error: https://djcs-multi-region-assets-ohio.s3.us-east-2.amazonaws.com/dj-ufc/asset/dj-ufc/qa/v1.34.0-beta.217/p-5a49cb7f.js, line 1: TypeError: o is undefined
JavaScript error: https://djcs-multi-region-assets-ohio.s3.us-east-2.amazonaws.com/dj-ufc/asset/dj-ufc/qa/v1.34.0-beta.217/p-5a49cb7f.js, line 1: TypeError: o is undefined
JavaScript error: https://djcs-multi-region-assets-ohio.s3.us-east-2.amazonaws.com/dj-ufc/asset/dj-ufc/qa/v1.34.0-beta.217/p-5a49cb7f.js, line 1: TypeError: o is undefined
JavaScript error: https://djcs-multi-region-assets-ohio.s3.us-east-2.amazonaws.com/dj-ufc/asset/dj-ufc/qa/v1.34.0-beta.217/p-5a49cb7f.js, line 1: TypeError: o is undefined
JavaScript error: https://djcs-multi-region-assets-ohio.s3.us-east-2.amazonaws.com/dj-ufc/asset/dj-ufc/qa/v1.34.0-beta.217/p-5a49cb7f.js, line 1: TypeError: o is undefined
JavaScript error: https://djcs-multi-region-assets-ohio.s3.us-east-2.amazonaws.com/dj-ufc/asset/dj-ufc/qa/v1.34.0-beta.217/p-5a49cb7f.js, line 1: TypeError: o is undefined
JavaScript error: https://djcs-multi-region-assets-ohio.s3.us-east-2.amazonaws.com/dj-ufc/asset/dj-ufc/qa/v1.34.0-beta.217/p-5a49cb7f.js, line 1: TypeError: o is undefined
JavaScript error: https://djcs-multi-region-assets-ohio.s3.us-east-2.amazonaws.com/dj-ufc/asset/dj-ufc/qa/v1.34.0-beta.217/p-5a49cb7f.js, line 1: TypeError: o is undefined
JavaScript error: https://djcs-multi-region-assets-ohio.s3.us-east-2.amazonaws.com/dj-ufc/asset/dj-ufc/qa/v1.34.0-beta.217/p-5a49cb7f.js, line 1: TypeError: o is undefined
JavaScript error: https://djcs-multi-region-assets-ohio.s3.us-east-2.amazonaws.com/dj-ufc/asset/dj-ufc/qa/v1.34.0-beta.217/p-5a49cb7f.js, line 1: TypeError: o is undefined
1735043392409	Marionette	INFO	Stopped listening on port 63413
JavaScript warning: https://0cf17917-395b-4f25-91cc-db3bdd6044b0.edge.permutive.app/772abb27-aff3-4dcc-b7af-8ab66a56137a-web.js, line 1: Script terminated by timeout at:
S@https://0cf17917-395b-4f25-91cc-db3bdd6044b0.edge.permutive.app/772abb27-aff3-4dcc-b7af-8ab66a56137a-web.js:1:18769
P@https://0cf17917-395b-4f25-91cc-db3bdd6044b0.edge.permutive.app/772abb27-aff3-4dcc-b7af-8ab66a56137a-web.js:1:18576
R@https://0cf17917-395b-4f25-91cc-db3bdd6044b0.edge.permutive.app/772abb27-aff3-4dcc-b7af-8ab66a56137a-web.js:1:180684
3612/ee/<@https://0cf17917-395b-4f25-91cc-db3bdd6044b0.edge.permutive.app/772abb27-aff3-4dcc-b7af-8ab66a56137a-web.js:1:190072
6289/i/</</<@https://0cf17917-395b-4f25-91cc-db3bdd6044b0.edge.permutive.app/772abb27-aff3-4dcc-b7af-8ab66a56137a-web.js:1:225474
7144/f/<@https://0cf17917-395b-4f25-91cc-db3bdd6044b0.edge.permutive.app/772abb27-aff3-4dcc-b7af-8ab66a56137a-web.js:1:221097
p@https://0cf17917-395b-4f25-91cc-db3bdd6044b0.edge.permutive.app/772abb27-aff3-4dcc-b7af-8ab66a56137a-web.js:1:251135
u@https://0cf17917-395b-4f25-91cc-db3bdd6044b0.edge.permutive.app/772abb27-aff3-4dcc-b7af-8ab66a56137a-web.js:1:220947
6289/n/</</<@https://0cf17917-395b-4f25-91cc-db3bdd6044b0.edge.permutive.app/772abb27-aff3-4dcc-b7af-8ab66a56137a-web.js:1:225224

Dynamically enable window occlusion 1
JavaScript error: https://www.wsj.com/asset/dj-ufc/v1.33.0/p-5a49cb7f.js, line 1: TypeError: o is undefined
JavaScript error: https://www.wsj.com/asset/dj-ufc/v1.33.0/p-5a49cb7f.js, line 1: TypeError: o is undefined
JavaScript error: https://www.wsj.com/asset/dj-ufc/v1.33.0/p-5a49cb7f.js, line 1: TypeError: o is undefined
JavaScript error: https://www.wsj.com/asset/dj-ufc/v1.33.0/p-5a49cb7f.js, line 1: TypeError: o is undefined
JavaScript error: https://www.wsj.com/asset/dj-ufc/v1.33.0/p-5a49cb7f.js, line 1: TypeError: o is undefined
JavaScript error: https://www.wsj.com/asset/dj-ufc/v1.33.0/p-5a49cb7f.js, line 1: TypeError: o is undefined
JavaScript error: https://www.wsj.com/asset/dj-ufc/v1.33.0/p-5a49cb7f.js, line 1: TypeError: o is undefined
JavaScript error: https://www.wsj.com/asset/dj-ufc/v1.33.0/p-5a49cb7f.js, line 1: TypeError: o is undefined
JavaScript error: https://www.wsj.com/asset/dj-ufc/v1.33.0/p-5a49cb7f.js, line 1: TypeError: o is undefined
JavaScript error: https://www.wsj.com/asset/dj-ufc/v1.33.0/p-5a49cb7f.js, line 1: TypeError: o is undefined
JavaScript error: https://www.wsj.com/asset/dj-ufc/v1.33.0/p-5a49cb7f.js, line 1: TypeError: o is undefined
JavaScript error: https://www.wsj.com/asset/dj-ufc/v1.33.0/p-5a49cb7f.js, line 1: TypeError: o is undefined
JavaScript error: https://www.wsj.com/asset/dj-ufc/v1.33.0/p-5a49cb7f.js, line 1: TypeError: o is undefined
JavaScript error: https://www.wsj.com/asset/dj-ufc/v1.33.0/p-5a49cb7f.js, line 1: TypeError: o is undefined
JavaScript error: https://www.wsj.com/asset/dj-ufc/v1.33.0/p-5a49cb7f.js, line 1: TypeError: o is undefined
JavaScript error: https://www.wsj.com/asset/dj-ufc/v1.33.0/p-5a49cb7f.js, line 1: TypeError: o is undefined
JavaScript error: https://www.wsj.com/asset/dj-ufc/v1.33.0/p-5a49cb7f.js, line 1: TypeError: o is undefined
JavaScript error: https://www.wsj.com/asset/dj-ufc/v1.33.0/p-5a49cb7f.js, line 1: TypeError: o is undefined
JavaScript error: https://www.wsj.com/asset/dj-ufc/v1.33.0/p-5a49cb7f.js, line 1: TypeError: o is undefined
