1729837009948	geckodriver	INFO	Listening on 127.0.0.1:51575
1729837012996	mozrunner::runner	INFO	Running command: "C:\\Program Files\\Mozilla Firefox\\firefox.exe" "--marionette" "--remote-debugging-port" "51576" "--remote-allow-hosts" "localhost" "-no-remote" "-profile" "D:\\Users\\sasikumarj\\AppData\\Local\\Temp\\rust_mozprofilezwSYQm"
console.warn: services.settings: Ignoring preference override of remote settings server
console.warn: services.settings: Allow by setting MOZ_REMOTE_SETTINGS_DEVTOOLS=1 in the environment
Dynamically enable window occlusion 0
1729837013732	Marionette	INFO	Marionette enabled
1729837014024	Marionette	INFO	Listening on port 55497
Read port: 55497
WebDriver BiDi listening on ws://127.0.0.1:51576
1729837014171	RemoteAgent	WARN	TLS certificate errors will be ignored for this session
DevTools listening on ws://127.0.0.1:51576/devtools/browser/1e071978-83a8-44fe-a4d5-1082b8645e7f
JavaScript warning: https://int-replay-wsj-elections.ore.onservo.com/election/_next/static/chunks/main-c0569e4635de2e62.js, line 1: unreachable code after return statement
JavaScript error: , line 0: uncaught exception: out of memory
out of memory: 0x0000000000000080 bytes requested
[GFX1-]: wr_renderer_render: OutOfMemory
A content process crashed and MOZ_CRASHREPORTER_SHUTDOWN is set, shutting down
[GFX1-]: Handling webrender error 2
[GFX1-]: Fallback SW-WR + D3D11 to SW-WR
IPDL protocol error: Handler returned error code!

###!!! [Parent][DispatchSyncMessage] Error: PCompositorBridge::Msg_NotifyChildRecreated Processing error: message was deserialized, but the handler returned false (indicating failure)

1729837024700	Marionette	INFO	Stopped listening on port 55497
Dynamically enable window occlusion 1
