1737360404108	geckodriver	INFO	Listening on 127.0.0.1:50182
1737360406464	mozrunner::runner	INFO	Running command: "C:\\Program Files\\Mozilla Firefox\\firefox.exe" "--marionette" "--remote-debugging-port" "50183" "--remote-allow-hosts" "localhost" "-no-remote" "-profile" "D:\\Users\\sasikumarj\\AppData\\Local\\Temp\\rust_mozprofileyQlx3q"
console.warn: services.settings: Ignoring preference override of remote settings server
console.warn: services.settings: Allow by setting MOZ_REMOTE_SETTINGS_DEVTOOLS=1 in the environment
Dynamically enable window occlusion 0
1737360409153	Marionette	INFO	Marionette enabled
1737360409766	Marionette	INFO	Listening on port 50299
WebDriver BiDi listening on ws://127.0.0.1:50183
Read port: 50299
console.error: Policies: 
  Download failed - ERROR_CORRUPT_FILE - file://C:\Program Files\Snow Software\Inventory\Agent\FFCloudmetering.xpi
1737360410552	RemoteAgent	WARN	TLS certificate errors will be ignored for this session
DevTools listening on ws://127.0.0.1:50183/devtools/browser/a512338a-7589-49a9-82db-265c39b7c733
A content process crashed and MOZ_CRASHREPORTER_SHUTDOWN is set, shutting down
1737360415346	Marionette	INFO	Stopped listening on port 50299
Dynamically enable window occlusion 1
[GFX1-]: Failed to connect WebRenderBridgeChild. isParent=false
A content process crashed and MOZ_CRASHREPORTER_SHUTDOWN is set, shutting down
A content process crashed and MOZ_CRASHREPORTER_SHUTDOWN is set, shutting down
console.error: "Failed to fetch https://spocs.getpocket.com/user:" "NetworkError when attempting to fetch resource."
console.warn: TopSitesFeed: Failed to fetch data from Contile server: NetworkError when attempting to fetch resource.
console.error: ({})
console.error: ({})
