1739032562752	geckodriver	INFO	Listening on 127.0.0.1:63615
1739032565793	mozrunner::runner	INFO	Running command: "C:\\Program Files\\Mozilla Firefox\\firefox.exe" "--marionette" "--remote-debugging-port" "63616" "--remote-allow-hosts" "localhost" "-no-remote" "-profile" "D:\\Users\\sasikumarj\\AppData\\Local\\Temp\\rust_mozprofiledubUZk"
console.warn: services.settings: Ignoring preference override of remote settings server
console.warn: services.settings: Allow by setting MOZ_REMOTE_SETTINGS_DEVTOOLS=1 in the environment
Dynamically enable window occlusion 0
1739032566438	Marionette	INFO	Marionette enabled
1739032566707	Marionette	INFO	Listening on port 63628
Read port: 63628
WebDriver BiDi listening on ws://127.0.0.1:63616
1739032566841	RemoteAgent	WARN	TLS certificate errors will be ignored for this session
console.error: Policies: 
  Download failed - ERROR_CORRUPT_FILE - file://C:\Program Files\Snow Software\Inventory\Agent\FFCloudmetering.xpi
DevTools listening on ws://127.0.0.1:63616/devtools/browser/455e2798-b129-44ad-9637-66d994454c20
JavaScript error: https://cdn.cxense.com/sp1.html#ver=2.8.90&typ=pgv&rnd=m6wf3ck4vflgk8x4&sid=1133979867428110118&loc=https%3A%2F%2Fwww.penews.com%2F&new=1&arf=0&ltm=1739032572247&ref=&tzo=-330&wsz=1280x595&res=1280x720&dpr=1&col=24&bln=en-US&chs=UTF-8&cks=m6wf3cm23zlvgbnr&ckp=m6wf3ck45ennmzs9&glb=&cp_userState=anon&cp_testGroup=4&cp_topDomain=penews.com&cp_template=full&cp_access=free&cp_section=Home&cp_subsection=&cp_cms_name=CAPS&cp_subscriber=nonsubscriber&cp_edition=europe%252Cgb&cp_bucket=0&cp_ab_bucket=20&cp_pageContentSource=Private%20Equity%20News%20Online&cp_pageContentType=Home&cp_pageContentTypeDetai=default&cp_pageSiteProduct=PEN&cp_userTags=&cp_sessionState=none, line 1: TypeError: cX.loadScript is not a function
JavaScript warning: https://pagead2.googlesyndication.com/bg/vbSiC3rXZjPvfLONVMSWfstygVHLPM3jd4I4vl9RjYk.js line 2 > eval line 3834 > eval line 1 > eval line 1 > eval, line 1: WEBGL_debug_renderer_info is deprecated in Firefox and will be removed. Please use RENDERER.
JavaScript warning: https://pagead2.googlesyndication.com/bg/vbSiC3rXZjPvfLONVMSWfstygVHLPM3jd4I4vl9RjYk.js line 2 > eval line 249 > eval line 1 > eval line 1 > eval, line 1: WEBGL_debug_renderer_info is deprecated in Firefox and will be removed. Please use RENDERER.
JavaScript warning: https://cdn.parsely.com/keys/penews.com/p.js, line 7: Script terminated by timeout at:
value/n<@https://cdn.parsely.com/keys/penews.com/p.js:7:24273
value@https://cdn.parsely.com/keys/penews.com/p.js:7:24274
value@https://cdn.parsely.com/keys/penews.com/p.js:7:24771

JavaScript warning: https://newscorp.okta.com/assets/js/vendor/lib/fingerprint2.min.68ab45bd98459cb766f3ab26d086e5f5.js, line 1: WEBGL_debug_renderer_info is deprecated in Firefox and will be removed. Please use RENDERER.
JavaScript warning: https://newscorp.okta.com/assets/js/mvc/sentry-wrapper/sentry-wrapper.pack.2e080a109dbfd00f748e7dab5f49a815.js, line 1: Script terminated by timeout at:
91053/a/<@https://newscorp.okta.com/assets/js/mvc/sentry-wrapper/sentry-wrapper.pack.2e080a109dbfd00f748e7dab5f49a815.js:1:31923
n@https://newscorp.okta.com/assets/js/mvc/sentry-wrapper/sentry-wrapper.pack.2e080a109dbfd00f748e7dab5f49a815.js:1:32885

1739032602400	Marionette	INFO	Stopped listening on port 63628
Dynamically enable window occlusion 1
