1739423434460	geckodriver	INFO	Listening on 127.0.0.1:63974
1739423437519	mozrunner::runner	INFO	Running command: "C:\\Program Files\\Mozilla Firefox\\firefox.exe" "--marionette" "--remote-debugging-port" "63975" "--remote-allow-hosts" "localhost" "-no-remote" "-profile" "D:\\Users\\sasikumarj\\AppData\\Local\\Temp\\rust_mozprofile9nQgmd"
console.warn: services.settings: Ignoring preference override of remote settings server
console.warn: services.settings: Allow by setting MOZ_REMOTE_SETTINGS_DEVTOOLS=1 in the environment
Dynamically enable window occlusion 0
1739423438436	Marionette	INFO	Marionette enabled
1739423438808	Marionette	INFO	Listening on port 63988
Read port: 63988
WebDriver BiDi listening on ws://127.0.0.1:63975
1739423438984	RemoteAgent	WARN	TLS certificate errors will be ignored for this session
console.error: Policies: 
  Download failed - ERROR_CORRUPT_FILE - file://C:\Program Files\Snow Software\Inventory\Agent\FFCloudmetering.xpi
DevTools listening on ws://127.0.0.1:63975/devtools/browser/a6d81cca-bd2a-461e-b3a3-50072482771b
console.error: ({})
console.error: ({})
JavaScript error: https://www.barrons.com/asset/dj-watchlist/v1.14.3/p-0633e57d.entry.js, line 11: TypeError: Error.captureStackTrace is not a function
JavaScript warning: https://js-agent.newrelic.com/nr-1044.min.js, line 1: Script terminated by timeout at:
r@https://js-agent.newrelic.com/nr-1044.min.js:1:22537
[15]</r/<@https://js-agent.newrelic.com/nr-1044.min.js:1:9115

console.error: ({})
console.error: ({})
JavaScript warning: https://cdn.gbqofs.com/sv/b/detector-bootstrap.min.js, line 0: Successfully compiled asm.js code (total compilation time 2ms)
JavaScript warning: https://pagead2.googlesyndication.com/bg/8ZaB7jRsaaU-biZOJz6O6mNB_fDMtsHVeu7uD0tG4og.js line 2 > eval line 1360 > eval line 1 > eval line 1 > eval, line 1: WEBGL_debug_renderer_info is deprecated in Firefox and will be removed. Please use RENDERER.
JavaScript error: https://cdn.cxense.com/sp1.html#ver=2.8.90&typ=pgv&rnd=m72vt8kufmrs52y1&sid=9222325317970825875&loc=https%3A%2F%2Fwww.barrons.com%2Farticles%2Fwendys-wen-stock-earnings-51652268634&new=1&arf=0&ltm=1739423451149&ref=&tzo=-330&wsz=1280x595&res=1280x720&dpr=1&col=24&bln=en-US&chs=UTF-8&cks=m72vt9my81877auu&ckp=m72vt8ku7smuqvvp&glb=&amo=1652281620&cp_userState=anon, line 1: TypeError: cX.loadScript is not a function
JavaScript warning: https://pagead2.googlesyndication.com/bg/8ZaB7jRsaaU-biZOJz6O6mNB_fDMtsHVeu7uD0tG4og.js line 2 > eval line 5930 > eval line 1 > eval line 1 > eval, line 1: WEBGL_debug_renderer_info is deprecated in Firefox and will be removed. Please use RENDERER.
console.warn: WindowsJumpLists: "Failed to fetch favicon for " "https://www.barrons.com/articles/wendys-wen-stock-earnings-51652268634" ({})
console.warn: WindowsJumpLists: "Failed to fetch favicon for " "https://www.barrons.com/" ({})
console.warn: WindowsJumpLists: "Failed to fetch favicon for " "https://www.barrons.com/articles/wendys-wen-stock-earnings-51652268634" ({})
console.warn: WindowsJumpLists: "Failed to fetch favicon for " "https://www.barrons.com/" ({})
console.warn: WindowsJumpLists: "Failed to fetch favicon for " "https://www.barrons.com/articles/wendys-wen-stock-earnings-51652268634" ({})
console.warn: WindowsJumpLists: "Failed to fetch favicon for " "https://www.barrons.com/" ({})
console.warn: WindowsJumpLists: "Failed to fetch favicon for " "https://www.barrons.com/articles/wendys-wen-stock-earnings-51652268634" ({})
console.warn: WindowsJumpLists: "Failed to fetch favicon for " "https://www.barrons.com/" ({})
console.warn: WindowsJumpLists: "Failed to fetch favicon for " "https://www.barrons.com/articles/wendys-wen-stock-earnings-51652268634" ({})
console.warn: WindowsJumpLists: "Failed to fetch favicon for " "https://www.barrons.com/" ({})
console.warn: WindowsJumpLists: "Failed to fetch favicon for " "https://www.barrons.com/articles/wendys-wen-stock-earnings-51652268634" ({})
console.warn: WindowsJumpLists: "Failed to fetch favicon for " "https://www.barrons.com/" ({})
console.warn: WindowsJumpLists: "Failed to fetch favicon for " "https://www.barrons.com/articles/wendys-wen-stock-earnings-51652268634" ({})
console.warn: WindowsJumpLists: "Failed to fetch favicon for " "https://www.barrons.com/" ({})
[GFX1-]: CompositorBridgeChild receives IPC close with reason=Abn[GFX1-]: CompositorBridg[GFX1-]: Comp[[GFX1-]: CompositorBridgeChild r[GFX1-]: Composi[GF[[GFX1-]: CompositorBridgeChild receives IPC close with reason=AbnormalShutdown
[GFX1-]: CompositorBridge[GFX1-]: CompositorBridgeChild receives IPC close with reason=Abno[GFX1-]: CompositorBridgeC[[GFX1-]: CormalShutdowh[[GFmpositorBrild receives IPC close with reason=AbnormalShutdown
eChild receives IGFX1-X[G[GFX1-]: CompositorBridgeChild receives IPC close with reason=AbnormalShutdown
ositorBridgeChild receives IPC close with GFX1-]: CompositorBridgeChild receives IPC close with reason=AbnormalShutdown
[GFX1-]: CompositorBridgeChild receives IPC close with reason=AbnormalShutdown
Exiting due to channel error.
GFX1-]: C[GFX1-]: CoFX1-]: CompositorBridgeChild receives IPC close with reason=AbnormalShutdown
Peceives IPC close with reason=AbnormalShutdown
torBridgeChild receives IPC close with reason=AbnormalShutdown
]: Child receives IPC close with reason=AbnormalShutdown
Exiting due to channel error.
[GFX1-]: CompositorBridgeChild receives IPC close with reason=AbnormalShutdown
1-]: CompositorBridgeChild receives IPC close with reason=AbnormalShutdown
[GFX1-X1mpositorBridgeChild receives IPC close with reason=AbnormalShutdown
n
GFX1-]: CompositorBridgeChild receives IPC close with reason=AbnormalShutdown
reason=AbnormalShutdown
CompositorBridgeChild receives IPC close with reason=AbnormalShutdown
[GFX1-]: CompositorBridgeChild receives IPC close with reason=AbnormalShutdown
ompositorBridgeChild receives IPC close with reason=AbnormalShutdown
idgeChild receives IPC close with reason=AbnormalShutdown
[GFX1-]: ComposiotorBrrmalShutdown
idgeChild receives IPC close with reason=AbnormalShutdown
[GFX1-]: CompositorBridgeChild receives IPC close with reason=AbnormalShutdown
]: CompositorBridgeChild receives IPC close with reason=AbnormalShutdown
[GFX1-]: CompositorBridgeChild receives IPC close with reason=AbnormalShutdown
-]: CompositorBridgeChild receives IPC close with reason=AbnormalShutdown
Exiting due to channel error.
Exiting due to channel error.
Exiting due to channel error.
Exiting due to channel error.
Exiting due to channel error.
Exiting due to channel error.
Exiting due to channel error.
Exiting due to channel error.
Exiting due to channel error.
Exiting due to channel error.
Exiting due to channel error.
Exiting due to channel error.
Exiting due to channel error.
Exiting due to channel error.
Exiting due to channel error.
Exiting due to channel error.
Exiting due to channel error.
Exiting due to channel error.
Exiting due to channel error.
