1738295160169	geckodriver	INFO	Listening on 127.0.0.1:56224
1738295163229	mozrunner::runner	INFO	Running command: "C:\\Program Files\\Mozilla Firefox\\firefox.exe" "--marionette" "--remote-debugging-port" "56225" "--remote-allow-hosts" "localhost" "-no-remote" "-profile" "D:\\Users\\sasikumarj\\AppData\\Local\\Temp\\rust_mozprofileenLUwu"
console.warn: services.settings: Ignoring preference override of remote settings server
console.warn: services.settings: Allow by setting MOZ_REMOTE_SETTINGS_DEVTOOLS=1 in the environment
Dynamically enable window occlusion 0
1738295163863	Marionette	INFO	Marionette enabled
1738295164124	Marionette	INFO	Listening on port 56241
WebDriver BiDi listening on ws://127.0.0.1:56225
Read port: 56241
console.error: Policies: 
  Download failed - ERROR_CORRUPT_FILE - file://C:\Program Files\Snow Software\Inventory\Agent\FFCloudmetering.xpi
1738295164354	RemoteAgent	WARN	TLS certificate errors will be ignored for this session
DevTools listening on ws://127.0.0.1:56225/devtools/browser/8fd4c8cf-b1a4-42bb-aad5-f8355bd9f50e
1738295174534	Marionette	WARN	Ignoring event 'pageshow' because document has an invalid readyState of 'uninitialized'.
JavaScript error: https://video-api.wsj.com/api-video/audio/js/audioplayer.min.js, line 22: ChunkLoadError: Loading chunk 806 failed.
(error: https://video-api.wsj.com/api-video/audio/js/chunks/806.7208548556f707dca6d5.min.js)
JavaScript warning: https://interactives.ap.org/election-results/assets/microsite/layoutClient.js, line 2: Script terminated by timeout at:
Hn@https://interactives.ap.org/election-results/assets/microsite/layoutClient.js:2:127112
Un@https://interactives.ap.org/election-results/assets/microsite/layoutClient.js:2:126797
22551/Bn/<@https://interactives.ap.org/election-results/assets/microsite/layoutClient.js:2:126974
Bn@https://interactives.ap.org/election-results/assets/microsite/layoutClient.js:2:126907
qu@https://interactives.ap.org/election-results/assets/microsite/layoutClient.js:2:177694
ws@https://interactives.ap.org/election-results/assets/microsite/layoutClient.js:2:198191
bs@https://interactives.ap.org/election-results/assets/microsite/layoutClient.js:2:197931
ms@https://interactives.ap.org/election-results/assets/microsite/layoutClient.js:2:197800
ys@https://interactives.ap.org/election-results/assets/microsite/layoutClient.js:2:197661
ls@https://interactives.ap.org/election-results/assets/microsite/layoutClient.js:2:194825
Ho@https://interactives.ap.org/election-results/assets/microsite/layoutClient.js:2:136027
22551/Ss/<@https://interactives.ap.org/election-results/assets/microsite/layoutClient.js:2:201208
Ss@https://interactives.ap.org/election-results/assets/microsite/layoutClient.js:2:201213
os@https://interactives.ap.org/election-results/assets/microsite/layoutClient.js:2:193775
x@https://interactives.ap.org/election-results/assets/microsite/layoutClient.js:2:239126
T@https://interactives.ap.org/election-results/assets/microsite/layoutClient.js:2:239657

JavaScript error: https://cdn.cxense.com/sp1.html#ver=2.8.90&typ=pgv&rnd=m6k82fol3v1ru93b&sid=1138573015853471556&loc=https%3A%2F%2Fwww.stg.marketwatch.com%2Fwelcome-watchlist&new=1&arf=0&ltm=1738295178216&ref=&tzo=-330&wsz=1280x595&res=1280x720&dpr=1&col=24&bln=en-US&chs=UTF-8&cks=m6k82fpa8lkmksr7&ckp=m6k82foly3uvidu6&glb=&cp_userState=anon&cp_testGroup=78&cp_env=staging&cp_topDomain=marketwatch.com&cp_template=full&cp_access=free&cp_section=Welcome%20Watchlist&cp_cms_name=Peavey&cp_subscriber=nonsubscriber&cp_edition=naus&cp_bucket=5&cp_ab_bucket=65&cp_pageContentSource=MarketWatch&cp_pageContentType=Summaries&cp_pageContentTypeDetai=default&cp_pageSiteProduct=MW&cp_userTags=&cp_sessionState=none, line 1: TypeError: cX.loadScript is not a function
JavaScript warning: https://pagead2.googlesyndication.com/bg/f89w5pQmj55lM9pppFafBIlbrgB1IQ820KqNheYv9Co.js line 2 > eval line 4192 > eval line 1 > eval line 1 > eval, line 1: WEBGL_debug_renderer_info is deprecated in Firefox and will be removed. Please use RENDERER.
JavaScript warning: https://cdn.gbqofs.com/sv/b/detector-bootstrap.min.js, line 0: Successfully compiled asm.js code (total compilation time 6ms)
JavaScript error: https://cdn.gbqofs.com/sv/b/detector-bootstrap.min.js, line 10: ChunkLoadError: Loading chunk 92 failed.
(error: https://cdn.gbqofs.com/sv/b/detector-lazy.min.js)
JavaScript warning: https://cdn.cxense.com/cx.js, line 6: Script terminated by timeout at:
ci@https://cdn.cxense.com/cx.js:6:46333
ua@https://cdn.cxense.com/cx.js:6:70803
fa/<@https://cdn.cxense.com/cx.js:6:71076

console.warn: LoginRecipes: "Falling back to a synchronous message for: https://sso.int.accounts.dowjones.com."
console.warn: LoginRecipes: "Falling back to a synchronous message for: https://sso.int.accounts.dowjones.com."
JavaScript warning: https://www.googletagmanager.com/gtag/js?id=G-GJ5S1GJYKT, line 253: Script terminated by timeout at:
Jd/<@https://www.googletagmanager.com/gtag/js?id=G-GJ5S1GJYKT:253:204
h.invoke@https://www.googletagmanager.com/gtag/js?id=G-GJ5S1GJYKT:229:314
r@https://www.googletagmanager.com/gtag/js?id=G-GJ5S1GJYKT:232:47
QC@https://www.googletagmanager.com/gtag/js?id=G-GJ5S1GJYKT:695:149
OC/</<@https://www.googletagmanager.com/gtag/js?id=G-GJ5S1GJYKT:693:189
hb@https://www.googletagmanager.com/gtag/js?id=G-GJ5S1GJYKT:198:204
OC/<@https://www.googletagmanager.com/gtag/js?id=G-GJ5S1GJYKT:693:168
hb@https://www.googletagmanager.com/gtag/js?id=G-GJ5S1GJYKT:198:204
OC@https://www.googletagmanager.com/gtag/js?id=G-GJ5S1GJYKT:693:135
PC/<@https://www.googletagmanager.com/gtag/js?id=G-GJ5S1GJYKT:693:111

JavaScript error: https://cdn.cxense.com/sp1.html#ver=2.8.90&typ=pgv&rnd=m6k82ubcs4n5ttvo&sid=9222325317970825873&loc=https%3A%2F%2Fwww.s.dev.marketwatch.com%2F&new=0&arf=0&ltm=1738295199713&ref=&tzo=-330&wsz=1280x595&res=1280x720&dpr=1&col=24&bln=en-US&chs=UTF-8&cks=m6k82wauodg59w4x&ckp=m6k82foly3uvidu6&glb=&eid0=e4cefa22ef027cc0132f0c218da37da39cdb3228234af4df969b5c463592e123&eit0=wsj&cp_userState=anon&cp_testGroup=78&cp_topDomain=marketwatch.com&cp_pwTag=default&cp_pwPlacement=cx-candybar&cp_pwCampaign=116&cp_pwType=free&cp_template=preview&cp_access=free&cp_section=Home%20Page&cp_subscriber=registered&cp_edition=naus&cp_bucket=5&cp_ab_bucket=55&cp_pageContentSource=MarketWatch&cp_pageContentType=Home&cp_pageContentTypeDetai=Home&cp_pageSiteProduct=MW&cp_userTags=BARRONS-SUB&cp_sessionState=ca, line 1: TypeError: cX.loadScript is not a function
JavaScript warning: https://cdn.gbqofs.com/sv/b/detector-bootstrap.min.js, line 0: Successfully compiled asm.js code (total compilation time 3ms)
JavaScript warning: https://pagead2.googlesyndication.com/bg/f89w5pQmj55lM9pppFafBIlbrgB1IQ820KqNheYv9Co.js line 2 > eval line 2209 > eval line 1 > eval line 1 > eval, line 1: WEBGL_debug_renderer_info is deprecated in Firefox and will be removed. Please use RENDERER.
JavaScript warning: https://cdn.gbqofs.com/sv/b/detector-bootstrap.min.js, line 0: Successfully compiled asm.js code (total compilation time 2ms)
JavaScript warning: https://pagead2.googlesyndication.com/bg/f89w5pQmj55lM9pppFafBIlbrgB1IQ820KqNheYv9Co.js line 2 > eval line 7237 > eval line 1 > eval line 1 > eval, line 1: WEBGL_debug_renderer_info is deprecated in Firefox and will be removed. Please use RENDERER.
1738295218205	Marionette	INFO	Stopped listening on port 56241
Dynamically enable window occlusion 1
