1738929164045	geckodriver	INFO	Listening on 127.0.0.1:54197
1738929167083	mozrunner::runner	INFO	Running command: "C:\\Program Files\\Mozilla Firefox\\firefox.exe" "--marionette" "--remote-debugging-port" "54198" "--remote-allow-hosts" "localhost" "-no-remote" "-profile" "D:\\Users\\sasikumarj\\AppData\\Local\\Temp\\rust_mozprofileULOMeW"
console.warn: services.settings: Ignoring preference override of remote settings server
console.warn: services.settings: Allow by setting MOZ_REMOTE_SETTINGS_DEVTOOLS=1 in the environment
Dynamically enable window occlusion 0
1738929167725	Marionette	INFO	Marionette enabled
1738929167989	Marionette	INFO	Listening on port 54211
Read port: 54211
WebDriver BiDi listening on ws://127.0.0.1:54198
1738929168134	RemoteAgent	WARN	TLS certificate errors will be ignored for this session
console.error: Policies: 
  Download failed - ERROR_CORRUPT_FILE - file://C:\Program Files\Snow Software\Inventory\Agent\FFCloudmetering.xpi
DevTools listening on ws://127.0.0.1:54198/devtools/browser/1c0f1cdb-15a7-4a7b-8079-4be22b65eef9
JavaScript error: https://www.marketwatch.com/_next/static/chunks/framework-364277b257ab34c0.js, line 9: Error: Minified React error #425; visit https://reactjs.org/docs/error-decoder.html?invariant=425 for the full message or use the non-minified dev environment for full errors and additional helpful warnings.
JavaScript error: https://www.marketwatch.com/_next/static/chunks/framework-364277b257ab34c0.js, line 9: Error: Minified React error #418; visit https://reactjs.org/docs/error-decoder.html?invariant=418 for the full message or use the non-minified dev environment for full errors and additional helpful warnings.
JavaScript error: https://www.marketwatch.com/_next/static/chunks/framework-364277b257ab34c0.js, line 9: Error: Minified React error #418; visit https://reactjs.org/docs/error-decoder.html?invariant=418 for the full message or use the non-minified dev environment for full errors and additional helpful warnings.
JavaScript error: https://www.marketwatch.com/_next/static/chunks/framework-364277b257ab34c0.js, line 9: Error: Minified React error #418; visit https://reactjs.org/docs/error-decoder.html?invariant=418 for the full message or use the non-minified dev environment for full errors and additional helpful warnings.
JavaScript error: https://www.marketwatch.com/_next/static/chunks/framework-364277b257ab34c0.js, line 9: Error: Minified React error #418; visit https://reactjs.org/docs/error-decoder.html?invariant=418 for the full message or use the non-minified dev environment for full errors and additional helpful warnings.
JavaScript error: https://www.marketwatch.com/_next/static/chunks/framework-364277b257ab34c0.js, line 9: Error: Minified React error #418; visit https://reactjs.org/docs/error-decoder.html?invariant=418 for the full message or use the non-minified dev environment for full errors and additional helpful warnings.
JavaScript error: https://www.marketwatch.com/_next/static/chunks/framework-364277b257ab34c0.js, line 9: Error: Minified React error #418; visit https://reactjs.org/docs/error-decoder.html?invariant=418 for the full message or use the non-minified dev environment for full errors and additional helpful warnings.
JavaScript error: https://www.marketwatch.com/_next/static/chunks/framework-364277b257ab34c0.js, line 9: Error: Minified React error #418; visit https://reactjs.org/docs/error-decoder.html?invariant=418 for the full message or use the non-minified dev environment for full errors and additional helpful warnings.
JavaScript error: https://www.marketwatch.com/_next/static/chunks/framework-364277b257ab34c0.js, line 9: Error: Minified React error #418; visit https://reactjs.org/docs/error-decoder.html?invariant=418 for the full message or use the non-minified dev environment for full errors and additional helpful warnings.
JavaScript error: https://www.marketwatch.com/_next/static/chunks/framework-364277b257ab34c0.js, line 9: Error: Minified React error #418; visit https://reactjs.org/docs/error-decoder.html?invariant=418 for the full message or use the non-minified dev environment for full errors and additional helpful warnings.
JavaScript error: https://www.marketwatch.com/_next/static/chunks/framework-364277b257ab34c0.js, line 9: Error: Minified React error #418; visit https://reactjs.org/docs/error-decoder.html?invariant=418 for the full message or use the non-minified dev environment for full errors and additional helpful warnings.
JavaScript error: https://www.marketwatch.com/_next/static/chunks/framework-364277b257ab34c0.js, line 9: Error: Minified React error #418; visit https://reactjs.org/docs/error-decoder.html?invariant=418 for the full message or use the non-minified dev environment for full errors and additional helpful warnings.
JavaScript error: https://www.marketwatch.com/_next/static/chunks/framework-364277b257ab34c0.js, line 9: Error: Minified React error #418; visit https://reactjs.org/docs/error-decoder.html?invariant=418 for the full message or use the non-minified dev environment for full errors and additional helpful warnings.
JavaScript error: https://www.marketwatch.com/_next/static/chunks/framework-364277b257ab34c0.js, line 9: Error: Minified React error #418; visit https://reactjs.org/docs/error-decoder.html?invariant=418 for the full message or use the non-minified dev environment for full errors and additional helpful warnings.
JavaScript error: https://www.marketwatch.com/_next/static/chunks/framework-364277b257ab34c0.js, line 9: Error: Minified React error #418; visit https://reactjs.org/docs/error-decoder.html?invariant=418 for the full message or use the non-minified dev environment for full errors and additional helpful warnings.
JavaScript error: https://www.marketwatch.com/_next/static/chunks/framework-364277b257ab34c0.js, line 9: Error: Minified React error #418; visit https://reactjs.org/docs/error-decoder.html?invariant=418 for the full message or use the non-minified dev environment for full errors and additional helpful warnings.
JavaScript error: https://www.marketwatch.com/_next/static/chunks/framework-364277b257ab34c0.js, line 9: Error: Minified React error #423; visit https://reactjs.org/docs/error-decoder.html?invariant=423 for the full message or use the non-minified dev environment for full errors and additional helpful warnings.
JavaScript warning: https://pagead2.googlesyndication.com/bg/dKsKVnRDvnN7x3_VHBWCXOB1uWbHu1pWqkNfYXa-ZYg.js line 2 > eval line 6545 > eval line 1 > eval line 1 > eval, line 1: WEBGL_debug_renderer_info is deprecated in Firefox and will be removed. Please use RENDERER.
JavaScript error: https://cdn.cxense.com/sp1.html#ver=2.8.90&typ=pgv&rnd=m6upj6l1syoawubl&sid=9222325317970825873&loc=https%3A%2F%2Fwww.marketwatch.com%2Fstory%2Fis-the-u-s-stock-market-closed-on-juneteenth-what-investors-need-to-know-11655230158&new=1&arf=0&ltm=1738929179644&ref=&tzo=-330&wsz=1280x595&res=1280x720&dpr=1&col=24&bln=en-US&chs=UTF-8&cks=m6upjbllx8xx3o5t&ckp=m6upjabbltjasnps&glb=&amo=1655731440&cp_userState=anon&cp_testGroup=28&cp_topDomain=marketwatch.com&cp_pwTag=default&cp_pwPlacement=cx-articlecover&cp_pwCampaign=226&cp_pwType=free&cp_type=Market%20Extra&cp_template=preview&cp_access=paid&cp_section=Markets&cp_subsection=Markets&cp_cms_name=MarketWatch%20CMS%20(PROD)&cp_vix=&cp_subscriber=nonsubscriber&cp_edition=naus&cp_bucket=6&cp_ab_bucket=6&cp_pageContentSource=MarketWatch&cp_pageContentType=Article&cp_pageContentTypeDetai=standard&cp_pageSiteProduct=MW&cp_userTags=&cp_sessionState=none, line 1: TypeError: cX.loadScript is not a function
JavaScript warning: https://cdn.gbqofs.com/sv/b/detector-bootstrap.min.js, line 0: Successfully compiled asm.js code (total compilation time 3ms)
1738929187174	Marionette	WARN	Ignoring event 'pageshow' because document has an invalid readyState of 'loading'.
JavaScript warning: https://www.marketwatch.com/story/is-the-u-s-stock-market-closed-on-juneteenth-what-investors-need-to-know-11655230158, line 104: Script terminated by timeout at:
nrWrapper@https://www.marketwatch.com/story/is-the-u-s-stock-market-closed-on-juneteenth-what-investors-need-to-know-11655230158:104:17609

JavaScript warning: https://www.googletagmanager.com/gtag/js?id=G-9NT3490RYG&l=dataLayer&cx=c&gtm=45He5240v813520164za200, line 798: Script terminated by timeout at:
h.ai@https://www.googletagmanager.com/gtag/js?id=G-9NT3490RYG&l=dataLayer&cx=c&gtm=45He5240v813520164za200:798:64
get@https://www.googletagmanager.com/gtag/js?id=G-9NT3490RYG&l=dataLayer&cx=c&gtm=45He5240v813520164za200:796:119
stop@https://www.googletagmanager.com/gtag/js?id=G-9NT3490RYG&l=dataLayer&cx=c&gtm=45He5240v813520164za200:796:87
h.Jl/c/<@https://www.googletagmanager.com/gtag/js?id=G-9NT3490RYG&l=dataLayer&cx=c&gtm=45He5240v813520164za200:796:410

JavaScript warning: https://static.cloudflareinsights.com/beacon.min.js/vcd15cbe7772f49c399c6a5babf22c1241717689176015, line 1: Script terminated by timeout at:
o@https://static.cloudflareinsights.com/beacon.min.js/vcd15cbe7772f49c399c6a5babf22c1241717689176015:1:18291
104/e.onLCP/</c<@https://static.cloudflareinsights.com/beacon.min.js/vcd15cbe7772f49c399c6a5babf22c1241717689176015:1:18393
104/T/<@https://static.cloudflareinsights.com/beacon.min.js/vcd15cbe7772f49c399c6a5babf22c1241717689176015:1:11636
t@https://static.cloudflareinsights.com/beacon.min.js/vcd15cbe7772f49c399c6a5babf22c1241717689176015:1:11507

JavaScript warning: https://gum.criteo.com/syncframe?origin=criteoPrebidAdapter&topUrl=www.marketwatch.com&us_privacy=1YNN&gpp=DBABRg~BVoAACA&gpp_sid=9#{%22cw%22:true,%22lsw%22:true,%22origin%22:%22criteoPrebidAdapter%22,%22requestId%22:%220.25646546321686303%22,%22tld%22:%22www.marketwatch.com%22,%22topUrl%22:%22www.marketwatch.com%22,%22version%22:%229_12_0%22}, line 13: Script terminated by timeout at:
r.prototype.flushEventQueue@https://gum.criteo.com/syncframe?origin=criteoPrebidAdapter&topUrl=www.marketwatch.com&us_privacy=1YNN&gpp=DBABRg~BVoAACA&gpp_sid=9#{%22cw%22:true,%22lsw%22:true,%22origin%22:%22criteoPrebidAdapter%22,%22requestId%22:%220.25646546321686303%22,%22tld%22:%22www.marketwatch.com%22,%22topUrl%22:%22www.marketwatch.com%22,%22version%22:%229_12_0%22}:13:3137
r/<@https://gum.criteo.com/syncframe?origin=criteoPrebidAdapter&topUrl=www.marketwatch.com&us_privacy=1YNN&gpp=DBABRg~BVoAACA&gpp_sid=9#{%22cw%22:true,%22lsw%22:true,%22origin%22:%22criteoPrebidAdapter%22,%22requestId%22:%220.25646546321686303%22,%22tld%22:%22www.marketwatch.com%22,%22topUrl%22:%22www.marketwatch.com%22,%22version%22:%229_12_0%22}:13:3642

JavaScript warning: https://ads.pubmatic.com/AdServer/js/user_sync.html?gdpr=0&gdpr_consent=&us_privacy=pbs-ozone&predirect=https%3A%2F%2Felb.the-ozone-project.com%2Fsetuid%3Fbidder%3Dpubmatic%26gdpr%3D0%26gdpr_consent%3D%26us_privacy%3Dpbs-ozone%26uid%3D, line 1: Script terminated by timeout at:
J@https://ads.pubmatic.com/AdServer/js/user_sync.html?gdpr=0&gdpr_consent=&us_privacy=pbs-ozone&predirect=https%3A%2F%2Felb.the-ozone-project.com%2Fsetuid%3Fbidder%3Dpubmatic%26gdpr%3D0%26gdpr_consent%3D%26us_privacy%3Dpbs-ozone%26uid%3D:1:13833
t@https://ads.pubmatic.com/AdServer/js/user_sync.html?gdpr=0&gdpr_consent=&us_privacy=pbs-ozone&predirect=https%3A%2F%2Felb.the-ozone-project.com%2Fsetuid%3Fbidder%3Dpubmatic%26gdpr%3D0%26gdpr_consent%3D%26us_privacy%3Dpbs-ozone%26uid%3D:1:13850
N@https://ads.pubmatic.com/AdServer/js/user_sync.html?gdpr=0&gdpr_consent=&us_privacy=pbs-ozone&predirect=https%3A%2F%2Felb.the-ozone-project.com%2Fsetuid%3Fbidder%3Dpubmatic%26gdpr%3D0%26gdpr_consent%3D%26us_privacy%3Dpbs-ozone%26uid%3D:1:18318
B@https://ads.pubmatic.com/AdServer/js/user_sync.html?gdpr=0&gdpr_consent=&us_privacy=pbs-ozone&predirect=https%3A%2F%2Felb.the-ozone-project.com%2Fsetuid%3Fbidder%3Dpubmatic%26gdpr%3D0%26gdpr_consent%3D%26us_privacy%3Dpbs-ozone%26uid%3D:1:15082

1738929192518	Marionette	INFO	Stopped listening on port 54211
Dynamically enable window occlusion 1
!!! error running onStopped callback: TypeError: callback is not a function
console.error: (new InvalidStateError("JSWindowActorChild.sendAsyncMessage: JSWindowActorChild cannot send at the moment", (void 0), 566))
