1739424299934	geckodriver	INFO	Listening on 127.0.0.1:52178
1739424302967	mozrunner::runner	INFO	Running command: "C:\\Program Files\\Mozilla Firefox\\firefox.exe" "--marionette" "--remote-debugging-port" "52179" "--remote-allow-hosts" "localhost" "-no-remote" "-profile" "D:\\Users\\sasikumarj\\AppData\\Local\\Temp\\rust_mozprofilewQuYzs"
console.warn: services.settings: Ignoring preference override of remote settings server
console.warn: services.settings: Allow by setting MOZ_REMOTE_SETTINGS_DEVTOOLS=1 in the environment
Dynamically enable window occlusion 0
1739424303670	Marionette	INFO	Marionette enabled
1739424303966	Marionette	INFO	Listening on port 52198
WebDriver BiDi listening on ws://127.0.0.1:52179
Read port: 52198
console.error: Policies: 
  Download failed - ERROR_CORRUPT_FILE - file://C:\Program Files\Snow Software\Inventory\Agent\FFCloudmetering.xpi
1739424304401	RemoteAgent	WARN	TLS certificate errors will be ignored for this session
DevTools listening on ws://127.0.0.1:52179/devtools/browser/d4b50996-9467-4238-beea-3af5d2acb133
[GFX1-]: CompositorBridgeChild receives IPC close with reason=A[GFX1-]: CompositorBridgeC[G[[GFX1-]: CombnormalShutdown
FX1-]: CompositorBridgeChild receives IPC close with reason=AbnormalShutdown
GFX1-]: CompositorBridgeChild receives IPC close with reason=AbnormalShutdown
hild receives IPC close with reason=AbnormalShutdown
positorBridgeChild receives IPC close with reason=AbnormalShutdown
Exiting due to channel error.
Exiting due to channel error.
Exiting due to channel error.
Exiting due to channel error.
