1735019218951	geckodriver	INFO	Listening on 127.0.0.1:61852
1735019221998	mozrunner::runner	INFO	Running command: "C:\\Program Files\\Mozilla Firefox\\firefox.exe" "--marionette" "--remote-debugging-port" "61853" "--remote-allow-hosts" "localhost" "-no-remote" "-profile" "D:\\Users\\sasikumarj\\AppData\\Local\\Temp\\rust_mozprofileIlc8pq"
console.warn: services.settings: Ignoring preference override of remote settings server
console.warn: services.settings: Allow by setting MOZ_REMOTE_SETTINGS_DEVTOOLS=1 in the environment
Dynamically enable window occlusion 0
1735019222723	Marionette	INFO	Marionette enabled
1735019223011	Marionette	INFO	Listening on port 61867
Read port: 61867
WebDriver BiDi listening on ws://127.0.0.1:61853
1735019223174	RemoteAgent	WARN	TLS certificate errors will be ignored for this session
DevTools listening on ws://127.0.0.1:61853/devtools/browser/cd28ea66-ec97-42bf-8aa3-3e85ca2bbb52
JavaScript error: https://cdn.cxense.com/sp1.html#ver=2.8.87&typ=pgv&rnd=m521njnr93izpbiq&sid=1138573015853471556&loc=https%3A%2F%2Fwww.dev.marketwatch.com%2F&new=1&arf=0&ltm=1735019232346&ref=&tzo=-330&wsz=1280x595&res=1280x720&dpr=1&col=24&bln=en-US&chs=UTF-8&cks=m521njpiby0mghjc&ckp=m521njnrikv6id9t&glb=&cp_userState=anon&cp_testGroup=1&cp_env=staging&cp_topDomain=marketwatch.com&cp_template=full&cp_access=free&cp_section=Home%20Page&cp_cms_name=Peavey&cp_subscriber=nonsubscriber&cp_edition=naus&cp_bucket=2&cp_ab_bucket=72&cp_pageContentSource=MarketWatch&cp_pageContentType=Home&cp_pageContentTypeDetai=default&cp_pageSiteProduct=MW&cp_userTags=&cp_sessionState=none, line 1: TypeError: cX.loadScript is not a function
JavaScript warning: https://cdn.gbqofs.com/sv/b/detector-bootstrap.min.js, line 0: Successfully compiled asm.js code (total compilation time 2ms)
JavaScript warning: https://pagead2.googlesyndication.com/bg/SdRCl8Z6_WVRBAVhWMC4YMFLTE-rpjUOyBziMPp71UQ.js line 2 > eval line 7672 > eval line 1 > eval line 1 > eval, line 1: WEBGL_debug_renderer_info is deprecated in Firefox and will be removed. Please use RENDERER.
JavaScript warning: https://pagead2.googlesyndication.com/bg/SdRCl8Z6_WVRBAVhWMC4YMFLTE-rpjUOyBziMPp71UQ.js line 2 > eval line 4463 > eval line 1 > eval line 1 > eval, line 1: WEBGL_debug_renderer_info is deprecated in Firefox and will be removed. Please use RENDERER.
JavaScript warning: https://gum.criteo.com/syncframe?origin=criteoPrebidAdapter&topUrl=www.dev.marketwatch.com&us_privacy=1YNN&gpp=DBABRg~BVoAACA&gpp_sid=9#{%22cw%22:true,%22lsw%22:true,%22origin%22:%22criteoPrebidAdapter%22,%22requestId%22:%220.5193659467966805%22,%22tld%22:%22www.dev.marketwatch.com%22,%22topUrl%22:%22www.dev.marketwatch.com%22,%22version%22:%229_12_0%22}, line 13: Script terminated by timeout at:
r.prototype.flushEventQueue@https://gum.criteo.com/syncframe?origin=criteoPrebidAdapter&topUrl=www.dev.marketwatch.com&us_privacy=1YNN&gpp=DBABRg~BVoAACA&gpp_sid=9#{%22cw%22:true,%22lsw%22:true,%22origin%22:%22criteoPrebidAdapter%22,%22requestId%22:%220.5193659467966805%22,%22tld%22:%22www.dev.marketwatch.com%22,%22topUrl%22:%22www.dev.marketwatch.com%22,%22version%22:%229_12_0%22}:13:3137
r/<@https://gum.criteo.com/syncframe?origin=criteoPrebidAdapter&topUrl=www.dev.marketwatch.com&us_privacy=1YNN&gpp=DBABRg~BVoAACA&gpp_sid=9#{%22cw%22:true,%22lsw%22:true,%22origin%22:%22criteoPrebidAdapter%22,%22requestId%22:%220.5193659467966805%22,%22tld%22:%22www.dev.marketwatch.com%22,%22topUrl%22:%22www.dev.marketwatch.com%22,%22version%22:%229_12_0%22}:13:3642

JavaScript warning: https://cdn.gbqofs.com/sv/b/detector-bootstrap.min.js, line 0: Successfully compiled asm.js code (total compilation time 2ms)
JavaScript warning: https://pagead2.googlesyndication.com/bg/SdRCl8Z6_WVRBAVhWMC4YMFLTE-rpjUOyBziMPp71UQ.js line 2 > eval line 5158 > eval line 1 > eval line 1 > eval, line 1: WEBGL_debug_renderer_info is deprecated in Firefox and will be removed. Please use RENDERER.
JavaScript warning: https://pagead2.googlesyndication.com/bg/SdRCl8Z6_WVRBAVhWMC4YMFLTE-rpjUOyBziMPp71UQ.js line 2 > eval line 4527 > eval line 1 > eval line 1 > eval, line 1: WEBGL_debug_renderer_info is deprecated in Firefox and will be removed. Please use RENDERER.
JavaScript warning: https://pagead2.googlesyndication.com/bg/SdRCl8Z6_WVRBAVhWMC4YMFLTE-rpjUOyBziMPp71UQ.js line 2 > eval line 2035 > eval line 1 > eval line 1 > eval, line 1: WEBGL_debug_renderer_info is deprecated in Firefox and will be removed. Please use RENDERER.
JavaScript warning: https://pagead2.googlesyndication.com/bg/SdRCl8Z6_WVRBAVhWMC4YMFLTE-rpjUOyBziMPp71UQ.js line 2 > eval line 1657 > eval line 1 > eval line 1 > eval, line 1: WEBGL_debug_renderer_info is deprecated in Firefox and will be removed. Please use RENDERER.
JavaScript warning: https://pagead2.googlesyndication.com/bg/SdRCl8Z6_WVRBAVhWMC4YMFLTE-rpjUOyBziMPp71UQ.js line 2 > eval line 4600 > eval line 1 > eval line 1 > eval, line 1: WEBGL_debug_renderer_info is deprecated in Firefox and will be removed. Please use RENDERER.
JavaScript warning: https://pagead2.googlesyndication.com/bg/SdRCl8Z6_WVRBAVhWMC4YMFLTE-rpjUOyBziMPp71UQ.js line 2 > eval line 7722 > eval line 1 > eval line 1 > eval, line 1: WEBGL_debug_renderer_info is deprecated in Firefox and will be removed. Please use RENDERER.
JavaScript warning: https://pagead2.googlesyndication.com/bg/SdRCl8Z6_WVRBAVhWMC4YMFLTE-rpjUOyBziMPp71UQ.js line 2 > eval line 7535 > eval line 1 > eval line 1 > eval, line 1: WEBGL_debug_renderer_info is deprecated in Firefox and will be removed. Please use RENDERER.
JavaScript warning: https://pagead2.googlesyndication.com/bg/SdRCl8Z6_WVRBAVhWMC4YMFLTE-rpjUOyBziMPp71UQ.js line 2 > eval line 4295 > eval line 1 > eval line 1 > eval, line 1: WEBGL_debug_renderer_info is deprecated in Firefox and will be removed. Please use RENDERER.
JavaScript warning: https://cdn.cxense.com/cx.js, line 6: Script terminated by timeout at:
ua/<@https://cdn.cxense.com/cx.js:6:70930

1735025895249	Marionette	INFO	Stopped listening on port 61867
Dynamically enable window occlusion 1
!!! error running onStopped callback: TypeError: callback is not a function
