1729838231067	geckodriver	INFO	Listening on 127.0.0.1:63585
1729838234101	mozrunner::runner	INFO	Running command: "C:\\Program Files\\Mozilla Firefox\\firefox.exe" "--marionette" "--remote-debugging-port" "63586" "--remote-allow-hosts" "localhost" "-no-remote" "-profile" "D:\\Users\\sasikumarj\\AppData\\Local\\Temp\\rust_mozprofileIzR8MZ"
console.warn: services.settings: Ignoring preference override of remote settings server
console.warn: services.settings: Allow by setting MOZ_REMOTE_SETTINGS_DEVTOOLS=1 in the environment
Dynamically enable window occlusion 0
1729838234843	Marionette	INFO	Marionette enabled
1729838235094	Marionette	INFO	Listening on port 63593
WebDriver BiDi listening on ws://127.0.0.1:63586
Read port: 63593
1729838235355	RemoteAgent	WARN	TLS certificate errors will be ignored for this session
DevTools listening on ws://127.0.0.1:63586/devtools/browser/2bab6998-a2a6-4fbc-816e-3436acac4a27
JavaScript warning: https://int-replay-wsj-elections.ore.onservo.com/election/_next/static/chunks/main-c0569e4635de2e62.js, line 1: unreachable code after return statement
JavaScript warning: https://int-replay-wsj-elections.ore.onservo.com/election/_next/static/chunks/main-c0569e4635de2e62.js, line 1: unreachable code after return statement
JavaScript error: https://cdn.cxense.com/sp1.html#ver=2.8.82&typ=pgv&rnd=m2od0ywq6nyxx7bh&sid=1134002947328204066&loc=https%3A%2F%2Fwww.dev.wsj.com%2F&new=1&arf=0&ltm=1729838243265&ref=&tzo=-330&wsz=1278x497&res=1278x622&dpr=1&col=24&bln=en-US&chs=UTF-8&cks=m2od0z8tfz5hqnj3&ckp=m2od0ywre5f0tvky&glb=&cp_userState=anon&cp_testGroup=52&cp_env=staging&cp_topDomain=wsj.com&cp_template=full&cp_access=free&cp_section=US%20Home%20Page&cp_subsection=&cp_cms_name=CAPS&cp_subscriber=nonsubscriber&cp_edition=naus&cp_bucket=1&cp_ab_bucket=31&cp_pageContentSource=WSJ%20Online&cp_pageContentType=Home&cp_pageContentTypeDetai=desktopweb&cp_pageSiteProduct=WSJ&cp_userTags=&cp_sessionState=none, line 1: TypeError: cX.loadScript is not a function
1729838244482	Marionette	WARN	Ignoring event 'DOMContentLoaded' because document has an invalid readyState of 'complete'.
JavaScript error: , line 0: uncaught exception: undefined
JavaScript warning: https://int-replay-wsj-elections.ore.onservo.com/election/_next/static/chunks/main-c0569e4635de2e62.js, line 1: Script terminated by timeout at:
8018/g/<@https://int-replay-wsj-elections.ore.onservo.com/election/_next/static/chunks/main-c0569e4635de2e62.js:1:111956
r@https://int-replay-wsj-elections.ore.onservo.com/election/_next/static/chunks/main-c0569e4635de2e62.js:1:111426

JavaScript error: https://news.google.com/swg/js/v1/swg.js, line 17: Error: XHR Failed fetching (https://news.google.com/...): (Note: a CORS error above may indicate that this publisher or domain is not configured in Publisher Center. The CORS error happens because 4xx responses do not set CORS headers.)

TypeError: NetworkError when attempting to fetch resource.
JavaScript error: , line 0: uncaught exception: Object
JavaScript error: https://news.google.com/swg/js/v1/swg.js, line 17: Error: Error: not allowed
JavaScript warning: https://www.googletagmanager.com/gtag/js?id=G-GJ5S1GJYKT, line 703: Script terminated by timeout at:
DH@https://www.googletagmanager.com/gtag/js?id=G-GJ5S1GJYKT:703:446
PH@https://www.googletagmanager.com/gtag/js?id=G-GJ5S1GJYKT:719:363
aa.Tm@https://www.googletagmanager.com/gtag/js?id=G-GJ5S1GJYKT:709:125
aa.Sm/</<@https://www.googletagmanager.com/gtag/js?id=G-GJ5S1GJYKT:707:489
dl@https://www.googletagmanager.com/gtag/js?id=G-GJ5S1GJYKT:376:151
Dl@https://www.googletagmanager.com/gtag/js?id=G-GJ5S1GJYKT:381:432
aa.Sm/<@https://www.googletagmanager.com/gtag/js?id=G-GJ5S1GJYKT:707:475
c@https://www.googletagmanager.com/gtag/js?id=G-GJ5S1GJYKT:518:411
wu@https://www.googletagmanager.com/gtag/js?id=G-GJ5S1GJYKT:519:237
aa.Sm@https://www.googletagmanager.com/gtag/js?id=G-GJ5S1GJYKT:707:461
c@https://www.googletagmanager.com/gtag/js?id=G-GJ5S1GJYKT:721:970
en@https://www.googletagmanager.com/gtag/js?id=G-GJ5S1GJYKT:397:1
dn.prototype.flush@https://www.googletagmanager.com/gtag/js?id=G-GJ5S1GJYKT:399:336
dn.prototype.push@https://www.googletagmanager.com/gtag/js?id=G-GJ5S1GJYKT:397:403
Xm@https://www.googletagmanager.com/gtag/js?id=G-GJ5S1GJYKT:394:785
tI/<@https://www.googletagmanager.com/gtag/js?id=G-GJ5S1GJYKT:722:187
aa.bl/<@https://www.googletagmanager.com/gtag/js?id=G-GJ5S1GJYKT:664:126
aa.bl/c/<@https://www.googletagmanager.com/gtag/js?id=G-GJ5S1GJYKT:663:420

1729840312910	Marionette	INFO	Stopped listening on port 63593
Dynamically enable window occlusion 1
!!! error running onStopped callback: TypeError: callback is not a function
