1739434770396	geckodriver	INFO	Listening on 127.0.0.1:57943
1739434773450	mozrunner::runner	INFO	Running command: "C:\\Program Files\\Mozilla Firefox\\firefox.exe" "--marionette" "--remote-debugging-port" "57944" "--remote-allow-hosts" "localhost" "-no-remote" "-profile" "D:\\Users\\sasikumarj\\AppData\\Local\\Temp\\rust_mozprofileWhzLn4"
console.warn: services.settings: Ignoring preference override of remote settings server
console.warn: services.settings: Allow by setting MOZ_REMOTE_SETTINGS_DEVTOOLS=1 in the environment
Dynamically enable window occlusion 0
1739434774090	Marionette	INFO	Marionette enabled
1739434774334	Marionette	INFO	Listening on port 57958
WebDriver BiDi listening on ws://127.0.0.1:57944
Read port: 57958
console.error: Policies: 
  Download failed - ERROR_CORRUPT_FILE - file://C:\Program Files\Snow Software\Inventory\Agent\FFCloudmetering.xpi
1739434774639	RemoteAgent	WARN	TLS certificate errors will be ignored for this session
DevTools listening on ws://127.0.0.1:57944/devtools/browser/9bba889a-414a-4681-888f-b2c6f4b1528e
JavaScript error: https://cdn.cxense.com/sp1.html#ver=2.8.90&typ=pgv&rnd=m732k39c8c8ng1yl&sid=1134007940894473081&loc=https%3A%2F%2Fwww.mansionglobal.com%2F&new=1&arf=0&ltm=1739434781572&ref=&tzo=-330&wsz=1280x595&res=1280x720&dpr=1&col=24&bln=en-US&chs=UTF-8&cks=m732k3hc7j99ih33&ckp=m732k39ckgwkbvh8&glb=&cp_userState=anon&cp_testGroup=79&cp_topDomain=mansionglobal.com&cp_template=full&cp_access=free&cp_section=Home&cp_subsection=&cp_cms_name=CMS%20Wordpress&cp_subscriber=nonsubscriber&cp_edition=na%252Cus&cp_bucket=4&cp_ab_bucket=74&cp_pageContentSource=Mansion%20Global&cp_pageContentType=Home&cp_pageContentTypeDetai=default&cp_pageSiteProduct=MG&cp_userTags=&cp_sessionState=none, line 1: TypeError: cX.loadScript is not a function
JavaScript warning: https://pagead2.googlesyndication.com/bg/7X-uH5y0gJvnB4v7ISI4IqoVijK-ve8_b-uQfZfzdL4.js line 2 > eval line 7526 > eval line 1 > eval line 1 > eval, line 1: WEBGL_debug_renderer_info is deprecated in Firefox and will be removed. Please use RENDERER.
JavaScript warning: https://pagead2.googlesyndication.com/bg/7X-uH5y0gJvnB4v7ISI4IqoVijK-ve8_b-uQfZfzdL4.js line 2 > eval line 919 > eval line 1 > eval line 1 > eval, line 1: WEBGL_debug_renderer_info is deprecated in Firefox and will be removed. Please use RENDERER.
JavaScript warning: https://cdn.parsely.com/keys/mansionglobal.com/p.js, line 7: Script terminated by timeout at:
n._getCacheFromString@https://cdn.parsely.com/keys/mansionglobal.com/p.js:7:29573
n._renewCache@https://cdn.parsely.com/keys/mansionglobal.com/p.js:7:30030
n.get@https://cdn.parsely.com/keys/mansionglobal.com/p.js:7:27898
getVisitorInfo@https://cdn.parsely.com/keys/mansionglobal.com/p.js:7:33929
getSession@https://cdn.parsely.com/keys/mansionglobal.com/p.js:7:35584
beacon@https://cdn.parsely.com/keys/mansionglobal.com/p.js:7:64086
e.engagedTime.sendHeartbeat@https://cdn.parsely.com/keys/mansionglobal.com/p.js:7:43415
i.sendHeartbeat@https://cdn.parsely.com/keys/mansionglobal.com/p.js:7:41440
i._sendHeartbeats@https://cdn.parsely.com/keys/mansionglobal.com/p.js:7:41594
i._setUnloadListeners/<@https://cdn.parsely.com/keys/mansionglobal.com/p.js:7:41747
value/<@https://cdn.parsely.com/keys/mansionglobal.com/p.js:7:22304
value@https://cdn.parsely.com/keys/mansionglobal.com/p.js:7:22277
value@https://cdn.parsely.com/keys/mansionglobal.com/p.js:7:24351
value@https://cdn.parsely.com/keys/mansionglobal.com/p.js:7:24771
nrWrapper@https://www.mansionglobal.com/articles/are-there-tax-breaks-on-agricultural-land-in-pennsylvania-01648119848:114:17759

JavaScript warning: https://pagead2.googlesyndication.com/pagead/managed/js/activeview/current/ufs_web_display.js, line 13: Script terminated by timeout at:
C@https://pagead2.googlesyndication.com/pagead/managed/js/activeview/current/ufs_web_display.js:13:325
h@https://pagead2.googlesyndication.com/pagead/managed/js/activeview/current/ufs_web_display.js:93:449

JavaScript warning: https://imasdk.googleapis.com/js/core/bridge3.685.0_en.html#fid=goog_246633093, line 11: Script terminated by timeout at:
v@https://imasdk.googleapis.com/js/core/bridge3.685.0_en.html#fid=goog_246633093:11:367
jD/this.T@https://imasdk.googleapis.com/js/core/bridge3.685.0_en.html#fid=goog_246633093:454:37

JavaScript warning: https://www.youtube-nocookie.com/s/player/074a8365/www-embed-player.vflset/www-embed-player.js, line 957: Script terminated by timeout at:
R@https://www.youtube-nocookie.com/s/player/074a8365/www-embed-player.vflset/www-embed-player.js:957:226
@https://www.youtube-nocookie.com/s/player/074a8365/www-embed-player.vflset/www-embed-player.js:2006:52
hm/<@https://www.youtube-nocookie.com/s/player/074a8365/www-embed-player.vflset/www-embed-player.js:936:63

console.warn: LoginRecipes: "Falling back to a synchronous message for: https://sso.accounts.dowjones.com."
console.warn: LoginRecipes: "Falling back to a synchronous message for: https://sso.accounts.dowjones.com."
JavaScript warning: https://sso.accounts.dowjones.com/datadome/tags.js, line 2: Script terminated by timeout at:
@https://sso.accounts.dowjones.com/datadome/tags.js:2:161129

JavaScript error: https://www.mansionglobal.com/follow?alert=news_alert&id=NewsAlertEmailTechnology, line 261: TypeError: window.__ace is not a function
JavaScript error: https://aswpsdkus.com/notify/v1/ua-sdk.min.js, line 1: Error: Notification permission is denied.
console.warn: WindowsJumpLists: "Failed to fetch favicon for " "https://www.mansionglobal.com/follow" ({})
1739434937018	Marionette	INFO	Stopped listening on port 57958
Dynamically enable window occlusion 1
