1739463651129	geckodriver	INFO	Listening on 127.0.0.1:58239
1739463654125	mozrunner::runner	INFO	Running command: "C:\\Program Files\\Mozilla Firefox\\firefox.exe" "--marionette" "--remote-debugging-port" "58240" "--remote-allow-hosts" "localhost" "-no-remote" "-profile" "D:\\Users\\sasikumarj\\AppData\\Local\\Temp\\rust_mozprofileQoS9C2"
console.warn: services.settings: Ignoring preference override of remote settings server
console.warn: services.settings: Allow by setting MOZ_REMOTE_SETTINGS_DEVTOOLS=1 in the environment
Dynamically enable window occlusion 0
1739463655772	Marionette	INFO	Marionette enabled
1739463656279	Marionette	INFO	Listening on port 58282
Read port: 58282
WebDriver BiDi listening on ws://127.0.0.1:58240
1739463656432	RemoteAgent	WARN	TLS certificate errors will be ignored for this session
console.error: Policies: 
  Download failed - ERROR_CORRUPT_FILE - file://C:\Program Files\Snow Software\Inventory\Agent\FFCloudmetering.xpi
DevTools listening on ws://127.0.0.1:58240/devtools/browser/7ec9cdd8-f107-412f-abc2-a43a144d6e28
console.warn: LoginRecipes: "Falling back to a synchronous message for: https://sso.accounts.dowjones.com."
console.warn: LoginRecipes: "Falling back to a synchronous message for: https://sso.accounts.dowjones.com."
JavaScript warning: https://www.googletagmanager.com/gtag/js?id=G-K2H7B9JRSS, line 790: Script terminated by timeout at:
UJ@https://www.googletagmanager.com/gtag/js?id=G-K2H7B9JRSS:790:386
fK@https://www.googletagmanager.com/gtag/js?id=G-K2H7B9JRSS:808:154
h.sn@https://www.googletagmanager.com/gtag/js?id=G-K2H7B9JRSS:796:214
h.rn/</<@https://www.googletagmanager.com/gtag/js?id=G-K2H7B9JRSS:794:531
Dl@https://www.googletagmanager.com/gtag/js?id=G-K2H7B9JRSS:389:151
Cm@https://www.googletagmanager.com/gtag/js?id=G-K2H7B9JRSS:397:434
h.rn/<@https://www.googletagmanager.com/gtag/js?id=G-K2H7B9JRSS:794:517
c@https://www.googletagmanager.com/gtag/js?id=G-K2H7B9JRSS:567:22
rw@https://www.googletagmanager.com/gtag/js?id=G-K2H7B9JRSS:567:349
h.rn@https://www.googletagmanager.com/gtag/js?id=G-K2H7B9JRSS:794:503
c@https://www.googletagmanager.com/gtag/js?id=G-K2H7B9JRSS:810:980
w@https://www.googletagmanager.com/gtag/js?id=G-K2H7B9JRSS:413:370
vo@https://www.googletagmanager.com/gtag/js?id=G-K2H7B9JRSS:413:470
uo.prototype.flush@https://www.googletagmanager.com/gtag/js?id=G-K2H7B9JRSS:416:382
uo.prototype.push@https://www.googletagmanager.com/gtag/js?id=G-K2H7B9JRSS:414:337
no@https://www.googletagmanager.com/gtag/js?id=G-K2H7B9JRSS:410:1318
NK/<@https://www.googletagmanager.com/gtag/js?id=G-K2H7B9JRSS:811:187
h.Il/<@https://www.googletagmanager.com/gtag/js?id=G-K2H7B9JRSS:749:126
h.Il/c/<@https://www.googletagmanager.com/gtag/js?id=G-K2H7B9JRSS:748:418

JavaScript warning: https://cdn.gbqofs.com/sv/b/detector-bootstrap.min.js, line 0: Successfully compiled asm.js code (total compilation time 2ms)
JavaScript error: https://cdn.cxense.com/sp1.html#ver=2.8.90&typ=pgv&rnd=m73jrg4h6bqijeq9&sid=9222325317970825875&loc=https%3A%2F%2Fwww.barrons.com%2Ffollow&new=1&arf=0&ltm=1739463678308&ref=&tzo=-330&wsz=1280x595&res=1280x720&dpr=1&col=24&bln=en-US&chs=UTF-8&cks=m73jrg5mk0819ft5&ckp=m73jrg4ho0rljwt4&glb=&eid0=5616740b5300a7250d12bc50017020dee93adf3b70eb11dbe71d4504b2bf9962&eit0=wsj&cp_userState=anon&cp_testGroup=22&cp_topDomain=barrons.com&cp_template=full&cp_access=free&cp_section=Follow&cp_subsection=&cp_cms_name=&cp_subscriber=subscriber&cp_edition=naus&cp_bucket=7&cp_ab_bucket=7&cp_pageContentSource=Barrons%20Online&cp_pageContentType=Summaries&cp_pageContentTypeDetai=default&cp_pageSiteProduct=BOL&cp_userTags=BARRONS-SUB&cp_sessionState=ca&cp_u_knownSubscriber=1, line 1: TypeError: cX.loadScript is not a function
1739463684219	Marionette	INFO	Stopped listening on port 58282
Dynamically enable window occlusion 1
