1739033862769	geckodriver	INFO	Listening on 127.0.0.1:51886
1739033865816	mozrunner::runner	INFO	Running command: "C:\\Program Files\\Mozilla Firefox\\firefox.exe" "--marionette" "--remote-debugging-port" "51887" "--remote-allow-hosts" "localhost" "-no-remote" "-profile" "D:\\Users\\sasikumarj\\AppData\\Local\\Temp\\rust_mozprofilevvj72e"
console.warn: services.settings: Ignoring preference override of remote settings server
console.warn: services.settings: Allow by setting MOZ_REMOTE_SETTINGS_DEVTOOLS=1 in the environment
Dynamically enable window occlusion 0
1739033866515	Marionette	INFO	Marionette enabled
1739033866775	Marionette	INFO	Listening on port 51915
WebDriver BiDi listening on ws://127.0.0.1:51887
Read port: 51915
console.error: Policies: 
  Download failed - ERROR_CORRUPT_FILE - file://C:\Program Files\Snow Software\Inventory\Agent\FFCloudmetering.xpi
1739033867040	RemoteAgent	WARN	TLS certificate errors will be ignored for this session
DevTools listening on ws://127.0.0.1:51887/devtools/browser/7bde5ae8-304f-49d6-a46f-5ddbc3123558
console.error: ({})
console.error: ({})
JavaScript error: https://www.barrons.com/asset/dj-watchlist/v1.14.3/p-0633e57d.entry.js, line 11: TypeError: Error.captureStackTrace is not a function
JavaScript warning: https://cdn.gbqofs.com/sv/b/detector-bootstrap.min.js, line 0: Successfully compiled asm.js code (total compilation time 3ms)
JavaScript warning: https://pagead2.googlesyndication.com/bg/vbSiC3rXZjPvfLONVMSWfstygVHLPM3jd4I4vl9RjYk.js line 2 > eval line 4462 > eval line 1 > eval line 1 > eval, line 1: WEBGL_debug_renderer_info is deprecated in Firefox and will be removed. Please use RENDERER.
JavaScript error: https://www.s.dev.barrons.com/articles/buy-under-armour-stock-pick-51650672000, line 162: ReferenceError: djSharedFunctions is not defined
JavaScript warning: https://cdn.gbqofs.com/sv/b/detector-bootstrap.min.js, line 0: Successfully compiled asm.js code (total compilation time 2ms)
console.error: ({})
console.error: ({})
JavaScript error: https://cdn.cxense.com/sp1.html#ver=2.8.90&typ=pgv&rnd=m6wfvdzfwsrkgghn&sid=9222325317970825875&loc=https%3A%2F%2Fwww.s.dev.barrons.com%2Farticles%2Fbuy-under-armour-stock-pick-51650672000&new=1&arf=0&ltm=1739033880463&ref=&tzo=-330&wsz=1280x595&res=1280x720&dpr=1&col=24&bln=en-US&chs=UTF-8&cks=m6wfvf3y8yszbiwr&ckp=m6wfvdzf9dm1z1u2&glb=&amo=1720048200&cp_userState=anon, line 1: TypeError: cX.loadScript is not a function
JavaScript warning: https://pagead2.googlesyndication.com/bg/vbSiC3rXZjPvfLONVMSWfstygVHLPM3jd4I4vl9RjYk.js line 2 > eval line 423 > eval line 1 > eval line 1 > eval, line 1: WEBGL_debug_renderer_info is deprecated in Firefox and will be removed. Please use RENDERER.
JavaScript warning: https://pagead2.googlesyndication.com/bg/vbSiC3rXZjPvfLONVMSWfstygVHLPM3jd4I4vl9RjYk.js line 2 > eval line 1485 > eval line 1 > eval line 1 > eval, line 1: WEBGL_debug_renderer_info is deprecated in Firefox and will be removed. Please use RENDERER.
console.warn: WindowsJumpLists: "Failed to fetch favicon for " "https://www.barrons.com/" ({})
JavaScript warning: https://pagead2.googlesyndication.com/pagead/managed/js/activeview/current/ufs_web_display.js, line 90: Script terminated by timeout at:
M/this.Ed@https://pagead2.googlesyndication.com/pagead/managed/js/activeview/current/ufs_web_display.js:90:879
n.next@https://pagead2.googlesyndication.com/pagead/managed/js/activeview/current/ufs_web_display.js:80:523
pg/</</</<@https://pagead2.googlesyndication.com/pagead/managed/js/activeview/current/ufs_web_display.js:121:515
Sa.prototype.Tb/<@https://pagead2.googlesyndication.com/pagead/managed/js/activeview/current/ufs_web_display.js:48:315
pg/</</<@https://pagead2.googlesyndication.com/pagead/managed/js/activeview/current/ufs_web_display.js:121:524
tc.prototype.next@https://pagead2.googlesyndication.com/pagead/managed/js/activeview/current/ufs_web_display.js:81:218
n.Ed@https://pagead2.googlesyndication.com/pagead/managed/js/activeview/current/ufs_web_display.js:80:756
n.next@https://pagead2.googlesyndication.com/pagead/managed/js/activeview/current/ufs_web_display.js:80:523
zd/k/<@https://pagead2.googlesyndication.com/pagead/managed/js/activeview/current/ufs_web_display.js:92:510
M/this.Ed@https://pagead2.googlesyndication.com/pagead/managed/js/activeview/current/ufs_web_display.js:90:888
n.next@https://pagead2.googlesyndication.com/pagead/managed/js/activeview/current/ufs_web_display.js:80:523
h@https://pagead2.googlesyndication.com/pagead/managed/js/activeview/current/ufs_web_display.js:93:477

1739034019208	Marionette	INFO	Stopped listening on port 51915
Dynamically enable window occlusion 1
JavaScript error: , line 0: TypeError: NetworkError when attempting to fetch resource.
