1734513180718	geckodriver	INFO	Listening on 127.0.0.1:63544
1734513183761	mozrunner::runner	INFO	Running command: "C:\\Program Files\\Mozilla Firefox\\firefox.exe" "--marionette" "--remote-debugging-port" "63545" "--remote-allow-hosts" "localhost" "-no-remote" "-profile" "D:\\Users\\sasikumarj\\AppData\\Local\\Temp\\rust_mozprofileFQMmtD"
console.warn: services.settings: Ignoring preference override of remote settings server
console.warn: services.settings: Allow by setting MOZ_REMOTE_SETTINGS_DEVTOOLS=1 in the environment
Dynamically enable window occlusion 0
1734513184553	Marionette	INFO	Marionette enabled
1734513184866	Marionette	INFO	Listening on port 63559
WebDriver BiDi listening on ws://127.0.0.1:63545
Read port: 63559
1734513185023	RemoteAgent	WARN	TLS certificate errors will be ignored for this session
DevTools listening on ws://127.0.0.1:63545/devtools/browser/2fc9aee2-4650-4c21-bc4b-1eb2653a20a4
JavaScript error: https://cdn.cxense.com/sp1.html#ver=2.8.86&typ=pgv&rnd=m4todepkpplo5nym&sid=1138573015853471556&loc=https%3A%2F%2Fwww.dev.marketwatch.com%2F&new=1&arf=0&ltm=1734513194964&ref=&tzo=-330&wsz=1278x497&res=1278x622&dpr=1&col=24&bln=en-US&chs=UTF-8&cks=m4todet38r2xpwk9&ckp=m4todepkq57z7d6e&glb=&cp_userState=anon&cp_testGroup=59&cp_env=staging&cp_topDomain=marketwatch.com&cp_template=full&cp_access=free&cp_section=Home%20Page&cp_cms_name=Peavey&cp_subscriber=nonsubscriber&cp_edition=naus&cp_bucket=3&cp_ab_bucket=23&cp_pageContentSource=MarketWatch&cp_pageContentType=Home&cp_pageContentTypeDetai=default&cp_pageSiteProduct=MW&cp_userTags=&cp_sessionState=none, line 1: TypeError: cX.loadScript is not a function
JavaScript warning: https://cdn.gbqofs.com/sv/b/detector-bootstrap.min.js, line 0: Successfully compiled asm.js code (total compilation time 15ms)
JavaScript warning: https://pagead2.googlesyndication.com/bg/SdRCl8Z6_WVRBAVhWMC4YMFLTE-rpjUOyBziMPp71UQ.js line 2 > eval line 1209 > eval line 1 > eval line 1 > eval, line 1: WEBGL_debug_renderer_info is deprecated in Firefox and will be removed. Please use RENDERER.
JavaScript warning: https://pagead2.googlesyndication.com/bg/SdRCl8Z6_WVRBAVhWMC4YMFLTE-rpjUOyBziMPp71UQ.js line 2 > eval line 4828 > eval line 1 > eval line 1 > eval, line 1: WEBGL_debug_renderer_info is deprecated in Firefox and will be removed. Please use RENDERER.
JavaScript error: , line 0: TypeError: NetworkError when attempting to fetch resource.
JavaScript error: , line 0: TypeError: NetworkError when attempting to fetch resource.
JavaScript error: https://www.dianomi.com/smartads.epl?id=9828&numAds=4&cf=220.1299.MWhome&url=https%3A%2F%2Fwww.dev.marketwatch.com%2F&unitId=dianomi-9828-Z2KSK59JZxT93ad4YAgDPQAAAAw0&responsiveHeight=1&contextfeedFrameId=1299-330&gdpr_consent=null&gdpr=null&canServeAds=true&canCookie=true&partner_tcf_status=2.0&partnerTcfStatus=2.0, line 132: NS_ERROR_UNEXPECTED: 
JavaScript warning: https://cdn.gbqofs.com/sv/b/detector-bootstrap.min.js, line 0: Successfully compiled asm.js code (total compilation time 2ms)
JavaScript warning: https://pagead2.googlesyndication.com/bg/SdRCl8Z6_WVRBAVhWMC4YMFLTE-rpjUOyBziMPp71UQ.js line 2 > eval line 7255 > eval line 1 > eval line 1 > eval, line 1: WEBGL_debug_renderer_info is deprecated in Firefox and will be removed. Please use RENDERER.
1734513210623	Marionette	WARN	Ignoring event 'pageshow' because document has an invalid readyState of 'uninitialized'.
1734513210694	Marionette	WARN	Ignoring event 'pageshow' because document has an invalid readyState of 'uninitialized'.
1734513211491	Marionette	WARN	Ignoring event 'pageshow' because document has an invalid readyState of 'uninitialized'.
JavaScript error: https://video-api.wsj.com/api-video/audio/js/audioplayer.min.js, line 22: ChunkLoadError: Loading chunk 806 failed.
(error: https://video-api.wsj.com/api-video/audio/js/chunks/806.7208548556f707dca6d5.min.js)
JavaScript error: , line 0: uncaught exception: undefined
JavaScript warning: https://interactives.ap.org/election-results/assets/microsite/layoutClient.js, line 2: Script terminated by timeout at:
8162/Ye/_/y<@https://interactives.ap.org/election-results/assets/microsite/layoutClient.js:2:230963
8162/Ye/_/<@https://interactives.ap.org/election-results/assets/microsite/layoutClient.js:2:231231
_@https://interactives.ap.org/election-results/assets/microsite/layoutClient.js:2:231625
yi@https://interactives.ap.org/election-results/assets/microsite/layoutClient.js:2:122427
Su@https://interactives.ap.org/election-results/assets/microsite/layoutClient.js:2:134921
kl@https://interactives.ap.org/election-results/assets/microsite/layoutClient.js:2:183443
bs@https://interactives.ap.org/election-results/assets/microsite/layoutClient.js:2:170646
gs@https://interactives.ap.org/election-results/assets/microsite/layoutClient.js:2:170574
ys@https://interactives.ap.org/election-results/assets/microsite/layoutClient.js:2:170435
ls@https://interactives.ap.org/election-results/assets/microsite/layoutClient.js:2:167599
Ho@https://interactives.ap.org/election-results/assets/microsite/layoutClient.js:2:108801
22551/Ss/<@https://interactives.ap.org/election-results/assets/microsite/layoutClient.js:2:173982
Ss@https://interactives.ap.org/election-results/assets/microsite/layoutClient.js:2:173987
os@https://interactives.ap.org/election-results/assets/microsite/layoutClient.js:2:166549
x@https://interactives.ap.org/election-results/assets/microsite/layoutClient.js:2:211891
T@https://interactives.ap.org/election-results/assets/microsite/layoutClient.js:2:212422

JavaScript warning: https://pagead2.googlesyndication.com/bg/SdRCl8Z6_WVRBAVhWMC4YMFLTE-rpjUOyBziMPp71UQ.js line 2 > eval line 4681 > eval line 1 > eval line 1 > eval, line 1: WEBGL_debug_renderer_info is deprecated in Firefox and will be removed. Please use RENDERER.
JavaScript error: https://cdn.cxense.com/sp1.html#ver=2.8.86&typ=pgv&rnd=m4todw39h4prm9kx&sid=1138573015853471556&loc=https%3A%2F%2Fwww.stg.marketwatch.com%2Fwelcome-watchlist&new=0&arf=0&ltm=1734513217472&ref=&tzo=-330&wsz=1278x497&res=1278x622&dpr=1&col=24&bln=en-US&chs=UTF-8&cks=m4todwofhkxl333n&ckp=m4todepkq57z7d6e&glb=&cp_userState=anon&cp_testGroup=59&cp_env=staging&cp_topDomain=marketwatch.com&cp_template=full&cp_access=free&cp_section=Welcome%20Watchlist&cp_cms_name=Peavey&cp_subscriber=nonsubscriber&cp_edition=naus&cp_bucket=3&cp_ab_bucket=23&cp_pageContentSource=MarketWatch&cp_pageContentType=Summaries&cp_pageContentTypeDetai=default&cp_pageSiteProduct=MW&cp_userTags=&cp_sessionState=none, line 1: TypeError: cX.loadScript is not a function
JavaScript warning: https://cdn.gbqofs.com/sv/b/detector-bootstrap.min.js, line 0: Successfully compiled asm.js code (total compilation time 7ms)
1734513220863	Marionette	INFO	Stopped listening on port 63559
Dynamically enable window occlusion 1
console.error: "Could not download new icon" ({})
console.error: "Could not download new icon" ({})
console.error: "Could not download new icon" ({})
console.error: "Could not download new icon" ({})
console.error: "Could not download new icon" ({})
console.error: "Could not download new icon" ({})
console.error: "Could not download new icon" ({})
console.log: "RemoteSettingsWorker error: AbortError: IndexedDB:  execute() A request was aborted, for example through a call to IDBTransaction.abort."
console.error: (new RemoteSettingsWorkerError("AbortError: IndexedDB:  execute() A request was aborted, for example through a call to IDBTransaction.abort.", "resource://services-settings/RemoteSettingsWorker.sys.mjs", 34))
console.error: services.settings: 
Object
  - prototype Object
    - columnNumber = 0
    - data = null
    - filename = resource://gre/modules/ServiceRequest.sys.mjs
    - lineNumber = 127
    - location = {"name":"open","filename":"resource://gre/modules/ServiceRequest.sys.mjs","sourceId":25,"lineNumber":127,"columnNumber":11,"asyncCause":null,"asyncCaller":null,"caller":{"filename":"resource://services-settings/Utils.sys.mjs","name":"fetch/<","sourceId":24,"lineNumber":268,"columnNumber":15,"asyncCause":null,"asyncCaller":null,"caller":{"filename":"resource://services-settings/Utils.sys.mjs","name":"fetch","sourceId":24,"lineNumber":219,"columnNumber":12,"asyncCause":null,"asyncCaller":null,"caller":{"filename":"resource://services-common/kinto-http-client.sys.mjs","name":"timedFetch/<","sourceId":452,"lineNumber":569,"columnNumber":12,"asyncCause":null,"asyncCaller":null,"caller":{"filename":"resource://services-common/kinto-http-client.sys.mjs","name":"timedFetch","sourceId":452,"lineNumber":544,"columnNumber":12,"asyncCause":null,"asyncCaller":null,"caller":{"filename":"resource://services-common/kinto-http-client.sys.mjs","name":"request","sourceId":452,"lineNumber":634,"columnNumber":33,"asyncCause":null,"asyncCaller":null,"caller":{"filename":"resource://services-common/kinto-http-client.sys.mjs","name":"execute","sourceId":452,"lineNumber":2643,"columnNumber":36,"asyncCause":null,"asyncCaller":null,"caller":{"filename":"resource://services-settings/RemoteSettingsClient.sys.mjs","name":"_fetchChangeset","sourceId":22,"lineNumber":1201,"columnNumber":22,"asyncCause":null,"asyncCaller":null,"caller":{"filename":"resource://services-settings/RemoteSettingsClient.sys.mjs","name":"_importChanges","sourceId":22,"lineNumber":1063,"columnNumber":18,"asyncCause":null,"asyncCaller":null,"caller":{"filename":"resource://services-settings/RemoteSettingsClient.sys.mjs","name":"maybeSync","sourceId":22,"lineNumber":752,"columnNumber":35,"asyncCause":null,"asyncCaller":null,"caller":{"filename":"resource://gre/modules/AsyncShutdown.sys.mjs","name":"observe","sourceId":15,"lineNumber":569,"columnNumber":17,"asyncCause":null,"asyncCaller":null,"caller":null,"formattedStack":"observe@resource://gre/modules/AsyncShutdown.sys.mjs:569:17\n","nativeSavedFrame":{}},"formattedStack":"maybeSync@resource://services-settings/RemoteSettingsClient.sys.mjs:752:35\nobserve@resource://gre/modules/AsyncShutdown.sys.mjs:569:17\n","nativeSavedFrame":{}},"formattedStack":"_importChanges@resource://services-settings/RemoteSettingsClient.sys.mjs:1063:18\nmaybeSync@resource://services-settings/RemoteSettingsClient.sys.mjs:752:35\nobserve@resource://gre/modules/AsyncShutdown.sys.mjs:569:17\n","nativeSavedFrame":{}},"formattedStack":"_fetchChangeset@resource://services-settings/RemoteSettingsClient.sys.mjs:1201:22\n_importChanges@resource://services-settings/RemoteSettingsClient.sys.mjs:1063:18\nmaybeSync@resource://services-settings/RemoteSettingsClient.sys.mjs:752:35\nobserve@resource://gre/modules/AsyncShutdown.sys.mjs:569:17\n","nativeSavedFrame":{}},"formattedStack":"execute@resource://services-common/kinto-http-client.sys.mjs:2643:36\n_fetchChangeset@resource://services-settings/RemoteSettingsClient.sys.mjs:1201:22\n_importChanges@resource://services-settings/RemoteSettingsClient.sys.mjs:1063:18\nmaybeSync@resource://services-settings/RemoteSettingsClient.sys.mjs:752:35\nobserve@resource://gre/modules/AsyncShutdown.sys.mjs:569:17\n","nativeSavedFrame":{}},"formattedStack":"request@resource://services-common/kinto-http-client.sys.mjs:634:33\nexecute@resource://services-common/kinto-http-client.sys.mjs:2643:36\n_fetchChangeset@resource://services-settings/RemoteSettingsClient.sys.mjs:1201:22\n_importChanges@resource://services-settings/RemoteSettingsClient.sys.mjs:1063:18\nmaybeSync@resource://services-settings/RemoteSettingsClient.sys.mjs:752:35\nobserve@resource://gre/modules/AsyncShutdown.sys.mjs:569:17\n","nativeSavedFrame":{}},"formattedStack":"timedFetch@resource://services-common/kinto-http-client.sys.mjs:544:12\nrequest@resource://services-common/kinto-http-client.sys.mjs:634:33\nexecute@resource://services-common/kinto-http-client.sys.mjs:2643:36\n_fetchChangeset@resource://services-settings/RemoteSettingsClient.sys.mjs:1201:22\n_importChanges@resource://services-settings/RemoteSettingsClient.sys.mjs:1063:18\nmaybeSync@resource://services-settings/RemoteSettingsClient.sys.mjs:752:35\nobserve@resource://gre/modules/AsyncShutdown.sys.mjs:569:17\n","nativeSavedFrame":{}},"formattedStack":"timedFetch/<@resource://services-common/kinto-http-client.sys.mjs:569:12\ntimedFetch@resource://services-common/kinto-http-client.sys.mjs:544:12\nrequest@resource://services-common/kinto-http-client.sys.mjs:634:33\nexecute@resource://services-common/kinto-http-client.sys.mjs:2643:36\n_fetchChangeset@resource://services-settings/RemoteSettingsClient.sys.mjs:1201:22\n_importChanges@resource://services-settings/RemoteSettingsClient.sys.mjs:1063:18\nmaybeSync@resource://services-settings/RemoteSettingsClient.sys.mjs:752:35\nobserve@resource://gre/modules/AsyncShutdown.sys.mjs:569:17\n","nativeSavedFrame":{}},"formattedStack":"fetch@resource://services-settings/Utils.sys.mjs:219:12\ntimedFetch/<@resource://services-common/kinto-http-client.sys.mjs:569:12\ntimedFetch@resource://services-common/kinto-http-client.sys.mjs:544:12\nrequest@resource://services-common/kinto-http-client.sys.mjs:634:33\nexecute@resource://services-common/kinto-http-client.sys.mjs:2643:36\n_fetchChangeset@resource://services-settings/RemoteSettingsClient.sys.mjs:1201:22\n_importChanges@resource://services-settings/RemoteSettingsClient.sys.mjs:1063:18\nmaybeSync@resource://services-settings/RemoteSettingsClient.sys.mjs:752:35\nobserve@resource://gre/modules/AsyncShutdown.sys.mjs:569:17\n","nativeSavedFrame":{}},"formattedStack":"fetch/<@resource://services-settings/Utils.sys.mjs:268:15\nfetch@resource://services-settings/Utils.sys.mjs:219:12\ntimedFetch/<@resource://services-common/kinto-http-client.sys.mjs:569:12\ntimedFetch@resource://services-common/kinto-http-client.sys.mjs:544:12\nrequest@resource://services-common/kinto-http-client.sys.mjs:634:33\nexecute@resource://services-common/kinto-http-client.sys.mjs:2643:36\n_fetchChangeset@resource://services-settings/RemoteSettingsClient.sys.mjs:1201:22\n_importChanges@resource://services-settings/RemoteSettingsClient.sys.mjs:1063:18\nmaybeSync@resource://services-settings/RemoteSettingsClient.sys.mjs:752:35\nobserve@resource://gre/modules/AsyncShutdown.sys.mjs:569:17\n","nativeSavedFrame":{}},"formattedStack":"open@resource://gre/modules/ServiceRequest.sys.mjs:127:11\nfetch/<@resource://services-settings/Utils.sys.mjs:268:15\nfetch@resource://services-settings/Utils.sys.mjs:219:12\ntimedFetch/<@resource://services-common/kinto-http-client.sys.mjs:569:12\ntimedFetch@resource://services-common/kinto-http-client.sys.mjs:544:12\nrequest@resource://services-common/kinto-http-client.sys.mjs:634:33\nexecute@resource://services-common/kinto-http-client.sys.mjs:2643:36\n_fetchChangeset@resource://services-settings/RemoteSettingsClient.sys.mjs:1201:22\n_importChanges@resource://services-settings/RemoteSettingsClient.sys.mjs:1063:18\nmaybeSync@resource://services-settings/RemoteSettingsClient.sys.mjs:752:35\nobserve@resource://gre/modules/AsyncShutdown.sys.mjs:569:17\n","nativeSavedFrame":{}}
    - message = 
    - name = 
    - result = 2152071198
    - stack = open@resource://gre/modules/ServiceRequest.sys.mjs:127:11|fetch/<@resource://services-settings/Utils.sys.mjs:268:15|fetch@resource://services-settings/Utils.sys.mjs:219:12|timedFetch/<@resource://services-common/kinto-http-client.sys.mjs:569:12|timedFetch@resource://services-common/kinto-http-client.sys.mjs:544:12|request@resource://services-common/kinto-http-client.sys.mjs:634:33|execute@resource://services-common/kinto-http-client.sys.mjs:2643:36|_fetchChangeset@resource://services-settings/RemoteSettingsClient.sys.mjs:1201:22|_importChanges@resource://services-settings/RemoteSettingsClient.sys.mjs:1063:18|maybeSync@resource://services-settings/RemoteSettingsClient.sys.mjs:752:35|observe@resource://gre/modules/AsyncShutdown.sys.mjs:569:17|
  - prototype Object
console.error: ({details:{id:"4dd906e9-fe4e-fd64-8138-a2c7260b2199", last_modified:1727383809894, bucket:"security-state", collection:"onecrl", host:"firefox.settings.services.mozilla.com"}})
