1731579751662	geckodriver	INFO	Listening on 127.0.0.1:64698
1731579754717	mozrunner::runner	INFO	Running command: "C:\\Program Files\\Mozilla Firefox\\firefox.exe" "--marionette" "--remote-debugging-port" "64699" "--remote-allow-hosts" "localhost" "-no-remote" "-profile" "D:\\Users\\sasikumarj\\AppData\\Local\\Temp\\rust_mozprofileb0YEkq"
console.warn: services.settings: Ignoring preference override of remote settings server
console.warn: services.settings: Allow by setting MOZ_REMOTE_SETTINGS_DEVTOOLS=1 in the environment
Dynamically enable window occlusion 0
1731579755404	Marionette	INFO	Marionette enabled
1731579755699	Marionette	INFO	Listening on port 64712
WebDriver BiDi listening on ws://127.0.0.1:64699
Read port: 64712
1731579755953	RemoteAgent	WARN	TLS certificate errors will be ignored for this session
DevTools listening on ws://127.0.0.1:64699/devtools/browser/5d231f00-194a-4eb1-9cfe-804e98d06f89
JavaScript warning: https://www.dev.marketwatch.com/_next/static/chunks/main-7c2c5b4ee7ae4ea0.js, line 1: unreachable code after return statement
JavaScript error: https://cdn.cxense.com/sp1.html#ver=2.8.83&typ=pgv&rnd=m3h5vxpyo1j0wp33&sid=1138573015853471556&loc=https%3A%2F%2Fwww.dev.marketwatch.com%2Fauthor%2FCatey-Hill&new=1&arf=0&ltm=1731579770237&ref=&tzo=-330&wsz=1280x595&res=1280x720&dpr=1&col=24&bln=en-US&chs=UTF-8&cks=m3h5vxreju07oiu2&ckp=m3h5vxpyqqh3814z&glb=&cp_userState=anon&cp_testGroup=0&cp_env=staging&cp_topDomain=marketwatch.com&cp_template=full&cp_access=free&cp_section=Author&cp_subsection=Catey%20Hill&cp_cms_name=Peavey&cp_subscriber=nonsubscriber&cp_edition=naus&cp_bucket=0&cp_ab_bucket=20&cp_pageContentSource=MarketWatch&cp_pageContentType=Summaries&cp_pageContentTypeDetai=default&cp_pageSiteProduct=MW&cp_userTags=&cp_sessionState=none, line 1: TypeError: cX.loadScript is not a function
JavaScript error: , line 0: uncaught exception: undefined
1731579777091	Marionette	WARN	Ignoring event 'pageshow' because document has an invalid readyState of 'uninitialized'.
JavaScript warning: https://pagead2.googlesyndication.com/bg/x8aYmHGUBry3hNOZ_j_c-gEvpHt5aN5VUUsXrByjvd4.js line 2 > eval line 3046 > eval line 1 > eval line 1 > eval, line 1: WEBGL_debug_renderer_info is deprecated in Firefox and will be removed. Please use RENDERER.
JavaScript error: https://cdn.cxense.com/sp1.html#ver=2.8.83&typ=pgv&rnd=m3h5w6bf1piohwkg&sid=1138573015853471556&loc=https%3A%2F%2Fwww.stg.marketwatch.com%2Falerts&new=0&arf=0&ltm=1731579781376&ref=&tzo=-330&wsz=1280x595&res=1280x720&dpr=1&col=24&bln=en-US&chs=UTF-8&cks=m3h5w6iu3hoczi49&ckp=m3h5vxpyqqh3814z&glb=&cp_userState=anon&cp_testGroup=0&cp_env=staging&cp_topDomain=marketwatch.com&cp_pwTag=default&cp_pwPlacement=cx-articlecover&cp_pwCampaign=226&cp_pwType=free&cp_template=preview&cp_access=free&cp_section=Portfolio&cp_subsection=Alerts&cp_subscriber=nonsubscriber&cp_edition=naus&cp_bucket=0&cp_ab_bucket=20&cp_pageContentSource=MarketWatch&cp_pageContentType=ResearchTools&cp_pageContentTypeDetai=tools&cp_pageSiteProduct=MW&cp_userTags=&cp_sessionState=none, line 1: TypeError: cX.loadScript is not a function
JavaScript warning: https://pagead2.googlesyndication.com/bg/x8aYmHGUBry3hNOZ_j_c-gEvpHt5aN5VUUsXrByjvd4.js line 2 > eval line 5141 > eval line 1 > eval line 1 > eval, line 1: WEBGL_debug_renderer_info is deprecated in Firefox and will be removed. Please use RENDERER.
JavaScript warning: https://www.stg.marketwatch.com/alerts, line 96: Script terminated by timeout at:
nrWrapper@https://www.stg.marketwatch.com/alerts:96:17139

JavaScript error: , line 0: TypeError: NetworkError when attempting to fetch resource.
console.warn: LoginRecipes: "Falling back to a synchronous message for: https://sso.int.accounts.dowjones.com."
console.warn: LoginRecipes: "Falling back to a synchronous message for: https://sso.int.accounts.dowjones.com."
1731579804472	Marionette	INFO	Stopped listening on port 64712
Dynamically enable window occlusion 1
