1739270199136	geckodriver	INFO	Listening on 127.0.0.1:55630
1739270202518	mozrunner::runner	INFO	Running command: "C:\\Program Files\\Mozilla Firefox\\firefox.exe" "--marionette" "--remote-debugging-port" "55631" "--remote-allow-hosts" "localhost" "-no-remote" "-profile" "D:\\Users\\sasikumarj\\AppData\\Local\\Temp\\rust_mozprofileGsrbov"
console.warn: services.settings: Ignoring preference override of remote settings server
console.warn: services.settings: Allow by setting MOZ_REMOTE_SETTINGS_DEVTOOLS=1 in the environment
Dynamically enable window occlusion 0
1739270204868	Marionette	INFO	Marionette enabled
1739270205497	Marionette	INFO	Listening on port 55776
WebDriver BiDi listening on ws://127.0.0.1:55631
Read port: 55776
console.error: Policies: 
  Download failed - ERROR_CORRUPT_FILE - file://C:\Program Files\Snow Software\Inventory\Agent\FFCloudmetering.xpi
1739270206086	RemoteAgent	WARN	TLS certificate errors will be ignored for this session
DevTools listening on ws://127.0.0.1:55631/devtools/browser/54e975b4-54f2-43c0-9ccf-3dc4daec7be4
JavaScript warning: https://pagead2.googlesyndication.com/bg/VPXMjhhSnF_0w04UBhtYgswssitSTY9737JJt5i4JB8.js line 2 > eval line 2215 > eval line 1 > eval line 1 > eval, line 1: WEBGL_debug_renderer_info is deprecated in Firefox and will be removed. Please use RENDERER.
JavaScript error: https://cdn.cxense.com/sp1.html#ver=2.8.90&typ=pgv&rnd=m70ckxxpxask2duj&sid=9222318613852486900&loc=https%3A%2F%2Fwww.wsj.com%2F&new=1&arf=0&ltm=1739270218962&ref=&tzo=-330&wsz=1280x595&res=1280x720&dpr=1&col=24&bln=en-US&chs=UTF-8&cks=m70ckyf6isdgsjbi&ckp=m70ckxxpeaf6hetp&glb=&cp_userState=anon&cp_testGroup=91&cp_topDomain=wsj.com&cp_template=full&cp_access=free&cp_section=US%20Home%20Page&cp_subsection=&cp_cms_name=CAPS&cp_subscriber=nonsubscriber&cp_edition=naus&cp_bucket=8&cp_ab_bucket=38&cp_pageContentSource=WSJ%20Online&cp_pageContentType=Home&cp_pageContentTypeDetai=desktopweb&cp_pageSiteProduct=WSJ&cp_userTags=&cp_sessionState=none, line 1: TypeError: cX.loadScript is not a function
JavaScript error: , line 0: TypeError: NetworkError when attempting to fetch resource.
JavaScript error: , line 0: TypeError: NetworkError when attempting to fetch resource.
JavaScript error: , line 0: TypeError: NetworkError when attempting to fetch resource.
JavaScript error: , line 0: TypeError: NetworkError when attempting to fetch resource.
JavaScript error: , line 0: AbortError: The operation was aborted. 
1739270224348	Marionette	WARN	Ignoring event 'pageshow' because document has an invalid readyState of 'uninitialized'.
1739270224581	Marionette	WARN	Ignoring event 'pageshow' because document has an invalid readyState of 'uninitialized'.
1739270224697	Marionette	WARN	Ignoring event 'pageshow' because document has an invalid readyState of 'uninitialized'.
1739270224698	Marionette	WARN	Ignoring event 'pageshow' because document has an invalid readyState of 'uninitialized'.
JavaScript warning: https://tagan.adlightning.com/newscorp-wsj-aps/bl-7312890-6225eabd.js, line 1: Script terminated by timeout at:
@https://tagan.adlightning.com/newscorp-wsj-aps/bl-7312890-6225eabd.js:1:6021
f.search<@https://tagan.adlightning.com/newscorp-wsj-aps/bl-7312890-6225eabd.js:1:93707
f.search</f.search<@https://tagan.adlightning.com/newscorp-wsj-aps/bl-7312890-6225eabd.js:1:93086
nt@https://tagan.adlightning.com/newscorp-wsj-aps/b-bde0e05-9cb7c1ed.js:1:37869
t8@https://tagan.adlightning.com/newscorp-wsj-aps/b-bde0e05-9cb7c1ed.js:1:18455
it/c<@https://tagan.adlightning.com/newscorp-wsj-aps/b-bde0e05-9cb7c1ed.js:1:39646
it@https://tagan.adlightning.com/newscorp-wsj-aps/b-bde0e05-9cb7c1ed.js:1:41015
tV/xblocker<.tagDetails<@https://tagan.adlightning.com/newscorp-wsj-aps/b-bde0e05-9cb7c1ed.js:1:47568
tV@https://tagan.adlightning.com/newscorp-wsj-aps/b-bde0e05-9cb7c1ed.js:1:48348
zd@https://tagan.adlightning.com/newscorp-wsj-aps/op.js:1:12292
YT@https://securepubads.g.doubleclick.net/pagead/managed/js/gpt/m202502040101/pubads_impl.js:33:315009
$T@https://securepubads.g.doubleclick.net/pagead/managed/js/gpt/m202502040101/pubads_impl.js:33:312663
H_@https://securepubads.g.doubleclick.net/pagead/managed/js/gpt/m202502040101/pubads_impl.js:33:437586
F_.prototype.A@https://securepubads.g.doubleclick.net/pagead/managed/js/gpt/m202502040101/pubads_impl.js:33:437157
mz.prototype.F@https://securepubads.g.doubleclick.net/pagead/managed/js/gpt/m202502040101/pubads_impl.js:33:438244
F_.prototype.render@https://securepubads.g.doubleclick.net/pagead/managed/js/gpt/m202502040101/pubads_impl.js:33:436458
qz@https://securepubads.g.doubleclick.net/pagead/managed/js/gpt/m202502040101/pubads_impl.js:33:147275
gT.prototype.g@https://securepubads.g.doubleclick.net/pagead/managed/js/gpt/m202502040101/pubads_impl.js:33:299825
YS.prototype.start/<@https://securepubads.g.doubleclick.net/pagead/managed/js/gpt/m202502040101/pubads_impl.js:33:298587
YB@https://securepubads.g.doubleclick.net/pagead/managed/js/gpt/m202502040101/pubads_impl.js:33:161876
$B/this.next@https://securepubads.g.doubleclick.net/pagead/managed/js/gpt/m202502040101/pubads_impl.js:33:162175
b@https://securepubads.g.doubleclick.net/pagead/managed/js/gpt/m202502040101/pubads_impl.js:33:162426
nrWrapper@https://www.wsj.com/:194:17759

JavaScript warning: https://gum.criteo.com/syncframe?origin=criteoPrebidAdapter&topUrl=www.wsj.com&us_privacy=1---&gpp=DBAA&gpp_sid=-1#{%22cw%22:true,%22lsw%22:true,%22origin%22:%22criteoPrebidAdapter%22,%22requestId%22:%220.5779349821725097%22,%22tld%22:%22www.wsj.com%22,%22topUrl%22:%22www.wsj.com%22,%22version%22:%229_12_0%22}, line 13: Script terminated by timeout at:
r.prototype.flushEventQueue@https://gum.criteo.com/syncframe?origin=criteoPrebidAdapter&topUrl=www.wsj.com&us_privacy=1---&gpp=DBAA&gpp_sid=-1#{%22cw%22:true,%22lsw%22:true,%22origin%22:%22criteoPrebidAdapter%22,%22requestId%22:%220.5779349821725097%22,%22tld%22:%22www.wsj.com%22,%22topUrl%22:%22www.wsj.com%22,%22version%22:%229_12_0%22}:13:3137
r/<@https://gum.criteo.com/syncframe?origin=criteoPrebidAdapter&topUrl=www.wsj.com&us_privacy=1---&gpp=DBAA&gpp_sid=-1#{%22cw%22:true,%22lsw%22:true,%22origin%22:%22criteoPrebidAdapter%22,%22requestId%22:%220.5779349821725097%22,%22tld%22:%22www.wsj.com%22,%22topUrl%22:%22www.wsj.com%22,%22version%22:%229_12_0%22}:13:3642

JavaScript warning: https://static.cloudflareinsights.com/beacon.min.js/vcd15cbe7772f49c399c6a5babf22c1241717689176015, line 1: Script terminated by timeout at:
752/t.sendObjectBeacon@https://static.cloudflareinsights.com/beacon.min.js/vcd15cbe7772f49c399c6a5babf22c1241717689176015:1:9098
B@https://static.cloudflareinsights.com/beacon.min.js/vcd15cbe7772f49c399c6a5babf22c1241717689176015:1:4927
168/<@https://static.cloudflareinsights.com/beacon.min.js/vcd15cbe7772f49c399c6a5babf22c1241717689176015:1:2797

console.warn: LoginRecipes: "Falling back to a synchronous message for: https://sso.accounts.dowjones.com."
console.warn: LoginRecipes: "Falling back to a synchronous message for: https://sso.accounts.dowjones.com."
JavaScript warning: https://sso.accounts.dowjones.com/datadome/tags.js, line 2: Script terminated by timeout at:
@https://sso.accounts.dowjones.com/datadome/tags.js:2:161129

JavaScript error: , line 0: TypeError: NetworkError when attempting to fetch resource.
JavaScript warning: https://cdn.gbqofs.com/sv/b/detector-bootstrap.min.js, line 0: Successfully compiled asm.js code (total compilation time 5ms)
1739270248548	Marionette	WARN	Ignoring event 'DOMContentLoaded' because document has an invalid readyState of 'complete'.
1739270253376	Marionette	INFO	Stopped listening on port 55776
JavaScript warning: https://www.wsj.com/_next/static/chunks/8495-ab7a53d05431b970.js, line 1: Script terminated by timeout at:
5241/e/<@https://www.wsj.com/_next/static/chunks/8495-ab7a53d05431b970.js:1:60697
e@https://www.wsj.com/_next/static/chunks/8495-ab7a53d05431b970.js:1:60585

Dynamically enable window occlusion 1
