1738927341549	geckodriver	INFO	Listening on 127.0.0.1:64882
1738927344584	mozrunner::runner	INFO	Running command: "C:\\Program Files\\Mozilla Firefox\\firefox.exe" "--marionette" "--remote-debugging-port" "64883" "--remote-allow-hosts" "localhost" "-no-remote" "-profile" "D:\\Users\\sasikumarj\\AppData\\Local\\Temp\\rust_mozprofilecz7CPi"
console.warn: services.settings: Ignoring preference override of remote settings server
console.warn: services.settings: Allow by setting MOZ_REMOTE_SETTINGS_DEVTOOLS=1 in the environment
Dynamically enable window occlusion 0
1738927345232	Marionette	INFO	Marionette enabled
1738927345504	Marionette	INFO	Listening on port 64898
Read port: 64898
WebDriver BiDi listening on ws://127.0.0.1:64883
1738927345635	RemoteAgent	WARN	TLS certificate errors will be ignored for this session
console.error: Policies: 
  Download failed - ERROR_CORRUPT_FILE - file://C:\Program Files\Snow Software\Inventory\Agent\FFCloudmetering.xpi
DevTools listening on ws://127.0.0.1:64883/devtools/browser/f49143f9-fb91-4b9e-81f8-0a4b800bbe6e
JavaScript error: https://cdn.cxense.com/sp1.html#ver=2.8.90&typ=pgv&rnd=m6uog53cxqwxe6og&sid=1134007940894473081&loc=https%3A%2F%2Fwww.mansionglobal.com%2F&new=1&arf=0&ltm=1738927353293&ref=&tzo=-330&wsz=1280x595&res=1280x720&dpr=1&col=24&bln=en-US&chs=UTF-8&cks=m6uog57uiednsiq7&ckp=m6uog53cslufabtq&glb=&cp_userState=anon&cp_testGroup=89&cp_topDomain=mansionglobal.com&cp_template=full&cp_access=free&cp_section=Home&cp_subsection=&cp_cms_name=CMS%20Wordpress&cp_subscriber=nonsubscriber&cp_edition=na%252Cus&cp_bucket=6&cp_ab_bucket=6&cp_pageContentSource=Mansion%20Global&cp_pageContentType=Home&cp_pageContentTypeDetai=default&cp_pageSiteProduct=MG&cp_userTags=&cp_sessionState=none, line 1: TypeError: cX.loadScript is not a function
JavaScript warning: https://pagead2.googlesyndication.com/bg/dKsKVnRDvnN7x3_VHBWCXOB1uWbHu1pWqkNfYXa-ZYg.js line 2 > eval line 3501 > eval line 1 > eval line 1 > eval, line 1: WEBGL_debug_renderer_info is deprecated in Firefox and will be removed. Please use RENDERER.
JavaScript warning: https://pagead2.googlesyndication.com/bg/dKsKVnRDvnN7x3_VHBWCXOB1uWbHu1pWqkNfYXa-ZYg.js line 2 > eval line 7057 > eval line 1 > eval line 1 > eval, line 1: WEBGL_debug_renderer_info is deprecated in Firefox and will be removed. Please use RENDERER.
JavaScript warning: https://static.cdninstagram.com/rsrc.php/v4iy674/yM/l/en_US/f8BU-fMqxkd.js, line 114: Script terminated by timeout at:
i.canUseNavigatorBeacon@https://static.cdninstagram.com/rsrc.php/v4iy674/yM/l/en_US/f8BU-fMqxkd.js:114:4276
C@https://static.cdninstagram.com/rsrc.php/v4iy674/yM/l/en_US/f8BU-fMqxkd.js:114:1597
i._initialize/<@https://static.cdninstagram.com/rsrc.php/v4iy674/yM/l/en_US/f8BU-fMqxkd.js:114:4912
d@https://static.cdninstagram.com/rsrc.php/v4iy674/yM/l/en_US/f8BU-fMqxkd.js:30:158

JavaScript warning: https://www.google.com/js/th/2Od_BXY8Vjqn5MycIv0XMSA24h9E-qr9j5xv73dxnSQ.js line 2 > eval line 3023 > eval line 1 > eval line 1 > eval, line 1: Script terminated by timeout at:
I@https://www.google.com/js/th/2Od_BXY8Vjqn5MycIv0XMSA24h9E-qr9j5xv73dxnSQ.js line 2 > eval line 3023 > eval line 1 > eval line 1 > eval:1:24
@https://www.google.com/js/th/2Od_BXY8Vjqn5MycIv0XMSA24h9E-qr9j5xv73dxnSQ.js line 2 > eval line 3023 > eval line 1 > eval line 1 > eval:1:86
vC@https://www.google.com/js/th/2Od_BXY8Vjqn5MycIv0XMSA24h9E-qr9j5xv73dxnSQ.js line 2 > eval line 3023 > eval line 1 > eval line 1 > eval:1:202
PC@https://www.google.com/js/th/2Od_BXY8Vjqn5MycIv0XMSA24h9E-qr9j5xv73dxnSQ.js line 2 > eval line 3023 > eval line 1 > eval line 1 > eval:1:45
C.N</<@https://www.google.com/js/th/2Od_BXY8Vjqn5MycIv0XMSA24h9E-qr9j5xv73dxnSQ.js line 2 > eval:3023:51379
Xm@https://www.google.com/js/th/2Od_BXY8Vjqn5MycIv0XMSA24h9E-qr9j5xv73dxnSQ.js line 2 > eval:3023:25087
ZH@https://www.google.com/js/th/2Od_BXY8Vjqn5MycIv0XMSA24h9E-qr9j5xv73dxnSQ.js line 2 > eval:3023:9458
f@https://www.google.com/js/th/2Od_BXY8Vjqn5MycIv0XMSA24h9E-qr9j5xv73dxnSQ.js line 2 > eval:3023:13374
vc@https://www.google.com/js/th/2Od_BXY8Vjqn5MycIv0XMSA24h9E-qr9j5xv73dxnSQ.js line 2 > eval line 3023 > eval line 1 > eval line 1 > eval:1:197
C.PX@https://www.google.com/js/th/2Od_BXY8Vjqn5MycIv0XMSA24h9E-qr9j5xv73dxnSQ.js line 2 > eval:3023:49749
ZH@https://www.google.com/js/th/2Od_BXY8Vjqn5MycIv0XMSA24h9E-qr9j5xv73dxnSQ.js line 2 > eval:3023:9005
@https://www.google.com/js/th/2Od_BXY8Vjqn5MycIv0XMSA24h9E-qr9j5xv73dxnSQ.js line 2 > eval:3023:53695
uK.prototype.RH/l<@https://www.youtube-nocookie.com/s/player/9c6dfc4a/player_ias.vflset/en_US/base.js:8025:146
CI@https://www.youtube-nocookie.com/s/player/9c6dfc4a/player_ias.vflset/en_US/base.js:825:33
uK.prototype.RH@https://www.youtube-nocookie.com/s/player/9c6dfc4a/player_ias.vflset/en_US/base.js:8025:113
S2.prototype.Ec@https://www.youtube-nocookie.com/s/player/9c6dfc4a/player_ias.vflset/en_US/base.js:8982:41
g.R.invoke@https://www.youtube-nocookie.com/s/player/9c6dfc4a/player_ias.vflset/en_US/base.js:8975:64
DxD@https://www.youtube-nocookie.com/s/player/9c6dfc4a/player_ias.vflset/en_US/base.js:3750:47
g.N37/P.c1a@https://www.youtube-nocookie.com/s/player/9c6dfc4a/player_ias.vflset/en_US/base.js:3754:277
g.JTD@https://www.youtube-nocookie.com/s/player/9c6dfc4a/player_ias.vflset/en_US/base.js:3757:168
g.R.k0@https://www.youtube-nocookie.com/s/player/9c6dfc4a/player_ias.vflset/en_US/base.js:11899:261
g.R.sendAbandonmentPing@https://www.youtube-nocookie.com/s/player/9c6dfc4a/player_ias.vflset/en_US/base.js:11741:106
g.R.sendAbandonmentPing@https://www.youtube-nocookie.com/s/player/9c6dfc4a/player_ias.vflset/en_US/base.js:11618:44
g.R.sendAbandonmentPing@https://www.youtube-nocookie.com/s/player/9c6dfc4a/player_ias.vflset/en_US/base.js:10564:69
yI/P.state.W[v]@https://www.youtube-nocookie.com/s/player/9c6dfc4a/player_ias.vflset/en_US/base.js:4564:53
Kz/<@https://www.youtube-nocookie.com/s/player/9c6dfc4a/www-embed-player.vflset/www-embed-player.js:1971:106
Wz@https://www.youtube-nocookie.com/s/player/9c6dfc4a/www-embed-player.vflset/www-embed-player.js:2008:46
@https://www.youtube-nocookie.com/s/player/9c6dfc4a/www-embed-player.vflset/www-embed-player.js:2018:137
tm/<@https://www.youtube-nocookie.com/s/player/9c6dfc4a/www-embed-player.vflset/www-embed-player.js:950:63

JavaScript warning: https://pagead2.googlesyndication.com/bg/dKsKVnRDvnN7x3_VHBWCXOB1uWbHu1pWqkNfYXa-ZYg.js line 2 > eval line 1702 > eval line 1 > eval line 1 > eval, line 1: WEBGL_debug_renderer_info is deprecated in Firefox and will be removed. Please use RENDERER.
JavaScript warning: https://pagead2.googlesyndication.com/bg/dKsKVnRDvnN7x3_VHBWCXOB1uWbHu1pWqkNfYXa-ZYg.js line 2 > eval line 5131 > eval line 1 > eval line 1 > eval, line 1: WEBGL_debug_renderer_info is deprecated in Firefox and will be removed. Please use RENDERER.
1738927383358	Marionette	INFO	Stopped listening on port 64898
Dynamically enable window occlusion 1
JavaScript warning: https://www.google.com/js/th/2Od_BXY8Vjqn5MycIv0XMSA24h9E-qr9j5xv73dxnSQ.js line 2 > eval line 4370 > eval line 1 > eval line 1 > eval, line 1: Failed to create WebGL context: !CanvasManagerChild::Get()
