1739034881643	geckodriver	INFO	Listening on 127.0.0.1:59823
1739034884674	mozrunner::runner	INFO	Running command: "C:\\Program Files\\Mozilla Firefox\\firefox.exe" "--marionette" "--remote-debugging-port" "59824" "--remote-allow-hosts" "localhost" "-no-remote" "-profile" "D:\\Users\\sasikumarj\\AppData\\Local\\Temp\\rust_mozprofileu7boJL"
console.warn: services.settings: Ignoring preference override of remote settings server
console.warn: services.settings: Allow by setting MOZ_REMOTE_SETTINGS_DEVTOOLS=1 in the environment
Dynamically enable window occlusion 0
1739034885292	Marionette	INFO	Marionette enabled
1739034885551	Marionette	INFO	Listening on port 59836
WebDriver BiDi listening on ws://127.0.0.1:59824
Read port: 59836
console.error: Policies: 
  Download failed - ERROR_CORRUPT_FILE - file://C:\Program Files\Snow Software\Inventory\Agent\FFCloudmetering.xpi
1739034885825	RemoteAgent	WARN	TLS certificate errors will be ignored for this session
DevTools listening on ws://127.0.0.1:59824/devtools/browser/0e177ca2-5650-4ac2-bd34-e464ef3e2510
console.error: ({})
console.error: ({})
console.error: ({})
console.error: ({})
JavaScript warning: https://cdn.gbqofs.com/sv/b/detector-bootstrap.min.js, line 0: Successfully compiled asm.js code (total compilation time 2ms)
JavaScript warning: https://securepubads.g.doubleclick.net/pagead/managed/js/gpt/m202502050101/pubads_impl.js?cb=31090292, line 33: Script terminated by timeout at:
_.zo@https://securepubads.g.doubleclick.net/pagead/managed/js/gpt/m202502050101/pubads_impl.js?cb=31090292:33:189368
Ko@https://securepubads.g.doubleclick.net/pagead/managed/js/gpt/m202502050101/pubads_impl.js?cb=31090292:33:78365
Mo@https://securepubads.g.doubleclick.net/pagead/managed/js/gpt/m202502050101/pubads_impl.js?cb=31090292:33:78506
ip@https://securepubads.g.doubleclick.net/pagead/managed/js/gpt/m202502050101/pubads_impl.js?cb=31090292:33:80365
jp@https://securepubads.g.doubleclick.net/pagead/managed/js/gpt/m202502050101/pubads_impl.js?cb=31090292:33:80887
zA<@https://securepubads.g.doubleclick.net/pagead/managed/js/gpt/m202502050101/pubads_impl.js?cb=31090292:33:482537
tA@https://securepubads.g.doubleclick.net/pagead/managed/js/gpt/m202502050101/pubads_impl.js?cb=31090292:33:151924
uA/<@https://securepubads.g.doubleclick.net/pagead/managed/js/gpt/m202502050101/pubads_impl.js?cb=31090292:33:151355
Fn/<@https://securepubads.g.doubleclick.net/pagead/managed/js/gpt/m202502050101/pubads_impl.js?cb=31090292:33:75306
Gn@https://securepubads.g.doubleclick.net/pagead/managed/js/gpt/m202502050101/pubads_impl.js?cb=31090292:33:75428
uA@https://securepubads.g.doubleclick.net/pagead/managed/js/gpt/m202502050101/pubads_impl.js?cb=31090292:33:151316
a1.prototype.g@https://securepubads.g.doubleclick.net/pagead/managed/js/gpt/m202502050101/pubads_impl.js?cb=31090292:33:498039
XS.prototype.start/<@https://securepubads.g.doubleclick.net/pagead/managed/js/gpt/m202502050101/pubads_impl.js?cb=31090292:33:298316
XB@https://securepubads.g.doubleclick.net/pagead/managed/js/gpt/m202502050101/pubads_impl.js?cb=31090292:33:161601
ZB/this.next@https://securepubads.g.doubleclick.net/pagead/managed/js/gpt/m202502050101/pubads_impl.js?cb=31090292:33:161900
b@https://securepubads.g.doubleclick.net/pagead/managed/js/gpt/m202502050101/pubads_impl.js?cb=31090292:33:162151
nrWrapper@https://www.barrons.com/articles/wendys-wen-stock-earnings-51652268634:129:17759

JavaScript error: https://cdn.gbqofs.com/sv/b/detector-bootstrap.min.js, line 10: ChunkLoadError: Loading chunk 92 failed.
(error: https://cdn.gbqofs.com/sv/b/detector-lazy.min.js)
JavaScript warning: https://www.gstatic.com/_/mss/boq-subscribewithgoogle/_/js/k=boq-subscribewithgoogle.SubscribewithgoogleClientUi.en_US.tZhg3nKY5-E.es5.O/am=GAy4AQ/d=1/excm=_b,_tp,serviceiframeview/ed=1/dg=0/wt=2/ujg=1/rs=ABXTjI5OlFsYJ0iU8gv_vSavbw00ZEP4OA/m=_b,_tp, line 309: Script terminated by timeout at:
c@https://www.gstatic.com/_/mss/boq-subscribewithgoogle/_/js/k=boq-subscribewithgoogle.SubscribewithgoogleClientUi.en_US.tZhg3nKY5-E.es5.O/am=GAy4AQ/d=1/excm=_b,_tp,serviceiframeview/ed=1/dg=0/wt=2/ujg=1/rs=ABXTjI5OlFsYJ0iU8gv_vSavbw00ZEP4OA/m=_b,_tp:309:187
b@https://www.gstatic.com/_/mss/boq-subscribewithgoogle/_/js/k=boq-subscribewithgoogle.SubscribewithgoogleClientUi.en_US.tZhg3nKY5-E.es5.O/am=GAy4AQ/d=1/excm=_b,_tp,serviceiframeview/ed=1/dg=0/wt=2/ujg=1/rs=ABXTjI5OlFsYJ0iU8gv_vSavbw00ZEP4OA/m=_b,_tp:300:48

JavaScript warning: https://fpt.live.com/?session_id=853f60c1b3274461915944e80f22868d&CustomerId=33e01921-4d64-4f8c-a055-5bdaffd5e33d&PageId=SI, line 5: WEBGL_debug_renderer_info is deprecated in Firefox and will be removed. Please use RENDERER.
console.warn: LoginRecipes: "Falling back to a synchronous message for: https://login.live.com."
console.warn: LoginRecipes: "Falling back to a synchronous message for: https://login.live.com."
console.error: ({})
1739034916470	Marionette	WARN	Ignoring event 'DOMContentLoaded' because document has an invalid readyState of 'complete'.
JavaScript warning: https://res-1.cdn.office.net/midgard/versionless/livepersonacard_without-react_44cd24035cb31cfc94c2.js, line 2: unreachable code after return statement
JavaScript warning: https://cdn.adnxs.com/v/s/247/trk.js, line 560: Script terminated by timeout at:
_.C@https://cdn.adnxs.com/v/s/247/trk.js:560:1358
md/<@https://cdn.adnxs.com/v/s/247/trk.js:560:5629

JavaScript warning: https://gum.criteo.com/syncframe?origin=rtus&topUrl=outlook.live.com&gdpr=0&gdpr_consent=#{%22lwid%22:{%22value%22:null,%22origin%22:0},%22bundle%22:{%22value%22:null,%22origin%22:0},%22optout%22:{%22value%22:false,%22origin%22:0},%22tld%22:%22adnxs-simple.com%22,%22topUrl%22:%22outlook.live.com%22,%22cw%22:true,%22lsw%22:true,%22origin%22:%22rtus%22,%22rtusCallerId%22:30,%22requestId%22:%220.8907197420425832%22}, line 13: Script terminated by timeout at:
r.prototype.flushEventQueue@https://gum.criteo.com/syncframe?origin=rtus&topUrl=outlook.live.com&gdpr=0&gdpr_consent=#{%22lwid%22:{%22value%22:null,%22origin%22:0},%22bundle%22:{%22value%22:null,%22origin%22:0},%22optout%22:{%22value%22:false,%22origin%22:0},%22tld%22:%22adnxs-simple.com%22,%22topUrl%22:%22outlook.live.com%22,%22cw%22:true,%22lsw%22:true,%22origin%22:%22rtus%22,%22rtusCallerId%22:30,%22requestId%22:%220.8907197420425832%22}:13:3137
r/<@https://gum.criteo.com/syncframe?origin=rtus&topUrl=outlook.live.com&gdpr=0&gdpr_consent=#{%22lwid%22:{%22value%22:null,%22origin%22:0},%22bundle%22:{%22value%22:null,%22origin%22:0},%22optout%22:{%22value%22:false,%22origin%22:0},%22tld%22:%22adnxs-simple.com%22,%22topUrl%22:%22outlook.live.com%22,%22cw%22:true,%22lsw%22:true,%22origin%22:%22rtus%22,%22rtusCallerId%22:30,%22requestId%22:%220.8907197420425832%22}:13:3642

JavaScript warning: https://pagead2.googlesyndication.com/bg/vbSiC3rXZjPvfLONVMSWfstygVHLPM3jd4I4vl9RjYk.js line 2 > eval line 1170 > eval line 1 > eval line 1 > eval, line 1: WEBGL_debug_renderer_info is deprecated in Firefox and will be removed. Please use RENDERER.
1739034949888	Marionette	INFO	Stopped listening on port 59836
JavaScript warning: https://res.public.onecdn.static.microsoft/owamail/hashed-v1/scripts/owa.mailindex.60fccaa5.js, line 2: Script terminated by timeout at:
d/<@https://res.public.onecdn.static.microsoft/owamail/hashed-v1/scripts/owa.mailindex.60fccaa5.js:2:196027

Dynamically enable window occlusion 1
JavaScript error: , line 0: NetworkError: AutoCancel
JavaScript error: , line 0: TypeError: NetworkError when attempting to fetch resource.
