1738930916747	geckodriver	INFO	Listening on 127.0.0.1:60138
1738930919797	mozrunner::runner	INFO	Running command: "C:\\Program Files\\Mozilla Firefox\\firefox.exe" "--marionette" "--remote-debugging-port" "60139" "--remote-allow-hosts" "localhost" "-no-remote" "-profile" "D:\\Users\\sasikumarj\\AppData\\Local\\Temp\\rust_mozprofileyy35HF"
console.warn: services.settings: Ignoring preference override of remote settings server
console.warn: services.settings: Allow by setting MOZ_REMOTE_SETTINGS_DEVTOOLS=1 in the environment
Dynamically enable window occlusion 0
1738930920551	Marionette	INFO	Marionette enabled
1738930920919	Marionette	INFO	Listening on port 60154
Read port: 60154
WebDriver BiDi listening on ws://127.0.0.1:60139
console.error: Policies: 
  Download failed - ERROR_CORRUPT_FILE - file://C:\Program Files\Snow Software\Inventory\Agent\FFCloudmetering.xpi
1738930921135	RemoteAgent	WARN	TLS certificate errors will be ignored for this session
DevTools listening on ws://127.0.0.1:60139/devtools/browser/65b01ae1-11dd-4b4d-a868-82b40af8318b
JavaScript error: https://cdn.cxense.com/sp1.html#ver=2.8.90&typ=pgv&rnd=m6uqksfiedr4vgor&sid=9222318613852486900&loc=https%3A%2F%2Fwww.wsj.com%2Farticles%2Ftwitter-elon-musk-to-argue-over-trial-timetable-to-force-44-billion-takeover-11658223001%3Fcx_testId%3D3%26cx_testVariant%3Dcx_5%26cx_artPos%3D6%26mod%3DWTRN%23cxrecs_s&new=1&arf=0&ltm=1738930931299&ref=&tzo=-330&wsz=1280x595&res=1280x720&dpr=1&col=24&bln=en-US&chs=UTF-8&cks=m6uqktyqptuwjfrh&ckp=m6uqktw9j19mb44i&glb=&amo=1658316780&cp_userState=anon&cp_testId=3&cp_testVariant=cx_5&cp_artPos=6&cp_testGroup=14&cp_topDomain=wsj.com&cp_pwTag=default&cp_pwPlacement=cx-snippetad&cp_pwCampaign=28324&cp_pwType=personalized&cp_navSource=WTRN&cp_type=Technology&cp_template=preview&cp_access=paid&cp_section=Tech&cp_subsection=Tech&cp_cms_name=Methode&cp_vix=&cp_subscriber=nonsubscriber&cp_edition=naus&cp_bucket=4&cp_ab_bucket=54&cp_pageContentSource=WSJ%20Online&cp_pageContentType=Article&cp_pageContentTypeDetai=standard&cp_pageSiteProduct=WSJ&cp_userTags=&cp_sessionState=none, line 1: TypeError: cX.loadScript is not a function
JavaScript warning: https://cdn.gbqofs.com/sv/b/detector-bootstrap.min.js, line 0: Successfully compiled asm.js code (total compilation time 2ms)
JavaScript warning: https://pagead2.googlesyndication.com/bg/dKsKVnRDvnN7x3_VHBWCXOB1uWbHu1pWqkNfYXa-ZYg.js line 2 > eval line 3589 > eval line 1 > eval line 1 > eval, line 1: WEBGL_debug_renderer_info is deprecated in Firefox and will be removed. Please use RENDERER.
JavaScript error: https://ib.3lift.com/rev/ee7b16b9e186bb4216ceb6eab615bf4094d4c241/dist/bundle.js, line 1: SecurityError: Permission denied to access property "__gpp" on cross-origin object
1738930938580	Marionette	WARN	Ignoring event 'pageshow' because document has an invalid readyState of 'interactive'.
1738930938594	Marionette	WARN	Ignoring event 'pageshow' because document has an invalid readyState of 'loading'.
1738930939079	Marionette	WARN	Ignoring event 'DOMContentLoaded' because document has an invalid readyState of 'complete'.
JavaScript error: https://ib.3lift.com/rev/ee7b16b9e186bb4216ceb6eab615bf4094d4c241/dist/bundle.js, line 1: SecurityError: Permission denied to access property "__gpp" on cross-origin object
1738930942719	Marionette	WARN	Ignoring event 'pageshow' because document has an invalid readyState of 'interactive'.
1738930942774	Marionette	WARN	Ignoring event 'pageshow' because document has an invalid readyState of 'loading'.
1738930943414	Marionette	INFO	Stopped listening on port 60154
JavaScript warning: https://tagan.adlightning.com/newscorp-wsj-aps/bl-7312890-1802a755.js, line 1: Script terminated by timeout at:
@https://tagan.adlightning.com/newscorp-wsj-aps/bl-7312890-1802a755.js:1:3395
C.search<@https://tagan.adlightning.com/newscorp-wsj-aps/bl-7312890-1802a755.js:1:74528
C.search</C.search<@https://tagan.adlightning.com/newscorp-wsj-aps/bl-7312890-1802a755.js:1:73907
nt@https://tagan.adlightning.com/newscorp-wsj-aps/b-bde0e05-9cb7c1ed.js:1:37869
t8@https://tagan.adlightning.com/newscorp-wsj-aps/b-bde0e05-9cb7c1ed.js:1:18455
it/c<@https://tagan.adlightning.com/newscorp-wsj-aps/b-bde0e05-9cb7c1ed.js:1:39646
it@https://tagan.adlightning.com/newscorp-wsj-aps/b-bde0e05-9cb7c1ed.js:1:41015
en/</e/</a<@https://tagan.adlightning.com/newscorp-wsj-aps/b-bde0e05-9cb7c1ed.js:1:57770
en/</e/<@https://tagan.adlightning.com/newscorp-wsj-aps/b-bde0e05-9cb7c1ed.js:1:57723
t8@https://tagan.adlightning.com/newscorp-wsj-aps/b-bde0e05-9cb7c1ed.js:1:18455
e@https://tagan.adlightning.com/newscorp-wsj-aps/b-bde0e05-9cb7c1ed.js:1:57580
@https://googleads.g.doubleclick.net/dbm/ad?dbm_c=AKAmf-Boz9fjtdOPO6Lk_KJYu4i2EASzj_khGcqHLaX7sWQYXDSKVNWQAxvG7qp1xlc6yfm66YM9xhahWAgbP5P3EmZf6hOxgN_NSF4sdRPmanxHxqbVW6ftndwUO-yuDJj9xHmMYRrSOab3kBJqlnBParJcbpRAEUz6HkRrnYpfdmegx1gP0hEqGMlyy2v9bf0daEMKyLbG0R7sG2GjNj05B2YOLlwE-ErBcb_amfDdAFZKB8H8ucu3pEOliSsgLEOXUbP0cOHr&cry=1&dbm_d=AKAmf-BsXrEPhW2l1bAffwJz3gNbiHWUtGtVD7IT2aNLZYCHkeO7cMHeTLT19ZBUzs6aFYr1QtBnEiTXvD8jBJ0ghchnAccbdOuJ2RI2zwhmsHrSEnBUfegxrYplrdERDhXqC4lnEAO23gw2_irdwQRGhTZ7rjDJegKLp0x-KFNEZOEfwMrZ9KPe2KXqOmYkJmdpfLRliiW44_sg4yXroZrP61iAskUp_UpCkA4s2Ywu5FaKioAZQHxTDDiGCL2lzooKgTc6EVswfhxmCPCO5yExU-tH3zXZ-hATNCtufuBV4IDQsyJ_7lVMyo9SOhYO0sE9j1cQ3TpaBtaIpadw_uXD30WSzjrORdjgJM7FVJiqcVNWMsXuS1JdqY2n7tafFRFFw_qkyIc13NC_P34nuKabxMzvHtmxUw5omqtiFtl-cg72Y-R-r4qSI1hQvCraNx_qyYpENpomX5Am1zXaPA1_u59sU-KJ9m-51oQi4Tv7FvkipXxE6I-NUx7mGCZLq9wKtWQdvezPxRSGjoZ4hsjZJgrTAUaPk8K2RBb-RB5XWoKhi92z0fcdlcx2O2UnMCFcOmzZiR_0MQP7QBPjak7oD-BfTIBJvJUE4Qui8llHge2dNjrhPQX5IovzJPVo3-6G1lcfFWzk9wa0a-4wKLFeSohlWOYWqz0tY2kMEjVdqqaBoUKwE8pjHc7LdHo2IA5C7girKzTkT26akkInGO05fTXzLHOXpTDbejx2HjyVE7KfBsCTEUTF10G5DQ2Zyu88zKtl-Cu_OQ4d4oTneLXeVDQFakSX0rtCno5Hn9Y9Jq_k97Fx_As54TI1jhrg82F6EAH9noN3DaDn8Ftj6GlsXj0lMixPOjQMHBD2Dg8Nvkbc-J3YajWHraR20zjRXyrLwjvKiniJKDPkmYqViWIzhQRt_5-UdUdgIy10z5a43xER3Snl4cBZRns0TzoACysklXRCWSB3rs3hwHufHR7olXRvEmvnrDOaEnpzLSJkxrLb1alvwiPEL5_PN0SFasaKFQt7KajLKo9zy6fT2loERFnL0JxvzznHQI7tlMR1gnndI5KdiH6b_gdqy6aiVJmmOBYwdfxZStoO5ElTcAba4yfBNJVN16ot3V7JQ6naEs1CeQX47QPhNFOCTZcutf5NFhdW-BjoiAkZyruTxbeXP_DeXiI83mEKXjej3nUI7BRAuQiOsSdNjiXlv9eCQSLBamtsqKDVltX0fSVpUrE4_yj08djBVQDoKc7EOaXTtf2JxtO3oGUDfYpJh_faUYoNkAsCyIAMpk3Fm3V_9UIJvku9ovlMbuE-BvS00vpTCfiYOGOBQHcnyNcj6efhb_p_F4js8YHUxxvFb3hr2Fsc6fwjIEsFZeS-tn2LRrUeyZgCswJYdPL7Hmf-Yp4ywfPZBzJKsenl89xydaU4eUsfw7bRLVtWhuLzwbl6rX2Tt0ItaTNwkJ9JhEllGCcFbdqfTD3tz7wWG8fR9bI3Z6ehfVDlqwUX-V6mabtUgo1haeUqdDNUAOx9xIenlXyUW33XzABGgaPP-N0DzpCZPcjSpu4v-wL3TCjOTdjQ0MQRVJ3V73bdK_ob8kj8xhrhHXq-vpyQVsxCZSU5CShYS7sNyX0H1JPq3M1D2SrY71BR2702nqSzMa2PBzbR2FKw4vZwQiz6rT1rDOXD6Hox3aCmqHcdLmtFy5_9dYbO9_71MwK7neOgaWF0HWXvcvqIReh9Qg3jjOUa2yqZOm3SK1n6eu4_ltwEtMPjdYLlYRaU7BNhRBY6gg6pEeBhzvTVG4yB3lbIv7HrErRDMXcSyzXBTapLmQq9tlRCPeM_OD-7dntjXj6nZ4-JMhfqFEDtIn07luLmeKhKf9bgfBv5S2aW-UqRgz_l34XbvsWRf5LZiu3s1aK25FZQ8pSFt6uYtLlbxLO9qJ5gGl1ux0K2-WYH03kKUmUpOxyp0GQuyCbxjXrpbGV8FuNedv4V8W0C-CnlJNaICRiu1ehbyd79E2jFBwwZZM48W7rdgch83Tt8b164eHzwYWhJFWIqrQVNml3-RAbaYfc8hMZagu2bIzm5JPjiFSBJNag_eUfFlzmsuahqNGpl9w68-KjU0KLAAc_jbuBqArijIj9Oa9Rr2Cy1zfIwRGLULGqO2AOaufU_Q7ZLt1uvLxzyXvJdsuQXiKAdEzyuZxyy7P4e1SDopqmqNfGhX_53y23U-ekhnCJfmnEDldcFc76Po2m8dgb8nSE6lp7BVYUXJ-Q_PpDmJGCih6GbSTAHTwpYE2tk8tHBjHgjgR5hl_OW_TCNtea32_bLpuEVbzOO0-BBUZGfEPQwyuGqC5hmrv_j42L_iANf3uE9DpLX77ezlRXhYKCaYup910ngHJp32IbPjEIDAtNeBQ6pNIi9YN04DUMRfHBJvsF_o_u-w0vSJk9s6-yQAs2TNbPy_6kxRU9T-eGAkA7mTfEXoPEkLezRTrjDbTTuNrMXoNnr3U9K4Z2JGGNnrOuZIfOBx1v1mY8Zx291bzDI6tVIMzdYm9E7K1RMDHeu0QT_y2NjZwI7jh_L99yIBSPB8ZBm3NyPE1JVmUa4KTmoe-MX9htRrRP3zBqiqfaTJHjOHcdJGgrSv46t6uSbQvHCucTrJeQItDr1HhjLS7cczPPAzG448zPcM9qocCRuRtNGuJEwJpsWDcNMewouSofjSsw_fF2ee3pb8HsUzN6TPChmo5GBLld535j8f03XbaDlD_c2DtjPMfAXZZo-202fHTgDWbisDk0CUgVyEVwgqXSlfk5mG0d2_x16V0qbkTpEHN_0eb3LMBpq3RQS0vOkI0upcS-VvA4zTI1c7wLy7M-4WDl4jik5bd_i_dPId54VWuR77nOIDKUyvhcdB1uH6EM1rBM2-YJ4ivuUVOLh6jeZYpFUfBZ70BE4C6cbKD19o8Ou9XCrr-ghONr5flU7fLMhMTch95eo-g0G-NcXstElBRR_TrYUu1Tk7pZzvdotuLnolO3OtY_cdEl8niu491wXqFbDTydBl7U4CMgYyexC36-wEtKyhjGOrGXqkYkGMTtLnwHzXwSfy0YZcI6SFccL4kEz_X9V67VJxHalKjnj2nZbmGryuEeKtcxGvip7dg9DW0-HGKjj_MoL92ajg4-4Oux6wNmLpUrkBPj_tAOyvjJuAy_HVa0UDJeNcgbNMX8egr3l2RPpJXO_YZFp_1ZhWTd0rds2Dl2rpi0PSTmqgV9AMQS_4uRQWyiAaVuZHlT9ygANsLWeKqHdOIR0MDniNN9erl8-m3uqpgu3rDtWvyzIAZgexzMcweqVit0YbPmbTAregQmYAQh2tRqPzYnGGivi-FhvbpMDweOlzwFlc4iaPJsF-qR9JUjNVB6_YaDCWUezYDd4vfUR5pLkupVrouTQ93XK39b_wHaQqguceL4cMUZeYKQ5S-YFFE0PV5AY-URrM-qnjYPp2d6WZFt7qKVqHO171QRoY1Y3psybKeLdeEoQ9QHswuIuOB9xYYGD4TC_iCnYInEmcq71n9kG7Ge5TSbacePWXXmr4HabzOZTA_Q6-t6GpLWDzKM_Y3Ytyr_-1V4V6p_37QAG96ecegYodJucX-19uMfrrv08ah-7c64mF3xQC-cUtXUVfC16nIdkq_7gb05BlrYaw_J0jhIkmqfY4HG6SR7gwXzW4YDAb0-eD3-ztnLJ46y7VEkC-q3L4qRAkIagvo7ecoA-bJx-jxJDbPwPJk4KdXYR132c0wOFw09pJoWWz4kqoti_y3olvfmmxaVLrVpNC4RsCtZN0mUTyjeqLcA7KF8x3at--2PNM6Fw7vNf2l8ZslmLm0CNkKsf-dEP2nc_5WkEu8vJ6wAhJFhIZiVfW9VeuBVxIC-PKaXMAVp3w79aal7qoAig_8fDBBhnc5qx8IUZ7ffzg9EkAQ_9sj9h-_S_pCoDIbpeqGjgaOxKkd3NNvV6lhsuD8c_VB9s-u2INDfs0eyKgH3M4Ci9pKFKym3S9P6qtQRk4amvoyHg9N47nIxNsdelhcqoczwu6rFcyRlY57amrID-HPTUEodJviWbtjZC1_Wb_ApsrZF25z1vRNl5vQ8SIbKptBK6tHOVfLQRvns70Z_CtBbh9tkZHgS0agrsjiMQLkR7u5IuQ74i5MTxun_Ea9EabQQtAO1dW7NIOhqHvnsBa9MMmDf2-B2dsXaXF_X-J5RTqah7_5d8k12GUOgORfcCTmKll0S7FTXMwe_y5wC5ET2OLPGU7qBHEjEwSGxYi8OXwuUx8w3uKeX9MBocaSJQk9fZ07VJZK4F-biuNh4vfuVCSMPQlrndmZZyjrxFpY7__RY3SBGR8eCLQ4Jr6Q4XWBIz41Dzh4Jts6N40DU5HkkzRwBo9rgVYqMAesXpgLlhR8uMplyOuL8zWdxB2T1tnv926kzZKP0L4BQ-&pr=96%3A1.331&cid=CAQSSQCjtLzMv4bhHUGni_JSsvfEw6hH1sKIWUsP2FOGRpsXRM2E_ozUAOHPvV0yO6v3C739H_9Q3wiAWFlUrJwmxV4reKf6k5eJ_CcYAQ&xfc=https%3A%2F%2Feb2.3lift.com%2Fec%3Finv_code%3DWSJ_D_300x600_OB%26aid%3D18607237790283601652370%26rev%3Dee7b16b%26pr%3DZ6X6_QANFbcE0D7PADn2_l5CRcM9ZhmVtJClcQ%26bc%3D1.331%26bmid%3D5989%26biid%3D6021%26sid%3D78499%26brid%3D565756%26adid%3D637814406%26crid%3D304696241%26ts%3D1738930941%26bcud%3D1331%26ss%3D5%26unid%3D0%26cepos%3D0%26ceid%3D0%26cb%3D77389%26rdir%3D&dv3_ver=m202501210201&rfl=https%3A%2F%2Fwww.wsj.com%2F&ds=l&xdt=1&ct=119&iif=1&cor=346785523410316600&adk=1574555230&idt=128&cac=1&dtd=103:1:10

Dynamically enable window occlusion 1
