1739413732982	geckodriver	INFO	Listening on 127.0.0.1:50712
1739413736027	mozrunner::runner	INFO	Running command: "C:\\Program Files\\Mozilla Firefox\\firefox.exe" "--marionette" "--remote-debugging-port" "50713" "--remote-allow-hosts" "localhost" "-no-remote" "-profile" "D:\\Users\\sasikumarj\\AppData\\Local\\Temp\\rust_mozprofileYsWtXg"
console.warn: services.settings: Ignoring preference override of remote settings server
console.warn: services.settings: Allow by setting MOZ_REMOTE_SETTINGS_DEVTOOLS=1 in the environment
Dynamically enable window occlusion 0
1739413736666	Marionette	INFO	Marionette enabled
1739413736919	Marionette	INFO	Listening on port 50725
WebDriver BiDi listening on ws://127.0.0.1:50713
Read port: 50725
console.error: Policies: 
  Download failed - ERROR_CORRUPT_FILE - file://C:\Program Files\Snow Software\Inventory\Agent\FFCloudmetering.xpi
1739413737157	RemoteAgent	WARN	TLS certificate errors will be ignored for this session
DevTools listening on ws://127.0.0.1:50713/devtools/browser/b35f9871-d679-4111-a36e-9df45031ab93
JavaScript error: https://us.tags.newscgp.com/prod/ncg/ncg.js, line 10: TypeError: window.GlobalSnowplowNamespace is undefined
JavaScript error: https://cdn.cxense.com/sp1.html#ver=2.8.90&typ=pgv&rnd=m72q16hwhx81j8bw&sid=1134007940894473081&loc=https%3A%2F%2Fwww.mansionglobal.com%2F&new=1&arf=0&ltm=1739413743923&ref=&tzo=-330&wsz=1280x595&res=1280x720&dpr=1&col=24&bln=en-US&chs=UTF-8&cks=m72q17recvrxly3z&ckp=m72q16hx2im16cv9&glb=&cp_userState=anon&cp_testGroup=73&cp_topDomain=mansionglobal.com&cp_template=full&cp_access=free&cp_section=Home&cp_subsection=&cp_cms_name=CMS%20Wordpress&cp_subscriber=nonsubscriber&cp_edition=na%252Cus&cp_bucket=1&cp_ab_bucket=21&cp_pageContentSource=Mansion%20Global&cp_pageContentType=Home&cp_pageContentTypeDetai=default&cp_pageSiteProduct=MG&cp_userTags=&cp_sessionState=none, line 1: TypeError: cX.loadScript is not a function
JavaScript error: https://us.tags.newscgp.com/prod/ncg/ncg.js, line 10: TypeError: window.GlobalSnowplowNamespace is undefined
JavaScript warning: https://pagead2.googlesyndication.com/bg/8ZaB7jRsaaU-biZOJz6O6mNB_fDMtsHVeu7uD0tG4og.js line 2 > eval line 2038 > eval line 1 > eval line 1 > eval, line 1: WEBGL_debug_renderer_info is deprecated in Firefox and will be removed. Please use RENDERER.
JavaScript warning: https://newscorp.okta.com/assets/js/vendor/lib/fingerprint2.min.68ab45bd98459cb766f3ab26d086e5f5.js, line 1: WEBGL_debug_renderer_info is deprecated in Firefox and will be removed. Please use RENDERER.
JavaScript warning: https://newscorp.okta.com/assets/js/vendor/lib/fingerprint2.min.68ab45bd98459cb766f3ab26d086e5f5.js, line 1: WEBGL_debug_renderer_info is deprecated in Firefox and will be removed. Please use RENDERER.
JavaScript warning: https://newscorp.okta.com/assets/js/vendor/lib/fingerprint2.min.68ab45bd98459cb766f3ab26d086e5f5.js, line 1: WEBGL_debug_renderer_info is deprecated in Firefox and will be removed. Please use RENDERER.
JavaScript warning: https://newscorp.okta.com/assets/js/vendor/lib/fingerprint2.min.68ab45bd98459cb766f3ab26d086e5f5.js, line 1: WEBGL_debug_renderer_info is deprecated in Firefox and will be removed. Please use RENDERER.
console.warn: LoginRecipes: "Falling back to a synchronous message for: https://newscorp.okta.com."
JavaScript error: chrome://browser/content/preferences/moreFromMozilla.js, line 83: TypeError: Region.home is null
JavaScript warning: https://newscorp.okta.com/assets/js/vendor/lib/fingerprint2.min.68ab45bd98459cb766f3ab26d086e5f5.js, line 1: WEBGL_debug_renderer_info is deprecated in Firefox and will be removed. Please use RENDERER.
JavaScript warning: https://www.mansionglobal.com/articles/are-there-tax-breaks-on-agricultural-land-in-pennsylvania-01648119848, line 114: Script terminated by timeout at:
nrWrapper@https://www.mansionglobal.com/articles/are-there-tax-breaks-on-agricultural-land-in-pennsylvania-01648119848:114:17609

1739414598012	Marionette	INFO	Stopped listening on port 50725
Dynamically enable window occlusion 1
!!! error running onStopped callback: TypeError: callback is not a function
JavaScript warning: https://www.google.com/js/th/2OLqLGNr0zHDpmEvPVsLweQktEaAqFW_L2mqSHTdR30.js line 2 > eval line 950 > eval line 1 > eval line 1 > eval, line 1: WEBGL_debug_renderer_info is deprecated in Firefox and will be removed. Please use RENDERER.
