1729836769112	geckodriver	INFO	Listening on 127.0.0.1:49341
1729836772149	mozrunner::runner	INFO	Running command: "C:\\Program Files\\Mozilla Firefox\\firefox.exe" "--marionette" "--remote-debugging-port" "49342" "--remote-allow-hosts" "localhost" "-no-remote" "-profile" "D:\\Users\\sasikumarj\\AppData\\Local\\Temp\\rust_mozprofilehCwI5c"
console.warn: services.settings: Ignoring preference override of remote settings server
console.warn: services.settings: Allow by setting MOZ_REMOTE_SETTINGS_DEVTOOLS=1 in the environment
Dynamically enable window occlusion 0
1729836772859	Marionette	INFO	Marionette enabled
1729836773162	Marionette	INFO	Listening on port 49349
Read port: 49349
WebDriver BiDi listening on ws://127.0.0.1:49342
1729836773307	RemoteAgent	WARN	TLS certificate errors will be ignored for this session
DevTools listening on ws://127.0.0.1:49342/devtools/browser/593311ac-b1ff-4079-a508-5bf57657cb94
JavaScript warning: https://www.dev.marketwatch.com/_next/static/chunks/main-7c2c5b4ee7ae4ea0.js, line 1: unreachable code after return statement
JavaScript warning: https://cdn.privacy-mgmt.com/unified/wrapperMessagingWithoutDetection.js, line 1: Script terminated by timeout at:
i/</t.disableScroll@https://cdn.privacy-mgmt.com/unified/wrapperMessagingWithoutDetection.js:1:12075
i/</e.removeAllMessages@https://cdn.privacy-mgmt.com/unified/wrapperMessagingWithoutDetection.js:1:26953
d@https://cdn.privacy-mgmt.com/unified/wrapperMessagingWithoutDetection.js:1:123101
destroyMessages@https://cdn.privacy-mgmt.com/unified/wrapperMessagingWithoutDetection.js:1:119064
@https://cdn.privacy-mgmt.com/unified/wrapperMessagingWithoutDetection.js:1:123870

1729836785549	Marionette	INFO	Stopped listening on port 49349
Dynamically enable window occlusion 1
