1735201199105	geckodriver	INFO	Listening on 127.0.0.1:61419
1735201202147	mozrunner::runner	INFO	Running command: "C:\\Program Files\\Mozilla Firefox\\firefox.exe" "--marionette" "--remote-debugging-port" "61420" "--remote-allow-hosts" "localhost" "-no-remote" "-profile" "D:\\Users\\sasikumarj\\AppData\\Local\\Temp\\rust_mozprofileY82F0q"
console.warn: services.settings: Ignoring preference override of remote settings server
console.warn: services.settings: Allow by setting MOZ_REMOTE_SETTINGS_DEVTOOLS=1 in the environment
Dynamically enable window occlusion 0
1735201202902	Marionette	INFO	Marionette enabled
1735201203154	Marionette	INFO	Listening on port 61432
WebDriver BiDi listening on ws://127.0.0.1:61420
Read port: 61432
1735201203427	RemoteAgent	WARN	TLS certificate errors will be ignored for this session
DevTools listening on ws://127.0.0.1:61420/devtools/browser/10089a51-00ab-4856-886a-a8882984157d
JavaScript warning: https://www.marketwatch.com/_next/static/chunks/main-7c2c5b4ee7ae4ea0.js, line 1: unreachable code after return statement
JavaScript warning: https://pagead2.googlesyndication.com/bg/pyMTr0nkmN6cL6IgtDyOeR9sHSfyHchE6TDXG14OT6s.js line 2 > eval line 4603 > eval line 1 > eval line 1 > eval, line 1: WEBGL_debug_renderer_info is deprecated in Firefox and will be removed. Please use RENDERER.
JavaScript warning: https://cdn.gbqofs.com/sv/b/detector-bootstrap.min.js, line 0: Successfully compiled asm.js code (total compilation time 3ms)
JavaScript error: https://cdn.cxense.com/sp1.html#ver=2.8.87&typ=pgv&rnd=m551zyjsj79ywkhs&sid=9222325317970825873&loc=https%3A%2F%2Fwww.marketwatch.com%2Fstory%2Fis-the-u-s-stock-market-closed-on-juneteenth-what-investors-need-to-know-11655230158&new=1&arf=0&ltm=1735201215638&ref=&tzo=-330&wsz=1280x595&res=1280x720&dpr=1&col=24&bln=en-US&chs=UTF-8&cks=m552031gr1j4jy15&ckp=m55202uxdu66sz8s&glb=&amo=1655731440&cp_userState=anon&cp_testGroup=7&cp_topDomain=marketwatch.com&cp_pwTag=default&cp_pwPlacement=cx-articlecover&cp_pwCampaign=226&cp_pwType=free&cp_type=Market%20Extra&cp_template=preview&cp_access=paid&cp_section=Markets&cp_subsection=Markets&cp_cms_name=MarketWatch%20CMS%20(PROD)&cp_vix=&cp_subscriber=nonsubscriber&cp_edition=naus&cp_bucket=2&cp_ab_bucket=2&cp_pageContentSource=MarketWatch&cp_pageContentType=Article&cp_pageContentTypeDetai=standard&cp_pageSiteProduct=MW&cp_userTags=&cp_sessionState=none, line 1: TypeError: cX.loadScript is not a function
JavaScript warning: https://pagead2.googlesyndication.com/bg/pyMTr0nkmN6cL6IgtDyOeR9sHSfyHchE6TDXG14OT6s.js line 2 > eval line 932 > eval line 1 > eval line 1 > eval, line 1: WEBGL_debug_renderer_info is deprecated in Firefox and will be removed. Please use RENDERER.
JavaScript error: https://07a97ad1574f01edb8a800e872009422.safeframe.googlesyndication.com/safeframe/1-0-40/html/container.html, line 17: SecurityError: Permission denied to access property "addEventListener" on cross-origin object
JavaScript warning: https://pagead2.googlesyndication.com/bg/pyMTr0nkmN6cL6IgtDyOeR9sHSfyHchE6TDXG14OT6s.js line 2 > eval line 4848 > eval line 1 > eval line 1 > eval, line 1: WEBGL_debug_renderer_info is deprecated in Firefox and will be removed. Please use RENDERER.
JavaScript error: https://07a97ad1574f01edb8a800e872009422.safeframe.googlesyndication.com/safeframe/1-0-40/html/container.html, line 17: SecurityError: Permission denied to access property "addEventListener" on cross-origin object
JavaScript warning: https://pagead2.googlesyndication.com/bg/pyMTr0nkmN6cL6IgtDyOeR9sHSfyHchE6TDXG14OT6s.js line 2 > eval line 5843 > eval line 1 > eval line 1 > eval, line 1: WEBGL_debug_renderer_info is deprecated in Firefox and will be removed. Please use RENDERER.
JavaScript warning: https://pagead2.googlesyndication.com/bg/pyMTr0nkmN6cL6IgtDyOeR9sHSfyHchE6TDXG14OT6s.js line 2 > eval line 3351 > eval line 1 > eval line 1 > eval, line 1: WEBGL_debug_renderer_info is deprecated in Firefox and will be removed. Please use RENDERER.
JavaScript error: https://07a97ad1574f01edb8a800e872009422.safeframe.googlesyndication.com/safeframe/1-0-40/html/container.html, line 17: SecurityError: Permission denied to access property "addEventListener" on cross-origin object
JavaScript warning: https://pagead2.googlesyndication.com/bg/pyMTr0nkmN6cL6IgtDyOeR9sHSfyHchE6TDXG14OT6s.js line 2 > eval line 6216 > eval line 1 > eval line 1 > eval, line 1: WEBGL_debug_renderer_info is deprecated in Firefox and will be removed. Please use RENDERER.
JavaScript error: https://www.wsj.com/static_html_files/bluegrass/2.2.119/bluegrass2.min.js, line 1: TypeError: e.xhrFields is undefined
Exiting due to channel error.
[GFX1-]: CompositorBridgeChild receives IPC close with reason=AbnormalShutdown
[GFX1-]: CompositorBridgeChild receives IP[GFX1-]: CompositorBr[GFX1-]: CompositorBridgeChild receives IPC close with reason=AbnormalShutdown
[[GFX1-]: CompositorBridgeChild [GFX1-]: CompositorBridgeChild r[GFX1-]: CompositorBr[GFX1-]: CompositorBridgeChild receives IPC close with reason=Abnorma[[GFX1-]: CompositorBridgeChild receives IPC close w[[[[[[[GFX1-]i[GGFX1-]: CompositorBridgeChild receives IPC close with reason=AbnormalShutdown
GFX1-]: CompositorBridgeChild receives IPC close with reason=AbnormalShutdown
C close with reason=GFX1-]: CompositorBridgeChild receives IPC close w[GFX1-]: CompositorBridgeChild receives IPC close with reason=AbnormalShutdown
idgeChild receives IPC close with reason=AbnormalShutdown
Exiting due to channel error.
GFA[G: CompositorBridgeChild receives IPC close with reason=AbnormalSExiting due to channel error.
Exiting due to channel error.
Exiting due to channel error.
Exiting due to channel error.
Exiting due to channel error.
Exiting due to channel error.
Exiting due to channel error.
erilGGG[GFX1-]: CompositorBridgeChild receives IPC close with reason=AbnormalShutdown
[