1729837223134	geckodriver	INFO	Listening on 127.0.0.1:56837
1729837226166	mozrunner::runner	INFO	Running command: "C:\\Program Files\\Mozilla Firefox\\firefox.exe" "--marionette" "--remote-debugging-port" "56838" "--remote-allow-hosts" "localhost" "-no-remote" "-profile" "D:\\Users\\sasikumarj\\AppData\\Local\\Temp\\rust_mozprofilejiSh8L"
console.warn: services.settings: Ignoring preference override of remote settings server
console.warn: services.settings: Allow by setting MOZ_REMOTE_SETTINGS_DEVTOOLS=1 in the environment
Dynamically enable window occlusion 0
1729837226998	Marionette	INFO	Marionette enabled
1729837227314	Marionette	INFO	Listening on port 56846
WebDriver BiDi listening on ws://127.0.0.1:56838
Read port: 56846
1729837227598	RemoteAgent	WARN	TLS certificate errors will be ignored for this session
DevTools listening on ws://127.0.0.1:56838/devtools/browser/18467938-5ee4-469b-b065-8f46b835ea9f
JavaScript warning: https://int-replay-wsj-elections.ore.onservo.com/election/_next/static/chunks/main-c0569e4635de2e62.js, line 1: unreachable code after return statement
JavaScript warning: https://int-replay-wsj-elections.ore.onservo.com/election/_next/static/chunks/main-c0569e4635de2e62.js, line 1: unreachable code after return statement
JavaScript error: https://cdn.cxense.com/sp1.html#ver=2.8.82&typ=pgv&rnd=m2ocfdi4adrjr7co&sid=1134002947328204066&loc=https%3A%2F%2Fwww.dev.wsj.com%2F&new=1&arf=0&ltm=1729837235744&ref=&tzo=-330&wsz=1278x497&res=1278x622&dpr=1&col=24&bln=en-US&chs=UTF-8&cks=m2ocfdlqfj73dsy6&ckp=m2ocfdi4so92bqfc&glb=&cp_userState=anon&cp_testGroup=27&cp_env=staging&cp_topDomain=wsj.com&cp_template=full&cp_access=free&cp_section=US%20Home%20Page&cp_subsection=&cp_cms_name=CAPS&cp_subscriber=nonsubscriber&cp_edition=naus&cp_bucket=8&cp_ab_bucket=58&cp_pageContentSource=WSJ%20Online&cp_pageContentType=Home&cp_pageContentTypeDetai=desktopweb&cp_pageSiteProduct=WSJ&cp_userTags=&cp_sessionState=none, line 1: TypeError: cX.loadScript is not a function
1729837239354	Marionette	WARN	Ignoring event 'DOMContentLoaded' because document has an invalid readyState of 'complete'.
[GFX1-]: wr_renderer_render: OutOfMemory
out of memory: 0x0000000000001000 bytes requested
A content process crashed and MOZ_CRASHREPORTER_SHUTDOWN is set, shutting down
[GFX1-]: Handling webrender error 2
[GFX1-]: Fallback SW-WR + D3D11 to SW-WR
A content process crashed and MOZ_CRASHREPORTER_SHUTDOWN is set, shutting down
JavaScript error: chrome://global/content/elements/browser-custom-element.js, line 1679: Error: permitUnload is already running for this tab.
[GFX1-]: Failed to connect WebRenderBridgeChild. isParent=false
JavaScript error: resource:///modules/sessionstore/SessionStore.sys.mjs, line 2367: TypeError: subject.QueryInterface is not a function
A content process crashed and MOZ_CRASHREPORTER_SHUTDOWN is set, shutting down
1729837241617	Marionette	INFO	Stopped listening on port 56846
Dynamically enable window occlusion 1
1729837241803	Marionette	WARN	Ignoring event 'pageshow' because document has an invalid readyState of 'uninitialized'.
