1738956769828	geckodriver	INFO	Listening on 127.0.0.1:56842
1738956772865	mozrunner::runner	INFO	Running command: "C:\\Program Files\\Mozilla Firefox\\firefox.exe" "--marionette" "--remote-debugging-port" "56843" "--remote-allow-hosts" "localhost" "-no-remote" "-profile" "D:\\Users\\sasikumarj\\AppData\\Local\\Temp\\rust_mozprofilebF0hrD"
console.warn: services.settings: Ignoring preference override of remote settings server
console.warn: services.settings: Allow by setting MOZ_REMOTE_SETTINGS_DEVTOOLS=1 in the environment
Dynamically enable window occlusion 0
1738956773572	Marionette	INFO	Marionette enabled
1738956773834	Marionette	INFO	Listening on port 56855
WebDriver BiDi listening on ws://127.0.0.1:56843
Read port: 56855
console.error: Policies: 
  Download failed - ERROR_CORRUPT_FILE - file://C:\Program Files\Snow Software\Inventory\Agent\FFCloudmetering.xpi
1738956774133	RemoteAgent	WARN	TLS certificate errors will be ignored for this session
DevTools listening on ws://127.0.0.1:56843/devtools/browser/46199990-aab6-4070-bade-a9a78a380473
JavaScript error: https://cdn.cxense.com/sp1.html#ver=2.8.90&typ=pgv&rnd=m6v5yw7pv7269zio&sid=1134002947328204066&loc=https%3A%2F%2Fwww.dev.wsj.com%2F&new=1&arf=0&ltm=1738956781722&ref=&tzo=-330&wsz=1280x595&res=1280x720&dpr=1&col=24&bln=en-US&chs=UTF-8&cks=m6v5ywaejz6ukso1&ckp=m6v5yw7paqivdlwc&glb=&cp_userState=anon&cp_testGroup=0&cp_env=staging&cp_topDomain=wsj.com&cp_template=full&cp_access=free&cp_section=US%20Home%20Page&cp_subsection=&cp_cms_name=CAPS&cp_subscriber=nonsubscriber&cp_edition=naus&cp_bucket=6&cp_ab_bucket=26&cp_pageContentSource=WSJ%20Online&cp_pageContentType=Home&cp_pageContentTypeDetai=desktopweb&cp_pageSiteProduct=WSJ&cp_userTags=&cp_sessionState=none, line 1: TypeError: cX.loadScript is not a function
JavaScript error: https://news.google.com/swg/js/v1/swg.js, line 17: Error: XHR Failed fetching (https://news.google.com/...): (Note: a CORS error above may indicate that this publisher or domain is not configured in Publisher Center. The CORS error happens because 4xx responses do not set CORS headers.)

TypeError: NetworkError when attempting to fetch resource.
JavaScript error: , line 0: uncaught exception: Object
JavaScript error: https://news.google.com/swg/js/v1/swg.js, line 17: Error: Error: not allowed
JavaScript warning: https://cdn.gbqofs.com/sv/b/detector-bootstrap.min.js, line 0: Successfully compiled asm.js code (total compilation time 4ms)
1738956791763	Marionette	WARN	Ignoring event 'DOMContentLoaded' because document has an invalid readyState of 'complete'.
1738956801621	Marionette	INFO	Stopped listening on port 56855
JavaScript warning: https://video-api.wsj.com/api-video/player/v3/js/chunks/41.cc5f17b7fae2fdf357c4.min.js, line 1: Script terminated by timeout at:
detectPlayerSize@https://video-api.wsj.com/api-video/player/v3/js/chunks/41.cc5f17b7fae2fdf357c4.min.js:1:235165

Dynamically enable window occlusion 1
[GFX1-]: VideoBridgeParent receives IPC close with reason=AbnormalShutdown
