1739433561802	geckodriver	INFO	Listening on 127.0.0.1:54486
1739433564837	mozrunner::runner	INFO	Running command: "C:\\Program Files\\Mozilla Firefox\\firefox.exe" "--marionette" "--remote-debugging-port" "54487" "--remote-allow-hosts" "localhost" "-no-remote" "-profile" "D:\\Users\\sasikumarj\\AppData\\Local\\Temp\\rust_mozprofileQaZbOG"
console.warn: services.settings: Ignoring preference override of remote settings server
console.warn: services.settings: Allow by setting MOZ_REMOTE_SETTINGS_DEVTOOLS=1 in the environment
Dynamically enable window occlusion 0
1739433565464	Marionette	INFO	Marionette enabled
1739433565716	Marionette	INFO	Listening on port 54501
WebDriver BiDi listening on ws://127.0.0.1:54487
Read port: 54501
console.error: Policies: 
  Download failed - ERROR_CORRUPT_FILE - file://C:\Program Files\Snow Software\Inventory\Agent\FFCloudmetering.xpi
1739433565983	RemoteAgent	WARN	TLS certificate errors will be ignored for this session
DevTools listening on ws://127.0.0.1:54487/devtools/browser/b9dac76b-0aba-4237-b48d-8677a9ec2be3
JavaScript warning: https://pagead2.googlesyndication.com/bg/8ZaB7jRsaaU-biZOJz6O6mNB_fDMtsHVeu7uD0tG4og.js line 2 > eval line 2877 > eval line 1 > eval line 1 > eval, line 1: WEBGL_debug_renderer_info is deprecated in Firefox and will be removed. Please use RENDERER.
1739433575700	Marionette	WARN	Ignoring event 'pageshow' because document has an invalid readyState of 'uninitialized'.
1739433575756	Marionette	WARN	Ignoring event 'pageshow' because document has an invalid readyState of 'uninitialized'.
1739433575761	Marionette	WARN	Ignoring event 'pageshow' because document has an invalid readyState of 'uninitialized'.
1739433575782	Marionette	WARN	Ignoring event 'pageshow' because document has an invalid readyState of 'uninitialized'.
1739433575790	Marionette	WARN	Ignoring event 'pageshow' because document has an invalid readyState of 'uninitialized'.
1739433575815	Marionette	WARN	Ignoring event 'pageshow' because document has an invalid readyState of 'uninitialized'.
1739433575857	Marionette	WARN	Ignoring event 'pageshow' because document has an invalid readyState of 'uninitialized'.
1739433576023	Marionette	WARN	Ignoring event 'pageshow' because document has an invalid readyState of 'uninitialized'.
1739433576027	Marionette	WARN	Ignoring event 'pageshow' because document has an invalid readyState of 'uninitialized'.
JavaScript warning: https://fpt.live.com/?session_id=1889d7cccdcd46b4a201856131365bb1&CustomerId=33e01921-4d64-4f8c-a055-5bdaffd5e33d&PageId=SI, line 5: WEBGL_debug_renderer_info is deprecated in Firefox and will be removed. Please use RENDERER.
console.warn: LoginRecipes: "Falling back to a synchronous message for: https://login.live.com."
console.warn: LoginRecipes: "Falling back to a synchronous message for: https://login.live.com."
console.error: ({})
1739433596384	Marionette	WARN	Ignoring event 'DOMContentLoaded' because document has an invalid readyState of 'complete'.
JavaScript warning: https://res-1.cdn.office.net/midgard/versionless/livepersonacard_without-react_e5798062a96aa59d6c33.js, line 2: unreachable code after return statement
JavaScript warning: https://pagead2.googlesyndication.com/bg/7X-uH5y0gJvnB4v7ISI4IqoVijK-ve8_b-uQfZfzdL4.js line 2 > eval line 458 > eval line 1 > eval line 1 > eval, line 1: WEBGL_debug_renderer_info is deprecated in Firefox and will be removed. Please use RENDERER.
JavaScript warning: https://pagead2.googlesyndication.com/bg/7X-uH5y0gJvnB4v7ISI4IqoVijK-ve8_b-uQfZfzdL4.js line 2 > eval line 1512 > eval line 1 > eval line 1 > eval, line 1: WEBGL_debug_renderer_info is deprecated in Firefox and will be removed. Please use RENDERER.
JavaScript warning: https://code.createjs.com/1.0.0/createjs.min.js, line 12: Script terminated by timeout at:
a@https://code.createjs.com/1.0.0/createjs.min.js:12:1940
a@https://code.createjs.com/1.0.0/createjs.min.js:13:1088
a@https://code.createjs.com/1.0.0/createjs.min.js:13:7693
a@https://code.createjs.com/1.0.0/createjs.min.js:14:26369
@https://s0.2mdn.net/sadbundle/6703892666414792704/45760_01_RET_New_RO_Banner_160x600.js:23:20
@https://s0.2mdn.net/sadbundle/6703892666414792704/45760_01_RET_New_RO_Banner_160x600.js:6448:3

JavaScript warning: https://s0.2mdn.net/879366/express_html_inpage_rendering_lib_200_281.js, line 52: Script terminated by timeout at:
O@https://s0.2mdn.net/879366/express_html_inpage_rendering_lib_200_281.js:52:2096
qe@https://s0.2mdn.net/879366/express_html_inpage_rendering_lib_200_281.js:52:2489
gf@https://s0.2mdn.net/879366/express_html_inpage_rendering_lib_200_281.js:58:244
b@https://s0.2mdn.net/879366/express_html_inpage_rendering_lib_200_281.js:56:297

JavaScript warning: https://s0.2mdn.net/879366/express_html_inpage_rendering_lib_200_281.js, line 144: Script terminated by timeout at:
tk@https://s0.2mdn.net/879366/express_html_inpage_rendering_lib_200_281.js:144:185
h.ba@https://s0.2mdn.net/879366/express_html_inpage_rendering_lib_200_281.js:145:1651
gf@https://s0.2mdn.net/879366/express_html_inpage_rendering_lib_200_281.js:58:306
b@https://s0.2mdn.net/879366/express_html_inpage_rendering_lib_200_281.js:56:297

JavaScript warning: https://pagead2.googlesyndication.com/bg/7X-uH5y0gJvnB4v7ISI4IqoVijK-ve8_b-uQfZfzdL4.js line 2 > eval line 6510 > eval line 1 > eval line 1 > eval, line 1: WEBGL_debug_renderer_info is deprecated in Firefox and will be removed. Please use RENDERER.
JavaScript warning: https://pagead2.googlesyndication.com/bg/7X-uH5y0gJvnB4v7ISI4IqoVijK-ve8_b-uQfZfzdL4.js line 2 > eval line 6435 > eval line 1 > eval line 1 > eval, line 1: WEBGL_debug_renderer_info is deprecated in Firefox and will be removed. Please use RENDERER.
1739433618394	Marionette	INFO	Stopped listening on port 54501
JavaScript warning: https://res.public.onecdn.static.microsoft/owamail/hashed-v1/scripts/owa.5232.m.d529f0e1.js, line 1: Script terminated by timeout at:
386666/</a2/<@https://res.public.onecdn.static.microsoft/owamail/hashed-v1/scripts/owa.5232.m.d529f0e1.js:1:119532
a2@https://res.public.onecdn.static.microsoft/owamail/hashed-v1/scripts/owa.5232.m.d529f0e1.js:1:119533
386666/</a3/</<@https://res.public.onecdn.static.microsoft/owamail/hashed-v1/scripts/owa.5232.m.d529f0e1.js:1:120029
aK@https://res.public.onecdn.static.microsoft/owamail/hashed-v1/scripts/owa.5232.m.d529f0e1.js:1:114782
386666/</a3/<@https://res.public.onecdn.static.microsoft/owamail/hashed-v1/scripts/owa.5232.m.d529f0e1.js:1:119773
er@https://res.public.onecdn.static.microsoft/owamail/hashed-v1/scripts/owa.5232.m.d529f0e1.js:1:31552
a3@https://res.public.onecdn.static.microsoft/owamail/hashed-v1/scripts/owa.5232.m.d529f0e1.js:1:119573
a5@https://res.public.onecdn.static.microsoft/owamail/hashed-v1/scripts/owa.5232.m.d529f0e1.js:1:120475
386666/</a4/<@https://res.public.onecdn.static.microsoft/owamail/hashed-v1/scripts/owa.5232.m.d529f0e1.js:1:120728
i@https://res.public.onecdn.static.microsoft/owamail/hashed-v1/scripts/owa.5232.m.d529f0e1.js:1:91759
r@https://res.public.onecdn.static.microsoft/owamail/hashed-v1/scripts/owa.5232.m.d529f0e1.js:1:91678
386666/</aI/<@https://res.public.onecdn.static.microsoft/owamail/hashed-v1/scripts/owa.5232.m.d529f0e1.js:1:92577
aI@https://res.public.onecdn.static.microsoft/owamail/hashed-v1/scripts/owa.5232.m.d529f0e1.js:1:96300
a4@https://res.public.onecdn.static.microsoft/owamail/hashed-v1/scripts/owa.5232.m.d529f0e1.js:1:120687
a9@https://res.public.onecdn.static.microsoft/owamail/hashed-v1/scripts/owa.5232.m.d529f0e1.js:1:121885
386666/</rr.refresh@https://res.public.onecdn.static.microsoft/owamail/hashed-v1/scripts/owa.5232.m.d529f0e1.js:1:127381
62167/refresh/<@https://res.public.onecdn.static.microsoft/owamail/hashed-v1/scripts/owa.62167.m.647f18c1.js:1:6772
386666/</rr.anq.push@https://res.public.onecdn.static.microsoft/owamail/hashed-v1/scripts/owa.5232.m.d529f0e1.js:1:124039
refresh@https://res.public.onecdn.static.microsoft/owamail/hashed-v1/scripts/owa.62167.m.647f18c1.js:1:6562
62167/et/ee</<@https://res.public.onecdn.static.microsoft/owamail/hashed-v1/scripts/owa.62167.m.647f18c1.js:1:8625
62167/et/ee<@https://res.public.onecdn.static.microsoft/owamail/hashed-v1/scripts/owa.62167.m.647f18c1.js:1:8665

Dynamically enable window occlusion 1
JavaScript error: , line 0: TypeError: NetworkError when attempting to fetch resource.
