1729835473389	geckodriver	INFO	Listening on 127.0.0.1:64851
1729835476415	mozrunner::runner	INFO	Running command: "C:\\Program Files\\Mozilla Firefox\\firefox.exe" "--marionette" "--remote-debugging-port" "64852" "--remote-allow-hosts" "localhost" "-no-remote" "-profile" "D:\\Users\\sasikumarj\\AppData\\Local\\Temp\\rust_mozprofileRpQzu1"
console.warn: services.settings: Ignoring preference override of remote settings server
console.warn: services.settings: Allow by setting MOZ_REMOTE_SETTINGS_DEVTOOLS=1 in the environment
Dynamically enable window occlusion 0
1729835477258	Marionette	INFO	Marionette enabled
1729835477696	Marionette	INFO	Listening on port 64859
WebDriver BiDi listening on ws://127.0.0.1:64852
Read port: 64859
1729835478020	RemoteAgent	WARN	TLS certificate errors will be ignored for this session
DevTools listening on ws://127.0.0.1:64852/devtools/browser/975bc24d-4e11-4ada-8c46-4c58b63e569c
JavaScript error: https://cdn.cxense.com/sp1.html#ver=2.8.82&typ=pgv&rnd=m2obdu6dmxhiv0wz&sid=1139592114930554183&loc=https%3A%2F%2Fwww.s.dev.fnlondon.com%2F&new=1&arf=0&ltm=1729835484425&ref=&tzo=-330&wsz=1278x497&res=1278x622&dpr=1&col=24&bln=en-US&chs=UTF-8&cks=m2obdu7fldwwq7ia&ckp=m2obdu6dwrbeoi8n&glb=&cp_userState=anon&cp_testGroup=39&cp_env=staging&cp_topDomain=fnlondon.com&cp_template=full&cp_access=free&cp_section=Home&cp_subsection=&cp_cms_name=CAPS&cp_subscriber=nonsubscriber&cp_edition=europegb&cp_bucket=6&cp_ab_bucket=96&cp_pageContentSource=FN%20London&cp_pageContentType=Home&cp_pageContentTypeDetai=default&cp_pageSiteProduct=FN&cp_userTags=&cp_sessionState=none, line 1: TypeError: cX.loadScript is not a function
JavaScript error: , line 0: TypeError: NetworkError when attempting to fetch resource.
JavaScript warning: https://pagead2.googlesyndication.com/bg/nbFBA6X6-R6L-vgiwwUCSbgu-1WcfjEIvkEfffAnUGA.js line 2 > eval line 7709 > eval line 1 > eval line 1 > eval, line 1: WEBGL_debug_renderer_info is deprecated in Firefox and will be removed. Please use RENDERER.
JavaScript error: https://asset.barrons.com/article/public/fn_full_article.dfb75bf78e25.js, line 62: TypeError: e(...).offset() is undefined
JavaScript error: https://asset.barrons.com/article/public/fn_full_article.dfb75bf78e25.js, line 26: TypeError: e(...).offset() is undefined
JavaScript error: https://asset.barrons.com/article/public/fn_full_article.dfb75bf78e25.js, line 26: TypeError: e(...).offset() is undefined
JavaScript warning: https://pagead2.googlesyndication.com/bg/nbFBA6X6-R6L-vgiwwUCSbgu-1WcfjEIvkEfffAnUGA.js line 2 > eval line 485 > eval line 1 > eval line 1 > eval, line 1: WEBGL_debug_renderer_info is deprecated in Firefox and will be removed. Please use RENDERER.
JavaScript error: https://asset.barrons.com/article/public/fn_full_article.dfb75bf78e25.js, line 26: TypeError: e(...).offset() is undefined
JavaScript warning: https://cdn.parsely.com/keys/fnlondon.com/p.js, line 7: Script terminated by timeout at:
value/n<@https://cdn.parsely.com/keys/fnlondon.com/p.js:7:24273
value@https://cdn.parsely.com/keys/fnlondon.com/p.js:7:24274
value@https://cdn.parsely.com/keys/fnlondon.com/p.js:7:24771

console.warn: LoginRecipes: "Falling back to a synchronous message for: https://sso.int.accounts.dowjones.com."
console.warn: LoginRecipes: "Falling back to a synchronous message for: https://sso.int.accounts.dowjones.com."
console.warn: LoginRecipes: "Falling back to a synchronous message for: https://sso.int.accounts.dowjones.com."
console.warn: LoginRecipes: "Falling back to a synchronous message for: https://sso.int.accounts.dowjones.com."
JavaScript warning: https://www.googletagmanager.com/gtag/js?id=G-GJ5S1GJYKT, line 219: Script terminated by timeout at:
Nc@https://www.googletagmanager.com/gtag/js?id=G-GJ5S1GJYKT:219:394
yA@https://www.googletagmanager.com/gtag/js?id=G-GJ5S1GJYKT:586:482
QA@https://www.googletagmanager.com/gtag/js?id=G-GJ5S1GJYKT:593:163
OA/</<@https://www.googletagmanager.com/gtag/js?id=G-GJ5S1GJYKT:592:187
z@https://www.googletagmanager.com/gtag/js?id=G-GJ5S1GJYKT:200:203
OA/<@https://www.googletagmanager.com/gtag/js?id=G-GJ5S1GJYKT:592:167
z@https://www.googletagmanager.com/gtag/js?id=G-GJ5S1GJYKT:200:203
OA@https://www.googletagmanager.com/gtag/js?id=G-GJ5S1GJYKT:592:134
PA/<@https://www.googletagmanager.com/gtag/js?id=G-GJ5S1GJYKT:592:111

console.error: ({})
JavaScript warning: https://cdn.cxense.com/cx.js, line 6: Script terminated by timeout at:
n@https://cdn.cxense.com/cx.js:6:1149
r@https://cdn.cxense.com/cx.js:6:1272
qi@https://cdn.cxense.com/cx.js:6:52428
uo@https://cdn.cxense.com/cx.js:6:54779
aa@https://cdn.cxense.com/cx.js:6:70625
ua/<@https://cdn.cxense.com/cx.js:6:70932

JavaScript warning: https://fpt.live.com/?session_id=320f1248381b46129d051a350c212484&CustomerId=33e01921-4d64-4f8c-a055-5bdaffd5e33d&PageId=SI, line 5: WEBGL_debug_renderer_info is deprecated in Firefox and will be removed. Please use RENDERER.
console.warn: LoginRecipes: "Falling back to a synchronous message for: https://login.live.com."
1729835599030	Marionette	INFO	Stopped listening on port 64859
Dynamically enable window occlusion 1
console.warn: WindowsJumpLists: "Failed to fetch favicon for " "https://www.s.dev.fnlondon.com/follow?alert=news_alert&id=NewsAlertEmailTechnology" ({})
console.warn: WindowsJumpLists: "Failed to fetch favicon for " "https://www.s.dev.fnlondon.com/follow" (new TypeError("this._builder is undefined", "resource:///modules/WindowsJumpLists.sys.mjs", 250))
console.warn: WindowsJumpLists: "Failed to fetch favicon for " "https://sso.int.accounts.dowjones.com/login-page?client_id=vT95q7pF3Xbig1NrTHz9rwy5SV8Yb9fF&redirect_uri=https%3A%2F%2Fwww.s.dev.fnlondon.com%2Fclient%2Fauth&response_type=code&scope=openid%20idp_id%20roles%20tags%20email%20given_name%20family_name%20uuid%20djid%20djUsername%20djStatus%20trackid%20prts%20updated_at%20created_at%20offline_access&ui_locales=en-us-x-ssoefn-9-2&nonce=20949ab4-d379-425b-9bac-352d20ee84b9&state=D5sZWJbAB7dGdXkm.GSOIY945eXD38CJrXlucY0YAYlozW5eJNjMH-HPnDfqr5Wmyvi1BqHfHeIwxD3u6Lef6UO3nHJxT0HM_orzoQXn6uc81nHeVU2-uzRx3spMfhHpCbN7SnEyPjUBMOZn2&resource=http%253A%252F%252Fwww.s.dev.fnlondon.com%252Ffollow%253Falert%253Dnews_alert%2526id%253DNewsAlertEmailTechnology&protocol=oauth2&client=vT95q7pF3Xbig1NrTHz9rwy5SV8Yb9fF#/signin-password" (new TypeError("this._builder is undefined", "resource:///modules/WindowsJumpLists.sys.mjs", 250))
console.warn: WindowsJumpLists: "Failed to fetch favicon for " "https://sso.int.accounts.dowjones.com/login-page?client_id=vT95q7pF3Xbig1NrTHz9rwy5SV8Yb9fF&redirect_uri=https%3A%2F%2Fwww.s.dev.fnlondon.com%2Fclient%2Fauth&response_type=code&scope=openid%20idp_id%20roles%20tags%20email%20given_name%20family_name%20uuid%20djid%20djUsername%20djStatus%20trackid%20prts%20updated_at%20created_at%20offline_access&ui_locales=en-us-x-ssoefn-9-2&nonce=20949ab4-d379-425b-9bac-352d20ee84b9&state=D5sZWJbAB7dGdXkm.GSOIY945eXD38CJrXlucY0YAYlozW5eJNjMH-HPnDfqr5Wmyvi1BqHfHeIwxD3u6Lef6UO3nHJxT0HM_orzoQXn6uc81nHeVU2-uzRx3spMfhHpCbN7SnEyPjUBMOZn2&resource=http%253A%252F%252Fwww.s.dev.fnlondon.com%252Ffollow%253Falert%253Dnews_alert%2526id%253DNewsAlertEmailTechnology&protocol=oauth2&client=vT95q7pF3Xbig1NrTHz9rwy5SV8Yb9fF" (new TypeError("this._builder is undefined", "resource:///modules/WindowsJumpLists.sys.mjs", 250))
console.warn: WindowsJumpLists: "Failed to fetch favicon for " "https://www.s.dev.fnlondon.com/articles/testing-article-timestamp-20231102" (new TypeError("this._builder is undefined", "resource:///modules/WindowsJumpLists.sys.mjs", 250))
console.warn: WindowsJumpLists: "Failed to fetch favicon for " "https://www.s.dev.fnlondon.com/" (new TypeError("this._builder is undefined", "resource:///modules/WindowsJumpLists.sys.mjs", 250))
