1738954200007	geckodriver	INFO	Listening on 127.0.0.1:49535
1738954203755	mozrunner::runner	INFO	Running command: "C:\\Program Files\\Mozilla Firefox\\firefox.exe" "--marionette" "--remote-debugging-port" "49536" "--remote-allow-hosts" "localhost" "-no-remote" "-profile" "D:\\Users\\sasikumarj\\AppData\\Local\\Temp\\rust_mozprofile5sg7Je"
console.warn: services.settings: Ignoring preference override of remote settings server
console.warn: services.settings: Allow by setting MOZ_REMOTE_SETTINGS_DEVTOOLS=1 in the environment
Dynamically enable window occlusion 0
1738954205324	Marionette	INFO	Marionette enabled
1738954205683	Marionette	INFO	Listening on port 49647
WebDriver BiDi listening on ws://127.0.0.1:49536
Read port: 49647
console.error: Policies: 
  Download failed - ERROR_CORRUPT_FILE - file://C:\Program Files\Snow Software\Inventory\Agent\FFCloudmetering.xpi
1738954206191	RemoteAgent	WARN	TLS certificate errors will be ignored for this session
DevTools listening on ws://127.0.0.1:49536/devtools/browser/e36ac894-cb69-4ccb-ae8d-ef2dbf0a8b4c
console.error: ({})
console.error: ({})
JavaScript error: https://www.barrons.com/asset/dj-watchlist/v1.14.3/p-0633e57d.entry.js, line 11: TypeError: Error.captureStackTrace is not a function
JavaScript warning: https://js-agent.newrelic.com/nr-1044.min.js, line 1: Script terminated by timeout at:
r@https://js-agent.newrelic.com/nr-1044.min.js:1:22526
[15]</r/<@https://js-agent.newrelic.com/nr-1044.min.js:1:9115

console.error: ({})
console.error: ({})
JavaScript error: https://cdn.cxense.com/sp1.html#ver=2.8.90&typ=pgv&rnd=m6v4fxt2x9z3x314&sid=9222325317970825875&loc=https%3A%2F%2Fwww.barrons.com%2Farticles%2Fhow-to-handle-an-uncertain-market-buy-weakness-sell-strength-f145c306&new=1&arf=0&ltm=1738954217708&ref=&tzo=-330&wsz=1280x595&res=1280x720&dpr=1&col=24&bln=en-US&chs=UTF-8&cks=m6v4fycjtrsgz7ns&ckp=m6v4fxt2ojp3zzx7&glb=&amo=1679990400&cp_userState=anon, line 1: TypeError: cX.loadScript is not a function
1738954220145	Marionette	INFO	Stopped listening on port 49647
JavaScript warning: https://pagead2.googlesyndication.com/bg/dKsKVnRDvnN7x3_VHBWCXOB1uWbHu1pWqkNfYXa-ZYg.js line 2 > eval line 474 > eval line 1 > eval line 1 > eval, line 1: WEBGL_debug_renderer_info is deprecated in Firefox and will be removed. Please use RENDERER.
JavaScript warning: https://pagead2.googlesyndication.com/bg/dKsKVnRDvnN7x3_VHBWCXOB1uWbHu1pWqkNfYXa-ZYg.js line 2 > eval line 474 > eval line 1 > eval line 1 > eval, line 1: Script terminated by timeout at:
f@https://pagead2.googlesyndication.com/bg/dKsKVnRDvnN7x3_VHBWCXOB1uWbHu1pWqkNfYXa-ZYg.js line 2 > eval line 474 > eval line 1 > eval line 1 > eval:1:24
@https://pagead2.googlesyndication.com/bg/dKsKVnRDvnN7x3_VHBWCXOB1uWbHu1pWqkNfYXa-ZYg.js line 2 > eval line 474 > eval line 1 > eval line 1 > eval:1:88
tN@https://pagead2.googlesyndication.com/bg/dKsKVnRDvnN7x3_VHBWCXOB1uWbHu1pWqkNfYXa-ZYg.js line 2 > eval line 474 > eval line 1 > eval line 1 > eval:1:243
mj@https://pagead2.googlesyndication.com/bg/dKsKVnRDvnN7x3_VHBWCXOB1uWbHu1pWqkNfYXa-ZYg.js line 2 > eval line 474 > eval line 1 > eval line 1 > eval:1:41
@https://pagead2.googlesyndication.com/bg/dKsKVnRDvnN7x3_VHBWCXOB1uWbHu1pWqkNfYXa-ZYg.js line 2 > eval:474:49968
E_@https://pagead2.googlesyndication.com/bg/dKsKVnRDvnN7x3_VHBWCXOB1uWbHu1pWqkNfYXa-ZYg.js line 2 > eval:474:28288
Y@https://pagead2.googlesyndication.com/bg/dKsKVnRDvnN7x3_VHBWCXOB1uWbHu1pWqkNfYXa-ZYg.js line 2 > eval:474:17610
w@https://pagead2.googlesyndication.com/bg/dKsKVnRDvnN7x3_VHBWCXOB1uWbHu1pWqkNfYXa-ZYg.js line 2 > eval:474:775
Y/<@https://pagead2.googlesyndication.com/bg/dKsKVnRDvnN7x3_VHBWCXOB1uWbHu1pWqkNfYXa-ZYg.js line 2 > eval:474:17022
Ho</<@https://pagead2.googlesyndication.com/bg/dKsKVnRDvnN7x3_VHBWCXOB1uWbHu1pWqkNfYXa-ZYg.js line 2 > eval:474:48500

Dynamically enable window occlusion 1
