1739266151771	geckodriver	INFO	Listening on 127.0.0.1:65517
1739266154835	mozrunner::runner	INFO	Running command: "C:\\Program Files\\Mozilla Firefox\\firefox.exe" "--marionette" "--remote-debugging-port" "65518" "--remote-allow-hosts" "localhost" "-no-remote" "-profile" "D:\\Users\\sasikumarj\\AppData\\Local\\Temp\\rust_mozprofile55t9yg"
console.warn: services.settings: Ignoring preference override of remote settings server
console.warn: services.settings: Allow by setting MOZ_REMOTE_SETTINGS_DEVTOOLS=1 in the environment
Dynamically enable window occlusion 0
1739266155462	Marionette	INFO	Marionette enabled
1739266155718	Marionette	INFO	Listening on port 65533
WebDriver BiDi listening on ws://127.0.0.1:65518
Read port: 65533
console.error: Policies: 
  Download failed - ERROR_CORRUPT_FILE - file://C:\Program Files\Snow Software\Inventory\Agent\FFCloudmetering.xpi
1739266155981	RemoteAgent	WARN	TLS certificate errors will be ignored for this session
DevTools listening on ws://127.0.0.1:65518/devtools/browser/a324db37-715a-4124-8cd0-34a1c1f1699f
JavaScript error: https://cdn.cxense.com/sp1.html#ver=2.8.90&typ=pgv&rnd=m70a61pv6t0v79ln&sid=1134007940894473081&loc=https%3A%2F%2Fwww.mansionglobal.com%2F&new=1&arf=0&ltm=1739266164812&ref=&tzo=-330&wsz=1280x595&res=1280x720&dpr=1&col=24&bln=en-US&chs=UTF-8&cks=m70a61rzrxjdvfyg&ckp=m70a61pvggnxhc7o&glb=&cp_userState=anon&cp_testGroup=97&cp_topDomain=mansionglobal.com&cp_template=full&cp_access=free&cp_section=Home&cp_subsection=&cp_cms_name=CMS%20Wordpress&cp_subscriber=nonsubscriber&cp_edition=na%252Cus&cp_bucket=7&cp_ab_bucket=37&cp_pageContentSource=Mansion%20Global&cp_pageContentType=Home&cp_pageContentTypeDetai=default&cp_pageSiteProduct=MG&cp_userTags=&cp_sessionState=none, line 1: TypeError: cX.loadScript is not a function
JavaScript warning: https://pagead2.googlesyndication.com/bg/VPXMjhhSnF_0w04UBhtYgswssitSTY9737JJt5i4JB8.js line 2 > eval line 319 > eval line 1 > eval line 1 > eval, line 1: WEBGL_debug_renderer_info is deprecated in Firefox and will be removed. Please use RENDERER.
JavaScript warning: https://www.mansionglobal.com/articles/are-there-tax-breaks-on-agricultural-land-in-pennsylvania-01648119848, line 114: Script terminated by timeout at:
nrWrapper@https://www.mansionglobal.com/articles/are-there-tax-breaks-on-agricultural-land-in-pennsylvania-01648119848:114:17609

JavaScript warning: https://www.youtube-nocookie.com/s/player/af7f576f/www-embed-player.vflset/www-embed-player.js, line 957: Script terminated by timeout at:
R@https://www.youtube-nocookie.com/s/player/af7f576f/www-embed-player.vflset/www-embed-player.js:957:226
@https://www.youtube-nocookie.com/s/player/af7f576f/www-embed-player.vflset/www-embed-player.js:2006:52
hm/<@https://www.youtube-nocookie.com/s/player/af7f576f/www-embed-player.vflset/www-embed-player.js:936:63

JavaScript warning: https://imasdk.googleapis.com/js/core/bridge3.685.0_en.html#fid=goog_299711182, line 11: Script terminated by timeout at:
v@https://imasdk.googleapis.com/js/core/bridge3.685.0_en.html#fid=goog_299711182:11:367
jD/this.T@https://imasdk.googleapis.com/js/core/bridge3.685.0_en.html#fid=goog_299711182:454:37

JavaScript warning: https://static.cdninstagram.com/rsrc.php/v4iy674/yM/l/en_US/f8BU-fMqxkd.js, line 114: Script terminated by timeout at:
i.canUseNavigatorBeacon@https://static.cdninstagram.com/rsrc.php/v4iy674/yM/l/en_US/f8BU-fMqxkd.js:114:4276
C@https://static.cdninstagram.com/rsrc.php/v4iy674/yM/l/en_US/f8BU-fMqxkd.js:114:1597
i._initialize/<@https://static.cdninstagram.com/rsrc.php/v4iy674/yM/l/en_US/f8BU-fMqxkd.js:114:4912
d@https://static.cdninstagram.com/rsrc.php/v4iy674/yM/l/en_US/f8BU-fMqxkd.js:30:158

console.warn: LoginRecipes: "Falling back to a synchronous message for: https://sso.accounts.dowjones.com."
console.warn: LoginRecipes: "Falling back to a synchronous message for: https://sso.accounts.dowjones.com."
JavaScript warning: https://www.googletagmanager.com/gtag/js?id=G-K2H7B9JRSS, line 807: Script terminated by timeout at:
LK/<@https://www.googletagmanager.com/gtag/js?id=G-K2H7B9JRSS:807:152
h.Il/<@https://www.googletagmanager.com/gtag/js?id=G-K2H7B9JRSS:746:126
h.Il/c/<@https://www.googletagmanager.com/gtag/js?id=G-K2H7B9JRSS:745:418

JavaScript error: https://www.mansionglobal.com/follow?alert=news_alert&id=NewsAlertEmailTechnology, line 261: TypeError: window.__ace is not a function
JavaScript error: https://aswpsdkus.com/notify/v1/ua-sdk.min.js, line 1: Error: Notification permission is denied.
console.warn: WindowsJumpLists: "Failed to fetch favicon for " "https://www.mansionglobal.com/follow" ({})
1739266319832	Marionette	INFO	Stopped listening on port 65533
Dynamically enable window occlusion 1
