1739267768846	geckodriver	INFO	Listening on 127.0.0.1:50508
1739267771956	mozrunner::runner	INFO	Running command: "C:\\Program Files\\Mozilla Firefox\\firefox.exe" "--marionette" "--remote-debugging-port" "50509" "--remote-allow-hosts" "localhost" "-no-remote" "-profile" "D:\\Users\\sasikumarj\\AppData\\Local\\Temp\\rust_mozprofiledWklbq"
console.warn: services.settings: Ignoring preference override of remote settings server
console.warn: services.settings: Allow by setting MOZ_REMOTE_SETTINGS_DEVTOOLS=1 in the environment
Dynamically enable window occlusion 0
1739267772705	Marionette	INFO	Marionette enabled
1739267772988	Marionette	INFO	Listening on port 50522
Read port: 50522
WebDriver BiDi listening on ws://127.0.0.1:50509
1739267773124	RemoteAgent	WARN	TLS certificate errors will be ignored for this session
console.error: Policies: 
  Download failed - ERROR_CORRUPT_FILE - file://C:\Program Files\Snow Software\Inventory\Agent\FFCloudmetering.xpi
DevTools listening on ws://127.0.0.1:50509/devtools/browser/b80d4761-265d-4a92-a6c8-f9c17df56ea7
JavaScript warning: https://cdn.gbqofs.com/sv/b/detector-bootstrap.min.js, line 0: Successfully compiled asm.js code (total compilation time 3ms)
JavaScript error: https://cdn.cxense.com/sp1.html#ver=2.8.90&typ=pgv&rnd=m70b4nymryjj1z3t&sid=1138573015853471556&loc=https%3A%2F%2Fwww.dev.marketwatch.com%2F&new=1&arf=0&ltm=1739267779933&ref=&tzo=-330&wsz=1280x595&res=1280x720&dpr=1&col=24&bln=en-US&chs=UTF-8&cks=m70b4othahatrcdx&ckp=m70b4nym1iyic2vs&glb=&cp_userState=anon&cp_testGroup=66&cp_env=staging&cp_topDomain=marketwatch.com&cp_template=full&cp_access=free&cp_section=Home%20Page&cp_cms_name=Peavey&cp_subscriber=nonsubscriber&cp_edition=naus&cp_bucket=1&cp_ab_bucket=11&cp_pageContentSource=MarketWatch&cp_pageContentType=Home&cp_pageContentTypeDetai=default&cp_pageSiteProduct=MW&cp_userTags=&cp_sessionState=none, line 1: TypeError: cX.loadScript is not a function
JavaScript warning: https://pagead2.googlesyndication.com/bg/VPXMjhhSnF_0w04UBhtYgswssitSTY9737JJt5i4JB8.js line 2 > eval line 1152 > eval line 1 > eval line 1 > eval, line 1: WEBGL_debug_renderer_info is deprecated in Firefox and will be removed. Please use RENDERER.
JavaScript warning: https://pagead2.googlesyndication.com/bg/VPXMjhhSnF_0w04UBhtYgswssitSTY9737JJt5i4JB8.js line 2 > eval line 6695 > eval line 1 > eval line 1 > eval, line 1: WEBGL_debug_renderer_info is deprecated in Firefox and will be removed. Please use RENDERER.
JavaScript warning: https://cdn.gbqofs.com/sv/b/detector-bootstrap.min.js, line 0: Successfully compiled asm.js code (total compilation time 2ms)
JavaScript warning: https://pagead2.googlesyndication.com/bg/VPXMjhhSnF_0w04UBhtYgswssitSTY9737JJt5i4JB8.js line 2 > eval line 5239 > eval line 1 > eval line 1 > eval, line 1: WEBGL_debug_renderer_info is deprecated in Firefox and will be removed. Please use RENDERER.
JavaScript warning: https://www.googletagmanager.com/gtag/js?id=G-GJ5S1GJYKT, line 401: Script terminated by timeout at:
wl@https://www.googletagmanager.com/gtag/js?id=G-GJ5S1GJYKT:401:831
Yp/<@https://www.googletagmanager.com/gtag/js?id=G-GJ5S1GJYKT:463:152
Yp@https://www.googletagmanager.com/gtag/js?id=G-GJ5S1GJYKT:463:120
$p@https://www.googletagmanager.com/gtag/js?id=G-GJ5S1GJYKT:457:29
pq@https://www.googletagmanager.com/gtag/js?id=G-GJ5S1GJYKT:463:668
zI@https://www.googletagmanager.com/gtag/js?id=G-GJ5S1GJYKT:790:99
PJ@https://www.googletagmanager.com/gtag/js?id=G-GJ5S1GJYKT:823:45
h.sn@https://www.googletagmanager.com/gtag/js?id=G-GJ5S1GJYKT:832:29
h.rn/</<@https://www.googletagmanager.com/gtag/js?id=G-GJ5S1GJYKT:829:531
Dl@https://www.googletagmanager.com/gtag/js?id=G-GJ5S1GJYKT:404:151
Cm@https://www.googletagmanager.com/gtag/js?id=G-GJ5S1GJYKT:412:434
h.rn/<@https://www.googletagmanager.com/gtag/js?id=G-GJ5S1GJYKT:829:517
c@https://www.googletagmanager.com/gtag/js?id=G-GJ5S1GJYKT:580:22
pw@https://www.googletagmanager.com/gtag/js?id=G-GJ5S1GJYKT:580:349
h.rn@https://www.googletagmanager.com/gtag/js?id=G-GJ5S1GJYKT:829:503
c@https://www.googletagmanager.com/gtag/js?id=G-GJ5S1GJYKT:845:980
w@https://www.googletagmanager.com/gtag/js?id=G-GJ5S1GJYKT:428:370
vo@https://www.googletagmanager.com/gtag/js?id=G-GJ5S1GJYKT:428:470
uo.prototype.flush@https://www.googletagmanager.com/gtag/js?id=G-GJ5S1GJYKT:431:382
uo.prototype.push@https://www.googletagmanager.com/gtag/js?id=G-GJ5S1GJYKT:429:337
no@https://www.googletagmanager.com/gtag/js?id=G-GJ5S1GJYKT:425:1318
LK/<@https://www.googletagmanager.com/gtag/js?id=G-GJ5S1GJYKT:846:187
h.Il/<@https://www.googletagmanager.com/gtag/js?id=G-GJ5S1GJYKT:785:126
h.Il/c/<@https://www.googletagmanager.com/gtag/js?id=G-GJ5S1GJYKT:784:418

1739268601465	Marionette	INFO	Stopped listening on port 50522
Dynamically enable window occlusion 1
!!! error running onStopped callback: TypeError: callback is not a function
JavaScript error: , line 0: AbortError: The operation was aborted. 
JavaScript error: , line 0: AbortError: The operation was aborted. 
