1738291395418	geckodriver	INFO	Listening on 127.0.0.1:54452
1738291398434	mozrunner::runner	INFO	Running command: "C:\\Program Files\\Mozilla Firefox\\firefox.exe" "--marionette" "--remote-debugging-port" "54453" "--remote-allow-hosts" "localhost" "-no-remote" "-profile" "D:\\Users\\sasikumarj\\AppData\\Local\\Temp\\rust_mozprofilejI3aYL"
console.warn: services.settings: Ignoring preference override of remote settings server
console.warn: services.settings: Allow by setting MOZ_REMOTE_SETTINGS_DEVTOOLS=1 in the environment
Dynamically enable window occlusion 0
1738291399066	Marionette	INFO	Marionette enabled
1738291399320	Marionette	INFO	Listening on port 54467
WebDriver BiDi listening on ws://127.0.0.1:54453
Read port: 54467
console.error: Policies: 
  Download failed - ERROR_CORRUPT_FILE - file://C:\Program Files\Snow Software\Inventory\Agent\FFCloudmetering.xpi
1738291399553	RemoteAgent	WARN	TLS certificate errors will be ignored for this session
DevTools listening on ws://127.0.0.1:54453/devtools/browser/e25dc42d-069a-46fc-bb79-32ab182087d9
JavaScript warning: https://cdn.gbqofs.com/sv/b/detector-bootstrap.min.js, line 0: Successfully compiled asm.js code (total compilation time 8ms)
JavaScript error: https://cdn.cxense.com/sp1.html#ver=2.8.90&typ=pgv&rnd=m6k5tkbbfyx0a4kz&sid=1138573015853471556&loc=https%3A%2F%2Fwww.dev.marketwatch.com%2F&new=1&arf=0&ltm=1738291405097&ref=&tzo=-330&wsz=1280x595&res=1280x720&dpr=1&col=24&bln=en-US&chs=UTF-8&cks=m6k5tkokscebzh3i&ckp=m6k5tkbbsujbjvog&glb=&cp_userState=anon&cp_testGroup=24&cp_env=staging&cp_topDomain=marketwatch.com&cp_template=full&cp_access=free&cp_section=Home%20Page&cp_cms_name=Peavey&cp_subscriber=nonsubscriber&cp_edition=naus&cp_bucket=4&cp_ab_bucket=14&cp_pageContentSource=MarketWatch&cp_pageContentType=Home&cp_pageContentTypeDetai=default&cp_pageSiteProduct=MW&cp_userTags=&cp_sessionState=none, line 1: TypeError: cX.loadScript is not a function
JavaScript warning: https://pagead2.googlesyndication.com/bg/f89w5pQmj55lM9pppFafBIlbrgB1IQ820KqNheYv9Co.js line 2 > eval line 177 > eval line 1 > eval line 1 > eval, line 1: WEBGL_debug_renderer_info is deprecated in Firefox and will be removed. Please use RENDERER.
JavaScript warning: https://pagead2.googlesyndication.com/bg/f89w5pQmj55lM9pppFafBIlbrgB1IQ820KqNheYv9Co.js line 2 > eval line 5444 > eval line 1 > eval line 1 > eval, line 1: WEBGL_debug_renderer_info is deprecated in Firefox and will be removed. Please use RENDERER.
1738291412881	Marionette	WARN	Ignoring event 'pageshow' because document has an invalid readyState of 'uninitialized'.
1738291412882	Marionette	WARN	Ignoring event 'pageshow' because document has an invalid readyState of 'uninitialized'.
JavaScript warning: https://gum.criteo.com/syncframe?origin=criteoPrebidAdapter&topUrl=www.dev.marketwatch.com&us_privacy=1YNN&gpp=DBABRg~BVoAACA&gpp_sid=9#{%22cw%22:true,%22lsw%22:true,%22origin%22:%22criteoPrebidAdapter%22,%22requestId%22:%220.7562327972002607%22,%22tld%22:%22www.dev.marketwatch.com%22,%22topUrl%22:%22www.dev.marketwatch.com%22,%22version%22:%229_12_0%22}, line 13: Script terminated by timeout at:
r.prototype.flushEventQueue@https://gum.criteo.com/syncframe?origin=criteoPrebidAdapter&topUrl=www.dev.marketwatch.com&us_privacy=1YNN&gpp=DBABRg~BVoAACA&gpp_sid=9#{%22cw%22:true,%22lsw%22:true,%22origin%22:%22criteoPrebidAdapter%22,%22requestId%22:%220.7562327972002607%22,%22tld%22:%22www.dev.marketwatch.com%22,%22topUrl%22:%22www.dev.marketwatch.com%22,%22version%22:%229_12_0%22}:13:3137
r/<@https://gum.criteo.com/syncframe?origin=criteoPrebidAdapter&topUrl=www.dev.marketwatch.com&us_privacy=1YNN&gpp=DBABRg~BVoAACA&gpp_sid=9#{%22cw%22:true,%22lsw%22:true,%22origin%22:%22criteoPrebidAdapter%22,%22requestId%22:%220.7562327972002607%22,%22tld%22:%22www.dev.marketwatch.com%22,%22topUrl%22:%22www.dev.marketwatch.com%22,%22version%22:%229_12_0%22}:13:3642

JavaScript warning: https://cdn.gbqofs.com/sv/b/detector-bootstrap.min.js, line 0: Successfully compiled asm.js code (total compilation time 2ms)
JavaScript warning: https://pagead2.googlesyndication.com/bg/f89w5pQmj55lM9pppFafBIlbrgB1IQ820KqNheYv9Co.js line 2 > eval line 1746 > eval line 1 > eval line 1 > eval, line 1: WEBGL_debug_renderer_info is deprecated in Firefox and will be removed. Please use RENDERER.
JavaScript error: https://www.dianomi.com/js/contextfeed.js, line 1: SecurityError: Permission denied to access property "__tcfapi" on cross-origin object
JavaScript error: https://www.dianomi.com/js/contextfeed.js, line 1: SecurityError: Permission denied to access property "__tcfapi" on cross-origin object
1738291419531	Marionette	WARN	Ignoring event 'pageshow' because document has an invalid readyState of 'uninitialized'.
JavaScript error: https://video-api.wsj.com/api-video/audio/js/audioplayer.min.js, line 22: ChunkLoadError: Loading chunk 806 failed.
(error: https://video-api.wsj.com/api-video/audio/js/chunks/806.7208548556f707dca6d5.min.js)
JavaScript warning: https://interactives.ap.org/election-results/assets/microsite/layoutClient.js, line 2: Script terminated by timeout at:
Hn@https://interactives.ap.org/election-results/assets/microsite/layoutClient.js:2:127112
Un@https://interactives.ap.org/election-results/assets/microsite/layoutClient.js:2:126797
22551/Bn/<@https://interactives.ap.org/election-results/assets/microsite/layoutClient.js:2:126974
Bn@https://interactives.ap.org/election-results/assets/microsite/layoutClient.js:2:126907
qu@https://interactives.ap.org/election-results/assets/microsite/layoutClient.js:2:177694
ws@https://interactives.ap.org/election-results/assets/microsite/layoutClient.js:2:198191
bs@https://interactives.ap.org/election-results/assets/microsite/layoutClient.js:2:197931
ms@https://interactives.ap.org/election-results/assets/microsite/layoutClient.js:2:197800
ys@https://interactives.ap.org/election-results/assets/microsite/layoutClient.js:2:197661
ls@https://interactives.ap.org/election-results/assets/microsite/layoutClient.js:2:194825
Ho@https://interactives.ap.org/election-results/assets/microsite/layoutClient.js:2:136027
22551/Ss/<@https://interactives.ap.org/election-results/assets/microsite/layoutClient.js:2:201208
Ss@https://interactives.ap.org/election-results/assets/microsite/layoutClient.js:2:201213
os@https://interactives.ap.org/election-results/assets/microsite/layoutClient.js:2:193775
x@https://interactives.ap.org/election-results/assets/microsite/layoutClient.js:2:239126
T@https://interactives.ap.org/election-results/assets/microsite/layoutClient.js:2:239657

JavaScript error: https://cdn.cxense.com/sp1.html#ver=2.8.90&typ=pgv&rnd=m6k5ty06ceb501ok&sid=1138573015853471556&loc=https%3A%2F%2Fwww.stg.marketwatch.com%2Fwelcome-watchlist&new=0&arf=0&ltm=1738291422827&ref=&tzo=-330&wsz=1280x595&res=1280x720&dpr=1&col=24&bln=en-US&chs=UTF-8&cks=m6k5ty106u74jqt2&ckp=m6k5tkbbsujbjvog&glb=&cp_userState=anon&cp_testGroup=24&cp_env=staging&cp_topDomain=marketwatch.com&cp_template=full&cp_access=free&cp_section=Welcome%20Watchlist&cp_cms_name=Peavey&cp_subscriber=nonsubscriber&cp_edition=naus&cp_bucket=4&cp_ab_bucket=14&cp_pageContentSource=MarketWatch&cp_pageContentType=Summaries&cp_pageContentTypeDetai=default&cp_pageSiteProduct=MW&cp_userTags=&cp_sessionState=none, line 1: TypeError: cX.loadScript is not a function
JavaScript warning: https://cdn.gbqofs.com/sv/b/detector-bootstrap.min.js, line 0: Successfully compiled asm.js code (total compilation time 1ms)
JavaScript warning: https://pagead2.googlesyndication.com/bg/f89w5pQmj55lM9pppFafBIlbrgB1IQ820KqNheYv9Co.js line 2 > eval line 5178 > eval line 1 > eval line 1 > eval, line 1: WEBGL_debug_renderer_info is deprecated in Firefox and will be removed. Please use RENDERER.
JavaScript error: , line 0: TypeError: NetworkError when attempting to fetch resource.
JavaScript error: , line 0: TypeError: NetworkError when attempting to fetch resource.
JavaScript warning: https://secure-us.imrworldwide.com/v60.js, line 1: Script terminated by timeout at:
NolTracker.prototype.pause@https://secure-us.imrworldwide.com/v60.js:1:23885
NolTracker.prototype.postLinkTrack@https://secure-us.imrworldwide.com/v60.js:1:17653
NolTracker.prototype.linkTrack@https://secure-us.imrworldwide.com/v60.js:1:18191
u.send@https://tags.tiqcdn.com/utag/wsjdn/marketwatch/qa/utag.81.js?utv=ut4.44.202301181941:7:180
sendTag@https://tags.tiqcdn.com/utag/wsjdn/marketwatch/qa/utag.js:81:175
trigger@https://tags.tiqcdn.com/utag/wsjdn/marketwatch/qa/utag.js:82:302
track@https://tags.tiqcdn.com/utag/wsjdn/marketwatch/qa/utag.js:72:395
link@https://tags.tiqcdn.com/utag/wsjdn/marketwatch/qa/utag.js:72:216
MarketWatch.Tracking.makeTrackingCall/<@https://sts3.wsj.net/bucket-a/maggie/dev/static/js/scripts-stg-1f76bd300c.min.js:101:201964

console.warn: LoginRecipes: "Falling back to a synchronous message for: https://sso.int.accounts.dowjones.com."
console.warn: LoginRecipes: "Falling back to a synchronous message for: https://sso.int.accounts.dowjones.com."
JavaScript warning: https://www.googletagmanager.com/gtag/js?id=G-GJ5S1GJYKT, line 198: Script terminated by timeout at:
hb@https://www.googletagmanager.com/gtag/js?id=G-GJ5S1GJYKT:198:159
OC@https://www.googletagmanager.com/gtag/js?id=G-GJ5S1GJYKT:693:135
PC/<@https://www.googletagmanager.com/gtag/js?id=G-GJ5S1GJYKT:693:111

JavaScript error: https://cdn.cxense.com/sp1.html#ver=2.8.90&typ=pgv&rnd=m6k5uc2edajoy1x5&sid=9222325317970825873&loc=https%3A%2F%2Fwww.s.dev.marketwatch.com%2F&new=0&arf=0&ltm=1738291443109&ref=&tzo=-330&wsz=1280x595&res=1280x720&dpr=1&col=24&bln=en-US&chs=UTF-8&cks=m6k5udswa6r2mepa&ckp=m6k5tkbbsujbjvog&glb=&eid0=e4cefa22ef027cc0132f0c218da37da39cdb3228234af4df969b5c463592e123&eit0=wsj&cp_userState=anon&cp_testGroup=24&cp_topDomain=marketwatch.com&cp_pwTag=default&cp_pwPlacement=cx-candybar&cp_pwCampaign=116&cp_pwType=free&cp_template=preview&cp_access=free&cp_section=Home%20Page&cp_subscriber=registered&cp_edition=naus&cp_bucket=5&cp_ab_bucket=55&cp_pageContentSource=MarketWatch&cp_pageContentType=Home&cp_pageContentTypeDetai=Home&cp_pageSiteProduct=MW&cp_userTags=BARRONS-SUB&cp_sessionState=ca, line 1: TypeError: cX.loadScript is not a function
JavaScript warning: https://cdn.gbqofs.com/sv/b/detector-bootstrap.min.js, line 0: Successfully compiled asm.js code (total compilation time 92ms)
JavaScript warning: https://pagead2.googlesyndication.com/bg/f89w5pQmj55lM9pppFafBIlbrgB1IQ820KqNheYv9Co.js line 2 > eval line 5547 > eval line 1 > eval line 1 > eval, line 1: WEBGL_debug_renderer_info is deprecated in Firefox and will be removed. Please use RENDERER.
1738291458507	Marionette	INFO	Stopped listening on port 54467
JavaScript warning: https://www.s.dev.marketwatch.com/, line 96: Script terminated by timeout at:
pe@https://www.s.dev.marketwatch.com/:96:46931
o@https://www.s.dev.marketwatch.com/:96:42136
emit@https://www.s.dev.marketwatch.com/:96:9564
emit@https://www.s.dev.marketwatch.com/:96:9502
i@https://www.s.dev.marketwatch.com/:96:17838
nrWrapper@https://www.s.dev.marketwatch.com/:96:17666
s@https://www.wsj.com/static_html_files/bluegrass/2.2.119/bluegrass2.min.js:1:18932
ajax@https://www.wsj.com/static_html_files/bluegrass/2.2.119/bluegrass2.min.js:2:10493
ajaxAbort@https://www.wsj.com/static_html_files/bluegrass/2.2.119/bluegrass2.min.js:2:13621
abort@https://www.wsj.com/static_html_files/bluegrass/2.2.119/bluegrass2.min.js:2:19323
stop@https://www.wsj.com/static_html_files/bluegrass/2.2.119/bluegrass2.min.js:2:7041
e.exports/r.signalR.prototype.stop@https://www.wsj.com/static_html_files/bluegrass/2.2.119/bluegrass2.min.js:1:8405
start/i/</</<@https://www.wsj.com/static_html_files/bluegrass/2.2.119/bluegrass2.min.js:2:2691
nrWrapper@https://www.s.dev.marketwatch.com/:96:17705

Dynamically enable window occlusion 1
*** UTM:SVC TimerManager:registerTimer called after profile-before-change notification. Ignoring timer registration for id: telemetry_modules_ping
*** UTM:SVC TimerManager:registerTimer called after profile-before-change notification. Ignoring timer registration for id: telemetry_untrustedmodules_ping
