1739028441092	geckodriver	INFO	Listening on 127.0.0.1:52221
1739028444166	mozrunner::runner	INFO	Running command: "C:\\Program Files\\Mozilla Firefox\\firefox.exe" "--marionette" "--remote-debugging-port" "52222" "--remote-allow-hosts" "localhost" "-no-remote" "-profile" "D:\\Users\\sasikumarj\\AppData\\Local\\Temp\\rust_mozprofile5J3afH"
console.warn: services.settings: Ignoring preference override of remote settings server
console.warn: services.settings: Allow by setting MOZ_REMOTE_SETTINGS_DEVTOOLS=1 in the environment
Dynamically enable window occlusion 0
1739028444979	Marionette	INFO	Marionette enabled
1739028445333	Marionette	INFO	Listening on port 52235
WebDriver BiDi listening on ws://127.0.0.1:52222
Read port: 52235
console.error: Policies: 
  Download failed - ERROR_CORRUPT_FILE - file://C:\Program Files\Snow Software\Inventory\Agent\FFCloudmetering.xpi
1739028445693	RemoteAgent	WARN	TLS certificate errors will be ignored for this session
DevTools listening on ws://127.0.0.1:52222/devtools/browser/aa01cbf5-f546-4c76-afbc-90a6e6a68216
JavaScript warning: https://js-agent.newrelic.com/nr-spa-1.281.0.min.js, line 2: Script terminated by timeout at:
1847/Q/<@https://js-agent.newrelic.com/nr-spa-1.281.0.min.js:2:74784
emit@https://www.fnlondon.com/articles/complaints-commissioner-fca-transparency-20220615:306:9618
i@https://www.fnlondon.com/articles/complaints-commissioner-fca-transparency-20220615:306:17892
nrWrapper@https://www.fnlondon.com/articles/complaints-commissioner-fca-transparency-20220615:306:17720

console.warn: LoginRecipes: "Falling back to a synchronous message for: https://sso.accounts.dowjones.com."
console.warn: LoginRecipes: "Falling back to a synchronous message for: https://sso.accounts.dowjones.com."
JavaScript warning: https://sso.accounts.dowjones.com/datadome/tags.js, line 2: Script terminated by timeout at:
@https://sso.accounts.dowjones.com/datadome/tags.js:2:161129

console.error: ({})
JavaScript error: https://cdn.cxense.com/sp1.html#ver=2.8.90&typ=pgv&rnd=m6wcnh5xe2mflxec&sid=1139592114930554183&loc=https%3A%2F%2Fwww.fnlondon.com%2Ffollow&new=1&arf=0&ltm=1739028472488&ref=&tzo=-330&wsz=1280x595&res=1280x720&dpr=1&col=24&bln=en-US&chs=UTF-8&cks=m6wcnh8dkqxuy9t6&ckp=m6wcnh5xj9a5rpmn&glb=&eid0=e4cefa22ef027cc0132f0c218da37da39cdb3228234af4df969b5c463592e123&eit0=wsj&cp_userState=anon&cp_testGroup=72&cp_topDomain=fnlondon.com&cp_template=full&cp_access=free&cp_section=Follow%20Alerts&cp_subsection=fn&cp_cms_name=CAPS&cp_subscriber=registered&cp_edition=europe%252Cgb&cp_bucket=2&cp_ab_bucket=52&cp_pageContentSource=FN%20London&cp_pageContentType=CustomerResource&cp_pageContentTypeDetai=follow%20preferences&cp_pageSiteProduct=FN&cp_userTags=&cp_sessionState=ca, line 1: TypeError: cX.loadScript is not a function
console.error: ({})
1739028489973	Marionette	INFO	Stopped listening on port 52235
Dynamically enable window occlusion 1
