1729833853613	geckodriver	INFO	Listening on 127.0.0.1:62863
1729833856640	mozrunner::runner	INFO	Running command: "C:\\Program Files\\Mozilla Firefox\\firefox.exe" "--marionette" "--remote-debugging-port" "62864" "--remote-allow-hosts" "localhost" "-no-remote" "-profile" "D:\\Users\\sasikumarj\\AppData\\Local\\Temp\\rust_mozprofilecHMtqg"
console.warn: services.settings: Ignoring preference override of remote settings server
console.warn: services.settings: Allow by setting MOZ_REMOTE_SETTINGS_DEVTOOLS=1 in the environment
Dynamically enable window occlusion 0
1729833857300	Marionette	INFO	Marionette enabled
1729833857578	Marionette	INFO	Listening on port 62871
WebDriver BiDi listening on ws://127.0.0.1:62864
Read port: 62871
1729833857801	RemoteAgent	WARN	TLS certificate errors will be ignored for this session
DevTools listening on ws://127.0.0.1:62864/devtools/browser/df526414-f3a5-4a38-a0e5-172f9a7f9b70
console.error: ({})
console.error: ({})
JavaScript error: https://www.barrons.com/asset/dj-watchlist/v1.11.0/p-8e3b6675.entry.js, line 11: TypeError: Error.captureStackTrace is not a function
console.error: ({})
console.error: ({})
JavaScript error: https://cdn.cxense.com/sp1.html#ver=2.8.82&typ=pgv&rnd=m2oaf780gqzlzno4&sid=9222325317970825875&loc=https%3A%2F%2Fwww.s.dev.barrons.com%2Farticles%2Fbuy-under-armour-stock-pick-51650672000&new=1&arf=0&ltm=1729833868374&ref=&tzo=-330&wsz=1278x497&res=1278x622&dpr=1&col=24&bln=en-US&chs=UTF-8&cks=m2oaf79cyvu9gyma&ckp=m2oaf78095vjruqs&glb=&amo=1720048200&cp_userState=anon&cp_testGroup=61&cp_env=staging&cp_topDomain=barrons.com&cp_pwTag=default&cp_pwPlacement=cx-snippetad&cp_pwCampaign=10&cp_pwType=personalized&cp_type=Retail&cp_template=preview&cp_access=PAID&cp_section=Retail&cp_subsection=Sizing%20Up%20Small-Caps&cp_cms_name=Methode&cp_vix=&cp_subscriber=nonsubscriber&cp_edition=naus&cp_bucket=3&cp_ab_bucket=3&cp_pageContentSource=Barron's%20Online&cp_pageContentType=Article&cp_pageContentTypeDetai=STANDARD&cp_pageSiteProduct=BOL&cp_userTags=&cp_sessionState=none, line 1: TypeError: cX.loadScript is not a function
JavaScript warning: https://cdn.gbqofs.com/sv/b/detector-bootstrap.min.js, line 0: Successfully compiled asm.js code (total compilation time 7ms)
JavaScript warning: https://pagead2.googlesyndication.com/bg/nbFBA6X6-R6L-vgiwwUCSbgu-1WcfjEIvkEfffAnUGA.js line 2 > eval line 2095 > eval line 1 > eval line 1 > eval, line 1: WEBGL_debug_renderer_info is deprecated in Firefox and will be removed. Please use RENDERER.
JavaScript error: , line 0: TypeError: NetworkError when attempting to fetch resource.
JavaScript error: , line 0: TypeError: NetworkError when attempting to fetch resource.
JavaScript error: , line 0: TypeError: NetworkError when attempting to fetch resource.
JavaScript error: , line 0: TypeError: NetworkError when attempting to fetch resource.
console.warn: WindowsJumpLists: "Failed to fetch favicon for " "https://www.barrons.com/" ({})
JavaScript error: , line 0: TypeError: NetworkError when attempting to fetch resource.
console.warn: WindowsJumpLists: "Failed to fetch favicon for " "https://www.barrons.com/" ({})
console.warn: WindowsJumpLists: "Failed to fetch favicon for " "https://www.barrons.com/" ({})
console.warn: WindowsJumpLists: "Failed to fetch favicon for " "https://www.barrons.com/" ({})
console.warn: WindowsJumpLists: "Failed to fetch favicon for " "https://www.barrons.com/" ({})
console.warn: WindowsJumpLists: "Failed to fetch favicon for " "https://www.barrons.com/" ({})
console.warn: WindowsJumpLists: "Failed to fetch favicon for " "https://www.barrons.com/" ({})
console.warn: WindowsJumpLists: "Failed to fetch favicon for " "https://www.barrons.com/" ({})
console.warn: WindowsJumpLists: "Failed to fetch favicon for " "https://www.barrons.com/" ({})
console.warn: WindowsJumpLists: "Failed to fetch favicon for " "https://www.barrons.com/" ({})
JavaScript warning: https://www.googletagmanager.com/gtag/js?id=G-GJ5S1GJYKT, line 200: Script terminated by timeout at:
z@https://www.googletagmanager.com/gtag/js?id=G-GJ5S1GJYKT:200:158
OA@https://www.googletagmanager.com/gtag/js?id=G-GJ5S1GJYKT:592:134
PA/<@https://www.googletagmanager.com/gtag/js?id=G-GJ5S1GJYKT:592:111

1729837986915	Marionette	INFO	Stopped listening on port 62871
Dynamically enable window occlusion 1
WARNING: At least one completion condition is taking too long to complete. Conditions: [{"name":"Remote Settings profile-before-change","state":"Remaining: 2 callbacks (importJSONDump-main-bounce-tracking-protection-exceptions-60, prepareShutdown-61).","filename":"resource://services-settings/RemoteSettingsWorker.sys.mjs","lineNumber":189,"stack":["resource://services-settings/RemoteSettingsWorker.sys.mjs:null:189","resource://services-settings/RemoteSettingsClient.sys.mjs:_importJSONDump:971","resource://services-settings/RemoteSettingsClient.sys.mjs:get/this._importingPromise<:457","resource://services-settings/RemoteSettingsClient.sys.mjs:get:472"]}] Barrier: profile-before-change
JavaScript error: resource://gre/modules/UrlClassifierListManager.sys.mjs, line 472: NS_ERROR_NOT_INITIALIZED: Component returned failure code: 0xc1f30001 (NS_ERROR_NOT_INITIALIZED) [nsIUrlClassifierDBService.getTables]
FATAL ERROR: AsyncShutdown timeout in profile-before-change Conditions: [{"name":"Remote Settings profile-before-change","state":"Remaining: 2 callbacks (importJSONDump-main-bounce-tracking-protection-exceptions-60, prepareShutdown-61).","filename":"resource://services-settings/RemoteSettingsWorker.sys.mjs","lineNumber":189,"stack":["resource://services-settings/RemoteSettingsWorker.sys.mjs:null:189","resource://services-settings/RemoteSettingsClient.sys.mjs:_importJSONDump:971","resource://services-settings/RemoteSettingsClient.sys.mjs:get/this._importingPromise<:457","resource://services-settings/RemoteSettingsClient.sys.mjs:get:472"]}] At least one completion condition failed to complete within a reasonable amount of time. Causing a crash to ensure that we do not leave the user with an unresponsive process draining resources.
[Parent 15608, Main Thread] ###!!! ABORT: file resource://services-settings/RemoteSettingsWorker.sys.mjs:189
