1739092589999	geckodriver	INFO	Listening on 127.0.0.1:62046
1739092593157	mozrunner::runner	INFO	Running command: "C:\\Program Files\\Mozilla Firefox\\firefox.exe" "--marionette" "--remote-debugging-port" "62047" "--remote-allow-hosts" "localhost" "-no-remote" "-profile" "D:\\Users\\sasikumarj\\AppData\\Local\\Temp\\rust_mozprofileNNE9wG"
console.warn: services.settings: Ignoring preference override of remote settings server
console.warn: services.settings: Allow by setting MOZ_REMOTE_SETTINGS_DEVTOOLS=1 in the environment
Dynamically enable window occlusion 0
1739092594044	Marionette	INFO	Marionette enabled
1739092594506	Marionette	INFO	Listening on port 50492
Read port: 50492
WebDriver BiDi listening on ws://127.0.0.1:62047
1739092594722	RemoteAgent	WARN	TLS certificate errors will be ignored for this session
console.error: Policies: 
  Download failed - ERROR_CORRUPT_FILE - file://C:\Program Files\Snow Software\Inventory\Agent\FFCloudmetering.xpi
DevTools listening on ws://127.0.0.1:62047/devtools/browser/2c33fb74-8272-4b0d-a966-28527d05cc5a
[GFX1-]: CompositorBridgeChild receives IPC close with reason=AbnormalShutdown
[GFX[GFX1-]: CompositorBridgeChild receives IPC clo[Exiting due to channel error.
1-]: CompositorBridgeChild receives IPC close with reason=AbnormalShutdown
se with reason=AbnormalShutdown
[GFX1-]: CompositorBridgeChild receives IPC close with reason=AbnormalShutdown
GFX1-]: CompositorBridgeChild receives IPC close with reason=AbnormalShutdown
Exiting due to channel error.
