1739425102285	geckodriver	INFO	Listening on 127.0.0.1:63849
1739425105337	mozrunner::runner	INFO	Running command: "C:\\Program Files\\Mozilla Firefox\\firefox.exe" "--marionette" "--remote-debugging-port" "63850" "--remote-allow-hosts" "localhost" "-no-remote" "-profile" "D:\\Users\\sasikumarj\\AppData\\Local\\Temp\\rust_mozprofileelI02u"
console.warn: services.settings: Ignoring preference override of remote settings server
console.warn: services.settings: Allow by setting MOZ_REMOTE_SETTINGS_DEVTOOLS=1 in the environment
Dynamically enable window occlusion 0
1739425106018	Marionette	INFO	Marionette enabled
1739425106284	Marionette	INFO	Listening on port 63865
WebDriver BiDi listening on ws://127.0.0.1:63850
Read port: 63865
console.error: Policies: 
  Download failed - ERROR_CORRUPT_FILE - file://C:\Program Files\Snow Software\Inventory\Agent\FFCloudmetering.xpi
1739425106559	RemoteAgent	WARN	TLS certificate errors will be ignored for this session
DevTools listening on ws://127.0.0.1:63850/devtools/browser/c07a05fb-7628-44d1-8039-408a00034473
console.error: ({})
console.error: ({})
JavaScript error: https://www.barrons.com/asset/dj-watchlist/v1.14.3/p-0633e57d.entry.js, line 11: TypeError: Error.captureStackTrace is not a function
console.error: ({})
console.error: ({})
JavaScript error: https://cdn.cxense.com/sp1.html#ver=2.8.90&typ=pgv&rnd=m72wsxj82bul8que&sid=9222325317970825875&loc=https%3A%2F%2Fwww.barrons.com%2Farticles%2Fwendys-wen-stock-earnings-51652268634&new=0&arf=0&ltm=1739425116359&ref=&tzo=-330&wsz=1280x595&res=1280x720&dpr=1&col=24&bln=en-US&chs=UTF-8&cks=m72wsxtv2jhho587&ckp=m72wsvkorb7wr7hy&glb=&amo=1652281620&cp_userState=anon, line 1: TypeError: cX.loadScript is not a function
JavaScript error: , line 0: TypeError: NetworkError when attempting to fetch resource.
JavaScript error: , line 0: uncaught exception: Error: Received error when requesting API response from URL: https://piano.vx.barrons.com/api/v3/anon/template/loadTemplateContext?aid=ETbHfCPwpu
JavaScript warning: https://www.barrons.com/articles/wendys-wen-stock-earnings-51652268634, line 129: Script terminated by timeout at:
nrWrapper@https://www.barrons.com/articles/wendys-wen-stock-earnings-51652268634:129:17817
loader@https://tags.tiqcdn.com/utag/wsjdn/barrons/prod/utag.js:92:140
u.send@https://tags.tiqcdn.com/utag/wsjdn/barrons/prod/utag.278.js?utv=ut4.44.202407011243:9:49
sendTag@https://tags.tiqcdn.com/utag/wsjdn/barrons/prod/utag.js:81:175
trigger@https://tags.tiqcdn.com/utag/wsjdn/barrons/prod/utag.js:82:302
track@https://tags.tiqcdn.com/utag/wsjdn/barrons/prod/utag.js:72:395
view@https://tags.tiqcdn.com/utag/wsjdn/barrons/prod/utag.js:72:135
50551/sendTracking/<@https://www.barrons.com/_next/static/chunks/pages/_app-b566eca3a8e26241.js:15:398

JavaScript warning: https://www.gstatic.com/_/mss/boq-subscribewithgoogle/_/js/k=boq-subscribewithgoogle.SubscribewithgoogleClientUi.en_US.ufm9235x4jo.es5.O/am=AANu/d=1/excm=_b,_tp,serviceiframeview/ed=1/dg=0/wt=2/ujg=1/rs=ABXTjI5cLVqIkCz1LkkdGe4tnlo-ysqVew/m=_b,_tp, line 313: Script terminated by timeout at:
c@https://www.gstatic.com/_/mss/boq-subscribewithgoogle/_/js/k=boq-subscribewithgoogle.SubscribewithgoogleClientUi.en_US.ufm9235x4jo.es5.O/am=AANu/d=1/excm=_b,_tp,serviceiframeview/ed=1/dg=0/wt=2/ujg=1/rs=ABXTjI5cLVqIkCz1LkkdGe4tnlo-ysqVew/m=_b,_tp:313:187
b@https://www.gstatic.com/_/mss/boq-subscribewithgoogle/_/js/k=boq-subscribewithgoogle.SubscribewithgoogleClientUi.en_US.ufm9235x4jo.es5.O/am=AANu/d=1/excm=_b,_tp,serviceiframeview/ed=1/dg=0/wt=2/ujg=1/rs=ABXTjI5cLVqIkCz1LkkdGe4tnlo-ysqVew/m=_b,_tp:299:48

JavaScript warning: https://fpt.live.com/?session_id=d5b68eb2642748b5aceeab6f78e95900&CustomerId=33e01921-4d64-4f8c-a055-5bdaffd5e33d&PageId=SI, line 5: WEBGL_debug_renderer_info is deprecated in Firefox and will be removed. Please use RENDERER.
console.warn: LoginRecipes: "Falling back to a synchronous message for: https://login.live.com."
console.warn: LoginRecipes: "Falling back to a synchronous message for: https://login.live.com."
console.error: ({})
1739425137570	Marionette	WARN	Ignoring event 'DOMContentLoaded' because document has an invalid readyState of 'complete'.
JavaScript warning: https://res-1.cdn.office.net/midgard/versionless/livepersonacard_without-react_e5798062a96aa59d6c33.js, line 2: unreachable code after return statement
JavaScript warning: https://pagead2.googlesyndication.com/bg/8ZaB7jRsaaU-biZOJz6O6mNB_fDMtsHVeu7uD0tG4og.js line 2 > eval line 1418 > eval line 1 > eval line 1 > eval, line 1: WEBGL_debug_renderer_info is deprecated in Firefox and will be removed. Please use RENDERER.
JavaScript warning: https://cdn.adnxs.com/v/s/249/trk.js, line 131: Script terminated by timeout at:
io@https://cdn.adnxs.com/v/s/249/trk.js:131:25
Ri@https://cdn.adnxs.com/v/s/249/trk.js:514:120
Jh@https://cdn.adnxs.com/v/s/249/trk.js:363:88
uc@https://cdn.adnxs.com/v/s/249/trk.js:248:40
oc@https://cdn.adnxs.com/v/s/249/trk.js:539:181
_.L@https://cdn.adnxs.com/v/s/249/trk.js:560:3759
Cc@https://cdn.adnxs.com/v/s/249/trk.js:449:27
_.B@https://cdn.adnxs.com/v/s/249/trk.js:560:3303
_.C@https://cdn.adnxs.com/v/s/249/trk.js:560:1376
md/<@https://cdn.adnxs.com/v/s/249/trk.js:560:5629

JavaScript warning: https://pagead2.googlesyndication.com/bg/8ZaB7jRsaaU-biZOJz6O6mNB_fDMtsHVeu7uD0tG4og.js line 2 > eval line 5428 > eval line 1 > eval line 1 > eval, line 1: WEBGL_debug_renderer_info is deprecated in Firefox and will be removed. Please use RENDERER.
JavaScript warning: https://pagead2.googlesyndication.com/bg/8ZaB7jRsaaU-biZOJz6O6mNB_fDMtsHVeu7uD0tG4og.js line 2 > eval line 95 > eval line 1 > eval line 1 > eval, line 1: WEBGL_debug_renderer_info is deprecated in Firefox and will be removed. Please use RENDERER.
1739425170431	Marionette	INFO	Stopped listening on port 63865
JavaScript warning: https://c.evidon.com/geo/ba.js?r231121, line 1: Script terminated by timeout at:
bc@https://c.evidon.com/geo/ba.js?r231121:1:10408

JavaScript warning: https://s0.2mdn.net/879366/express_html_inpage_rendering_lib_200_281.js, line 80: Script terminated by timeout at:
lg.prototype.C@https://s0.2mdn.net/879366/express_html_inpage_rendering_lib_200_281.js:80:651

JavaScript warning: https://res.public.onecdn.static.microsoft/owamail/hashed-v1/scripts/owa.mail.runtime.f3ebd648.js, line 1: Script terminated by timeout at:
S@https://res.public.onecdn.static.microsoft/owamail/hashed-v1/scripts/owa.mail.runtime.f3ebd648.js:1:210870
@https://res.public.onecdn.static.microsoft/owamail/hashed-v1/scripts/owa.47884.m.0f6b97a8.js:1:74

JavaScript error: https://res.public.onecdn.static.microsoft/owamail/hashed-v1/scripts/owa.mail.runtime.f3ebd648.js, line 1: ChunkLoadError: Loading chunk 47884 failed.
(missing: https://res.public.onecdn.static.microsoft/owamail/hashed-v1/scripts/owa.47884.m.0f6b97a8.js)
Dynamically enable window occlusion 1
JavaScript error: , line 0: NetworkError: AutoCancel
JavaScript error: , line 0: AbortError: The operation was aborted. 
