1739423690596	geckodriver	INFO	Listening on 127.0.0.1:65258
1739423694008	mozrunner::runner	INFO	Running command: "C:\\Program Files\\Mozilla Firefox\\firefox.exe" "--marionette" "--remote-debugging-port" "65259" "--remote-allow-hosts" "localhost" "-no-remote" "-profile" "D:\\Users\\sasikumarj\\AppData\\Local\\Temp\\rust_mozprofile7o49y3"
console.warn: services.settings: Ignoring preference override of remote settings server
console.warn: services.settings: Allow by setting MOZ_REMOTE_SETTINGS_DEVTOOLS=1 in the environment
Dynamically enable window occlusion 0
1739423695779	Marionette	INFO	Marionette enabled
1739423696224	Marionette	INFO	Listening on port 65383
Read port: 
1739423696313	geckodriver::browser	WARN	Failed fo convert  to u16
WebDriver BiDi listening on ws://127.0.0.1:65259
Read port: 65383
console.error: Policies: 
  Download failed - ERROR_CORRUPT_FILE - file://C:\Program Files\Snow Software\Inventory\Agent\FFCloudmetering.xpi
1739423696721	RemoteAgent	WARN	TLS certificate errors will be ignored for this session
DevTools listening on ws://127.0.0.1:65259/devtools/browser/304c7ab2-5311-4b98-ad60-29b8d46eed75
console.error: ({})
console.error: ({})
JavaScript error: https://www.barrons.com/asset/dj-watchlist/v1.14.3/p-0633e57d.entry.js, line 11: TypeError: Error.captureStackTrace is not a function
JavaScript warning: https://js-agent.newrelic.com/nr-1044.min.js, line 1: Script terminated by timeout at:
[19]</r.beacon@https://js-agent.newrelic.com/nr-1044.min.js:1:11834
u@https://js-agent.newrelic.com/nr-1044.min.js:1:5787
a@https://js-agent.newrelic.com/nr-1044.min.js:1:5179
[8]</o/e<@https://js-agent.newrelic.com/nr-1044.min.js:1:5091
r@https://js-agent.newrelic.com/nr-1044.min.js:1:22304
o@https://js-agent.newrelic.com/nr-1044.min.js:1:5069
r@https://js-agent.newrelic.com/nr-1044.min.js:1:7155
[15]</r/<@https://js-agent.newrelic.com/nr-1044.min.js:1:9104

console.error: ({})
console.error: ({})
JavaScript warning: https://www.barrons.com/articles/buy-rockwell-automation-stock-pick-price-cc120733?mod=stock_picks_lp, line 129: Script terminated by timeout at:
nrWrapper@https://www.barrons.com/articles/buy-rockwell-automation-stock-pick-price-cc120733?mod=stock_picks_lp:129:17609

JavaScript warning: https://www.gstatic.com/_/mss/boq-subscribewithgoogle/_/js/k=boq-subscribewithgoogle.SubscribewithgoogleClientUi.en_US.ufm9235x4jo.es5.O/am=AANu/d=1/excm=_b,_tp,serviceiframeview/ed=1/dg=0/wt=2/ujg=1/rs=ABXTjI5cLVqIkCz1LkkdGe4tnlo-ysqVew/m=_b,_tp, line 313: Script terminated by timeout at:
c@https://www.gstatic.com/_/mss/boq-subscribewithgoogle/_/js/k=boq-subscribewithgoogle.SubscribewithgoogleClientUi.en_US.ufm9235x4jo.es5.O/am=AANu/d=1/excm=_b,_tp,serviceiframeview/ed=1/dg=0/wt=2/ujg=1/rs=ABXTjI5cLVqIkCz1LkkdGe4tnlo-ysqVew/m=_b,_tp:313:187
b@https://www.gstatic.com/_/mss/boq-subscribewithgoogle/_/js/k=boq-subscribewithgoogle.SubscribewithgoogleClientUi.en_US.ufm9235x4jo.es5.O/am=AANu/d=1/excm=_b,_tp,serviceiframeview/ed=1/dg=0/wt=2/ujg=1/rs=ABXTjI5cLVqIkCz1LkkdGe4tnlo-ysqVew/m=_b,_tp:299:48

console.warn: LoginRecipes: "Falling back to a synchronous message for: https://sso.accounts.dowjones.com."
console.warn: LoginRecipes: "Falling back to a synchronous message for: https://sso.accounts.dowjones.com."
JavaScript warning: https://sso.accounts.dowjones.com/datadome/tags.js, line 2: Script terminated by timeout at:
@https://sso.accounts.dowjones.com/datadome/tags.js:2:161129

console.error: ({})
console.error: ({})
JavaScript error: https://cdn.cxense.com/sp1.html#ver=2.8.90&typ=pgv&rnd=m72vz5wgx7r9zpvd&sid=9222325317970825875&loc=https%3A%2F%2Fwww.barrons.com%2Farticles%2Fbuy-rockwell-automation-stock-pick-price-cc120733%3Fmod%3Dstock_picks_lp&new=1&arf=0&ltm=1739423727523&ref=&tzo=-330&wsz=1280x595&res=1280x720&dpr=1&col=24&bln=en-US&chs=UTF-8&cks=m72vz6ygjjavbdag&ckp=m72vz5wgjd6ons3e&glb=&amo=1688057100&eid0=e4cefa22ef027cc0132f0c218da37da39cdb3228234af4df969b5c463592e123&eit0=wsj&cp_userState=registered, line 1: TypeError: cX.loadScript is not a function
JavaScript warning: https://pagead2.googlesyndication.com/bg/8ZaB7jRsaaU-biZOJz6O6mNB_fDMtsHVeu7uD0tG4og.js line 2 > eval line 1561 > eval line 1 > eval line 1 > eval, line 1: WEBGL_debug_renderer_info is deprecated in Firefox and will be removed. Please use RENDERER.
JavaScript warning: https://cdn.gbqofs.com/sv/b/detector-bootstrap.min.js, line 0: Successfully compiled asm.js code (total compilation time 3ms)
1739423732953	Marionette	INFO	Stopped listening on port 65383
JavaScript warning: https://js.datadome.co/tags.js, line 2: Script terminated by timeout at:
[4]</s/s/s.fORVHA@https://js.datadome.co/tags.js:2:47952
s@https://js.datadome.co/tags.js:2:48725
this.dd_j@https://js.datadome.co/tags.js:2:70792
this.asynchronizeTask/<@https://js.datadome.co/tags.js:2:65765
nrWrapper@https://www.barrons.com/articles/buy-rockwell-automation-stock-pick-price-cc120733?mod=stock_picks_lp:129:17759

Dynamically enable window occlusion 1
console.error: "Could not download new icon" ({})
console.error: services.settings: 
  Message: NetworkError: Network error: TypeError: NetworkError: Network request failed
  Stack:
    APIError@resource://services-settings/RemoteSettingsClient.sys.mjs:108:1
NetworkError@resource://services-settings/RemoteSettingsClient.sys.mjs:112:5
_adjustedError@resource://services-settings/RemoteSettingsClient.sys.mjs:930:14
maybeSync@resource://services-settings/RemoteSettingsClient.sys.mjs:835:38

console.error: "Could not download new icon" ({})
console.error: "Could not download new icon" ({})
console.warn: services.settings: main/devtools-devices sync interrupted by shutdown
console.warn: services.settings: main/doh-config sync interrupted by shutdown
console.warn: services.settings: main/doh-providers sync interrupted by shutdown
console.error: "Could not download new icon" ({})
console.error: "Could not download new icon" ({})
console.error: "Could not download new icon" ({})
console.error: "Could not download new icon" ({})
console.error: "Could not download new icon" ({})
console.error: "Could not download new icon" ({})
console.error: "Could not download new icon" ({})
console.error: "Could not download new icon" ({})
console.warn: services.settings: main/hijack-blocklists sync interrupted by shutdown
console.error: "Could not download new icon" ({})
console.error: "Could not download new icon" ({})
console.error: "Could not download new icon" ({})
console.error: "Could not download new icon" ({})
console.error: "Could not download new icon" ({})
console.error: "Could not download new icon" ({})
console.error: "Could not download new icon" ({})
console.warn: services.settings: main/public-suffix-list sync interrupted by shutdown
console.error: "Could not download new icon" ({})
console.warn: services.settings: main/anti-tracking-url-decoration sync interrupted by shutdown
console.error: "Could not download new icon" ({})
console.warn: services.settings: main/sites-classification sync interrupted by shutdown
console.error: "Could not download new icon" ({})
console.error: "Could not download new icon" ({})
console.error: (new NetworkError("Network error: TypeError: NetworkError: Network request failed", "resource://services-settings/RemoteSettingsClient.sys.mjs", 108))
console.error: "Could not download new icon" ({})
console.error: "Could not download new icon" ({})
console.error: "Could not download new icon" ({})
console.error: "Could not download new icon" ({})
console.error: "Could not download new icon" ({})
console.error: "Could not download new icon" ({})
console.error: "Could not download new icon" ({})
console.error: "Could not download new icon" ({})
console.error: "Could not download new icon" ({})
console.error: "Could not download new icon" ({})
console.error: "Could not download new icon" ({})
console.error: "Could not download new icon" ({})
console.error: "Could not download new icon" ({})
console.error: "Could not download new icon" ({})
console.error: "Could not download new icon" ({})
JavaScript error: https://static.cloudflareinsights.com/beacon.min.js/vcd15cbe7772f49c399c6a5babf22c1241717689176015, line 1: : 
