1738956451292	geckodriver	INFO	Listening on 127.0.0.1:62424
1738956454368	mozrunner::runner	INFO	Running command: "C:\\Program Files\\Mozilla Firefox\\firefox.exe" "--marionette" "--remote-debugging-port" "62425" "--remote-allow-hosts" "localhost" "-no-remote" "-profile" "D:\\Users\\sasikumarj\\AppData\\Local\\Temp\\rust_mozprofilejVG8j6"
console.warn: services.settings: Ignoring preference override of remote settings server
console.warn: services.settings: Allow by setting MOZ_REMOTE_SETTINGS_DEVTOOLS=1 in the environment
Dynamically enable window occlusion 0
1738956455053	Marionette	INFO	Marionette enabled
1738956455308	Marionette	INFO	Listening on port 62436
Read port: 62436
WebDriver BiDi listening on ws://127.0.0.1:62425
1738956455432	RemoteAgent	WARN	TLS certificate errors will be ignored for this session
console.error: Policies: 
  Download failed - ERROR_CORRUPT_FILE - file://C:\Program Files\Snow Software\Inventory\Agent\FFCloudmetering.xpi
DevTools listening on ws://127.0.0.1:62425/devtools/browser/1e32a169-2d8d-489d-b662-5e9944685a00
console.error: ({})
console.error: ({})
JavaScript warning: https://cdn.gbqofs.com/sv/b/detector-bootstrap.min.js, line 0: Successfully compiled asm.js code (total compilation time 2ms)
JavaScript error: https://cdn.gbqofs.com/sv/b/detector-bootstrap.min.js, line 10: Error: Piano SDK is loaded twice on same page. Try to fix that to prevent the message.
JavaScript error: https://cdn.cxense.com/sp1.html#ver=2.8.90&typ=pgv&rnd=m6v5s43pvgk16vmx&sid=9222325317970825875&loc=https%3A%2F%2Fwww.barrons.com%2F&new=1&arf=0&ltm=1738956465394&ref=&tzo=-330&wsz=1280x595&res=1280x720&dpr=1&col=24&bln=en-US&chs=UTF-8&cks=m6v5s5vym7s0jjvk&ckp=m6v5s43pywx15vfg&glb=&cp_userState=anon, line 1: TypeError: cX.loadScript is not a function
JavaScript warning: https://pagead2.googlesyndication.com/bg/dKsKVnRDvnN7x3_VHBWCXOB1uWbHu1pWqkNfYXa-ZYg.js line 2 > eval line 1508 > eval line 1 > eval line 1 > eval, line 1: WEBGL_debug_renderer_info is deprecated in Firefox and will be removed. Please use RENDERER.
JavaScript warning: https://pagead2.googlesyndication.com/bg/dKsKVnRDvnN7x3_VHBWCXOB1uWbHu1pWqkNfYXa-ZYg.js line 2 > eval line 6474 > eval line 1 > eval line 1 > eval, line 1: WEBGL_debug_renderer_info is deprecated in Firefox and will be removed. Please use RENDERER.
1738956475578	Marionette	WARN	Ignoring event 'pageshow' because document has an invalid readyState of 'uninitialized'.
JavaScript warning: https://pagead2.googlesyndication.com/pagead/managed/js/activeview/current/ufs_web_display.js, line 13: Script terminated by timeout at:
C@https://pagead2.googlesyndication.com/pagead/managed/js/activeview/current/ufs_web_display.js:13:325
h@https://pagead2.googlesyndication.com/pagead/managed/js/activeview/current/ufs_web_display.js:93:449

console.error: ({})
console.error: ({})
JavaScript error: https://www.s.dev.barrons.com/articles/buy-under-armour-stock-pick-51650672000, line 162: ReferenceError: djSharedFunctions is not defined
JavaScript warning: https://cdn.gbqofs.com/sv/b/detector-bootstrap.min.js, line 0: Successfully compiled asm.js code (total compilation time 3ms)
JavaScript warning: https://pagead2.googlesyndication.com/bg/dKsKVnRDvnN7x3_VHBWCXOB1uWbHu1pWqkNfYXa-ZYg.js line 2 > eval line 3076 > eval line 1 > eval line 1 > eval, line 1: WEBGL_debug_renderer_info is deprecated in Firefox and will be removed. Please use RENDERER.
JavaScript error: https://cdn.cxense.com/sp1.html#ver=2.8.90&typ=pgv&rnd=m6v5sfuwbibld291&sid=9222325317970825875&loc=https%3A%2F%2Fwww.s.dev.barrons.com%2Farticles%2Fbuy-under-armour-stock-pick-51650672000&new=0&arf=0&ltm=1738956480642&ref=&tzo=-330&wsz=1280x595&res=1280x720&dpr=1&col=24&bln=en-US&chs=UTF-8&cks=m6v5sgqo6q3fi09b&ckp=m6v5s43pywx15vfg&glb=&amo=1720048200&cp_userState=anon, line 1: TypeError: cX.loadScript is not a function
JavaScript warning: https://cdn.cxense.com/cx.js, line 6: Script terminated by timeout at:
i@https://cdn.cxense.com/cx.js:6:2299
get@https://cdn.cxense.com/cx.js:6:2653
bi@https://cdn.cxense.com/cx.js:6:47682
ua@https://cdn.cxense.com/cx.js:6:70666
fa/<@https://cdn.cxense.com/cx.js:6:71076

1738956484571	Marionette	WARN	Ignoring event 'pageshow' because document has an invalid readyState of 'uninitialized'.
1738956484571	Marionette	WARN	Ignoring event 'pageshow' because document has an invalid readyState of 'uninitialized'.
1738956484604	Marionette	WARN	Ignoring event 'pageshow' because document has an invalid readyState of 'uninitialized'.
1738956484620	Marionette	WARN	Ignoring event 'pageshow' because document has an invalid readyState of 'uninitialized'.
1738956484621	Marionette	WARN	Ignoring event 'pageshow' because document has an invalid readyState of 'uninitialized'.
console.warn: LoginRecipes: "Falling back to a synchronous message for: https://sso.int.accounts.dowjones.com."
console.warn: LoginRecipes: "Falling back to a synchronous message for: https://sso.int.accounts.dowjones.com."
JavaScript warning: https://sso.int.accounts.dowjones.com/datadome/tags.js, line 2: Script terminated by timeout at:
@https://sso.int.accounts.dowjones.com/datadome/tags.js:2:161129

JavaScript error: https://pbcs.barrons.com/s/dj/barrons/pb.js, line 827: TypeError: can't convert undefined to object
console.error: ({})
console.error: ({})
JavaScript error: https://www.s.dev.barrons.com/articles/buy-under-armour-stock-pick-51650672000, line 162: ReferenceError: djSharedFunctions is not defined
JavaScript warning: https://cdn.gbqofs.com/sv/b/detector-bootstrap.min.js, line 0: Successfully compiled asm.js code (total compilation time 2ms)
1738956501322	Marionette	INFO	Stopped listening on port 62436
JavaScript warning: https://polishedfolly.com/files/57930e98f1c06/7be414d86ec882d51ae0aa8, line 1: Script terminated by timeout at:
$/<@https://polishedfolly.com/files/57930e98f1c06/7be414d86ec882d51ae0aa8:1:6041
$@https://polishedfolly.com/files/57930e98f1c06/7be414d86ec882d51ae0aa8:1:5939
r.getCookieData@https://polishedfolly.com/files/57930e98f1c06/7be414d86ec882d51ae0aa8:1:31543
r.st@https://polishedfolly.com/files/57930e98f1c06/7be414d86ec882d51ae0aa8:1:21432
r.record/bt<@https://polishedfolly.com/files/57930e98f1c06/7be414d86ec882d51ae0aa8:1:22872

Dynamically enable window occlusion 1
