1739031618246	geckodriver	INFO	Listening on 127.0.0.1:56935
1739031621289	mozrunner::runner	INFO	Running command: "C:\\Program Files\\Mozilla Firefox\\firefox.exe" "--marionette" "--remote-debugging-port" "56936" "--remote-allow-hosts" "localhost" "-no-remote" "-profile" "D:\\Users\\sasikumarj\\AppData\\Local\\Temp\\rust_mozprofileNdEKM5"
console.warn: services.settings: Ignoring preference override of remote settings server
console.warn: services.settings: Allow by setting MOZ_REMOTE_SETTINGS_DEVTOOLS=1 in the environment
Dynamically enable window occlusion 0
1739031621962	Marionette	INFO	Marionette enabled
1739031622230	Marionette	INFO	Listening on port 56948
WebDriver BiDi listening on ws://127.0.0.1:56936
Read port: 56948
console.error: Policies: 
  Download failed - ERROR_CORRUPT_FILE - file://C:\Program Files\Snow Software\Inventory\Agent\FFCloudmetering.xpi
1739031622490	RemoteAgent	WARN	TLS certificate errors will be ignored for this session
DevTools listening on ws://127.0.0.1:56936/devtools/browser/39956af0-e5a9-4f0d-9a56-666932894205
JavaScript error: https://cdn.cxense.com/sp1.html#ver=2.8.90&typ=pgv&rnd=m6wej3qyeb5vsovv&sid=1133979867428110118&loc=https%3A%2F%2Fwww.penews.com%2F&new=1&arf=0&ltm=1739031627709&ref=&tzo=-330&wsz=1280x595&res=1280x720&dpr=1&col=24&bln=en-US&chs=UTF-8&cks=m6wej3uk9ini0lh3&ckp=m6wej3qyi9t5dqyf&glb=&cp_userState=anon&cp_testGroup=59&cp_topDomain=penews.com&cp_template=full&cp_access=free&cp_section=Home&cp_subsection=&cp_cms_name=CAPS&cp_subscriber=nonsubscriber&cp_edition=europe%252Cgb&cp_bucket=4&cp_ab_bucket=14&cp_pageContentSource=Private%20Equity%20News%20Online&cp_pageContentType=Home&cp_pageContentTypeDetai=default&cp_pageSiteProduct=PEN&cp_userTags=&cp_sessionState=none, line 1: TypeError: cX.loadScript is not a function
JavaScript warning: https://pagead2.googlesyndication.com/bg/vbSiC3rXZjPvfLONVMSWfstygVHLPM3jd4I4vl9RjYk.js line 2 > eval line 3128 > eval line 1 > eval line 1 > eval, line 1: WEBGL_debug_renderer_info is deprecated in Firefox and will be removed. Please use RENDERER.
JavaScript warning: https://pagead2.googlesyndication.com/bg/vbSiC3rXZjPvfLONVMSWfstygVHLPM3jd4I4vl9RjYk.js line 2 > eval line 2604 > eval line 1 > eval line 1 > eval, line 1: WEBGL_debug_renderer_info is deprecated in Firefox and will be removed. Please use RENDERER.
JavaScript warning: https://www.penews.com/articles/lp-survey-warns-brace-for-some-high-profile-fundraising-failures-20220622, line 124: Script terminated by timeout at:
nrWrapper@https://www.penews.com/articles/lp-survey-warns-brace-for-some-high-profile-fundraising-failures-20220622:124:14172

console.warn: LoginRecipes: "Falling back to a synchronous message for: https://sso.accounts.dowjones.com."
console.warn: LoginRecipes: "Falling back to a synchronous message for: https://sso.accounts.dowjones.com."
console.error: ({})
console.error: ({})
1739031657184	Marionette	INFO	Stopped listening on port 56948
Dynamically enable window occlusion 1
