1738927092034	geckodriver	INFO	Listening on 127.0.0.1:62086
1738927095092	mozrunner::runner	INFO	Running command: "C:\\Program Files\\Mozilla Firefox\\firefox.exe" "--marionette" "--remote-debugging-port" "62087" "--remote-allow-hosts" "localhost" "-no-remote" "-profile" "D:\\Users\\sasikumarj\\AppData\\Local\\Temp\\rust_mozprofileq6avaN"
console.warn: services.settings: Ignoring preference override of remote settings server
console.warn: services.settings: Allow by setting MOZ_REMOTE_SETTINGS_DEVTOOLS=1 in the environment
Dynamically enable window occlusion 0
1738927095717	Marionette	INFO	Marionette enabled
1738927096016	Marionette	INFO	Listening on port 62102
Read port: 62102
WebDriver BiDi listening on ws://127.0.0.1:62087
1738927096149	RemoteAgent	WARN	TLS certificate errors will be ignored for this session
console.error: Policies: 
  Download failed - ERROR_CORRUPT_FILE - file://C:\Program Files\Snow Software\Inventory\Agent\FFCloudmetering.xpi
DevTools listening on ws://127.0.0.1:62087/devtools/browser/6cab24a3-faa4-4a65-9b69-21c5d5aaf0a1
JavaScript error: https://cdn.cxense.com/sp1.html#ver=2.8.90&typ=pgv&rnd=m6uoat0158z3koiv&sid=1134007940894473081&loc=https%3A%2F%2Fwww.mansionglobal.com%2F&new=1&arf=0&ltm=1738927104343&ref=&tzo=-330&wsz=1280x595&res=1280x720&dpr=1&col=24&bln=en-US&chs=UTF-8&cks=m6uoat3k4uk21urs&ckp=m6uoat01gvaokud9&glb=&cp_userState=anon&cp_testGroup=67&cp_topDomain=mansionglobal.com&cp_template=full&cp_access=free&cp_section=Home&cp_subsection=&cp_cms_name=CMS%20Wordpress&cp_subscriber=nonsubscriber&cp_edition=na%252Cus&cp_bucket=1&cp_ab_bucket=21&cp_pageContentSource=Mansion%20Global&cp_pageContentType=Home&cp_pageContentTypeDetai=default&cp_pageSiteProduct=MG&cp_userTags=&cp_sessionState=none, line 1: TypeError: cX.loadScript is not a function
JavaScript warning: https://pagead2.googlesyndication.com/bg/dKsKVnRDvnN7x3_VHBWCXOB1uWbHu1pWqkNfYXa-ZYg.js line 2 > eval line 7538 > eval line 1 > eval line 1 > eval, line 1: WEBGL_debug_renderer_info is deprecated in Firefox and will be removed. Please use RENDERER.
JavaScript warning: https://pagead2.googlesyndication.com/bg/dKsKVnRDvnN7x3_VHBWCXOB1uWbHu1pWqkNfYXa-ZYg.js line 2 > eval line 3011 > eval line 1 > eval line 1 > eval, line 1: WEBGL_debug_renderer_info is deprecated in Firefox and will be removed. Please use RENDERER.
JavaScript warning: https://pagead2.googlesyndication.com/bg/dKsKVnRDvnN7x3_VHBWCXOB1uWbHu1pWqkNfYXa-ZYg.js line 2 > eval line 1214 > eval line 1 > eval line 1 > eval, line 1: WEBGL_debug_renderer_info is deprecated in Firefox and will be removed. Please use RENDERER.
JavaScript warning: https://www.mansionglobal.com/articles/are-there-tax-breaks-on-agricultural-land-in-pennsylvania-01648119848, line 114: Script terminated by timeout at:
nrWrapper@https://www.mansionglobal.com/articles/are-there-tax-breaks-on-agricultural-land-in-pennsylvania-01648119848:114:17609

JavaScript warning: https://www.youtube-nocookie.com/s/player/9c6dfc4a/www-embed-player.vflset/www-embed-player.js, line 971: Script terminated by timeout at:
R@https://www.youtube-nocookie.com/s/player/9c6dfc4a/www-embed-player.vflset/www-embed-player.js:971:226
@https://www.youtube-nocookie.com/s/player/9c6dfc4a/www-embed-player.vflset/www-embed-player.js:2018:52
tm/<@https://www.youtube-nocookie.com/s/player/9c6dfc4a/www-embed-player.vflset/www-embed-player.js:950:63

JavaScript warning: https://static.cdninstagram.com/rsrc.php/v4iy674/yM/l/en_US/f8BU-fMqxkd.js, line 114: Script terminated by timeout at:
i.canUseNavigatorBeacon@https://static.cdninstagram.com/rsrc.php/v4iy674/yM/l/en_US/f8BU-fMqxkd.js:114:4276
C@https://static.cdninstagram.com/rsrc.php/v4iy674/yM/l/en_US/f8BU-fMqxkd.js:114:1597
i._initialize/<@https://static.cdninstagram.com/rsrc.php/v4iy674/yM/l/en_US/f8BU-fMqxkd.js:114:4912
d@https://static.cdninstagram.com/rsrc.php/v4iy674/yM/l/en_US/f8BU-fMqxkd.js:30:158

JavaScript warning: https://sso.accounts.dowjones.com/datadome/tags.js, line 2: Script terminated by timeout at:
@https://sso.accounts.dowjones.com/datadome/tags.js:2:153321
@https://sso.accounts.dowjones.com/datadome/tags.js:2:155676
@https://sso.accounts.dowjones.com/datadome/tags.js:2:152429
y@https://sso.accounts.dowjones.com/datadome/tags.js:2:159491
@https://sso.accounts.dowjones.com/datadome/tags.js:2:161225

JavaScript warning: https://pagead2.googlesyndication.com/bg/dKsKVnRDvnN7x3_VHBWCXOB1uWbHu1pWqkNfYXa-ZYg.js line 2 > eval line 1847 > eval line 1 > eval line 1 > eval, line 1: WEBGL_debug_renderer_info is deprecated in Firefox and will be removed. Please use RENDERER.
JavaScript warning: https://pagead2.googlesyndication.com/bg/dKsKVnRDvnN7x3_VHBWCXOB1uWbHu1pWqkNfYXa-ZYg.js line 2 > eval line 704 > eval line 1 > eval line 1 > eval, line 1: WEBGL_debug_renderer_info is deprecated in Firefox and will be removed. Please use RENDERER.
JavaScript warning: https://cdn.cxense.com/cx.js, line 6: Script terminated by timeout at:
t@https://cdn.cxense.com/cx.js:6:1107
a@https://cdn.cxense.com/cx.js:6:1369
l<@https://cdn.cxense.com/cx.js:6:1819
$i@https://cdn.cxense.com/cx.js:6:52727
po@https://cdn.cxense.com/cx.js:6:55125
ua@https://cdn.cxense.com/cx.js:6:70769
fa/<@https://cdn.cxense.com/cx.js:6:71076
nrWrapper@https://www.mansionglobal.com/articles/are-there-tax-breaks-on-agricultural-land-in-pennsylvania-01648119848:114:17759

JavaScript warning: https://www.youtube-nocookie.com/s/player/9c6dfc4a/www-embed-player.vflset/www-embed-player.js, line 950: Script terminated by timeout at:
tm/<@https://www.youtube-nocookie.com/s/player/9c6dfc4a/www-embed-player.vflset/www-embed-player.js:950:47

JavaScript warning: https://static.cdninstagram.com/rsrc.php/v4/y4/r/4gEv7nbQgUL.js, line 16: Script terminated by timeout at:
s@https://static.cdninstagram.com/rsrc.php/v4/y4/r/4gEv7nbQgUL.js:16:1783
v@https://static.cdninstagram.com/rsrc.php/v4/y4/r/4gEv7nbQgUL.js:16:2532
x.prototype.compressToBuffer@https://static.cdninstagram.com/rsrc.php/v4/y4/r/4gEv7nbQgUL.js:16:3105
b@https://static.cdninstagram.com/rsrc.php/v4/y4/r/4gEv7nbQgUL.js:16:1173
k@https://static.cdninstagram.com/rsrc.php/v4/y4/r/4gEv7nbQgUL.js:17:216
b@https://static.cdninstagram.com/rsrc.php/v4/y4/r/4gEv7nbQgUL.js:17:585
compressStringToSnappy@https://static.cdninstagram.com/rsrc.php/v4/y4/r/4gEv7nbQgUL.js:17:813
compressWad@https://static.cdninstagram.com/rsrc.php/v4/y4/r/4gEv7nbQgUL.js:18:641
_prepWadForTransit@https://static.cdninstagram.com/rsrc.php/v4/y4/r/4gEv7nbQgUL.js:19:1890
_tryToSendViaBeacon@https://static.cdninstagram.com/rsrc.php/v4/y4/r/4gEv7nbQgUL.js:19:3868
_initialize/<@https://static.cdninstagram.com/rsrc.php/v4/y4/r/4gEv7nbQgUL.js:19:1137
applyWithGuard@https://static.cdninstagram.com/rsrc.php/v4/y3/r/d5IqSZvg2if.js:70:10628
c.__emitToSubscription@https://static.cdninstagram.com/rsrc.php/v4/y3/r/d5IqSZvg2if.js:79:1477
c.emit@https://static.cdninstagram.com/rsrc.php/v4/y3/r/d5IqSZvg2if.js:79:1303
@https://static.cdninstagram.com/rsrc.php/v4/y3/r/d5IqSZvg2if.js:335:1059
applyWithGuard@https://static.cdninstagram.com/rsrc.php/v4/y3/r/d5IqSZvg2if.js:70:10628
d@https://static.cdninstagram.com/rsrc.php/v4/y3/r/d5IqSZvg2if.js:330:2086

JavaScript warning: https://imasdk.googleapis.com/js/core/bridge3.684.0_en.html#fid=goog_971136855, line 456: Script terminated by timeout at:
gD@https://imasdk.googleapis.com/js/core/bridge3.684.0_en.html#fid=goog_971136855:456:310
kD/this.ba@https://imasdk.googleapis.com/js/core/bridge3.684.0_en.html#fid=goog_971136855:454:29

Exiting due to channel error.
[GFX1-]: CompositorBridgeChild receives IPC close with reason=AbnormalShutdown
[GFX1-]: CompositorBridgeChild receives IPC close with reason=AbnormalShutdown
[GFX1-]: CompositorBridgeChild receives IPC close with reason=AbnormalShutdown
Exiting due to channel error.
