1739433226631	geckodriver	INFO	Listening on 127.0.0.1:52813
1739433229675	mozrunner::runner	INFO	Running command: "C:\\Program Files\\Mozilla Firefox\\firefox.exe" "--marionette" "--remote-debugging-port" "52814" "--remote-allow-hosts" "localhost" "-no-remote" "-profile" "D:\\Users\\sasikumarj\\AppData\\Local\\Temp\\rust_mozprofilexdH58O"
console.warn: services.settings: Ignoring preference override of remote settings server
console.warn: services.settings: Allow by setting MOZ_REMOTE_SETTINGS_DEVTOOLS=1 in the environment
Dynamically enable window occlusion 0
1739433230298	Marionette	INFO	Marionette enabled
1739433230555	Marionette	INFO	Listening on port 52830
WebDriver BiDi listening on ws://127.0.0.1:52814
Read port: 52830
console.error: Policies: 
  Download failed - ERROR_CORRUPT_FILE - file://C:\Program Files\Snow Software\Inventory\Agent\FFCloudmetering.xpi
1739433230803	RemoteAgent	WARN	TLS certificate errors will be ignored for this session
DevTools listening on ws://127.0.0.1:52814/devtools/browser/165dc7a3-d6ae-49d0-99ff-ca87efc7e085
console.error: ({})
console.error: ({})
console.error: ({})
console.error: ({})
JavaScript warning: https://www.barrons.com/articles/wendys-wen-stock-earnings-51652268634, line 129: Script terminated by timeout at:
nrWrapper@https://www.barrons.com/articles/wendys-wen-stock-earnings-51652268634:129:17609

JavaScript warning: https://fpt.live.com/?session_id=a96d7a83f8ec43e5b3a69f4b58e7bcd8&CustomerId=33e01921-4d64-4f8c-a055-5bdaffd5e33d&PageId=SI, line 5: WEBGL_debug_renderer_info is deprecated in Firefox and will be removed. Please use RENDERER.
console.warn: LoginRecipes: "Falling back to a synchronous message for: https://login.live.com."
console.warn: LoginRecipes: "Falling back to a synchronous message for: https://login.live.com."
console.error: ({})
1739433261176	Marionette	WARN	Ignoring event 'DOMContentLoaded' because document has an invalid readyState of 'complete'.
JavaScript warning: https://res-1.cdn.office.net/midgard/versionless/livepersonacard_without-react_e5798062a96aa59d6c33.js, line 2: unreachable code after return statement
JavaScript warning: https://pagead2.googlesyndication.com/bg/8ZaB7jRsaaU-biZOJz6O6mNB_fDMtsHVeu7uD0tG4og.js line 2 > eval line 4453 > eval line 1 > eval line 1 > eval, line 1: WEBGL_debug_renderer_info is deprecated in Firefox and will be removed. Please use RENDERER.
JavaScript warning: https://cdn.adnxs.com/v/s/249/trk.js, line 8: Script terminated by timeout at:
zn@https://cdn.adnxs.com/v/s/249/trk.js:8:15
_.B@https://cdn.adnxs.com/v/s/249/trk.js:560:3283
_.C@https://cdn.adnxs.com/v/s/249/trk.js:560:1376
md/<@https://cdn.adnxs.com/v/s/249/trk.js:560:5629

JavaScript warning: https://pagead2.googlesyndication.com/bg/8ZaB7jRsaaU-biZOJz6O6mNB_fDMtsHVeu7uD0tG4og.js line 2 > eval line 780 > eval line 1 > eval line 1 > eval, line 1: WEBGL_debug_renderer_info is deprecated in Firefox and will be removed. Please use RENDERER.
1739433291842	Marionette	INFO	Stopped listening on port 52830
JavaScript warning: https://res.public.onecdn.static.microsoft/owamail/hashed-v1/scripts/owa.5232.m.d529f0e1.js, line 1: Script terminated by timeout at:
386666/</a9/</<@https://res.public.onecdn.static.microsoft/owamail/hashed-v1/scripts/owa.5232.m.d529f0e1.js:1:121432
er@https://res.public.onecdn.static.microsoft/owamail/hashed-v1/scripts/owa.5232.m.d529f0e1.js:1:31461
386666/</a9/<@https://res.public.onecdn.static.microsoft/owamail/hashed-v1/scripts/owa.5232.m.d529f0e1.js:1:121319
er@https://res.public.onecdn.static.microsoft/owamail/hashed-v1/scripts/owa.5232.m.d529f0e1.js:1:31552
a9@https://res.public.onecdn.static.microsoft/owamail/hashed-v1/scripts/owa.5232.m.d529f0e1.js:1:121300
386666/</rr.refresh@https://res.public.onecdn.static.microsoft/owamail/hashed-v1/scripts/owa.5232.m.d529f0e1.js:1:127381
62167/refresh/<@https://res.public.onecdn.static.microsoft/owamail/hashed-v1/scripts/owa.62167.m.647f18c1.js:1:6772
386666/</rr.anq.push@https://res.public.onecdn.static.microsoft/owamail/hashed-v1/scripts/owa.5232.m.d529f0e1.js:1:124039
refresh@https://res.public.onecdn.static.microsoft/owamail/hashed-v1/scripts/owa.62167.m.647f18c1.js:1:6562
62167/et/ee</<@https://res.public.onecdn.static.microsoft/owamail/hashed-v1/scripts/owa.62167.m.647f18c1.js:1:8625
62167/et/ee<@https://res.public.onecdn.static.microsoft/owamail/hashed-v1/scripts/owa.62167.m.647f18c1.js:1:8665

Dynamically enable window occlusion 1
JavaScript error: , line 0: NetworkError: AutoCancel
JavaScript error: , line 0: TypeError: NetworkError when attempting to fetch resource.
