1737520251436	geckodriver	INFO	Listening on 127.0.0.1:56567
1737520254884	mozrunner::runner	INFO	Running command: "C:\\Program Files\\Mozilla Firefox\\firefox.exe" "--marionette" "--remote-debugging-port" "56568" "--remote-allow-hosts" "localhost" "-no-remote" "-profile" "D:\\Users\\sasikumarj\\AppData\\Local\\Temp\\rust_mozprofilecJ6fKW"
console.warn: services.settings: Ignoring preference override of remote settings server
console.warn: services.settings: Allow by setting MOZ_REMOTE_SETTINGS_DEVTOOLS=1 in the environment
Dynamically enable window occlusion 0
1737520256509	Marionette	INFO	Marionette enabled
1737520257038	Marionette	INFO	Listening on port 56631
Read port: 56631
WebDriver BiDi listening on ws://127.0.0.1:56568
console.error: Policies: 
  Download failed - ERROR_CORRUPT_FILE - file://C:\Program Files\Snow Software\Inventory\Agent\FFCloudmetering.xpi
1737520257267	RemoteAgent	WARN	TLS certificate errors will be ignored for this session
DevTools listening on ws://127.0.0.1:56568/devtools/browser/4aed506a-0f67-47af-86b0-50f949fe9d18
JavaScript warning: https://cdn.gbqofs.com/sv/b/detector-bootstrap.min.js, line 0: Successfully compiled asm.js code (total compilation time 3ms)
JavaScript error: https://cdn.cxense.com/sp1.html#ver=2.8.90&typ=pgv&rnd=m67epd7hl6x1gv4f&sid=1138573015853471556&loc=https%3A%2F%2Fwww.dev.marketwatch.com%2F&new=1&arf=0&ltm=1737520265518&ref=&tzo=-330&wsz=1280x595&res=1280x720&dpr=1&col=24&bln=en-US&chs=UTF-8&cks=m67epdptzdqlnc1w&ckp=m67epd7h37l00m6d&glb=&cp_userState=anon&cp_testGroup=77&cp_env=staging&cp_topDomain=marketwatch.com&cp_template=full&cp_access=free&cp_section=Home%20Page&cp_cms_name=Peavey&cp_subscriber=nonsubscriber&cp_edition=naus&cp_bucket=9&cp_ab_bucket=69&cp_pageContentSource=MarketWatch&cp_pageContentType=Home&cp_pageContentTypeDetai=default&cp_pageSiteProduct=MW&cp_userTags=&cp_sessionState=none, line 1: TypeError: cX.loadScript is not a function
JavaScript warning: https://pagead2.googlesyndication.com/bg/xhloPt0V3HYDZqxMOCNqLI9Qa0-bNWhyd5ULBccPyWM.js line 2 > eval line 4018 > eval line 1 > eval line 1 > eval, line 1: WEBGL_debug_renderer_info is deprecated in Firefox and will be removed. Please use RENDERER.
JavaScript error: https://www.dianomi.com/smartads.epl?id=9823&numAds=4&cf=220.1295.mwhomep&url=https%3A%2F%2Fwww.dev.marketwatch.com%2F&unitId=dianomi-9823-Z5B0idG2TtHl02NebiU-JQAAAAo0&responsiveHeight=1&contextfeedFrameId=1295-99&gdpr_consent=null&gdpr=null&canServeAds=true&canCookie=true&partner_tcf_status=2.0&partnerTcfStatus=2.0, line 137: NS_ERROR_UNEXPECTED: 
JavaScript error: https://www.dianomi.com/smartads.epl?id=9828&numAds=4&cf=220.1299.MWhome&url=https%3A%2F%2Fwww.dev.marketwatch.com%2F&unitId=dianomi-9828-Z5B0iXrQzRwZDOAMtGfD2gAAADM0&responsiveHeight=1&contextfeedFrameId=1299-439&gdpr_consent=null&gdpr=null&canServeAds=true&canCookie=true&partner_tcf_status=2.0&partnerTcfStatus=2.0, line 133: NS_ERROR_UNEXPECTED: 
JavaScript warning: https://cdn.gbqofs.com/sv/b/detector-bootstrap.min.js, line 0: Successfully compiled asm.js code (total compilation time 2ms)
JavaScript warning: https://pagead2.googlesyndication.com/bg/xhloPt0V3HYDZqxMOCNqLI9Qa0-bNWhyd5ULBccPyWM.js line 2 > eval line 2987 > eval line 1 > eval line 1 > eval, line 1: WEBGL_debug_renderer_info is deprecated in Firefox and will be removed. Please use RENDERER.
1737520274521	Marionette	INFO	Stopped listening on port 56631
Dynamically enable window occlusion 1
