1729836864047	geckodriver	INFO	Listening on 127.0.0.1:49862
1729836867089	mozrunner::runner	INFO	Running command: "C:\\Program Files\\Mozilla Firefox\\firefox.exe" "--marionette" "--remote-debugging-port" "49863" "--remote-allow-hosts" "localhost" "-no-remote" "-profile" "D:\\Users\\sasikumarj\\AppData\\Local\\Temp\\rust_mozprofileDWmYXd"
console.warn: services.settings: Ignoring preference override of remote settings server
console.warn: services.settings: Allow by setting MOZ_REMOTE_SETTINGS_DEVTOOLS=1 in the environment
Dynamically enable window occlusion 0
1729836867854	Marionette	INFO	Marionette enabled
1729836868141	Marionette	INFO	Listening on port 49870
WebDriver BiDi listening on ws://127.0.0.1:49863
Read port: 49870
1729836868442	RemoteAgent	WARN	TLS certificate errors will be ignored for this session
DevTools listening on ws://127.0.0.1:49863/devtools/browser/4139a972-1619-42d5-acd9-cbe3a423dd05
JavaScript error: , line 0: uncaught exception: out of memory
out of memory: 0x0000000000020000 bytes requested
JavaScript error: , line 0: uncaught exception: out of memory
JavaScript error: , line 0: uncaught exception: out of memory
Exiting due to channel error.
[GFX1-]: CompositorBridgeChild receives IPC close with reason=AbnormalShutdown
[[GFX1-]: CompositorBridgeChild receives IPC close with reason=AbnormalShutdown
GFX1-]: CompositorBridgeChild receives IPC close with reason=AbnormalShutdown
[GFX1-]: CompositorBridgeChild receives IPC close with reason=AbnormalShutdown
Exiting due to channel error.
Exiting due to channel error.
Exiting due to channel error.
