1738954475768	geckodriver	INFO	Listening on 127.0.0.1:59141
1738954478805	mozrunner::runner	INFO	Running command: "C:\\Program Files\\Mozilla Firefox\\firefox.exe" "--marionette" "--remote-debugging-port" "59142" "--remote-allow-hosts" "localhost" "-no-remote" "-profile" "D:\\Users\\sasikumarj\\AppData\\Local\\Temp\\rust_mozprofileguL1Yq"
console.warn: services.settings: Ignoring preference override of remote settings server
console.warn: services.settings: Allow by setting MOZ_REMOTE_SETTINGS_DEVTOOLS=1 in the environment
Dynamically enable window occlusion 0
1738954479421	Marionette	INFO	Marionette enabled
1738954479840	Marionette	INFO	Listening on port 59158
WebDriver BiDi listening on ws://127.0.0.1:59142
Read port: 59158
console.error: Policies: 
  Download failed - ERROR_CORRUPT_FILE - file://C:\Program Files\Snow Software\Inventory\Agent\FFCloudmetering.xpi
1738954480098	RemoteAgent	WARN	TLS certificate errors will be ignored for this session
DevTools listening on ws://127.0.0.1:59142/devtools/browser/ac289daf-fee6-43ea-8edb-5204d63a9c63
JavaScript error: https://cdn.cxense.com/sp1.html#ver=2.8.90&typ=pgv&rnd=m6v4lqyrmzau70uv&sid=1134007940894473081&loc=https%3A%2F%2Fwww.mansionglobal.com%2F&new=1&arf=0&ltm=1738954488780&ref=&tzo=-330&wsz=1280x595&res=1280x720&dpr=1&col=24&bln=en-US&chs=UTF-8&cks=m6v4lr85h0yuc7h7&ckp=m6v4lqyrkpfdr2gx&glb=&cp_userState=anon&cp_testGroup=65&cp_topDomain=mansionglobal.com&cp_template=full&cp_access=free&cp_section=Home&cp_subsection=&cp_cms_name=CMS%20Wordpress&cp_subscriber=nonsubscriber&cp_edition=na%252Cus&cp_bucket=9&cp_ab_bucket=9&cp_pageContentSource=Mansion%20Global&cp_pageContentType=Home&cp_pageContentTypeDetai=default&cp_pageSiteProduct=MG&cp_userTags=&cp_sessionState=none, line 1: TypeError: cX.loadScript is not a function
JavaScript warning: https://pagead2.googlesyndication.com/bg/dKsKVnRDvnN7x3_VHBWCXOB1uWbHu1pWqkNfYXa-ZYg.js line 2 > eval line 1049 > eval line 1 > eval line 1 > eval, line 1: WEBGL_debug_renderer_info is deprecated in Firefox and will be removed. Please use RENDERER.
JavaScript warning: https://pagead2.googlesyndication.com/bg/dKsKVnRDvnN7x3_VHBWCXOB1uWbHu1pWqkNfYXa-ZYg.js line 2 > eval line 5796 > eval line 1 > eval line 1 > eval, line 1: WEBGL_debug_renderer_info is deprecated in Firefox and will be removed. Please use RENDERER.
1738954501694	Marionette	INFO	Stopped listening on port 59158
JavaScript warning: https://cdn.doubleverify.com/dv-measurements7219.js, line 2: Script terminated by timeout at:
s@https://cdn.doubleverify.com/dv-measurements7219.js:2:347074
collectViewabilityData@https://cdn.doubleverify.com/dv-measurements7219.js:2:98278
7360/mapToWrapperFunction/</t[e]@https://cdn.doubleverify.com/dv-measurements7219.js:2:212591
runSafely@https://cdn.doubleverify.com/dv-measurements7219.js:2:213358
7360/publishEvents/<@https://cdn.doubleverify.com/dv-measurements7219.js:2:212448
publishEvents@https://cdn.doubleverify.com/dv-measurements7219.js:2:212430
dispatchEvent@https://cdn.doubleverify.com/dv-measurements7219.js:2:211012
publishAdViewabilityData@https://cdn.doubleverify.com/dv-measurements7219.js:2:327716
2478/runSafelyWhenInvoked/<@https://cdn.doubleverify.com/dv-measurements7219.js:2:257155
131/e.wrapFunction/<@https://cdn.doubleverify.com/dv-measurements7219.js:2:362740

Dynamically enable window occlusion 1
JavaScript warning: https://www.google.com/js/th/2Od_BXY8Vjqn5MycIv0XMSA24h9E-qr9j5xv73dxnSQ.js line 2 > eval line 924 > eval line 1 > eval line 1 > eval, line 1: WEBGL_debug_renderer_info is deprecated in Firefox and will be removed. Please use RENDERER.
