1729833596026	geckodriver	INFO	Listening on 127.0.0.1:49790
1729833599052	mozrunner::runner	INFO	Running command: "C:\\Program Files\\Mozilla Firefox\\firefox.exe" "--marionette" "--remote-debugging-port" "49791" "--remote-allow-hosts" "localhost" "-no-remote" "-profile" "D:\\Users\\sasikumarj\\AppData\\Local\\Temp\\rust_mozprofileNu12bI"
console.warn: services.settings: Ignoring preference override of remote settings server
console.warn: services.settings: Allow by setting MOZ_REMOTE_SETTINGS_DEVTOOLS=1 in the environment
Dynamically enable window occlusion 0
1729833600022	Marionette	INFO	Marionette enabled
1729833600423	Marionette	INFO	Listening on port 49799
WebDriver BiDi listening on ws://127.0.0.1:49791
Read port: 49799
1729833600683	RemoteAgent	WARN	TLS certificate errors will be ignored for this session
DevTools listening on ws://127.0.0.1:49791/devtools/browser/9fcc78c4-6c1f-42d6-9c74-ef2392c893c6
console.error: ({})
console.error: ({})
JavaScript error: https://www.barrons.com/asset/dj-watchlist/v1.11.0/p-8e3b6675.entry.js, line 11: TypeError: Error.captureStackTrace is not a function
JavaScript error: https://cdn.cxense.com/sp1.html#ver=2.8.82&typ=pgv&rnd=m2oa9onqmdodn91v&sid=9222325317970825875&loc=https%3A%2F%2Fwww.s.dev.barrons.com%2Farticles%2Fbuy-under-armour-stock-pick-51650672000&new=1&arf=0&ltm=1729833611038&ref=&tzo=-330&wsz=1278x497&res=1278x622&dpr=1&col=24&bln=en-US&chs=UTF-8&cks=m2oa9opfmns6qjcr&ckp=m2oa9onqgml6okq0&glb=&amo=1720048200&cp_userState=anon&cp_testGroup=65&cp_env=staging&cp_topDomain=barrons.com&cp_pwTag=default&cp_pwPlacement=cx-snippetad&cp_pwCampaign=10&cp_pwType=personalized&cp_type=Retail&cp_template=preview&cp_access=PAID&cp_section=Retail&cp_subsection=Sizing%20Up%20Small-Caps&cp_cms_name=Methode&cp_vix=&cp_subscriber=nonsubscriber&cp_edition=naus&cp_bucket=4&cp_ab_bucket=4&cp_pageContentSource=Barron's%20Online&cp_pageContentType=Article&cp_pageContentTypeDetai=STANDARD&cp_pageSiteProduct=BOL&cp_userTags=&cp_sessionState=none, line 1: TypeError: cX.loadScript is not a function
console.error: ({})
console.error: ({})
JavaScript warning: https://pagead2.googlesyndication.com/bg/nbFBA6X6-R6L-vgiwwUCSbgu-1WcfjEIvkEfffAnUGA.js line 2 > eval line 5660 > eval line 1 > eval line 1 > eval, line 1: WEBGL_debug_renderer_info is deprecated in Firefox and will be removed. Please use RENDERER.
JavaScript warning: https://cdn.gbqofs.com/sv/b/detector-bootstrap.min.js, line 0: Successfully compiled asm.js code (total compilation time 2ms)
JavaScript error: , line 0: TypeError: NetworkError when attempting to fetch resource.
JavaScript error: , line 0: TypeError: NetworkError when attempting to fetch resource.
JavaScript error: , line 0: TypeError: NetworkError when attempting to fetch resource.
JavaScript error: , line 0: TypeError: NetworkError when attempting to fetch resource.
console.warn: WindowsJumpLists: "Failed to fetch favicon for " "https://www.barrons.com/" ({})
JavaScript error: , line 0: TypeError: NetworkError when attempting to fetch resource.
console.warn: WindowsJumpLists: "Failed to fetch favicon for " "https://www.barrons.com/" ({})
console.warn: WindowsJumpLists: "Failed to fetch favicon for " "https://www.barrons.com/" ({})
console.warn: WindowsJumpLists: "Failed to fetch favicon for " "https://www.barrons.com/" ({})
console.warn: WindowsJumpLists: "Failed to fetch favicon for " "https://www.barrons.com/" ({})
console.warn: WindowsJumpLists: "Failed to fetch favicon for " "https://www.barrons.com/" ({})
console.warn: WindowsJumpLists: "Failed to fetch favicon for " "https://www.barrons.com/" ({})
console.warn: WindowsJumpLists: "Failed to fetch favicon for " "https://www.barrons.com/" ({})
console.warn: WindowsJumpLists: "Failed to fetch favicon for " "https://www.barrons.com/" ({})
console.warn: WindowsJumpLists: "Failed to fetch favicon for " "https://www.barrons.com/" ({})
console.warn: WindowsJumpLists: "Failed to fetch favicon for " "https://www.barrons.com/" ({})
console.warn: WindowsJumpLists: "Failed to fetch favicon for " "https://www.barrons.com/" ({})
JavaScript warning: https://securepubads.g.doubleclick.net/pagead/managed/js/gpt/m202410230101/pubads_impl.js?cb=31088406, line 33: Script terminated by timeout at:
Dv/<@https://securepubads.g.doubleclick.net/pagead/managed/js/gpt/m202410230101/pubads_impl.js?cb=31088406:33:298371
Py@https://securepubads.g.doubleclick.net/pagead/managed/js/gpt/m202410230101/pubads_impl.js?cb=31088406:33:140251
Ry/this.next@https://securepubads.g.doubleclick.net/pagead/managed/js/gpt/m202410230101/pubads_impl.js?cb=31088406:33:140559
Sy/<@https://securepubads.g.doubleclick.net/pagead/managed/js/gpt/m202410230101/pubads_impl.js?cb=31088406:33:140972
Sy@https://securepubads.g.doubleclick.net/pagead/managed/js/gpt/m202410230101/pubads_impl.js?cb=31088406:33:140857
_.tg@https://securepubads.g.doubleclick.net/pagead/managed/js/gpt/m202410230101/pubads_impl.js?cb=31088406:33:141007
Dv@https://securepubads.g.doubleclick.net/pagead/managed/js/gpt/m202410230101/pubads_impl.js?cb=31088406:33:298354
qx/this.J<@https://securepubads.g.doubleclick.net/pagead/managed/js/gpt/m202410230101/pubads_impl.js?cb=31088406:33:441045
g@https://securepubads.g.doubleclick.net/pagead/managed/js/gpt/m202410230101/pubads_impl.js?cb=31088406:33:178024
_.$A/<@https://securepubads.g.doubleclick.net/pagead/managed/js/gpt/m202410230101/pubads_impl.js?cb=31088406:33:178079
UT@https://securepubads.g.doubleclick.net/pagead/managed/js/gpt/m202410230101/pubads_impl.js?cb=31088406:33:441680
qx.prototype.g/<@https://securepubads.g.doubleclick.net/pagead/managed/js/gpt/m202410230101/pubads_impl.js?cb=31088406:33:441533
_.r.za/<@https://securepubads.g.doubleclick.net/pagead/managed/js/gpt/m202410230101/pubads_impl.js?cb=31088406:33:296656

JavaScript warning: https://www.gstatic.com/_/mss/boq-subscribewithgoogle/_/js/k=boq-subscribewithgoogle.SubscribewithgoogleClientUi.en_US.wn-BM50GziE.es5.O/ck=boq-subscribewithgoogle.SubscribewithgoogleClientUi.MMsotr09nlQ.L.F4.O/am=OBgwAw/d=1/exm=FCpbqb,LEikZe,P6sQOc,W93Wdc,WhJNk,Wt6vjf,_b,_tp,hhhU8/excm=_b,_tp,serviceiframeview/ed=1/wt=2/ujg=1/rs=ABXTjI4tT7rqMVXiFjrYXZr5asR7M7GIsg/ee=EVNhjf:pw70Gc;EmZ2Bf:zr1jrb;JsbNhc:Xd8iUd;K5nYTd:ZDZcre;LBgRLc:SdcwHb;Me32dd:MEeYgc;NPKaK:SdcwHb;NSEoX:lazG7b;Pjplud:EEDORb;QGR0gd:Mlhmy;SNUn3:ZwDk9d;ScI3Yc:e7Hzgb;Uvc8o:VDovNc;YIZmRd:A1yn5d;a56pNe:JEfCwb;cEt90b:ws9Tlc;dIoSBb:SpsfSb;dowIGb:ebZ3mb;eBAeSb:zbML3c;iFQyKf:QIhFr;lOO0Vd:OTA3Ae;nAFL3:s39S4;oGtAuc:sOXFj;pXdRYb:MdUzUe;qafBPd:yDVVkb;qddgKe:xQtZb;wR5FRb:O1Gjze;xqZiqf:wmnU7d;yxTchf:KUM7Z;zxnPse:GkRiKb/m=RqjULd, line 29: Script terminated by timeout at:
e@https://www.gstatic.com/_/mss/boq-subscribewithgoogle/_/js/k=boq-subscribewithgoogle.SubscribewithgoogleClientUi.en_US.wn-BM50GziE.es5.O/ck=boq-subscribewithgoogle.SubscribewithgoogleClientUi.MMsotr09nlQ.L.F4.O/am=OBgwAw/d=1/exm=FCpbqb,LEikZe,P6sQOc,W93Wdc,WhJNk,Wt6vjf,_b,_tp,hhhU8/excm=_b,_tp,serviceiframeview/ed=1/wt=2/ujg=1/rs=ABXTjI4tT7rqMVXiFjrYXZr5asR7M7GIsg/ee=EVNhjf:pw70Gc;EmZ2Bf:zr1jrb;JsbNhc:Xd8iUd;K5nYTd:ZDZcre;LBgRLc:SdcwHb;Me32dd:MEeYgc;NPKaK:SdcwHb;NSEoX:lazG7b;Pjplud:EEDORb;QGR0gd:Mlhmy;SNUn3:ZwDk9d;ScI3Yc:e7Hzgb;Uvc8o:VDovNc;YIZmRd:A1yn5d;a56pNe:JEfCwb;cEt90b:ws9Tlc;dIoSBb:SpsfSb;dowIGb:ebZ3mb;eBAeSb:zbML3c;iFQyKf:QIhFr;lOO0Vd:OTA3Ae;nAFL3:s39S4;oGtAuc:sOXFj;pXdRYb:MdUzUe;qafBPd:yDVVkb;qddgKe:xQtZb;wR5FRb:O1Gjze;xqZiqf:wmnU7d;yxTchf:KUM7Z;zxnPse:GkRiKb/m=RqjULd:29:438
yia/</k<@https://www.gstatic.com/_/mss/boq-subscribewithgoogle/_/js/k=boq-subscribewithgoogle.SubscribewithgoogleClientUi.en_US.wn-BM50GziE.es5.O/ck=boq-subscribewithgoogle.SubscribewithgoogleClientUi.MMsotr09nlQ.L.F4.O/am=OBgwAw/d=1/exm=FCpbqb,LEikZe,P6sQOc,W93Wdc,WhJNk,Wt6vjf,_b,_tp,hhhU8/excm=_b,_tp,serviceiframeview/ed=1/wt=2/ujg=1/rs=ABXTjI4tT7rqMVXiFjrYXZr5asR7M7GIsg/ee=EVNhjf:pw70Gc;EmZ2Bf:zr1jrb;JsbNhc:Xd8iUd;K5nYTd:ZDZcre;LBgRLc:SdcwHb;Me32dd:MEeYgc;NPKaK:SdcwHb;NSEoX:lazG7b;Pjplud:EEDORb;QGR0gd:Mlhmy;SNUn3:ZwDk9d;ScI3Yc:e7Hzgb;Uvc8o:VDovNc;YIZmRd:A1yn5d;a56pNe:JEfCwb;cEt90b:ws9Tlc;dIoSBb:SpsfSb;dowIGb:ebZ3mb;eBAeSb:zbML3c;iFQyKf:QIhFr;lOO0Vd:OTA3Ae;nAFL3:s39S4;oGtAuc:sOXFj;pXdRYb:MdUzUe;qafBPd:yDVVkb;qddgKe:xQtZb;wR5FRb:O1Gjze;xqZiqf:wmnU7d;yxTchf:KUM7Z;zxnPse:GkRiKb/m=RqjULd:29:630
cK/<@https://www.gstatic.com/_/mss/boq-subscribewithgoogle/_/js/k=boq-subscribewithgoogle.SubscribewithgoogleClientUi.en_US.wn-BM50GziE.es5.O/ck=boq-subscribewithgoogle.SubscribewithgoogleClientUi.MMsotr09nlQ.L.F4.O/am=OBgwAw/d=1/exm=FCpbqb,LEikZe,P6sQOc,W93Wdc,WhJNk,Wt6vjf,_b,_tp,hhhU8/excm=_b,_tp,serviceiframeview/ed=1/wt=2/ujg=1/rs=ABXTjI4tT7rqMVXiFjrYXZr5asR7M7GIsg/ee=EVNhjf:pw70Gc;EmZ2Bf:zr1jrb;JsbNhc:Xd8iUd;K5nYTd:ZDZcre;LBgRLc:SdcwHb;Me32dd:MEeYgc;NPKaK:SdcwHb;NSEoX:lazG7b;Pjplud:EEDORb;QGR0gd:Mlhmy;SNUn3:ZwDk9d;ScI3Yc:e7Hzgb;Uvc8o:VDovNc;YIZmRd:A1yn5d;a56pNe:JEfCwb;cEt90b:ws9Tlc;dIoSBb:SpsfSb;dowIGb:ebZ3mb;eBAeSb:zbML3c;iFQyKf:QIhFr;lOO0Vd:OTA3Ae;nAFL3:s39S4;oGtAuc:sOXFj;pXdRYb:MdUzUe;qafBPd:yDVVkb;qddgKe:xQtZb;wR5FRb:O1Gjze;xqZiqf:wmnU7d;yxTchf:KUM7Z;zxnPse:GkRiKb/m=RqjULd:22:892
bK/<@https://www.gstatic.com/_/mss/boq-subscribewithgoogle/_/js/k=boq-subscribewithgoogle.SubscribewithgoogleClientUi.en_US.wn-BM50GziE.es5.O/ck=boq-subscribewithgoogle.SubscribewithgoogleClientUi.MMsotr09nlQ.L.F4.O/am=OBgwAw/d=1/exm=FCpbqb,LEikZe,P6sQOc,W93Wdc,WhJNk,Wt6vjf,_b,_tp,hhhU8/excm=_b,_tp,serviceiframeview/ed=1/wt=2/ujg=1/rs=ABXTjI4tT7rqMVXiFjrYXZr5asR7M7GIsg/ee=EVNhjf:pw70Gc;EmZ2Bf:zr1jrb;JsbNhc:Xd8iUd;K5nYTd:ZDZcre;LBgRLc:SdcwHb;Me32dd:MEeYgc;NPKaK:SdcwHb;NSEoX:lazG7b;Pjplud:EEDORb;QGR0gd:Mlhmy;SNUn3:ZwDk9d;ScI3Yc:e7Hzgb;Uvc8o:VDovNc;YIZmRd:A1yn5d;a56pNe:JEfCwb;cEt90b:ws9Tlc;dIoSBb:SpsfSb;dowIGb:ebZ3mb;eBAeSb:zbML3c;iFQyKf:QIhFr;lOO0Vd:OTA3Ae;nAFL3:s39S4;oGtAuc:sOXFj;pXdRYb:MdUzUe;qafBPd:yDVVkb;qddgKe:xQtZb;wR5FRb:O1Gjze;xqZiqf:wmnU7d;yxTchf:KUM7Z;zxnPse:GkRiKb/m=RqjULd:22:835

1729837991197	Marionette	INFO	Stopped listening on port 49799
Dynamically enable window occlusion 1
