1738921458753	geckodriver	INFO	Listening on 127.0.0.1:53260
1738921461783	mozrunner::runner	INFO	Running command: "C:\\Program Files\\Mozilla Firefox\\firefox.exe" "--marionette" "--remote-debugging-port" "53261" "--remote-allow-hosts" "localhost" "-no-remote" "-profile" "D:\\Users\\sasikumarj\\AppData\\Local\\Temp\\rust_mozprofileKvyKXA"
console.warn: services.settings: Ignoring preference override of remote settings server
console.warn: services.settings: Allow by setting MOZ_REMOTE_SETTINGS_DEVTOOLS=1 in the environment
Dynamically enable window occlusion 0
1738921462486	Marionette	INFO	Marionette enabled
1738921462753	Marionette	INFO	Listening on port 53274
WebDriver BiDi listening on ws://127.0.0.1:53261
Read port: 53274
console.error: Policies: 
  Download failed - ERROR_CORRUPT_FILE - file://C:\Program Files\Snow Software\Inventory\Agent\FFCloudmetering.xpi
1738921463104	RemoteAgent	WARN	TLS certificate errors will be ignored for this session
DevTools listening on ws://127.0.0.1:53261/devtools/browser/bee25c1f-c12c-4973-956c-e27245b4451e
JavaScript error: https://cdn.cxense.com/sp1.html#ver=2.8.90&typ=pgv&rnd=m6uky594rxb9begu&sid=1144071410389139719&loc=https%3A%2F%2Fwww.mansionglobal.com%2Farticles%2Fare-there-tax-breaks-on-agricultural-land-in-pennsylvania-01648119848&new=1&arf=0&ltm=1738921474845&ref=&tzo=-330&wsz=1280x595&res=1280x720&dpr=1&col=24&bln=en-US&chs=UTF-8&cks=m6uky5deu6ws0j9n&ckp=m6uky594p94y7rvt&glb=&amo=1648119840&cp_userState=anon&cp_testGroup=89&cp_topDomain=mansionglobal.com&cp_type=Mansion%20Global%20Article&cp_template=full&cp_access=free&cp_section=subject_subject-ask-tax&cp_subsection=subject_subject-ask-tax&cp_cms_name=METHODE&cp_subscriber=nonsubscriber&cp_edition=naus&cp_bucket=8&cp_ab_bucket=98&cp_pageContentSource=Mansion%20Global&cp_pageContentType=Article&cp_pageContentTypeDetai=continuous&cp_pageSiteProduct=MG&cp_userTags=&cp_sessionState=none, line 1: TypeError: cX.loadScript is not a function
JavaScript warning: https://pagead2.googlesyndication.com/bg/dKsKVnRDvnN7x3_VHBWCXOB1uWbHu1pWqkNfYXa-ZYg.js line 2 > eval line 7760 > eval line 1 > eval line 1 > eval, line 1: WEBGL_debug_renderer_info is deprecated in Firefox and will be removed. Please use RENDERER.
JavaScript warning: https://pagead2.googlesyndication.com/bg/dKsKVnRDvnN7x3_VHBWCXOB1uWbHu1pWqkNfYXa-ZYg.js line 2 > eval line 895 > eval line 1 > eval line 1 > eval, line 1: WEBGL_debug_renderer_info is deprecated in Firefox and will be removed. Please use RENDERER.
JavaScript warning: https://www.google.com/js/th/2Od_BXY8Vjqn5MycIv0XMSA24h9E-qr9j5xv73dxnSQ.js line 2 > eval line 6282 > eval line 1 > eval line 1 > eval, line 1: Script terminated by timeout at:
B@https://www.google.com/js/th/2Od_BXY8Vjqn5MycIv0XMSA24h9E-qr9j5xv73dxnSQ.js line 2 > eval line 6282 > eval line 1 > eval line 1 > eval:1:109
p@https://www.google.com/js/th/2Od_BXY8Vjqn5MycIv0XMSA24h9E-qr9j5xv73dxnSQ.js line 2 > eval line 6282 > eval line 1 > eval line 1 > eval:1:545
Q$@https://www.google.com/js/th/2Od_BXY8Vjqn5MycIv0XMSA24h9E-qr9j5xv73dxnSQ.js line 2 > eval line 6282 > eval line 1 > eval line 1 > eval:1:49
@https://www.google.com/js/th/2Od_BXY8Vjqn5MycIv0XMSA24h9E-qr9j5xv73dxnSQ.js line 2 > eval line 6282 > eval line 1 > eval line 1 > eval:1:17
vC@https://www.google.com/js/th/2Od_BXY8Vjqn5MycIv0XMSA24h9E-qr9j5xv73dxnSQ.js line 2 > eval line 6282 > eval line 1 > eval line 1 > eval:1:202
PC@https://www.google.com/js/th/2Od_BXY8Vjqn5MycIv0XMSA24h9E-qr9j5xv73dxnSQ.js line 2 > eval line 6282 > eval line 1 > eval line 1 > eval:1:45
C.N</<@https://www.google.com/js/th/2Od_BXY8Vjqn5MycIv0XMSA24h9E-qr9j5xv73dxnSQ.js line 2 > eval:6282:51379
Xm@https://www.google.com/js/th/2Od_BXY8Vjqn5MycIv0XMSA24h9E-qr9j5xv73dxnSQ.js line 2 > eval:6282:25087
ZH@https://www.google.com/js/th/2Od_BXY8Vjqn5MycIv0XMSA24h9E-qr9j5xv73dxnSQ.js line 2 > eval:6282:9458
f@https://www.google.com/js/th/2Od_BXY8Vjqn5MycIv0XMSA24h9E-qr9j5xv73dxnSQ.js line 2 > eval:6282:13374
vc@https://www.google.com/js/th/2Od_BXY8Vjqn5MycIv0XMSA24h9E-qr9j5xv73dxnSQ.js line 2 > eval line 6282 > eval line 1 > eval line 1 > eval:1:197
C.PX@https://www.google.com/js/th/2Od_BXY8Vjqn5MycIv0XMSA24h9E-qr9j5xv73dxnSQ.js line 2 > eval:6282:49749
ZH@https://www.google.com/js/th/2Od_BXY8Vjqn5MycIv0XMSA24h9E-qr9j5xv73dxnSQ.js line 2 > eval:6282:9005
@https://www.google.com/js/th/2Od_BXY8Vjqn5MycIv0XMSA24h9E-qr9j5xv73dxnSQ.js line 2 > eval:6282:53695
uK.prototype.RH/l<@https://www.youtube-nocookie.com/s/player/9c6dfc4a/player_ias.vflset/en_US/base.js:8025:146
CI@https://www.youtube-nocookie.com/s/player/9c6dfc4a/player_ias.vflset/en_US/base.js:825:33
uK.prototype.RH@https://www.youtube-nocookie.com/s/player/9c6dfc4a/player_ias.vflset/en_US/base.js:8025:113
S2.prototype.Ec@https://www.youtube-nocookie.com/s/player/9c6dfc4a/player_ias.vflset/en_US/base.js:8982:41
g.R.invoke@https://www.youtube-nocookie.com/s/player/9c6dfc4a/player_ias.vflset/en_US/base.js:8975:64
DxD@https://www.youtube-nocookie.com/s/player/9c6dfc4a/player_ias.vflset/en_US/base.js:3750:47
g.N37/P.c1a@https://www.youtube-nocookie.com/s/player/9c6dfc4a/player_ias.vflset/en_US/base.js:3754:277
g.JTD@https://www.youtube-nocookie.com/s/player/9c6dfc4a/player_ias.vflset/en_US/base.js:3757:168
g.R.k0@https://www.youtube-nocookie.com/s/player/9c6dfc4a/player_ias.vflset/en_US/base.js:11899:261
g.R.sendAbandonmentPing@https://www.youtube-nocookie.com/s/player/9c6dfc4a/player_ias.vflset/en_US/base.js:11741:106
g.R.sendAbandonmentPing@https://www.youtube-nocookie.com/s/player/9c6dfc4a/player_ias.vflset/en_US/base.js:11618:44
g.R.sendAbandonmentPing@https://www.youtube-nocookie.com/s/player/9c6dfc4a/player_ias.vflset/en_US/base.js:10564:69
yI/P.state.W[v]@https://www.youtube-nocookie.com/s/player/9c6dfc4a/player_ias.vflset/en_US/base.js:4564:53
Kz/<@https://www.youtube-nocookie.com/s/player/9c6dfc4a/www-embed-player.vflset/www-embed-player.js:1971:106
Wz@https://www.youtube-nocookie.com/s/player/9c6dfc4a/www-embed-player.vflset/www-embed-player.js:2008:46
@https://www.youtube-nocookie.com/s/player/9c6dfc4a/www-embed-player.vflset/www-embed-player.js:2018:137
tm/<@https://www.youtube-nocookie.com/s/player/9c6dfc4a/www-embed-player.vflset/www-embed-player.js:950:63

1738921494051	Marionette	INFO	Stopped listening on port 53274
Dynamically enable window occlusion 1
console.error: services.settings: 
Object
  - prototype Object
    - columnNumber = 0
    - data = null
    - filename = resource://gre/modules/ServiceRequest.sys.mjs
    - lineNumber = 126
    - location = {"name":"open","filename":"resource://gre/modules/ServiceRequest.sys.mjs","sourceId":30,"lineNumber":126,"columnNumber":11,"asyncCause":null,"asyncCaller":null,"caller":{"filename":"resource://services-settings/Utils.sys.mjs","name":"fetch/<","sourceId":29,"lineNumber":268,"columnNumber":15,"asyncCause":null,"asyncCaller":null,"caller":{"filename":"resource://services-settings/Utils.sys.mjs","name":"fetch","sourceId":29,"lineNumber":219,"columnNumber":12,"asyncCause":null,"asyncCaller":null,"caller":{"filename":"resource://services-common/kinto-http-client.sys.mjs","name":"timedFetch/<","sourceId":668,"lineNumber":569,"columnNumber":12,"asyncCause":null,"asyncCaller":null,"caller":{"filename":"resource://services-common/kinto-http-client.sys.mjs","name":"timedFetch","sourceId":668,"lineNumber":544,"columnNumber":12,"asyncCause":null,"asyncCaller":null,"caller":{"filename":"resource://services-common/kinto-http-client.sys.mjs","name":"request","sourceId":668,"lineNumber":634,"columnNumber":33,"asyncCause":null,"asyncCaller":null,"caller":{"filename":"resource://services-common/kinto-http-client.sys.mjs","name":"execute","sourceId":668,"lineNumber":2643,"columnNumber":36,"asyncCause":null,"asyncCaller":null,"caller":{"filename":"resource://services-settings/RemoteSettingsClient.sys.mjs","name":"_fetchChangeset","sourceId":27,"lineNumber":1212,"columnNumber":22,"asyncCause":null,"asyncCaller":null,"caller":{"filename":"resource://services-settings/RemoteSettingsClient.sys.mjs","name":"_importChanges","sourceId":27,"lineNumber":1074,"columnNumber":18,"asyncCause":null,"asyncCaller":null,"caller":{"filename":"resource://services-settings/RemoteSettingsClient.sys.mjs","name":"maybeSync","sourceId":27,"lineNumber":763,"columnNumber":35,"asyncCause":null,"asyncCaller":null,"caller":null,"formattedStack":"maybeSync@resource://services-settings/RemoteSettingsClient.sys.mjs:763:35\n","nativeSavedFrame":{}},"formattedStack":"_importChanges@resource://services-settings/RemoteSettingsClient.sys.mjs:1074:18\nmaybeSync@resource://services-settings/RemoteSettingsClient.sys.mjs:763:35\n","nativeSavedFrame":{}},"formattedStack":"_fetchChangeset@resource://services-settings/RemoteSettingsClient.sys.mjs:1212:22\n_importChanges@resource://services-settings/RemoteSettingsClient.sys.mjs:1074:18\nmaybeSync@resource://services-settings/RemoteSettingsClient.sys.mjs:763:35\n","nativeSavedFrame":{}},"formattedStack":"execute@resource://services-common/kinto-http-client.sys.mjs:2643:36\n_fetchChangeset@resource://services-settings/RemoteSettingsClient.sys.mjs:1212:22\n_importChanges@resource://services-settings/RemoteSettingsClient.sys.mjs:1074:18\nmaybeSync@resource://services-settings/RemoteSettingsClient.sys.mjs:763:35\n","nativeSavedFrame":{}},"formattedStack":"request@resource://services-common/kinto-http-client.sys.mjs:634:33\nexecute@resource://services-common/kinto-http-client.sys.mjs:2643:36\n_fetchChangeset@resource://services-settings/RemoteSettingsClient.sys.mjs:1212:22\n_importChanges@resource://services-settings/RemoteSettingsClient.sys.mjs:1074:18\nmaybeSync@resource://services-settings/RemoteSettingsClient.sys.mjs:763:35\n","nativeSavedFrame":{}},"formattedStack":"timedFetch@resource://services-common/kinto-http-client.sys.mjs:544:12\nrequest@resource://services-common/kinto-http-client.sys.mjs:634:33\nexecute@resource://services-common/kinto-http-client.sys.mjs:2643:36\n_fetchChangeset@resource://services-settings/RemoteSettingsClient.sys.mjs:1212:22\n_importChanges@resource://services-settings/RemoteSettingsClient.sys.mjs:1074:18\nmaybeSync@resource://services-settings/RemoteSettingsClient.sys.mjs:763:35\n","nativeSavedFrame":{}},"formattedStack":"timedFetch/<@resource://services-common/kinto-http-client.sys.mjs:569:12\ntimedFetch@resource://services-common/kinto-http-client.sys.mjs:544:12\nrequest@resource://services-common/kinto-http-client.sys.mjs:634:33\nexecute@resource://services-common/kinto-http-client.sys.mjs:2643:36\n_fetchChangeset@resource://services-settings/RemoteSettingsClient.sys.mjs:1212:22\n_importChanges@resource://services-settings/RemoteSettingsClient.sys.mjs:1074:18\nmaybeSync@resource://services-settings/RemoteSettingsClient.sys.mjs:763:35\n","nativeSavedFrame":{}},"formattedStack":"fetch@resource://services-settings/Utils.sys.mjs:219:12\ntimedFetch/<@resource://services-common/kinto-http-client.sys.mjs:569:12\ntimedFetch@resource://services-common/kinto-http-client.sys.mjs:544:12\nrequest@resource://services-common/kinto-http-client.sys.mjs:634:33\nexecute@resource://services-common/kinto-http-client.sys.mjs:2643:36\n_fetchChangeset@resource://services-settings/RemoteSettingsClient.sys.mjs:1212:22\n_importChanges@resource://services-settings/RemoteSettingsClient.sys.mjs:1074:18\nmaybeSync@resource://services-settings/RemoteSettingsClient.sys.mjs:763:35\n","nativeSavedFrame":{}},"formattedStack":"fetch/<@resource://services-settings/Utils.sys.mjs:268:15\nfetch@resource://services-settings/Utils.sys.mjs:219:12\ntimedFetch/<@resource://services-common/kinto-http-client.sys.mjs:569:12\ntimedFetch@resource://services-common/kinto-http-client.sys.mjs:544:12\nrequest@resource://services-common/kinto-http-client.sys.mjs:634:33\nexecute@resource://services-common/kinto-http-client.sys.mjs:2643:36\n_fetchChangeset@resource://services-settings/RemoteSettingsClient.sys.mjs:1212:22\n_importChanges@resource://services-settings/RemoteSettingsClient.sys.mjs:1074:18\nmaybeSync@resource://services-settings/RemoteSettingsClient.sys.mjs:763:35\n","nativeSavedFrame":{}},"formattedStack":"open@resource://gre/modules/ServiceRequest.sys.mjs:126:11\nfetch/<@resource://services-settings/Utils.sys.mjs:268:15\nfetch@resource://services-settings/Utils.sys.mjs:219:12\ntimedFetch/<@resource://services-common/kinto-http-client.sys.mjs:569:12\ntimedFetch@resource://services-common/kinto-http-client.sys.mjs:544:12\nrequest@resource://services-common/kinto-http-client.sys.mjs:634:33\nexecute@resource://services-common/kinto-http-client.sys.mjs:2643:36\n_fetchChangeset@resource://services-settings/RemoteSettingsClient.sys.mjs:1212:22\n_importChanges@resource://services-settings/RemoteSettingsClient.sys.mjs:1074:18\nmaybeSync@resource://services-settings/RemoteSettingsClient.sys.mjs:763:35\n","nativeSavedFrame":{}}
    - message = 
    - name = 
    - result = 2152071198
    - stack = open@resource://gre/modules/ServiceRequest.sys.mjs:126:11|fetch/<@resource://services-settings/Utils.sys.mjs:268:15|fetch@resource://services-settings/Utils.sys.mjs:219:12|timedFetch/<@resource://services-common/kinto-http-client.sys.mjs:569:12|timedFetch@resource://services-common/kinto-http-client.sys.mjs:544:12|request@resource://services-common/kinto-http-client.sys.mjs:634:33|execute@resource://services-common/kinto-http-client.sys.mjs:2643:36|_fetchChangeset@resource://services-settings/RemoteSettingsClient.sys.mjs:1212:22|_importChanges@resource://services-settings/RemoteSettingsClient.sys.mjs:1074:18|maybeSync@resource://services-settings/RemoteSettingsClient.sys.mjs:763:35|
  - prototype Object
console.warn: services.settings: main/partitioning-exempt-urls sync interrupted by shutdown
console.warn: services.settings: main/normandy-recipes-capabilities sync interrupted by shutdown
console.warn: services.settings: main/tracking-protection-lists sync interrupted by shutdown
console.warn: services.settings: security-state/onecrl sync interrupted by shutdown
console.warn: services.settings: main/nimbus-secure-experiments sync interrupted by shutdown
console.warn: services.settings: main/translations-wasm sync interrupted by shutdown
console.warn: services.settings: main/newtab-wallpapers-v2 sync interrupted by shutdown
console.warn: services.settings: main/url-parser-default-unknown-schemes-interventions sync interrupted by shutdown
console.warn: services.settings: main/search-categorization sync interrupted by shutdown
console.warn: services.settings: main/cookie-banner-rules-list sync interrupted by shutdown
console.warn: services.settings: main/top-sites sync interrupted by shutdown
console.warn: services.settings: main/search-default-override-allowlist sync interrupted by shutdown
console.warn: services.settings: main/urlbar-persisted-search-terms sync interrupted by shutdown
console.error: (new AbortError("IndexedDB: main/backup-recovery-download-links getLastModified() IndexedDB:  execute() A request was aborted, for example through a call to IDBTransaction.abort.", "resource://services-settings/IDBHelpers.sys.mjs", 16))
