1739435373052	geckodriver	INFO	Listening on 127.0.0.1:56754
1739435376386	mozrunner::runner	INFO	Running command: "C:\\Program Files\\Mozilla Firefox\\firefox.exe" "--marionette" "--remote-debugging-port" "56755" "--remote-allow-hosts" "localhost" "-no-remote" "-profile" "D:\\Users\\sasikumarj\\AppData\\Local\\Temp\\rust_mozprofile79ah1V"
console.warn: services.settings: Ignoring preference override of remote settings server
console.warn: services.settings: Allow by setting MOZ_REMOTE_SETTINGS_DEVTOOLS=1 in the environment
Dynamically enable window occlusion 0
1739435378944	Marionette	INFO	Marionette enabled
1739435379466	Marionette	INFO	Listening on port 56864
Read port: 56864
WebDriver BiDi listening on ws://127.0.0.1:56755
1739435379745	RemoteAgent	WARN	TLS certificate errors will be ignored for this session
console.error: Policies: 
  Download failed - ERROR_CORRUPT_FILE - file://C:\Program Files\Snow Software\Inventory\Agent\FFCloudmetering.xpi
DevTools listening on ws://127.0.0.1:56755/devtools/browser/0ba7f422-d2c0-45ca-955b-d2ce8381b2d3
JavaScript warning: https://cdn.p-n.io/pushly-sdk.min.js?domain_key=dDO9rW5BJjscrJF1odg2XLzg1OMtCyVUWN1H, line 1: Script terminated by timeout at:
_parseSetterResponse@https://cdn.p-n.io/pushly-sdk.min.js?domain_key=dDO9rW5BJjscrJF1odg2XLzg1OMtCyVUWN1H:1:122287
_setData/e<@https://cdn.p-n.io/pushly-sdk.min.js?domain_key=dDO9rW5BJjscrJF1odg2XLzg1OMtCyVUWN1H:1:121152
n@https://cdn.p-n.io/pushly-sdk.min.js?domain_key=dDO9rW5BJjscrJF1odg2XLzg1OMtCyVUWN1H:1:1052
nrWrapper@https://www.marketwatch.com/:358:17759

console.warn: LoginRecipes: "Falling back to a synchronous message for: https://sso.accounts.dowjones.com."
console.warn: LoginRecipes: "Falling back to a synchronous message for: https://sso.accounts.dowjones.com."
JavaScript warning: https://www.googletagmanager.com/gtag/js?id=G-K2H7B9JRSS, line 750: Script terminated by timeout at:
h.Wh@https://www.googletagmanager.com/gtag/js?id=G-K2H7B9JRSS:750:17
get@https://www.googletagmanager.com/gtag/js?id=G-K2H7B9JRSS:748:119
stop@https://www.googletagmanager.com/gtag/js?id=G-K2H7B9JRSS:748:87
h.Il/c/<@https://www.googletagmanager.com/gtag/js?id=G-K2H7B9JRSS:748:410

JavaScript warning: https://cdn.gbqofs.com/sv/b/detector-bootstrap.min.js, line 0: Successfully compiled asm.js code (total compilation time 5ms)
JavaScript error: https://cdn.cxense.com/sp1.html#ver=2.8.90&typ=pgv&rnd=m732zcemt8whe7x2&sid=9222325317970825873&loc=https%3A%2F%2Fwww.marketwatch.com%2Ffollow&new=1&arf=0&ltm=1739435493265&ref=&tzo=-330&wsz=1280x595&res=1280x720&dpr=1&col=24&bln=en-US&chs=UTF-8&cks=m732zcgmqgqu1k66&ckp=m732zcem5zq2etb0&glb=&eid0=e4cefa22ef027cc0132f0c218da37da39cdb3228234af4df969b5c463592e123&eit0=wsj&cp_userState=anon&cp_testGroup=9&cp_topDomain=marketwatch.com&cp_template=full&cp_access=free&cp_section=Follow&cp_subsection=mw&cp_cms_name=CAPS&cp_subscriber=registered&cp_edition=na%252Cus&cp_bucket=1&cp_ab_bucket=71&cp_pageContentSource=MarketWatch&cp_pageContentType=Follow&cp_pageContentTypeDetai=follow&cp_pageSiteProduct=MW&cp_userTags=&cp_sessionState=ca, line 1: TypeError: cX.loadScript is not a function
JavaScript warning: https://cdn.gbqofs.com/sv/b/detector-bootstrap.min.js, line 0: Successfully compiled asm.js code (total compilation time 2ms)
1739435593681	Marionette	INFO	Stopped listening on port 56864
Dynamically enable window occlusion 1
