1739474115257	geckodriver	INFO	Listening on 127.0.0.1:58821
1739474118307	mozrunner::runner	INFO	Running command: "C:\\Program Files\\Mozilla Firefox\\firefox.exe" "--marionette" "--remote-debugging-port" "58822" "--remote-allow-hosts" "localhost" "-no-remote" "-profile" "D:\\Users\\sasikumarj\\AppData\\Local\\Temp\\rust_mozprofileaVUAkT"
console.warn: services.settings: Ignoring preference override of remote settings server
console.warn: services.settings: Allow by setting MOZ_REMOTE_SETTINGS_DEVTOOLS=1 in the environment
Dynamically enable window occlusion 0
1739474118926	Marionette	INFO	Marionette enabled
1739474119166	Marionette	INFO	Listening on port 58830
WebDriver BiDi listening on ws://127.0.0.1:58822
Read port: 58830
console.error: Policies: 
  Download failed - ERROR_CORRUPT_FILE - file://C:\Program Files\Snow Software\Inventory\Agent\FFCloudmetering.xpi
1739474119417	RemoteAgent	WARN	TLS certificate errors will be ignored for this session
DevTools listening on ws://127.0.0.1:58822/devtools/browser/aef9a3d2-42ea-4b78-899b-ad8a3d4fae7f
JavaScript error: https://cdn.cxense.com/sp1.html#ver=2.8.90&typ=pgv&rnd=m73pzcjng45x8whw&sid=1133979867428110118&loc=https%3A%2F%2Fwww.penews.com%2F&new=1&arf=0&ltm=1739474124614&ref=&tzo=-330&wsz=1280x595&res=1280x720&dpr=1&col=24&bln=en-US&chs=UTF-8&cks=m73pzcmdgz91pd1y&ckp=m73pzcjnguq5i2n8&glb=&cp_userState=anon&cp_testGroup=27&cp_topDomain=penews.com&cp_template=full&cp_access=free&cp_section=Home&cp_subsection=&cp_cms_name=CAPS&cp_subscriber=nonsubscriber&cp_edition=europe%252Cgb&cp_bucket=3&cp_ab_bucket=73&cp_pageContentSource=Private%20Equity%20News%20Online&cp_pageContentType=Home&cp_pageContentTypeDetai=default&cp_pageSiteProduct=PEN&cp_userTags=&cp_sessionState=none, line 1: TypeError: cX.loadScript is not a function
JavaScript warning: https://pagead2.googlesyndication.com/bg/7X-uH5y0gJvnB4v7ISI4IqoVijK-ve8_b-uQfZfzdL4.js line 2 > eval line 854 > eval line 1 > eval line 1 > eval, line 1: WEBGL_debug_renderer_info is deprecated in Firefox and will be removed. Please use RENDERER.
JavaScript warning: https://pagead2.googlesyndication.com/bg/7X-uH5y0gJvnB4v7ISI4IqoVijK-ve8_b-uQfZfzdL4.js line 2 > eval line 5030 > eval line 1 > eval line 1 > eval, line 1: WEBGL_debug_renderer_info is deprecated in Firefox and will be removed. Please use RENDERER.
JavaScript warning: https://cdn.parsely.com/keys/penews.com/p.js, line 7: Script terminated by timeout at:
i._setHeartbeatTimeout@https://cdn.parsely.com/keys/penews.com/p.js:7:45055
i.sendHeartbeat@https://cdn.parsely.com/keys/penews.com/p.js:7:46016
i._sendHeartbeats@https://cdn.parsely.com/keys/penews.com/p.js:7:46105
i._setUnloadListeners/<@https://cdn.parsely.com/keys/penews.com/p.js:7:46258
value/<@https://cdn.parsely.com/keys/penews.com/p.js:7:22304
value@https://cdn.parsely.com/keys/penews.com/p.js:7:22277
value@https://cdn.parsely.com/keys/penews.com/p.js:7:24351
value@https://cdn.parsely.com/keys/penews.com/p.js:7:24771
nrWrapper@https://www.penews.com/articles/lp-survey-warns-brace-for-some-high-profile-fundraising-failures-20220622:124:14322

JavaScript warning: https://int-prod-capabilities-dashboard.vir.onservo.com/_next/static/chunks/main-5f3df17621beaffa.js, line 1: Script terminated by timeout at:
38745/106/p/<@https://int-prod-capabilities-dashboard.vir.onservo.com/_next/static/chunks/main-5f3df17621beaffa.js:1:79742
r@https://int-prod-capabilities-dashboard.vir.onservo.com/_next/static/chunks/main-5f3df17621beaffa.js:1:79245

JavaScript warning: https://newscorp.okta.com/assets/js/vendor/lib/fingerprint2.min.68ab45bd98459cb766f3ab26d086e5f5.js, line 1: WEBGL_debug_renderer_info is deprecated in Firefox and will be removed. Please use RENDERER.
JavaScript warning: https://newscorp.okta.com/assets/js/mvc/sentry-wrapper/sentry-wrapper.pack.2e080a109dbfd00f748e7dab5f49a815.js, line 1: Script terminated by timeout at:
91053/a/<@https://newscorp.okta.com/assets/js/mvc/sentry-wrapper/sentry-wrapper.pack.2e080a109dbfd00f748e7dab5f49a815.js:1:31923
n@https://newscorp.okta.com/assets/js/mvc/sentry-wrapper/sentry-wrapper.pack.2e080a109dbfd00f748e7dab5f49a815.js:1:32885

1739474150725	Marionette	INFO	Stopped listening on port 58830
Dynamically enable window occlusion 1
JavaScript error: chrome://remote/content/marionette/cert.sys.mjs, line 47: NS_ERROR_NOT_AVAILABLE: Component returned failure code: 0x80040111 (NS_ERROR_NOT_AVAILABLE) [nsICertOverrideService.setDisableAllSecurityChecksAndLetAttackersInterceptMyData]
