1735043104126	geckodriver	INFO	Listening on 127.0.0.1:59482
1735043107103	mozrunner::runner	INFO	Running command: "C:\\Program Files\\Mozilla Firefox\\firefox.exe" "--marionette" "--remote-debugging-port" "59483" "--remote-allow-hosts" "localhost" "-no-remote" "-profile" "D:\\Users\\sasikumarj\\AppData\\Local\\Temp\\rust_mozprofileeWaO7F"
console.warn: services.settings: Ignoring preference override of remote settings server
console.warn: services.settings: Allow by setting MOZ_REMOTE_SETTINGS_DEVTOOLS=1 in the environment
Dynamically enable window occlusion 0
1735043113997	Marionette	INFO	Marionette enabled
1735043114848	Marionette	INFO	Listening on port 62455
WebDriver BiDi listening on ws://127.0.0.1:59483
Read port: 62455
1735043115241	RemoteAgent	WARN	TLS certificate errors will be ignored for this session
DevTools listening on ws://127.0.0.1:59483/devtools/browser/72fa83f2-9217-4a84-8c16-27106ce5e598
JavaScript error: https://cdn.cxense.com/sp1.html#ver=2.8.87&typ=pgv&rnd=m52fvoccehsgie2y&sid=9222318613852486900&loc=https%3A%2F%2Fwww.wsj.com%2F&new=1&arf=0&ltm=1735043126274&ref=&tzo=-330&wsz=1280x595&res=1280x720&dpr=1&col=24&bln=en-US&chs=UTF-8&cks=m52fvofc7m9a60ku&ckp=m52fvocct0hooetx&glb=&cp_userState=anon&cp_testGroup=86&cp_topDomain=wsj.com&cp_template=full&cp_access=free&cp_section=US%20Home%20Page&cp_subsection=&cp_cms_name=CAPS&cp_subscriber=nonsubscriber&cp_edition=naus&cp_bucket=3&cp_ab_bucket=83&cp_pageContentSource=WSJ%20Online&cp_pageContentType=Home&cp_pageContentTypeDetai=desktopweb&cp_pageSiteProduct=WSJ&cp_userTags=&cp_sessionState=none, line 1: TypeError: cX.loadScript is not a function
JavaScript warning: https://cdn.gbqofs.com/sv/b/detector-bootstrap.min.js, line 0: Successfully compiled asm.js code (total compilation time 9ms)
1735043135507	Marionette	WARN	Ignoring event 'DOMContentLoaded' because document has an invalid readyState of 'complete'.
JavaScript warning: https://pagead2.googlesyndication.com/bg/jWNzh5sZWPRb1IL5ZdUuRCoB42ZmFYdAoASdLB_GioQ.js line 2 > eval line 2537 > eval line 1 > eval line 1 > eval, line 1: WEBGL_debug_renderer_info is deprecated in Firefox and will be removed. Please use RENDERER.
JavaScript warning: https://pagead2.googlesyndication.com/bg/jWNzh5sZWPRb1IL5ZdUuRCoB42ZmFYdAoASdLB_GioQ.js line 2 > eval line 5338 > eval line 1 > eval line 1 > eval, line 1: WEBGL_debug_renderer_info is deprecated in Firefox and will be removed. Please use RENDERER.
JavaScript warning: https://pagead2.googlesyndication.com/bg/jWNzh5sZWPRb1IL5ZdUuRCoB42ZmFYdAoASdLB_GioQ.js line 2 > eval line 4791 > eval line 1 > eval line 1 > eval, line 1: WEBGL_debug_renderer_info is deprecated in Firefox and will be removed. Please use RENDERER.
JavaScript warning: https://sc-static.net/scevent.min.js, line 2: Script terminated by timeout at:
m@https://sc-static.net/scevent.min.js:2:2789
c@https://sc-static.net/scevent.min.js:2:6893

1735043139504	Marionette	WARN	TimedPromise timed out after 500 ms: stacktrace:
TimedPromise/<@chrome://remote/content/marionette/sync.sys.mjs:206:24
TimedPromise@chrome://remote/content/marionette/sync.sys.mjs:190:10
interaction.flushEventLoop@chrome://remote/content/marionette/interaction.sys.mjs:467:10
webdriverClickElement@chrome://remote/content/marionette/interaction.sys.mjs:220:33
JavaScript error: , line 0: TypeError: NetworkError when attempting to fetch resource.
JavaScript warning: https://www.wsj.com/, line 194: Script terminated by timeout at:
nrWrapper@https://www.wsj.com/:194:17730

JavaScript warning: https://pagead2.googlesyndication.com/pagead/managed/js/activeview/current/ufs_web_display.js, line 13: Script terminated by timeout at:
C@https://pagead2.googlesyndication.com/pagead/managed/js/activeview/current/ufs_web_display.js:13:325
h@https://pagead2.googlesyndication.com/pagead/managed/js/activeview/current/ufs_web_display.js:93:449

JavaScript warning: https://gum.criteo.com/syncframe?origin=criteoPrebidAdapter&topUrl=www.wsj.com&us_privacy=1YNN&gpp=DBABLA~BVQqAAAAAgA.QA&gpp_sid=9#{%22cw%22:true,%22lsw%22:true,%22origin%22:%22criteoPrebidAdapter%22,%22requestId%22:%220.48686746615028176%22,%22tld%22:%22www.wsj.com%22,%22topUrl%22:%22www.wsj.com%22,%22version%22:%229_12_0%22}, line 13: Script terminated by timeout at:
r.prototype.flushEventQueue@https://gum.criteo.com/syncframe?origin=criteoPrebidAdapter&topUrl=www.wsj.com&us_privacy=1YNN&gpp=DBABLA~BVQqAAAAAgA.QA&gpp_sid=9#{%22cw%22:true,%22lsw%22:true,%22origin%22:%22criteoPrebidAdapter%22,%22requestId%22:%220.48686746615028176%22,%22tld%22:%22www.wsj.com%22,%22topUrl%22:%22www.wsj.com%22,%22version%22:%229_12_0%22}:13:3137
r/<@https://gum.criteo.com/syncframe?origin=criteoPrebidAdapter&topUrl=www.wsj.com&us_privacy=1YNN&gpp=DBABLA~BVQqAAAAAgA.QA&gpp_sid=9#{%22cw%22:true,%22lsw%22:true,%22origin%22:%22criteoPrebidAdapter%22,%22requestId%22:%220.48686746615028176%22,%22tld%22:%22www.wsj.com%22,%22topUrl%22:%22www.wsj.com%22,%22version%22:%229_12_0%22}:13:3642

console.warn: LoginRecipes: "Falling back to a synchronous message for: https://sso.accounts.dowjones.com."
console.warn: LoginRecipes: "Falling back to a synchronous message for: https://sso.accounts.dowjones.com."
JavaScript warning: https://www.googletagmanager.com/gtag/js?id=G-K2H7B9JRSS, line 203: Script terminated by timeout at:
Bc@https://www.googletagmanager.com/gtag/js?id=G-K2H7B9JRSS:203:49
Ac@https://www.googletagmanager.com/gtag/js?id=G-K2H7B9JRSS:202:27
JH@https://www.googletagmanager.com/gtag/js?id=G-K2H7B9JRSS:739:262
LH.prototype.flush@https://www.googletagmanager.com/gtag/js?id=G-K2H7B9JRSS:743:302
h.flush@https://www.googletagmanager.com/gtag/js?id=G-K2H7B9JRSS:761:245
eJ/<@https://www.googletagmanager.com/gtag/js?id=G-K2H7B9JRSS:774:210
h.Bl/<@https://www.googletagmanager.com/gtag/js?id=G-K2H7B9JRSS:714:126
h.Bl/c/<@https://www.googletagmanager.com/gtag/js?id=G-K2H7B9JRSS:713:418

JavaScript error: https://www.wsj.com/asset/dj-ufc/v1.33.0/p-5a49cb7f.js, line 1: TypeError: o is undefined
JavaScript error: https://www.wsj.com/asset/dj-ufc/v1.33.0/p-5a49cb7f.js, line 1: TypeError: o is undefined
JavaScript error: https://www.wsj.com/asset/dj-ufc/v1.33.0/p-5a49cb7f.js, line 1: TypeError: o is undefined
JavaScript error: https://www.wsj.com/asset/dj-ufc/v1.33.0/p-5a49cb7f.js, line 1: TypeError: o is undefined
JavaScript error: https://www.wsj.com/asset/dj-ufc/v1.33.0/p-5a49cb7f.js, line 1: TypeError: o is undefined
JavaScript error: https://www.wsj.com/asset/dj-ufc/v1.33.0/p-5a49cb7f.js, line 1: TypeError: o is undefined
JavaScript error: https://www.wsj.com/asset/dj-ufc/v1.33.0/p-5a49cb7f.js, line 1: TypeError: o is undefined
JavaScript error: https://www.wsj.com/asset/dj-ufc/v1.33.0/p-5a49cb7f.js, line 1: TypeError: o is undefined
JavaScript error: https://www.wsj.com/asset/dj-ufc/v1.33.0/p-5a49cb7f.js, line 1: TypeError: o is undefined
JavaScript error: https://www.wsj.com/asset/dj-ufc/v1.33.0/p-5a49cb7f.js, line 1: TypeError: o is undefined
JavaScript error: https://www.wsj.com/asset/dj-ufc/v1.33.0/p-5a49cb7f.js, line 1: TypeError: o is undefined
JavaScript error: https://www.wsj.com/asset/dj-ufc/v1.33.0/p-5a49cb7f.js, line 1: TypeError: o is undefined
JavaScript error: https://www.wsj.com/asset/dj-ufc/v1.33.0/p-5a49cb7f.js, line 1: TypeError: o is undefined
JavaScript error: https://www.wsj.com/asset/dj-ufc/v1.33.0/p-5a49cb7f.js, line 1: TypeError: o is undefined
JavaScript error: https://www.wsj.com/asset/dj-ufc/v1.33.0/p-5a49cb7f.js, line 1: TypeError: o is undefined
JavaScript error: https://www.wsj.com/asset/dj-ufc/v1.33.0/p-5a49cb7f.js, line 1: TypeError: o is undefined
JavaScript error: https://www.wsj.com/asset/dj-ufc/v1.33.0/p-5a49cb7f.js, line 1: TypeError: o is undefined
JavaScript error: https://www.wsj.com/asset/dj-ufc/v1.33.0/p-5a49cb7f.js, line 1: TypeError: o is undefined
JavaScript error: https://www.wsj.com/asset/dj-ufc/v1.33.0/p-5a49cb7f.js, line 1: TypeError: o is undefined
JavaScript error: https://www.wsj.com/asset/dj-ufc/v1.33.0/p-5a49cb7f.js, line 1: TypeError: o is undefined
JavaScript error: https://www.wsj.com/asset/dj-ufc/v1.33.0/p-5a49cb7f.js, line 1: TypeError: o is undefined
JavaScript error: https://www.wsj.com/asset/dj-ufc/v1.33.0/p-5a49cb7f.js, line 1: TypeError: o is undefined
JavaScript error: https://www.wsj.com/asset/dj-ufc/v1.33.0/p-5a49cb7f.js, line 1: TypeError: o is undefined
JavaScript error: https://www.wsj.com/asset/dj-ufc/v1.33.0/p-5a49cb7f.js, line 1: TypeError: o is undefined
JavaScript error: https://www.wsj.com/asset/dj-ufc/v1.33.0/p-5a49cb7f.js, line 1: TypeError: o is undefined
JavaScript error: https://www.wsj.com/asset/dj-ufc/v1.33.0/p-5a49cb7f.js, line 1: TypeError: o is undefined
JavaScript error: https://www.wsj.com/asset/dj-ufc/v1.33.0/p-5a49cb7f.js, line 1: TypeError: o is undefined
JavaScript error: https://www.wsj.com/asset/dj-ufc/v1.33.0/p-5a49cb7f.js, line 1: TypeError: o is undefined
JavaScript error: https://www.wsj.com/asset/dj-ufc/v1.33.0/p-5a49cb7f.js, line 1: TypeError: o is undefined
JavaScript error: https://www.wsj.com/asset/dj-ufc/v1.33.0/p-5a49cb7f.js, line 1: TypeError: o is undefined
JavaScript error: https://www.wsj.com/asset/dj-ufc/v1.33.0/p-5a49cb7f.js, line 1: TypeError: o is undefined
JavaScript error: https://www.wsj.com/asset/dj-ufc/v1.33.0/p-5a49cb7f.js, line 1: TypeError: o is undefined
JavaScript warning: https://tpc.googlesyndication.com/safeframe/1-0-37/html/container.html line 7 > injectedScript, line 9: Script terminated by timeout at:
@https://tpc.googlesyndication.com/safeframe/1-0-37/html/container.html line 7 > injectedScript:9:54
f@https://tpc.googlesyndication.com/safeframe/1-0-37/html/container.html:7:5082
@https://tpc.googlesyndication.com/safeframe/1-0-37/html/container.html:7:5628
@https://tpc.googlesyndication.com/safeframe/1-0-37/html/container.html:7:5526
@https://tpc.googlesyndication.com/safeframe/1-0-37/html/container.html:7:5562
@https://tpc.googlesyndication.com/safeframe/1-0-37/html/container.html:7:5637

JavaScript warning: https://cdn.gbqofs.com/sv/b/detector-bootstrap.min.js, line 0: Successfully compiled asm.js code (total compilation time 31ms)
JavaScript error: https://cdn.cxense.com/sp1.html#ver=2.8.87&typ=pgv&rnd=m52fwlalfaxx54ia&sid=1134002947328204066&loc=https%3A%2F%2Fwww.dev.wsj.com%2Fpreference-center%2Falerts%3Falert%3Dcompany%26fcode%3DONLNFR&new=0&arf=0&ltm=1735043168986&ref=&tzo=-330&wsz=1280x595&res=1280x720&dpr=1&col=24&bln=en-US&chs=UTF-8&cks=m52fwlfgouffeloq&ckp=m52fvocct0hooetx&glb=&eid0=e4cefa22ef027cc0132f0c218da37da39cdb3228234af4df969b5c463592e123&eit0=wsj&cp_userState=anon&cp_testGroup=86&cp_env=staging&cp_topDomain=wsj.com&cp_template=full&cp_access=paid&cp_section=Preference%20Center&cp_subsection=Alerts&cp_cms_name=servo&cp_subscriber=nonsubscriber&cp_edition=naus&cp_bucket=9&cp_ab_bucket=99&cp_pageContentSource=WSJ%20Online&cp_pageContentType=CustomerResources&cp_pageContentTypeDetai=preference-center&cp_pageSiteProduct=WSJ&cp_userTags=&cp_sessionState=none, line 1: TypeError: cX.loadScript is not a function
1735043169864	Marionette	WARN	Ignoring event 'DOMContentLoaded' because document has an invalid readyState of 'complete'.
JavaScript error: https://djcs-multi-region-assets-ohio.s3.us-east-2.amazonaws.com/dj-ufc/asset/dj-ufc/qa/v1.34.0-beta.217/p-5a49cb7f.js, line 1: TypeError: o is undefined
JavaScript error: https://djcs-multi-region-assets-ohio.s3.us-east-2.amazonaws.com/dj-ufc/asset/dj-ufc/qa/v1.34.0-beta.217/p-5a49cb7f.js, line 1: TypeError: o is undefined
JavaScript error: https://djcs-multi-region-assets-ohio.s3.us-east-2.amazonaws.com/dj-ufc/asset/dj-ufc/qa/v1.34.0-beta.217/p-5a49cb7f.js, line 1: TypeError: o is undefined
JavaScript error: https://djcs-multi-region-assets-ohio.s3.us-east-2.amazonaws.com/dj-ufc/asset/dj-ufc/qa/v1.34.0-beta.217/p-5a49cb7f.js, line 1: TypeError: o is undefined
JavaScript error: https://djcs-multi-region-assets-ohio.s3.us-east-2.amazonaws.com/dj-ufc/asset/dj-ufc/qa/v1.34.0-beta.217/p-5a49cb7f.js, line 1: TypeError: o is undefined
JavaScript error: https://djcs-multi-region-assets-ohio.s3.us-east-2.amazonaws.com/dj-ufc/asset/dj-ufc/qa/v1.34.0-beta.217/p-5a49cb7f.js, line 1: TypeError: o is undefined
JavaScript error: https://djcs-multi-region-assets-ohio.s3.us-east-2.amazonaws.com/dj-ufc/asset/dj-ufc/qa/v1.34.0-beta.217/p-5a49cb7f.js, line 1: TypeError: o is undefined
JavaScript error: https://djcs-multi-region-assets-ohio.s3.us-east-2.amazonaws.com/dj-ufc/asset/dj-ufc/qa/v1.34.0-beta.217/p-5a49cb7f.js, line 1: TypeError: o is undefined
JavaScript error: https://djcs-multi-region-assets-ohio.s3.us-east-2.amazonaws.com/dj-ufc/asset/dj-ufc/qa/v1.34.0-beta.217/p-5a49cb7f.js, line 1: TypeError: o is undefined
JavaScript error: https://djcs-multi-region-assets-ohio.s3.us-east-2.amazonaws.com/dj-ufc/asset/dj-ufc/qa/v1.34.0-beta.217/p-5a49cb7f.js, line 1: TypeError: o is undefined
JavaScript error: https://djcs-multi-region-assets-ohio.s3.us-east-2.amazonaws.com/dj-ufc/asset/dj-ufc/qa/v1.34.0-beta.217/p-5a49cb7f.js, line 1: TypeError: o is undefined
JavaScript error: https://djcs-multi-region-assets-ohio.s3.us-east-2.amazonaws.com/dj-ufc/asset/dj-ufc/qa/v1.34.0-beta.217/p-5a49cb7f.js, line 1: TypeError: o is undefined
JavaScript error: https://djcs-multi-region-assets-ohio.s3.us-east-2.amazonaws.com/dj-ufc/asset/dj-ufc/qa/v1.34.0-beta.217/p-5a49cb7f.js, line 1: TypeError: o is undefined
JavaScript error: https://djcs-multi-region-assets-ohio.s3.us-east-2.amazonaws.com/dj-ufc/asset/dj-ufc/qa/v1.34.0-beta.217/p-5a49cb7f.js, line 1: TypeError: o is undefined
JavaScript error: https://djcs-multi-region-assets-ohio.s3.us-east-2.amazonaws.com/dj-ufc/asset/dj-ufc/qa/v1.34.0-beta.217/p-5a49cb7f.js, line 1: TypeError: o is undefined
JavaScript error: https://djcs-multi-region-assets-ohio.s3.us-east-2.amazonaws.com/dj-ufc/asset/dj-ufc/qa/v1.34.0-beta.217/p-5a49cb7f.js, line 1: TypeError: o is undefined
JavaScript error: https://djcs-multi-region-assets-ohio.s3.us-east-2.amazonaws.com/dj-ufc/asset/dj-ufc/qa/v1.34.0-beta.217/p-5a49cb7f.js, line 1: TypeError: o is undefined
JavaScript error: https://djcs-multi-region-assets-ohio.s3.us-east-2.amazonaws.com/dj-ufc/asset/dj-ufc/qa/v1.34.0-beta.217/p-5a49cb7f.js, line 1: TypeError: o is undefined
JavaScript error: https://djcs-multi-region-assets-ohio.s3.us-east-2.amazonaws.com/dj-ufc/asset/dj-ufc/qa/v1.34.0-beta.217/p-5a49cb7f.js, line 1: TypeError: o is undefined
JavaScript error: https://djcs-multi-region-assets-ohio.s3.us-east-2.amazonaws.com/dj-ufc/asset/dj-ufc/qa/v1.34.0-beta.217/p-5a49cb7f.js, line 1: TypeError: o is undefined
JavaScript error: https://djcs-multi-region-assets-ohio.s3.us-east-2.amazonaws.com/dj-ufc/asset/dj-ufc/qa/v1.34.0-beta.217/p-5a49cb7f.js, line 1: TypeError: o is undefined
JavaScript error: https://djcs-multi-region-assets-ohio.s3.us-east-2.amazonaws.com/dj-ufc/asset/dj-ufc/qa/v1.34.0-beta.217/p-5a49cb7f.js, line 1: TypeError: o is undefined
JavaScript error: https://djcs-multi-region-assets-ohio.s3.us-east-2.amazonaws.com/dj-ufc/asset/dj-ufc/qa/v1.34.0-beta.217/p-5a49cb7f.js, line 1: TypeError: o is undefined
JavaScript error: https://djcs-multi-region-assets-ohio.s3.us-east-2.amazonaws.com/dj-ufc/asset/dj-ufc/qa/v1.34.0-beta.217/p-5a49cb7f.js, line 1: TypeError: o is undefined
JavaScript error: https://djcs-multi-region-assets-ohio.s3.us-east-2.amazonaws.com/dj-ufc/asset/dj-ufc/qa/v1.34.0-beta.217/p-5a49cb7f.js, line 1: TypeError: o is undefined
JavaScript error: https://djcs-multi-region-assets-ohio.s3.us-east-2.amazonaws.com/dj-ufc/asset/dj-ufc/qa/v1.34.0-beta.217/p-5a49cb7f.js, line 1: TypeError: o is undefined
JavaScript warning: https://cdn.gbqofs.com/sv/b/detector-bootstrap.min.js, line 0: Successfully compiled asm.js code (total compilation time 2ms)
1735043199768	Marionette	INFO	Stopped listening on port 62455
Dynamically enable window occlusion 1
