1735203298179	geckodriver	INFO	Listening on 127.0.0.1:53547
1735203301238	mozrunner::runner	INFO	Running command: "C:\\Program Files\\Mozilla Firefox\\firefox.exe" "--marionette" "--remote-debugging-port" "53548" "--remote-allow-hosts" "localhost" "-no-remote" "-profile" "D:\\Users\\sasikumarj\\AppData\\Local\\Temp\\rust_mozprofile7dwFhM"
console.warn: services.settings: Ignoring preference override of remote settings server
console.warn: services.settings: Allow by setting MOZ_REMOTE_SETTINGS_DEVTOOLS=1 in the environment
Dynamically enable window occlusion 0
1735203302024	Marionette	INFO	Marionette enabled
1735203302347	Marionette	INFO	Listening on port 53560
WebDriver BiDi listening on ws://127.0.0.1:53548
Read port: 53560
1735203302700	RemoteAgent	WARN	TLS certificate errors will be ignored for this session
DevTools listening on ws://127.0.0.1:53548/devtools/browser/07122518-0b4a-476b-85f5-ddf71c06dd25
JavaScript error: , line 0: AbortError: The operation was aborted. 
JavaScript error: , line 0: AbortError: The operation was aborted. 
JavaScript error: , line 0: AbortError: The operation was aborted. 
JavaScript error: , line 0: AbortError: The operation was aborted. 
JavaScript error: https://cdn.cxense.com/sp1.html#ver=2.8.87&typ=pgv&rnd=m5539387d4g37ida&sid=9222318613852486900&loc=https%3A%2F%2Fwww.wsj.com%2Farticles%2Ftwitter-elon-musk-to-argue-over-trial-timetable-to-force-44-billion-takeover-11658223001%3Fcx_testId%3D3%26cx_testVariant%3Dcx_5%26cx_artPos%3D6%26mod%3DWTRN%23cxrecs_s&new=1&arf=0&ltm=1735203315612&ref=&tzo=-330&wsz=1280x595&res=1280x720&dpr=1&col=24&bln=en-US&chs=UTF-8&cks=m553939q6013e470&ckp=m5539387r8n5o4jh&glb=&amo=1658316780&cp_userState=anon&cp_testId=3&cp_testVariant=cx_5&cp_artPos=6&cp_testGroup=79&cp_topDomain=wsj.com&cp_pwTag=default&cp_pwPlacement=cx-snippetad&cp_pwCampaign=28324&cp_pwType=personalized&cp_navSource=WTRN&cp_type=Technology&cp_template=preview&cp_access=paid&cp_section=Tech&cp_subsection=Tech&cp_cms_name=Methode&cp_vix=&cp_subscriber=nonsubscriber&cp_edition=naus&cp_bucket=1&cp_ab_bucket=11&cp_pageContentSource=WSJ%20Online&cp_pageContentType=Article&cp_pageContentTypeDetai=standard&cp_pageSiteProduct=WSJ&cp_userTags=&cp_sessionState=none, line 1: TypeError: cX.loadScript is not a function
JavaScript warning: https://pagead2.googlesyndication.com/bg/pyMTr0nkmN6cL6IgtDyOeR9sHSfyHchE6TDXG14OT6s.js line 2 > eval line 374 > eval line 1 > eval line 1 > eval, line 1: WEBGL_debug_renderer_info is deprecated in Firefox and will be removed. Please use RENDERER.
JavaScript warning: https://cdn.gbqofs.com/sv/b/detector-bootstrap.min.js, line 0: Successfully compiled asm.js code (total compilation time 3ms)
1735203324982	Marionette	INFO	Stopped listening on port 53560
Dynamically enable window occlusion 1
JavaScript error: , line 0: TypeError: NetworkError when attempting to fetch resource.
!!! error running onStopped callback: TypeError: callback is not a function
JavaScript error: https://s0.2mdn.net/sadbundle/6855211286991315008/300x600.html?ev=01_253, line 25: ReferenceError: AdobeAn is not defined
