1737359523474	geckodriver	INFO	Listening on 127.0.0.1:54988
1737359526586	mozrunner::runner	INFO	Running command: "C:\\Program Files\\Mozilla Firefox\\firefox.exe" "--marionette" "--remote-debugging-port" "54989" "--remote-allow-hosts" "localhost" "-no-remote" "-profile" "D:\\Users\\sasikumarj\\AppData\\Local\\Temp\\rust_mozprofileZBalhp"
console.warn: services.settings: Ignoring preference override of remote settings server
console.warn: services.settings: Allow by setting MOZ_REMOTE_SETTINGS_DEVTOOLS=1 in the environment
Dynamically enable window occlusion 0
1737359528228	Marionette	INFO	Marionette enabled
1737359528804	Marionette	INFO	Listening on port 55055
Read port: 55055
WebDriver BiDi listening on ws://127.0.0.1:54989
console.error: Policies: 
  Download failed - ERROR_CORRUPT_FILE - file://C:\Program Files\Snow Software\Inventory\Agent\FFCloudmetering.xpi
1737359529033	RemoteAgent	WARN	TLS certificate errors will be ignored for this session
DevTools listening on ws://127.0.0.1:54989/devtools/browser/4be4d6ee-df8c-4966-97ac-02a16ded979a
JavaScript warning: https://pagead2.googlesyndication.com/bg/6LoleFQdWk2EEfhEAJzouD4MZoRMZo2qJxisFc-PBJg.js line 2 > eval line 5258 > eval line 1 > eval line 1 > eval, line 1: WEBGL_debug_renderer_info is deprecated in Firefox and will be removed. Please use RENDERER.
JavaScript warning: https://cdn.gbqofs.com/sv/b/detector-bootstrap.min.js, line 0: Successfully compiled asm.js code (total compilation time 2ms)
1737359543288	Marionette	WARN	TimedPromise timed out after 500 ms: stacktrace:
TimedPromise/<@chrome://remote/content/marionette/sync.sys.mjs:206:24
TimedPromise@chrome://remote/content/marionette/sync.sys.mjs:190:10
interaction.flushEventLoop@chrome://remote/content/marionette/interaction.sys.mjs:467:10
webdriverClickElement@chrome://remote/content/marionette/interaction.sys.mjs:220:33
JavaScript error: , line 0: TypeError: NetworkError when attempting to fetch resource.
JavaScript error: , line 0: AbortError: The operation was aborted. 
JavaScript error: https://cdn.cxense.com/sp1.html#ver=2.8.88&typ=pgv&rnd=m64r0gyhpetjdbms&sid=9222318613852486900&loc=https%3A%2F%2Fwww.wsj.com%2F&new=1&arf=0&ltm=1737359540446&ref=&tzo=-330&wsz=1280x595&res=1280x720&dpr=1&col=24&bln=en-US&chs=UTF-8&cks=m64r0hjjm03htrx2&ckp=m64r0gyhczp6sheh&glb=&cp_userState=anon&cp_testGroup=78&cp_topDomain=wsj.com&cp_template=full&cp_access=free&cp_section=US%20Home%20Page&cp_subsection=&cp_cms_name=CAPS&cp_subscriber=nonsubscriber&cp_edition=naus&cp_bucket=6&cp_ab_bucket=96&cp_pageContentSource=WSJ%20Online&cp_pageContentType=Home&cp_pageContentTypeDetai=desktopweb&cp_pageSiteProduct=WSJ&cp_userTags=&cp_sessionState=none, line 1: TypeError: cX.loadScript is not a function
JavaScript warning: https://cdn.parsely.com/keys/wsj.com/p.js, line 7: Script terminated by timeout at:
t._deserialize@https://cdn.parsely.com/keys/wsj.com/p.js:7:32274
t.get@https://cdn.parsely.com/keys/wsj.com/p.js:7:31173
getVisitorInfo@https://cdn.parsely.com/keys/wsj.com/p.js:7:33929
getSession@https://cdn.parsely.com/keys/wsj.com/p.js:7:35584
beacon@https://cdn.parsely.com/keys/wsj.com/p.js:7:64086
e.engagedTime.sendHeartbeat@https://cdn.parsely.com/keys/wsj.com/p.js:7:43415
i.sendHeartbeat@https://cdn.parsely.com/keys/wsj.com/p.js:7:41440
i._sendHeartbeats@https://cdn.parsely.com/keys/wsj.com/p.js:7:41594
i._setUnloadListeners/<@https://cdn.parsely.com/keys/wsj.com/p.js:7:41747
value/<@https://cdn.parsely.com/keys/wsj.com/p.js:7:22304
value@https://cdn.parsely.com/keys/wsj.com/p.js:7:22277
value@https://cdn.parsely.com/keys/wsj.com/p.js:7:24351
value@https://cdn.parsely.com/keys/wsj.com/p.js:7:24771
nrWrapper@https://www.wsj.com/:194:17687

JavaScript warning: https://imasdk.googleapis.com/js/core/bridge3.679.0_en.html#goog_717597635, line 444: Script terminated by timeout at:
LB@https://imasdk.googleapis.com/js/core/bridge3.679.0_en.html#goog_717597635:444:310
PB/this.aa@https://imasdk.googleapis.com/js/core/bridge3.679.0_en.html#goog_717597635:442:29

console.warn: LoginRecipes: "Falling back to a synchronous message for: https://sso.accounts.dowjones.com."
console.warn: LoginRecipes: "Falling back to a synchronous message for: https://sso.accounts.dowjones.com."
JavaScript warning: https://www.googletagmanager.com/gtag/js?id=G-K2H7B9JRSS, line 202: Script terminated by timeout at:
zc@https://www.googletagmanager.com/gtag/js?id=G-K2H7B9JRSS:202:9
PI@https://www.googletagmanager.com/gtag/js?id=G-K2H7B9JRSS:751:217
RI.prototype.flush@https://www.googletagmanager.com/gtag/js?id=G-K2H7B9JRSS:755:263
h.flush@https://www.googletagmanager.com/gtag/js?id=G-K2H7B9JRSS:773:245
lK/<@https://www.googletagmanager.com/gtag/js?id=G-K2H7B9JRSS:786:210
h.Hl/<@https://www.googletagmanager.com/gtag/js?id=G-K2H7B9JRSS:726:126
h.Hl/c/<@https://www.googletagmanager.com/gtag/js?id=G-K2H7B9JRSS:725:418

JavaScript warning: https://imasdk.googleapis.com/js/core/bridge3.679.0_en.html#goog_2105591428, line 444: Script terminated by timeout at:
LB@https://imasdk.googleapis.com/js/core/bridge3.679.0_en.html#goog_2105591428:444:310
PB/this.aa@https://imasdk.googleapis.com/js/core/bridge3.679.0_en.html#goog_2105591428:442:29

JavaScript warning: https://cdn.gbqofs.com/sv/b/detector-bootstrap.min.js, line 0: Successfully compiled asm.js code (total compilation time 2ms)
1737359572642	Marionette	WARN	Ignoring event 'DOMContentLoaded' because document has an invalid readyState of 'complete'.
JavaScript warning: https://sc-static.net/scevent.min.js, line 2: Script terminated by timeout at:
m@https://sc-static.net/scevent.min.js:2:2789
c@https://sc-static.net/scevent.min.js:2:6893

1737359574151	Marionette	INFO	Stopped listening on port 55055
JavaScript warning: https://sc-static.net/scevent.min.js, line 2: Script terminated by timeout at:
ar/o<@https://sc-static.net/scevent.min.js:2:14907

Dynamically enable window occlusion 1
