1739084669174	geckodriver	INFO	Listening on 127.0.0.1:56426
1739084672220	mozrunner::runner	INFO	Running command: "C:\\Program Files\\Mozilla Firefox\\firefox.exe" "--marionette" "--remote-debugging-port" "56427" "--remote-allow-hosts" "localhost" "-no-remote" "-profile" "D:\\Users\\sasikumarj\\AppData\\Local\\Temp\\rust_mozprofile04DXjV"
console.warn: services.settings: Ignoring preference override of remote settings server
console.warn: services.settings: Allow by setting MOZ_REMOTE_SETTINGS_DEVTOOLS=1 in the environment
Dynamically enable window occlusion 0
1739084672870	Marionette	INFO	Marionette enabled
1739084673118	Marionette	INFO	Listening on port 56439
WebDriver BiDi listening on ws://127.0.0.1:56427
Read port: 56439
console.error: Policies: 
  Download failed - ERROR_CORRUPT_FILE - file://C:\Program Files\Snow Software\Inventory\Agent\FFCloudmetering.xpi
1739084673379	RemoteAgent	WARN	TLS certificate errors will be ignored for this session
DevTools listening on ws://127.0.0.1:56427/devtools/browser/7650c231-3924-43db-9c67-506ba38802d4
JavaScript error: https://cdn.cxense.com/sp1.html#ver=2.8.90&typ=pgv&rnd=m6xa481ab8r6119a&sid=1134007940894473081&loc=https%3A%2F%2Fwww.mansionglobal.com%2F&new=1&arf=0&ltm=1739084681137&ref=&tzo=-330&wsz=1280x595&res=1280x720&dpr=1&col=24&bln=en-US&chs=UTF-8&cks=m6xa486wscou3sbl&ckp=m6xa481a8hou5wy8&glb=&cp_userState=anon&cp_testGroup=93&cp_topDomain=mansionglobal.com&cp_template=full&cp_access=free&cp_section=Home&cp_subsection=&cp_cms_name=CMS%20Wordpress&cp_subscriber=nonsubscriber&cp_edition=na%252Cus&cp_bucket=3&cp_ab_bucket=43&cp_pageContentSource=Mansion%20Global&cp_pageContentType=Home&cp_pageContentTypeDetai=default&cp_pageSiteProduct=MG&cp_userTags=&cp_sessionState=none, line 1: TypeError: cX.loadScript is not a function
JavaScript warning: https://pagead2.googlesyndication.com/bg/vbSiC3rXZjPvfLONVMSWfstygVHLPM3jd4I4vl9RjYk.js line 2 > eval line 2504 > eval line 1 > eval line 1 > eval, line 1: WEBGL_debug_renderer_info is deprecated in Firefox and will be removed. Please use RENDERER.
JavaScript warning: https://cdn.parsely.com/keys/mansionglobal.com/p.js, line 7: Script terminated by timeout at:
t@https://cdn.parsely.com/keys/mansionglobal.com/p.js:7:22670
value@https://cdn.parsely.com/keys/mansionglobal.com/p.js:7:24365
value@https://cdn.parsely.com/keys/mansionglobal.com/p.js:7:24771
nrWrapper@https://www.mansionglobal.com/articles/are-there-tax-breaks-on-agricultural-land-in-pennsylvania-01648119848:114:17759

JavaScript warning: https://static.cdninstagram.com/rsrc.php/v4iy674/yM/l/en_US/f8BU-fMqxkd.js, line 114: Script terminated by timeout at:
i.canUseNavigatorBeacon@https://static.cdninstagram.com/rsrc.php/v4iy674/yM/l/en_US/f8BU-fMqxkd.js:114:4276
C@https://static.cdninstagram.com/rsrc.php/v4iy674/yM/l/en_US/f8BU-fMqxkd.js:114:1597
i._initialize/<@https://static.cdninstagram.com/rsrc.php/v4iy674/yM/l/en_US/f8BU-fMqxkd.js:114:4912
d@https://static.cdninstagram.com/rsrc.php/v4iy674/yM/l/en_US/f8BU-fMqxkd.js:30:158

JavaScript warning: https://www.youtube-nocookie.com/s/player/9c6dfc4a/player_ias.vflset/en_US/base.js, line 2708: Script terminated by timeout at:
Lt/<@https://www.youtube-nocookie.com/s/player/9c6dfc4a/player_ias.vflset/en_US/base.js:2708:121
Lt@https://www.youtube-nocookie.com/s/player/9c6dfc4a/player_ias.vflset/en_US/base.js:2708:90
S2.prototype.r_@https://www.youtube-nocookie.com/s/player/9c6dfc4a/player_ias.vflset/en_US/base.js:8981:36
g.R.invoke@https://www.youtube-nocookie.com/s/player/9c6dfc4a/player_ias.vflset/en_US/base.js:8975:54
DxD@https://www.youtube-nocookie.com/s/player/9c6dfc4a/player_ias.vflset/en_US/base.js:3750:47
g.N37/P.c1a@https://www.youtube-nocookie.com/s/player/9c6dfc4a/player_ias.vflset/en_US/base.js:3754:277
g.JTD@https://www.youtube-nocookie.com/s/player/9c6dfc4a/player_ias.vflset/en_US/base.js:3757:168
g.R.k0@https://www.youtube-nocookie.com/s/player/9c6dfc4a/player_ias.vflset/en_US/base.js:11899:261
g.R.sendAbandonmentPing@https://www.youtube-nocookie.com/s/player/9c6dfc4a/player_ias.vflset/en_US/base.js:11741:106
g.R.sendAbandonmentPing@https://www.youtube-nocookie.com/s/player/9c6dfc4a/player_ias.vflset/en_US/base.js:11618:44
g.R.sendAbandonmentPing@https://www.youtube-nocookie.com/s/player/9c6dfc4a/player_ias.vflset/en_US/base.js:10564:69
yI/P.state.W[v]@https://www.youtube-nocookie.com/s/player/9c6dfc4a/player_ias.vflset/en_US/base.js:4564:53
Kz/<@https://www.youtube-nocookie.com/s/player/9c6dfc4a/www-embed-player.vflset/www-embed-player.js:1971:106
Wz@https://www.youtube-nocookie.com/s/player/9c6dfc4a/www-embed-player.vflset/www-embed-player.js:2008:46
@https://www.youtube-nocookie.com/s/player/9c6dfc4a/www-embed-player.vflset/www-embed-player.js:2018:137
tm/<@https://www.youtube-nocookie.com/s/player/9c6dfc4a/www-embed-player.vflset/www-embed-player.js:950:63

JavaScript warning: https://fpt.live.com/?session_id=3616f75be5be4544b4cf3fb082811727&CustomerId=33e01921-4d64-4f8c-a055-5bdaffd5e33d&PageId=SI, line 5: WEBGL_debug_renderer_info is deprecated in Firefox and will be removed. Please use RENDERER.
console.warn: LoginRecipes: "Falling back to a synchronous message for: https://login.live.com."
console.warn: LoginRecipes: "Falling back to a synchronous message for: https://login.live.com."
console.error: ({})
1739084710569	Marionette	WARN	Ignoring event 'DOMContentLoaded' because document has an invalid readyState of 'complete'.
JavaScript warning: https://res-1.cdn.office.net/midgard/versionless/livepersonacard_without-react_44cd24035cb31cfc94c2.js, line 2: unreachable code after return statement
JavaScript warning: https://cdn.adnxs.com/v/s/247/trk.js, line 334: Script terminated by timeout at:
cf@https://cdn.adnxs.com/v/s/247/trk.js:334:84
_e@https://cdn.adnxs.com/v/s/247/trk.js:513:127
mi@https://cdn.adnxs.com/v/s/247/trk.js:557:831
gi@https://cdn.adnxs.com/v/s/247/trk.js:139:30
Kh@https://cdn.adnxs.com/v/s/247/trk.js:521:194
Uh@https://cdn.adnxs.com/v/s/247/trk.js:365:60
Cc@https://cdn.adnxs.com/v/s/247/trk.js:449:76
_.B@https://cdn.adnxs.com/v/s/247/trk.js:560:3303
_.C@https://cdn.adnxs.com/v/s/247/trk.js:560:1376
md/<@https://cdn.adnxs.com/v/s/247/trk.js:560:5629

1739084794880	Marionette	INFO	Stopped listening on port 56439
JavaScript warning: https://res.public.onecdn.static.microsoft/owamail/hashed-v1/scripts/owa.70644.m.76f9cea9.js, line 56: Script terminated by timeout at:
788943/tu/resumeObserver/l/n<@https://res.public.onecdn.static.microsoft/owamail/hashed-v1/scripts/owa.70644.m.76f9cea9.js:56:7285
l@https://res.public.onecdn.static.microsoft/owamail/hashed-v1/scripts/owa.70644.m.76f9cea9.js:56:7305
788943/tu/resumeObserver/c<@https://res.public.onecdn.static.microsoft/owamail/hashed-v1/scripts/owa.70644.m.76f9cea9.js:56:7797

Dynamically enable window occlusion 1
JavaScript error: , line 0: NetworkError: AutoCancel
console.warn: WindowsJumpLists: "Failed to fetch favicon for " "https://login.live.com/login.srf?wa=wsignin1.0&rpsnv=171&ct=1739084710&rver=7.5.2211.0&wp=MBI_SSL&wreply=https%3a%2f%2foutlook.live.com%2fowa%2f%3fnlp%3d1%26RpsCsrfState%3d80c295c1-7eb0-dfb6-1334-8870450ee271%26wa%3dwsignin1.0&id=292841&aadredir=1&CBCXT=out&lw=1&fl=dob%2cflname%2cwld" ({})
console.warn: WindowsJumpLists: "Failed to fetch favicon for " "https://www.mansionglobal.com/articles/are-there-tax-breaks-on-agricultural-land-in-pennsylvania-01648119848" (new TypeError("this._builder is undefined", "resource:///modules/WindowsJumpLists.sys.mjs", 250))
console.warn: WindowsJumpLists: "Failed to fetch favicon for " "https://www.mansionglobal.com/" (new TypeError("this._builder is undefined", "resource:///modules/WindowsJumpLists.sys.mjs", 250))
