1739269725031	geckodriver	INFO	Listening on 127.0.0.1:60232
1739269728073	mozrunner::runner	INFO	Running command: "C:\\Program Files\\Mozilla Firefox\\firefox.exe" "--marionette" "--remote-debugging-port" "60233" "--remote-allow-hosts" "localhost" "-no-remote" "-profile" "D:\\Users\\sasikumarj\\AppData\\Local\\Temp\\rust_mozprofilerKY8er"
console.warn: services.settings: Ignoring preference override of remote settings server
console.warn: services.settings: Allow by setting MOZ_REMOTE_SETTINGS_DEVTOOLS=1 in the environment
Dynamically enable window occlusion 0
1739269728814	Marionette	INFO	Marionette enabled
1739269729071	Marionette	INFO	Listening on port 60355
WebDriver BiDi listening on ws://127.0.0.1:60233
Read port: 
1739269729101	geckodriver::browser	WARN	Failed fo convert  to u16
Read port: 60355
console.error: Policies: 
  Download failed - ERROR_CORRUPT_FILE - file://C:\Program Files\Snow Software\Inventory\Agent\FFCloudmetering.xpi
1739269729333	RemoteAgent	WARN	TLS certificate errors will be ignored for this session
DevTools listening on ws://127.0.0.1:60233/devtools/browser/e0fd385c-650d-4871-a18a-c67be8f5606b
console.error: ({})
console.error: ({})
JavaScript error: https://www.barrons.com/asset/dj-watchlist/v1.14.3/p-0633e57d.entry.js, line 11: TypeError: Error.captureStackTrace is not a function
JavaScript warning: https://js-agent.newrelic.com/nr-1044.min.js, line 1: Script terminated by timeout at:
[8]</d/<@https://js-agent.newrelic.com/nr-1044.min.js:1:6404
s@https://js-agent.newrelic.com/nr-1044.min.js:1:5334
a@https://js-agent.newrelic.com/nr-1044.min.js:1:5185
[8]</o/e<@https://js-agent.newrelic.com/nr-1044.min.js:1:5091
r@https://js-agent.newrelic.com/nr-1044.min.js:1:22304
o@https://js-agent.newrelic.com/nr-1044.min.js:1:5069
r@https://js-agent.newrelic.com/nr-1044.min.js:1:7155
[15]</r/<@https://js-agent.newrelic.com/nr-1044.min.js:1:9104

JavaScript warning: https://cdn.gbqofs.com/sv/b/detector-bootstrap.min.js, line 0: Successfully compiled asm.js code (total compilation time 3ms)
JavaScript error: https://cdn.cxense.com/sp1.html#ver=2.8.90&typ=pgv&rnd=m70caqighdvyx4hn&sid=9222325317970825875&loc=https%3A%2F%2Fwww.barrons.com%2Fnewsletters&new=1&arf=0&ltm=1739269742782&ref=&tzo=-330&wsz=1280x595&res=1280x720&dpr=1&col=24&bln=en-US&chs=UTF-8&cks=m70caryooj72p6j9&ckp=m70caqihh6rqc0kq&glb=&cp_userState=anon, line 1: TypeError: cX.loadScript is not a function
1739269747983	Marionette	INFO	Stopped listening on port 60355
JavaScript warning: https://www.barrons.com/newsletters, line 1005: Script terminated by timeout at:
nrWrapper@https://www.barrons.com/newsletters:1005:17609

Dynamically enable window occlusion 1
