1739266575153	geckodriver	INFO	Listening on 127.0.0.1:59610
1739266578184	mozrunner::runner	INFO	Running command: "C:\\Program Files\\Mozilla Firefox\\firefox.exe" "--marionette" "--remote-debugging-port" "59611" "--remote-allow-hosts" "localhost" "-no-remote" "-profile" "D:\\Users\\sasikumarj\\AppData\\Local\\Temp\\rust_mozprofileenOIQL"
console.warn: services.settings: Ignoring preference override of remote settings server
console.warn: services.settings: Allow by setting MOZ_REMOTE_SETTINGS_DEVTOOLS=1 in the environment
Dynamically enable window occlusion 0
1739266578831	Marionette	INFO	Marionette enabled
1739266579083	Marionette	INFO	Listening on port 59623
Read port: 59623
WebDriver BiDi listening on ws://127.0.0.1:59611
1739266579238	RemoteAgent	WARN	TLS certificate errors will be ignored for this session
console.error: Policies: 
  Download failed - ERROR_CORRUPT_FILE - file://C:\Program Files\Snow Software\Inventory\Agent\FFCloudmetering.xpi
DevTools listening on ws://127.0.0.1:59611/devtools/browser/9bfb2c91-0b6d-4dcc-b2d7-0fe99ae23d7e
JavaScript warning: https://imasdk.googleapis.com/js/core/bridge3.685.0_en.html#fid=goog_821036731, line 11: Script terminated by timeout at:
v@https://imasdk.googleapis.com/js/core/bridge3.685.0_en.html#fid=goog_821036731:11:367
jD/this.T@https://imasdk.googleapis.com/js/core/bridge3.685.0_en.html#fid=goog_821036731:454:37

JavaScript warning: https://cdn.gbqofs.com/sv/b/detector-bootstrap.min.js, line 0: Successfully compiled asm.js code (total compilation time 3ms)
JavaScript error: https://cdn.cxense.com/sp1.html#ver=2.8.90&typ=pgv&rnd=m70af9f2ov4w3vr1&sid=1134002947328204066&loc=https%3A%2F%2Fwww.dev.wsj.com%2Fpreference-center%2Falerts%3Falert%3Dnews_alert%26id%3DNewsAlertEmailTechnology&new=1&arf=0&ltm=1739266594673&ref=&tzo=-330&wsz=1280x595&res=1280x720&dpr=1&col=24&bln=en-US&chs=UTF-8&cks=m70af9nzkt9eomdn&ckp=m70af9f2hl8vf8yg&glb=&cp_userState=anon&cp_testGroup=60&cp_env=staging&cp_topDomain=wsj.com&cp_pwTag=default&cp_pwPlacement=cx-snippetad&cp_pwCampaign=28324&cp_pwType=personalized&cp_template=full&cp_access=paid&cp_section=Preference%20Center&cp_subsection=Alerts&cp_cms_name=servo&cp_subscriber=nonsubscriber&cp_edition=naus&cp_bucket=5&cp_ab_bucket=55&cp_pageContentSource=WSJ%20Online&cp_pageContentType=CustomerResources&cp_pageContentTypeDetai=preference-center&cp_pageSiteProduct=WSJ&cp_userTags=&cp_sessionState=none, line 1: TypeError: cX.loadScript is not a function
1739266596099	Marionette	WARN	Ignoring event 'DOMContentLoaded' because document has an invalid readyState of 'complete'.
1739266598628	Marionette	INFO	Stopped listening on port 59623
Dynamically enable window occlusion 1
