1738298002943	geckodriver	INFO	Listening on 127.0.0.1:54609
1738298006002	mozrunner::runner	INFO	Running command: "C:\\Program Files\\Mozilla Firefox\\firefox.exe" "--marionette" "--remote-debugging-port" "54610" "--remote-allow-hosts" "localhost" "-no-remote" "-profile" "D:\\Users\\sasikumarj\\AppData\\Local\\Temp\\rust_mozprofileKYh0XV"
console.warn: services.settings: Ignoring preference override of remote settings server
console.warn: services.settings: Allow by setting MOZ_REMOTE_SETTINGS_DEVTOOLS=1 in the environment
Dynamically enable window occlusion 0
1738298006594	Marionette	INFO	Marionette enabled
1738298006836	Marionette	INFO	Listening on port 54621
WebDriver BiDi listening on ws://127.0.0.1:54610
Read port: 54621
console.error: Policies: 
  Download failed - ERROR_CORRUPT_FILE - file://C:\Program Files\Snow Software\Inventory\Agent\FFCloudmetering.xpi
1738298007088	RemoteAgent	WARN	TLS certificate errors will be ignored for this session
DevTools listening on ws://127.0.0.1:54610/devtools/browser/0c9ba437-fda5-4b1d-818d-2ddcabbc533b
JavaScript error: https://news.google.com/swg/js/v1/swg.js, line 17: Error: XHR Failed fetching (https://news.google.com/...): (Note: a CORS error above may indicate that this publisher or domain is not configured in Publisher Center. The CORS error happens because 4xx responses do not set CORS headers.)

TypeError: NetworkError when attempting to fetch resource.
JavaScript error: , line 0: uncaught exception: Object
JavaScript error: https://news.google.com/swg/js/v1/swg.js, line 17: Error: Error: not allowed
JavaScript warning: https://cdn.gbqofs.com/sv/b/detector-bootstrap.min.js, line 0: Successfully compiled asm.js code (total compilation time 3ms)
JavaScript error: https://cdn.cxense.com/sp1.html#ver=2.8.90&typ=pgv&rnd=m6k9r833pf7za8zc&sid=1134002947328204066&loc=https%3A%2F%2Fwww.dev.wsj.com%2Farticles%2Ftwitter-elon-musk-to-argue-over-trial-timetable-to-force-44-billion-takeover-11658223001%3Fcx_testId%3D3%26cx_testVariant%3Dcx_5%26cx_artPos%3D6%26mod%3DWTRN%23cxrecs_s&new=1&arf=0&ltm=1738298018817&ref=&tzo=-330&wsz=1280x595&res=1280x720&dpr=1&col=24&bln=en-US&chs=UTF-8&cks=m6k9rbtd1jr40c74&ckp=m6k9rbi5hpbh10nb&glb=&amo=1720057500&cp_userState=anon&cp_testId=3&cp_testVariant=cx_5&cp_artPos=6&cp_testGroup=8&cp_env=staging&cp_topDomain=wsj.com&cp_pwTag=default&cp_pwPlacement=cx-snippetad&cp_pwCampaign=28324&cp_pwType=personalized&cp_navSource=WTRN&cp_type=Technology&cp_template=preview&cp_access=paid&cp_section=Tech&cp_subsection=Tech&cp_cms_name=Methode&cp_vix=&cp_subscriber=nonsubscriber&cp_edition=naus&cp_bucket=3&cp_ab_bucket=3&cp_pageContentSource=WSJ%20Online&cp_pageContentType=Article&cp_pageContentTypeDetai=standard&cp_pageSiteProduct=WSJ&cp_userTags=&cp_sessionState=none, line 1: TypeError: cX.loadScript is not a function
1738298020653	Marionette	WARN	Ignoring event 'DOMContentLoaded' because document has an invalid readyState of 'complete'.
JavaScript warning: https://sc-static.net/scevent.min.js, line 2: Script terminated by timeout at:
m@https://sc-static.net/scevent.min.js:2:2789
c@https://sc-static.net/scevent.min.js:2:6893

JavaScript warning: https://ct.pinterest.com/ct.html, line 1: Script terminated by timeout at:
@https://ct.pinterest.com/ct.html:1:533

JavaScript warning: https://www.dev.wsj.com/_next/static/chunks/main-f71735cd0fa4d778.js, line 1: Script terminated by timeout at:
78018/y/<@https://www.dev.wsj.com/_next/static/chunks/main-f71735cd0fa4d778.js:1:120500
r@https://www.dev.wsj.com/_next/static/chunks/main-f71735cd0fa4d778.js:1:119996

JavaScript warning: https://imasdk.googleapis.com/js/core/bridge3.683.1_en.html#goog_1378282868, line 445: Script terminated by timeout at:
zB@https://imasdk.googleapis.com/js/core/bridge3.683.1_en.html#goog_1378282868:445:310
DB/this.aa@https://imasdk.googleapis.com/js/core/bridge3.683.1_en.html#goog_1378282868:443:29

JavaScript warning: https://fpt.live.com/?session_id=5af1c37049af4eafa241972e3a0f0e2a&CustomerId=33e01921-4d64-4f8c-a055-5bdaffd5e33d&PageId=SI, line 5: WEBGL_debug_renderer_info is deprecated in Firefox and will be removed. Please use RENDERER.
console.warn: LoginRecipes: "Falling back to a synchronous message for: https://login.live.com."
console.warn: LoginRecipes: "Falling back to a synchronous message for: https://login.live.com."
console.error: ({})
1738298044313	Marionette	WARN	Ignoring event 'DOMContentLoaded' because document has an invalid readyState of 'complete'.
JavaScript warning: https://res-1.cdn.office.net/midgard/versionless/livepersonacard_without-react_de58183f036cd011a04a.js, line 2: unreachable code after return statement
JavaScript error: https://ib.3lift.com/rev/5233308efcd530a03558384f47000c23aebd99ee/dist/bundle.js, line 1: SecurityError: Permission denied to access property "__gpp" on cross-origin object
1738298051903	Marionette	WARN	Ignoring event 'pageshow' because document has an invalid readyState of 'interactive'.
JavaScript warning: https://cdn.adnxs.com/v/s/247/trk.js, line 560: Script terminated by timeout at:
_.C@https://cdn.adnxs.com/v/s/247/trk.js:560:1358
md/<@https://cdn.adnxs.com/v/s/247/trk.js:560:5629

JavaScript warning: https://gum.criteo.com/syncframe?origin=rtus&topUrl=outlook.live.com&gdpr=0&gdpr_consent=#{%22lwid%22:{%22value%22:null,%22origin%22:0},%22bundle%22:{%22value%22:null,%22origin%22:0},%22optout%22:{%22value%22:false,%22origin%22:0},%22tld%22:%22adnxs-simple.com%22,%22topUrl%22:%22outlook.live.com%22,%22cw%22:true,%22lsw%22:true,%22origin%22:%22rtus%22,%22rtusCallerId%22:30,%22requestId%22:%220.880689099377706%22}, line 13: Script terminated by timeout at:
r.prototype.flushEventQueue@https://gum.criteo.com/syncframe?origin=rtus&topUrl=outlook.live.com&gdpr=0&gdpr_consent=#{%22lwid%22:{%22value%22:null,%22origin%22:0},%22bundle%22:{%22value%22:null,%22origin%22:0},%22optout%22:{%22value%22:false,%22origin%22:0},%22tld%22:%22adnxs-simple.com%22,%22topUrl%22:%22outlook.live.com%22,%22cw%22:true,%22lsw%22:true,%22origin%22:%22rtus%22,%22rtusCallerId%22:30,%22requestId%22:%220.880689099377706%22}:13:3137
r/<@https://gum.criteo.com/syncframe?origin=rtus&topUrl=outlook.live.com&gdpr=0&gdpr_consent=#{%22lwid%22:{%22value%22:null,%22origin%22:0},%22bundle%22:{%22value%22:null,%22origin%22:0},%22optout%22:{%22value%22:false,%22origin%22:0},%22tld%22:%22adnxs-simple.com%22,%22topUrl%22:%22outlook.live.com%22,%22cw%22:true,%22lsw%22:true,%22origin%22:%22rtus%22,%22rtusCallerId%22:30,%22requestId%22:%220.880689099377706%22}:13:3642

JavaScript error: https://ib.3lift.com/rev/5233308efcd530a03558384f47000c23aebd99ee/dist/bundle.js, line 1: SecurityError: Permission denied to access property "__gpp" on cross-origin object
1738298082659	Marionette	WARN	Ignoring event 'pageshow' because document has an invalid readyState of 'interactive'.
JavaScript warning: https://cdn.adnxs.com/v/s/247/trk.js, line 507: Script terminated by timeout at:
sh@https://cdn.adnxs.com/v/s/247/trk.js:507:26
_.cb@https://cdn.adnxs.com/v/s/247/trk.js:560:12477
nh@https://cdn.adnxs.com/v/s/247/trk.js:404:75
Th@https://cdn.adnxs.com/v/s/247/trk.js:450:65
uc@https://cdn.adnxs.com/v/s/247/trk.js:248:34
oc@https://cdn.adnxs.com/v/s/247/trk.js:539:181
_.L@https://cdn.adnxs.com/v/s/247/trk.js:560:3759
Cc@https://cdn.adnxs.com/v/s/247/trk.js:449:27
_.B@https://cdn.adnxs.com/v/s/247/trk.js:560:3303
_.C@https://cdn.adnxs.com/v/s/247/trk.js:560:1376
md/<@https://cdn.adnxs.com/v/s/247/trk.js:560:5629

JavaScript error: https://gum.criteo.com/sync?c=72&r=2&j=TRC.getRTUS&us_privacy=&gdpr=0&gdpr_consent=, line 1: TypeError: window.CONFIG_JS_CALLBACK is not a function
JavaScript error: https://gum.criteo.com/sync?c=72&r=2&j=TRC.getRTUS&us_privacy=&gdpr=0&gdpr_consent=, line 1: TypeError: window.CONFIG_JS_CALLBACK is not a function
1738298098186	Marionette	INFO	Stopped listening on port 54621
JavaScript warning: https://res.public.onecdn.static.microsoft/owamail/hashed-v1/scripts/owa.mailindex.4f7c86a5.js, line 2: Script terminated by timeout at:
d/<@https://res.public.onecdn.static.microsoft/owamail/hashed-v1/scripts/owa.mailindex.4f7c86a5.js:2:196101

Dynamically enable window occlusion 1
JavaScript error: , line 0: NetworkError: AutoCancel
