1738927526367	geckodriver	INFO	Listening on 127.0.0.1:49438
1738927529393	mozrunner::runner	INFO	Running command: "C:\\Program Files\\Mozilla Firefox\\firefox.exe" "--marionette" "--remote-debugging-port" "49439" "--remote-allow-hosts" "localhost" "-no-remote" "-profile" "D:\\Users\\sasikumarj\\AppData\\Local\\Temp\\rust_mozprofilesMOpgp"
console.warn: services.settings: Ignoring preference override of remote settings server
console.warn: services.settings: Allow by setting MOZ_REMOTE_SETTINGS_DEVTOOLS=1 in the environment
Dynamically enable window occlusion 0
1738927530180	Marionette	INFO	Marionette enabled
1738927530535	Marionette	INFO	Listening on port 49454
Read port: 49454
WebDriver BiDi listening on ws://127.0.0.1:49439
console.error: Policies: 
  Download failed - ERROR_CORRUPT_FILE - file://C:\Program Files\Snow Software\Inventory\Agent\FFCloudmetering.xpi
1738927530701	RemoteAgent	WARN	TLS certificate errors will be ignored for this session
DevTools listening on ws://127.0.0.1:49439/devtools/browser/238a5c59-a3ed-472d-a8b3-0ee838b980fe
JavaScript error: https://cdn.cxense.com/sp1.html#ver=2.8.90&typ=pgv&rnd=m6uok4va1nhkbese&sid=1134007940894473081&loc=https%3A%2F%2Fwww.mansionglobal.com%2F&new=1&arf=0&ltm=1738927539625&ref=&tzo=-330&wsz=1280x595&res=1280x720&dpr=1&col=24&bln=en-US&chs=UTF-8&cks=m6uok4zkjwx0ihax&ckp=m6uok4va496gvc46&glb=&cp_userState=anon&cp_testGroup=64&cp_topDomain=mansionglobal.com&cp_template=full&cp_access=free&cp_section=Home&cp_subsection=&cp_cms_name=CMS%20Wordpress&cp_subscriber=nonsubscriber&cp_edition=na%252Cus&cp_bucket=7&cp_ab_bucket=57&cp_pageContentSource=Mansion%20Global&cp_pageContentType=Home&cp_pageContentTypeDetai=default&cp_pageSiteProduct=MG&cp_userTags=&cp_sessionState=none, line 1: TypeError: cX.loadScript is not a function
JavaScript warning: https://pagead2.googlesyndication.com/bg/dKsKVnRDvnN7x3_VHBWCXOB1uWbHu1pWqkNfYXa-ZYg.js line 2 > eval line 7592 > eval line 1 > eval line 1 > eval, line 1: WEBGL_debug_renderer_info is deprecated in Firefox and will be removed. Please use RENDERER.
JavaScript warning: https://pagead2.googlesyndication.com/bg/dKsKVnRDvnN7x3_VHBWCXOB1uWbHu1pWqkNfYXa-ZYg.js line 2 > eval line 7146 > eval line 1 > eval line 1 > eval, line 1: WEBGL_debug_renderer_info is deprecated in Firefox and will be removed. Please use RENDERER.
JavaScript warning: https://imasdk.googleapis.com/js/core/bridge3.684.0_en.html#fid=goog_653023845, line 456: Script terminated by timeout at:
gD@https://imasdk.googleapis.com/js/core/bridge3.684.0_en.html#fid=goog_653023845:456:310
kD/this.ba@https://imasdk.googleapis.com/js/core/bridge3.684.0_en.html#fid=goog_653023845:454:29

JavaScript warning: https://www.youtube-nocookie.com/s/player/9c6dfc4a/www-embed-player.vflset/www-embed-player.js, line 971: Script terminated by timeout at:
R@https://www.youtube-nocookie.com/s/player/9c6dfc4a/www-embed-player.vflset/www-embed-player.js:971:226
@https://www.youtube-nocookie.com/s/player/9c6dfc4a/www-embed-player.vflset/www-embed-player.js:2018:52
tm/<@https://www.youtube-nocookie.com/s/player/9c6dfc4a/www-embed-player.vflset/www-embed-player.js:950:63

JavaScript warning: https://static.cdninstagram.com/rsrc.php/v4iy674/yM/l/en_US/f8BU-fMqxkd.js, line 114: Script terminated by timeout at:
i.canUseNavigatorBeacon@https://static.cdninstagram.com/rsrc.php/v4iy674/yM/l/en_US/f8BU-fMqxkd.js:114:4276
C@https://static.cdninstagram.com/rsrc.php/v4iy674/yM/l/en_US/f8BU-fMqxkd.js:114:1597
i._initialize/<@https://static.cdninstagram.com/rsrc.php/v4iy674/yM/l/en_US/f8BU-fMqxkd.js:114:4912
d@https://static.cdninstagram.com/rsrc.php/v4iy674/yM/l/en_US/f8BU-fMqxkd.js:30:158

JavaScript warning: https://pagead2.googlesyndication.com/bg/dKsKVnRDvnN7x3_VHBWCXOB1uWbHu1pWqkNfYXa-ZYg.js line 2 > eval line 219 > eval line 1 > eval line 1 > eval, line 1: WEBGL_debug_renderer_info is deprecated in Firefox and will be removed. Please use RENDERER.
JavaScript warning: https://pagead2.googlesyndication.com/bg/dKsKVnRDvnN7x3_VHBWCXOB1uWbHu1pWqkNfYXa-ZYg.js line 2 > eval line 1015 > eval line 1 > eval line 1 > eval, line 1: WEBGL_debug_renderer_info is deprecated in Firefox and will be removed. Please use RENDERER.
1738927570561	Marionette	INFO	Stopped listening on port 49454
Dynamically enable window occlusion 1
JavaScript warning: https://www.google.com/js/th/2Od_BXY8Vjqn5MycIv0XMSA24h9E-qr9j5xv73dxnSQ.js line 2 > eval line 1905 > eval line 1 > eval line 1 > eval, line 1: Failed to create WebGL context: !CanvasManagerChild::Get()
JavaScript error: , line 0: AbortError: The operation was aborted. 
