1729836790387	geckodriver	INFO	Listening on 127.0.0.1:49463
1729836793428	mozrunner::runner	INFO	Running command: "C:\\Program Files\\Mozilla Firefox\\firefox.exe" "--marionette" "--remote-debugging-port" "49464" "--remote-allow-hosts" "localhost" "-no-remote" "-profile" "D:\\Users\\sasikumarj\\AppData\\Local\\Temp\\rust_mozprofileent4Wd"
console.warn: services.settings: Ignoring preference override of remote settings server
console.warn: services.settings: Allow by setting MOZ_REMOTE_SETTINGS_DEVTOOLS=1 in the environment
Dynamically enable window occlusion 0
1729836794136	Marionette	INFO	Marionette enabled
1729836794391	Marionette	INFO	Listening on port 49471
WebDriver BiDi listening on ws://127.0.0.1:49464
Read port: 49471
1729836794666	RemoteAgent	WARN	TLS certificate errors will be ignored for this session
DevTools listening on ws://127.0.0.1:49464/devtools/browser/222ada48-cc3e-45ce-9c2a-69079b4decc0
JavaScript error: https://cdn.cxense.com/sp1.html#ver=2.8.82&typ=pgv&rnd=m2oc62nve8cjumde&sid=1133979867428110118&loc=https%3A%2F%2Fwww.s.dev.penews.com%2F&new=1&arf=0&ltm=1729836801791&ref=&tzo=-330&wsz=1278x497&res=1278x622&dpr=1&col=24&bln=en-US&chs=UTF-8&cks=m2oc62ozwixmc54c&ckp=m2oc62nvgsdpfg9s&glb=&cp_userState=anon&cp_testGroup=8&cp_env=staging&cp_topDomain=penews.com&cp_template=full&cp_access=free&cp_section=Home&cp_subsection=&cp_cms_name=CAPS&cp_subscriber=nonsubscriber&cp_edition=europegb&cp_bucket=7&cp_ab_bucket=97&cp_pageContentSource=Private%20Equity%20News%20Online&cp_pageContentType=Home&cp_pageContentTypeDetai=default&cp_pageSiteProduct=PEN&cp_userTags=&cp_sessionState=none, line 1: TypeError: cX.loadScript is not a function
JavaScript error: , line 0: TypeError: NetworkError when attempting to fetch resource.
JavaScript warning: https://pagead2.googlesyndication.com/bg/nbFBA6X6-R6L-vgiwwUCSbgu-1WcfjEIvkEfffAnUGA.js line 2 > eval line 22 > eval line 1 > eval line 1 > eval, line 1: WEBGL_debug_renderer_info is deprecated in Firefox and will be removed. Please use RENDERER.
JavaScript error: , line 0: TypeError: NetworkError when attempting to fetch resource.
JavaScript warning: https://cdn.parsely.com/keys/penews.com/p.js, line 7: Script terminated by timeout at:
value/n<@https://cdn.parsely.com/keys/penews.com/p.js:7:24273
value@https://cdn.parsely.com/keys/penews.com/p.js:7:24274
value@https://cdn.parsely.com/keys/penews.com/p.js:7:24771

1729836822380	Marionette	INFO	Stopped listening on port 49471
Dynamically enable window occlusion 1
