1739426021273	geckodriver	INFO	Listening on 127.0.0.1:65454
1739426024355	mozrunner::runner	INFO	Running command: "C:\\Program Files\\Mozilla Firefox\\firefox.exe" "--marionette" "--remote-debugging-port" "65455" "--remote-allow-hosts" "localhost" "-no-remote" "-profile" "D:\\Users\\sasikumarj\\AppData\\Local\\Temp\\rust_mozprofilehxDd3Q"
console.warn: services.settings: Ignoring preference override of remote settings server
console.warn: services.settings: Allow by setting MOZ_REMOTE_SETTINGS_DEVTOOLS=1 in the environment
Dynamically enable window occlusion 0
1739426024996	Marionette	INFO	Marionette enabled
1739426025257	Marionette	INFO	Listening on port 65468
Read port: 65468
WebDriver BiDi listening on ws://127.0.0.1:65455
console.error: Policies: 
  Download failed - ERROR_CORRUPT_FILE - file://C:\Program Files\Snow Software\Inventory\Agent\FFCloudmetering.xpi
1739426025410	RemoteAgent	WARN	TLS certificate errors will be ignored for this session
DevTools listening on ws://127.0.0.1:65455/devtools/browser/4d9ffcff-ed2a-4184-a34b-a0af99af66b6
console.error: ({})
console.error: ({})
JavaScript error: https://www.barrons.com/asset/dj-watchlist/v1.14.3/p-0633e57d.entry.js, line 11: TypeError: Error.captureStackTrace is not a function
JavaScript warning: https://js-agent.newrelic.com/nr-1044.min.js, line 1: Script terminated by timeout at:
r@https://js-agent.newrelic.com/nr-1044.min.js:1:22526
[15]</r/<@https://js-agent.newrelic.com/nr-1044.min.js:1:9115

console.error: ({})
console.error: ({})
JavaScript warning: https://securepubads.g.doubleclick.net/pagead/managed/js/gpt/m202502060101/pubads_impl.js, line 33: Script terminated by timeout at:
BA@https://securepubads.g.doubleclick.net/pagead/managed/js/gpt/m202502060101/pubads_impl.js:33:152105
AA@https://securepubads.g.doubleclick.net/pagead/managed/js/gpt/m202502060101/pubads_impl.js:33:152871
tA@https://securepubads.g.doubleclick.net/pagead/managed/js/gpt/m202502060101/pubads_impl.js:33:151898
uA/<@https://securepubads.g.doubleclick.net/pagead/managed/js/gpt/m202502060101/pubads_impl.js:33:151316
Fn/<@https://securepubads.g.doubleclick.net/pagead/managed/js/gpt/m202502060101/pubads_impl.js:33:75275
Gn@https://securepubads.g.doubleclick.net/pagead/managed/js/gpt/m202502060101/pubads_impl.js:33:75397
uA@https://securepubads.g.doubleclick.net/pagead/managed/js/gpt/m202502060101/pubads_impl.js:33:151277
a1.prototype.g@https://securepubads.g.doubleclick.net/pagead/managed/js/gpt/m202502060101/pubads_impl.js:33:497509
WS.prototype.start/<@https://securepubads.g.doubleclick.net/pagead/managed/js/gpt/m202502060101/pubads_impl.js:33:297822
XB@https://securepubads.g.doubleclick.net/pagead/managed/js/gpt/m202502060101/pubads_impl.js:33:161562
ZB/this.next@https://securepubads.g.doubleclick.net/pagead/managed/js/gpt/m202502060101/pubads_impl.js:33:161861
b@https://securepubads.g.doubleclick.net/pagead/managed/js/gpt/m202502060101/pubads_impl.js:33:162112
nrWrapper@https://www.barrons.com/articles/wendys-wen-stock-earnings-51652268634:129:17759

1739426036632	Marionette	WARN	Ignoring event 'pageshow' because document has an invalid readyState of 'uninitialized'.
JavaScript warning: https://www.gstatic.com/_/mss/boq-subscribewithgoogle/_/js/k=boq-subscribewithgoogle.SubscribewithgoogleClientUi.en_US.ufm9235x4jo.es5.O/am=AANu/d=1/excm=_b,_tp,serviceiframeview/ed=1/dg=0/wt=2/ujg=1/rs=ABXTjI5cLVqIkCz1LkkdGe4tnlo-ysqVew/m=_b,_tp, line 313: Script terminated by timeout at:
c@https://www.gstatic.com/_/mss/boq-subscribewithgoogle/_/js/k=boq-subscribewithgoogle.SubscribewithgoogleClientUi.en_US.ufm9235x4jo.es5.O/am=AANu/d=1/excm=_b,_tp,serviceiframeview/ed=1/dg=0/wt=2/ujg=1/rs=ABXTjI5cLVqIkCz1LkkdGe4tnlo-ysqVew/m=_b,_tp:313:187
b@https://www.gstatic.com/_/mss/boq-subscribewithgoogle/_/js/k=boq-subscribewithgoogle.SubscribewithgoogleClientUi.en_US.ufm9235x4jo.es5.O/am=AANu/d=1/excm=_b,_tp,serviceiframeview/ed=1/dg=0/wt=2/ujg=1/rs=ABXTjI5cLVqIkCz1LkkdGe4tnlo-ysqVew/m=_b,_tp:299:48

JavaScript warning: https://fpt.live.com/?session_id=286f014b03684be785eec2676572e979&CustomerId=33e01921-4d64-4f8c-a055-5bdaffd5e33d&PageId=SI, line 5: WEBGL_debug_renderer_info is deprecated in Firefox and will be removed. Please use RENDERER.
console.warn: LoginRecipes: "Falling back to a synchronous message for: https://login.live.com."
console.warn: LoginRecipes: "Falling back to a synchronous message for: https://login.live.com."
console.error: ({})
1739426056733	Marionette	WARN	Ignoring event 'DOMContentLoaded' because document has an invalid readyState of 'complete'.
JavaScript warning: https://pagead2.googlesyndication.com/bg/8ZaB7jRsaaU-biZOJz6O6mNB_fDMtsHVeu7uD0tG4og.js line 2 > eval line 11 > eval line 1 > eval line 1 > eval, line 1: WEBGL_debug_renderer_info is deprecated in Firefox and will be removed. Please use RENDERER.
JavaScript warning: https://res-1.cdn.office.net/midgard/versionless/livepersonacard_without-react_e5798062a96aa59d6c33.js, line 2: unreachable code after return statement
JavaScript warning: https://cdn.adnxs.com/v/s/249/trk.js, line 560: Script terminated by timeout at:
_.B@https://cdn.adnxs.com/v/s/249/trk.js:560:3283
_.C@https://cdn.adnxs.com/v/s/249/trk.js:560:1376
md/<@https://cdn.adnxs.com/v/s/249/trk.js:560:5629

JavaScript warning: https://pagead2.googlesyndication.com/bg/8ZaB7jRsaaU-biZOJz6O6mNB_fDMtsHVeu7uD0tG4og.js line 2 > eval line 5253 > eval line 1 > eval line 1 > eval, line 1: WEBGL_debug_renderer_info is deprecated in Firefox and will be removed. Please use RENDERER.
1739426089780	Marionette	INFO	Stopped listening on port 65468
Dynamically enable window occlusion 1
JavaScript error: , line 0: NetworkError: AutoCancel
