1729834869801	geckodriver	INFO	Listening on 127.0.0.1:64678
1729834872841	mozrunner::runner	INFO	Running command: "C:\\Program Files\\Mozilla Firefox\\firefox.exe" "--marionette" "--remote-debugging-port" "64679" "--remote-allow-hosts" "localhost" "-no-remote" "-profile" "D:\\Users\\sasikumarj\\AppData\\Local\\Temp\\rust_mozprofileQtZepc"
console.warn: services.settings: Ignoring preference override of remote settings server
console.warn: services.settings: Allow by setting MOZ_REMOTE_SETTINGS_DEVTOOLS=1 in the environment
Dynamically enable window occlusion 0
1729834873491	Marionette	INFO	Marionette enabled
1729834873755	Marionette	INFO	Listening on port 64686
Read port: 64686
WebDriver BiDi listening on ws://127.0.0.1:64679
1729834873902	RemoteAgent	WARN	TLS certificate errors will be ignored for this session
DevTools listening on ws://127.0.0.1:64679/devtools/browser/6795da13-2b3f-49be-a36c-d004756dc5e3
JavaScript error: https://cdn.cxense.com/sp1.html#ver=2.8.82&typ=pgv&rnd=m2ob0zhir0r0vkne&sid=1139592114930554183&loc=https%3A%2F%2Fwww.s.dev.fnlondon.com%2F&new=1&arf=0&ltm=1729834884778&ref=&tzo=-330&wsz=1280x595&res=1280x720&dpr=1&col=24&bln=en-US&chs=UTF-8&cks=m2ob0zip5odnlgyf&ckp=m2ob0zhj4dhtujn7&glb=&cp_userState=anon&cp_testGroup=62&cp_env=staging&cp_topDomain=fnlondon.com&cp_template=full&cp_access=free&cp_section=Home&cp_subsection=&cp_cms_name=CAPS&cp_subscriber=nonsubscriber&cp_edition=europegb&cp_bucket=9&cp_ab_bucket=99&cp_pageContentSource=FN%20London&cp_pageContentType=Home&cp_pageContentTypeDetai=default&cp_pageSiteProduct=FN&cp_userTags=&cp_sessionState=none, line 1: TypeError: cX.loadScript is not a function
JavaScript error: , line 0: TypeError: NetworkError when attempting to fetch resource.
JavaScript error: , line 0: TypeError: NetworkError when attempting to fetch resource.
JavaScript error: , line 0: TypeError: NetworkError when attempting to fetch resource.
JavaScript warning: https://pagead2.googlesyndication.com/bg/nbFBA6X6-R6L-vgiwwUCSbgu-1WcfjEIvkEfffAnUGA.js line 2 > eval line 878 > eval line 1 > eval line 1 > eval, line 1: WEBGL_debug_renderer_info is deprecated in Firefox and will be removed. Please use RENDERER.
JavaScript error: , line 0: TypeError: NetworkError when attempting to fetch resource.
JavaScript error: https://asset.barrons.com/article/public/fn_full_article.dfb75bf78e25.js, line 62: TypeError: e(...).offset() is undefined
JavaScript error: https://asset.barrons.com/article/public/fn_full_article.dfb75bf78e25.js, line 26: TypeError: e(...).offset() is undefined
JavaScript warning: https://pagead2.googlesyndication.com/bg/nbFBA6X6-R6L-vgiwwUCSbgu-1WcfjEIvkEfffAnUGA.js line 2 > eval line 2299 > eval line 1 > eval line 1 > eval, line 1: WEBGL_debug_renderer_info is deprecated in Firefox and will be removed. Please use RENDERER.
JavaScript warning: https://cdn.parsely.com/keys/fnlondon.com/p.js, line 7: Script terminated by timeout at:
n._getCacheFromString@https://cdn.parsely.com/keys/fnlondon.com/p.js:7:29554
n._renewCache@https://cdn.parsely.com/keys/fnlondon.com/p.js:7:30030
n.get@https://cdn.parsely.com/keys/fnlondon.com/p.js:7:27898
t._migrateCookie@https://cdn.parsely.com/keys/fnlondon.com/p.js:7:32395
t.get@https://cdn.parsely.com/keys/fnlondon.com/p.js:7:31085
getVisitorInfo@https://cdn.parsely.com/keys/fnlondon.com/p.js:7:33929
getSession@https://cdn.parsely.com/keys/fnlondon.com/p.js:7:35584
beacon@https://cdn.parsely.com/keys/fnlondon.com/p.js:7:62284
e.engagedTime.sendHeartbeat@https://cdn.parsely.com/keys/fnlondon.com/p.js:7:40449
i.sendHeartbeat@https://cdn.parsely.com/keys/fnlondon.com/p.js:7:38474
i._sendHeartbeats@https://cdn.parsely.com/keys/fnlondon.com/p.js:7:38628
i._setUnloadListeners/<@https://cdn.parsely.com/keys/fnlondon.com/p.js:7:38781
value/<@https://cdn.parsely.com/keys/fnlondon.com/p.js:7:22304
value@https://cdn.parsely.com/keys/fnlondon.com/p.js:7:22277
value@https://cdn.parsely.com/keys/fnlondon.com/p.js:7:24351
value@https://cdn.parsely.com/keys/fnlondon.com/p.js:7:24771

JavaScript warning: https://imasdk.googleapis.com/js/core/bridge3.674.1_en.html#goog_2028448666, line 449: Script terminated by timeout at:
bC@https://imasdk.googleapis.com/js/core/bridge3.674.1_en.html#goog_2028448666:449:310
fC/this.aa@https://imasdk.googleapis.com/js/core/bridge3.674.1_en.html#goog_2028448666:447:29

console.warn: LoginRecipes: "Falling back to a synchronous message for: https://sso.int.accounts.dowjones.com."
console.warn: LoginRecipes: "Falling back to a synchronous message for: https://sso.int.accounts.dowjones.com."
console.warn: LoginRecipes: "Falling back to a synchronous message for: https://sso.int.accounts.dowjones.com."
console.warn: LoginRecipes: "Falling back to a synchronous message for: https://sso.int.accounts.dowjones.com."
console.error: ({})
console.warn: WindowsJumpLists: "Failed to fetch favicon for " "https://www.s.dev.fnlondon.com/follow?alert=author&id=8680_FN&frequency=realtime" ({})
console.warn: WindowsJumpLists: "Failed to fetch favicon for " "https://www.s.dev.fnlondon.com/follow" ({})
console.error: ({})
console.error: ({})
1729835084250	Marionette	INFO	Stopped listening on port 64686
JavaScript warning: https://cdn.parsely.com/keys/fnlondon.com/p.js, line 7: Script terminated by timeout at:
i._sample@https://cdn.parsely.com/keys/fnlondon.com/p.js:7:37915

Dynamically enable window occlusion 1
