1738921859384	geckodriver	INFO	Listening on 127.0.0.1:56499
1738921862434	mozrunner::runner	INFO	Running command: "C:\\Program Files\\Mozilla Firefox\\firefox.exe" "--marionette" "--remote-debugging-port" "56500" "--remote-allow-hosts" "localhost" "-no-remote" "-profile" "D:\\Users\\sasikumarj\\AppData\\Local\\Temp\\rust_mozprofilectUwPH"
console.warn: services.settings: Ignoring preference override of remote settings server
console.warn: services.settings: Allow by setting MOZ_REMOTE_SETTINGS_DEVTOOLS=1 in the environment
Dynamically enable window occlusion 0
1738921863090	Marionette	INFO	Marionette enabled
1738921863361	Marionette	INFO	Listening on port 56513
Read port: 56513
WebDriver BiDi listening on ws://127.0.0.1:56500
1738921863485	RemoteAgent	WARN	TLS certificate errors will be ignored for this session
console.error: Policies: 
  Download failed - ERROR_CORRUPT_FILE - file://C:\Program Files\Snow Software\Inventory\Agent\FFCloudmetering.xpi
DevTools listening on ws://127.0.0.1:56500/devtools/browser/02bf9c89-edef-412d-aeff-a91145c1103a
JavaScript error: https://cdn.cxense.com/sp1.html#ver=2.8.90&typ=pgv&rnd=m6ul6ny4mslx74uq&sid=1134007940894473081&loc=https%3A%2F%2Fwww.mansionglobal.com%2F&new=1&arf=0&ltm=1738921872321&ref=&tzo=-330&wsz=1280x595&res=1280x720&dpr=1&col=24&bln=en-US&chs=UTF-8&cks=m6ul6nz6qflxv6l6&ckp=m6ul6ny4nehia37c&glb=&cp_userState=anon&cp_testGroup=65&cp_topDomain=mansionglobal.com&cp_template=full&cp_access=free&cp_section=Home&cp_subsection=&cp_cms_name=CMS%20Wordpress&cp_subscriber=nonsubscriber&cp_edition=na%252Cus&cp_bucket=3&cp_ab_bucket=63&cp_pageContentSource=Mansion%20Global&cp_pageContentType=Home&cp_pageContentTypeDetai=default&cp_pageSiteProduct=MG&cp_userTags=&cp_sessionState=none, line 1: TypeError: cX.loadScript is not a function
JavaScript warning: https://pagead2.googlesyndication.com/bg/dKsKVnRDvnN7x3_VHBWCXOB1uWbHu1pWqkNfYXa-ZYg.js line 2 > eval line 1850 > eval line 1 > eval line 1 > eval, line 1: WEBGL_debug_renderer_info is deprecated in Firefox and will be removed. Please use RENDERER.
JavaScript warning: https://pagead2.googlesyndication.com/bg/dKsKVnRDvnN7x3_VHBWCXOB1uWbHu1pWqkNfYXa-ZYg.js line 2 > eval line 3967 > eval line 1 > eval line 1 > eval, line 1: WEBGL_debug_renderer_info is deprecated in Firefox and will be removed. Please use RENDERER.
JavaScript warning: https://www.youtube-nocookie.com/s/player/9c6dfc4a/www-embed-player.vflset/www-embed-player.js, line 971: Script terminated by timeout at:
R@https://www.youtube-nocookie.com/s/player/9c6dfc4a/www-embed-player.vflset/www-embed-player.js:971:226
@https://www.youtube-nocookie.com/s/player/9c6dfc4a/www-embed-player.vflset/www-embed-player.js:2018:52
tm/<@https://www.youtube-nocookie.com/s/player/9c6dfc4a/www-embed-player.vflset/www-embed-player.js:950:63

JavaScript warning: https://static.cdninstagram.com/rsrc.php/v4iy674/yM/l/en_US/f8BU-fMqxkd.js, line 114: Script terminated by timeout at:
i.canUseNavigatorBeacon@https://static.cdninstagram.com/rsrc.php/v4iy674/yM/l/en_US/f8BU-fMqxkd.js:114:4276
C@https://static.cdninstagram.com/rsrc.php/v4iy674/yM/l/en_US/f8BU-fMqxkd.js:114:1597
i._initialize/<@https://static.cdninstagram.com/rsrc.php/v4iy674/yM/l/en_US/f8BU-fMqxkd.js:114:4912
d@https://static.cdninstagram.com/rsrc.php/v4iy674/yM/l/en_US/f8BU-fMqxkd.js:30:158

JavaScript warning: https://pagead2.googlesyndication.com/bg/dKsKVnRDvnN7x3_VHBWCXOB1uWbHu1pWqkNfYXa-ZYg.js line 2 > eval line 7624 > eval line 1 > eval line 1 > eval, line 1: WEBGL_debug_renderer_info is deprecated in Firefox and will be removed. Please use RENDERER.
JavaScript warning: https://pagead2.googlesyndication.com/bg/dKsKVnRDvnN7x3_VHBWCXOB1uWbHu1pWqkNfYXa-ZYg.js line 2 > eval line 4047 > eval line 1 > eval line 1 > eval, line 1: WEBGL_debug_renderer_info is deprecated in Firefox and will be removed. Please use RENDERER.
1738921900596	Marionette	INFO	Stopped listening on port 56513
Dynamically enable window occlusion 1
JavaScript warning: https://www.google.com/js/th/2Od_BXY8Vjqn5MycIv0XMSA24h9E-qr9j5xv73dxnSQ.js line 2 > eval line 2377 > eval line 1 > eval line 1 > eval, line 1: WEBGL_debug_renderer_info is deprecated in Firefox and will be removed. Please use RENDERER.
