1729836733198	geckodriver	INFO	Listening on 127.0.0.1:62936
1729836736234	mozrunner::runner	INFO	Running command: "C:\\Program Files\\Mozilla Firefox\\firefox.exe" "--marionette" "--remote-debugging-port" "62937" "--remote-allow-hosts" "localhost" "-no-remote" "-profile" "D:\\Users\\sasikumarj\\AppData\\Local\\Temp\\rust_mozprofileF79Yot"
console.warn: services.settings: Ignoring preference override of remote settings server
console.warn: services.settings: Allow by setting MOZ_REMOTE_SETTINGS_DEVTOOLS=1 in the environment
Dynamically enable window occlusion 0
1729836736973	Marionette	INFO	Marionette enabled
1729836737247	Marionette	INFO	Listening on port 62945
WebDriver BiDi listening on ws://127.0.0.1:62937
Read port: 62945
1729836737487	RemoteAgent	WARN	TLS certificate errors will be ignored for this session
DevTools listening on ws://127.0.0.1:62937/devtools/browser/590e0cad-cc2f-41b0-baa5-cf8b4403bd13
JavaScript warning: https://www.dev.marketwatch.com/_next/static/chunks/main-7c2c5b4ee7ae4ea0.js, line 1: unreachable code after return statement
JavaScript warning: https://fpt.live.com/?session_id=20a0a472de8645a5ba7c9374d2e051b2&CustomerId=33e01921-4d64-4f8c-a055-5bdaffd5e33d&PageId=SI, line 5: WEBGL_debug_renderer_info is deprecated in Firefox and will be removed. Please use RENDERER.
console.warn: LoginRecipes: "Falling back to a synchronous message for: https://login.live.com."
console.warn: LoginRecipes: "Falling back to a synchronous message for: https://login.live.com."
console.warn: LoginRecipes: "Falling back to a synchronous message for: https://login.live.com."
console.warn: LoginRecipes: "Falling back to a synchronous message for: https://login.live.com."
console.warn: LoginRecipes: "Falling back to a synchronous message for: https://login.live.com."
console.warn: LoginRecipes: "Falling back to a synchronous message for: https://login.live.com."
console.warn: LoginRecipes: "Falling back to a synchronous message for: https://login.live.com."
console.warn: LoginRecipes: "Falling back to a synchronous message for: https://login.live.com."
console.warn: LoginRecipes: "Falling back to a synchronous message for: https://login.live.com."
console.warn: LoginRecipes: "Falling back to a synchronous message for: https://login.live.com."
1729836764838	Marionette	INFO	Stopped listening on port 62945
JavaScript warning: https://logincdn.msftauth.net/shared/5/chunks/oneds-analytics-js_077217740c853b5d4fe8.js, line 2: Script terminated by timeout at:
Wn@https://logincdn.msftauth.net/shared/5/chunks/oneds-analytics-js_077217740c853b5d4fe8.js:2:9268
A@https://logincdn.msftauth.net/shared/5/chunks/oneds-analytics-js_077217740c853b5d4fe8.js:2:55751
2278/n/</T/I<@https://logincdn.msftauth.net/shared/5/chunks/oneds-analytics-js_077217740c853b5d4fe8.js:2:52207

Dynamically enable window occlusion 1
