1738954019222	geckodriver	INFO	Listening on 127.0.0.1:63951
1738954022607	mozrunner::runner	INFO	Running command: "C:\\Program Files\\Mozilla Firefox\\firefox.exe" "--marionette" "--remote-debugging-port" "63952" "--remote-allow-hosts" "localhost" "-no-remote" "-profile" "D:\\Users\\sasikumarj\\AppData\\Local\\Temp\\rust_mozprofileodtSil"
console.warn: services.settings: Ignoring preference override of remote settings server
console.warn: services.settings: Allow by setting MOZ_REMOTE_SETTINGS_DEVTOOLS=1 in the environment
Dynamically enable window occlusion 0
1738954023961	Marionette	INFO	Marionette enabled
1738954024328	Marionette	INFO	Listening on port 64107
WebDriver BiDi listening on ws://127.0.0.1:63952
Read port: 64107
console.error: Policies: 
  Download failed - ERROR_CORRUPT_FILE - file://C:\Program Files\Snow Software\Inventory\Agent\FFCloudmetering.xpi
1738954024703	RemoteAgent	WARN	TLS certificate errors will be ignored for this session
DevTools listening on ws://127.0.0.1:63952/devtools/browser/93fed603-29e2-46e9-87a0-c595f7baaa1b
console.error: ({})
console.error: ({})
console.error: ({})
console.error: ({})
1738954037996	Marionette	INFO	Stopped listening on port 64107
JavaScript warning: https://cdn.gbqofs.com/sv/b/detector-bootstrap.min.js, line 0: Successfully compiled asm.js code (total compilation time 3ms)
Dynamically enable window occlusion 1
