1739463775126	geckodriver	INFO	Listening on 127.0.0.1:59042
1739463778366	mozrunner::runner	INFO	Running command: "C:\\Program Files\\Mozilla Firefox\\firefox.exe" "--marionette" "--remote-debugging-port" "59043" "--remote-allow-hosts" "localhost" "-no-remote" "-profile" "D:\\Users\\sasikumarj\\AppData\\Local\\Temp\\rust_mozprofilelaNYnR"
console.warn: services.settings: Ignoring preference override of remote settings server
console.warn: services.settings: Allow by setting MOZ_REMOTE_SETTINGS_DEVTOOLS=1 in the environment
Dynamically enable window occlusion 0
1739463779287	Marionette	INFO	Marionette enabled
1739463779629	Marionette	INFO	Listening on port 59151
WebDriver BiDi listening on ws://127.0.0.1:59043
Read port: 59151
1739463779805	RemoteAgent	WARN	TLS certificate errors will be ignored for this session
console.error: Policies: 
  Download failed - ERROR_CORRUPT_FILE - file://C:\Program Files\Snow Software\Inventory\Agent\FFCloudmetering.xpi
DevTools listening on ws://127.0.0.1:59043/devtools/browser/56e12f0b-f023-4452-a8ce-e1388ec1d0cd
console.warn: LoginRecipes: "Falling back to a synchronous message for: https://sso.accounts.dowjones.com."
console.warn: LoginRecipes: "Falling back to a synchronous message for: https://sso.accounts.dowjones.com."
JavaScript warning: https://tags.tiqcdn.com/utag/wsjdn/oneidentity-consumer/prod/utag.17.js?utv=ut4.46.202501031632, line 4: Script terminated by timeout at:
AppMeasurement/a.cookieRead@https://tags.tiqcdn.com/utag/wsjdn/oneidentity-consumer/prod/utag.17.js?utv=ut4.46.202501031632:4:1766
anonymous/s.s_PPVg@https://tags.tiqcdn.com/utag/wsjdn/oneidentity-consumer/prod/utag.17.js?utv=ut4.46.202501031632 line 22 > Function:3:294
anonymous/W.s_PPVevent@https://tags.tiqcdn.com/utag/wsjdn/oneidentity-consumer/prod/utag.17.js?utv=ut4.46.202501031632 line 22 > Function:3:1310

JavaScript error: https://cdn.cxense.com/sp1.html#ver=2.8.90&typ=pgv&rnd=m73jtzt3btw6hlu1&sid=9222325317970825875&loc=https%3A%2F%2Fwww.barrons.com%2Ffollow&new=1&arf=0&ltm=1739463797130&ref=&tzo=-330&wsz=1280x595&res=1280x720&dpr=1&col=24&bln=en-US&chs=UTF-8&cks=m73jtzu81ntsl389&ckp=m73jtzt3pt118yov&glb=&eid0=5616740b5300a7250d12bc50017020dee93adf3b70eb11dbe71d4504b2bf9962&eit0=wsj&cp_userState=anon&cp_testGroup=66&cp_topDomain=barrons.com&cp_template=full&cp_access=free&cp_section=Follow&cp_subsection=&cp_cms_name=&cp_subscriber=subscriber&cp_edition=naus&cp_bucket=8&cp_ab_bucket=68&cp_pageContentSource=Barrons%20Online&cp_pageContentType=Summaries&cp_pageContentTypeDetai=default&cp_pageSiteProduct=BOL&cp_userTags=BARRONS-SUB&cp_sessionState=ca&cp_u_knownSubscriber=1, line 1: TypeError: cX.loadScript is not a function
JavaScript warning: https://cdn.gbqofs.com/sv/b/detector-bootstrap.min.js, line 0: Successfully compiled asm.js code (total compilation time 3ms)
1739463803689	Marionette	INFO	Stopped listening on port 59151
Dynamically enable window occlusion 1
