1735204067415	geckodriver	INFO	Listening on 127.0.0.1:61026
1735204070479	mozrunner::runner	INFO	Running command: "C:\\Program Files\\Mozilla Firefox\\firefox.exe" "--marionette" "--remote-debugging-port" "61027" "--remote-allow-hosts" "localhost" "-no-remote" "-profile" "D:\\Users\\sasikumarj\\AppData\\Local\\Temp\\rust_mozprofile85ZJeT"
console.warn: services.settings: Ignoring preference override of remote settings server
console.warn: services.settings: Allow by setting MOZ_REMOTE_SETTINGS_DEVTOOLS=1 in the environment
Dynamically enable window occlusion 0
1735204071440	Marionette	INFO	Marionette enabled
1735204071706	Marionette	INFO	Listening on port 61043
Read port: 61043
WebDriver BiDi listening on ws://127.0.0.1:61027
1735204071830	RemoteAgent	WARN	TLS certificate errors will be ignored for this session
DevTools listening on ws://127.0.0.1:61027/devtools/browser/5b2af3ab-7332-47c2-85e3-5b1e1cbe39b5
JavaScript error: https://cdn.cxense.com/sp1.html#ver=2.8.87&typ=pgv&rnd=m553pisrl4jh4bvp&sid=9222318613852486900&loc=https%3A%2F%2Fwww.wsj.com%2Farticles%2Ftwitter-elon-musk-to-argue-over-trial-timetable-to-force-44-billion-takeover-11658223001%3Fcx_testId%3D3%26cx_testVariant%3Dcx_5%26cx_artPos%3D6%26mod%3DWTRN%23cxrecs_s&new=1&arf=0&ltm=1735204084609&ref=&tzo=-330&wsz=1280x595&res=1280x720&dpr=1&col=24&bln=en-US&chs=UTF-8&cks=m553pksb10paz2m5&ckp=m553pkl0w512p8qu&glb=&amo=1658316780&cp_userState=anon&cp_testId=3&cp_testVariant=cx_5&cp_artPos=6&cp_testGroup=56&cp_topDomain=wsj.com&cp_pwTag=default&cp_pwPlacement=cx-snippetad&cp_pwCampaign=28324&cp_pwType=personalized&cp_navSource=WTRN&cp_type=Technology&cp_template=preview&cp_access=paid&cp_section=Tech&cp_subsection=Tech&cp_cms_name=Methode&cp_vix=&cp_subscriber=nonsubscriber&cp_edition=naus&cp_bucket=7&cp_ab_bucket=47&cp_pageContentSource=WSJ%20Online&cp_pageContentType=Article&cp_pageContentTypeDetai=standard&cp_pageSiteProduct=WSJ&cp_userTags=&cp_sessionState=none, line 1: TypeError: cX.loadScript is not a function
JavaScript warning: https://www.googletagmanager.com/gtag/js?id=G-K2H7B9JRSS, line 180: Script terminated by timeout at:
Ia@https://www.googletagmanager.com/gtag/js?id=G-K2H7B9JRSS:180:415
Id/<@https://www.googletagmanager.com/gtag/js?id=G-K2H7B9JRSS:236:487
h.invoke@https://www.googletagmanager.com/gtag/js?id=G-K2H7B9JRSS:214:314
Ja@https://www.googletagmanager.com/gtag/js?id=G-K2H7B9JRSS:180:668
Xc.prototype.evaluate@https://www.googletagmanager.com/gtag/js?id=G-K2H7B9JRSS:215:329
ee@https://www.googletagmanager.com/gtag/js?id=G-K2H7B9JRSS:241:397
h.invoke@https://www.googletagmanager.com/gtag/js?id=G-K2H7B9JRSS:214:314
Ja@https://www.googletagmanager.com/gtag/js?id=G-K2H7B9JRSS:180:668
Ia@https://www.googletagmanager.com/gtag/js?id=G-K2H7B9JRSS:180:428
Id/<@https://www.googletagmanager.com/gtag/js?id=G-K2H7B9JRSS:236:487
h.invoke@https://www.googletagmanager.com/gtag/js?id=G-K2H7B9JRSS:214:314
Ja@https://www.googletagmanager.com/gtag/js?id=G-K2H7B9JRSS:180:668
Xc.prototype.evaluate@https://www.googletagmanager.com/gtag/js?id=G-K2H7B9JRSS:215:329
xd@https://www.googletagmanager.com/gtag/js?id=G-K2H7B9JRSS:230:438
h.invoke@https://www.googletagmanager.com/gtag/js?id=G-K2H7B9JRSS:214:314
Ja@https://www.googletagmanager.com/gtag/js?id=G-K2H7B9JRSS:180:668
Xc.prototype.evaluate@https://www.googletagmanager.com/gtag/js?id=G-K2H7B9JRSS:215:329
rd@https://www.googletagmanager.com/gtag/js?id=G-K2H7B9JRSS:229:351
h.invoke@https://www.googletagmanager.com/gtag/js?id=G-K2H7B9JRSS:214:314
Ja@https://www.googletagmanager.com/gtag/js?id=G-K2H7B9JRSS:180:668
h.ui@https://www.googletagmanager.com/gtag/js?id=G-K2H7B9JRSS:180:1041
ze.prototype.execute@https://www.googletagmanager.com/gtag/js?id=G-K2H7B9JRSS:247:737
@https://www.googletagmanager.com/gtag/js?id=G-K2H7B9JRSS:860:206
c@https://www.googletagmanager.com/gtag/js?id=G-K2H7B9JRSS:853:130
@https://www.googletagmanager.com/gtag/js?id=G-K2H7B9JRSS:855:382
@https://www.googletagmanager.com/gtag/js?id=G-K2H7B9JRSS:855:387
@https://www.googletagmanager.com/gtag/js?id=G-K2H7B9JRSS:868:3

JavaScript warning: https://imasdk.googleapis.com/js/core/bridge3.679.0_en.html#goog_2078461246, line 444: Script terminated by timeout at:
LB@https://imasdk.googleapis.com/js/core/bridge3.679.0_en.html#goog_2078461246:444:310
PB/this.aa@https://imasdk.googleapis.com/js/core/bridge3.679.0_en.html#goog_2078461246:442:29

JavaScript warning: https://fpt.live.com/?session_id=9cef0a2af6fa410d8984eeb9dc373b85&CustomerId=33e01921-4d64-4f8c-a055-5bdaffd5e33d&PageId=SI, line 5: WEBGL_debug_renderer_info is deprecated in Firefox and will be removed. Please use RENDERER.
console.warn: LoginRecipes: "Falling back to a synchronous message for: https://login.live.com."
console.warn: LoginRecipes: "Falling back to a synchronous message for: https://login.live.com."
console.error: ({})
1735204109539	Marionette	INFO	Stopped listening on port 61043
Dynamically enable window occlusion 1
