1739270176889	geckodriver	INFO	Listening on 127.0.0.1:49883
1739270179931	mozrunner::runner	INFO	Running command: "C:\\Program Files\\Mozilla Firefox\\firefox.exe" "--marionette" "--remote-debugging-port" "49884" "--remote-allow-hosts" "localhost" "-no-remote" "-profile" "D:\\Users\\sasikumarj\\AppData\\Local\\Temp\\rust_mozprofile0FZ7Ta"
console.warn: services.settings: Ignoring preference override of remote settings server
console.warn: services.settings: Allow by setting MOZ_REMOTE_SETTINGS_DEVTOOLS=1 in the environment
Dynamically enable window occlusion 0
1739270180815	Marionette	INFO	Marionette enabled
1739270181124	Marionette	INFO	Listening on port 55500
WebDriver BiDi listening on ws://127.0.0.1:49884
Read port: 55500
console.error: Policies: 
  Download failed - ERROR_CORRUPT_FILE - file://C:\Program Files\Snow Software\Inventory\Agent\FFCloudmetering.xpi
1739270181408	RemoteAgent	WARN	TLS certificate errors will be ignored for this session
DevTools listening on ws://127.0.0.1:49884/devtools/browser/43d7a9fd-2497-44ee-b756-70c06f6cff6e
JavaScript error: , line 0: TypeError: NetworkError when attempting to fetch resource.
JavaScript error: , line 0: TypeError: NetworkError when attempting to fetch resource.
JavaScript error: , line 0: TypeError: NetworkError when attempting to fetch resource.
JavaScript error: , line 0: TypeError: NetworkError when attempting to fetch resource.
JavaScript error: , line 0: TypeError: NetworkError when attempting to fetch resource.
JavaScript error: , line 0: TypeError: NetworkError when attempting to fetch resource.
JavaScript error: https://cdn.cxense.com/sp1.html#ver=2.8.90&typ=pgv&rnd=m70ckbk0c2g27os8&sid=9222318613852486900&loc=https%3A%2F%2Fwww.wsj.com%2Farticles%2Ftwitter-elon-musk-to-argue-over-trial-timetable-to-force-44-billion-takeover-11658223001%3Fcx_testId%3D3%26cx_testVariant%3Dcx_5%26cx_artPos%3D6%26mod%3DWTRN%23cxrecs_s&new=1&arf=0&ltm=1739270192706&ref=&tzo=-330&wsz=1280x595&res=1280x720&dpr=1&col=24&bln=en-US&chs=UTF-8&cks=m70cke29x5cnkv4k&ckp=m70ckdnxd2vvzbm1&glb=&amo=1658316780&cp_userState=anon&cp_testId=3&cp_testVariant=cx_5&cp_artPos=6&cp_testGroup=6&cp_topDomain=wsj.com&cp_pwTag=default&cp_pwPlacement=cx-snippetad&cp_pwCampaign=28324&cp_pwType=personalized&cp_navSource=WTRN&cp_type=Technology&cp_template=preview&cp_access=paid&cp_section=Tech&cp_subsection=Tech&cp_cms_name=Methode&cp_vix=&cp_subscriber=nonsubscriber&cp_edition=naus&cp_bucket=5&cp_ab_bucket=65&cp_pageContentSource=WSJ%20Online&cp_pageContentType=Article&cp_pageContentTypeDetai=standard&cp_pageSiteProduct=WSJ&cp_userTags=&cp_sessionState=none, line 1: TypeError: cX.loadScript is not a function
JavaScript warning: https://pagead2.googlesyndication.com/bg/VPXMjhhSnF_0w04UBhtYgswssitSTY9737JJt5i4JB8.js line 2 > eval line 2481 > eval line 1 > eval line 1 > eval, line 1: WEBGL_debug_renderer_info is deprecated in Firefox and will be removed. Please use RENDERER.
JavaScript warning: https://cdn.gbqofs.com/sv/b/detector-bootstrap.min.js, line 0: Successfully compiled asm.js code (total compilation time 3ms)
JavaScript warning: https://pagead2.googlesyndication.com/bg/VPXMjhhSnF_0w04UBhtYgswssitSTY9737JJt5i4JB8.js line 2 > eval line 710 > eval line 1 > eval line 1 > eval, line 1: WEBGL_debug_renderer_info is deprecated in Firefox and will be removed. Please use RENDERER.
JavaScript warning: https://pagead2.googlesyndication.com/bg/VPXMjhhSnF_0w04UBhtYgswssitSTY9737JJt5i4JB8.js line 2 > eval line 4459 > eval line 1 > eval line 1 > eval, line 1: WEBGL_debug_renderer_info is deprecated in Firefox and will be removed. Please use RENDERER.
1739270204177	Marionette	WARN	Ignoring event 'DOMContentLoaded' because document has an invalid readyState of 'complete'.
[GFX1-]: Managed to allocate after flush.
JavaScript warning: https://pagead2.googlesyndication.com/bg/VPXMjhhSnF_0w04UBhtYgswssitSTY9737JJt5i4JB8.js line 2 > eval line 4946 > eval line 1 > eval line 1 > eval, line 1: WEBGL_debug_renderer_info is deprecated in Firefox and will be removed. Please use RENDERER.
[GFX1-]: Managed to allocate after flush.
JavaScript warning: https://pagead2.googlesyndication.com/bg/VPXMjhhSnF_0w04UBhtYgswssitSTY9737JJt5i4JB8.js line 2 > eval line 75 > eval line 1 > eval line 1 > eval, line 1: WEBGL_debug_renderer_info is deprecated in Firefox and will be removed. Please use RENDERER.
[GFX1-]: Managed to allocate after flush.
console.warn: WindowsJumpLists: "Failed to fetch favicon for " "https://www.wsj.com/articles/twitter-elon-musk-to-argue-over-trial-timetable-to-force-44-billion-takeover-11658223001?cx_testId=3&cx_testVariant=cx_5&cx_artPos=6&mod=WTRN#cxrecs_s" ({})
console.warn: WindowsJumpLists: "Failed to fetch favicon for " "https://www.wsj.com/" ({})
JavaScript warning: https://pagead2.googlesyndication.com/bg/VPXMjhhSnF_0w04UBhtYgswssitSTY9737JJt5i4JB8.js line 2 > eval line 7769 > eval line 1 > eval line 1 > eval, line 1: WEBGL_debug_renderer_info is deprecated in Firefox and will be removed. Please use RENDERER.
[GFX1-]: Managed to allocate after flush.
JavaScript warning: https://pagead2.googlesyndication.com/bg/VPXMjhhSnF_0w04UBhtYgswssitSTY9737JJt5i4JB8.js line 2 > eval line 3007 > eval line 1 > eval line 1 > eval, line 1: WEBGL_debug_renderer_info is deprecated in Firefox and will be removed. Please use RENDERER.
JavaScript warning: https://pagead2.googlesyndication.com/bg/VPXMjhhSnF_0w04UBhtYgswssitSTY9737JJt5i4JB8.js line 2 > eval line 4730 > eval line 1 > eval line 1 > eval, line 1: WEBGL_debug_renderer_info is deprecated in Firefox and will be removed. Please use RENDERER.
[GFX1-]: Managed to allocate after flush.
console.warn: WindowsJumpLists: "Failed to fetch favicon for " "https://www.wsj.com/articles/twitter-elon-musk-to-argue-over-trial-timetable-to-force-44-billion-takeover-11658223001?cx_testId=3&cx_testVariant=cx_5&cx_artPos=6&mod=WTRN#cxrecs_s" ({})
console.warn: WindowsJumpLists: "Failed to fetch favicon for " "https://www.wsj.com/" ({})
console.warn: WindowsJumpLists: "Failed to fetch favicon for " "https://www.wsj.com/articles/twitter-elon-musk-to-argue-over-trial-timetable-to-force-44-billion-takeover-11658223001?cx_testId=3&cx_testVariant=cx_5&cx_artPos=6&mod=WTRN#cxrecs_s" ({})
console.warn: WindowsJumpLists: "Failed to fetch favicon for " "https://www.wsj.com/" ({})
console.warn: WindowsJumpLists: "Failed to fetch favicon for " "https://www.wsj.com/articles/twitter-elon-musk-to-argue-over-trial-timetable-to-force-44-billion-takeover-11658223001?cx_testId=3&cx_testVariant=cx_5&cx_artPos=6&mod=WTRN#cxrecs_s" ({})
console.warn: WindowsJumpLists: "Failed to fetch favicon for " "https://www.wsj.com/" ({})
JavaScript error: https://www.wsj.com/static_html_files/bluegrass/2.2.119/bluegrass2.min.js, line 1: TypeError: e.xhrFields is undefined
JavaScript warning: https://www.googletagmanager.com/gtag/js?id=G-K2H7B9JRSS, line 216: Script terminated by timeout at:
e@https://www.googletagmanager.com/gtag/js?id=G-K2H7B9JRSS:216:473
f@https://www.googletagmanager.com/gtag/js?id=G-K2H7B9JRSS:216:773
e@https://www.googletagmanager.com/gtag/js?id=G-K2H7B9JRSS:216:496
f@https://www.googletagmanager.com/gtag/js?id=G-K2H7B9JRSS:216:773
J@https://www.googletagmanager.com/gtag/js?id=G-K2H7B9JRSS:217:380
PF@https://www.googletagmanager.com/gtag/js?id=G-K2H7B9JRSS:732:175
Rg/c<@https://www.googletagmanager.com/gtag/js?id=G-K2H7B9JRSS:276:187
h.invoke@https://www.googletagmanager.com/gtag/js?id=G-K2H7B9JRSS:213:313
Ka@https://www.googletagmanager.com/gtag/js?id=G-K2H7B9JRSS:180:668
Yc.prototype.evaluate@https://www.googletagmanager.com/gtag/js?id=G-K2H7B9JRSS:214:426
Td@https://www.googletagmanager.com/gtag/js?id=G-K2H7B9JRSS:239:275
h.invoke@https://www.googletagmanager.com/gtag/js?id=G-K2H7B9JRSS:213:313
Ka@https://www.googletagmanager.com/gtag/js?id=G-K2H7B9JRSS:180:668
Ja@https://www.googletagmanager.com/gtag/js?id=G-K2H7B9JRSS:180:428
Bd@https://www.googletagmanager.com/gtag/js?id=G-K2H7B9JRSS:231:63
Hd@https://www.googletagmanager.com/gtag/js?id=G-K2H7B9JRSS:234:137
Id@https://www.googletagmanager.com/gtag/js?id=G-K2H7B9JRSS:233:234
h.invoke@https://www.googletagmanager.com/gtag/js?id=G-K2H7B9JRSS:213:313
Ka@https://www.googletagmanager.com/gtag/js?id=G-K2H7B9JRSS:180:668
Ja@https://www.googletagmanager.com/gtag/js?id=G-K2H7B9JRSS:180:428
Ld/<@https://www.googletagmanager.com/gtag/js?id=G-K2H7B9JRSS:236:468
h.invoke@https://www.googletagmanager.com/gtag/js?id=G-K2H7B9JRSS:213:313
xL/<@https://www.googletagmanager.com/gtag/js?id=G-K2H7B9JRSS:824:835
Zt@https://www.googletagmanager.com/gtag/js?id=G-K2H7B9JRSS:525:281
h.sn@https://www.googletagmanager.com/gtag/js?id=G-K2H7B9JRSS:793:277
h.rn/</<@https://www.googletagmanager.com/gtag/js?id=G-K2H7B9JRSS:790:531
Dl@https://www.googletagmanager.com/gtag/js?id=G-K2H7B9JRSS:388:151
Cm@https://www.googletagmanager.com/gtag/js?id=G-K2H7B9JRSS:396:434
h.rn/<@https://www.googletagmanager.com/gtag/js?id=G-K2H7B9JRSS:790:517
c@https://www.googletagmanager.com/gtag/js?id=G-K2H7B9JRSS:564:22
pw@https://www.googletagmanager.com/gtag/js?id=G-K2H7B9JRSS:564:349
h.rn@https://www.googletagmanager.com/gtag/js?id=G-K2H7B9JRSS:790:503
c@https://www.googletagmanager.com/gtag/js?id=G-K2H7B9JRSS:806:980
w@https://www.googletagmanager.com/gtag/js?id=G-K2H7B9JRSS:412:370
vo@https://www.googletagmanager.com/gtag/js?id=G-K2H7B9JRSS:412:470
uo.prototype.flush@https://www.googletagmanager.com/gtag/js?id=G-K2H7B9JRSS:415:382
uo.prototype.push@https://www.googletagmanager.com/gtag/js?id=G-K2H7B9JRSS:413:337
no@https://www.googletagmanager.com/gtag/js?id=G-K2H7B9JRSS:409:1318
LK/<@https://www.googletagmanager.com/gtag/js?id=G-K2H7B9JRSS:807:187
h.Il/<@https://www.googletagmanager.com/gtag/js?id=G-K2H7B9JRSS:746:126
h.Il/c/<@https://www.googletagmanager.com/gtag/js?id=G-K2H7B9JRSS:745:418
nrWrapper@https://www.wsj.com/articles/twitter-elon-musk-to-argue-over-trial-timetable-to-force-44-billion-takeover-11658223001?cx_testId=3&cx_testVariant=cx_5&cx_artPos=6&mod=WTRN#cxrecs_s:246:17759

1739288897404	Marionette	INFO	Stopped listening on port 55500
Dynamically enable window occlusion 1
!!! error running onStopped callback: TypeError: callback is not a function
