1739464035996	geckodriver	INFO	Listening on 127.0.0.1:54078
1739464039032	mozrunner::runner	INFO	Running command: "C:\\Program Files\\Mozilla Firefox\\firefox.exe" "--marionette" "--remote-debugging-port" "54079" "--remote-allow-hosts" "localhost" "-no-remote" "-profile" "D:\\Users\\sasikumarj\\AppData\\Local\\Temp\\rust_mozprofileeZlpXi"
console.warn: services.settings: Ignoring preference override of remote settings server
console.warn: services.settings: Allow by setting MOZ_REMOTE_SETTINGS_DEVTOOLS=1 in the environment
Dynamically enable window occlusion 0
1739464039988	Marionette	INFO	Marionette enabled
1739464040253	Marionette	INFO	Listening on port 54086
WebDriver BiDi listening on ws://127.0.0.1:54079
Read port: 54086
console.error: Policies: 
  Download failed - ERROR_CORRUPT_FILE - file://C:\Program Files\Snow Software\Inventory\Agent\FFCloudmetering.xpi
1739464040576	RemoteAgent	WARN	TLS certificate errors will be ignored for this session
DevTools listening on ws://127.0.0.1:54079/devtools/browser/7ef422ca-f6f9-4528-bee1-eb53d3b7872d
console.error: ({})
console.error: ({})
JavaScript warning: https://cdn.gbqofs.com/sv/b/detector-bootstrap.min.js, line 0: Successfully compiled asm.js code (total compilation time 3ms)
JavaScript error: https://cdn.gbqofs.com/sv/b/detector-bootstrap.min.js, line 10: Error: Piano SDK is loaded twice on same page. Try to fix that to prevent the message.
JavaScript error: https://cdn.cxense.com/sp1.html#ver=2.8.90&typ=pgv&rnd=m73jzdb3vs41ttqy&sid=9222325317970825875&loc=https%3A%2F%2Fwww.barrons.com%2F&new=1&arf=0&ltm=1739464047905&ref=&tzo=-330&wsz=1280x595&res=1280x720&dpr=1&col=24&bln=en-US&chs=UTF-8&cks=m73jzg2k759b3eed&ckp=m73jzdb33nnb1y9u&glb=&cp_userState=anon, line 1: TypeError: cX.loadScript is not a function
JavaScript warning: https://gum.criteo.com/syncframe?origin=criteoPrebidAdapter&topUrl=www.barrons.com&us_privacy=1---&gpp=DBAA&gpp_sid=-1#{%22cw%22:true,%22lsw%22:true,%22origin%22:%22criteoPrebidAdapter%22,%22requestId%22:%220.7053764702909796%22,%22tld%22:%22www.barrons.com%22,%22topUrl%22:%22www.barrons.com%22,%22version%22:%229_12_0%22}, line 13: Script terminated by timeout at:
r.prototype.flushEventQueue@https://gum.criteo.com/syncframe?origin=criteoPrebidAdapter&topUrl=www.barrons.com&us_privacy=1---&gpp=DBAA&gpp_sid=-1#{%22cw%22:true,%22lsw%22:true,%22origin%22:%22criteoPrebidAdapter%22,%22requestId%22:%220.7053764702909796%22,%22tld%22:%22www.barrons.com%22,%22topUrl%22:%22www.barrons.com%22,%22version%22:%229_12_0%22}:13:3137
r/<@https://gum.criteo.com/syncframe?origin=criteoPrebidAdapter&topUrl=www.barrons.com&us_privacy=1---&gpp=DBAA&gpp_sid=-1#{%22cw%22:true,%22lsw%22:true,%22origin%22:%22criteoPrebidAdapter%22,%22requestId%22:%220.7053764702909796%22,%22tld%22:%22www.barrons.com%22,%22topUrl%22:%22www.barrons.com%22,%22version%22:%229_12_0%22}:13:3642

JavaScript warning: https://cdn.js7k.com/rq/iv/inside.js, line 1: WEBGL_debug_renderer_info is deprecated in Firefox and will be removed. Please use RENDERER.
JavaScript warning: https://cdn.js7k.com/rq/iv/inside.js, line 1: Script terminated by timeout at:
oi/a<@https://cdn.js7k.com/rq/iv/inside.js:1:17401
oi@https://cdn.js7k.com/rq/iv/inside.js:1:17402
hi@https://cdn.js7k.com/rq/iv/inside.js:1:23829
Fi@https://cdn.js7k.com/rq/iv/inside.js:1:41227
zi@https://cdn.js7k.com/rq/iv/inside.js:1:41294

JavaScript warning: https://www.datadoghq-browser-agent.com/datadog-logs-v4.js, line 1: Script terminated by timeout at:
d@https://www.datadoghq-browser-agent.com/datadog-logs-v4.js:1:884
l/<@https://www.datadoghq-browser-agent.com/datadog-logs-v4.js:1:853

console.error: ({})
console.error: ({})
JavaScript warning: https://pagead2.googlesyndication.com/bg/7X-uH5y0gJvnB4v7ISI4IqoVijK-ve8_b-uQfZfzdL4.js line 2 > eval line 4203 > eval line 1 > eval line 1 > eval, line 1: WEBGL_debug_renderer_info is deprecated in Firefox and will be removed. Please use RENDERER.
JavaScript warning: https://cdn.gbqofs.com/sv/b/detector-bootstrap.min.js, line 0: Successfully compiled asm.js code (total compilation time 4ms)
JavaScript warning: https://pagead2.googlesyndication.com/bg/7X-uH5y0gJvnB4v7ISI4IqoVijK-ve8_b-uQfZfzdL4.js line 2 > eval line 5981 > eval line 1 > eval line 1 > eval, line 1: WEBGL_debug_renderer_info is deprecated in Firefox and will be removed. Please use RENDERER.
console.warn: WindowsJumpLists: "Failed to fetch favicon for " "https://www.barrons.com/articles/wendys-wen-stock-earnings-51652268634" ({})
console.warn: WindowsJumpLists: "Failed to fetch favicon for " "https://www.barrons.com/" ({})
console.warn: WindowsJumpLists: "Failed to fetch favicon for " "https://www.barrons.com/articles/wendys-wen-stock-earnings-51652268634" ({})
console.warn: WindowsJumpLists: "Failed to fetch favicon for " "https://www.barrons.com/" ({})
console.warn: WindowsJumpLists: "Failed to fetch favicon for " "https://www.barrons.com/articles/wendys-wen-stock-earnings-51652268634" ({})
console.warn: WindowsJumpLists: "Failed to fetch favicon for " "https://www.barrons.com/" ({})
console.warn: WindowsJumpLists: "Failed to fetch favicon for " "https://www.barrons.com/articles/wendys-wen-stock-earnings-51652268634" ({})
console.warn: WindowsJumpLists: "Failed to fetch favicon for " "https://www.barrons.com/" ({})
[GFX1-]: wr_renderer_render: OutOfMemory
[GFX1-]: Handling webrender error 2
[[[G[GFX1-]: Com[G[[[Gp[Parent 29972, Main Thread] WARNING: base::KillProcess refusing to terminate process handle 0: file /builds/worker/checkouts/gecko/ipc/chromium/src/base/process_util_win.cc:350
FX1[[-[G[GGFFX[GFX1-]: X[GFX1-]: CompositorBridgeChild receives IPC close with reason=AbnormalShutdown
[GFX1-]: CompositorBridgeChild receives IPC close wit]: CompositorBridgeChild receives IPC close with reason=AbnormalShut[down
GFX1-]: CompositorBridgeChild receives IPC close with reason=AbnorGmaFX1lShutdo-]: CompwositorBridgeChin
ld receives IPC close withGFX1-]: CompositorBridgeChild receives IPC close with reaso1-]1-]: CompositorBridgeChild receives IPC close with reason=AbnormalShutdown
GFX1-]: CompositorBridgeChild receives IPC close with reason=AbnormalShutdown
[GFX1-]: CompositorBridgen=AbnormalShutdown
FX1-]: ComposFX1-]: CompositorBridgeChild receives IPC close with reason=AbnormalShutdown
FX1-]h reason=AbnormalShutdown
[GFX1-]: CompositorBridgeChild rece reason=AbnormCompositorBridgeChild receives I: CompositorBridgeChild receives IPCiGFX1-]:PC close with reason=AbnormalShutdown
[GFX1-]: CompositorBridgeChild receives IPC close with reason=Ab: CompositorBridgeChild receives IPC close with reason=AbnormalShutdown
[GFX1-]: Compos close with reason=AbnormalShutdown
alShutdown
ives IPC close with reason=AbnormalShutdown
torBridg CompositorBridgeChild receives IPC close with reason=AbnormalShutiositorBridgeChild receives IPC ceChild receives IPC close with reChild receives IPC cllose witnordown
malShutdown
GFX1-ose with reason=AbnormalShutdown
h reason=AbnormalShutdown
]: CompositorBridgeChild atorBridgeChild receives IPC close withreceives IPC close with reason=AbnormalShutdown
 reason=AbnormalShutdown
son=AbnormalShutdown
Exiting due to channel error.
Exiting due to channel error.
[GFX1-][GFX1-]: CompositorBridgeChild re[[G[GFX1-]: CompositorBridgeChild receives IPC close F[[GFX1w[Gc[GFX1-[GF][GF[GFX: CompositorBridgeChild recei1-ves IPC close with reason=AbnormalShutdown
Exiting due to channel error.
Exiting due to channel error.
[GFX1-]: CompositorBridgeChild receives IPC close with reason=AbnormalShutdown
[GFX1-]: CompositorBridgeChild receives IPC close with reason=AbnormalShutdown
GFX1-]: CompositorBridgeChild receives IPC close with reason=AbnormalShutdown
X1-]: CompositorBridgeChild receives IPC close with reGFX1-]: CompositorBridgeChild receives IPC close with reason=AbnormalShutdown
-]: Compositith reason=AbnormalShutdown
Exiting due to channel error.
orBridgeChild receives IPC close with reason=AbnormalShutdown
eives IPC close with reason=AbnormalShutdown
[GFX1-]: CompositorBridgeChild receives IPC close with reason=AbnormalShutdown
Exiting due to channel error.
ason=AbnormalShutdown
[XX1-]: CompositorBridgeChild receives IPC close with reason=AbnormalShutdown
Exiting due to channel error.
Exiting due to channel error.
Exiting due to channel error.
Exiting due to channel error.
1