1729836573360	geckodriver	INFO	Listening on 127.0.0.1:55673
1729836576414	mozrunner::runner	INFO	Running command: "C:\\Program Files\\Mozilla Firefox\\firefox.exe" "--marionette" "--remote-debugging-port" "55674" "--remote-allow-hosts" "localhost" "-no-remote" "-profile" "D:\\Users\\sasikumarj\\AppData\\Local\\Temp\\rust_mozprofileWnHxid"
console.warn: services.settings: Ignoring preference override of remote settings server
console.warn: services.settings: Allow by setting MOZ_REMOTE_SETTINGS_DEVTOOLS=1 in the environment
Dynamically enable window occlusion 0
1729836577142	Marionette	INFO	Marionette enabled
1729836577481	Marionette	INFO	Listening on port 55681
WebDriver BiDi listening on ws://127.0.0.1:55674
Read port: 55681
1729836577752	RemoteAgent	WARN	TLS certificate errors will be ignored for this session
DevTools listening on ws://127.0.0.1:55674/devtools/browser/9eee72b2-44c2-4807-b176-d0e2ae936cbe
JavaScript warning: https://www.dev.marketwatch.com/_next/static/chunks/main-7c2c5b4ee7ae4ea0.js, line 1: unreachable code after return statement
JavaScript error: https://cdn.cxense.com/sp1.html#ver=2.8.82&typ=pgv&rnd=m2oc1gos3cmca1qw&sid=1138573015853471556&loc=https%3A%2F%2Fwww.dev.marketwatch.com%2Fauthor%2FCatey-Hill&new=1&arf=0&ltm=1729836586693&ref=&tzo=-330&wsz=1278x497&res=1278x622&dpr=1&col=24&bln=en-US&chs=UTF-8&cks=m2oc1gqpygwwddxx&ckp=m2oc1gosbvazdc9u&glb=&cp_userState=anon&cp_testGroup=79&cp_env=staging&cp_topDomain=marketwatch.com&cp_template=full&cp_access=free&cp_section=Author&cp_subsection=Catey%20Hill&cp_cms_name=Peavey&cp_subscriber=nonsubscriber&cp_edition=naus&cp_bucket=7&cp_ab_bucket=17&cp_pageContentSource=MarketWatch&cp_pageContentType=Summaries&cp_pageContentTypeDetai=default&cp_pageSiteProduct=MW&cp_userTags=&cp_sessionState=none, line 1: TypeError: cX.loadScript is not a function
Hit MOZ_CRASH([unhandlable oom] Failed to allocate new chunk during GC) at /builds/worker/checkouts/gecko/js/src/vm/JSContext.cpp:1343
A content process crashed and MOZ_CRASHREPORTER_SHUTDOWN is set, shutting down
Marionette threw an error: TypeError: browsingContext.currentWindowGlobal is null
getMarionetteCommandsActorProxy/get/<@chrome://remote/content/marionette/actors/MarionetteCommandsParent.sys.mjs:357:17
permitUnload@chrome://global/content/elements/browser-custom-element.js:1735:21
CanCloseWindow@chrome://browser/content/browser.js:5811:36
canClose@chrome://browser/content/browser.js:4537:12
observe@resource:///modules/ContentCrashHandlers.sys.mjs:165:28

console.error: "Marionette threw an error: TypeError: browsingContext.currentWindowGlobal is null\ngetMarionetteCommandsActorProxy/get/<@chrome://remote/content/marionette/actors/MarionetteCommandsParent.sys.mjs:357:17\npermitUnload@chrome://global/content/elements/browser-custom-element.js:1735:21\nCanCloseWindow@chrome://browser/content/browser.js:5811:36\ncanClose@chrome://browser/content/browser.js:4537:12\nobserve@resource:///modules/ContentCrashHandlers.sys.mjs:165:28\n"
A content process crashed and MOZ_CRASHREPORTER_SHUTDOWN is set, shutting down
1729836591109	Marionette	INFO	Stopped listening on port 55681
Dynamically enable window occlusion 1
