1738920159096	geckodriver	INFO	Listening on 127.0.0.1:58616
1738920162139	mozrunner::runner	INFO	Running command: "C:\\Program Files\\Mozilla Firefox\\firefox.exe" "--marionette" "--remote-debugging-port" "58617" "--remote-allow-hosts" "localhost" "-no-remote" "-profile" "D:\\Users\\sasikumarj\\AppData\\Local\\Temp\\rust_mozprofile57JdjX"
console.warn: services.settings: Ignoring preference override of remote settings server
console.warn: services.settings: Allow by setting MOZ_REMOTE_SETTINGS_DEVTOOLS=1 in the environment
Dynamically enable window occlusion 0
1738920162880	Marionette	INFO	Marionette enabled
1738920163155	Marionette	INFO	Listening on port 58683
WebDriver BiDi listening on ws://127.0.0.1:58617
Read port: 58683
console.error: Policies: 
  Download failed - ERROR_CORRUPT_FILE - file://C:\Program Files\Snow Software\Inventory\Agent\FFCloudmetering.xpi
1738920163413	RemoteAgent	WARN	TLS certificate errors will be ignored for this session
DevTools listening on ws://127.0.0.1:58617/devtools/browser/39a63a14-e21a-4c89-b9cb-775815eb68bc
JavaScript warning: https://pagead2.googlesyndication.com/bg/dKsKVnRDvnN7x3_VHBWCXOB1uWbHu1pWqkNfYXa-ZYg.js line 2 > eval line 2803 > eval line 1 > eval line 1 > eval, line 1: WEBGL_debug_renderer_info is deprecated in Firefox and will be removed. Please use RENDERER.
JavaScript error: https://cdn.cxense.com/sp1.html#ver=2.8.90&typ=pgv&rnd=m6uk67ksonovd5rl&sid=1139592114930554183&loc=https%3A%2F%2Fwww.fnlondon.com%2Farticles%2Fcomplaints-commissioner-fca-transparency-20220615&new=1&arf=0&ltm=1738920171493&ref=&tzo=-330&wsz=1280x595&res=1280x720&dpr=1&col=24&bln=en-US&chs=UTF-8&cks=m6uk67ovx0ohvrhi&ckp=m6uk67ksq8xy7tus&glb=&amo=1677944280&cp_userState=anon&cp_testGroup=67&cp_topDomain=fnlondon.com&cp_pwTag=default&cp_pwPlacement=cx-snippetad&cp_pwCampaign=6&cp_type=Politics&cp_template=preview&cp_access=paid&cp_section=Politics&cp_subsection=Politics&cp_cms_name=Wordpress&cp_subscriber=nonsubscriber&cp_edition=naus&cp_bucket=0&cp_ab_bucket=0&cp_pageContentSource=FN%20London&cp_pageContentType=Article&cp_pageContentTypeDetai=article&cp_pageSiteProduct=FN&cp_userTags=&cp_sessionState=none, line 1: TypeError: cX.loadScript is not a function
JavaScript warning: https://cdn.parsely.com/keys/fnlondon.com/p.js, line 7: Script terminated by timeout at:
t.get@https://cdn.parsely.com/keys/fnlondon.com/p.js:7:31369
getVisitorInfo@https://cdn.parsely.com/keys/fnlondon.com/p.js:7:33929
getSession@https://cdn.parsely.com/keys/fnlondon.com/p.js:7:35584
beacon@https://cdn.parsely.com/keys/fnlondon.com/p.js:7:62284
e.engagedTime.sendHeartbeat@https://cdn.parsely.com/keys/fnlondon.com/p.js:7:40449
i.sendHeartbeat@https://cdn.parsely.com/keys/fnlondon.com/p.js:7:38474
i._sendHeartbeats@https://cdn.parsely.com/keys/fnlondon.com/p.js:7:38628
i._setUnloadListeners/<@https://cdn.parsely.com/keys/fnlondon.com/p.js:7:38781
value/<@https://cdn.parsely.com/keys/fnlondon.com/p.js:7:22304
value@https://cdn.parsely.com/keys/fnlondon.com/p.js:7:22277
value@https://cdn.parsely.com/keys/fnlondon.com/p.js:7:24351
value@https://cdn.parsely.com/keys/fnlondon.com/p.js:7:24771
nrWrapper@https://www.fnlondon.com/articles/complaints-commissioner-fca-transparency-20220615:306:17759

console.warn: LoginRecipes: "Falling back to a synchronous message for: https://sso.accounts.dowjones.com."
console.warn: LoginRecipes: "Falling back to a synchronous message for: https://sso.accounts.dowjones.com."
JavaScript warning: https://sso.accounts.dowjones.com/datadome/tags.js, line 2: Script terminated by timeout at:
@https://sso.accounts.dowjones.com/datadome/tags.js:2:157582
@https://sso.accounts.dowjones.com/datadome/tags.js:2:152554
y@https://sso.accounts.dowjones.com/datadome/tags.js:2:159491
@https://sso.accounts.dowjones.com/datadome/tags.js:2:161225

JavaScript warning: https://pagead2.googlesyndication.com/bg/dKsKVnRDvnN7x3_VHBWCXOB1uWbHu1pWqkNfYXa-ZYg.js line 2 > eval line 4220 > eval line 1 > eval line 1 > eval, line 1: WEBGL_debug_renderer_info is deprecated in Firefox and will be removed. Please use RENDERER.
1738920187858	Marionette	INFO	Stopped listening on port 58683
JavaScript warning: https://static.adsafeprotected.com/main.19.8.569.js, line 1: Script terminated by timeout at:
__IASScope.__IntegralASExec["19.8.569"].initialize/Ui<@https://static.adsafeprotected.com/main.19.8.569.js:1:228454
__IASScope.__IntegralASExec["19.8.569"].initialize@https://static.adsafeprotected.com/main.19.8.569.js:1:228455
timedLoad@https://pixel.adsafeprotected.com/jload?anId=931676&campId=970x250&pubId=21603626&chanId=268331546&placementId=6909041923&pubCreative=138505667858&pubOrder=3281292652&cb=1009769939&adsafe_par&impId=&custom=R&custom2=&custom3=&custom4=&custom5=:1314:19

Dynamically enable window occlusion 1
