1739416369289	geckodriver	INFO	Listening on 127.0.0.1:57374
1739416372305	mozrunner::runner	INFO	Running command: "C:\\Program Files\\Mozilla Firefox\\firefox.exe" "--marionette" "--remote-debugging-port" "57375" "--remote-allow-hosts" "localhost" "-no-remote" "-profile" "D:\\Users\\sasikumarj\\AppData\\Local\\Temp\\rust_mozprofileSDYVgs"
console.warn: services.settings: Ignoring preference override of remote settings server
console.warn: services.settings: Allow by setting MOZ_REMOTE_SETTINGS_DEVTOOLS=1 in the environment
Dynamically enable window occlusion 0
1739416372998	Marionette	INFO	Marionette enabled
1739416373272	Marionette	INFO	Listening on port 57388
WebDriver BiDi listening on ws://127.0.0.1:57375
Read port: 57388
console.error: Policies: 
  Download failed - ERROR_CORRUPT_FILE - file://C:\Program Files\Snow Software\Inventory\Agent\FFCloudmetering.xpi
1739416373626	RemoteAgent	WARN	TLS certificate errors will be ignored for this session
DevTools listening on ws://127.0.0.1:57375/devtools/browser/fe0cb668-dfc4-48c9-b680-eed8d0f12f20
JavaScript error: https://us.tags.newscgp.com/prod/ncg/ncg.js, line 10: TypeError: window.GlobalSnowplowNamespace is undefined
JavaScript error: https://cdn.cxense.com/sp1.html#ver=2.8.90&typ=pgv&rnd=m72rlotuwxlygqq1&sid=1134007940894473081&loc=https%3A%2F%2Fwww.mansionglobal.com%2F&new=1&arf=0&ltm=1739416380408&ref=&tzo=-330&wsz=1280x595&res=1280x720&dpr=1&col=24&bln=en-US&chs=UTF-8&cks=m72rlova7aviyg2v&ckp=m72rlotujkq48chw&glb=&cp_userState=anon&cp_testGroup=40&cp_topDomain=mansionglobal.com&cp_template=full&cp_access=free&cp_section=Home&cp_subsection=&cp_cms_name=CMS%20Wordpress&cp_subscriber=nonsubscriber&cp_edition=na%252Cus&cp_bucket=3&cp_ab_bucket=23&cp_pageContentSource=Mansion%20Global&cp_pageContentType=Home&cp_pageContentTypeDetai=default&cp_pageSiteProduct=MG&cp_userTags=&cp_sessionState=none, line 1: TypeError: cX.loadScript is not a function
JavaScript error: https://us.tags.newscgp.com/prod/ncg/ncg.js, line 10: TypeError: window.GlobalSnowplowNamespace is undefined
JavaScript warning: https://pagead2.googlesyndication.com/bg/8ZaB7jRsaaU-biZOJz6O6mNB_fDMtsHVeu7uD0tG4og.js line 2 > eval line 3012 > eval line 1 > eval line 1 > eval, line 1: WEBGL_debug_renderer_info is deprecated in Firefox and will be removed. Please use RENDERER.
JavaScript warning: https://cdn.cxense.com/cx.js, line 6: Script terminated by timeout at:
I@https://cdn.cxense.com/cx.js:6:4215
S@https://cdn.cxense.com/cx.js:6:35533
li@https://cdn.cxense.com/cx.js:6:46533
ua@https://cdn.cxense.com/cx.js:6:70760
fa/<@https://cdn.cxense.com/cx.js:6:71076
nrWrapper@https://www.mansionglobal.com/articles/what-property-tax-changes-are-in-store-for-luxury-home-owners-in-edmonton-canada-e0d92933:112:17759

JavaScript warning: https://imasdk.googleapis.com/js/core/bridge3.685.0_en.html#fid=goog_1495765867, line 454: Script terminated by timeout at:
jD/this.T@https://imasdk.googleapis.com/js/core/bridge3.685.0_en.html#fid=goog_1495765867:454:47

JavaScript warning: https://www.youtube-nocookie.com/s/player/074a8365/player_ias.vflset/en_US/base.js, line 11754: Script terminated by timeout at:
g.q.getPlayerState@https://www.youtube-nocookie.com/s/player/074a8365/player_ias.vflset/en_US/base.js:11754:28
g.q.sendAbandonmentPing@https://www.youtube-nocookie.com/s/player/074a8365/player_ias.vflset/en_US/base.js:11742:45
g.q.sendAbandonmentPing@https://www.youtube-nocookie.com/s/player/074a8365/player_ias.vflset/en_US/base.js:11618:44
g.q.sendAbandonmentPing@https://www.youtube-nocookie.com/s/player/074a8365/player_ias.vflset/en_US/base.js:10561:69
pE/p.state.D[d]@https://www.youtube-nocookie.com/s/player/074a8365/player_ias.vflset/en_US/base.js:4559:53
zz/<@https://www.youtube-nocookie.com/s/player/074a8365/www-embed-player.vflset/www-embed-player.js:1958:106
Lz@https://www.youtube-nocookie.com/s/player/074a8365/www-embed-player.vflset/www-embed-player.js:1995:46
@https://www.youtube-nocookie.com/s/player/074a8365/www-embed-player.vflset/www-embed-player.js:2006:137
hm/<@https://www.youtube-nocookie.com/s/player/074a8365/www-embed-player.vflset/www-embed-player.js:936:63

JavaScript warning: https://static.cdninstagram.com/rsrc.php/v4iy674/yD/l/en_US/HwP1JyajcHm.js, line 114: Script terminated by timeout at:
i.canUseNavigatorBeacon@https://static.cdninstagram.com/rsrc.php/v4iy674/yD/l/en_US/HwP1JyajcHm.js:114:4276
C@https://static.cdninstagram.com/rsrc.php/v4iy674/yD/l/en_US/HwP1JyajcHm.js:114:1597
i._initialize/<@https://static.cdninstagram.com/rsrc.php/v4iy674/yD/l/en_US/HwP1JyajcHm.js:114:4912
d@https://static.cdninstagram.com/rsrc.php/v4iy674/yD/l/en_US/HwP1JyajcHm.js:30:158

console.warn: LoginRecipes: "Falling back to a synchronous message for: https://sso.accounts.dowjones.com."
console.warn: LoginRecipes: "Falling back to a synchronous message for: https://sso.accounts.dowjones.com."
JavaScript error: https://us.tags.newscgp.com/prod/ncg/ncg.js, line 10: TypeError: window.GlobalSnowplowNamespace is undefined
JavaScript warning: https://pagead2.googlesyndication.com/bg/8ZaB7jRsaaU-biZOJz6O6mNB_fDMtsHVeu7uD0tG4og.js line 2 > eval line 4490 > eval line 1 > eval line 1 > eval, line 1: WEBGL_debug_renderer_info is deprecated in Firefox and will be removed. Please use RENDERER.
1739416434255	Marionette	INFO	Stopped listening on port 57388
Dynamically enable window occlusion 1
JavaScript warning: https://www.google.com/js/th/2OLqLGNr0zHDpmEvPVsLweQktEaAqFW_L2mqSHTdR30.js line 2 > eval line 2512 > eval line 1 > eval line 1 > eval, line 1: WEBGL_debug_renderer_info is deprecated in Firefox and will be removed. Please use RENDERER.
