1738918150186	geckodriver	INFO	Listening on 127.0.0.1:49505
1738918153349	mozrunner::runner	INFO	Running command: "C:\\Program Files\\Mozilla Firefox\\firefox.exe" "--marionette" "--remote-debugging-port" "49506" "--remote-allow-hosts" "localhost" "-no-remote" "-profile" "D:\\Users\\sasikumarj\\AppData\\Local\\Temp\\rust_mozprofilevnG3GI"
console.warn: services.settings: Ignoring preference override of remote settings server
console.warn: services.settings: Allow by setting MOZ_REMOTE_SETTINGS_DEVTOOLS=1 in the environment
Dynamically enable window occlusion 0
1738918153992	Marionette	INFO	Marionette enabled
1738918154243	Marionette	INFO	Listening on port 49527
WebDriver BiDi listening on ws://127.0.0.1:49506
Read port: 49527
console.error: Policies: 
  Download failed - ERROR_CORRUPT_FILE - file://C:\Program Files\Snow Software\Inventory\Agent\FFCloudmetering.xpi
1738918154500	RemoteAgent	WARN	TLS certificate errors will be ignored for this session
DevTools listening on ws://127.0.0.1:49506/devtools/browser/99771628-2b35-4e3d-aaab-c51cbff90dd9
JavaScript warning: https://pagead2.googlesyndication.com/bg/dKsKVnRDvnN7x3_VHBWCXOB1uWbHu1pWqkNfYXa-ZYg.js line 2 > eval line 2419 > eval line 1 > eval line 1 > eval, line 1: WEBGL_debug_renderer_info is deprecated in Firefox and will be removed. Please use RENDERER.
JavaScript error: https://cdn.cxense.com/sp1.html#ver=2.8.90&typ=pgv&rnd=m6uiz6pku00mqj42&sid=1139592114930554183&loc=https%3A%2F%2Fwww.fnlondon.com%2Farticles%2Fcomplaints-commissioner-fca-transparency-20220615&new=1&arf=0&ltm=1738918164167&ref=&tzo=-330&wsz=1280x595&res=1280x720&dpr=1&col=24&bln=en-US&chs=UTF-8&cks=m6uiz6srhpgtz11t&ckp=m6uiz6pk1or39pr9&glb=&amo=1677944280&cp_userState=anon&cp_testGroup=95&cp_topDomain=fnlondon.com&cp_pwTag=default&cp_pwPlacement=cx-snippetad&cp_pwCampaign=6&cp_type=Politics&cp_template=preview&cp_access=paid&cp_section=Politics&cp_subsection=Politics&cp_cms_name=Wordpress&cp_subscriber=nonsubscriber&cp_edition=naus&cp_bucket=3&cp_ab_bucket=73&cp_pageContentSource=FN%20London&cp_pageContentType=Article&cp_pageContentTypeDetai=article&cp_pageSiteProduct=FN&cp_userTags=&cp_sessionState=none, line 1: TypeError: cX.loadScript is not a function
1738918168693	Marionette	INFO	Stopped listening on port 49527
JavaScript warning: https://www.fnlondon.com/articles/complaints-commissioner-fca-transparency-20220615, line 306: Script terminated by timeout at:
nrWrapper@https://www.fnlondon.com/articles/complaints-commissioner-fca-transparency-20220615:306:17609

Dynamically enable window occlusion 1
JavaScript error: , line 0: TypeError: NetworkError when attempting to fetch resource.
