1739268619113	geckodriver	INFO	Listening on 127.0.0.1:55696
1739268622155	mozrunner::runner	INFO	Running command: "C:\\Program Files\\Mozilla Firefox\\firefox.exe" "--marionette" "--remote-debugging-port" "55697" "--remote-allow-hosts" "localhost" "-no-remote" "-profile" "D:\\Users\\sasikumarj\\AppData\\Local\\Temp\\rust_mozprofileOaAt5r"
console.warn: services.settings: Ignoring preference override of remote settings server
console.warn: services.settings: Allow by setting MOZ_REMOTE_SETTINGS_DEVTOOLS=1 in the environment
Dynamically enable window occlusion 0
1739268622850	Marionette	INFO	Marionette enabled
1739268623104	Marionette	INFO	Listening on port 55710
WebDriver BiDi listening on ws://127.0.0.1:55697
Read port: 55710
console.error: Policies: 
  Download failed - ERROR_CORRUPT_FILE - file://C:\Program Files\Snow Software\Inventory\Agent\FFCloudmetering.xpi
1739268623380	RemoteAgent	WARN	TLS certificate errors will be ignored for this session
DevTools listening on ws://127.0.0.1:55697/devtools/browser/f6a65251-24d7-4747-afcc-75e42d90ce41
JavaScript warning: https://pagead2.googlesyndication.com/bg/VPXMjhhSnF_0w04UBhtYgswssitSTY9737JJt5i4JB8.js line 2 > eval line 4066 > eval line 1 > eval line 1 > eval, line 1: WEBGL_debug_renderer_info is deprecated in Firefox and will be removed. Please use RENDERER.
JavaScript error: https://cdn.cxense.com/sp1.html#ver=2.8.90&typ=pgv&rnd=m70bmx57aoabcegs&sid=1138573015853471556&loc=https%3A%2F%2Fwww.dev.marketwatch.com%2Fauthor%2FCatey-Hill&new=1&arf=0&ltm=1739268631632&ref=&tzo=-330&wsz=1280x595&res=1280x720&dpr=1&col=24&bln=en-US&chs=UTF-8&cks=m70bmx6lt3dqhu95&ckp=m70bmx5746u16tln&glb=&cp_userState=anon&cp_testGroup=65&cp_env=staging&cp_topDomain=marketwatch.com&cp_template=full&cp_access=free&cp_section=Author&cp_subsection=Catey%20Hill&cp_cms_name=Peavey&cp_subscriber=nonsubscriber&cp_edition=naus&cp_bucket=1&cp_ab_bucket=11&cp_pageContentSource=MarketWatch&cp_pageContentType=Summaries&cp_pageContentTypeDetai=default&cp_pageSiteProduct=MW&cp_userTags=&cp_sessionState=none, line 1: TypeError: cX.loadScript is not a function
JavaScript warning: https://cdn.gbqofs.com/sv/b/detector-bootstrap.min.js, line 0: Successfully compiled asm.js code (total compilation time 5ms)
1739268768738	Marionette	WARN	Ignoring event 'pageshow' because document has an invalid readyState of 'interactive'.
1739268768748	Marionette	WARN	Ignoring event 'pageshow' because document has an invalid readyState of 'loading'.
JavaScript warning: https://cdn.js7k.com/rq/iv/inside.js, line 1: WEBGL_debug_renderer_info is deprecated in Firefox and will be removed. Please use RENDERER.
JavaScript warning: https://www.datadoghq-browser-agent.com/datadog-logs-v4.js, line 1: Script terminated by timeout at:
Cr</t</r<@https://www.datadoghq-browser-agent.com/datadog-logs-v4.js:1:48771
d@https://www.datadoghq-browser-agent.com/datadog-logs-v4.js:1:905
l/<@https://www.datadoghq-browser-agent.com/datadog-logs-v4.js:1:853

JavaScript error: chrome://global/content/elements/browser-custom-element.js, line 1840: Error: permitUnload is already running for this tab.
JavaScript warning: https://cdn.cxense.com/cx.js, line 6: Script terminated by timeout at:
Ui@https://cdn.cxense.com/cx.js:6:48559
ro@https://cdn.cxense.com/cx.js:6:53391
ua@https://cdn.cxense.com/cx.js:6:70615
fa/<@https://cdn.cxense.com/cx.js:6:71076

1739288902516	Marionette	INFO	Stopped listening on port 55710
Dynamically enable window occlusion 1
!!! error running onStopped callback: TypeError: callback is not a function
