1739417160227	geckodriver	INFO	Listening on 127.0.0.1:62791
1739417163270	mozrunner::runner	INFO	Running command: "C:\\Program Files\\Mozilla Firefox\\firefox.exe" "--marionette" "--remote-debugging-port" "62792" "--remote-allow-hosts" "localhost" "-no-remote" "-profile" "D:\\Users\\sasikumarj\\AppData\\Local\\Temp\\rust_mozprofileo0gPcr"
console.warn: services.settings: Ignoring preference override of remote settings server
console.warn: services.settings: Allow by setting MOZ_REMOTE_SETTINGS_DEVTOOLS=1 in the environment
Dynamically enable window occlusion 0
1739417163918	Marionette	INFO	Marionette enabled
1739417164183	Marionette	INFO	Listening on port 62807
Read port: 62807
WebDriver BiDi listening on ws://127.0.0.1:62792
1739417164323	RemoteAgent	WARN	TLS certificate errors will be ignored for this session
console.error: Policies: 
  Download failed - ERROR_CORRUPT_FILE - file://C:\Program Files\Snow Software\Inventory\Agent\FFCloudmetering.xpi
DevTools listening on ws://127.0.0.1:62792/devtools/browser/0e546144-3c4e-447d-8604-50be81ba5f8f
JavaScript warning: https://pagead2.googlesyndication.com/bg/8ZaB7jRsaaU-biZOJz6O6mNB_fDMtsHVeu7uD0tG4og.js line 2 > eval line 3378 > eval line 1 > eval line 1 > eval, line 1: WEBGL_debug_renderer_info is deprecated in Firefox and will be removed. Please use RENDERER.
1739417175601	Marionette	INFO	Stopped listening on port 62807
JavaScript warning: https://www.fnlondon.com/articles/complaints-commissioner-fca-transparency-20220615, line 306: Script terminated by timeout at:
nrWrapper@https://www.fnlondon.com/articles/complaints-commissioner-fca-transparency-20220615:306:17609

JavaScript error: https://cdn.cxense.com/sp1.html#ver=2.8.90&typ=pgv&rnd=m72s2p74fm5t6kji&sid=1139592114930554183&loc=https%3A%2F%2Fwww.fnlondon.com%2Farticles%2Fcomplaints-commissioner-fca-transparency-20220615&new=1&arf=0&ltm=1739417174041&ref=&tzo=-330&wsz=1280x595&res=1280x720&dpr=1&col=24&bln=en-US&chs=UTF-8&cks=m72s2pf6h3q55je5&ckp=m72s2p743i2a37qn&glb=&amo=1677944280&cp_userState=anon&cp_testGroup=12&cp_topDomain=fnlondon.com&cp_pwTag=default&cp_pwPlacement=cx-snippetad&cp_pwCampaign=6&cp_type=Politics&cp_template=preview&cp_access=paid&cp_section=Politics&cp_subsection=Politics&cp_cms_name=Wordpress&cp_subscriber=nonsubscriber&cp_edition=naus&cp_bucket=0&cp_ab_bucket=90&cp_pageContentSource=FN%20London&cp_pageContentType=Article&cp_pageContentTypeDetai=article&cp_pageSiteProduct=FN&cp_userTags=&cp_sessionState=none, line 1: TypeError: cX.loadScript is not a function
Dynamically enable window occlusion 1
JavaScript error: , line 0: AbortError: The operation was aborted. 
JavaScript error: , line 0: AbortError: The operation was aborted. 
