1739032990189	geckodriver	INFO	Listening on 127.0.0.1:51434
1739032993235	mozrunner::runner	INFO	Running command: "C:\\Program Files\\Mozilla Firefox\\firefox.exe" "--marionette" "--remote-debugging-port" "51435" "--remote-allow-hosts" "localhost" "-no-remote" "-profile" "D:\\Users\\sasikumarj\\AppData\\Local\\Temp\\rust_mozprofileBIEymN"
console.warn: services.settings: Ignoring preference override of remote settings server
console.warn: services.settings: Allow by setting MOZ_REMOTE_SETTINGS_DEVTOOLS=1 in the environment
Dynamically enable window occlusion 0
1739032993855	Marionette	INFO	Marionette enabled
1739032994109	Marionette	INFO	Listening on port 51447
WebDriver BiDi listening on ws://127.0.0.1:51435
Read port: 51447
console.error: Policies: 
  Download failed - ERROR_CORRUPT_FILE - file://C:\Program Files\Snow Software\Inventory\Agent\FFCloudmetering.xpi
1739032994357	RemoteAgent	WARN	TLS certificate errors will be ignored for this session
DevTools listening on ws://127.0.0.1:51435/devtools/browser/5ee6b139-f064-406a-adff-ed309b7d6b44
JavaScript warning: https://newscorp.okta.com/assets/js/sdk/okta-signin-widget/7.27.3/js/okta-sign-in.min.js, line 99: Script terminated by timeout at:
trigger@https://newscorp.okta.com/assets/js/sdk/okta-signin-widget/7.27.3/js/okta-sign-in.min.js:99:67474
simulate@https://newscorp.okta.com/assets/js/sdk/okta-signin-widget/7.27.3/js/okta-sign-in.min.js:99:68744
n@https://newscorp.okta.com/assets/js/sdk/okta-signin-widget/7.27.3/js/okta-sign-in.min.js:99:69036
s@https://newscorp.okta.com/assets/js/mvc/sentry-wrapper/sentry-wrapper.pack.2e080a109dbfd00f748e7dab5f49a815.js:1:42573

JavaScript warning: https://fpt.live.com/?session_id=752d0d1f2a3a4c2b953fed003d71daee&CustomerId=33e01921-4d64-4f8c-a055-5bdaffd5e33d&PageId=SI, line 5: WEBGL_debug_renderer_info is deprecated in Firefox and will be removed. Please use RENDERER.
console.warn: LoginRecipes: "Falling back to a synchronous message for: https://login.live.com."
console.warn: LoginRecipes: "Falling back to a synchronous message for: https://login.live.com."
console.error: ({})
1739033021663	Marionette	WARN	Ignoring event 'DOMContentLoaded' because document has an invalid readyState of 'complete'.
JavaScript warning: https://res-1.cdn.office.net/midgard/versionless/livepersonacard_without-react_44cd24035cb31cfc94c2.js, line 2: unreachable code after return statement
JavaScript warning: https://pagead2.googlesyndication.com/bg/vbSiC3rXZjPvfLONVMSWfstygVHLPM3jd4I4vl9RjYk.js line 2 > eval line 1805 > eval line 1 > eval line 1 > eval, line 1: WEBGL_debug_renderer_info is deprecated in Firefox and will be removed. Please use RENDERER.
JavaScript warning: https://cdn.adnxs.com/v/s/247/trk.js, line 334: Script terminated by timeout at:
cf@https://cdn.adnxs.com/v/s/247/trk.js:334:84
_e@https://cdn.adnxs.com/v/s/247/trk.js:513:127
mi@https://cdn.adnxs.com/v/s/247/trk.js:557:831
gi@https://cdn.adnxs.com/v/s/247/trk.js:139:30
Kh@https://cdn.adnxs.com/v/s/247/trk.js:521:194
Uh@https://cdn.adnxs.com/v/s/247/trk.js:365:60
Cc@https://cdn.adnxs.com/v/s/247/trk.js:449:76
_.B@https://cdn.adnxs.com/v/s/247/trk.js:560:3303
_.C@https://cdn.adnxs.com/v/s/247/trk.js:560:1376
md/<@https://cdn.adnxs.com/v/s/247/trk.js:560:5629

JavaScript warning: https://cdn.js7k.com/rq/iv/inside.js, line 1: WEBGL_debug_renderer_info is deprecated in Firefox and will be removed. Please use RENDERER.
JavaScript warning: https://pagead2.googlesyndication.com/pagead/managed/js/activeview/current/ufs_web_display.js?cache=r20110914, line 13: Script terminated by timeout at:
C@https://pagead2.googlesyndication.com/pagead/managed/js/activeview/current/ufs_web_display.js?cache=r20110914:13:325
h@https://pagead2.googlesyndication.com/pagead/managed/js/activeview/current/ufs_web_display.js?cache=r20110914:93:449

JavaScript warning: https://gum.criteo.com/syncframe?origin=rtus&topUrl=outlook.live.com&gdpr=0&gdpr_consent=#{%22lwid%22:{%22value%22:null,%22origin%22:0},%22bundle%22:{%22value%22:null,%22origin%22:0},%22optout%22:{%22value%22:false,%22origin%22:0},%22tld%22:%22adnxs-simple.com%22,%22topUrl%22:%22outlook.live.com%22,%22cw%22:true,%22lsw%22:true,%22origin%22:%22rtus%22,%22rtusCallerId%22:30,%22requestId%22:%220.6443998055898289%22}, line 13: Script terminated by timeout at:
r.prototype.logPixel@https://gum.criteo.com/syncframe?origin=rtus&topUrl=outlook.live.com&gdpr=0&gdpr_consent=#{%22lwid%22:{%22value%22:null,%22origin%22:0},%22bundle%22:{%22value%22:null,%22origin%22:0},%22optout%22:{%22value%22:false,%22origin%22:0},%22tld%22:%22adnxs-simple.com%22,%22topUrl%22:%22outlook.live.com%22,%22cw%22:true,%22lsw%22:true,%22origin%22:%22rtus%22,%22rtusCallerId%22:30,%22requestId%22:%220.6443998055898289%22}:13:3418
r.prototype.flushEventQueue@https://gum.criteo.com/syncframe?origin=rtus&topUrl=outlook.live.com&gdpr=0&gdpr_consent=#{%22lwid%22:{%22value%22:null,%22origin%22:0},%22bundle%22:{%22value%22:null,%22origin%22:0},%22optout%22:{%22value%22:false,%22origin%22:0},%22tld%22:%22adnxs-simple.com%22,%22topUrl%22:%22outlook.live.com%22,%22cw%22:true,%22lsw%22:true,%22origin%22:%22rtus%22,%22rtusCallerId%22:30,%22requestId%22:%220.6443998055898289%22}:13:3152
r/<@https://gum.criteo.com/syncframe?origin=rtus&topUrl=outlook.live.com&gdpr=0&gdpr_consent=#{%22lwid%22:{%22value%22:null,%22origin%22:0},%22bundle%22:{%22value%22:null,%22origin%22:0},%22optout%22:{%22value%22:false,%22origin%22:0},%22tld%22:%22adnxs-simple.com%22,%22topUrl%22:%22outlook.live.com%22,%22cw%22:true,%22lsw%22:true,%22origin%22:%22rtus%22,%22rtusCallerId%22:30,%22requestId%22:%220.6443998055898289%22}:13:3642

JavaScript warning: https://pagead2.googlesyndication.com/bg/vbSiC3rXZjPvfLONVMSWfstygVHLPM3jd4I4vl9RjYk.js line 2 > eval line 1064 > eval line 1 > eval line 1 > eval, line 1: WEBGL_debug_renderer_info is deprecated in Firefox and will be removed. Please use RENDERER.
1739033040926	Marionette	INFO	Stopped listening on port 51447
JavaScript warning: https://code.createjs.com/1.0.0/createjs.min.js, line 12: Script terminated by timeout at:
a._setupTick@https://code.createjs.com/1.0.0/createjs.min.js:12:6808
a._handleTimeout@https://code.createjs.com/1.0.0/createjs.min.js:12:6757

Dynamically enable window occlusion 1
JavaScript error: , line 0: NetworkError: AutoCancel
JavaScript error: , line 0: NetworkError: AutoCancel
JavaScript error: , line 0: NetworkError: AutoCancel
JavaScript error: , line 0: NetworkError: AutoCancel
JavaScript error: , line 0: NetworkError: AutoCancel
JavaScript error: , line 0: NetworkError: AutoCancel
JavaScript error: , line 0: NetworkError: AutoCancel
JavaScript error: , line 0: NetworkError: AutoCancel
JavaScript error: , line 0: NetworkError: AutoCancel
JavaScript error: , line 0: NetworkError: AutoCancel
JavaScript error: , line 0: NetworkError: AutoCancel
JavaScript error: , line 0: NetworkError: AutoCancel
JavaScript error: , line 0: NetworkError: AutoCancel
JavaScript error: , line 0: NetworkError: AutoCancel
JavaScript error: , line 0: NetworkError: AutoCancel
JavaScript error: , line 0: NetworkError: AutoCancel
JavaScript error: , line 0: TypeError: NetworkError when attempting to fetch resource.
