1734522447777	geckodriver	INFO	Listening on 127.0.0.1:57416
1734522450836	mozrunner::runner	INFO	Running command: "C:\\Program Files\\Mozilla Firefox\\firefox.exe" "--marionette" "--remote-debugging-port" "57417" "--remote-allow-hosts" "localhost" "-no-remote" "-profile" "D:\\Users\\sasikumarj\\AppData\\Local\\Temp\\rust_mozprofileG34bqt"
console.warn: services.settings: Ignoring preference override of remote settings server
console.warn: services.settings: Allow by setting MOZ_REMOTE_SETTINGS_DEVTOOLS=1 in the environment
Dynamically enable window occlusion 0
1734522451500	Marionette	INFO	Marionette enabled
1734522451850	Marionette	INFO	Listening on port 57431
WebDriver BiDi listening on ws://127.0.0.1:57417
Read port: 57431
1734522452102	RemoteAgent	WARN	TLS certificate errors will be ignored for this session
DevTools listening on ws://127.0.0.1:57417/devtools/browser/89e6918e-318d-4675-8d4e-190e5bb53b71
JavaScript error: https://cdn.cxense.com/sp1.html#ver=2.8.86&typ=pgv&rnd=m4ttvzmxa00tlwvd&sid=1138573015853471556&loc=https%3A%2F%2Fwww.dev.marketwatch.com%2F&new=1&arf=0&ltm=1734522459960&ref=&tzo=-330&wsz=1280x595&res=1280x720&dpr=1&col=24&bln=en-US&chs=UTF-8&cks=m4ttvzosgflppz5b&ckp=m4ttvzmxx8ml5sp4&glb=&cp_userState=anon&cp_testGroup=5&cp_env=staging&cp_topDomain=marketwatch.com&cp_template=full&cp_access=free&cp_section=Home%20Page&cp_cms_name=Peavey&cp_subscriber=nonsubscriber&cp_edition=naus&cp_bucket=7&cp_ab_bucket=77&cp_pageContentSource=MarketWatch&cp_pageContentType=Home&cp_pageContentTypeDetai=default&cp_pageSiteProduct=MW&cp_userTags=&cp_sessionState=none, line 1: TypeError: cX.loadScript is not a function
JavaScript warning: https://cdn.gbqofs.com/sv/b/detector-bootstrap.min.js, line 0: Successfully compiled asm.js code (total compilation time 61ms)
JavaScript error: , line 0: AbortError: The operation was aborted. 
JavaScript warning: https://cdn.gbqofs.com/sv/b/detector-bootstrap.min.js, line 0: Successfully compiled asm.js code (total compilation time 2ms)
JavaScript error: , line 0: uncaught exception: undefined
JavaScript error: , line 0: TypeError: NetworkError when attempting to fetch resource.
1734522473267	Marionette	WARN	Ignoring event 'pageshow' because document has an invalid readyState of 'uninitialized'.
JavaScript error: https://cdn.cxense.com/sp1.html#ver=2.8.86&typ=pgv&rnd=m4ttwdc0jzno9tii&sid=1138573015853471556&loc=https%3A%2F%2Fwww.stg.marketwatch.com%2Fwelcome-watchlist&new=0&arf=0&ltm=1734522477703&ref=&tzo=-330&wsz=1280x595&res=1280x720&dpr=1&col=24&bln=en-US&chs=UTF-8&cks=m4ttwdczp30y4wg3&ckp=m4ttvzmxx8ml5sp4&glb=&cp_userState=anon&cp_testGroup=5&cp_env=staging&cp_topDomain=marketwatch.com&cp_template=full&cp_access=free&cp_section=Welcome%20Watchlist&cp_cms_name=Peavey&cp_subscriber=nonsubscriber&cp_edition=naus&cp_bucket=7&cp_ab_bucket=77&cp_pageContentSource=MarketWatch&cp_pageContentType=Summaries&cp_pageContentTypeDetai=default&cp_pageSiteProduct=MW&cp_userTags=&cp_sessionState=none, line 1: TypeError: cX.loadScript is not a function
JavaScript warning: https://cdn.gbqofs.com/sv/b/detector-bootstrap.min.js, line 0: Successfully compiled asm.js code (total compilation time 12ms)
JavaScript warning: https://pagead2.googlesyndication.com/bg/SdRCl8Z6_WVRBAVhWMC4YMFLTE-rpjUOyBziMPp71UQ.js line 2 > eval line 6678 > eval line 1 > eval line 1 > eval, line 1: WEBGL_debug_renderer_info is deprecated in Firefox and will be removed. Please use RENDERER.
JavaScript warning: https://secure-us.imrworldwide.com/v60.js, line 1: Script terminated by timeout at:
NolTracker.prototype.pause@https://secure-us.imrworldwide.com/v60.js:1:23885
NolTracker.prototype.postLinkTrack@https://secure-us.imrworldwide.com/v60.js:1:17653
NolTracker.prototype.linkTrack@https://secure-us.imrworldwide.com/v60.js:1:18191
u.send@https://tags.tiqcdn.com/utag/wsjdn/marketwatch/qa/utag.81.js?utv=ut4.44.202301181941:7:180
sendTag@https://tags.tiqcdn.com/utag/wsjdn/marketwatch/qa/utag.js:81:175
trigger@https://tags.tiqcdn.com/utag/wsjdn/marketwatch/qa/utag.js:82:302
track@https://tags.tiqcdn.com/utag/wsjdn/marketwatch/qa/utag.js:72:395
link@https://tags.tiqcdn.com/utag/wsjdn/marketwatch/qa/utag.js:72:216
MarketWatch.Tracking.makeTrackingCall/<@https://sts3.wsj.net/bucket-a/maggie/dev/static/js/scripts-stg-04274bc9cd.min.js:101:201964

console.warn: LoginRecipes: "Falling back to a synchronous message for: https://sso.int.accounts.dowjones.com."
console.warn: LoginRecipes: "Falling back to a synchronous message for: https://sso.int.accounts.dowjones.com."
JavaScript warning: https://sso.int.accounts.dowjones.com/one_identity_login_pages/login/d48d75c2ba6d10db182f2504be8554b3/js/router.js, line 11: Script terminated by timeout at:
Za@https://sso.int.accounts.dowjones.com/one_identity_login_pages/login/d48d75c2ba6d10db182f2504be8554b3/js/router.js:11:13174
l@https://sso.int.accounts.dowjones.com/one_identity_login_pages/login/d48d75c2ba6d10db182f2504be8554b3/js/router.js:10:12548

JavaScript warning: https://www.s.dev.marketwatch.com/_next/static/chunks/main-7c2c5b4ee7ae4ea0.js, line 1: unreachable code after return statement
JavaScript error: https://cdn.cxense.com/sp1.html#ver=2.8.86&typ=pgv&rnd=m4ttwuf4nhyo6lwc&sid=9222325317970825873&loc=https%3A%2F%2Fwww.s.dev.marketwatch.com%2F&new=0&arf=0&ltm=1734522499846&ref=&tzo=-330&wsz=1280x595&res=1280x720&dpr=1&col=24&bln=en-US&chs=UTF-8&cks=m4ttwutaz156fdof&ckp=m4ttvzmxx8ml5sp4&glb=&eid0=e4cefa22ef027cc0132f0c218da37da39cdb3228234af4df969b5c463592e123&eit0=wsj&cp_userState=anon&cp_testGroup=5&cp_topDomain=marketwatch.com&cp_pwTag=default&cp_pwPlacement=cx-candybar&cp_pwCampaign=116&cp_pwType=free&cp_template=preview&cp_access=free&cp_section=Home%20Page&cp_subscriber=registered&cp_edition=naus&cp_bucket=5&cp_ab_bucket=55&cp_pageContentSource=MarketWatch&cp_pageContentType=Home&cp_pageContentTypeDetai=Home&cp_pageSiteProduct=MW&cp_userTags=BARRONS-SUB&cp_sessionState=ca, line 1: TypeError: cX.loadScript is not a function
JavaScript warning: https://cdn.gbqofs.com/sv/b/detector-bootstrap.min.js, line 0: Successfully compiled asm.js code (total compilation time 2ms)
JavaScript warning: https://pagead2.googlesyndication.com/bg/SdRCl8Z6_WVRBAVhWMC4YMFLTE-rpjUOyBziMPp71UQ.js line 2 > eval line 4602 > eval line 1 > eval line 1 > eval, line 1: WEBGL_debug_renderer_info is deprecated in Firefox and will be removed. Please use RENDERER.
1734522507723	Marionette	INFO	Stopped listening on port 57431
JavaScript warning: https://static.adsafeprotected.com/main.19.8.557.js, line 1: Script terminated by timeout at:
__IASScope.__IntegralASExec["19.8.557"].initialize/Re/getFrames/<@https://static.adsafeprotected.com/main.19.8.557.js:1:54030
e@https://static.adsafeprotected.com/main.19.8.557.js:1:53812
t@https://static.adsafeprotected.com/main.19.8.557.js:1:53930
getFrames@https://static.adsafeprotected.com/main.19.8.557.js:1:54016
__IASScope.__IntegralASExec["19.8.557"].initialize/Ve/send/n<@https://static.adsafeprotected.com/main.19.8.557.js:1:55154
send@https://static.adsafeprotected.com/main.19.8.557.js:1:55167
sendToOtherTags@https://static.adsafeprotected.com/main.19.8.557.js:1:235305

Dynamically enable window occlusion 1
