1738921435565	geckodriver	INFO	Listening on 127.0.0.1:53045
1738921438599	mozrunner::runner	INFO	Running command: "C:\\Program Files\\Mozilla Firefox\\firefox.exe" "--marionette" "--remote-debugging-port" "53046" "--remote-allow-hosts" "localhost" "-no-remote" "-profile" "D:\\Users\\sasikumarj\\AppData\\Local\\Temp\\rust_mozprofile050Y9R"
console.warn: services.settings: Ignoring preference override of remote settings server
console.warn: services.settings: Allow by setting MOZ_REMOTE_SETTINGS_DEVTOOLS=1 in the environment
Dynamically enable window occlusion 0
1738921439222	Marionette	INFO	Marionette enabled
1738921439469	Marionette	INFO	Listening on port 53058
WebDriver BiDi listening on ws://127.0.0.1:53046
Read port: 53058
console.error: Policies: 
  Download failed - ERROR_CORRUPT_FILE - file://C:\Program Files\Snow Software\Inventory\Agent\FFCloudmetering.xpi
1738921439734	RemoteAgent	WARN	TLS certificate errors will be ignored for this session
DevTools listening on ws://127.0.0.1:53046/devtools/browser/13ea8064-aae3-463b-bd09-bda14225dfc2
JavaScript error: https://cdn.cxense.com/sp1.html#ver=2.8.90&typ=pgv&rnd=m6ukxjwkvza8rnlp&sid=1134007940894473081&loc=https%3A%2F%2Fwww.mansionglobal.com%2F&new=1&arf=0&ltm=1738921447178&ref=&tzo=-330&wsz=1280x595&res=1280x720&dpr=1&col=24&bln=en-US&chs=UTF-8&cks=m6ukxjzickxnit3t&ckp=m6ukxjwkld7bjn71&glb=&cp_userState=anon&cp_testGroup=2&cp_topDomain=mansionglobal.com&cp_template=full&cp_access=free&cp_section=Home&cp_subsection=&cp_cms_name=CMS%20Wordpress&cp_subscriber=nonsubscriber&cp_edition=na%252Cus&cp_bucket=7&cp_ab_bucket=67&cp_pageContentSource=Mansion%20Global&cp_pageContentType=Home&cp_pageContentTypeDetai=default&cp_pageSiteProduct=MG&cp_userTags=&cp_sessionState=none, line 1: TypeError: cX.loadScript is not a function
JavaScript warning: https://pagead2.googlesyndication.com/bg/dKsKVnRDvnN7x3_VHBWCXOB1uWbHu1pWqkNfYXa-ZYg.js line 2 > eval line 3171 > eval line 1 > eval line 1 > eval, line 1: WEBGL_debug_renderer_info is deprecated in Firefox and will be removed. Please use RENDERER.
JavaScript warning: https://pagead2.googlesyndication.com/bg/dKsKVnRDvnN7x3_VHBWCXOB1uWbHu1pWqkNfYXa-ZYg.js line 2 > eval line 1462 > eval line 1 > eval line 1 > eval, line 1: WEBGL_debug_renderer_info is deprecated in Firefox and will be removed. Please use RENDERER.
JavaScript warning: https://pagead2.googlesyndication.com/bg/dKsKVnRDvnN7x3_VHBWCXOB1uWbHu1pWqkNfYXa-ZYg.js line 2 > eval line 3581 > eval line 1 > eval line 1 > eval, line 1: WEBGL_debug_renderer_info is deprecated in Firefox and will be removed. Please use RENDERER.
JavaScript warning: https://pagead2.googlesyndication.com/bg/dKsKVnRDvnN7x3_VHBWCXOB1uWbHu1pWqkNfYXa-ZYg.js line 2 > eval line 410 > eval line 1 > eval line 1 > eval, line 1: WEBGL_debug_renderer_info is deprecated in Firefox and will be removed. Please use RENDERER.
JavaScript warning: https://pagead2.googlesyndication.com/bg/dKsKVnRDvnN7x3_VHBWCXOB1uWbHu1pWqkNfYXa-ZYg.js line 2 > eval line 1784 > eval line 1 > eval line 1 > eval, line 1: WEBGL_debug_renderer_info is deprecated in Firefox and will be removed. Please use RENDERER.
JavaScript warning: https://pagead2.googlesyndication.com/bg/dKsKVnRDvnN7x3_VHBWCXOB1uWbHu1pWqkNfYXa-ZYg.js line 2 > eval line 3574 > eval line 1 > eval line 1 > eval, line 1: WEBGL_debug_renderer_info is deprecated in Firefox and will be removed. Please use RENDERER.
JavaScript warning: https://pagead2.googlesyndication.com/bg/dKsKVnRDvnN7x3_VHBWCXOB1uWbHu1pWqkNfYXa-ZYg.js line 2 > eval line 3321 > eval line 1 > eval line 1 > eval, line 1: WEBGL_debug_renderer_info is deprecated in Firefox and will be removed. Please use RENDERER.
1738926799246	Marionette	INFO	Stopped listening on port 53058
Dynamically enable window occlusion 1
!!! error running onStopped callback: TypeError: callback is not a function
JavaScript warning: https://www.google.com/js/th/2Od_BXY8Vjqn5MycIv0XMSA24h9E-qr9j5xv73dxnSQ.js line 2 > eval line 3732 > eval line 1 > eval line 1 > eval, line 1: WEBGL_debug_renderer_info is deprecated in Firefox and will be removed. Please use RENDERER.
