1729834733606	geckodriver	INFO	Listening on 127.0.0.1:58649
1729834736662	mozrunner::runner	INFO	Running command: "C:\\Program Files\\Mozilla Firefox\\firefox.exe" "--marionette" "--remote-debugging-port" "58650" "--remote-allow-hosts" "localhost" "-no-remote" "-profile" "D:\\Users\\sasikumarj\\AppData\\Local\\Temp\\rust_mozprofileFX2QBa"
console.warn: services.settings: Ignoring preference override of remote settings server
console.warn: services.settings: Allow by setting MOZ_REMOTE_SETTINGS_DEVTOOLS=1 in the environment
Dynamically enable window occlusion 0
1729834737380	Marionette	INFO	Marionette enabled
1729834737660	Marionette	INFO	Listening on port 58658
WebDriver BiDi listening on ws://127.0.0.1:58650
Read port: 58658
1729834737910	RemoteAgent	WARN	TLS certificate errors will be ignored for this session
DevTools listening on ws://127.0.0.1:58650/devtools/browser/e4d6b495-92ac-4dde-b5ec-b45dca395c72
console.error: ({})
console.error: ({})
JavaScript error: https://www.barrons.com/asset/dj-watchlist/v1.11.0/p-8e3b6675.entry.js, line 11: TypeError: Error.captureStackTrace is not a function
console.error: ({})
console.error: ({})
JavaScript warning: https://cdn.gbqofs.com/sv/b/detector-bootstrap.min.js, line 0: Successfully compiled asm.js code (total compilation time 4ms)
JavaScript error: , line 0: uncaught exception: undefined
JavaScript warning: https://www.s.dev.barrons.com/_next/static/chunks/main-fc8ea3f3c8e9e983.js, line 6: Script terminated by timeout at:
78018/w/<@https://www.s.dev.barrons.com/_next/static/chunks/main-fc8ea3f3c8e9e983.js:6:16343
t@https://www.s.dev.barrons.com/_next/static/chunks/main-fc8ea3f3c8e9e983.js:6:15839

JavaScript warning: https://www.gstatic.com/_/mss/boq-subscribewithgoogle/_/js/k=boq-subscribewithgoogle.SubscribewithgoogleClientUi.en_US.wn-BM50GziE.es5.O/am=OBgwAw/d=1/excm=_b,_tp,serviceiframeview/ed=1/dg=0/wt=2/ujg=1/rs=ABXTjI6GprX4smCHmWFLvqBt6vGQYZIvfA/m=_b,_tp, line 297: Script terminated by timeout at:
c@https://www.gstatic.com/_/mss/boq-subscribewithgoogle/_/js/k=boq-subscribewithgoogle.SubscribewithgoogleClientUi.en_US.wn-BM50GziE.es5.O/am=OBgwAw/d=1/excm=_b,_tp,serviceiframeview/ed=1/dg=0/wt=2/ujg=1/rs=ABXTjI6GprX4smCHmWFLvqBt6vGQYZIvfA/m=_b,_tp:297:187
b@https://www.gstatic.com/_/mss/boq-subscribewithgoogle/_/js/k=boq-subscribewithgoogle.SubscribewithgoogleClientUi.en_US.wn-BM50GziE.es5.O/am=OBgwAw/d=1/excm=_b,_tp,serviceiframeview/ed=1/dg=0/wt=2/ujg=1/rs=ABXTjI6GprX4smCHmWFLvqBt6vGQYZIvfA/m=_b,_tp:288:48

console.warn: LoginRecipes: "Falling back to a synchronous message for: https://sso.int.accounts.dowjones.com."
console.warn: LoginRecipes: "Falling back to a synchronous message for: https://sso.int.accounts.dowjones.com."
console.warn: LoginRecipes: "Falling back to a synchronous message for: https://sso.int.accounts.dowjones.com."
console.warn: LoginRecipes: "Falling back to a synchronous message for: https://sso.int.accounts.dowjones.com."
JavaScript warning: https://sso.int.accounts.dowjones.com/one_identity_login_pages/login/81d56fb5b0694b7770ec579357b07432/js/vendor.js, line 51: Script terminated by timeout at:
WE@https://sso.int.accounts.dowjones.com/one_identity_login_pages/login/81d56fb5b0694b7770ec579357b07432/js/vendor.js:51:4767
k@https://sso.int.accounts.dowjones.com/one_identity_login_pages/login/81d56fb5b0694b7770ec579357b07432/js/vendor.js:49:13806

JavaScript error: https://cdn.cxense.com/sp1.html#ver=2.8.82&typ=pgv&rnd=m2oaysog1b0lnkk9&sid=9222325317970825875&loc=https%3A%2F%2Fwww.s.dev.barrons.com%2Ffollow%3Falert%3Dnews_alert%26id%3DNewsAlertEmailTechnology&new=1&arf=0&ltm=1729834782644&ref=https%3A%2F%2Fsso.int.accounts.dowjones.com%2F&tzo=-330&wsz=1280x595&res=1280x720&dpr=1&col=24&bln=en-US&chs=UTF-8&cks=m2oayspyirhkiylt&ckp=m2oaysogw5p3mwwd&glb=&eid0=e4cefa22ef027cc0132f0c218da37da39cdb3228234af4df969b5c463592e123&eit0=wsj&cp_userState=anon&cp_testGroup=11&cp_env=staging&cp_topDomain=barrons.com&cp_access=free&cp_section=Follow&cp_subsection=&cp_cms_name=&cp_subscriber=subscriber&cp_edition=naus&cp_bucket=5&cp_ab_bucket=55&cp_pageContentSource=Barrons%20Online&cp_pageContentType=Summaries&cp_pageContentTypeDetai=default&cp_pageSiteProduct=BOL&cp_userTags=BARRONS-SUB&cp_sessionState=ca&cp_u_knownSubscriber=1, line 1: TypeError: cX.loadScript is not a function
JavaScript warning: https://cdn.gbqofs.com/sv/b/detector-bootstrap.min.js, line 0: Successfully compiled asm.js code (total compilation time 75ms)
JavaScript warning: https://cdn.cxense.com/cx.js, line 6: Script terminated by timeout at:
Ai@https://cdn.cxense.com/cx.js:6:48379
eo@https://cdn.cxense.com/cx.js:6:53152
aa@https://cdn.cxense.com/cx.js:6:70471
ua/<@https://cdn.cxense.com/cx.js:6:70932

JavaScript warning: https://fpt.live.com/?session_id=c5b16733fb7f4d3480f02375ad134e80&CustomerId=33e01921-4d64-4f8c-a055-5bdaffd5e33d&PageId=SI, line 5: WEBGL_debug_renderer_info is deprecated in Firefox and will be removed. Please use RENDERER.
console.warn: LoginRecipes: "Falling back to a synchronous message for: https://login.live.com."
console.warn: WindowsJumpLists: "Failed to fetch favicon for " "https://www.barrons.com/" ({})
1729834865508	Marionette	INFO	Stopped listening on port 58658
Dynamically enable window occlusion 1
