1739083830294	geckodriver	INFO	Listening on 127.0.0.1:51346
1739083833349	mozrunner::runner	INFO	Running command: "C:\\Program Files\\Mozilla Firefox\\firefox.exe" "--marionette" "--remote-debugging-port" "51347" "--remote-allow-hosts" "localhost" "-no-remote" "-profile" "D:\\Users\\sasikumarj\\AppData\\Local\\Temp\\rust_mozprofile7K7dya"
console.warn: services.settings: Ignoring preference override of remote settings server
console.warn: services.settings: Allow by setting MOZ_REMOTE_SETTINGS_DEVTOOLS=1 in the environment
Dynamically enable window occlusion 0
1739083833995	Marionette	INFO	Marionette enabled
1739083834243	Marionette	INFO	Listening on port 51361
WebDriver BiDi listening on ws://127.0.0.1:51347
Read port: 51361
console.error: Policies: 
  Download failed - ERROR_CORRUPT_FILE - file://C:\Program Files\Snow Software\Inventory\Agent\FFCloudmetering.xpi
1739083834489	RemoteAgent	WARN	TLS certificate errors will be ignored for this session
DevTools listening on ws://127.0.0.1:51347/devtools/browser/886b277f-7f22-4f50-974b-771b541bd1f1
JavaScript warning: https://www.barrons.com/, line 124: Script terminated by timeout at:
Me/<@https://www.barrons.com/:124:53159
emit@https://www.barrons.com/:124:9618
i@https://www.barrons.com/:124:17892
nrWrapper@https://www.barrons.com/:124:17720
e@https://www.barrons.com/:124:52209
importAggregator@https://www.barrons.com/:124:33189
ot@https://www.barrons.com/:124:57120
run/<@https://www.barrons.com/:124:58579
run@https://www.barrons.com/:124:57976
@https://www.barrons.com/:124:57723
@https://www.barrons.com/:124:57416
@https://www.barrons.com/:124:58954
@https://www.barrons.com/:124:58958

1739083839072	Marionette	INFO	Stopped listening on port 51361
Dynamically enable window occlusion 1
