1735572325313	geckodriver	INFO	Listening on 127.0.0.1:53264
1735572328382	mozrunner::runner	INFO	Running command: "C:\\Program Files\\Mozilla Firefox\\firefox.exe" "--marionette" "--remote-debugging-port" "53265" "--remote-allow-hosts" "localhost" "-no-remote" "-profile" "D:\\Users\\sasikumarj\\AppData\\Local\\Temp\\rust_mozprofileUaegK7"
console.warn: services.settings: Ignoring preference override of remote settings server
console.warn: services.settings: Allow by setting MOZ_REMOTE_SETTINGS_DEVTOOLS=1 in the environment
Dynamically enable window occlusion 0
1735572329154	Marionette	INFO	Marionette enabled
1735572329438	Marionette	INFO	Listening on port 53279
WebDriver BiDi listening on ws://127.0.0.1:53265
Read port: 53279
1735572329588	RemoteAgent	WARN	TLS certificate errors will be ignored for this session
DevTools listening on ws://127.0.0.1:53265/devtools/browser/736cc1f1-5372-4842-a98c-96bf4833729d
JavaScript warning: https://www.wsj.com/election/_next/static/chunks/main-c0569e4635de2e62.js, line 1: unreachable code after return statement
JavaScript error: https://cdn.cxense.com/sp1.html#ver=2.8.87&typ=pgv&rnd=m5b6yl2min0ao4lm&sid=1134002947328204066&loc=https%3A%2F%2Fwww.dev.wsj.com%2F&new=1&arf=0&ltm=1735572341042&ref=&tzo=-330&wsz=1278x497&res=1278x622&dpr=1&col=24&bln=en-US&chs=UTF-8&cks=m5b6yl3xyewy2cby&ckp=m5b6yl2m3krvr048&glb=&cp_userState=anon&cp_testGroup=56&cp_env=staging&cp_topDomain=wsj.com&cp_access=free&cp_section=US%20Home%20Page&cp_subsection=&cp_cms_name=CAPS&cp_subscriber=nonsubscriber&cp_edition=naus&cp_bucket=3&cp_ab_bucket=73&cp_pageContentSource=WSJ%20Online&cp_pageContentType=Home&cp_pageContentTypeDetai=desktopweb&cp_pageSiteProduct=WSJ&cp_userTags=&cp_sessionState=none, line 1: TypeError: cX.loadScript is not a function
JavaScript warning: https://cdn.gbqofs.com/sv/b/detector-bootstrap.min.js, line 0: Successfully compiled asm.js code (total compilation time 146ms)
1735572344612	Marionette	WARN	Ignoring event 'DOMContentLoaded' because document has an invalid readyState of 'complete'.
1735572349017	Marionette	WARN	Ignoring event 'pageshow' because document has an invalid readyState of 'uninitialized'.
JavaScript warning: https://pagead2.googlesyndication.com/bg/jWNzh5sZWPRb1IL5ZdUuRCoB42ZmFYdAoASdLB_GioQ.js line 2 > eval line 6942 > eval line 1 > eval line 1 > eval, line 1: WEBGL_debug_renderer_info is deprecated in Firefox and will be removed. Please use RENDERER.
JavaScript warning: https://ads.pubmatic.com/AdServer/js/user_sync.html?gdpr=0&gdpr_consent=null&us_privacy=&predirect=https%3A%2F%2Fserver.prebid.dianomi.com%2F%2Fsetuid%3Fbidder%3Dpubmatic%26gdpr%3D0%26gdpr_consent%3Dnull%26gpp%3D%26gpp_sid%3D%26f%3Db%26uid%3D, line 1: Script terminated by timeout at:
J@https://ads.pubmatic.com/AdServer/js/user_sync.html?gdpr=0&gdpr_consent=null&us_privacy=&predirect=https%3A%2F%2Fserver.prebid.dianomi.com%2F%2Fsetuid%3Fbidder%3Dpubmatic%26gdpr%3D0%26gdpr_consent%3Dnull%26gpp%3D%26gpp_sid%3D%26f%3Db%26uid%3D:1:13833
t@https://ads.pubmatic.com/AdServer/js/user_sync.html?gdpr=0&gdpr_consent=null&us_privacy=&predirect=https%3A%2F%2Fserver.prebid.dianomi.com%2F%2Fsetuid%3Fbidder%3Dpubmatic%26gdpr%3D0%26gdpr_consent%3Dnull%26gpp%3D%26gpp_sid%3D%26f%3Db%26uid%3D:1:13850
N@https://ads.pubmatic.com/AdServer/js/user_sync.html?gdpr=0&gdpr_consent=null&us_privacy=&predirect=https%3A%2F%2Fserver.prebid.dianomi.com%2F%2Fsetuid%3Fbidder%3Dpubmatic%26gdpr%3D0%26gdpr_consent%3Dnull%26gpp%3D%26gpp_sid%3D%26f%3Db%26uid%3D:1:18318
B@https://ads.pubmatic.com/AdServer/js/user_sync.html?gdpr=0&gdpr_consent=null&us_privacy=&predirect=https%3A%2F%2Fserver.prebid.dianomi.com%2F%2Fsetuid%3Fbidder%3Dpubmatic%26gdpr%3D0%26gdpr_consent%3Dnull%26gpp%3D%26gpp_sid%3D%26f%3Db%26uid%3D:1:15082

JavaScript warning: https://gum.criteo.com/syncframe?origin=criteoPrebidAdapter&topUrl=www.dev.wsj.com&us_privacy=1---&gpp=#{%22cw%22:true,%22lsw%22:true,%22origin%22:%22criteoPrebidAdapter%22,%22requestId%22:%220.3560588119821587%22,%22tld%22:%22www.dev.wsj.com%22,%22topUrl%22:%22www.dev.wsj.com%22,%22version%22:%229_12_0%22}, line 13: Script terminated by timeout at:
r.prototype.flushEventQueue@https://gum.criteo.com/syncframe?origin=criteoPrebidAdapter&topUrl=www.dev.wsj.com&us_privacy=1---&gpp=#{%22cw%22:true,%22lsw%22:true,%22origin%22:%22criteoPrebidAdapter%22,%22requestId%22:%220.3560588119821587%22,%22tld%22:%22www.dev.wsj.com%22,%22topUrl%22:%22www.dev.wsj.com%22,%22version%22:%229_12_0%22}:13:3137
r/<@https://gum.criteo.com/syncframe?origin=criteoPrebidAdapter&topUrl=www.dev.wsj.com&us_privacy=1---&gpp=#{%22cw%22:true,%22lsw%22:true,%22origin%22:%22criteoPrebidAdapter%22,%22requestId%22:%220.3560588119821587%22,%22tld%22:%22www.dev.wsj.com%22,%22topUrl%22:%22www.dev.wsj.com%22,%22version%22:%229_12_0%22}:13:3642

JavaScript warning: https://imasdk.googleapis.com/js/core/bridge3.679.0_en.html#goog_1467801075, line 444: Script terminated by timeout at:
LB@https://imasdk.googleapis.com/js/core/bridge3.679.0_en.html#goog_1467801075:444:310
PB/this.aa@https://imasdk.googleapis.com/js/core/bridge3.679.0_en.html#goog_1467801075:442:29

JavaScript error: https://news.google.com/swg/js/v1/swg.js, line 17: Error: XHR Failed fetching (https://news.google.com/...): (Note: a CORS error above may indicate that this publisher or domain is not configured in Publisher Center. The CORS error happens because 4xx responses do not set CORS headers.)

TypeError: NetworkError when attempting to fetch resource.
JavaScript error: , line 0: uncaught exception: Object
JavaScript error: https://news.google.com/swg/js/v1/swg.js, line 17: Error: Error: not allowed
JavaScript warning: https://cdn.gbqofs.com/sv/b/detector-bootstrap.min.js, line 0: Successfully compiled asm.js code (total compilation time 3ms)
console.warn: WindowsJumpLists: "Failed to fetch favicon for " "https://www.dev.wsj.com/articles/twitter-elon-musk-to-argue-over-trial-timetable-to-force-44-billion-takeover-11658223001?cx_testId=3&cx_testVariant=cx_5&cx_artPos=6&mod=WTRN#cxrecs_s" ({})
console.warn: WindowsJumpLists: "Failed to fetch favicon for " "https://www.dev.wsj.com/" ({})
console.warn: WindowsJumpLists: "Failed to fetch favicon for " "https://www.dev.wsj.com/articles/twitter-elon-musk-to-argue-over-trial-timetable-to-force-44-billion-takeover-11658223001?cx_testId=3&cx_testVariant=cx_5&cx_artPos=6&mod=WTRN#cxrecs_s" ({})
console.warn: WindowsJumpLists: "Failed to fetch favicon for " "https://www.dev.wsj.com/" ({})
console.warn: WindowsJumpLists: "Failed to fetch favicon for " "https://www.dev.wsj.com/articles/twitter-elon-musk-to-argue-over-trial-timetable-to-force-44-billion-takeover-11658223001?cx_testId=3&cx_testVariant=cx_5&cx_artPos=6&mod=WTRN#cxrecs_s" ({})
console.warn: WindowsJumpLists: "Failed to fetch favicon for " "https://www.dev.wsj.com/" ({})
console.warn: WindowsJumpLists: "Failed to fetch favicon for " "https://www.dev.wsj.com/articles/twitter-elon-musk-to-argue-over-trial-timetable-to-force-44-billion-takeover-11658223001?cx_testId=3&cx_testVariant=cx_5&cx_artPos=6&mod=WTRN#cxrecs_s" ({})
console.warn: WindowsJumpLists: "Failed to fetch favicon for " "https://www.dev.wsj.com/" ({})
console.warn: WindowsJumpLists: "Failed to fetch favicon for " "https://www.dev.wsj.com/articles/twitter-elon-musk-to-argue-over-trial-timetable-to-force-44-billion-takeover-11658223001?cx_testId=3&cx_testVariant=cx_5&cx_artPos=6&mod=WTRN#cxrecs_s" ({})
console.warn: WindowsJumpLists: "Failed to fetch favicon for " "https://www.dev.wsj.com/" ({})
JavaScript error: https://www.wsj.com/static_html_files/bluegrass/2.2.119/bluegrass2.min.js, line 1: TypeError: e.xhrFields is undefined
JavaScript warning: https://www.googletagmanager.com/gtag/js?id=G-GJ5S1GJYKT, line 189: Script terminated by timeout at:
ya@https://www.googletagmanager.com/gtag/js?id=G-GJ5S1GJYKT:189:51
h.invoke@https://www.googletagmanager.com/gtag/js?id=G-GJ5S1GJYKT:230:358
Ja@https://www.googletagmanager.com/gtag/js?id=G-GJ5S1GJYKT:196:668
Ia@https://www.googletagmanager.com/gtag/js?id=G-GJ5S1GJYKT:196:428
Id/<@https://www.googletagmanager.com/gtag/js?id=G-GJ5S1GJYKT:252:487
h.invoke@https://www.googletagmanager.com/gtag/js?id=G-GJ5S1GJYKT:230:314
Ja@https://www.googletagmanager.com/gtag/js?id=G-GJ5S1GJYKT:196:668
Xc.prototype.evaluate@https://www.googletagmanager.com/gtag/js?id=G-GJ5S1GJYKT:231:329
rd@https://www.googletagmanager.com/gtag/js?id=G-GJ5S1GJYKT:245:351
h.invoke@https://www.googletagmanager.com/gtag/js?id=G-GJ5S1GJYKT:230:314
Ja@https://www.googletagmanager.com/gtag/js?id=G-GJ5S1GJYKT:196:668
Ia@https://www.googletagmanager.com/gtag/js?id=G-GJ5S1GJYKT:196:428
od@https://www.googletagmanager.com/gtag/js?id=G-GJ5S1GJYKT:245:60
h.invoke@https://www.googletagmanager.com/gtag/js?id=G-GJ5S1GJYKT:230:314
Ja@https://www.googletagmanager.com/gtag/js?id=G-GJ5S1GJYKT:196:668
Ia@https://www.googletagmanager.com/gtag/js?id=G-GJ5S1GJYKT:196:428
yd@https://www.googletagmanager.com/gtag/js?id=G-GJ5S1GJYKT:247:63
Ed@https://www.googletagmanager.com/gtag/js?id=G-GJ5S1GJYKT:250:137
Fd@https://www.googletagmanager.com/gtag/js?id=G-GJ5S1GJYKT:249:234
h.invoke@https://www.googletagmanager.com/gtag/js?id=G-GJ5S1GJYKT:230:314
Ja@https://www.googletagmanager.com/gtag/js?id=G-GJ5S1GJYKT:196:668
Ia@https://www.googletagmanager.com/gtag/js?id=G-GJ5S1GJYKT:196:428
od@https://www.googletagmanager.com/gtag/js?id=G-GJ5S1GJYKT:245:60
h.invoke@https://www.googletagmanager.com/gtag/js?id=G-GJ5S1GJYKT:230:314
Ja@https://www.googletagmanager.com/gtag/js?id=G-GJ5S1GJYKT:196:668
Ia@https://www.googletagmanager.com/gtag/js?id=G-GJ5S1GJYKT:196:428
Qd@https://www.googletagmanager.com/gtag/js?id=G-GJ5S1GJYKT:255:334
h.invoke@https://www.googletagmanager.com/gtag/js?id=G-GJ5S1GJYKT:230:314
Ja@https://www.googletagmanager.com/gtag/js?id=G-GJ5S1GJYKT:196:668
Ia@https://www.googletagmanager.com/gtag/js?id=G-GJ5S1GJYKT:196:428
Id/<@https://www.googletagmanager.com/gtag/js?id=G-GJ5S1GJYKT:252:487
h.invoke@https://www.googletagmanager.com/gtag/js?id=G-GJ5S1GJYKT:230:314
RJ/<@https://www.googletagmanager.com/gtag/js?id=G-GJ5S1GJYKT:829:721
Ks@https://www.googletagmanager.com/gtag/js?id=G-GJ5S1GJYKT:518:242
h.kn@https://www.googletagmanager.com/gtag/js?id=G-GJ5S1GJYKT:799:271
h.jn/</<@https://www.googletagmanager.com/gtag/js?id=G-GJ5S1GJYKT:797:31
el@https://www.googletagmanager.com/gtag/js?id=G-GJ5S1GJYKT:388:151
El@https://www.googletagmanager.com/gtag/js?id=G-GJ5S1GJYKT:393:434
h.jn/<@https://www.googletagmanager.com/gtag/js?id=G-GJ5S1GJYKT:797:17
c@https://www.googletagmanager.com/gtag/js?id=G-GJ5S1GJYKT:551:464
Eu@https://www.googletagmanager.com/gtag/js?id=G-GJ5S1GJYKT:552:282
h.jn@https://www.googletagmanager.com/gtag/js?id=G-GJ5S1GJYKT:797:3
c@https://www.googletagmanager.com/gtag/js?id=G-GJ5S1GJYKT:812:881
fn@https://www.googletagmanager.com/gtag/js?id=G-GJ5S1GJYKT:409:28
en.prototype.flush@https://www.googletagmanager.com/gtag/js?id=G-GJ5S1GJYKT:411:337
en.prototype.push@https://www.googletagmanager.com/gtag/js?id=G-GJ5S1GJYKT:409:431
Ym@https://www.googletagmanager.com/gtag/js?id=G-GJ5S1GJYKT:406:766
eJ/<@https://www.googletagmanager.com/gtag/js?id=G-GJ5S1GJYKT:813:187
h.Bl/<@https://www.googletagmanager.com/gtag/js?id=G-GJ5S1GJYKT:753:126
h.Bl/c/<@https://www.googletagmanager.com/gtag/js?id=G-GJ5S1GJYKT:752:418

1735623269162	Marionette	INFO	Stopped listening on port 53279
Dynamically enable window occlusion 1
!!! error running onStopped callback: TypeError: callback is not a function
