1737530764008	geckodriver	INFO	Listening on 127.0.0.1:60328
1737530767069	mozrunner::runner	INFO	Running command: "C:\\Program Files\\Mozilla Firefox\\firefox.exe" "--marionette" "--remote-debugging-port" "60329" "--remote-allow-hosts" "localhost" "-no-remote" "-profile" "D:\\Users\\sasikumarj\\AppData\\Local\\Temp\\rust_mozprofilegwkcwq"
console.warn: services.settings: Ignoring preference override of remote settings server
console.warn: services.settings: Allow by setting MOZ_REMOTE_SETTINGS_DEVTOOLS=1 in the environment
Dynamically enable window occlusion 0
1737530767684	Marionette	INFO	Marionette enabled
1737530767943	Marionette	INFO	Listening on port 60336
WebDriver BiDi listening on ws://127.0.0.1:60329
Read port: 60336
console.error: Policies: 
  Download failed - ERROR_CORRUPT_FILE - file://C:\Program Files\Snow Software\Inventory\Agent\FFCloudmetering.xpi
1737530768186	RemoteAgent	WARN	TLS certificate errors will be ignored for this session
DevTools listening on ws://127.0.0.1:60329/devtools/browser/9cf246b6-4fa2-45aa-a816-a739f5eb721a
JavaScript error: https://apis.google.com/_/scs/abc-static/_/js/k=gapi.lb.en.c7IW0XjGNLo.O/m=ytsubscribe/rt=j/sv=1/d=1/ed=1/rs=AHpOoo-Pnv19S754SwCIXxtDPoCyirYRIQ/cb=gapi.loaded_0?le=scs, line 319: TypeError: xga.loa is not a constructor
JavaScript error: , line 0: TypeError: NetworkError when attempting to fetch resource.
JavaScript error: , line 0: AbortError: The operation was aborted. 
JavaScript warning: https://interactives.ap.org/election-results/assets/2024-11-05/__cdn__/js/9044.1e6b60417f1c382cc691.js, line 1: Script terminated by timeout at:
u@https://interactives.ap.org/election-results/assets/2024-11-05/__cdn__/js/9044.1e6b60417f1c382cc691.js:1:16400
a@https://interactives.ap.org/election-results/assets/2024-11-05/__cdn__/js/9044.1e6b60417f1c382cc691.js:1:16515
Polygon@https://interactives.ap.org/election-results/assets/2024-11-05/__cdn__/js/9044.1e6b60417f1c382cc691.js:1:16145
i@https://interactives.ap.org/election-results/assets/2024-11-05/__cdn__/js/9044.1e6b60417f1c382cc691.js:1:15618
FeatureCollection@https://interactives.ap.org/election-results/assets/2024-11-05/__cdn__/js/9044.1e6b60417f1c382cc691.js:1:15764
l@https://interactives.ap.org/election-results/assets/2024-11-05/__cdn__/js/9044.1e6b60417f1c382cc691.js:1:16594
v@https://interactives.ap.org/election-results/assets/2024-11-05/__cdn__/js/9044.1e6b60417f1c382cc691.js:1:13704
y@https://interactives.ap.org/election-results/assets/2024-11-05/__cdn__/js/9044.1e6b60417f1c382cc691.js:1:13790
54236/_/x.fitSize/<@https://interactives.ap.org/election-results/assets/2024-11-05/__cdn__/js/9044.1e6b60417f1c382cc691.js:1:15137
54236/_/x.fitSize@https://interactives.ap.org/election-results/assets/2024-11-05/__cdn__/js/9044.1e6b60417f1c382cc691.js:1:15154
y@https://interactives.ap.org/election-results/assets/2024-11-05/__cdn__/js/1885.917ba08be1befd7f0bef.js:1:15922
re@https://interactives.ap.org/election-results/assets/2024-11-05/__cdn__/js/1885.917ba08be1befd7f0bef.js:1:15943
41885/KC/fe<@https://interactives.ap.org/election-results/assets/2024-11-05/__cdn__/js/1885.917ba08be1befd7f0bef.js:1:61434
Hi@https://interactives.ap.org/election-results/assets/microsite/layoutClient.js:2:154107
15287/t.useMemo@https://interactives.ap.org/election-results/assets/microsite/layoutClient.js:2:237372
KC@https://interactives.ap.org/election-results/assets/2024-11-05/__cdn__/js/1885.917ba08be1befd7f0bef.js:1:61404
yi@https://interactives.ap.org/election-results/assets/microsite/layoutClient.js:2:149731
_u@https://interactives.ap.org/election-results/assets/microsite/layoutClient.js:2:163782
kl@https://interactives.ap.org/election-results/assets/microsite/layoutClient.js:2:209567
bs@https://interactives.ap.org/election-results/assets/microsite/layoutClient.js:2:197950
ms@https://interactives.ap.org/election-results/assets/microsite/layoutClient.js:2:197878
ys@https://interactives.ap.org/election-results/assets/microsite/layoutClient.js:2:197739
os@https://interactives.ap.org/election-results/assets/microsite/layoutClient.js:2:192902
x@https://interactives.ap.org/election-results/assets/microsite/layoutClient.js:2:239204
T@https://interactives.ap.org/election-results/assets/microsite/layoutClient.js:2:239735

JavaScript warning: https://djcs-multi-region-assets-ohio.s3.us-east-2.amazonaws.com/dj-ufc/asset/dj-ufc/qa/v1.34.1-beta.6/p-5a49cb7f.js, line 1: Script terminated by timeout at:
W@https://djcs-multi-region-assets-ohio.s3.us-east-2.amazonaws.com/dj-ufc/asset/dj-ufc/qa/v1.34.1-beta.6/p-5a49cb7f.js:1:3774
N@https://djcs-multi-region-assets-ohio.s3.us-east-2.amazonaws.com/dj-ufc/asset/dj-ufc/qa/v1.34.1-beta.6/p-5a49cb7f.js:1:3593
D@https://djcs-multi-region-assets-ohio.s3.us-east-2.amazonaws.com/dj-ufc/asset/dj-ufc/qa/v1.34.1-beta.6/p-5a49cb7f.js:1:4552
Y/<@https://djcs-multi-region-assets-ohio.s3.us-east-2.amazonaws.com/dj-ufc/asset/dj-ufc/qa/v1.34.1-beta.6/p-5a49cb7f.js:1:7071
Y@https://djcs-multi-region-assets-ohio.s3.us-east-2.amazonaws.com/dj-ufc/asset/dj-ufc/qa/v1.34.1-beta.6/p-5a49cb7f.js:1:7662
X@https://djcs-multi-region-assets-ohio.s3.us-east-2.amazonaws.com/dj-ufc/asset/dj-ufc/qa/v1.34.1-beta.6/p-5a49cb7f.js:1:6654
Q/<@https://djcs-multi-region-assets-ohio.s3.us-east-2.amazonaws.com/dj-ufc/asset/dj-ufc/qa/v1.34.1-beta.6/p-5a49cb7f.js:1:6097
ne@https://djcs-multi-region-assets-ohio.s3.us-east-2.amazonaws.com/dj-ufc/asset/dj-ufc/qa/v1.34.1-beta.6/p-5a49cb7f.js:1:8066
Q@https://djcs-multi-region-assets-ohio.s3.us-east-2.amazonaws.com/dj-ufc/asset/dj-ufc/qa/v1.34.1-beta.6/p-5a49cb7f.js:1:6086
K/<@https://djcs-multi-region-assets-ohio.s3.us-east-2.amazonaws.com/dj-ufc/asset/dj-ufc/qa/v1.34.1-beta.6/p-5a49cb7f.js:1:5945
Se@https://djcs-multi-region-assets-ohio.s3.us-east-2.amazonaws.com/dj-ufc/asset/dj-ufc/qa/v1.34.1-beta.6/p-5a49cb7f.js:1:11812
je@https://djcs-multi-region-assets-ohio.s3.us-east-2.amazonaws.com/dj-ufc/asset/dj-ufc/qa/v1.34.1-beta.6/p-5a49cb7f.js:1:11874

JavaScript warning: https://fpt.live.com/?session_id=580f5c8c662b4a7cb0547557279569f8&CustomerId=33e01921-4d64-4f8c-a055-5bdaffd5e33d&PageId=SI, line 5: WEBGL_debug_renderer_info is deprecated in Firefox and will be removed. Please use RENDERER.
console.warn: LoginRecipes: "Falling back to a synchronous message for: https://login.live.com."
console.warn: LoginRecipes: "Falling back to a synchronous message for: https://login.live.com."
console.error: ({})
1737530783854	Marionette	WARN	Ignoring event 'DOMContentLoaded' because document has an invalid readyState of 'complete'.
JavaScript warning: https://res-1.cdn.office.net/midgard/versionless/livepersonacard_without-react_ccd89bb2af441dc52095.js, line 2: unreachable code after return statement
JavaScript warning: https://cdn.adnxs.com/v/s/247/trk.js, line 334: Script terminated by timeout at:
cf@https://cdn.adnxs.com/v/s/247/trk.js:334:84
_e@https://cdn.adnxs.com/v/s/247/trk.js:513:127
mi@https://cdn.adnxs.com/v/s/247/trk.js:557:831
gi@https://cdn.adnxs.com/v/s/247/trk.js:139:30
Kh@https://cdn.adnxs.com/v/s/247/trk.js:521:194
Uh@https://cdn.adnxs.com/v/s/247/trk.js:365:60
Cc@https://cdn.adnxs.com/v/s/247/trk.js:449:76
_.B@https://cdn.adnxs.com/v/s/247/trk.js:560:3303
_.C@https://cdn.adnxs.com/v/s/247/trk.js:560:1376
md/<@https://cdn.adnxs.com/v/s/247/trk.js:560:5629

JavaScript warning: https://pagead2.googlesyndication.com/pagead/managed/js/activeview/current/ufs_web_display.js, line 49: Script terminated by timeout at:
Xa@https://pagead2.googlesyndication.com/pagead/managed/js/activeview/current/ufs_web_display.js:49:302
Ua.prototype.flush@https://pagead2.googlesyndication.com/pagead/managed/js/activeview/current/ufs_web_display.js:49:127
Wa@https://pagead2.googlesyndication.com/pagead/managed/js/activeview/current/ufs_web_display.js:48:483
ih/c/</<@https://pagead2.googlesyndication.com/pagead/managed/js/activeview/current/ufs_web_display.js:131:292
uc.prototype.next@https://pagead2.googlesyndication.com/pagead/managed/js/activeview/current/ufs_web_display.js:81:218
n.Fd@https://pagead2.googlesyndication.com/pagead/managed/js/activeview/current/ufs_web_display.js:80:756
n.next@https://pagead2.googlesyndication.com/pagead/managed/js/activeview/current/ufs_web_display.js:80:523
qg/</</</<@https://pagead2.googlesyndication.com/pagead/managed/js/activeview/current/ufs_web_display.js:121:515
Sa.prototype.Ub/<@https://pagead2.googlesyndication.com/pagead/managed/js/activeview/current/ufs_web_display.js:48:315
qg/</</<@https://pagead2.googlesyndication.com/pagead/managed/js/activeview/current/ufs_web_display.js:121:524
uc.prototype.next@https://pagead2.googlesyndication.com/pagead/managed/js/activeview/current/ufs_web_display.js:81:218
n.Fd@https://pagead2.googlesyndication.com/pagead/managed/js/activeview/current/ufs_web_display.js:80:756
n.next@https://pagead2.googlesyndication.com/pagead/managed/js/activeview/current/ufs_web_display.js:80:523
qg/</</</<@https://pagead2.googlesyndication.com/pagead/managed/js/activeview/current/ufs_web_display.js:121:515
Sa.prototype.Ub/<@https://pagead2.googlesyndication.com/pagead/managed/js/activeview/current/ufs_web_display.js:48:315
qg/</</<@https://pagead2.googlesyndication.com/pagead/managed/js/activeview/current/ufs_web_display.js:121:524
uc.prototype.next@https://pagead2.googlesyndication.com/pagead/managed/js/activeview/current/ufs_web_display.js:81:218
n.Fd@https://pagead2.googlesyndication.com/pagead/managed/js/activeview/current/ufs_web_display.js:80:756
n.next@https://pagead2.googlesyndication.com/pagead/managed/js/activeview/current/ufs_web_display.js:80:523
h@https://pagead2.googlesyndication.com/pagead/managed/js/activeview/current/ufs_web_display.js:93:477

JavaScript warning: https://pagead2.googlesyndication.com/bg/xhloPt0V3HYDZqxMOCNqLI9Qa0-bNWhyd5ULBccPyWM.js line 2 > eval line 7829 > eval line 1 > eval line 1 > eval, line 1: WEBGL_debug_renderer_info is deprecated in Firefox and will be removed. Please use RENDERER.
JavaScript warning: https://s0.2mdn.net/879366/express_html_inpage_rendering_lib_200_281.js, line 24: Script terminated by timeout at:
A@https://s0.2mdn.net/879366/express_html_inpage_rendering_lib_200_281.js:24:19
rk@https://s0.2mdn.net/879366/express_html_inpage_rendering_lib_200_281.js:143:370
tk@https://s0.2mdn.net/879366/express_html_inpage_rendering_lib_200_281.js:144:39
h.ba@https://s0.2mdn.net/879366/express_html_inpage_rendering_lib_200_281.js:145:1651
gf@https://s0.2mdn.net/879366/express_html_inpage_rendering_lib_200_281.js:58:306
b@https://s0.2mdn.net/879366/express_html_inpage_rendering_lib_200_281.js:56:297

JavaScript warning: https://pagead2.googlesyndication.com/bg/xhloPt0V3HYDZqxMOCNqLI9Qa0-bNWhyd5ULBccPyWM.js line 2 > eval line 2112 > eval line 1 > eval line 1 > eval, line 1: WEBGL_debug_renderer_info is deprecated in Firefox and will be removed. Please use RENDERER.
1737530843151	Marionette	INFO	Stopped listening on port 60336
JavaScript warning: https://res.public.onecdn.static.microsoft/owamail/hashed-v1/scripts/owa.5232.m.d529f0e1.js, line 1: Script terminated by timeout at:
getSessionData@https://res.public.onecdn.static.microsoft/owamail/hashed-v1/scripts/owa.5232.m.d529f0e1.js:1:11390
log@https://res.public.onecdn.static.microsoft/owamail/hashed-v1/scripts/owa.5232.m.d529f0e1.js:1:9675
trackCustomEvent@https://res.public.onecdn.static.microsoft/owamail/hashed-v1/scripts/owa.5232.m.d529f0e1.js:1:14348
386666/</a0/<@https://res.public.onecdn.static.microsoft/owamail/hashed-v1/scripts/owa.5232.m.d529f0e1.js:1:117151
386666/</a0/<@https://res.public.onecdn.static.microsoft/owamail/hashed-v1/scripts/owa.5232.m.d529f0e1.js:1:115878
a0@https://res.public.onecdn.static.microsoft/owamail/hashed-v1/scripts/owa.5232.m.d529f0e1.js:1:117350
386666/</a2/<@https://res.public.onecdn.static.microsoft/owamail/hashed-v1/scripts/owa.5232.m.d529f0e1.js:1:118605
a2@https://res.public.onecdn.static.microsoft/owamail/hashed-v1/scripts/owa.5232.m.d529f0e1.js:1:119533
386666/</a3/</<@https://res.public.onecdn.static.microsoft/owamail/hashed-v1/scripts/owa.5232.m.d529f0e1.js:1:120029
aK@https://res.public.onecdn.static.microsoft/owamail/hashed-v1/scripts/owa.5232.m.d529f0e1.js:1:114782
386666/</a3/<@https://res.public.onecdn.static.microsoft/owamail/hashed-v1/scripts/owa.5232.m.d529f0e1.js:1:119773
er@https://res.public.onecdn.static.microsoft/owamail/hashed-v1/scripts/owa.5232.m.d529f0e1.js:1:31552
a3@https://res.public.onecdn.static.microsoft/owamail/hashed-v1/scripts/owa.5232.m.d529f0e1.js:1:119573
a5@https://res.public.onecdn.static.microsoft/owamail/hashed-v1/scripts/owa.5232.m.d529f0e1.js:1:120475
386666/</a4/<@https://res.public.onecdn.static.microsoft/owamail/hashed-v1/scripts/owa.5232.m.d529f0e1.js:1:120728
i@https://res.public.onecdn.static.microsoft/owamail/hashed-v1/scripts/owa.5232.m.d529f0e1.js:1:91759
r@https://res.public.onecdn.static.microsoft/owamail/hashed-v1/scripts/owa.5232.m.d529f0e1.js:1:91678
386666/</aI/<@https://res.public.onecdn.static.microsoft/owamail/hashed-v1/scripts/owa.5232.m.d529f0e1.js:1:92577
aI@https://res.public.onecdn.static.microsoft/owamail/hashed-v1/scripts/owa.5232.m.d529f0e1.js:1:96300
a4@https://res.public.onecdn.static.microsoft/owamail/hashed-v1/scripts/owa.5232.m.d529f0e1.js:1:120687
a9@https://res.public.onecdn.static.microsoft/owamail/hashed-v1/scripts/owa.5232.m.d529f0e1.js:1:121885
386666/</rr.refresh@https://res.public.onecdn.static.microsoft/owamail/hashed-v1/scripts/owa.5232.m.d529f0e1.js:1:127381
62167/refresh/<@https://res.public.onecdn.static.microsoft/owamail/hashed-v1/scripts/owa.62167.m.655fb7c2.js:1:12019
386666/</rr.anq.push@https://res.public.onecdn.static.microsoft/owamail/hashed-v1/scripts/owa.5232.m.d529f0e1.js:1:124039
refresh@https://res.public.onecdn.static.microsoft/owamail/hashed-v1/scripts/owa.62167.m.655fb7c2.js:1:11809
62167/et/ee</<@https://res.public.onecdn.static.microsoft/owamail/hashed-v1/scripts/owa.62167.m.655fb7c2.js:1:13872
62167/et/ee<@https://res.public.onecdn.static.microsoft/owamail/hashed-v1/scripts/owa.62167.m.655fb7c2.js:1:13912

Dynamically enable window occlusion 1
JavaScript error: , line 0: NetworkError: AutoCancel
JavaScript error: , line 0: AbortError: The operation was aborted. 
