1738291208978	geckodriver	INFO	Listening on 127.0.0.1:53803
1738291212026	mozrunner::runner	INFO	Running command: "C:\\Program Files\\Mozilla Firefox\\firefox.exe" "--marionette" "--remote-debugging-port" "53804" "--remote-allow-hosts" "localhost" "-no-remote" "-profile" "D:\\Users\\sasikumarj\\AppData\\Local\\Temp\\rust_mozprofile2OZ0V0"
console.warn: services.settings: Ignoring preference override of remote settings server
console.warn: services.settings: Allow by setting MOZ_REMOTE_SETTINGS_DEVTOOLS=1 in the environment
Dynamically enable window occlusion 0
1738291212610	Marionette	INFO	Marionette enabled
1738291212864	Marionette	INFO	Listening on port 53815
WebDriver BiDi listening on ws://127.0.0.1:53804
Read port: 53815
console.error: Policies: 
  Download failed - ERROR_CORRUPT_FILE - file://C:\Program Files\Snow Software\Inventory\Agent\FFCloudmetering.xpi
1738291213100	RemoteAgent	WARN	TLS certificate errors will be ignored for this session
DevTools listening on ws://127.0.0.1:53804/devtools/browser/535a44c6-f178-44d0-8c27-c64c377c75f9
JavaScript error: https://cdn.cxense.com/sp1.html#ver=2.8.90&typ=pgv&rnd=m6k5pl1mf8qhffyt&sid=1138573015853471556&loc=https%3A%2F%2Fwww.dev.marketwatch.com%2F&new=1&arf=0&ltm=1738291219429&ref=&tzo=-330&wsz=1280x595&res=1280x720&dpr=1&col=24&bln=en-US&chs=UTF-8&cks=m6k5pl5cy02djs7x&ckp=m6k5pl1mt0o4zu9o&glb=&cp_userState=anon&cp_testGroup=59&cp_env=staging&cp_topDomain=marketwatch.com&cp_template=full&cp_access=free&cp_section=Home%20Page&cp_cms_name=Peavey&cp_subscriber=nonsubscriber&cp_edition=naus&cp_bucket=4&cp_ab_bucket=14&cp_pageContentSource=MarketWatch&cp_pageContentType=Home&cp_pageContentTypeDetai=default&cp_pageSiteProduct=MW&cp_userTags=&cp_sessionState=none, line 1: TypeError: cX.loadScript is not a function
JavaScript warning: https://cdn.gbqofs.com/sv/b/detector-bootstrap.min.js, line 0: Successfully compiled asm.js code (total compilation time 42ms)
JavaScript warning: https://pagead2.googlesyndication.com/bg/f89w5pQmj55lM9pppFafBIlbrgB1IQ820KqNheYv9Co.js line 2 > eval line 6998 > eval line 1 > eval line 1 > eval, line 1: WEBGL_debug_renderer_info is deprecated in Firefox and will be removed. Please use RENDERER.
JavaScript warning: https://pagead2.googlesyndication.com/bg/f89w5pQmj55lM9pppFafBIlbrgB1IQ820KqNheYv9Co.js line 2 > eval line 11 > eval line 1 > eval line 1 > eval, line 1: WEBGL_debug_renderer_info is deprecated in Firefox and will be removed. Please use RENDERER.
JavaScript error: https://www.dianomi.com/smartads.epl?id=9823&numAds=4&cf=220.1295.mwhomep&url=https%3A%2F%2Fwww.dev.marketwatch.com%2F&unitId=dianomi-9823-Z5w4FHZiySFXvmeNTXkgAgAAAAY0&responsiveHeight=1&contextfeedFrameId=1295-818&gdpr_consent=null&gdpr=null&canServeAds=true&canCookie=true&partner_tcf_status=2.0&partnerTcfStatus=2.0, line 138: NS_ERROR_UNEXPECTED: 
JavaScript error: https://www.dianomi.com/smartads.epl?id=9828&numAds=4&cf=220.1299.MWhome&url=https%3A%2F%2Fwww.dev.marketwatch.com%2F&unitId=dianomi-9828-Z5w4FIztTeuCzAwTNL3_IgAAAAc0&responsiveHeight=1&contextfeedFrameId=1299-275&gdpr_consent=null&gdpr=null&canServeAds=true&canCookie=true&partner_tcf_status=2.0&partnerTcfStatus=2.0, line 134: NS_ERROR_UNEXPECTED: 
JavaScript warning: https://cdn.gbqofs.com/sv/b/detector-bootstrap.min.js, line 0: Successfully compiled asm.js code (total compilation time 2ms)
1738291233237	Marionette	WARN	Ignoring event 'pageshow' because document has an invalid readyState of 'uninitialized'.
JavaScript warning: https://pagead2.googlesyndication.com/bg/f89w5pQmj55lM9pppFafBIlbrgB1IQ820KqNheYv9Co.js line 2 > eval line 3382 > eval line 1 > eval line 1 > eval, line 1: WEBGL_debug_renderer_info is deprecated in Firefox and will be removed. Please use RENDERER.
JavaScript error: https://cdn.cxense.com/sp1.html#ver=2.8.90&typ=pgv&rnd=m6k5pzu5vqlttmdp&sid=1138573015853471556&loc=https%3A%2F%2Fwww.stg.marketwatch.com%2Fwelcome-watchlist&new=0&arf=0&ltm=1738291238582&ref=&tzo=-330&wsz=1280x595&res=1280x720&dpr=1&col=24&bln=en-US&chs=UTF-8&cks=m6k5pzuvdvzv8l13&ckp=m6k5pl1mt0o4zu9o&glb=&cp_userState=anon&cp_testGroup=59&cp_env=staging&cp_topDomain=marketwatch.com&cp_template=full&cp_access=free&cp_section=Welcome%20Watchlist&cp_cms_name=Peavey&cp_subscriber=nonsubscriber&cp_edition=naus&cp_bucket=4&cp_ab_bucket=14&cp_pageContentSource=MarketWatch&cp_pageContentType=Summaries&cp_pageContentTypeDetai=default&cp_pageSiteProduct=MW&cp_userTags=&cp_sessionState=none, line 1: TypeError: cX.loadScript is not a function
JavaScript warning: https://cdn.gbqofs.com/sv/b/detector-bootstrap.min.js, line 0: Successfully compiled asm.js code (total compilation time 2ms)
1738291241111	Marionette	INFO	Stopped listening on port 53815
Dynamically enable window occlusion 1
