1738927925657	geckodriver	INFO	Listening on 127.0.0.1:59979
1738927928710	mozrunner::runner	INFO	Running command: "C:\\Program Files\\Mozilla Firefox\\firefox.exe" "--marionette" "--remote-debugging-port" "59980" "--remote-allow-hosts" "localhost" "-no-remote" "-profile" "D:\\Users\\sasikumarj\\AppData\\Local\\Temp\\rust_mozprofilenLwZF1"
console.warn: services.settings: Ignoring preference override of remote settings server
console.warn: services.settings: Allow by setting MOZ_REMOTE_SETTINGS_DEVTOOLS=1 in the environment
Dynamically enable window occlusion 0
1738927929545	Marionette	INFO	Marionette enabled
1738927929874	Marionette	INFO	Listening on port 59994
WebDriver BiDi listening on ws://127.0.0.1:59980
Read port: 59994
console.error: Policies: 
  Download failed - ERROR_CORRUPT_FILE - file://C:\Program Files\Snow Software\Inventory\Agent\FFCloudmetering.xpi
1738927930199	RemoteAgent	WARN	TLS certificate errors will be ignored for this session
DevTools listening on ws://127.0.0.1:59980/devtools/browser/fe3d632f-a942-4ab9-993d-91051ee72d88
JavaScript error: https://cdn.cxense.com/sp1.html#ver=2.8.90&typ=pgv&rnd=m6uospbnlajas28v&sid=1134007940894473081&loc=https%3A%2F%2Fwww.mansionglobal.com%2F&new=1&arf=0&ltm=1738927939424&ref=&tzo=-330&wsz=1280x595&res=1280x720&dpr=1&col=24&bln=en-US&chs=UTF-8&cks=m6uosphi9ey136wc&ckp=m6uospbnti8n1414&glb=&cp_userState=anon&cp_testGroup=79&cp_topDomain=mansionglobal.com&cp_template=full&cp_access=free&cp_section=Home&cp_subsection=&cp_cms_name=CMS%20Wordpress&cp_subscriber=nonsubscriber&cp_edition=na%252Cus&cp_bucket=0&cp_ab_bucket=90&cp_pageContentSource=Mansion%20Global&cp_pageContentType=Home&cp_pageContentTypeDetai=default&cp_pageSiteProduct=MG&cp_userTags=&cp_sessionState=none, line 1: TypeError: cX.loadScript is not a function
JavaScript warning: https://pagead2.googlesyndication.com/bg/dKsKVnRDvnN7x3_VHBWCXOB1uWbHu1pWqkNfYXa-ZYg.js line 2 > eval line 3116 > eval line 1 > eval line 1 > eval, line 1: WEBGL_debug_renderer_info is deprecated in Firefox and will be removed. Please use RENDERER.
JavaScript warning: https://imasdk.googleapis.com/js/core/bridge3.684.0_en.html#fid=goog_1230606316, line 456: Script terminated by timeout at:
gD@https://imasdk.googleapis.com/js/core/bridge3.684.0_en.html#fid=goog_1230606316:456:310
kD/this.ba@https://imasdk.googleapis.com/js/core/bridge3.684.0_en.html#fid=goog_1230606316:454:29

JavaScript warning: https://pagead2.googlesyndication.com/pagead/managed/js/activeview/m202412090101/ufs_web_display.js, line 13: Script terminated by timeout at:
C@https://pagead2.googlesyndication.com/pagead/managed/js/activeview/m202412090101/ufs_web_display.js:13:325
h@https://pagead2.googlesyndication.com/pagead/managed/js/activeview/m202412090101/ufs_web_display.js:93:449

JavaScript warning: https://www.youtube-nocookie.com/s/player/9c6dfc4a/www-embed-player.vflset/www-embed-player.js, line 971: Script terminated by timeout at:
R@https://www.youtube-nocookie.com/s/player/9c6dfc4a/www-embed-player.vflset/www-embed-player.js:971:226
@https://www.youtube-nocookie.com/s/player/9c6dfc4a/www-embed-player.vflset/www-embed-player.js:2018:52
tm/<@https://www.youtube-nocookie.com/s/player/9c6dfc4a/www-embed-player.vflset/www-embed-player.js:950:63

JavaScript warning: https://pagead2.googlesyndication.com/bg/dKsKVnRDvnN7x3_VHBWCXOB1uWbHu1pWqkNfYXa-ZYg.js line 2 > eval line 5383 > eval line 1 > eval line 1 > eval, line 1: WEBGL_debug_renderer_info is deprecated in Firefox and will be removed. Please use RENDERER.
JavaScript warning: https://pagead2.googlesyndication.com/bg/dKsKVnRDvnN7x3_VHBWCXOB1uWbHu1pWqkNfYXa-ZYg.js line 2 > eval line 1484 > eval line 1 > eval line 1 > eval, line 1: WEBGL_debug_renderer_info is deprecated in Firefox and will be removed. Please use RENDERER.
JavaScript warning: https://static.cdninstagram.com/rsrc.php/v4/ys/r/ezPctWEb0a3.js, line 40: Script terminated by timeout at:
g@https://static.cdninstagram.com/rsrc.php/v4/ys/r/ezPctWEb0a3.js:40:313
a@https://static.cdninstagram.com/rsrc.php/v4/ys/r/ezPctWEb0a3.js:40:72
@https://static.cdninstagram.com/rsrc.php/v4/y4/r/4gEv7nbQgUL.js:18:153
H@https://static.cdninstagram.com/rsrc.php/v4/y3/r/d5IqSZvg2if.js:57:2676
C@https://static.cdninstagram.com/rsrc.php/v4/y3/r/d5IqSZvg2if.js:57:1342
E@https://static.cdninstagram.com/rsrc.php/v4/y3/r/d5IqSZvg2if.js:57:1480
_prepWadForTransit@https://static.cdninstagram.com/rsrc.php/v4/y4/r/4gEv7nbQgUL.js:19:1863
_tryToSendViaBeacon@https://static.cdninstagram.com/rsrc.php/v4/y4/r/4gEv7nbQgUL.js:19:3868
_initialize/<@https://static.cdninstagram.com/rsrc.php/v4/y4/r/4gEv7nbQgUL.js:19:1137
applyWithGuard@https://static.cdninstagram.com/rsrc.php/v4/y3/r/d5IqSZvg2if.js:70:10628
c.__emitToSubscription@https://static.cdninstagram.com/rsrc.php/v4/y3/r/d5IqSZvg2if.js:79:1477
c.emit@https://static.cdninstagram.com/rsrc.php/v4/y3/r/d5IqSZvg2if.js:79:1303
@https://static.cdninstagram.com/rsrc.php/v4/y3/r/d5IqSZvg2if.js:335:1059
applyWithGuard@https://static.cdninstagram.com/rsrc.php/v4/y3/r/d5IqSZvg2if.js:70:10628
d@https://static.cdninstagram.com/rsrc.php/v4/y3/r/d5IqSZvg2if.js:330:2086

1738927970283	Marionette	INFO	Stopped listening on port 59994
Dynamically enable window occlusion 1
JavaScript error: , line 0: AbortError: The operation was aborted. 
JavaScript warning: https://www.google.com/js/th/2Od_BXY8Vjqn5MycIv0XMSA24h9E-qr9j5xv73dxnSQ.js line 2 > eval line 2111 > eval line 1 > eval line 1 > eval, line 1: WEBGL_debug_renderer_info is deprecated in Firefox and will be removed. Please use RENDERER.
