1729836611232	geckodriver	INFO	Listening on 127.0.0.1:55925
1729836614403	mozrunner::runner	INFO	Running command: "C:\\Program Files\\Mozilla Firefox\\firefox.exe" "--marionette" "--remote-debugging-port" "55926" "--remote-allow-hosts" "localhost" "-no-remote" "-profile" "D:\\Users\\sasikumarj\\AppData\\Local\\Temp\\rust_mozprofile9nLNOt"
console.warn: services.settings: Ignoring preference override of remote settings server
console.warn: services.settings: Allow by setting MOZ_REMOTE_SETTINGS_DEVTOOLS=1 in the environment
Dynamically enable window occlusion 0
1729836615111	Marionette	INFO	Marionette enabled
1729836615371	Marionette	INFO	Listening on port 56006
WebDriver BiDi listening on ws://127.0.0.1:55926
Read port: 56006
1729836615668	RemoteAgent	WARN	TLS certificate errors will be ignored for this session
DevTools listening on ws://127.0.0.1:55926/devtools/browser/65f4d4e7-0db4-4e19-9920-88cc34afd0d0
JavaScript warning: https://www.marketwatch.com/, line 358: Script terminated by timeout at:
3434/c/r/<@https://www.marketwatch.com/:358:17271
r@https://www.marketwatch.com/:358:17445
Ue/<@https://www.marketwatch.com/:358:53495
emit@https://www.marketwatch.com/:358:9502
i@https://www.marketwatch.com/:358:17773
nrWrapper@https://www.marketwatch.com/:358:17601
e@https://www.marketwatch.com/:358:52545
_.nj@https://securepubads.g.doubleclick.net/pagead/managed/js/gpt/m202410230101/pubads_impl.js?cb=31088406:33:246339
lL@https://securepubads.g.doubleclick.net/pagead/managed/js/gpt/m202410230101/pubads_impl.js?cb=31088406:33:256515
Tr@https://securepubads.g.doubleclick.net/pagead/managed/js/gpt/m202410230101/pubads_impl.js?cb=31088406:33:256877
Ej@https://securepubads.g.doubleclick.net/pagead/managed/js/gpt/m202410230101/pubads_impl.js?cb=31088406:33:261363
Fj@https://securepubads.g.doubleclick.net/pagead/managed/js/gpt/m202410230101/pubads_impl.js?cb=31088406:33:52137
FL.prototype.o@https://securepubads.g.doubleclick.net/pagead/managed/js/gpt/m202410230101/pubads_impl.js?cb=31088406:33:262442
K.prototype.l@https://securepubads.g.doubleclick.net/pagead/managed/js/gpt/m202410230101/pubads_impl.js?cb=31088406:33:262932
gq@https://securepubads.g.doubleclick.net/pagead/managed/js/gpt/m202410230101/pubads_impl.js?cb=31088406:33:85941
LU.prototype.g@https://securepubads.g.doubleclick.net/pagead/managed/js/gpt/m202410230101/pubads_impl.js?cb=31088406:33:482227
xL.prototype.start/<@https://securepubads.g.doubleclick.net/pagead/managed/js/gpt/m202410230101/pubads_impl.js?cb=31088406:33:259779
Py@https://securepubads.g.doubleclick.net/pagead/managed/js/gpt/m202410230101/pubads_impl.js?cb=31088406:33:140251
Ry/this.next@https://securepubads.g.doubleclick.net/pagead/managed/js/gpt/m202410230101/pubads_impl.js?cb=31088406:33:140559
b@https://securepubads.g.doubleclick.net/pagead/managed/js/gpt/m202410230101/pubads_impl.js?cb=31088406:33:140810
nrWrapper@https://www.marketwatch.com/:358:17640

1729836633527	Marionette	INFO	Stopped listening on port 56006
Dynamically enable window occlusion 1
