1729836655201	geckodriver	INFO	Listening on 127.0.0.1:56200
1729836658405	mozrunner::runner	INFO	Running command: "C:\\Program Files\\Mozilla Firefox\\firefox.exe" "--marionette" "--remote-debugging-port" "56201" "--remote-allow-hosts" "localhost" "-no-remote" "-profile" "D:\\Users\\sasikumarj\\AppData\\Local\\Temp\\rust_mozprofileTPxybI"
console.warn: services.settings: Ignoring preference override of remote settings server
console.warn: services.settings: Allow by setting MOZ_REMOTE_SETTINGS_DEVTOOLS=1 in the environment
Dynamically enable window occlusion 0
1729836659176	Marionette	INFO	Marionette enabled
1729836659470	Marionette	INFO	Listening on port 56266
WebDriver BiDi listening on ws://127.0.0.1:56201
Read port: 56266
1729836659748	RemoteAgent	WARN	TLS certificate errors will be ignored for this session
DevTools listening on ws://127.0.0.1:56201/devtools/browser/59d148f3-0d27-470a-8e7b-6b38f065657c
JavaScript warning: https://cdn.cxense.com/cx.js, line 6: Script terminated by timeout at:
dn/<@https://cdn.cxense.com/cx.js:6:30084
set@https://cdn.cxense.com/cx.js:6:51963
zi@https://cdn.cxense.com/cx.js:6:52221
uo@https://cdn.cxense.com/cx.js:6:54936
sendPageViewEvent@https://cdn.cxense.com/cx.js:6:99309
newPageEvent@https://sts3.wsj.net/iweb/static_html_files/cxense-candy.js:1:34596
bootstrapPage@https://sts3.wsj.net/iweb/static_html_files/cxense-candy.js:1:33905
init/t.onload/<@https://sts3.wsj.net/iweb/static_html_files/cxense-candy.js:1:33194
invoke@https://cdn.cxense.com/cx.js:6:115354
Ga@https://cdn.cxense.com/cx.js:6:81216
wr/r<@https://cdn.cxense.com/cx.js:6:42123
nrWrapper@https://www.marketwatch.com/:358:17640

A content process crashed and MOZ_CRASHREPORTER_SHUTDOWN is set, shutting down
1729836669336	Marionette	INFO	Stopped listening on port 56266
Dynamically enable window occlusion 1
