1730290095374	geckodriver	INFO	Listening on 127.0.0.1:55671
1730290098405	mozrunner::runner	INFO	Running command: "C:\\Program Files\\Mozilla Firefox\\firefox.exe" "--marionette" "--remote-debugging-port" "55672" "--remote-allow-hosts" "localhost" "-no-remote" "-profile" "D:\\Users\\sasikumarj\\AppData\\Local\\Temp\\rust_mozprofileScoH9C"
console.warn: services.settings: Ignoring preference override of remote settings server
console.warn: services.settings: Allow by setting MOZ_REMOTE_SETTINGS_DEVTOOLS=1 in the environment
Dynamically enable window occlusion 0
1730290098945	Marionette	INFO	Marionette enabled
1730290099173	Marionette	INFO	Listening on port 55683
WebDriver BiDi listening on ws://127.0.0.1:55672
Read port: 55683
1730290099410	RemoteAgent	WARN	TLS certificate errors will be ignored for this session
DevTools listening on ws://127.0.0.1:55672/devtools/browser/454a6534-6d03-4641-ba01-92e97e60bd15
JavaScript error: https://cdn.cxense.com/sp1.html#ver=2.8.83&typ=pgv&rnd=m2vu1ywb3nct2l35&sid=1134007940894473081&loc=https%3A%2F%2Fwww.s.dev.mansionglobal.com%2F&new=1&arf=0&ltm=1730290106607&ref=&tzo=-330&wsz=1278x497&res=1278x622&dpr=1&col=24&bln=en-US&chs=UTF-8&cks=m2vu1yxpsdt8583z&ckp=m2vu1ywbad38gibb&glb=&cp_userState=anon&cp_testGroup=85&cp_env=staging&cp_topDomain=mansionglobal.com&cp_template=full&cp_access=free&cp_section=Home&cp_subsection=&cp_cms_name=CMS%20Wordpress&cp_subscriber=nonsubscriber&cp_edition=na%252Cus&cp_bucket=8&cp_ab_bucket=28&cp_pageContentSource=Mansion%20Global&cp_pageContentType=Home&cp_pageContentTypeDetai=default&cp_pageSiteProduct=MG&cp_userTags=&cp_sessionState=none, line 1: TypeError: cX.loadScript is not a function
JavaScript warning: https://pagead2.googlesyndication.com/bg/nbFBA6X6-R6L-vgiwwUCSbgu-1WcfjEIvkEfffAnUGA.js line 2 > eval line 6100 > eval line 1 > eval line 1 > eval, line 1: WEBGL_debug_renderer_info is deprecated in Firefox and will be removed. Please use RENDERER.
JavaScript warning: https://imasdk.googleapis.com/js/core/bridge3.674.1_en.html#goog_170791019, line 449: Script terminated by timeout at:
bC@https://imasdk.googleapis.com/js/core/bridge3.674.1_en.html#goog_170791019:449:310
fC/this.aa@https://imasdk.googleapis.com/js/core/bridge3.674.1_en.html#goog_170791019:447:29

JavaScript warning: https://pagead2.googlesyndication.com/bg/nbFBA6X6-R6L-vgiwwUCSbgu-1WcfjEIvkEfffAnUGA.js line 2 > eval line 969 > eval line 1 > eval line 1 > eval, line 1: WEBGL_debug_renderer_info is deprecated in Firefox and will be removed. Please use RENDERER.
JavaScript warning: https://cdn.cxense.com/cx.js, line 6: Script terminated by timeout at:
eo@https://cdn.cxense.com/cx.js:6:53145
aa@https://cdn.cxense.com/cx.js:6:70469
ua/<@https://cdn.cxense.com/cx.js:6:70930

JavaScript error: , line 0: TypeError: NetworkError when attempting to fetch resource.
console.warn: LoginRecipes: "Falling back to a synchronous message for: https://sso.int.accounts.dowjones.com."
console.warn: LoginRecipes: "Falling back to a synchronous message for: https://sso.int.accounts.dowjones.com."
console.warn: LoginRecipes: "Falling back to a synchronous message for: https://sso.int.accounts.dowjones.com."
console.warn: LoginRecipes: "Falling back to a synchronous message for: https://sso.int.accounts.dowjones.com."
JavaScript warning: https://sso.int.accounts.dowjones.com/one_identity_login_pages/login/81d56fb5b0694b7770ec579357b07432/js/vendor.js, line 51: Script terminated by timeout at:
WE@https://sso.int.accounts.dowjones.com/one_identity_login_pages/login/81d56fb5b0694b7770ec579357b07432/js/vendor.js:51:4767
k@https://sso.int.accounts.dowjones.com/one_identity_login_pages/login/81d56fb5b0694b7770ec579357b07432/js/vendor.js:49:13806

1730290146068	Marionette	INFO	Stopped listening on port 55683
JavaScript warning: https://0cf17917-395b-4f25-91cc-db3bdd6044b0.edge.permutive.app/772abb27-aff3-4dcc-b7af-8ab66a56137a-web.js, line 1: Script terminated by timeout at:
3812/a/<@https://0cf17917-395b-4f25-91cc-db3bdd6044b0.edge.permutive.app/772abb27-aff3-4dcc-b7af-8ab66a56137a-web.js:1:14402

Dynamically enable window occlusion 1
