1738956045042	geckodriver	INFO	Listening on 127.0.0.1:54729
1738956048087	mozrunner::runner	INFO	Running command: "C:\\Program Files\\Mozilla Firefox\\firefox.exe" "--marionette" "--remote-debugging-port" "54730" "--remote-allow-hosts" "localhost" "-no-remote" "-profile" "D:\\Users\\sasikumarj\\AppData\\Local\\Temp\\rust_mozprofilen5yMe0"
console.warn: services.settings: Ignoring preference override of remote settings server
console.warn: services.settings: Allow by setting MOZ_REMOTE_SETTINGS_DEVTOOLS=1 in the environment
Dynamically enable window occlusion 0
1738956048811	Marionette	INFO	Marionette enabled
1738956049102	Marionette	INFO	Listening on port 54742
Read port: 54742
WebDriver BiDi listening on ws://127.0.0.1:54730
1738956049278	RemoteAgent	WARN	TLS certificate errors will be ignored for this session
console.error: Policies: 
  Download failed - ERROR_CORRUPT_FILE - file://C:\Program Files\Snow Software\Inventory\Agent\FFCloudmetering.xpi
DevTools listening on ws://127.0.0.1:54730/devtools/browser/16be1118-22a9-4490-bf78-e48560bcf3e0
console.error: ({})
console.error: ({})
JavaScript error: https://www.barrons.com/asset/dj-watchlist/v1.14.3/p-0633e57d.entry.js, line 11: TypeError: Error.captureStackTrace is not a function
JavaScript warning: https://js-agent.newrelic.com/nr-1044.min.js, line 1: Script terminated by timeout at:
r@https://js-agent.newrelic.com/nr-1044.min.js:1:22526
[15]</r/<@https://js-agent.newrelic.com/nr-1044.min.js:1:9115

console.error: ({})
console.error: ({})
JavaScript warning: https://cdn.gbqofs.com/sv/b/detector-bootstrap.min.js, line 0: Successfully compiled asm.js code (total compilation time 2ms)
JavaScript warning: https://pagead2.googlesyndication.com/bg/dKsKVnRDvnN7x3_VHBWCXOB1uWbHu1pWqkNfYXa-ZYg.js line 2 > eval line 6544 > eval line 1 > eval line 1 > eval, line 1: WEBGL_debug_renderer_info is deprecated in Firefox and will be removed. Please use RENDERER.
JavaScript error: https://cdn.cxense.com/sp1.html#ver=2.8.90&typ=pgv&rnd=m6v5jiod64ejm41o&sid=9222325317970825875&loc=https%3A%2F%2Fwww.barrons.com%2Farticles%2Fwendys-wen-stock-earnings-51652268634&new=1&arf=0&ltm=1738956064338&ref=&tzo=-330&wsz=1280x595&res=1280x720&dpr=1&col=24&bln=en-US&chs=UTF-8&cks=m6v5jkmvz6wyzybb&ckp=m6v5jiodo65ovzhe&glb=&amo=1652281620&cp_userState=anon, line 1: TypeError: cX.loadScript is not a function
JavaScript warning: https://pagead2.googlesyndication.com/bg/dKsKVnRDvnN7x3_VHBWCXOB1uWbHu1pWqkNfYXa-ZYg.js line 2 > eval line 1096 > eval line 1 > eval line 1 > eval, line 1: WEBGL_debug_renderer_info is deprecated in Firefox and will be removed. Please use RENDERER.
Hit MOZ_CRASH([unhandlable oom] Failed to allocate new chunk during GC) at /builds/worker/checkouts/gecko/js/src/vm/JSContext.cpp:1365
Hit MOZ_CRASH([unhandlable oom] Failed to allocate new chunk during GC) at /builds/worker/checkouts/gecko/js/src/vm/JSContext.cpp:1365
A content process crashed and MOZ_CRASHREPORTER_SHUTDOWN is set, shutting down
[GFX1-]: CompositorBridgeChild receives IPC close with reason=AbnormalShutdown
[GFX1-]: CompositorBridgeChild receives IPC close with reason[[=AbnormalShutdown
[GFX1-]: CompositorBridgeChild receives IPC close with reaso[G[[FX1-]GFX1: -]: CompositorBridgeChild receives IP[GFX1-]: Com[[GFX1-]: Com[GFX1-]: pCompositorBridg[GFX1-]: CompositorBridgeChild [GFX1-]: CompositorBridgeChild recei[GFX1-]ves IPC close with reason=Abno[[[GFX1-]: CompositorBridgeChilrm[[[GFX1-]: C[GF[GX1-]: CompositorBrFX1-]: CompositorBridgeChild receives IPC close with reason=AbnormalShutdown
GFX1-]: CompositorBridgeChildCeGFX1-]: CompositorBridgeChild receives IPC close with reason=AbnormalShutdown
idgeChild rec[GFX1-]: CompositorBridgeChild receives IPC close with reason=Abnormn=AbnoalShpositorBridgeChild receives IPC close with reason=Abnorm[GFX1-]: CompositorBridgeChild rmalShutdown
: CompositGositorBridgeChild receives IPC close with reason=AbnormalShutdown
GFX1-]: CompositorBridgeChild receives IPC close wGalShutdown
Child receives IPC close with reason=AbnormalShutdown
alShutdown
orBridgeChild receives IPC close with reason=AbnormalShutdown
GFX1-]: CompositorBridgeChild receives IPC close with reason=AbnormalShutdown
d receives IPC close with reason=AbnormalShutdown
ompositorBridgeChilGFX1-]: CompositorBridgeChild receives IPC close with reason=AbnormalShutdown
[Child 26404, MediaDecoderStateMachine #1] WARNING: Decoder=15026205800 Decode error: NS_ERROR_NOT_AVAILABLE (0x80040111) - static MediaResult __cdecl mozilla::VideoData::SetVideoDataToImage(PlanarYCbCrImage *, const VideoInfo &, const YCbCrBuffer &, const IntRect &, bool): Failed to copy image data: file /builds/worker/checkouts/gecko/dom/media/MediaDecoderStateMachineBase.cpp:168
ith reason=AbnormalShutdown
[GFX1-]: CompositorBr[GFX1-]: CompositorBridgeChild receives IPC close with reason=AbnormalShutdown
eu[GFX1-]: Compod rF receives IPC close with reason=AbnormalShutdown
receives IPC close with reason=AbnormalShutdown
sitorBridgeChild receives IPC close with reason=AbnormalShutdown
X1-]: CompositorBridgeChild receives IPC close with reason=AbnormalShutdown
C close with reason=AbnormalShutdown
GFX1-]: CompositorBridgeChild receives IPC close with reason=AbnormalShutdown
ives IPC close with reason=AbnormalShutdown
idgeChild receives IPC close with reason=AbnormalShutdown
eceives IPC close with reasont[Fr=AbnormalShutdown
GFX1-]: CompositorBridgeChild receives IPC close with reason=AbnormalShutdown
X1-]: CompositorBridgeChild receceives IPC close with reason=AbnormalShutdown
odown
mpositorBridgeChild receives IPC close with reason=AbnormalShutdown
eives IPC close with reason=AbnormalShutdown
Exiting due to channel error.
Exiting due to channel error.
Exiting due to channel error.
Exiting due to channel error.
Exiting due to channel error.
Exiting due to channel error.
Exiting due to channel error.
Exiting due to channel error.
Exiting due to channel error.
Exiting due to channel error.
Exiting due to channel error.
Exiting due to channel error.
Exiting due to channel error.
Exiting due to channel error.
Exiting due to channel error.
Exiting due to channel error.
Exiting due to channel error.
Exiting due to channel error.
Exiting due to channel error.
