1739083942742	geckodriver	INFO	Listening on 127.0.0.1:56405
1739083945788	mozrunner::runner	INFO	Running command: "C:\\Program Files\\Mozilla Firefox\\firefox.exe" "--marionette" "--remote-debugging-port" "56406" "--remote-allow-hosts" "localhost" "-no-remote" "-profile" "D:\\Users\\sasikumarj\\AppData\\Local\\Temp\\rust_mozprofileDfQ4uu"
console.warn: services.settings: Ignoring preference override of remote settings server
console.warn: services.settings: Allow by setting MOZ_REMOTE_SETTINGS_DEVTOOLS=1 in the environment
Dynamically enable window occlusion 0
1739083946428	Marionette	INFO	Marionette enabled
1739083946677	Marionette	INFO	Listening on port 56417
WebDriver BiDi listening on ws://127.0.0.1:56406
Read port: 56417
1739083946821	RemoteAgent	WARN	TLS certificate errors will be ignored for this session
console.error: Policies: 
  Download failed - ERROR_CORRUPT_FILE - file://C:\Program Files\Snow Software\Inventory\Agent\FFCloudmetering.xpi
DevTools listening on ws://127.0.0.1:56406/devtools/browser/d0bc0d7a-7238-4ff0-9d44-9a4e728735d0
JavaScript warning: https://fpt.live.com/?session_id=0919745ded2446d7ac96296a6345a795&CustomerId=33e01921-4d64-4f8c-a055-5bdaffd5e33d&PageId=SI, line 5: WEBGL_debug_renderer_info is deprecated in Firefox and will be removed. Please use RENDERER.
console.warn: LoginRecipes: "Falling back to a synchronous message for: https://login.live.com."
console.warn: LoginRecipes: "Falling back to a synchronous message for: https://login.live.com."
console.error: ({})
1739083974100	Marionette	WARN	Ignoring event 'DOMContentLoaded' because document has an invalid readyState of 'complete'.
JavaScript warning: https://res-1.cdn.office.net/midgard/versionless/livepersonacard_without-react_44cd24035cb31cfc94c2.js, line 2: unreachable code after return statement
JavaScript warning: https://cdn.adnxs.com/v/s/247/trk.js, line 560: Script terminated by timeout at:
_.C@https://cdn.adnxs.com/v/s/247/trk.js:560:1358
md/<@https://cdn.adnxs.com/v/s/247/trk.js:560:5629

JavaScript warning: https://gum.criteo.com/syncframe?origin=rtus&topUrl=outlook.live.com&gdpr=0&gdpr_consent=#{%22lwid%22:{%22value%22:null,%22origin%22:0},%22bundle%22:{%22value%22:null,%22origin%22:0},%22optout%22:{%22value%22:false,%22origin%22:0},%22tld%22:%22adnxs-simple.com%22,%22topUrl%22:%22outlook.live.com%22,%22cw%22:true,%22lsw%22:true,%22origin%22:%22rtus%22,%22rtusCallerId%22:30,%22requestId%22:%220.7204858650092859%22}, line 13: Script terminated by timeout at:
r.prototype.flushEventQueue@https://gum.criteo.com/syncframe?origin=rtus&topUrl=outlook.live.com&gdpr=0&gdpr_consent=#{%22lwid%22:{%22value%22:null,%22origin%22:0},%22bundle%22:{%22value%22:null,%22origin%22:0},%22optout%22:{%22value%22:false,%22origin%22:0},%22tld%22:%22adnxs-simple.com%22,%22topUrl%22:%22outlook.live.com%22,%22cw%22:true,%22lsw%22:true,%22origin%22:%22rtus%22,%22rtusCallerId%22:30,%22requestId%22:%220.7204858650092859%22}:13:3137
r/<@https://gum.criteo.com/syncframe?origin=rtus&topUrl=outlook.live.com&gdpr=0&gdpr_consent=#{%22lwid%22:{%22value%22:null,%22origin%22:0},%22bundle%22:{%22value%22:null,%22origin%22:0},%22optout%22:{%22value%22:false,%22origin%22:0},%22tld%22:%22adnxs-simple.com%22,%22topUrl%22:%22outlook.live.com%22,%22cw%22:true,%22lsw%22:true,%22origin%22:%22rtus%22,%22rtusCallerId%22:30,%22requestId%22:%220.7204858650092859%22}:13:3642

1739083994664	Marionette	INFO	Stopped listening on port 56417
JavaScript warning: https://res.public.onecdn.static.microsoft/owamail/hashed-v1/scripts/owa.5232.m.d529f0e1.js, line 1: Script terminated by timeout at:
ec@https://res.public.onecdn.static.microsoft/owamail/hashed-v1/scripts/owa.5232.m.d529f0e1.js:1:32077
aH@https://res.public.onecdn.static.microsoft/owamail/hashed-v1/scripts/owa.5232.m.d529f0e1.js:1:109577
a2@https://res.public.onecdn.static.microsoft/owamail/hashed-v1/scripts/owa.5232.m.d529f0e1.js:1:118077
386666/</a3/</<@https://res.public.onecdn.static.microsoft/owamail/hashed-v1/scripts/owa.5232.m.d529f0e1.js:1:120029
aK@https://res.public.onecdn.static.microsoft/owamail/hashed-v1/scripts/owa.5232.m.d529f0e1.js:1:114782
386666/</a3/<@https://res.public.onecdn.static.microsoft/owamail/hashed-v1/scripts/owa.5232.m.d529f0e1.js:1:119773
er@https://res.public.onecdn.static.microsoft/owamail/hashed-v1/scripts/owa.5232.m.d529f0e1.js:1:31552
a3@https://res.public.onecdn.static.microsoft/owamail/hashed-v1/scripts/owa.5232.m.d529f0e1.js:1:119573
a5@https://res.public.onecdn.static.microsoft/owamail/hashed-v1/scripts/owa.5232.m.d529f0e1.js:1:120475
386666/</a4/<@https://res.public.onecdn.static.microsoft/owamail/hashed-v1/scripts/owa.5232.m.d529f0e1.js:1:120728
i@https://res.public.onecdn.static.microsoft/owamail/hashed-v1/scripts/owa.5232.m.d529f0e1.js:1:91759
r@https://res.public.onecdn.static.microsoft/owamail/hashed-v1/scripts/owa.5232.m.d529f0e1.js:1:91678
386666/</aI/<@https://res.public.onecdn.static.microsoft/owamail/hashed-v1/scripts/owa.5232.m.d529f0e1.js:1:92577
aI@https://res.public.onecdn.static.microsoft/owamail/hashed-v1/scripts/owa.5232.m.d529f0e1.js:1:96300
a4@https://res.public.onecdn.static.microsoft/owamail/hashed-v1/scripts/owa.5232.m.d529f0e1.js:1:120687
a9@https://res.public.onecdn.static.microsoft/owamail/hashed-v1/scripts/owa.5232.m.d529f0e1.js:1:121885
386666/</rr.refresh@https://res.public.onecdn.static.microsoft/owamail/hashed-v1/scripts/owa.5232.m.d529f0e1.js:1:127381
62167/refresh/<@https://res.public.onecdn.static.microsoft/owamail/hashed-v1/scripts/owa.62167.m.647f18c1.js:1:6772
386666/</rr.anq.push@https://res.public.onecdn.static.microsoft/owamail/hashed-v1/scripts/owa.5232.m.d529f0e1.js:1:124039
refresh@https://res.public.onecdn.static.microsoft/owamail/hashed-v1/scripts/owa.62167.m.647f18c1.js:1:6562
62167/et/ee</<@https://res.public.onecdn.static.microsoft/owamail/hashed-v1/scripts/owa.62167.m.647f18c1.js:1:8625
62167/et/ee<@https://res.public.onecdn.static.microsoft/owamail/hashed-v1/scripts/owa.62167.m.647f18c1.js:1:8665

Dynamically enable window occlusion 1
JavaScript error: , line 0: NetworkError: AutoCancel
JavaScript error: , line 0: NetworkError: AutoCancel
JavaScript error: , line 0: NetworkError: AutoCancel
!!! error running onStopped callback: TypeError: callback is not a function
