1729834089621	geckodriver	INFO	Listening on 127.0.0.1:52470
1729834092666	mozrunner::runner	INFO	Running command: "C:\\Program Files\\Mozilla Firefox\\firefox.exe" "--marionette" "--remote-debugging-port" "52471" "--remote-allow-hosts" "localhost" "-no-remote" "-profile" "D:\\Users\\sasikumarj\\AppData\\Local\\Temp\\rust_mozprofile4UKsvd"
console.warn: services.settings: Ignoring preference override of remote settings server
console.warn: services.settings: Allow by setting MOZ_REMOTE_SETTINGS_DEVTOOLS=1 in the environment
Dynamically enable window occlusion 0
1729834093385	Marionette	INFO	Marionette enabled
1729834093652	Marionette	INFO	Listening on port 52478
WebDriver BiDi listening on ws://127.0.0.1:52471
Read port: 52478
1729834093924	RemoteAgent	WARN	TLS certificate errors will be ignored for this session
DevTools listening on ws://127.0.0.1:52471/devtools/browser/e591a96a-aaae-4cba-917a-b3e9854250f9
console.error: ({})
console.error: ({})
console.error: ({})
console.error: ({})
JavaScript error: https://cdn.cxense.com/sp1.html#ver=2.8.82&typ=pgv&rnd=m2oakaid53mf15h4&sid=9222325317970825875&loc=https%3A%2F%2Fwww.s.dev.barrons.com%2Farticles%2Fbuy-under-armour-stock-pick-51650672000&new=1&arf=0&ltm=1729834105916&ref=&tzo=-330&wsz=1278x497&res=1278x622&dpr=1&col=24&bln=en-US&chs=UTF-8&cks=m2oakan0ts6zj9vz&ckp=m2oakaidq12pm3bw&glb=&amo=1720048200&cp_userState=anon&cp_testGroup=71&cp_env=staging&cp_topDomain=barrons.com&cp_pwTag=default&cp_pwPlacement=cx-snippetad&cp_pwCampaign=10&cp_pwType=personalized&cp_type=Retail&cp_template=preview&cp_access=PAID&cp_section=Retail&cp_subsection=Sizing%20Up%20Small-Caps&cp_cms_name=Methode&cp_vix=&cp_subscriber=nonsubscriber&cp_edition=naus&cp_bucket=7&cp_ab_bucket=37&cp_pageContentSource=Barron's%20Online&cp_pageContentType=Article&cp_pageContentTypeDetai=STANDARD&cp_pageSiteProduct=BOL&cp_userTags=&cp_sessionState=none, line 1: TypeError: cX.loadScript is not a function
JavaScript warning: https://cdn.gbqofs.com/sv/b/detector-bootstrap.min.js, line 0: Successfully compiled asm.js code (total compilation time 2ms)
JavaScript warning: https://pagead2.googlesyndication.com/bg/nbFBA6X6-R6L-vgiwwUCSbgu-1WcfjEIvkEfffAnUGA.js line 2 > eval line 781 > eval line 1 > eval line 1 > eval, line 1: WEBGL_debug_renderer_info is deprecated in Firefox and will be removed. Please use RENDERER.
JavaScript error: , line 0: TypeError: NetworkError when attempting to fetch resource.
JavaScript error: , line 0: TypeError: NetworkError when attempting to fetch resource.
JavaScript error: , line 0: TypeError: NetworkError when attempting to fetch resource.
JavaScript error: , line 0: TypeError: NetworkError when attempting to fetch resource.
console.warn: WindowsJumpLists: "Failed to fetch favicon for " "https://www.barrons.com/" ({})
JavaScript error: , line 0: TypeError: NetworkError when attempting to fetch resource.
console.warn: WindowsJumpLists: "Failed to fetch favicon for " "https://www.barrons.com/" ({})
console.warn: WindowsJumpLists: "Failed to fetch favicon for " "https://www.barrons.com/" ({})
console.warn: WindowsJumpLists: "Failed to fetch favicon for " "https://www.barrons.com/" ({})
console.warn: WindowsJumpLists: "Failed to fetch favicon for " "https://www.barrons.com/" ({})
console.warn: WindowsJumpLists: "Failed to fetch favicon for " "https://www.barrons.com/" ({})
console.warn: WindowsJumpLists: "Failed to fetch favicon for " "https://www.barrons.com/" ({})
console.warn: WindowsJumpLists: "Failed to fetch favicon for " "https://www.barrons.com/" ({})
JavaScript warning: https://www.googletagmanager.com/gtag/js?id=G-GJ5S1GJYKT, line 194: Script terminated by timeout at:
Sa@https://www.googletagmanager.com/gtag/js?id=G-GJ5S1GJYKT:194:70
Sa@https://www.googletagmanager.com/gtag/js?id=G-GJ5S1GJYKT:194:145
Sa@https://www.googletagmanager.com/gtag/js?id=G-GJ5S1GJYKT:194:189
Sa@https://www.googletagmanager.com/gtag/js?id=G-GJ5S1GJYKT:194:189
en@https://www.googletagmanager.com/gtag/js?id=G-GJ5S1GJYKT:395:455
dn.prototype.flush@https://www.googletagmanager.com/gtag/js?id=G-GJ5S1GJYKT:399:336
dn.prototype.push@https://www.googletagmanager.com/gtag/js?id=G-GJ5S1GJYKT:397:403
Xm@https://www.googletagmanager.com/gtag/js?id=G-GJ5S1GJYKT:394:785
tI/<@https://www.googletagmanager.com/gtag/js?id=G-GJ5S1GJYKT:722:187
aa.bl/<@https://www.googletagmanager.com/gtag/js?id=G-GJ5S1GJYKT:664:126
aa.bl/c/<@https://www.googletagmanager.com/gtag/js?id=G-GJ5S1GJYKT:663:420

1729837985278	Marionette	INFO	Stopped listening on port 52478
Dynamically enable window occlusion 1
