1735285509478	geckodriver	INFO	Listening on 127.0.0.1:54820
1735285512539	mozrunner::runner	INFO	Running command: "C:\\Program Files\\Mozilla Firefox\\firefox.exe" "--marionette" "--remote-debugging-port" "54821" "--remote-allow-hosts" "localhost" "-no-remote" "-profile" "D:\\Users\\sasikumarj\\AppData\\Local\\Temp\\rust_mozprofileJAkD0m"
console.warn: services.settings: Ignoring preference override of remote settings server
console.warn: services.settings: Allow by setting MOZ_REMOTE_SETTINGS_DEVTOOLS=1 in the environment
Dynamically enable window occlusion 0
1735285513255	Marionette	INFO	Marionette enabled
1735285513511	Marionette	INFO	Listening on port 54835
Read port: 54835
WebDriver BiDi listening on ws://127.0.0.1:54821
1735285513629	RemoteAgent	WARN	TLS certificate errors will be ignored for this session
DevTools listening on ws://127.0.0.1:54821/devtools/browser/660d4b3f-ea6e-4744-9591-0ff8f023d2af
JavaScript error: https://cdn.cxense.com/sp1.html#ver=2.8.87&typ=pgv&rnd=m56g72qfzeod05d2&sid=1138573015853471556&loc=https%3A%2F%2Fwww.dev.marketwatch.com%2F&new=1&arf=0&ltm=1735285522853&ref=&tzo=-330&wsz=1280x595&res=1280x720&dpr=1&col=24&bln=en-US&chs=UTF-8&cks=m56g72s6caqs909u&ckp=m56g72qf2vs1a6r2&glb=&cp_userState=anon&cp_testGroup=4&cp_env=staging&cp_topDomain=marketwatch.com&cp_template=full&cp_access=free&cp_section=Home%20Page&cp_cms_name=Peavey&cp_subscriber=nonsubscriber&cp_edition=naus&cp_bucket=3&cp_ab_bucket=83&cp_pageContentSource=MarketWatch&cp_pageContentType=Home&cp_pageContentTypeDetai=default&cp_pageSiteProduct=MW&cp_userTags=&cp_sessionState=none, line 1: TypeError: cX.loadScript is not a function
JavaScript warning: https://cdn.gbqofs.com/sv/b/detector-bootstrap.min.js, line 0: Successfully compiled asm.js code (total compilation time 2ms)
JavaScript warning: https://pagead2.googlesyndication.com/bg/pyMTr0nkmN6cL6IgtDyOeR9sHSfyHchE6TDXG14OT6s.js line 2 > eval line 2850 > eval line 1 > eval line 1 > eval, line 1: WEBGL_debug_renderer_info is deprecated in Firefox and will be removed. Please use RENDERER.
JavaScript warning: https://pagead2.googlesyndication.com/bg/pyMTr0nkmN6cL6IgtDyOeR9sHSfyHchE6TDXG14OT6s.js line 2 > eval line 7451 > eval line 1 > eval line 1 > eval, line 1: WEBGL_debug_renderer_info is deprecated in Firefox and will be removed. Please use RENDERER.
JavaScript warning: https://cdn.gbqofs.com/sv/b/detector-bootstrap.min.js, line 0: Successfully compiled asm.js code (total compilation time 3ms)
JavaScript warning: https://pagead2.googlesyndication.com/bg/pyMTr0nkmN6cL6IgtDyOeR9sHSfyHchE6TDXG14OT6s.js line 2 > eval line 1270 > eval line 1 > eval line 1 > eval, line 1: WEBGL_debug_renderer_info is deprecated in Firefox and will be removed. Please use RENDERER.
JavaScript warning: https://pagead2.googlesyndication.com/bg/pyMTr0nkmN6cL6IgtDyOeR9sHSfyHchE6TDXG14OT6s.js line 2 > eval line 277 > eval line 1 > eval line 1 > eval, line 1: WEBGL_debug_renderer_info is deprecated in Firefox and will be removed. Please use RENDERER.
JavaScript warning: https://pagead2.googlesyndication.com/bg/pyMTr0nkmN6cL6IgtDyOeR9sHSfyHchE6TDXG14OT6s.js line 2 > eval line 6223 > eval line 1 > eval line 1 > eval, line 1: WEBGL_debug_renderer_info is deprecated in Firefox and will be removed. Please use RENDERER.
JavaScript warning: https://pagead2.googlesyndication.com/bg/pyMTr0nkmN6cL6IgtDyOeR9sHSfyHchE6TDXG14OT6s.js line 2 > eval line 2456 > eval line 1 > eval line 1 > eval, line 1: WEBGL_debug_renderer_info is deprecated in Firefox and will be removed. Please use RENDERER.
JavaScript warning: https://pagead2.googlesyndication.com/bg/pyMTr0nkmN6cL6IgtDyOeR9sHSfyHchE6TDXG14OT6s.js line 2 > eval line 1725 > eval line 1 > eval line 1 > eval, line 1: WEBGL_debug_renderer_info is deprecated in Firefox and will be removed. Please use RENDERER.
JavaScript warning: https://pagead2.googlesyndication.com/bg/pyMTr0nkmN6cL6IgtDyOeR9sHSfyHchE6TDXG14OT6s.js line 2 > eval line 762 > eval line 1 > eval line 1 > eval, line 1: WEBGL_debug_renderer_info is deprecated in Firefox and will be removed. Please use RENDERER.
JavaScript warning: https://pagead2.googlesyndication.com/bg/pyMTr0nkmN6cL6IgtDyOeR9sHSfyHchE6TDXG14OT6s.js line 2 > eval line 3737 > eval line 1 > eval line 1 > eval, line 1: WEBGL_debug_renderer_info is deprecated in Firefox and will be removed. Please use RENDERER.
JavaScript warning: https://pagead2.googlesyndication.com/bg/pyMTr0nkmN6cL6IgtDyOeR9sHSfyHchE6TDXG14OT6s.js line 2 > eval line 461 > eval line 1 > eval line 1 > eval, line 1: WEBGL_debug_renderer_info is deprecated in Firefox and will be removed. Please use RENDERER.
JavaScript warning: https://pagead2.googlesyndication.com/bg/pyMTr0nkmN6cL6IgtDyOeR9sHSfyHchE6TDXG14OT6s.js line 2 > eval line 2348 > eval line 1 > eval line 1 > eval, line 1: WEBGL_debug_renderer_info is deprecated in Firefox and will be removed. Please use RENDERER.
JavaScript warning: https://pagead2.googlesyndication.com/bg/pyMTr0nkmN6cL6IgtDyOeR9sHSfyHchE6TDXG14OT6s.js line 2 > eval line 2636 > eval line 1 > eval line 1 > eval, line 1: WEBGL_debug_renderer_info is deprecated in Firefox and will be removed. Please use RENDERER.
JavaScript warning: https://pagead2.googlesyndication.com/bg/pyMTr0nkmN6cL6IgtDyOeR9sHSfyHchE6TDXG14OT6s.js line 2 > eval line 4950 > eval line 1 > eval line 1 > eval, line 1: WEBGL_debug_renderer_info is deprecated in Firefox and will be removed. Please use RENDERER.
JavaScript warning: https://pagead2.googlesyndication.com/bg/pyMTr0nkmN6cL6IgtDyOeR9sHSfyHchE6TDXG14OT6s.js line 2 > eval line 5301 > eval line 1 > eval line 1 > eval, line 1: WEBGL_debug_renderer_info is deprecated in Firefox and will be removed. Please use RENDERER.
JavaScript warning: https://pagead2.googlesyndication.com/bg/pyMTr0nkmN6cL6IgtDyOeR9sHSfyHchE6TDXG14OT6s.js line 2 > eval line 6748 > eval line 1 > eval line 1 > eval, line 1: WEBGL_debug_renderer_info is deprecated in Firefox and will be removed. Please use RENDERER.
JavaScript warning: https://cdn.cxense.com/cx.js, line 6: Script terminated by timeout at:
ua/<@https://cdn.cxense.com/cx.js:6:70930

1735290973936	Marionette	INFO	Stopped listening on port 54835
Dynamically enable window occlusion 1
!!! error running onStopped callback: TypeError: callback is not a function
