1735285865820	geckodriver	INFO	Listening on 127.0.0.1:61033
1735285868879	mozrunner::runner	INFO	Running command: "C:\\Program Files\\Mozilla Firefox\\firefox.exe" "--marionette" "--remote-debugging-port" "61034" "--remote-allow-hosts" "localhost" "-no-remote" "-profile" "D:\\Users\\sasikumarj\\AppData\\Local\\Temp\\rust_mozprofileCeXdDj"
console.warn: services.settings: Ignoring preference override of remote settings server
console.warn: services.settings: Allow by setting MOZ_REMOTE_SETTINGS_DEVTOOLS=1 in the environment
Dynamically enable window occlusion 0
1735285869463	Marionette	INFO	Marionette enabled
1735285869692	Marionette	INFO	Listening on port 61047
Read port: 61047
WebDriver BiDi listening on ws://127.0.0.1:61034
1735285869790	RemoteAgent	WARN	TLS certificate errors will be ignored for this session
DevTools listening on ws://127.0.0.1:61034/devtools/browser/f12c6a1d-5dd8-4c42-96cf-b329e488c08e
JavaScript error: https://cdn.cxense.com/sp1.html#ver=2.8.87&typ=pgv&rnd=m56geoqxadhjkh8s&sid=1138573015853471556&loc=https%3A%2F%2Fwww.dev.marketwatch.com%2F&new=1&arf=0&ltm=1735285877972&ref=&tzo=-330&wsz=1280x595&res=1280x720&dpr=1&col=24&bln=en-US&chs=UTF-8&cks=m56geos6xqnzb954&ckp=m56geoqxj5jppwea&glb=&cp_userState=anon&cp_testGroup=10&cp_env=staging&cp_topDomain=marketwatch.com&cp_template=full&cp_access=free&cp_section=Home%20Page&cp_cms_name=Peavey&cp_subscriber=nonsubscriber&cp_edition=naus&cp_bucket=3&cp_ab_bucket=83&cp_pageContentSource=MarketWatch&cp_pageContentType=Home&cp_pageContentTypeDetai=default&cp_pageSiteProduct=MW&cp_userTags=&cp_sessionState=none, line 1: TypeError: cX.loadScript is not a function
JavaScript warning: https://cdn.gbqofs.com/sv/b/detector-bootstrap.min.js, line 0: Successfully compiled asm.js code (total compilation time 4ms)
JavaScript warning: https://pagead2.googlesyndication.com/bg/pyMTr0nkmN6cL6IgtDyOeR9sHSfyHchE6TDXG14OT6s.js line 2 > eval line 2950 > eval line 1 > eval line 1 > eval, line 1: WEBGL_debug_renderer_info is deprecated in Firefox and will be removed. Please use RENDERER.
JavaScript warning: https://pagead2.googlesyndication.com/bg/pyMTr0nkmN6cL6IgtDyOeR9sHSfyHchE6TDXG14OT6s.js line 2 > eval line 480 > eval line 1 > eval line 1 > eval, line 1: WEBGL_debug_renderer_info is deprecated in Firefox and will be removed. Please use RENDERER.
JavaScript warning: https://pagead2.googlesyndication.com/bg/pyMTr0nkmN6cL6IgtDyOeR9sHSfyHchE6TDXG14OT6s.js line 2 > eval line 2076 > eval line 1 > eval line 1 > eval, line 1: WEBGL_debug_renderer_info is deprecated in Firefox and will be removed. Please use RENDERER.
JavaScript warning: https://cdn.gbqofs.com/sv/b/detector-bootstrap.min.js, line 0: Successfully compiled asm.js code (total compilation time 3ms)
JavaScript warning: https://pagead2.googlesyndication.com/bg/pyMTr0nkmN6cL6IgtDyOeR9sHSfyHchE6TDXG14OT6s.js line 2 > eval line 3400 > eval line 1 > eval line 1 > eval, line 1: WEBGL_debug_renderer_info is deprecated in Firefox and will be removed. Please use RENDERER.
JavaScript warning: https://pagead2.googlesyndication.com/bg/pyMTr0nkmN6cL6IgtDyOeR9sHSfyHchE6TDXG14OT6s.js line 2 > eval line 3948 > eval line 1 > eval line 1 > eval, line 1: WEBGL_debug_renderer_info is deprecated in Firefox and will be removed. Please use RENDERER.
JavaScript warning: https://cdn.cxense.com/cx.js, line 6: Script terminated by timeout at:
$n@https://cdn.cxense.com/cx.js:6:40546
aa/<@https://cdn.cxense.com/cx.js:6:70739
aa@https://cdn.cxense.com/cx.js:6:70831
ua/<@https://cdn.cxense.com/cx.js:6:70926

JavaScript warning: https://gum.criteo.com/syncframe?origin=criteoPrebidAdapter&topUrl=www.dev.marketwatch.com&us_privacy=1YNN&gpp=DBABRg~BVoAACA&gpp_sid=9#{%22bundle%22:%22MI9pKF9mU21JaldYbEYzUXdpNFRQc2tpRkpPdWFzN2Qwd1FJM09LTEpOdlRzNnpVTDRSUUN1RFNwM2dnRkwxYjVxa0dPdk43Qnhlb2F3WkZIJTJCcTQxNWthZzIlMkJuMSUyRmQ4UVZ0MTZZclI3aHMlMkJabjBvV0o3RyUyRmFJNjRpOFRFelJMNkNnRG13NExaeUJVUVpScFNPeWRwbTFidHpnJTNEJTNE%22,%22cw%22:true,%22lsw%22:true,%22origin%22:%22criteoPrebidAdapter%22,%22requestId%22:%220.3684379004985142%22,%22tld%22:%22www.dev.marketwatch.com%22,%22topUrl%22:%22www.dev.marketwatch.com%22,%22version%22:%229_12_0%22}, line 13: Script terminated by timeout at:
r.prototype.flushEventQueue@https://gum.criteo.com/syncframe?origin=criteoPrebidAdapter&topUrl=www.dev.marketwatch.com&us_privacy=1YNN&gpp=DBABRg~BVoAACA&gpp_sid=9#{%22bundle%22:%22MI9pKF9mU21JaldYbEYzUXdpNFRQc2tpRkpPdWFzN2Qwd1FJM09LTEpOdlRzNnpVTDRSUUN1RFNwM2dnRkwxYjVxa0dPdk43Qnhlb2F3WkZIJTJCcTQxNWthZzIlMkJuMSUyRmQ4UVZ0MTZZclI3aHMlMkJabjBvV0o3RyUyRmFJNjRpOFRFelJMNkNnRG13NExaeUJVUVpScFNPeWRwbTFidHpnJTNEJTNE%22,%22cw%22:true,%22lsw%22:true,%22origin%22:%22criteoPrebidAdapter%22,%22requestId%22:%220.3684379004985142%22,%22tld%22:%22www.dev.marketwatch.com%22,%22topUrl%22:%22www.dev.marketwatch.com%22,%22version%22:%229_12_0%22}:13:3137
r/<@https://gum.criteo.com/syncframe?origin=criteoPrebidAdapter&topUrl=www.dev.marketwatch.com&us_privacy=1YNN&gpp=DBABRg~BVoAACA&gpp_sid=9#{%22bundle%22:%22MI9pKF9mU21JaldYbEYzUXdpNFRQc2tpRkpPdWFzN2Qwd1FJM09LTEpOdlRzNnpVTDRSUUN1RFNwM2dnRkwxYjVxa0dPdk43Qnhlb2F3WkZIJTJCcTQxNWthZzIlMkJuMSUyRmQ4UVZ0MTZZclI3aHMlMkJabjBvV0o3RyUyRmFJNjRpOFRFelJMNkNnRG13NExaeUJVUVpScFNPeWRwbTFidHpnJTNEJTNE%22,%22cw%22:true,%22lsw%22:true,%22origin%22:%22criteoPrebidAdapter%22,%22requestId%22:%220.3684379004985142%22,%22tld%22:%22www.dev.marketwatch.com%22,%22topUrl%22:%22www.dev.marketwatch.com%22,%22version%22:%229_12_0%22}:13:3642

JavaScript warning: https://fpt.live.com/?session_id=3e4eeafbf3034fc2ae4f8ef279eaa35f&CustomerId=33e01921-4d64-4f8c-a055-5bdaffd5e33d&PageId=SI, line 5: WEBGL_debug_renderer_info is deprecated in Firefox and will be removed. Please use RENDERER.
console.warn: LoginRecipes: "Falling back to a synchronous message for: https://login.live.com."
console.warn: LoginRecipes: "Falling back to a synchronous message for: https://login.live.com."
console.error: ({})
1735285908263	Marionette	INFO	Stopped listening on port 61047
Dynamically enable window occlusion 1
