1739092745765	geckodriver	INFO	Listening on 127.0.0.1:51038
1739092749126	mozrunner::runner	INFO	Running command: "C:\\Program Files\\Mozilla Firefox\\firefox.exe" "--marionette" "--remote-debugging-port" "51039" "--remote-allow-hosts" "localhost" "-no-remote" "-profile" "D:\\Users\\sasikumarj\\AppData\\Local\\Temp\\rust_mozprofile5YFcLR"
console.warn: services.settings: Ignoring preference override of remote settings server
console.warn: services.settings: Allow by setting MOZ_REMOTE_SETTINGS_DEVTOOLS=1 in the environment
Dynamically enable window occlusion 0
1739092749807	Marionette	INFO	Marionette enabled
1739092750104	Marionette	INFO	Listening on port 51140
WebDriver BiDi listening on ws://127.0.0.1:51039
Read port: 51140
console.error: Policies: 
  Download failed - ERROR_CORRUPT_FILE - file://C:\Program Files\Snow Software\Inventory\Agent\FFCloudmetering.xpi
1739092750510	RemoteAgent	WARN	TLS certificate errors will be ignored for this session
DevTools listening on ws://127.0.0.1:51039/devtools/browser/660a6d91-6a05-4b64-9a8c-33b2585d2cc9
[GFX1-]: CompositorBridgeChild receives IPC close with reason=AbnormalShutdown
[GFX1-]:[GFX1-]: CompositorBridgeChild recei[Gves FX1-]: CompositorIBPC closridgeCehild receives IPC close with reason=AbnormalShutdown
 CompositorBridgeChild receives IPC close with reason=AbnormalShutdown
[GFX1-]: CompositorBridgeChild receives IPC close with reason=AbnormalShutdown
 with reason=AbnormalShutdown
Exiting due to channel error.
Exiting due to channel error.
Exiting due to channel error.
