1739084086849	geckodriver	INFO	Listening on 127.0.0.1:50125
1739084089887	mozrunner::runner	INFO	Running command: "C:\\Program Files\\Mozilla Firefox\\firefox.exe" "--marionette" "--remote-debugging-port" "50126" "--remote-allow-hosts" "localhost" "-no-remote" "-profile" "D:\\Users\\sasikumarj\\AppData\\Local\\Temp\\rust_mozprofileDYM6xl"
console.warn: services.settings: Ignoring preference override of remote settings server
console.warn: services.settings: Allow by setting MOZ_REMOTE_SETTINGS_DEVTOOLS=1 in the environment
Dynamically enable window occlusion 0
1739084090518	Marionette	INFO	Marionette enabled
1739084090774	Marionette	INFO	Listening on port 50137
WebDriver BiDi listening on ws://127.0.0.1:50126
Read port: 50137
console.error: Policies: 
  Download failed - ERROR_CORRUPT_FILE - file://C:\Program Files\Snow Software\Inventory\Agent\FFCloudmetering.xpi
1739084091043	RemoteAgent	WARN	TLS certificate errors will be ignored for this session
DevTools listening on ws://127.0.0.1:50126/devtools/browser/9faef075-9aff-437e-a852-985a20c93337
JavaScript error: https://cdn.cxense.com/sp1.html#ver=2.8.90&typ=pgv&rnd=m6x9rqb9m8qy8mkz&sid=1139592114930554183&loc=https%3A%2F%2Fwww.fnlondon.com%2Farticles%2Fcomplaints-commissioner-fca-transparency-20220615&new=1&arf=0&ltm=1739084098299&ref=&tzo=-330&wsz=1280x595&res=1280x720&dpr=1&col=24&bln=en-US&chs=UTF-8&cks=m6x9rqeg74llqr9k&ckp=m6x9rqb92kp3x1n6&glb=&amo=1677944280&cp_userState=anon&cp_testGroup=79&cp_topDomain=fnlondon.com&cp_pwTag=default&cp_pwPlacement=cx-snippetad&cp_pwCampaign=6&cp_type=Politics&cp_template=preview&cp_access=paid&cp_section=Politics&cp_subsection=Politics&cp_cms_name=Wordpress&cp_subscriber=nonsubscriber&cp_edition=naus&cp_bucket=6&cp_ab_bucket=26&cp_pageContentSource=FN%20London&cp_pageContentType=Article&cp_pageContentTypeDetai=article&cp_pageSiteProduct=FN&cp_userTags=&cp_sessionState=none, line 1: TypeError: cX.loadScript is not a function
JavaScript warning: https://pagead2.googlesyndication.com/bg/vbSiC3rXZjPvfLONVMSWfstygVHLPM3jd4I4vl9RjYk.js line 2 > eval line 665 > eval line 1 > eval line 1 > eval, line 1: WEBGL_debug_renderer_info is deprecated in Firefox and will be removed. Please use RENDERER.
JavaScript warning: https://www.fnlondon.com/articles/complaints-commissioner-fca-transparency-20220615, line 306: Script terminated by timeout at:
nrWrapper@https://www.fnlondon.com/articles/complaints-commissioner-fca-transparency-20220615:306:17609

JavaScript warning: https://fpt.live.com/?session_id=6cd30a6ee8b542a783f59e90f07599f1&CustomerId=33e01921-4d64-4f8c-a055-5bdaffd5e33d&PageId=SI, line 5: WEBGL_debug_renderer_info is deprecated in Firefox and will be removed. Please use RENDERER.
console.warn: LoginRecipes: "Falling back to a synchronous message for: https://login.live.com."
console.warn: LoginRecipes: "Falling back to a synchronous message for: https://login.live.com."
console.error: ({})
1739084123892	Marionette	WARN	Ignoring event 'DOMContentLoaded' because document has an invalid readyState of 'complete'.
JavaScript warning: https://res-1.cdn.office.net/midgard/versionless/livepersonacard_without-react_44cd24035cb31cfc94c2.js, line 2: unreachable code after return statement
JavaScript warning: https://cdn.adnxs.com/v/s/247/trk.js, line 8: Script terminated by timeout at:
zn@https://cdn.adnxs.com/v/s/247/trk.js:8:15
_.B@https://cdn.adnxs.com/v/s/247/trk.js:560:3283
_.C@https://cdn.adnxs.com/v/s/247/trk.js:560:1376
md/<@https://cdn.adnxs.com/v/s/247/trk.js:560:5629

1739084144296	Marionette	INFO	Stopped listening on port 50137
JavaScript warning: https://res.public.onecdn.static.microsoft/owamail/hashed-v1/scripts/owa.JquerySignalR.m.29b5b166.js, line 1: Script terminated by timeout at:
l@https://res.public.onecdn.static.microsoft/owamail/hashed-v1/scripts/owa.JquerySignalR.m.29b5b166.js:1:6082
log@https://res.public.onecdn.static.microsoft/owamail/hashed-v1/scripts/owa.JquerySignalR.m.29b5b166.js:1:18139
stop@https://res.public.onecdn.static.microsoft/owamail/hashed-v1/scripts/owa.JquerySignalR.m.29b5b166.js:1:17423
366872/eR/h.stop@https://res.public.onecdn.static.microsoft/owamail/hashed-v1/scripts/owa.Notification.m.3cb64170.js:1:55030
249580/start/l/</</<@https://res.public.onecdn.static.microsoft/owamail/hashed-v1/scripts/owa.JquerySignalR.m.29b5b166.js:1:12963

Dynamically enable window occlusion 1
JavaScript error: resource://devtools/client/jsonview/Sniffer.sys.mjs, line 53: NS_ERROR_NOT_AVAILABLE: Component returned failure code: 0x80040111 (NS_ERROR_NOT_AVAILABLE) [nsIChannel.contentType]
JavaScript error: , line 0: NetworkError: AutoCancel
JavaScript error: , line 0: NetworkError: AutoCancel
JavaScript error: , line 0: NetworkError: AutoCancel
JavaScript error: , line 0: NetworkError: AutoCancel
JavaScript error: , line 0: NetworkError: FetchEvent.respondWith() Promise rejected
JavaScript error: , line 0: TypeError: NetworkError when attempting to fetch resource.
JavaScript error: , line 0: TypeError: NetworkError when attempting to fetch resource.
JavaScript error: , line 0: AbortError: The operation was aborted. 
JavaScript error: , line 0: AbortError: The operation was aborted. 
JavaScript error: , line 0: AbortError: The operation was aborted. 
