1729835604167	geckodriver	INFO	Listening on 127.0.0.1:62853
1729835607192	mozrunner::runner	INFO	Running command: "C:\\Program Files\\Mozilla Firefox\\firefox.exe" "--marionette" "--remote-debugging-port" "62854" "--remote-allow-hosts" "localhost" "-no-remote" "-profile" "D:\\Users\\sasikumarj\\AppData\\Local\\Temp\\rust_mozprofilez7P9os"
console.warn: services.settings: Ignoring preference override of remote settings server
console.warn: services.settings: Allow by setting MOZ_REMOTE_SETTINGS_DEVTOOLS=1 in the environment
Dynamically enable window occlusion 0
1729835607902	Marionette	INFO	Marionette enabled
1729835608195	Marionette	INFO	Listening on port 62861
WebDriver BiDi listening on ws://127.0.0.1:62854
Read port: 62861
1729835608458	RemoteAgent	WARN	TLS certificate errors will be ignored for this session
DevTools listening on ws://127.0.0.1:62854/devtools/browser/7628c2bd-cd4b-43cd-8a60-0ed78354731b
JavaScript error: https://cdn.cxense.com/sp1.html#ver=2.8.82&typ=pgv&rnd=m2obgocoqfp4yg6q&sid=1144071410389139719&loc=https%3A%2F%2Fwww.s.dev.mansionglobal.com%2F&new=1&arf=0&ltm=1729835616851&ref=&tzo=-330&wsz=1278x497&res=1278x622&dpr=1&col=24&bln=en-US&chs=UTF-8&cks=m2obgof5k8bgjdi2&ckp=m2obgocopxim2f8o&glb=&cp_userState=anon&cp_testGroup=63&cp_env=staging&cp_topDomain=mansionglobal.com&cp_template=full&cp_access=free&cp_section=Home&cp_subsection=&cp_cms_name=CMS%20Wordpress&cp_subscriber=nonsubscriber&cp_edition=naus&cp_bucket=1&cp_ab_bucket=21&cp_pageContentSource=Mansion%20Global&cp_pageContentType=Home&cp_pageContentTypeDetai=default&cp_pageSiteProduct=MG&cp_userTags=&cp_sessionState=none, line 1: TypeError: cX.loadScript is not a function
JavaScript warning: https://cdn.cxense.com/cx.js, line 6: Script terminated by timeout at:
eo@https://cdn.cxense.com/cx.js:6:53145
aa@https://cdn.cxense.com/cx.js:6:70471
ua/<@https://cdn.cxense.com/cx.js:6:70932

JavaScript warning: https://imasdk.googleapis.com/js/core/bridge3.674.1_en.html#goog_1321092911, line 450: Script terminated by timeout at:
cC@https://imasdk.googleapis.com/js/core/bridge3.674.1_en.html#goog_1321092911:450:275
fC/this.aa@https://imasdk.googleapis.com/js/core/bridge3.674.1_en.html#goog_1321092911:447:342

console.warn: LoginRecipes: "Falling back to a synchronous message for: https://sso.int.accounts.dowjones.com."
console.warn: LoginRecipes: "Falling back to a synchronous message for: https://sso.int.accounts.dowjones.com."
console.warn: LoginRecipes: "Falling back to a synchronous message for: https://sso.int.accounts.dowjones.com."
console.warn: LoginRecipes: "Falling back to a synchronous message for: https://sso.int.accounts.dowjones.com."
JavaScript warning: https://www.googletagmanager.com/gtag/js?id=G-GJ5S1GJYKT, line 224: Script terminated by timeout at:
e@https://www.googletagmanager.com/gtag/js?id=G-GJ5S1GJYKT:224:60
f@https://www.googletagmanager.com/gtag/js?id=G-GJ5S1GJYKT:224:297
dd@https://www.googletagmanager.com/gtag/js?id=G-GJ5S1GJYKT:226:79
r@https://www.googletagmanager.com/gtag/js?id=G-GJ5S1GJYKT:222:1781
QA@https://www.googletagmanager.com/gtag/js?id=G-GJ5S1GJYKT:594:149
OA/</<@https://www.googletagmanager.com/gtag/js?id=G-GJ5S1GJYKT:592:187
z@https://www.googletagmanager.com/gtag/js?id=G-GJ5S1GJYKT:200:203
OA/<@https://www.googletagmanager.com/gtag/js?id=G-GJ5S1GJYKT:592:167
z@https://www.googletagmanager.com/gtag/js?id=G-GJ5S1GJYKT:200:203
OA@https://www.googletagmanager.com/gtag/js?id=G-GJ5S1GJYKT:592:134
PA/<@https://www.googletagmanager.com/gtag/js?id=G-GJ5S1GJYKT:592:111

JavaScript error: https://www.s.dev.mansionglobal.com/follow?alert=author&id=8686_MG&frequency=realtime, line 256: TypeError: window.__ace is not a function
JavaScript error: https://aswpsdkus.com/notify/v1/ua-sdk.min.js, line 1: Error: Notification permission is denied.
JavaScript error: https://www.s.dev.mansionglobal.com/follow, line 256: TypeError: window.__ace is not a function
JavaScript error: https://aswpsdkus.com/notify/v1/ua-sdk.min.js, line 1: Error: Notification permission is denied.
JavaScript error: https://www.s.dev.mansionglobal.com/follow?alert=company&fcode=AMZCOM, line 256: TypeError: window.__ace is not a function
JavaScript error: https://aswpsdkus.com/notify/v1/ua-sdk.min.js, line 1: Error: Notification permission is denied.
1729835839622	Marionette	INFO	Stopped listening on port 62861
Dynamically enable window occlusion 1
