1739267482926	geckodriver	INFO	Listening on 127.0.0.1:54011
1739267486018	mozrunner::runner	INFO	Running command: "C:\\Program Files\\Mozilla Firefox\\firefox.exe" "--marionette" "--remote-debugging-port" "54012" "--remote-allow-hosts" "localhost" "-no-remote" "-profile" "D:\\Users\\sasikumarj\\AppData\\Local\\Temp\\rust_mozprofilezuHXIr"
console.warn: services.settings: Ignoring preference override of remote settings server
console.warn: services.settings: Allow by setting MOZ_REMOTE_SETTINGS_DEVTOOLS=1 in the environment
Dynamically enable window occlusion 0
1739267486659	Marionette	INFO	Marionette enabled
1739267486929	Marionette	INFO	Listening on port 54053
Read port: 54053
WebDriver BiDi listening on ws://127.0.0.1:54012
1739267487102	RemoteAgent	WARN	TLS certificate errors will be ignored for this session
console.error: Policies: 
  Download failed - ERROR_CORRUPT_FILE - file://C:\Program Files\Snow Software\Inventory\Agent\FFCloudmetering.xpi
DevTools listening on ws://127.0.0.1:54012/devtools/browser/f1122279-233e-4617-a541-e6086b4f00bc
JavaScript warning: https://cdn.gbqofs.com/sv/b/detector-bootstrap.min.js, line 0: Successfully compiled asm.js code (total compilation time 9ms)
JavaScript error: https://cdn.cxense.com/sp1.html#ver=2.8.90&typ=pgv&rnd=m70ayjq1wqpuvdkj&sid=9222325317970825873&loc=https%3A%2F%2Fwww.marketwatch.com%2F&new=1&arf=0&ltm=1739267494508&ref=&tzo=-330&wsz=1280x595&res=1280x720&dpr=1&col=24&bln=en-US&chs=UTF-8&cks=m70ayjwyim4e3yad&ckp=m70ayjq144ywudtz&glb=&cp_userState=anon&cp_testGroup=23&cp_topDomain=marketwatch.com&cp_template=full&cp_access=free&cp_section=Home%20Page&cp_cms_name=Peavey&cp_subscriber=nonsubscriber&cp_edition=naus&cp_bucket=0&cp_ab_bucket=80&cp_pageContentSource=MarketWatch&cp_pageContentType=Home&cp_pageContentTypeDetai=default&cp_pageSiteProduct=MW&cp_userTags=&cp_sessionState=none, line 1: TypeError: cX.loadScript is not a function
JavaScript warning: https://pagead2.googlesyndication.com/bg/VPXMjhhSnF_0w04UBhtYgswssitSTY9737JJt5i4JB8.js line 2 > eval line 3827 > eval line 1 > eval line 1 > eval, line 1: WEBGL_debug_renderer_info is deprecated in Firefox and will be removed. Please use RENDERER.
JavaScript warning: https://www.marketwatch.com/, line 5834: Script terminated by timeout at:
i@https://www.marketwatch.com/:5834:4047

JavaScript warning: https://pagead2.googlesyndication.com/pagead/managed/js/activeview/current/ufs_web_display.js, line 13: Script terminated by timeout at:
C@https://pagead2.googlesyndication.com/pagead/managed/js/activeview/current/ufs_web_display.js:13:325
h@https://pagead2.googlesyndication.com/pagead/managed/js/activeview/current/ufs_web_display.js:93:449

console.warn: LoginRecipes: "Falling back to a synchronous message for: https://sso.accounts.dowjones.com."
console.warn: LoginRecipes: "Falling back to a synchronous message for: https://sso.accounts.dowjones.com."
JavaScript warning: https://cdn.gbqofs.com/sv/b/detector-bootstrap.min.js, line 0: Successfully compiled asm.js code (total compilation time 4ms)
JavaScript warning: https://cdn.gbqofs.com/sv/b/detector-bootstrap.min.js, line 0: Successfully compiled asm.js code (total compilation time 2ms)
1739267711064	Marionette	INFO	Stopped listening on port 54053
JavaScript warning: https://www.marketwatch.com/newsletters?mod=followUI, line 213: Script terminated by timeout at:
nrWrapper@https://www.marketwatch.com/newsletters?mod=followUI:213:17609

Dynamically enable window occlusion 1
