1739029756891	geckodriver	INFO	Listening on 127.0.0.1:57292
1739029759948	mozrunner::runner	INFO	Running command: "C:\\Program Files\\Mozilla Firefox\\firefox.exe" "--marionette" "--remote-debugging-port" "57293" "--remote-allow-hosts" "localhost" "-no-remote" "-profile" "D:\\Users\\sasikumarj\\AppData\\Local\\Temp\\rust_mozprofileJB3jiX"
console.warn: services.settings: Ignoring preference override of remote settings server
console.warn: services.settings: Allow by setting MOZ_REMOTE_SETTINGS_DEVTOOLS=1 in the environment
Dynamically enable window occlusion 0
1739029760628	Marionette	INFO	Marionette enabled
1739029761007	Marionette	INFO	Listening on port 57305
Read port: 57305
WebDriver BiDi listening on ws://127.0.0.1:57293
1739029761149	RemoteAgent	WARN	TLS certificate errors will be ignored for this session
console.error: Policies: 
  Download failed - ERROR_CORRUPT_FILE - file://C:\Program Files\Snow Software\Inventory\Agent\FFCloudmetering.xpi
DevTools listening on ws://127.0.0.1:57293/devtools/browser/0e77fc8b-7e0b-46b1-aedb-c837cd41a41c
JavaScript warning: https://pagead2.googlesyndication.com/bg/vbSiC3rXZjPvfLONVMSWfstygVHLPM3jd4I4vl9RjYk.js line 2 > eval line 2332 > eval line 1 > eval line 1 > eval, line 1: WEBGL_debug_renderer_info is deprecated in Firefox and will be removed. Please use RENDERER.
JavaScript warning: https://www.fnlondon.com/articles/complaints-commissioner-fca-transparency-20220615, line 306: Script terminated by timeout at:
i@https://www.fnlondon.com/articles/complaints-commissioner-fca-transparency-20220615:306:10634
Ne/<@https://www.fnlondon.com/articles/complaints-commissioner-fca-transparency-20220615:306:47733
emit@https://www.fnlondon.com/articles/complaints-commissioner-fca-transparency-20220615:306:9618
i@https://www.fnlondon.com/articles/complaints-commissioner-fca-transparency-20220615:306:17892
nrWrapper@https://www.fnlondon.com/articles/complaints-commissioner-fca-transparency-20220615:306:17819

console.warn: LoginRecipes: "Falling back to a synchronous message for: https://sso.accounts.dowjones.com."
console.warn: LoginRecipes: "Falling back to a synchronous message for: https://sso.accounts.dowjones.com."
JavaScript warning: https://sso.accounts.dowjones.com/datadome/tags.js, line 2: Script terminated by timeout at:
@https://sso.accounts.dowjones.com/datadome/tags.js:2:161129

console.error: ({})
console.error: ({})
console.error: ({})
console.warn: WindowsJumpLists: "Failed to fetch favicon for " "https://www.fnlondon.com/follow" ({})
console.warn: WindowsJumpLists: "Failed to fetch favicon for " "https://www.fnlondon.com/follow?alert=author&id=9004_FN&frequency=realtime" ({})
console.warn: WindowsJumpLists: "Failed to fetch favicon for " "https://www.fnlondon.com/follow?alert=company&fcode=BLAMAN" ({})
console.warn: WindowsJumpLists: "Failed to fetch favicon for " "https://www.fnlondon.com/follow?alert=company&fcode=AMZCOM" ({})
1739029882982	Marionette	INFO	Stopped listening on port 57305
Dynamically enable window occlusion 1
