
13:35:06 [browserstack_sdk.__init__][INFO] - Project and debug logs are captured by default. To disable, set disableAutoCaptureLogs: true in config.

13:35:07 [browserstack_sdk.__init__][INFO] - Setting up for Browserstack, using framework: robot
==============================================================================
Userservices-Qa-Automation                                                    
==============================================================================
Userservices-Qa-Automation.Panda-Qa                                           
==============================================================================
Userservices-Qa-Automation.Panda-Qa.Tests                                     
==============================================================================
Userservices-Qa-Automation.Panda-Qa.Tests.FollowWidget                        
==============================================================================
Userservices-Qa-Automation.Panda-Qa.Tests.FollowWidget.Regression             
==============================================================================
Userservices-Qa-Automation.Panda-Qa.Tests.FollowWidget.Regression.Barrons R...
==============================================================================
Validate the multiple authors follow button from articles page :: ... 
13:35:09 [browserstack_sdk.__init__][INFO] - Completed setup!
| PASS |
------------------------------------------------------------------------------
Validate the Barrons Preference Center page :: This test case vali... 
13:36:37 [browserstack_sdk.__init__][INFO] - Completed setup!

13:37:16 [browserstack_sdk.__init__][INFO] - Completed setup!
| PASS |
------------------------------------------------------------------------------
Validate the Barrons Preference Center page watchlist logout :: Th... 
13:39:14 [browserstack_sdk.__init__][INFO] - Completed setup!

13:39:41 [browserstack_sdk.__init__][INFO] - Completed setup!
| PASS |
------------------------------------------------------------------------------
Validate the Barrons Preference Center page :: This test case vali... 
13:41:06 [browserstack_sdk.__init__][INFO] - Completed setup!
| FAIL |
Setup failed:
TimeoutException: Message: A script did not complete before its timeout expired.
------------------------------------------------------------------------------
Validate Authors for Barrons Article page without byline :: This t... 
13:41:45 [browserstack_sdk.__init__][INFO] - Completed setup!

13:43:21 [browserstack_sdk.__init__][INFO] - Completed setup!
| PASS |
------------------------------------------------------------------------------
Validate the Watchlist widget from Watchlist page :: This test cas... 
13:44:05 [browserstack_sdk.__init__][INFO] - Completed setup!
| FAIL |
Element with locator '//div[text()="MSFT"]' not found.
------------------------------------------------------------------------------
Validate the Watchlist widget from Watchlist :: This test case val... 
13:46:35 [browserstack_sdk.__init__][INFO] - Completed setup!
| FAIL |
Setup failed:
TimeoutException: Message: A script did not complete before its timeout expired.
------------------------------------------------------------------------------
Validate the Watchlist widget from Watchlist :: This test case val... 
13:47:42 [browserstack_sdk.__init__][INFO] - Completed setup!
| FAIL |
Element with locator '//div[text()="MSFT"]' not found.
------------------------------------------------------------------------------
Validate the Watchlist widget from Watchlist :: This test case val... 
13:50:07 [browserstack_sdk.__init__][INFO] - Completed setup!

13:50:59 [browserstack_sdk.__init__][INFO] - Completed setup!
| FAIL |
Element '//html/body/div[3]/div/div/header/div/div[1]/div[3]/div/a' not visible after 5 seconds.
------------------------------------------------------------------------------
Validate the Watchlist widget from Quotes page :: This test case v... 
13:54:30 [browserstack_sdk.__init__][INFO] - Completed setup!
| FAIL |
Element '//html/body/div[3]/div/div/header/div/div[1]/div[3]/div/a' not visible after 5 seconds.
------------------------------------------------------------------------------
Validate the Watchlist widget from Market Data page :: This test c... 
13:57:58 [browserstack_sdk.__init__][INFO] - Completed setup!
| FAIL |
WebDriverException: Message: Session not started or terminated
------------------------------------------------------------------------------
Validate the Watchlist widget from Market Data page :: This test c... 
13:59:10 [browserstack_sdk.__init__][INFO] - Completed setup!
| FAIL |
WebDriverException: Message: Session not started or terminated
------------------------------------------------------------------------------
Validate the Barrons digest notification :: This test case validat... 
14:00:14 [browserstack_sdk.__init__][INFO] - Completed setup!
| PASS |
------------------------------------------------------------------------------
Validate the Barrons real-time author notification :: This test ca... 
14:02:21 [browserstack_sdk.__init__][INFO] - Completed setup!
| PASS |
------------------------------------------------------------------------------
Validate the Barrons real-time company notification :: This test c... 
14:04:06 [browserstack_sdk.__init__][INFO] - Completed setup!
| PASS |
------------------------------------------------------------------------------
Validate the Barrons real-time stock picks notification :: This te... 
14:05:31 [browserstack_sdk.__init__][INFO] - Completed setup!
| PASS |
------------------------------------------------------------------------------
Validate Postback on Preference Center :: This test case validates... 
14:06:58 [browserstack_sdk.__init__][INFO] - Completed setup!
| FAIL |
WebDriverException: Message: Session not started or terminated
------------------------------------------------------------------------------
Userservices-Qa-Automation.Panda-Qa.Tests.FollowWidget.Regression.... | FAIL |
17 tests, 8 passed, 9 failed
==============================================================================
Userservices-Qa-Automation.Panda-Qa.Tests.FollowWidget.Regression     | FAIL |
17 tests, 8 passed, 9 failed
==============================================================================
Userservices-Qa-Automation.Panda-Qa.Tests.FollowWidget                | FAIL |
17 tests, 8 passed, 9 failed
==============================================================================
Userservices-Qa-Automation.Panda-Qa.Tests                             | FAIL |
17 tests, 8 passed, 9 failed
==============================================================================
Userservices-Qa-Automation.Panda-Qa                                   | FAIL |
17 tests, 8 passed, 9 failed
==============================================================================
Userservices-Qa-Automation                                            | FAIL |
17 tests, 8 passed, 9 failed
==============================================================================
Output:  D:\Users\sasikumarj\PycharmProjects\userservices-qa-automation\resultspabot\pabot_results\5\output.xml

14:08:05 [browserstack_sdk.__init__][INFO] - Handling session close

14:08:09 [browserstack_sdk.__init__][INFO] - All done!
